ENABLE_FILE_STATS in con
ENABLE_FILE_STATS in con
RocksDB:    version 6.20
Date:       Thu Aug 11 09:14:22 2022
CPU:        48 * AMD EPYC 7402P 24-Core Processor
CPUCache:   512 KB
Initializing RocksDB Options from the specified file
Initializing RocksDB Options from command-line flags
Keys:       1000 bytes each (+ 0 bytes user-defined timestamp)
Values:     4096 bytes each (2048 bytes after compression)
Entries:    2000000
Prefix:    0 bytes
Keys per prefix:    0
RawSize:    9719.8 MB (estimated)
FileSize:   5813.6 MB (estimated)
Write rate: 0 bytes/second
Read rate: 0 ops/second
Compression: Snappy
Compression sampling rate: 0
Memtablerep: skip_list
Perf Level: 1
------------------------------------------------
DB path: [/users/kannan11/ssd/sudarsun/prefetching/appbench/apps/rocksdb/DATA]
readreverse  : 1267670.000 micros/op 12 ops/sec;
DESTRUCTOR GETTING CALLED 
PRINT_GLOBAL_STATS in dest
	Command being timed: "./db_bench --db=/users/kannan11/ssd/sudarsun/prefetching/appbench/apps/rocksdb/DATA --value_size=4096 --wal_dir=/users/kannan11/ssd/sudarsun/prefetching/appbench/apps/rocksdb/DATA/WAL_LOG --sync=0 --key_size=1000 --write_buffer_size=67108864 --num=2000000 --benchmarks=readreverse --use_existing_db=1 --mmap_read=0 --threads=16"
	User time (seconds): 0.02
	System time (seconds): 0.31
	Percent of CPU this job got: 32%
	Elapsed (wall clock) time (h:mm:ss or m:ss): 0:01.03
	Average shared text size (kbytes): 0
	Average unshared data size (kbytes): 0
	Average stack size (kbytes): 0
	Average total size (kbytes): 0
	Maximum resident set size (kbytes): 275388
	Average resident set size (kbytes): 0
	Major (requiring I/O) page faults: 79
	Minor (reclaiming a frame) page faults: 75695
	Voluntary context switches: 847
	Involuntary context switches: 13
	Swaps: 0
	File system inputs: 711144
	File system outputs: 216
	Socket messages sent: 0
	Socket messages received: 0
	Signals delivered: 0
	Page size (bytes): 4096
	Exit status: 0
DESTRUCTOR GETTING CALLED 
PRINT_GLOBAL_STATS in dest
[62147.244345] free_cross_bitmap: releasing mem for inode with i_count 2
[62147.253686] free_cross_bitmap: releasing mem for inode with i_count 2
[62147.262809] free_cross_bitmap: releasing mem for inode with i_count 2
[62147.271902] free_cross_bitmap: releasing mem for inode with i_count 2
[62147.280999] free_cross_bitmap: releasing mem for inode with i_count 2
[62147.291442] free_cross_bitmap: releasing mem for inode with i_count 2
[62147.300543] free_cross_bitmap: releasing mem for inode with i_count 2
[62147.309805] free_cross_bitmap: releasing mem for inode with i_count 2
[62147.319188] free_cross_bitmap: releasing mem for inode with i_count 2
[62147.326772] sh (27268): drop_caches: 3
[62147.359750] sh (27282): drop_caches: 3
[62152.386524] Enabled file stats for time:27289
[62152.386734] write_proc: Value of write = 1
[62152.392644] Enabled file stats for db_bench:27298
[62152.392841] write_proc: Value of write = 1
[62152.411143] alloc_cross_bitmap: preallocate 268435456 pg, nr_longs=4194304 in 12 millisec
[62152.411881] alloc_cross_bitmap: preallocate 268435456 pg, nr_longs=4194304 in 12 millisec
[62152.411979] alloc_cross_bitmap: preallocate 268435456 pg, nr_longs=4194304 in 8 millisec
[62152.412282] alloc_cross_bitmap: preallocate 268435456 pg, nr_longs=4194304 in 8 millisec
[62152.412304] alloc_cross_bitmap: preallocate 268435456 pg, nr_longs=4194304 in 8 millisec
[62152.412904] alloc_cross_bitmap: preallocate 268435456 pg, nr_longs=4194304 in 8 millisec
[62152.413038] alloc_cross_bitmap: preallocate 268435456 pg, nr_longs=4194304 in 8 millisec
[62152.413138] alloc_cross_bitmap: preallocate 268435456 pg, nr_longs=4194304 in 8 millisec
[62152.413198] alloc_cross_bitmap: preallocate 268435456 pg, nr_longs=4194304 in 8 millisec
[62153.422124] write_proc: Value of write = 0
[62153.422147] __do_sys_start_cross_trace: PRINT_GLOBAL_STATS 
[62153.422149] Final GlobalReport: nr_pages_read:14939242913, nr_pages_hit:14652065125, nr_do_read_fault:7706968, nr_pages_miss:104104581
[62153.422224] FinalTaskReport: db_bench:27298 - ra_orig_nr_pages:0, ra_final_nr_pages:0
                                        async_pages:1020, final_async_pages:1141
                                        full_pfetches:0, less256_pfetches:0, partial_pfetches:0
                                        failed_pfetches:0, total_pfetches:0, os_pfetches:60
                                        nr_pages_read:188, nr_pages_hit:18, nr_do_read_fault:160
[62153.425330] write_proc: Value of write = 0
[62153.425347] __do_sys_start_cross_trace: PRINT_GLOBAL_STATS 
[62153.425349] Final GlobalReport: nr_pages_read:14939242913, nr_pages_hit:14652065125, nr_do_read_fault:7706975, nr_pages_miss:104104581
[62153.425391] FinalTaskReport: time:27289 - ra_orig_nr_pages:0, ra_final_nr_pages:0
                                        async_pages:0, final_async_pages:25
                                        full_pfetches:0, less256_pfetches:0, partial_pfetches:0
                                        failed_pfetches:0, total_pfetches:0, os_pfetches:1
                                        nr_pages_read:0, nr_pages_hit:0, nr_do_read_fault:17
