ENABLE_FILE_STATS in con
ENABLE_FILE_STATS in con
RocksDB:    version 6.20
Date:       Thu Aug 11 09:13:48 2022
CPU:        48 * AMD EPYC 7402P 24-Core Processor
CPUCache:   512 KB
Initializing RocksDB Options from the specified file
Initializing RocksDB Options from command-line flags
Keys:       1000 bytes each (+ 0 bytes user-defined timestamp)
Values:     4096 bytes each (2048 bytes after compression)
Entries:    2000000
Prefix:    0 bytes
Keys per prefix:    0
RawSize:    9719.8 MB (estimated)
FileSize:   5813.6 MB (estimated)
Write rate: 0 bytes/second
Read rate: 0 ops/second
Compression: Snappy
Compression sampling rate: 0
Memtablerep: skip_list
Perf Level: 1
------------------------------------------------
DB path: [/users/kannan11/ssd/sudarsun/prefetching/appbench/apps/rocksdb/DATA]
readreverse  :   10894.000 micros/op 1226 ops/sec;
DESTRUCTOR GETTING CALLED 
PRINT_GLOBAL_STATS in dest
	Command being timed: "./db_bench --db=/users/kannan11/ssd/sudarsun/prefetching/appbench/apps/rocksdb/DATA --value_size=4096 --wal_dir=/users/kannan11/ssd/sudarsun/prefetching/appbench/apps/rocksdb/DATA/WAL_LOG --sync=0 --key_size=1000 --write_buffer_size=67108864 --num=2000000 --benchmarks=readreverse --use_existing_db=1 --mmap_read=0 --threads=16"
	User time (seconds): 0.01
	System time (seconds): 0.29
	Percent of CPU this job got: 29%
	Elapsed (wall clock) time (h:mm:ss or m:ss): 0:01.06
	Average shared text size (kbytes): 0
	Average unshared data size (kbytes): 0
	Average stack size (kbytes): 0
	Average total size (kbytes): 0
	Maximum resident set size (kbytes): 309656
	Average resident set size (kbytes): 0
	Major (requiring I/O) page faults: 83
	Minor (reclaiming a frame) page faults: 75718
	Voluntary context switches: 525
	Involuntary context switches: 10
	Swaps: 0
	File system inputs: 17976
	File system outputs: 200
	Socket messages sent: 0
	Socket messages received: 0
	Signals delivered: 0
	Page size (bytes): 4096
	Exit status: 0
DESTRUCTOR GETTING CALLED 
PRINT_GLOBAL_STATS in dest
[62112.866338] free_cross_bitmap: releasing mem for inode with i_count 2
[62112.874185] free_cross_bitmap: releasing mem for inode with i_count 2
[62112.881489] free_cross_bitmap: releasing mem for inode with i_count 2
[62112.888779] free_cross_bitmap: releasing mem for inode with i_count 2
[62112.896086] free_cross_bitmap: releasing mem for inode with i_count 2
[62112.903380] free_cross_bitmap: releasing mem for inode with i_count 2
[62112.910627] free_cross_bitmap: releasing mem for inode with i_count 2
[62112.918120] free_cross_bitmap: releasing mem for inode with i_count 2
[62112.927327] free_cross_bitmap: releasing mem for inode with i_count 2
[62112.934806] sh (26809): drop_caches: 3
[62112.967534] sh (26823): drop_caches: 3
[62117.993960] Enabled file stats for time:26830
[62117.994165] write_proc: Value of write = 1
[62118.000054] Enabled file stats for db_bench:26839
[62118.000255] write_proc: Value of write = 1
[62118.040572] alloc_cross_bitmap: preallocate 268435456 pg, nr_longs=4194304 in 8 millisec
[62118.040577] alloc_cross_bitmap: preallocate 268435456 pg, nr_longs=4194304 in 8 millisec
[62118.040870] alloc_cross_bitmap: preallocate 268435456 pg, nr_longs=4194304 in 8 millisec
[62118.041155] alloc_cross_bitmap: preallocate 268435456 pg, nr_longs=4194304 in 8 millisec
[62118.041468] alloc_cross_bitmap: preallocate 268435456 pg, nr_longs=4194304 in 8 millisec
[62118.042900] alloc_cross_bitmap: preallocate 268435456 pg, nr_longs=4194304 in 12 millisec
[62118.042949] alloc_cross_bitmap: preallocate 268435456 pg, nr_longs=4194304 in 12 millisec
[62118.043057] alloc_cross_bitmap: preallocate 268435456 pg, nr_longs=4194304 in 12 millisec
[62118.043065] alloc_cross_bitmap: preallocate 268435456 pg, nr_longs=4194304 in 12 millisec
[62119.062366] write_proc: Value of write = 0
[62119.062380] __do_sys_start_cross_trace: PRINT_GLOBAL_STATS 
[62119.062382] Final GlobalReport: nr_pages_read:14939226393, nr_pages_hit:14652056097, nr_do_read_fault:7694631, nr_pages_miss:104104404
[62119.062424] FinalTaskReport: db_bench:26839 - ra_orig_nr_pages:0, ra_final_nr_pages:0
                                        async_pages:1084, final_async_pages:1210
                                        full_pfetches:0, less256_pfetches:0, partial_pfetches:0
                                        failed_pfetches:0, total_pfetches:0, os_pfetches:63
                                        nr_pages_read:188, nr_pages_hit:18, nr_do_read_fault:170
[62119.064645] write_proc: Value of write = 0
[62119.064659] __do_sys_start_cross_trace: PRINT_GLOBAL_STATS 
[62119.064660] Final GlobalReport: nr_pages_read:14939226393, nr_pages_hit:14652056097, nr_do_read_fault:7694639, nr_pages_miss:104104404
[62119.064697] FinalTaskReport: time:26830 - ra_orig_nr_pages:0, ra_final_nr_pages:0
                                        async_pages:0, final_async_pages:25
                                        full_pfetches:0, less256_pfetches:0, partial_pfetches:0
                                        failed_pfetches:0, total_pfetches:0, os_pfetches:1
                                        nr_pages_read:0, nr_pages_hit:0, nr_do_read_fault:17
