ENABLE_FILE_STATS in con
ENABLE_FILE_STATS in con
RocksDB:    version 6.20
Date:       Thu Aug 11 09:14:57 2022
CPU:        48 * AMD EPYC 7402P 24-Core Processor
CPUCache:   512 KB
Initializing RocksDB Options from the specified file
Initializing RocksDB Options from command-line flags
Keys:       1000 bytes each (+ 0 bytes user-defined timestamp)
Values:     4096 bytes each (2048 bytes after compression)
Entries:    2000000
Prefix:    0 bytes
Keys per prefix:    0
RawSize:    9719.8 MB (estimated)
FileSize:   5813.6 MB (estimated)
Write rate: 0 bytes/second
Read rate: 0 ops/second
Compression: Snappy
Compression sampling rate: 0
Memtablerep: skip_list
Perf Level: 1
------------------------------------------------
DB path: [/users/kannan11/ssd/sudarsun/prefetching/appbench/apps/rocksdb/DATA]
readreverse  :    9151.000 micros/op 1385 ops/sec;
DESTRUCTOR GETTING CALLED 
PRINT_GLOBAL_STATS in dest
	Command being timed: "./db_bench --db=/users/kannan11/ssd/sudarsun/prefetching/appbench/apps/rocksdb/DATA --value_size=4096 --wal_dir=/users/kannan11/ssd/sudarsun/prefetching/appbench/apps/rocksdb/DATA/WAL_LOG --sync=0 --key_size=1000 --write_buffer_size=67108864 --num=2000000 --benchmarks=readreverse --use_existing_db=1 --mmap_read=0 --threads=16"
	User time (seconds): 0.03
	System time (seconds): 0.27
	Percent of CPU this job got: 28%
	Elapsed (wall clock) time (h:mm:ss or m:ss): 0:01.07
	Average shared text size (kbytes): 0
	Average unshared data size (kbytes): 0
	Average stack size (kbytes): 0
	Average total size (kbytes): 0
	Maximum resident set size (kbytes): 309412
	Average resident set size (kbytes): 0
	Major (requiring I/O) page faults: 84
	Minor (reclaiming a frame) page faults: 75691
	Voluntary context switches: 600
	Involuntary context switches: 2
	Swaps: 0
	File system inputs: 17512
	File system outputs: 200
	Socket messages sent: 0
	Socket messages received: 0
	Signals delivered: 0
	Page size (bytes): 4096
	Exit status: 0
DESTRUCTOR GETTING CALLED 
PRINT_GLOBAL_STATS in dest
[62181.718716] free_cross_bitmap: releasing mem for inode with i_count 2
[62181.726741] free_cross_bitmap: releasing mem for inode with i_count 2
[62181.734044] free_cross_bitmap: releasing mem for inode with i_count 2
[62181.741351] free_cross_bitmap: releasing mem for inode with i_count 2
[62181.748556] free_cross_bitmap: releasing mem for inode with i_count 2
[62181.755766] free_cross_bitmap: releasing mem for inode with i_count 2
[62181.762916] free_cross_bitmap: releasing mem for inode with i_count 2
[62181.770444] free_cross_bitmap: releasing mem for inode with i_count 2
[62181.779620] free_cross_bitmap: releasing mem for inode with i_count 2
[62181.787184] sh (27726): drop_caches: 3
[62181.820303] sh (27740): drop_caches: 3
[62186.846313] Enabled file stats for time:27747
[62186.846522] write_proc: Value of write = 0
[62186.851942] Enabled file stats for db_bench:27756
[62186.852145] write_proc: Value of write = 0
[62186.886983] alloc_cross_bitmap: preallocate 268435456 pg, nr_longs=4194304 in 4 millisec
[62186.897833] alloc_cross_bitmap: preallocate 268435456 pg, nr_longs=4194304 in 4 millisec
[62186.897899] alloc_cross_bitmap: preallocate 268435456 pg, nr_longs=4194304 in 4 millisec
[62186.898039] alloc_cross_bitmap: preallocate 268435456 pg, nr_longs=4194304 in 4 millisec
[62186.898069] alloc_cross_bitmap: preallocate 268435456 pg, nr_longs=4194304 in 4 millisec
[62186.898110] alloc_cross_bitmap: preallocate 268435456 pg, nr_longs=4194304 in 4 millisec
[62186.898357] alloc_cross_bitmap: preallocate 268435456 pg, nr_longs=4194304 in 8 millisec
[62186.898407] alloc_cross_bitmap: preallocate 268435456 pg, nr_longs=4194304 in 4 millisec
[62186.898991] alloc_cross_bitmap: preallocate 268435456 pg, nr_longs=4194304 in 8 millisec
[62187.918092] write_proc: Value of write = 0
[62187.918106] __do_sys_start_cross_trace: PRINT_GLOBAL_STATS 
[62187.918107] Final GlobalReport: nr_pages_read:14939259217, nr_pages_hit:14652073992, nr_do_read_fault:7719148, nr_pages_miss:104104749
[62187.918148] FinalTaskReport: db_bench:27756 - ra_orig_nr_pages:0, ra_final_nr_pages:0
                                        async_pages:936, final_async_pages:1181
                                        full_pfetches:0, less256_pfetches:0, partial_pfetches:0
                                        failed_pfetches:0, total_pfetches:0, os_pfetches:62
                                        nr_pages_read:188, nr_pages_hit:18, nr_do_read_fault:168
[62187.920282] write_proc: Value of write = 0
[62187.920295] __do_sys_start_cross_trace: PRINT_GLOBAL_STATS 
[62187.920296] Final GlobalReport: nr_pages_read:14939259217, nr_pages_hit:14652073992, nr_do_read_fault:7719153, nr_pages_miss:104104749
[62187.920338] FinalTaskReport: time:27747 - ra_orig_nr_pages:0, ra_final_nr_pages:0
                                        async_pages:0, final_async_pages:25
                                        full_pfetches:0, less256_pfetches:0, partial_pfetches:0
                                        failed_pfetches:0, total_pfetches:0, os_pfetches:1
                                        nr_pages_read:0, nr_pages_hit:0, nr_do_read_fault:16
