ENABLE_FILE_STATS in con
ENABLE_FILE_STATS in con
RocksDB:    version 6.20
Date:       Thu Aug 11 09:15:31 2022
CPU:        48 * AMD EPYC 7402P 24-Core Processor
CPUCache:   512 KB
Initializing RocksDB Options from the specified file
Initializing RocksDB Options from command-line flags
Keys:       1000 bytes each (+ 0 bytes user-defined timestamp)
Values:     4096 bytes each (2048 bytes after compression)
Entries:    2000000
Prefix:    0 bytes
Keys per prefix:    0
RawSize:    9719.8 MB (estimated)
FileSize:   5813.6 MB (estimated)
Write rate: 0 bytes/second
Read rate: 0 ops/second
Compression: Snappy
Compression sampling rate: 0
Memtablerep: skip_list
Perf Level: 1
------------------------------------------------
DB path: [/users/kannan11/ssd/sudarsun/prefetching/appbench/apps/rocksdb/DATA]
readreverse  :   10279.000 micros/op 1344 ops/sec;
DESTRUCTOR GETTING CALLED 
PRINT_GLOBAL_STATS in dest
	Command being timed: "./db_bench --db=/users/kannan11/ssd/sudarsun/prefetching/appbench/apps/rocksdb/DATA --value_size=4096 --wal_dir=/users/kannan11/ssd/sudarsun/prefetching/appbench/apps/rocksdb/DATA/WAL_LOG --sync=0 --key_size=1000 --write_buffer_size=67108864 --num=2000000 --benchmarks=readreverse --use_existing_db=1 --mmap_read=0 --threads=16"
	User time (seconds): 0.00
	System time (seconds): 0.29
	Percent of CPU this job got: 28%
	Elapsed (wall clock) time (h:mm:ss or m:ss): 0:01.07
	Average shared text size (kbytes): 0
	Average unshared data size (kbytes): 0
	Average stack size (kbytes): 0
	Average total size (kbytes): 0
	Maximum resident set size (kbytes): 309204
	Average resident set size (kbytes): 0
	Major (requiring I/O) page faults: 77
	Minor (reclaiming a frame) page faults: 75738
	Voluntary context switches: 560
	Involuntary context switches: 1
	Swaps: 0
	File system inputs: 17504
	File system outputs: 216
	Socket messages sent: 0
	Socket messages received: 0
	Signals delivered: 0
	Page size (bytes): 4096
	Exit status: 0
DESTRUCTOR GETTING CALLED 
PRINT_GLOBAL_STATS in dest
[62216.352451] free_cross_bitmap: releasing mem for inode with i_count 2
[62216.359831] free_cross_bitmap: releasing mem for inode with i_count 2
[62216.367527] free_cross_bitmap: releasing mem for inode with i_count 2
[62216.374815] free_cross_bitmap: releasing mem for inode with i_count 2
[62216.382033] free_cross_bitmap: releasing mem for inode with i_count 2
[62216.389278] free_cross_bitmap: releasing mem for inode with i_count 2
[62216.396451] free_cross_bitmap: releasing mem for inode with i_count 2
[62216.403652] free_cross_bitmap: releasing mem for inode with i_count 2
[62216.413132] free_cross_bitmap: releasing mem for inode with i_count 2
[62216.420632] sh (28492): drop_caches: 3
[62216.455021] sh (28506): drop_caches: 3
[62221.482223] Enabled file stats for time:28513
[62221.482450] write_proc: Value of write = 0
[62221.488410] Enabled file stats for db_bench:28522
[62221.488611] write_proc: Value of write = 0
[62221.527860] alloc_cross_bitmap: preallocate 268435456 pg, nr_longs=4194304 in 8 millisec
[62221.528122] alloc_cross_bitmap: preallocate 268435456 pg, nr_longs=4194304 in 8 millisec
[62221.528237] alloc_cross_bitmap: preallocate 268435456 pg, nr_longs=4194304 in 8 millisec
[62221.528243] alloc_cross_bitmap: preallocate 268435456 pg, nr_longs=4194304 in 8 millisec
[62221.528635] alloc_cross_bitmap: preallocate 268435456 pg, nr_longs=4194304 in 8 millisec
[62221.530063] alloc_cross_bitmap: preallocate 268435456 pg, nr_longs=4194304 in 8 millisec
[62221.530262] alloc_cross_bitmap: preallocate 268435456 pg, nr_longs=4194304 in 8 millisec
[62221.532617] alloc_cross_bitmap: preallocate 268435456 pg, nr_longs=4194304 in 12 millisec
[62221.532653] alloc_cross_bitmap: preallocate 268435456 pg, nr_longs=4194304 in 12 millisec
[62222.552409] write_proc: Value of write = 0
[62222.552425] __do_sys_start_cross_trace: PRINT_GLOBAL_STATS 
[62222.552426] Final GlobalReport: nr_pages_read:14939283004, nr_pages_hit:14652090112, nr_do_read_fault:7735931, nr_pages_miss:104104918
[62222.552476] FinalTaskReport: db_bench:28522 - ra_orig_nr_pages:0, ra_final_nr_pages:0
                                        async_pages:936, final_async_pages:1181
                                        full_pfetches:0, less256_pfetches:0, partial_pfetches:0
                                        failed_pfetches:0, total_pfetches:0, os_pfetches:62
                                        nr_pages_read:188, nr_pages_hit:18, nr_do_read_fault:166
[62222.554990] write_proc: Value of write = 0
[62222.555004] __do_sys_start_cross_trace: PRINT_GLOBAL_STATS 
[62222.555005] Final GlobalReport: nr_pages_read:14939283004, nr_pages_hit:14652090112, nr_do_read_fault:7735936, nr_pages_miss:104104918
[62222.555044] FinalTaskReport: time:28513 - ra_orig_nr_pages:0, ra_final_nr_pages:0
                                        async_pages:0, final_async_pages:25
                                        full_pfetches:0, less256_pfetches:0, partial_pfetches:0
                                        failed_pfetches:0, total_pfetches:0, os_pfetches:1
                                        nr_pages_read:0, nr_pages_hit:0, nr_do_read_fault:17
