rm -rf *.so
[34m[1mtrain: [0mweights=yolov5s.pt, cfg=, data=../fire_config.yaml, hyp=data/hyps/hyp.scratch-low.yaml, epochs=10, batch_size=128, imgsz=640, rect=False, resume=False, nosave=False, noval=False, noautoanchor=False, noplots=False, evolve=None, evolve_population=data/hyps, resume_evolve=None, bucket=, cache=None, image_weights=False, device=, multi_scale=False, single_cls=False, optimizer=SGD, sync_bn=False, workers=0, project=runs/train, name=exp, exist_ok=False, quad=False, cos_lr=False, label_smoothing=0.0, patience=100, freeze=[0], save_period=-1, seed=0, local_rank=-1, entity=None, upload_dataset=False, bbox_interval=-1, artifact_alias=latest, ndjson_console=False, ndjson_file=False
[34m[1mgithub: [0mup to date with https://github.com/ultralytics/yolov5 âœ…
YOLOv5 ðŸš€ v7.0-288-gb9392361 Python-3.10.12 torch-2.2.1+cu121 CPU

[34m[1mhyperparameters: [0mlr0=0.01, lrf=0.01, momentum=0.937, weight_decay=0.0005, warmup_epochs=3.0, warmup_momentum=0.8, warmup_bias_lr=0.1, box=0.05, cls=0.5, cls_pw=1.0, obj=1.0, obj_pw=1.0, iou_t=0.2, anchor_t=4.0, fl_gamma=0.0, hsv_h=0.015, hsv_s=0.7, hsv_v=0.4, degrees=0.0, translate=0.1, scale=0.5, shear=0.0, perspective=0.0, flipud=0.0, fliplr=0.5, mosaic=1.0, mixup=0.0, copy_paste=0.0
[34m[1mComet: [0mrun 'pip install comet_ml' to automatically track and visualize YOLOv5 ðŸš€ runs in Comet
[34m[1mTensorBoard: [0mStart with 'tensorboard --logdir runs/train', view at http://localhost:6006/
Overriding model.yaml nc=80 with nc=1

                 from  n    params  module                                  arguments                     
  0                -1  1      3520  models.common.Conv                      [3, 32, 6, 2, 2]              
  1                -1  1     18560  models.common.Conv                      [32, 64, 3, 2]                
  2                -1  1     18816  models.common.C3                        [64, 64, 1]                   
  3                -1  1     73984  models.common.Conv                      [64, 128, 3, 2]               
  4                -1  2    115712  models.common.C3                        [128, 128, 2]                 
  5                -1  1    295424  models.common.Conv                      [128, 256, 3, 2]              
  6                -1  3    625152  models.common.C3                        [256, 256, 3]                 
  7                -1  1   1180672  models.common.Conv                      [256, 512, 3, 2]              
  8                -1  1   1182720  models.common.C3                        [512, 512, 1]                 
  9                -1  1    656896  models.common.SPPF                      [512, 512, 5]                 
 10                -1  1    131584  models.common.Conv                      [512, 256, 1, 1]              
 11                -1  1         0  torch.nn.modules.upsampling.Upsample    [None, 2, 'nearest']          
 12           [-1, 6]  1         0  models.common.Concat                    [1]                           
 13                -1  1    361984  models.common.C3                        [512, 256, 1, False]          
 14                -1  1     33024  models.common.Conv                      [256, 128, 1, 1]              
 15                -1  1         0  torch.nn.modules.upsampling.Upsample    [None, 2, 'nearest']          
 16           [-1, 4]  1         0  models.common.Concat                    [1]                           
 17                -1  1     90880  models.common.C3                        [256, 128, 1, False]          
 18                -1  1    147712  models.common.Conv                      [128, 128, 3, 2]              
 19          [-1, 14]  1         0  models.common.Concat                    [1]                           
 20                -1  1    296448  models.common.C3                        [256, 256, 1, False]          
 21                -1  1    590336  models.common.Conv                      [256, 256, 3, 2]              
 22          [-1, 10]  1         0  models.common.Concat                    [1]                           
 23                -1  1   1182720  models.common.C3                        [512, 512, 1, False]          
 24      [17, 20, 23]  1     16182  models.yolo.Detect                      [1, [[10, 13, 16, 30, 33, 23], [30, 61, 62, 45, 59, 119], [116, 90, 156, 198, 373, 326]], [128, 256, 512]]
Model summary: 214 layers, 7022326 parameters, 7022326 gradients, 15.9 GFLOPs

Transferred 343/349 items from yolov5s.pt
[34m[1moptimizer:[0m SGD(lr=0.01) with parameter groups 57 weight(decay=0.0), 60 weight(decay=0.001), 60 bias
[34m[1mtrain: [0mScanning /users/kannan11/ssd/ioopt/appbench/apps/yolov5-fire-detection/datasets/fire/train/labels.cache... 3522 images, 5 backgrounds, 3 corrupt: 100%|â–ˆâ–ˆâ–ˆâ–ˆâ–ˆâ–ˆâ–ˆâ–ˆâ–ˆâ–ˆ| 3527/3527 [00:00<?, ?it/s][34m[1mtrain: [0mScanning /users/kannan11/ssd/ioopt/appbench/apps/yolov5-fire-detection/datasets/fire/train/labels.cache... 3522 images, 5 backgrounds, 3 corrupt: 100%|â–ˆâ–ˆâ–ˆâ–ˆâ–ˆâ–ˆâ–ˆâ–ˆâ–ˆâ–ˆ| 3527/3527 [00:00<?, ?it/s]
[34m[1mtrain: [0mWARNING âš ï¸ /users/kannan11/ssd/ioopt/appbench/apps/yolov5-fire-detection/datasets/fire/train/images/new_fire_fire.108.png: ignoring corrupt image/label: non-normalized or out of bounds coordinates [     1.0026]
[34m[1mtrain: [0mWARNING âš ï¸ /users/kannan11/ssd/ioopt/appbench/apps/yolov5-fire-detection/datasets/fire/train/images/new_fire_fire.420.png: ignoring corrupt image/label: non-normalized or out of bounds coordinates [     1.0048]
[34m[1mtrain: [0mWARNING âš ï¸ /users/kannan11/ssd/ioopt/appbench/apps/yolov5-fire-detection/datasets/fire/train/images/new_fire_fire.512.png: ignoring corrupt image/label: non-normalized or out of bounds coordinates [     1.0005]
[34m[1mval: [0mScanning /users/kannan11/ssd/ioopt/appbench/apps/yolov5-fire-detection/datasets/fire/val/labels.cache... 150 images, 0 backgrounds, 0 corrupt: 100%|â–ˆâ–ˆâ–ˆâ–ˆâ–ˆâ–ˆâ–ˆâ–ˆâ–ˆâ–ˆ| 150/150 [00:00<?, ?it/s][34m[1mval: [0mScanning /users/kannan11/ssd/ioopt/appbench/apps/yolov5-fire-detection/datasets/fire/val/labels.cache... 150 images, 0 backgrounds, 0 corrupt: 100%|â–ˆâ–ˆâ–ˆâ–ˆâ–ˆâ–ˆâ–ˆâ–ˆâ–ˆâ–ˆ| 150/150 [00:00<?, ?it/s]

[34m[1mAutoAnchor: [0m4.29 anchors/target, 0.998 Best Possible Recall (BPR). Current anchors are a good fit to dataset âœ…
Plotting labels to runs/train/exp226/labels.jpg... 
Image sizes 640 train, 640 val
Using 0 dataloader workers
Logging results to [1mruns/train/exp226[0m
Starting training for 10 epochs...

      Epoch    GPU_mem   box_loss   obj_loss   cls_loss  Instances       Size
  0%|          | 0/28 [00:00<?, ?it/s]        0/9         0G     0.1242    0.03924          0        668        640:   0%|          | 0/28 [00:28<?, ?it/s]        0/9         0G     0.1242    0.03924          0        668        640:   4%|â–Ž         | 1/28 [00:28<13:00, 28.90s/it]        0/9         0G     0.1241    0.03822          0        595        640:   4%|â–Ž         | 1/28 [00:58<13:00, 28.90s/it]        0/9         0G     0.1241    0.03822          0        595        640:   7%|â–‹         | 2/28 [00:58<12:43, 29.36s/it]        0/9         0G     0.1236    0.03712          0        534        640:   7%|â–‹         | 2/28 [01:26<12:43, 29.36s/it]        0/9         0G     0.1236    0.03712          0        534        640:  11%|â–ˆ         | 3/28 [01:26<11:58, 28.73s/it]        0/9         0G     0.1233    0.03661          0        580        640:  11%|â–ˆ         | 3/28 [01:56<11:58, 28.73s/it]        0/9         0G     0.1233    0.03661          0        580        640:  14%|â–ˆâ–        | 4/28 [01:56<11:38, 29.12s/it]        0/9         0G      0.123    0.03607          0        564        640:  14%|â–ˆâ–        | 4/28 [02:26<11:38, 29.12s/it]        0/9         0G      0.123    0.03607          0        564        640:  18%|â–ˆâ–Š        | 5/28 [02:26<11:17, 29.44s/it]        0/9         0G     0.1226    0.03561          0        588        640:  18%|â–ˆâ–Š        | 5/28 [02:56<11:17, 29.44s/it]        0/9         0G     0.1226    0.03561          0        588        640:  21%|â–ˆâ–ˆâ–       | 6/28 [02:56<10:52, 29.64s/it]        0/9         0G     0.1222    0.03525          0        607        640:  21%|â–ˆâ–ˆâ–       | 6/28 [03:25<10:52, 29.64s/it]        0/9         0G     0.1222    0.03525          0        607        640:  25%|â–ˆâ–ˆâ–Œ       | 7/28 [03:25<10:21, 29.61s/it]Terminated
