RocksDB:    version 7.6.0
Date:       Fri Oct  7 23:43:08 2022
CPU:        128 * AMD EPYC 7543 32-Core Processor
CPUCache:   512 KB
Initializing RocksDB Options from the specified file
Initializing RocksDB Options from command-line flags
Integrated BlobDB: blob cache disabled
Keys:       1000 bytes each (+ 0 bytes user-defined timestamp)
Values:     4096 bytes each (2048 bytes after compression)
Entries:    0
Prefix:    0 bytes
Keys per prefix:    0
RawSize:    0.0 MB (estimated)
FileSize:   0.0 MB (estimated)
Write rate: 0 bytes/second
Read rate: 0 ops/second
Compression: Snappy
Compression sampling rate: 0
Memtablerep: SkipListFactory
Perf Level: 1
------------------------------------------------
DB path: [/users/kannan11/ssd/prefetching/appbench/apps/rocksdb/DATA]
readreverse  :    7282.000 micros/op 1481 ops/sec 0.001 seconds 1 operations;
DESTRUCTOR GETTING CALLED 
PRINT_GLOBAL_LIB_STATS in dest
Total nr_ra = 36906
Total nr_bytes_ra = 154794983424
	Command being timed: "./db_bench --db=/users/kannan11/ssd/prefetching/appbench/apps/rocksdb/DATA --value_size=4096 --wal_dir=/users/kannan11/ssd/prefetching/appbench/apps/rocksdb/DATA/WAL_LOG --sync=0 --key_size=1000 --write_buffer_size=67108864 --num=0 --seed=1576170874 --benchmarks=readreverse --use_existing_db=1 --mmap_read=0 --threads=32"
	User time (seconds): 0.78
	System time (seconds): 10.44
	Percent of CPU this job got: 105%
	Elapsed (wall clock) time (h:mm:ss or m:ss): 0:10.66
	Average shared text size (kbytes): 0
	Average unshared data size (kbytes): 0
	Average stack size (kbytes): 0
	Average total size (kbytes): 0
	Maximum resident set size (kbytes): 13149976
	Average resident set size (kbytes): 0
	Major (requiring I/O) page faults: 88
	Minor (reclaiming a frame) page faults: 3287926
	Voluntary context switches: 2989
	Involuntary context switches: 162
	Swaps: 0
	File system inputs: 74702832
	File system outputs: 6520
	Socket messages sent: 0
	Socket messages received: 0
	Signals delivered: 0
	Page size (bytes): 4096
	Exit status: 0
DESTRUCTOR GETTING CALLED 
PRINT_GLOBAL_LIB_STATS in dest
Total nr_ra = 0
Total nr_bytes_ra = 0
[33493.369386] sh (31467): drop_caches: 3
[33493.413746] sh (31472): drop_caches: 3
[33498.446235] write_proc_unbounded: Value of write = 0
[33498.446250] write_proc_2mb_limit: Value of write = 0
[33498.446256] write_proc_bitmap_shift: Value of write = 38
[33498.453158] write_proc_unbounded: Value of write = 0
[33498.453175] write_proc_2mb_limit: Value of write = 0
[33498.453180] write_proc_bitmap_shift: Value of write = 38
[33508.852234] write_proc_unbounded: Value of write = 0
[33508.852246] write_proc_2mb_limit: Value of write = 0
[33509.110684] write_proc_unbounded: Value of write = 0
[33509.110702] write_proc_2mb_limit: Value of write = 0
