Received signal 11 (Segmentation fault)
#0   /usr/lib/lib_Cross_Blind.so(_Z13prefetcher_thPv+0x20) [0x7fd9134ed250] ??	??:0	DESTRUCTOR GETTING CALLED 	PRINT_GLOBAL_LIB_STATS in dest	Total nr_ra = 0	Total nr_bytes_ra = 0	
#1   /usr/lib/lib_Cross_Blind.so(+0x7ab9) [0x7fd9134efab9] Command terminated by signal 11
	Command being timed: "./db_bench --db=/users/kannan11/ssd/prefetching/appbench/apps/rocksdb/DATA --value_size=4096 --wal_dir=/users/kannan11/ssd/prefetching/appbench/apps/rocksdb/DATA/WAL_LOG --sync=0 --key_size=1000 --write_buffer_size=67108864 --num=0 --seed=1576170874 --benchmarks=readreverse --use_existing_db=1 --mmap_read=0 --threads=32"
	User time (seconds): 0.04
	System time (seconds): 0.71
	Percent of CPU this job got: 264%
	Elapsed (wall clock) time (h:mm:ss or m:ss): 0:00.28
	Average shared text size (kbytes): 0
	Average unshared data size (kbytes): 0
	Average stack size (kbytes): 0
	Average total size (kbytes): 0
	Maximum resident set size (kbytes): 40376
	Average resident set size (kbytes): 0
	Major (requiring I/O) page faults: 91
	Minor (reclaiming a frame) page faults: 11560
	Voluntary context switches: 627
	Involuntary context switches: 27
	Swaps: 0
	File system inputs: 590824
	File system outputs: 80
	Socket messages sent: 0
	Socket messages received: 0
	Signals delivered: 0
	Page size (bytes): 4096
	Exit status: 0
DESTRUCTOR GETTING CALLED 
PRINT_GLOBAL_LIB_STATS in dest
Total nr_ra = 0
Total nr_bytes_ra = 0
[33510.832889] sh (31536): drop_caches: 3
[33510.876857] sh (31541): drop_caches: 3
[33515.910498] write_proc_unbounded: Value of write = 0
[33515.910513] write_proc_2mb_limit: Value of write = 0
[33515.910518] write_proc_bitmap_shift: Value of write = 38
[33515.918188] write_proc_unbounded: Value of write = 0
[33515.918202] write_proc_2mb_limit: Value of write = 0
[33515.918207] write_proc_bitmap_shift: Value of write = 38
[33516.143579] write_proc_unbounded: Value of write = 0
[33516.143593] write_proc_2mb_limit: Value of write = 0
[33516.143599] write_proc_bitmap_shift: Value of write = 38
[33516.147543] write_proc_unbounded: Value of write = 0
[33516.147554] write_proc_2mb_limit: Value of write = 0
[33516.147559] write_proc_bitmap_shift: Value of write = 38
[33516.179657] write_proc_unbounded: Value of write = 0
[33516.179664] write_proc_2mb_limit: Value of write = 0
[33516.194793] traps: db_bench[31608] general protection fault ip:7fd9134ed250 sp:7fd903ae5aa0 error:0 in lib_Cross_Blind.so[7fd9134e8000+a000]
[33516.197505] write_proc_unbounded: Value of write = 0
[33516.197513] write_proc_2mb_limit: Value of write = 0
[33516.197518] write_proc_bitmap_shift: Value of write = 38
[33516.198606] write_proc_unbounded: Value of write = 0
[33516.198613] write_proc_2mb_limit: Value of write = 0
[33516.199920] write_proc_unbounded: Value of write = 0
[33516.199935] write_proc_2mb_limit: Value of write = 0
[33516.199939] write_proc_bitmap_shift: Value of write = 38
