[152012.073317] write_proc_unbounded: Value of write = 0
[152012.073329] write_proc_2mb_limit: Value of write = 0
[152012.073334] write_proc_bitmap_shift: Value of write = 38
[152012.084883] db_bench[85562]: segfault at 0 ip 00007f764902a9e7 sp 00007ffec44e2be0 error 4 in lib_CIP.so[7f7649024000+d000]
[152012.084897] Code: d0 83 e0 1f 48 d3 e8 48 89 d1 48 c1 e9 05 01 f8 4c 21 f9 41 89 c1 48 89 ce 49 8d 14 0a 48 c1 e6 04 4c 01 f6 49 89 d3 48 89 f5 <45> 0f b6 23 4d 89 dd 45 39 cc 74 35 45 0f b6 63 01 41 01 f9 45 39
[152012.086683] write_proc_unbounded: Value of write = 0
[152012.086690] write_proc_2mb_limit: Value of write = 0
[152072.789623] write_proc_unbounded: Value of write = 0
[152072.789636] write_proc_2mb_limit: Value of write = 0
[152072.789642] write_proc_bitmap_shift: Value of write = 38
[152072.801018] db_bench[86749]: segfault at 0 ip 00007f054b6fa9e7 sp 00007ffc6610f620 error 4 in lib_CIP.so[7f054b6f4000+d000]
[152072.801030] Code: d0 83 e0 1f 48 d3 e8 48 89 d1 48 c1 e9 05 01 f8 4c 21 f9 41 89 c1 48 89 ce 49 8d 14 0a 48 c1 e6 04 4c 01 f6 49 89 d3 48 89 f5 <45> 0f b6 23 4d 89 dd 45 39 cc 74 35 45 0f b6 63 01 41 01 f9 45 39
[152072.802163] write_proc_unbounded: Value of write = 0
[152072.802169] write_proc_2mb_limit: Value of write = 0
[152109.487614] write_proc_unbounded: Value of write = 0
[152109.487628] write_proc_2mb_limit: Value of write = 0
[152109.487634] write_proc_bitmap_shift: Value of write = 38
[152109.498729] db_bench[87845]: segfault at 0 ip 00007f873b2479e7 sp 00007ffd6c048ea0 error 4 in lib_CIP.so[7f873b241000+d000]
[152109.498742] Code: d0 83 e0 1f 48 d3 e8 48 89 d1 48 c1 e9 05 01 f8 4c 21 f9 41 89 c1 48 89 ce 49 8d 14 0a 48 c1 e6 04 4c 01 f6 49 89 d3 48 89 f5 <45> 0f b6 23 4d 89 dd 45 39 cc 74 35 45 0f b6 63 01 41 01 f9 45 39
[152109.500404] write_proc_unbounded: Value of write = 0
[152109.500425] write_proc_2mb_limit: Value of write = 0
[152173.459447] write_proc_unbounded: Value of write = 0
[152173.459460] write_proc_2mb_limit: Value of write = 0
[152173.459466] write_proc_bitmap_shift: Value of write = 38
[152173.470115] db_bench[89386]: segfault at 0 ip 00007f324c14b9e7 sp 00007fffa0978ef0 error 4 in lib_CIP.so[7f324c145000+d000]
[152173.470125] Code: d0 83 e0 1f 48 d3 e8 48 89 d1 48 c1 e9 05 01 f8 4c 21 f9 41 89 c1 48 89 ce 49 8d 14 0a 48 c1 e6 04 4c 01 f6 49 89 d3 48 89 f5 <45> 0f b6 23 4d 89 dd 45 39 cc 74 35 45 0f b6 63 01 41 01 f9 45 39
[152173.471964] write_proc_unbounded: Value of write = 0
[152173.471973] write_proc_2mb_limit: Value of write = 0
[152213.368142] write_proc_unbounded: Value of write = 0
[152213.368162] write_proc_2mb_limit: Value of write = 0
[152213.368174] write_proc_bitmap_shift: Value of write = 38
[152213.379380] db_bench[90432]: segfault at 0 ip 00007fb8c8f02063 sp 00007ffd24da8d80 error 4 in lib_CIP.so[7fb8c8efb000+e000]
[152213.379395] Code: d0 83 e0 1f 48 d3 e8 48 89 d1 48 c1 e9 05 01 f8 4c 21 f9 41 89 c1 48 89 ce 49 8d 14 0a 48 c1 e6 04 4c 01 f6 49 89 d3 48 89 f5 <45> 0f b6 23 4d 89 dd 45 39 cc 74 39 45 0f b6 63 01 41 01 f9 45 39
[152213.381062] write_proc_unbounded: Value of write = 0
[152213.381072] write_proc_2mb_limit: Value of write = 0
[152402.736534] write_proc_unbounded: Value of write = 0
[152402.736553] write_proc_2mb_limit: Value of write = 0
[152402.736563] write_proc_bitmap_shift: Value of write = 38
[152402.747967] db_bench[91517]: segfault at 0 ip 00007f639b8fc185 sp 00007ffcf3841200 error 4 in lib_CIP.so[7f639b8f5000+e000]
[152402.747981] Code: d0 83 e0 1f 48 d3 e8 48 89 d1 48 c1 e9 05 01 f8 4c 21 f9 41 89 c1 48 89 ce 49 8d 14 0a 48 c1 e6 04 4c 01 f6 49 89 d3 48 89 f5 <45> 0f b6 23 4d 89 dd 45 39 cc 74 37 45 0f b6 63 01 41 01 f9 45 39
[152402.749805] write_proc_unbounded: Value of write = 0
[152402.749816] write_proc_2mb_limit: Value of write = 0
[152448.807571] write_proc_unbounded: Value of write = 0
[152448.807590] write_proc_2mb_limit: Value of write = 0
[152448.807601] write_proc_bitmap_shift: Value of write = 38
[152448.818544] db_bench[92561]: segfault at 0 ip 00007fd473c4d185 sp 00007fff38e95a40 error 4 in lib_CIP.so[7fd473c46000+e000]
[152448.818557] Code: d0 83 e0 1f 48 d3 e8 48 89 d1 48 c1 e9 05 01 f8 4c 21 f9 41 89 c1 48 89 ce 49 8d 14 0a 48 c1 e6 04 4c 01 f6 49 89 d3 48 89 f5 <45> 0f b6 23 4d 89 dd 45 39 cc 74 37 45 0f b6 63 01 41 01 f9 45 39
[152448.820214] write_proc_unbounded: Value of write = 0
[152448.820224] write_proc_2mb_limit: Value of write = 0
[152491.388506] write_proc_unbounded: Value of write = 0
[152491.388526] write_proc_2mb_limit: Value of write = 0
[152491.388537] write_proc_bitmap_shift: Value of write = 38
[152491.399362] db_bench[93565]: segfault at 0 ip 00007fd65b6d9185 sp 00007ffd95d509d0 error 4 in lib_CIP.so[7fd65b6d2000+e000]
[152491.399374] Code: d0 83 e0 1f 48 d3 e8 48 89 d1 48 c1 e9 05 01 f8 4c 21 f9 41 89 c1 48 89 ce 49 8d 14 0a 48 c1 e6 04 4c 01 f6 49 89 d3 48 89 f5 <45> 0f b6 23 4d 89 dd 45 39 cc 74 37 45 0f b6 63 01 41 01 f9 45 39
[152491.401301] write_proc_unbounded: Value of write = 0
[152491.401312] write_proc_2mb_limit: Value of write = 0
[152524.590243] write_proc_unbounded: Value of write = 0
[152524.590263] write_proc_2mb_limit: Value of write = 0
[152524.590273] write_proc_bitmap_shift: Value of write = 38
[152524.603872] write_proc_unbounded: Value of write = 0
[152524.603890] write_proc_2mb_limit: Value of write = 0
[152524.603899] write_proc_bitmap_shift: Value of write = 38
[152542.096716] write_proc_unbounded: Value of write = 0
[152542.096736] write_proc_2mb_limit: Value of write = 0
[153728.416683] write_proc_unbounded: Value of write = 0
[153728.416699] write_proc_2mb_limit: Value of write = 0
[153728.416709] write_proc_bitmap_shift: Value of write = 38
[153728.428930] db_bench[96174]: segfault at 0 ip 00007f2110232195 sp 00007ffcb49948c0 error 4 in lib_CIP.so[7f211022b000+e000]
[153728.428945] Code: d0 83 e0 1f 48 d3 e8 48 89 d1 48 c1 e9 05 01 f8 4c 21 f9 41 89 c1 48 89 ce 49 8d 14 0a 48 c1 e6 04 4c 01 f6 49 89 d3 48 89 f5 <45> 0f b6 23 4d 89 dd 45 39 cc 74 37 45 0f b6 63 01 41 01 f9 45 39
[153728.430805] write_proc_unbounded: Value of write = 0
[153728.430815] write_proc_2mb_limit: Value of write = 0
[153781.632392] write_proc_unbounded: Value of write = 0
[153781.632411] write_proc_2mb_limit: Value of write = 0
[153781.632421] write_proc_bitmap_shift: Value of write = 38
[153781.644206] db_bench[97186]: segfault at 0 ip 00007fd580d67195 sp 00007ffe1d4af050 error 4 in lib_CIP.so[7fd580d60000+e000]
[153781.644219] Code: d0 83 e0 1f 48 d3 e8 48 89 d1 48 c1 e9 05 01 f8 4c 21 f9 41 89 c1 48 89 ce 49 8d 14 0a 48 c1 e6 04 4c 01 f6 49 89 d3 48 89 f5 <45> 0f b6 23 4d 89 dd 45 39 cc 74 37 45 0f b6 63 01 41 01 f9 45 39
[153781.645766] write_proc_unbounded: Value of write = 0
[153781.645777] write_proc_2mb_limit: Value of write = 0
[153872.224709] write_proc_unbounded: Value of write = 0
[153872.224728] write_proc_2mb_limit: Value of write = 0
[153872.224740] write_proc_bitmap_shift: Value of write = 38
[153872.236243] db_bench[98216]: segfault at 0 ip 00007fe1da104195 sp 00007ffc72187720 error 4 in lib_CIP.so[7fe1da0fd000+e000]
[153872.236255] Code: d0 83 e0 1f 48 d3 e8 48 89 d1 48 c1 e9 05 01 f8 4c 21 f9 41 89 c1 48 89 ce 49 8d 14 0a 48 c1 e6 04 4c 01 f6 49 89 d3 48 89 f5 <45> 0f b6 23 4d 89 dd 45 39 cc 74 37 45 0f b6 63 01 41 01 f9 45 39
[153872.237951] write_proc_unbounded: Value of write = 0
[153872.237961] write_proc_2mb_limit: Value of write = 0
[153915.881728] write_proc_unbounded: Value of write = 0
[153915.881748] write_proc_2mb_limit: Value of write = 0
[153915.881763] write_proc_bitmap_shift: Value of write = 38
[153915.894031] db_bench[99226]: segfault at 0 ip 00007f98adc27195 sp 00007ffe2cac7c20 error 4 in lib_CIP.so[7f98adc20000+e000]
[153915.894046] Code: d0 83 e0 1f 48 d3 e8 48 89 d1 48 c1 e9 05 01 f8 4c 21 f9 41 89 c1 48 89 ce 49 8d 14 0a 48 c1 e6 04 4c 01 f6 49 89 d3 48 89 f5 <45> 0f b6 23 4d 89 dd 45 39 cc 74 37 45 0f b6 63 01 41 01 f9 45 39
[153915.895508] write_proc_unbounded: Value of write = 0
[153915.895520] write_proc_2mb_limit: Value of write = 0
[153967.965562] write_proc_unbounded: Value of write = 0
[153967.965580] write_proc_2mb_limit: Value of write = 0
[153967.965591] write_proc_bitmap_shift: Value of write = 38
[153967.976929] db_bench[100238]: segfault at 0 ip 00007ff3b77d91b5 sp 00007ffe41281f20 error 4 in lib_CIP.so[7ff3b77d2000+e000]
[153967.976942] Code: d0 83 e0 1f 48 d3 e8 48 89 d1 48 c1 e9 05 01 f8 4c 21 f9 41 89 c1 48 89 ce 49 8d 14 0a 48 c1 e6 04 4c 01 f6 49 89 d3 48 89 f5 <45> 0f b6 23 4d 89 dd 45 39 cc 74 37 45 0f b6 63 01 41 01 f9 45 39
[153967.978700] write_proc_unbounded: Value of write = 0
[153967.978711] write_proc_2mb_limit: Value of write = 0
[154074.030165] write_proc_unbounded: Value of write = 0
[154074.030185] write_proc_2mb_limit: Value of write = 0
[154074.030195] write_proc_bitmap_shift: Value of write = 38
[154074.041534] db_bench[101272]: segfault at 0 ip 00007f2b472511b5 sp 00007ffe9fa6adf0 error 4 in lib_CIP.so[7f2b4724a000+e000]
[154074.041548] Code: d0 83 e0 1f 48 d3 e8 48 89 d1 48 c1 e9 05 01 f8 4c 21 f9 41 89 c1 48 89 ce 49 8d 14 0a 48 c1 e6 04 4c 01 f6 49 89 d3 48 89 f5 <45> 0f b6 23 4d 89 dd 45 39 cc 74 37 45 0f b6 63 01 41 01 f9 45 39
[154074.042755] write_proc_unbounded: Value of write = 0
[154074.042767] write_proc_2mb_limit: Value of write = 0
[154117.113760] write_proc_unbounded: Value of write = 0
[154117.113781] write_proc_2mb_limit: Value of write = 0
[154117.113791] write_proc_bitmap_shift: Value of write = 38
[154117.125048] db_bench[102574]: segfault at 0 ip 00007f39868e81b5 sp 00007fff57705790 error 4 in lib_CIP.so[7f39868e1000+e000]
[154117.125059] Code: d0 83 e0 1f 48 d3 e8 48 89 d1 48 c1 e9 05 01 f8 4c 21 f9 41 89 c1 48 89 ce 49 8d 14 0a 48 c1 e6 04 4c 01 f6 49 89 d3 48 89 f5 <45> 0f b6 23 4d 89 dd 45 39 cc 74 37 45 0f b6 63 01 41 01 f9 45 39
[154117.126743] write_proc_unbounded: Value of write = 0
[154117.126754] write_proc_2mb_limit: Value of write = 0
[154189.128923] write_proc_unbounded: Value of write = 0
[154189.128943] write_proc_2mb_limit: Value of write = 0
[154189.128953] write_proc_bitmap_shift: Value of write = 38
[154189.140423] db_bench[104127]: segfault at 0 ip 00007f7e29f931b5 sp 00007fff74014cb0 error 4 in lib_CIP.so[7f7e29f8c000+e000]
[154189.140436] Code: d0 83 e0 1f 48 d3 e8 48 89 d1 48 c1 e9 05 01 f8 4c 21 f9 41 89 c1 48 89 ce 49 8d 14 0a 48 c1 e6 04 4c 01 f6 49 89 d3 48 89 f5 <45> 0f b6 23 4d 89 dd 45 39 cc 74 37 45 0f b6 63 01 41 01 f9 45 39
[154189.141778] write_proc_unbounded: Value of write = 0
[154189.141789] write_proc_2mb_limit: Value of write = 0
[154279.620264] write_proc_unbounded: Value of write = 0
[154279.620282] write_proc_2mb_limit: Value of write = 0
[154279.620293] write_proc_bitmap_shift: Value of write = 38
[154279.632134] db_bench[105455]: segfault at 0 ip 00007f87183071b5 sp 00007fffe16f4050 error 4 in lib_CIP.so[7f8718300000+e000]
[154279.632147] Code: d0 83 e0 1f 48 d3 e8 48 89 d1 48 c1 e9 05 01 f8 4c 21 f9 41 89 c1 48 89 ce 49 8d 14 0a 48 c1 e6 04 4c 01 f6 49 89 d3 48 89 f5 <45> 0f b6 23 4d 89 dd 45 39 cc 74 37 45 0f b6 63 01 41 01 f9 45 39
[154279.633151] write_proc_unbounded: Value of write = 0
[154279.633163] write_proc_2mb_limit: Value of write = 0
[154339.101652] write_proc_unbounded: Value of write = 0
[154339.101670] write_proc_2mb_limit: Value of write = 0
[154339.101682] write_proc_bitmap_shift: Value of write = 38
[154339.112833] db_bench[106468]: segfault at 0 ip 00007f1229fe41b5 sp 00007ffc0c456db0 error 4 in lib_CIP.so[7f1229fdd000+e000]
[154339.112845] Code: d0 83 e0 1f 48 d3 e8 48 89 d1 48 c1 e9 05 01 f8 4c 21 f9 41 89 c1 48 89 ce 49 8d 14 0a 48 c1 e6 04 4c 01 f6 49 89 d3 48 89 f5 <45> 0f b6 23 4d 89 dd 45 39 cc 74 37 45 0f b6 63 01 41 01 f9 45 39
[154339.113988] write_proc_unbounded: Value of write = 0
[154339.114002] write_proc_2mb_limit: Value of write = 0
[154430.043422] write_proc_unbounded: Value of write = 0
[154430.043443] write_proc_2mb_limit: Value of write = 0
[154430.043454] write_proc_bitmap_shift: Value of write = 38
[154430.056131] write_proc_unbounded: Value of write = 0
[154430.056146] write_proc_2mb_limit: Value of write = 0
[154430.056156] write_proc_bitmap_shift: Value of write = 38
[154435.865727] write_proc_unbounded: Value of write = 0
[154435.865750] write_proc_2mb_limit: Value of write = 0
[154585.584023] write_proc_unbounded: Value of write = 0
[154585.584042] write_proc_2mb_limit: Value of write = 0
[154585.584053] write_proc_bitmap_shift: Value of write = 38
[154585.596899] write_proc_unbounded: Value of write = 0
[154585.596917] write_proc_2mb_limit: Value of write = 0
[154585.596926] write_proc_bitmap_shift: Value of write = 38
[154587.387962] write_proc_unbounded: Value of write = 0
[154587.387981] write_proc_2mb_limit: Value of write = 0
[154617.359529] write_proc_unbounded: Value of write = 0
[154617.359543] write_proc_2mb_limit: Value of write = 0
[154617.359548] write_proc_bitmap_shift: Value of write = 38
[154617.372052] write_proc_unbounded: Value of write = 0
[154617.372064] write_proc_2mb_limit: Value of write = 0
[154617.372070] write_proc_bitmap_shift: Value of write = 38
[154619.747474] write_proc_unbounded: Value of write = 0
[154619.747489] write_proc_2mb_limit: Value of write = 0
[154619.760930] write_proc_unbounded: Value of write = 0
[154619.760945] write_proc_2mb_limit: Value of write = 0
