ENABLE_FILE_STATS in con
ENABLE_FILE_STATS in con
open error: IO error: While open a file for appending: /users/kannan11/ssd/sudarsun/prefetching/appbench/apps/rocksdb/DATA/002154.dbtmp: Too many open files
DESTRUCTOR GETTING CALLED 
PRINT_GLOBAL_STATS in dest
Set seed to 1660750824185890 because --seed was 0
Initializing RocksDB Options from the specified file
Initializing RocksDB Options from command-line flags
Integrated BlobDB: blob cache disabled
Command exited with non-zero status 1
	Command being timed: "./db_bench --db=/users/kannan11/ssd/sudarsun/prefetching/appbench/apps/rocksdb/DATA --value_size=4096 --wal_dir=/users/kannan11/ssd/sudarsun/prefetching/appbench/apps/rocksdb/DATA/WAL_LOG --sync=0 --key_size=1000 --write_buffer_size=67108864 --num=40000000 --benchmarks=readwhilescanning --use_existing_db=1 --mmap_read=0 --threads=8"
	User time (seconds): 1.64
	System time (seconds): 13.60
	Percent of CPU this job got: 166%
	Elapsed (wall clock) time (h:mm:ss or m:ss): 0:09.15
	Average shared text size (kbytes): 0
	Average unshared data size (kbytes): 0
	Average stack size (kbytes): 0
	Average total size (kbytes): 0
	Maximum resident set size (kbytes): 376356
	Average resident set size (kbytes): 0
	Major (requiring I/O) page faults: 88
	Minor (reclaiming a frame) page faults: 8427120
	Voluntary context switches: 9419
	Involuntary context switches: 53
	Swaps: 0
	File system inputs: 61351056
	File system outputs: 124880
	Socket messages sent: 0
	Socket messages received: 0
	Signals delivered: 0
	Page size (bytes): 4096
	Exit status: 1
DESTRUCTOR GETTING CALLED 
PRINT_GLOBAL_STATS in dest
[39265.637845] sh (7557): drop_caches: 3
[39265.668103] sh (7562): drop_caches: 3
[39270.693100] Enabled file stats for time:7569
[39270.693231] write_proc: Value of write = 1
[39270.699445] Enabled file stats for db_bench:7572
[39270.699577] write_proc: Value of write = 1
[39279.847060] write_proc: Value of write = 0
[39279.847075] __do_sys_start_cross_trace: PRINT_GLOBAL_STATS 
[39279.847076] Final GlobalReport: nr_pages_read:93231, nr_pages_hit:46012, nr_do_read_fault:2067, nr_pages_miss:123
[39279.847078] __do_sys_start_cross_trace: RESET_GLOBAL_STATS 
[39279.847126] FinalTaskReport: db_bench:7572 - ra_orig_nr_pages:0, ra_final_nr_pages:0
                                        async_pages:5932, final_async_pages:7944
                                        full_pfetches:0, less256_pfetches:0, partial_pfetches:0
                                        failed_pfetches:0, total_pfetches:0, os_pfetches:315
                                        nr_pages_read:44975, nr_pages_hit:41689, nr_do_read_fault:176
[39279.849359] write_proc: Value of write = 0
[39279.849374] __do_sys_start_cross_trace: PRINT_GLOBAL_STATS 
[39279.849375] Final GlobalReport: nr_pages_read:0, nr_pages_hit:0, nr_do_read_fault:5, nr_pages_miss:0
[39279.849377] __do_sys_start_cross_trace: RESET_GLOBAL_STATS 
[39279.849413] FinalTaskReport: time:7569 - ra_orig_nr_pages:0, ra_final_nr_pages:0
                                        async_pages:0, final_async_pages:25
                                        full_pfetches:0, less256_pfetches:0, partial_pfetches:0
                                        failed_pfetches:0, total_pfetches:0, os_pfetches:1
                                        nr_pages_read:0, nr_pages_hit:0, nr_do_read_fault:16
