ENABLE_FILE_STATS in con
ENABLE_FILE_STATS in con
open error: IO error: While open a file for appending: /users/kannan11/ssd/sudarsun/prefetching/appbench/apps/rocksdb/DATA/002142.dbtmp: Too many open files
DESTRUCTOR GETTING CALLED 
PRINT_GLOBAL_STATS in dest
Set seed to 1660750786717075 because --seed was 0
Initializing RocksDB Options from the specified file
Initializing RocksDB Options from command-line flags
Integrated BlobDB: blob cache disabled
Command exited with non-zero status 1
	Command being timed: "./db_bench --db=/users/kannan11/ssd/sudarsun/prefetching/appbench/apps/rocksdb/DATA --value_size=4096 --wal_dir=/users/kannan11/ssd/sudarsun/prefetching/appbench/apps/rocksdb/DATA/WAL_LOG --sync=0 --key_size=1000 --write_buffer_size=67108864 --num=40000000 --benchmarks=readwhilescanning --use_existing_db=1 --mmap_read=0 --threads=8"
	User time (seconds): 0.38
	System time (seconds): 0.38
	Percent of CPU this job got: 133%
	Elapsed (wall clock) time (h:mm:ss or m:ss): 0:00.57
	Average shared text size (kbytes): 0
	Average unshared data size (kbytes): 0
	Average stack size (kbytes): 0
	Average total size (kbytes): 0
	Maximum resident set size (kbytes): 349388
	Average resident set size (kbytes): 0
	Major (requiring I/O) page faults: 90
	Minor (reclaiming a frame) page faults: 103374
	Voluntary context switches: 11455
	Involuntary context switches: 5
	Swaps: 0
	File system inputs: 611064
	File system outputs: 124880
	Socket messages sent: 0
	Socket messages received: 0
	Signals delivered: 0
	Page size (bytes): 4096
	Exit status: 1
DESTRUCTOR GETTING CALLED 
PRINT_GLOBAL_STATS in dest
[39228.168634] sh (7439): drop_caches: 3
[39228.199878] sh (7444): drop_caches: 3
[39233.224709] Enabled file stats for time:7451
[39233.224859] write_proc: Value of write = 1
[39233.230710] Enabled file stats for db_bench:7454
[39233.230856] write_proc: Value of write = 1
[39233.801449] write_proc: Value of write = 0
[39233.801465] __do_sys_start_cross_trace: PRINT_GLOBAL_STATS 
[39233.801466] Final GlobalReport: nr_pages_read:1312, nr_pages_hit:788, nr_do_read_fault:2061, nr_pages_miss:4
[39233.801468] __do_sys_start_cross_trace: RESET_GLOBAL_STATS 
[39233.801519] FinalTaskReport: db_bench:7454 - ra_orig_nr_pages:0, ra_final_nr_pages:0
                                        async_pages:36356, final_async_pages:38592
                                        full_pfetches:0, less256_pfetches:0, partial_pfetches:0
                                        failed_pfetches:0, total_pfetches:0, os_pfetches:1283
                                        nr_pages_read:45138, nr_pages_hit:41731, nr_do_read_fault:174
[39233.804138] write_proc: Value of write = 0
[39233.804161] __do_sys_start_cross_trace: PRINT_GLOBAL_STATS 
[39233.804163] Final GlobalReport: nr_pages_read:0, nr_pages_hit:0, nr_do_read_fault:5, nr_pages_miss:0
[39233.804166] __do_sys_start_cross_trace: RESET_GLOBAL_STATS 
[39233.804217] FinalTaskReport: time:7451 - ra_orig_nr_pages:0, ra_final_nr_pages:0
                                        async_pages:0, final_async_pages:25
                                        full_pfetches:0, less256_pfetches:0, partial_pfetches:0
                                        failed_pfetches:0, total_pfetches:0, os_pfetches:1
                                        nr_pages_read:0, nr_pages_hit:0, nr_do_read_fault:15
