ENABLE_FILE_STATS in con
ENABLE_FILE_STATS in con
open error: IO error: While open a file for appending: /users/kannan11/ssd/sudarsun/prefetching/appbench/apps/rocksdb/DATA/002166.dbtmp: Too many open files
DESTRUCTOR GETTING CALLED 
PRINT_GLOBAL_STATS in dest
Set seed to 1660750851436422 because --seed was 0
Initializing RocksDB Options from the specified file
Initializing RocksDB Options from command-line flags
Integrated BlobDB: blob cache disabled
Command exited with non-zero status 1
	Command being timed: "./db_bench --db=/users/kannan11/ssd/sudarsun/prefetching/appbench/apps/rocksdb/DATA --value_size=4096 --wal_dir=/users/kannan11/ssd/sudarsun/prefetching/appbench/apps/rocksdb/DATA/WAL_LOG --sync=0 --key_size=1000 --write_buffer_size=67108864 --num=40000000 --benchmarks=readwhilescanning --use_existing_db=1 --mmap_read=0 --threads=8"
	User time (seconds): 0.39
	System time (seconds): 0.38
	Percent of CPU this job got: 135%
	Elapsed (wall clock) time (h:mm:ss or m:ss): 0:00.57
	Average shared text size (kbytes): 0
	Average unshared data size (kbytes): 0
	Average stack size (kbytes): 0
	Average total size (kbytes): 0
	Maximum resident set size (kbytes): 349320
	Average resident set size (kbytes): 0
	Major (requiring I/O) page faults: 91
	Minor (reclaiming a frame) page faults: 103410
	Voluntary context switches: 11346
	Involuntary context switches: 8
	Swaps: 0
	File system inputs: 610784
	File system outputs: 124888
	Socket messages sent: 0
	Socket messages received: 0
	Signals delivered: 0
	Page size (bytes): 4096
	Exit status: 1
DESTRUCTOR GETTING CALLED 
PRINT_GLOBAL_STATS in dest
[39292.887976] sh (7671): drop_caches: 3
[39292.918946] sh (7676): drop_caches: 3
[39297.943590] Enabled file stats for time:7683
[39297.943728] write_proc: Value of write = 0
[39297.950036] Enabled file stats for db_bench:7686
[39297.950185] write_proc: Value of write = 0
[39298.514338] write_proc: Value of write = 0
[39298.514354] __do_sys_start_cross_trace: PRINT_GLOBAL_STATS 
[39298.514355] Final GlobalReport: nr_pages_read:1312, nr_pages_hit:788, nr_do_read_fault:2103, nr_pages_miss:4
[39298.514357] __do_sys_start_cross_trace: RESET_GLOBAL_STATS 
[39298.514413] FinalTaskReport: db_bench:7686 - ra_orig_nr_pages:0, ra_final_nr_pages:0
                                        async_pages:36152, final_async_pages:38405
                                        full_pfetches:0, less256_pfetches:0, partial_pfetches:0
                                        failed_pfetches:0, total_pfetches:0, os_pfetches:1274
                                        nr_pages_read:44836, nr_pages_hit:41561, nr_do_read_fault:177
[39298.517084] write_proc: Value of write = 0
[39298.517106] __do_sys_start_cross_trace: PRINT_GLOBAL_STATS 
[39298.517107] Final GlobalReport: nr_pages_read:0, nr_pages_hit:0, nr_do_read_fault:5, nr_pages_miss:0
[39298.517110] __do_sys_start_cross_trace: RESET_GLOBAL_STATS 
[39298.517157] FinalTaskReport: time:7683 - ra_orig_nr_pages:0, ra_final_nr_pages:0
                                        async_pages:0, final_async_pages:25
                                        full_pfetches:0, less256_pfetches:0, partial_pfetches:0
                                        failed_pfetches:0, total_pfetches:0, os_pfetches:1
                                        nr_pages_read:0, nr_pages_hit:0, nr_do_read_fault:17
