ENABLE_FILE_STATS in con
ENABLE_FILE_STATS in con
open error: IO error: While open a file for appending: /users/kannan11/ssd/sudarsun/prefetching/appbench/apps/rocksdb/DATA/002190.dbtmp: Too many open files
DESTRUCTOR GETTING CALLED 
PRINT_GLOBAL_STATS in dest
Set seed to 1660750899702883 because --seed was 0
Initializing RocksDB Options from the specified file
Initializing RocksDB Options from command-line flags
Integrated BlobDB: blob cache disabled
Command exited with non-zero status 1
	Command being timed: "./db_bench --db=/users/kannan11/ssd/sudarsun/prefetching/appbench/apps/rocksdb/DATA --value_size=4096 --wal_dir=/users/kannan11/ssd/sudarsun/prefetching/appbench/apps/rocksdb/DATA/WAL_LOG --sync=0 --key_size=1000 --write_buffer_size=67108864 --num=40000000 --benchmarks=readwhilescanning --use_existing_db=1 --mmap_read=0 --threads=8"
	User time (seconds): 1.28
	System time (seconds): 27.76
	Percent of CPU this job got: 867%
	Elapsed (wall clock) time (h:mm:ss or m:ss): 0:03.34
	Average shared text size (kbytes): 0
	Average unshared data size (kbytes): 0
	Average stack size (kbytes): 0
	Average total size (kbytes): 0
	Maximum resident set size (kbytes): 33645556
	Average resident set size (kbytes): 0
	Major (requiring I/O) page faults: 89
	Minor (reclaiming a frame) page faults: 8427022
	Voluntary context switches: 38224
	Involuntary context switches: 3
	Swaps: 0
	File system inputs: 609432
	File system outputs: 124888
	Socket messages sent: 0
	Socket messages received: 0
	Signals delivered: 0
	Page size (bytes): 4096
	Exit status: 1
DESTRUCTOR GETTING CALLED 
PRINT_GLOBAL_STATS in dest
[39341.155005] sh (7954): drop_caches: 3
[39341.185918] sh (7959): drop_caches: 3
[39346.210298] Enabled file stats for time:7966
[39346.210435] write_proc: Value of write = 1
[39346.216627] Enabled file stats for db_bench:7969
[39346.216766] write_proc: Value of write = 1
[39348.570825] write_proc: Value of write = 0
[39348.570841] __do_sys_start_cross_trace: PRINT_GLOBAL_STATS 
[39348.570842] Final GlobalReport: nr_pages_read:93211, nr_pages_hit:46015, nr_do_read_fault:2082, nr_pages_miss:123
[39348.570844] __do_sys_start_cross_trace: RESET_GLOBAL_STATS 
[39348.570893] FinalTaskReport: db_bench:7969 - ra_orig_nr_pages:0, ra_final_nr_pages:0
                                        async_pages:36644, final_async_pages:38234
                                        full_pfetches:0, less256_pfetches:0, partial_pfetches:0
                                        failed_pfetches:0, total_pfetches:0, os_pfetches:1258
                                        nr_pages_read:44532, nr_pages_hit:41437, nr_do_read_fault:177
[39349.561417] write_proc: Value of write = 0
[39349.561437] __do_sys_start_cross_trace: PRINT_GLOBAL_STATS 
[39349.561438] Final GlobalReport: nr_pages_read:0, nr_pages_hit:0, nr_do_read_fault:6, nr_pages_miss:0
[39349.561440] __do_sys_start_cross_trace: RESET_GLOBAL_STATS 
[39349.561480] FinalTaskReport: time:7966 - ra_orig_nr_pages:0, ra_final_nr_pages:0
                                        async_pages:0, final_async_pages:25
                                        full_pfetches:0, less256_pfetches:0, partial_pfetches:0
                                        failed_pfetches:0, total_pfetches:0, os_pfetches:1
                                        nr_pages_read:0, nr_pages_hit:0, nr_do_read_fault:17
