ENABLE_FILE_STATS in con
ENABLE_FILE_STATS in con
open error: IO error: While open a file for appending: /users/kannan11/ssd/sudarsun/prefetching/appbench/apps/rocksdb/DATA/002130.dbtmp: Too many open files
DESTRUCTOR GETTING CALLED 
PRINT_GLOBAL_STATS in dest
Set seed to 1660750769517616 because --seed was 0
Initializing RocksDB Options from the specified file
Initializing RocksDB Options from command-line flags
Integrated BlobDB: blob cache disabled
Command exited with non-zero status 1
	Command being timed: "./db_bench --db=/users/kannan11/ssd/sudarsun/prefetching/appbench/apps/rocksdb/DATA --value_size=4096 --wal_dir=/users/kannan11/ssd/sudarsun/prefetching/appbench/apps/rocksdb/DATA/WAL_LOG --sync=0 --key_size=1000 --write_buffer_size=67108864 --num=40000000 --benchmarks=readwhilescanning --use_existing_db=1 --mmap_read=0 --threads=8"
	User time (seconds): 0.48
	System time (seconds): 2.38
	Percent of CPU this job got: 400%
	Elapsed (wall clock) time (h:mm:ss or m:ss): 0:00.71
	Average shared text size (kbytes): 0
	Average unshared data size (kbytes): 0
	Average stack size (kbytes): 0
	Average total size (kbytes): 0
	Maximum resident set size (kbytes): 414048
	Average resident set size (kbytes): 0
	Major (requiring I/O) page faults: 85
	Minor (reclaiming a frame) page faults: 947537
	Voluntary context switches: 16057
	Involuntary context switches: 6
	Swaps: 0
	File system inputs: 1027672
	File system outputs: 124880
	Socket messages sent: 0
	Socket messages received: 0
	Signals delivered: 0
	Page size (bytes): 4096
	Exit status: 1
DESTRUCTOR GETTING CALLED 
PRINT_GLOBAL_STATS in dest
[39210.969176] sh (7325): drop_caches: 3
[39211.000622] sh (7330): drop_caches: 3
[39216.025262] Enabled file stats for time:7337
[39216.025392] write_proc: Value of write = 0
[39216.031268] Enabled file stats for db_bench:7340
[39216.031407] write_proc: Value of write = 0
[39216.740182] write_proc: Value of write = 0
[39216.740197] __do_sys_start_cross_trace: PRINT_GLOBAL_STATS 
[39216.740198] Final GlobalReport: nr_pages_read:1312, nr_pages_hit:788, nr_do_read_fault:2066, nr_pages_miss:4
[39216.740200] __do_sys_start_cross_trace: RESET_GLOBAL_STATS 
[39216.740249] FinalTaskReport: db_bench:7340 - ra_orig_nr_pages:0, ra_final_nr_pages:0
                                        async_pages:36008, final_async_pages:38563
                                        full_pfetches:0, less256_pfetches:0, partial_pfetches:0
                                        failed_pfetches:0, total_pfetches:0, os_pfetches:1282
                                        nr_pages_read:45203, nr_pages_hit:41815, nr_do_read_fault:176
[39216.745107] write_proc: Value of write = 0
[39216.745124] __do_sys_start_cross_trace: PRINT_GLOBAL_STATS 
[39216.745125] Final GlobalReport: nr_pages_read:0, nr_pages_hit:0, nr_do_read_fault:7, nr_pages_miss:0
[39216.745127] __do_sys_start_cross_trace: RESET_GLOBAL_STATS 
[39216.745171] FinalTaskReport: time:7337 - ra_orig_nr_pages:0, ra_final_nr_pages:0
                                        async_pages:0, final_async_pages:25
                                        full_pfetches:0, less256_pfetches:0, partial_pfetches:0
                                        failed_pfetches:0, total_pfetches:0, os_pfetches:1
                                        nr_pages_read:0, nr_pages_hit:0, nr_do_read_fault:17
