RocksDB:    version 7.6.0
Date:       Sat Oct  8 00:05:27 2022
CPU:        128 * AMD EPYC 7543 32-Core Processor
CPUCache:   512 KB
Initializing RocksDB Options from the specified file
Initializing RocksDB Options from command-line flags
Integrated BlobDB: blob cache disabled
Keys:       1000 bytes each (+ 0 bytes user-defined timestamp)
Values:     4096 bytes each (2048 bytes after compression)
Entries:    0
Prefix:    0 bytes
Keys per prefix:    0
RawSize:    0.0 MB (estimated)
FileSize:   0.0 MB (estimated)
Write rate: 0 bytes/second
Read rate: 0 ops/second
Compression: Snappy
Compression sampling rate: 0
Memtablerep: SkipListFactory
Perf Level: 1
------------------------------------------------
DB path: [/users/kannan11/ssd/prefetching/appbench/apps/rocksdb/DATA]
readreverse  :     536.000 micros/op 6802 ops/sec 0.000 seconds 1 operations;
DESTRUCTOR GETTING CALLED 
PRINT_GLOBAL_LIB_STATS in dest
Total nr_ra = 36907
Total nr_bytes_ra = 154799177728
	Command being timed: "./db_bench --db=/users/kannan11/ssd/prefetching/appbench/apps/rocksdb/DATA --value_size=4096 --wal_dir=/users/kannan11/ssd/prefetching/appbench/apps/rocksdb/DATA/WAL_LOG --sync=0 --key_size=1000 --write_buffer_size=67108864 --num=0 --seed=1576170874 --benchmarks=readreverse --use_existing_db=1 --mmap_read=0 --threads=4"
	User time (seconds): 0.99
	System time (seconds): 12.38
	Percent of CPU this job got: 110%
	Elapsed (wall clock) time (h:mm:ss or m:ss): 0:12.09
	Average shared text size (kbytes): 0
	Average unshared data size (kbytes): 0
	Average stack size (kbytes): 0
	Average total size (kbytes): 0
	Maximum resident set size (kbytes): 13149952
	Average resident set size (kbytes): 0
	Major (requiring I/O) page faults: 83
	Minor (reclaiming a frame) page faults: 3287912
	Voluntary context switches: 11529
	Involuntary context switches: 345
	Swaps: 0
	File system inputs: 74701312
	File system outputs: 6640
	Socket messages sent: 0
	Socket messages received: 0
	Signals delivered: 0
	Page size (bytes): 4096
	Exit status: 0
DESTRUCTOR GETTING CALLED 
PRINT_GLOBAL_LIB_STATS in dest
Total nr_ra = 0
Total nr_bytes_ra = 0
[34830.876504] sh (40285): drop_caches: 3
[34830.921501] sh (40290): drop_caches: 3
[34835.956257] write_proc_unbounded: Value of write = 0
[34835.956270] write_proc_2mb_limit: Value of write = 0
[34835.956275] write_proc_bitmap_shift: Value of write = 38
[34835.964102] write_proc_unbounded: Value of write = 0
[34835.964115] write_proc_2mb_limit: Value of write = 0
[34835.964120] write_proc_bitmap_shift: Value of write = 38
[34847.786598] write_proc_unbounded: Value of write = 0
[34847.786609] write_proc_2mb_limit: Value of write = 0
[34848.048704] write_proc_unbounded: Value of write = 0
[34848.048716] write_proc_2mb_limit: Value of write = 0
