Received signal 11 (Segmentation fault)
#0   /usr/lib/lib_Cross_Blind.so(_Z13prefetcher_thPv+0x20) [0x7f824eb46250] ??	??:0	DESTRUCTOR GETTING CALLED 	PRINT_GLOBAL_LIB_STATS in dest	Total nr_ra = 0	Total nr_bytes_ra = 0	
#1   /usr/lib/lib_Cross_Blind.so(+0x7ab9) [0x7f824eb48ab9] Command terminated by signal 11
	Command being timed: "./db_bench --db=/users/kannan11/ssd/prefetching/appbench/apps/rocksdb/DATA --value_size=4096 --wal_dir=/users/kannan11/ssd/prefetching/appbench/apps/rocksdb/DATA/WAL_LOG --sync=0 --key_size=1000 --write_buffer_size=67108864 --num=0 --seed=1576170874 --benchmarks=readreverse --use_existing_db=1 --mmap_read=0 --threads=4"
	User time (seconds): 0.06
	System time (seconds): 0.61
	Percent of CPU this job got: 345%
	Elapsed (wall clock) time (h:mm:ss or m:ss): 0:00.19
	Average shared text size (kbytes): 0
	Average unshared data size (kbytes): 0
	Average stack size (kbytes): 0
	Average total size (kbytes): 0
	Maximum resident set size (kbytes): 41056
	Average resident set size (kbytes): 0
	Major (requiring I/O) page faults: 96
	Minor (reclaiming a frame) page faults: 11976
	Voluntary context switches: 781
	Involuntary context switches: 53
	Swaps: 0
	File system inputs: 585368
	File system outputs: 80
	Socket messages sent: 0
	Socket messages received: 0
	Signals delivered: 0
	Page size (bytes): 4096
	Exit status: 0
DESTRUCTOR GETTING CALLED 
PRINT_GLOBAL_LIB_STATS in dest
Total nr_ra = 0
Total nr_bytes_ra = 0
[34804.547866] sh (39936): drop_caches: 3
[34804.594113] sh (39941): drop_caches: 3
[34809.627646] write_proc_unbounded: Value of write = 0
[34809.627661] write_proc_2mb_limit: Value of write = 0
[34809.627668] write_proc_bitmap_shift: Value of write = 38
[34809.635594] write_proc_unbounded: Value of write = 0
[34809.635606] write_proc_2mb_limit: Value of write = 0
[34809.635611] write_proc_bitmap_shift: Value of write = 38
[34809.805142] write_proc_unbounded: Value of write = 0
[34809.805153] write_proc_2mb_limit: Value of write = 0
[34809.805157] write_proc_bitmap_shift: Value of write = 38
[34809.808910] write_proc_unbounded: Value of write = 0
[34809.808920] write_proc_2mb_limit: Value of write = 0
[34809.808924] write_proc_bitmap_shift: Value of write = 38
[34809.816086] write_proc_unbounded: Value of write = 0
[34809.816091] write_proc_2mb_limit: Value of write = 0
[34809.822317] traps: db_bench[40012] general protection fault ip:7f824eb46250 sp:7f823ce2aaa0 error:0 in lib_Cross_Blind.so[7f824eb41000+a000]
[34809.822485] write_proc_unbounded: Value of write = 0
[34809.822491] write_proc_2mb_limit: Value of write = 0
[34809.822494] write_proc_bitmap_shift: Value of write = 38
[34809.824495] write_proc_unbounded: Value of write = 0
[34809.824502] write_proc_2mb_limit: Value of write = 0
[34809.824506] write_proc_bitmap_shift: Value of write = 38
[34809.825657] write_proc_unbounded: Value of write = 0
[34809.825664] write_proc_2mb_limit: Value of write = 0
