Received signal 11 (Segmentation fault)
Command terminated by signal 11
	Command being timed: "./db_bench --db=/users/kannan11/ssd/prefetching/appbench/apps/rocksdb/DATA --value_size=4096 --wal_dir=/users/kannan11/ssd/prefetching/appbench/apps/rocksdb/DATA/WAL_LOG --sync=0 --key_size=1000 --write_buffer_size=67108864 --num=20000000 --seed=1576170874 --benchmarks=readrandom --use_existing_db=1 --mmap_read=0 --threads=16"
	User time (seconds): 0.06
	System time (seconds): 1.39
	Percent of CPU this job got: 468%
	Elapsed (wall clock) time (h:mm:ss or m:ss): 0:00.31
	Average shared text size (kbytes): 0
	Average unshared data size (kbytes): 0
	Average stack size (kbytes): 0
	Average total size (kbytes): 0
	Maximum resident set size (kbytes): 49280
	Average resident set size (kbytes): 0
	Major (requiring I/O) page faults: 80
	Minor (reclaiming a frame) page faults: 11208
	Voluntary context switches: 670
	Involuntary context switches: 18
	Swaps: 0
	File system inputs: 696784
	File system outputs: 72
	Socket messages sent: 0
	Socket messages received: 0
	Signals delivered: 0
	Page size (bytes): 4096
	Exit status: 0
DESTRUCTOR GETTING CALLED 
PRINT_GLOBAL_LIB_STATS in dest
Total nr_ra = 0
Total nr_bytes_ra = 0
[23898.083396] sh (24529): drop_caches: 3
[23898.130202] sh (24534): drop_caches: 3
[23903.162834] write_proc_unbounded: Value of write = 0
[23903.162849] write_proc_2mb_limit: Value of write = 0
[23903.162854] write_proc_bitmap_shift: Value of write = 38
[23903.170729] write_proc_unbounded: Value of write = 0
[23903.170743] write_proc_2mb_limit: Value of write = 0
[23903.170749] write_proc_bitmap_shift: Value of write = 38
[23903.467511] db_bench[24582]: segfault at 200 ip 00007f04b72e1250 sp 00007f04b1f78aa0 error 4 in lib_Cross_Blind.so[7f04b72dc000+a000]
[23903.467526] Code: 66 2e 0f 1f 84 00 00 00 00 00 41 56 41 55 31 c0 41 54 55 53 48 89 fb bf ba 00 00 00 e8 e9 eb ff ff 48 8b 43 40 48 85 c0 74 0f <0f> b6 80 60 01 00 00 84 c0 0f 85 81 00 00 00 48 89 df e8 a9 ef ff
[23903.475680] write_proc_unbounded: Value of write = 0
[23903.475686] write_proc_2mb_limit: Value of write = 0
