ENABLE_FILE_STATS in con
ENABLE_FILE_STATS in con
ENABLE_FILE_STATS in con
ENABLE_FILE_STATS in con
ENABLE_FILE_STATS in con
ENABLE_FILE_STATS in con
ENABLE_FILE_STATS in con
ENABLE_FILE_STATS in con
ENABLE_FILE_STATS in per_thread_ds
ENABLE_FILE_STATS in per_thread_ds
ENABLE_FILE_STATS in per_thread_ds
ENABLE_FILE_STATS in per_thread_ds
ENABLE_FILE_STATS in per_thread_ds
ENABLE_FILE_STATS in per_thread_ds
readahead_info: failed fd:6 TID:14449 err:-1
ENABLE_FILE_STATS in per_thread_ds
readahead_info: failed fd:6 TID:14444 err:-1
readahead_info: failed fd:6 TID:14448 err:-1
readahead_info: failed fd:6 TID:14450 err:-1
readahead_info: failed fd:6 TID:14447 err:-1
ERR:prefetcher_th, pg_diff==0
readahead_info: failed fd:6 TID:14446 err:-1
ENABLE_FILE_STATS in per_thread_ds
record_open: fd=12 filesize=214 is smaller than 5242880 bytes
record_open: fd=10 filesize=214 is smaller than 5242880 bytes
record_open: fd=8 filesize=214 is smaller than 5242880 bytes
record_open: fd=8 filesize=214 is smaller than 5242880 bytes
record_open: fd=8 filesize=214 is smaller than 5242880 bytes
record_open: fd=8 filesize=214 is smaller than 5242880 bytes
record_open: fd=8 filesize=214 is smaller than 5242880 bytes
record_open: fd=8 filesize=214 is smaller than 5242880 bytes
-------- Aggregate Performance --------
 READ Restart Perf: 3081.81 BW[MB/s] 12361326592 Bytes 3.82524 MaxTime[sec] 
Total nr_ra = 63
Total nr_bytes_ra = 264241152
Total nr_ra = 61
Total nr_bytes_ra = 255852544
Total nr_ra = 61
Total nr_bytes_ra = 255852544
Total nr_ra = 62
Total nr_bytes_ra = 260046848
Total nr_ra = 61
Total nr_bytes_ra = 255852544
Total nr_ra = 61
Total nr_bytes_ra = 255852544
Total nr_ra = 61
Total nr_bytes_ra = 255852544
Total nr_ra = 61
Total nr_bytes_ra = 255852544
DESTRUCTOR GETTING CALLED 
PRINT_GLOBAL_STATS in dest
PRINT_GLOBAL_LIB_STATS in dest
DESTRUCTOR GETTING CALLED 
PRINT_GLOBAL_STATS in dest
PRINT_GLOBAL_LIB_STATS in dest
DESTRUCTOR GETTING CALLED 
PRINT_GLOBAL_STATS in dest
PRINT_GLOBAL_LIB_STATS in dest
DESTRUCTOR GETTING CALLED 
PRINT_GLOBAL_STATS in dest
PRINT_GLOBAL_LIB_STATS in dest
DESTRUCTOR GETTING CALLED 
PRINT_GLOBAL_STATS in dest
PRINT_GLOBAL_LIB_STATS in dest
DESTRUCTOR GETTING CALLED 
PRINT_GLOBAL_STATS in dest
PRINT_GLOBAL_LIB_STATS in dest
DESTRUCTOR GETTING CALLED 
PRINT_GLOBAL_STATS in dest
PRINT_GLOBAL_LIB_STATS in dest
DESTRUCTOR GETTING CALLED 
PRINT_GLOBAL_STATS in dest
PRINT_GLOBAL_LIB_STATS in dest
[33157.112880] sh (14423): drop_caches: 3
[33157.176344] sh (14428): drop_caches: 3
[33157.220135] write_proc_unbounded: Value of write = 1
[33157.220136] write_proc_unbounded: Value of write = 1
[33157.220139] write_proc_unbounded: Value of write = 1
[33157.220158] write_proc_2mb_limit: Value of write = 1
[33157.220159] write_proc_unbounded: Value of write = 1
[33157.220162] write_proc_2mb_limit: Value of write = 1
[33157.220165] write_proc_2mb_limit: Value of write = 1
[33157.220176] write_proc_bitmap_shift: Value of write = 37
[33157.220178] write_proc_2mb_limit: Value of write = 1
[33157.220179] write_proc_bitmap_shift: Value of write = 37
[33157.220180] write_proc_bitmap_shift: Value of write = 37
[33157.220190] write_proc_bitmap_shift: Value of write = 37
[33157.220207] write_proc_unbounded: Value of write = 1
[33157.220214] write_proc_2mb_limit: Value of write = 1
[33157.220219] write_proc_bitmap_shift: Value of write = 37
[33157.220251] write_proc_unbounded: Value of write = 1
[33157.220260] write_proc_2mb_limit: Value of write = 1
[33157.220265] write_proc_bitmap_shift: Value of write = 37
[33157.220286] write_proc_unbounded: Value of write = 1
[33157.220290] write_proc_unbounded: Value of write = 1
[33157.220301] write_proc_2mb_limit: Value of write = 1
[33157.220304] write_proc_2mb_limit: Value of write = 1
[33157.220310] write_proc_bitmap_shift: Value of write = 37
[33157.220311] write_proc_bitmap_shift: Value of write = 37
[33161.183984] write_proc_unbounded: Value of write = 0
[33161.183984] write_proc_unbounded: Value of write = 0
[33161.183999] write_proc_2mb_limit: Value of write = 0
[33161.184000] write_proc_2mb_limit: Value of write = 0
[33161.184025] write_proc_unbounded: Value of write = 0
[33161.184031] write_proc_2mb_limit: Value of write = 0
[33161.184044] write_proc_unbounded: Value of write = 0
[33161.184048] write_proc_2mb_limit: Value of write = 0
[33161.184237] write_proc_unbounded: Value of write = 0
[33161.184243] write_proc_2mb_limit: Value of write = 0
[33161.184268] write_proc_unbounded: Value of write = 0
[33161.184276] write_proc_2mb_limit: Value of write = 0
[33161.184302] write_proc_unbounded: Value of write = 0
[33161.184307] write_proc_2mb_limit: Value of write = 0
[33161.184335] write_proc_unbounded: Value of write = 0
[33161.184341] write_proc_2mb_limit: Value of write = 0
