ENABLE_FILE_STATS in con
ENABLE_FILE_STATS in con
ENABLE_FILE_STATS in con
ENABLE_FILE_STATS in con
ENABLE_FILE_STATS in con
ENABLE_FILE_STATS in con
ENABLE_FILE_STATS in con
ENABLE_FILE_STATS in con
ENABLE_FILE_STATS in con
ENABLE_FILE_STATS in con
ENABLE_FILE_STATS in con
ENABLE_FILE_STATS in con
ENABLE_FILE_STATS in con
ENABLE_FILE_STATS in con
ENABLE_FILE_STATS in con
ENABLE_FILE_STATS in con
No pcbitmap
No pcbitmap
ENABLE_FILE_STATS in per_thread_ds
ENABLE_FILE_STATS in per_thread_ds
ENABLE_FILE_STATS in per_thread_ds
ENABLE_FILE_STATS in per_thread_ds
ENABLE_FILE_STATS in per_thread_ds
ENABLE_FILE_STATS in per_thread_ds
ENABLE_FILE_STATS in per_thread_ds
No pcbitmap
No pcbitmap
ENABLE_FILE_STATS in per_thread_ds
ENABLE_FILE_STATS in per_thread_ds
No pcbitmap
ENABLE_FILE_STATS in per_thread_ds
No pcbitmap
ENABLE_FILE_STATS in per_thread_ds
No pcbitmap
No pcbitmap
No pcbitmap
No pcbitmap
ENABLE_FILE_STATS in per_thread_ds
No pcbitmap
ENABLE_FILE_STATS in per_thread_ds
No pcbitmap
ENABLE_FILE_STATS in per_thread_ds
No pcbitmap
No pcbitmap
No pcbitmap
No pcbitmap
No pcbitmap
No pcbitmap
No pcbitmap
No pcbitmap
No pcbitmap
No pcbitmap
No pcbitmap
No pcbitmap
No pcbitmap
No pcbitmap
No pcbitmap
ENABLE_FILE_STATS in per_thread_ds
No pcbitmap
No pcbitmap
No pcbitmap
ENABLE_FILE_STATS in per_thread_ds
No pcbitmap
No pcbitmap
No pcbitmap
No pcbitmap
No pcbitmap
No pcbitmap
No pcbitmap
No pcbitmap
No pcbitmap
No pcbitmap
No pcbitmap
No pcbitmap
No pcbitmap
No pcbitmap
No pcbitmap
No pcbitmap
No pcbitmap
-------- Aggregate Performance --------
 READ Restart Perf: 1907.88 BW[MB/s] 12562653184 Bytes 6.27957 MaxTime[sec] 
Total nr_ra = 2921
Total nr_bytes_ra = 12251561984
Total nr_ra = 2906
Total nr_bytes_ra = 12188647424
DESTRUCTOR GETTING CALLED 
PRINT_GLOBAL_STATS in dest
PRINT_GLOBAL_LIB_STATS in dest
DESTRUCTOR GETTING CALLED 
PRINT_GLOBAL_STATS in dest
PRINT_GLOBAL_LIB_STATS in dest
DESTRUCTOR GETTING CALLED 
PRINT_GLOBAL_STATS in dest
PRINT_GLOBAL_LIB_STATS in dest
Total nr_ra = 5812
Total nr_bytes_ra = 24377294848
DESTRUCTOR GETTING CALLED 
PRINT_GLOBAL_STATS in dest
PRINT_GLOBAL_LIB_STATS in dest
Total nr_ra = 2926
Total nr_bytes_ra = 12272533504
DESTRUCTOR GETTING CALLED 
Total nr_ra = 2906
Total nr_bytes_ra = 12188647424
PRINT_GLOBAL_STATS in dest
PRINT_GLOBAL_LIB_STATS in dest
DESTRUCTOR GETTING CALLED 
PRINT_GLOBAL_STATS in dest
PRINT_GLOBAL_LIB_STATS in dest
Total nr_ra = 2906
Total nr_bytes_ra = 12188647424
DESTRUCTOR GETTING CALLED 
PRINT_GLOBAL_STATS in dest
PRINT_GLOBAL_LIB_STATS in dest
Total nr_ra = 2906
Total nr_bytes_ra = 12188647424
DESTRUCTOR GETTING CALLED 
PRINT_GLOBAL_STATS in dest
PRINT_GLOBAL_LIB_STATS in dest
Total nr_ra = 2907
Total nr_bytes_ra = 12192841728
DESTRUCTOR GETTING CALLED 
PRINT_GLOBAL_STATS in dest
PRINT_GLOBAL_LIB_STATS in dest
Total nr_ra = 2906
Total nr_bytes_ra = 12188647424
DESTRUCTOR GETTING CALLED 
PRINT_GLOBAL_STATS in dest
PRINT_GLOBAL_LIB_STATS in dest
Total nr_ra = 2907
Total nr_bytes_ra = 12192841728
Total nr_ra = 2906
Total nr_bytes_ra = 12188647424
DESTRUCTOR GETTING CALLED 
PRINT_GLOBAL_STATS in dest
PRINT_GLOBAL_LIB_STATS in dest
DESTRUCTOR GETTING CALLED 
PRINT_GLOBAL_STATS in dest
PRINT_GLOBAL_LIB_STATS in dest
Total nr_ra = 2906
Total nr_bytes_ra = 12188647424
DESTRUCTOR GETTING CALLED 
PRINT_GLOBAL_STATS in dest
PRINT_GLOBAL_LIB_STATS in dest
Total nr_ra = 2906
Total nr_bytes_ra = 12188647424
DESTRUCTOR GETTING CALLED 
Total nr_ra = 2906
Total nr_bytes_ra = 12188647424
PRINT_GLOBAL_STATS in dest
PRINT_GLOBAL_LIB_STATS in dest
DESTRUCTOR GETTING CALLED 
PRINT_GLOBAL_STATS in dest
PRINT_GLOBAL_LIB_STATS in dest
Total nr_ra = 2908
Total nr_bytes_ra = 12197036032
DESTRUCTOR GETTING CALLED 
PRINT_GLOBAL_STATS in dest
PRINT_GLOBAL_LIB_STATS in dest
Total nr_ra = 2907
Total nr_bytes_ra = 12192841728
[30645.924126] sh (12600): drop_caches: 3
[30645.978714] sh (12605): drop_caches: 3
[30646.018944] write_proc_unbounded: Value of write = 0
[30646.018953] write_proc_2mb_limit: Value of write = 0
[30646.018957] write_proc_unbounded: Value of write = 0
[30646.018957] write_proc_bitmap_shift: Value of write = 37
[30646.018959] write_proc_unbounded: Value of write = 0
[30646.018965] write_proc_unbounded: Value of write = 0
[30646.018967] write_proc_2mb_limit: Value of write = 0
[30646.018967] write_proc_2mb_limit: Value of write = 0
[30646.018972] write_proc_bitmap_shift: Value of write = 37
[30646.018972] write_proc_2mb_limit: Value of write = 0
[30646.018973] write_proc_bitmap_shift: Value of write = 37
[30646.018976] write_proc_unbounded: Value of write = 0
[30646.018977] write_proc_bitmap_shift: Value of write = 37
[30646.018981] write_proc_unbounded: Value of write = 0
[30646.018983] write_proc_2mb_limit: Value of write = 0
[30646.018983] write_proc_unbounded: Value of write = 0
[30646.018988] write_proc_2mb_limit: Value of write = 0
[30646.018989] write_proc_bitmap_shift: Value of write = 37
[30646.018992] write_proc_2mb_limit: Value of write = 0
[30646.018994] write_proc_unbounded: Value of write = 0
[30646.018996] write_proc_bitmap_shift: Value of write = 37
[30646.018997] write_proc_bitmap_shift: Value of write = 37
[30646.019001] write_proc_2mb_limit: Value of write = 0
[30646.019003] write_proc_unbounded: Value of write = 0
[30646.019005] write_proc_bitmap_shift: Value of write = 37
[30646.019006] write_proc_unbounded: Value of write = 0
[30646.019009] write_proc_unbounded: Value of write = 0
[30646.019011] write_proc_2mb_limit: Value of write = 0
[30646.019013] write_proc_unbounded: Value of write = 0
[30646.019014] write_proc_2mb_limit: Value of write = 0
[30646.019016] write_proc_bitmap_shift: Value of write = 37
[30646.019017] write_proc_2mb_limit: Value of write = 0
[30646.019020] write_proc_bitmap_shift: Value of write = 37
[30646.019021] write_proc_unbounded: Value of write = 0
[30646.019021] write_proc_unbounded: Value of write = 0
[30646.019022] write_proc_bitmap_shift: Value of write = 37
[30646.019022] write_proc_2mb_limit: Value of write = 0
[30646.019028] write_proc_bitmap_shift: Value of write = 37
[30646.019029] write_proc_2mb_limit: Value of write = 0
[30646.019030] write_proc_2mb_limit: Value of write = 0
[30646.019031] write_proc_unbounded: Value of write = 0
[30646.019034] write_proc_bitmap_shift: Value of write = 37
[30646.019037] write_proc_bitmap_shift: Value of write = 37
[30646.019037] write_proc_unbounded: Value of write = 0
[30646.019038] write_proc_2mb_limit: Value of write = 0
[30646.019043] write_proc_bitmap_shift: Value of write = 37
[30646.019045] write_proc_2mb_limit: Value of write = 0
[30646.019048] write_proc_bitmap_shift: Value of write = 37
[30652.435250] write_proc_unbounded: Value of write = 0
[30652.435261] write_proc_2mb_limit: Value of write = 0
[30652.435383] write_proc_unbounded: Value of write = 0
[30652.435392] write_proc_2mb_limit: Value of write = 0
[30652.435536] write_proc_unbounded: Value of write = 0
[30652.435543] write_proc_2mb_limit: Value of write = 0
[30652.435581] write_proc_unbounded: Value of write = 0
[30652.435588] write_proc_2mb_limit: Value of write = 0
[30652.435685] write_proc_unbounded: Value of write = 0
[30652.435689] write_proc_2mb_limit: Value of write = 0
[30652.435916] write_proc_unbounded: Value of write = 0
[30652.435921] write_proc_2mb_limit: Value of write = 0
[30652.436036] write_proc_unbounded: Value of write = 0
[30652.436043] write_proc_2mb_limit: Value of write = 0
[30652.436097] write_proc_unbounded: Value of write = 0
[30652.436102] write_proc_2mb_limit: Value of write = 0
[30652.436156] write_proc_unbounded: Value of write = 0
[30652.436172] write_proc_2mb_limit: Value of write = 0
[30652.436276] write_proc_unbounded: Value of write = 0
[30652.436286] write_proc_2mb_limit: Value of write = 0
[30652.436548] write_proc_unbounded: Value of write = 0
[30652.436555] write_proc_2mb_limit: Value of write = 0
[30652.436621] write_proc_unbounded: Value of write = 0
[30652.436633] write_proc_2mb_limit: Value of write = 0
[30652.436639] write_proc_unbounded: Value of write = 0
[30652.436660] write_proc_2mb_limit: Value of write = 0
[30652.436819] write_proc_unbounded: Value of write = 0
[30652.436840] write_proc_2mb_limit: Value of write = 0
[30652.436949] write_proc_unbounded: Value of write = 0
[30652.436965] write_proc_2mb_limit: Value of write = 0
[30652.439287] write_proc_unbounded: Value of write = 0
[30652.439294] write_proc_2mb_limit: Value of write = 0
