ENABLE_FILE_STATS in con
ENABLE_FILE_STATS in per_thread_ds
ENABLE_FILE_STATS in con
ENABLE_FILE_STATS in per_thread_ds
ENABLE_FILE_STATS in per_thread_ds
ENABLE_FILE_STATS in per_thread_ds
ENABLE_FILE_STATS in per_thread_ds
ENABLE_FILE_STATS in per_thread_ds
ENABLE_FILE_STATS in per_thread_ds
ENABLE_FILE_STATS in per_thread_ds
ENABLE_FILE_STATS in per_thread_ds
ENABLE_FILE_STATS in per_thread_ds
ENABLE_FILE_STATS in per_thread_ds
ENABLE_FILE_STATS in per_thread_ds
ENABLE_FILE_STATS in per_thread_ds
ENABLE_FILE_STATS in per_thread_ds
ENABLE_FILE_STATS in per_thread_ds
ENABLE_FILE_STATS in per_thread_ds
ERR:handle_open unable to add to uinode
ERR:handle_open unable to add to uinode
ERR:handle_open unable to add to uinode
Initializing RocksDB Options from the specified file
Initializing RocksDB Options from command-line flags
Integrated BlobDB: blob cache disabled
ERR:prefetcher_th, pg_diff==0
ERR:prefetcher_th, pg_diff==0
ERR:prefetcher_th, pg_diff==0
ERR:prefetcher_th, pg_diff==0
ERR:prefetcher_th, pg_diff==0
ERR:prefetcher_th, pg_diff==0
ERR:prefetcher_th, pg_diff==0
ERR:prefetcher_th, pg_diff==0
ERR:prefetcher_th, pg_diff==0
ERR:prefetcher_th, pg_diff==0
ERR:prefetcher_th, pg_diff==0
ERR:prefetcher_th, pg_diff==0
ERR:prefetcher_th, pg_diff==0
ERR:prefetcher_th, pg_diff==0
ERR:prefetcher_th, pg_diff==0
ERR:prefetcher_th, pg_diff==0
ERR:prefetcher_th, pg_diff==0
ERR:prefetcher_th, pg_diff==0
ERR:prefetcher_th, pg_diff==0
ERR:prefetcher_th, pg_diff==0
ERR:prefetcher_th, pg_diff==0
ERR:prefetcher_th, pg_diff==0
ERR:prefetcher_th, pg_diff==0
ERR:prefetcher_th, pg_diff==0
ERR:prefetcher_th, pg_diff==0
ERR:prefetcher_th, pg_diff==0
ERR:prefetcher_th, pg_diff==0
ERR:prefetcher_th, pg_diff==0
ERR:prefetcher_th, pg_diff==0
ERR:prefetcher_th, pg_diff==0
ERR:prefetcher_th, pg_diff==0
ERR:prefetcher_th, pg_diff==0
ERR:prefetcher_th, pg_diff==0
ERR:prefetcher_th, pg_diff==0
ERR:prefetcher_th, pg_diff==0
ERR:prefetcher_th, pg_diff==0
ERR:prefetcher_th, pg_diff==0
ERR:prefetcher_th, pg_diff==0
ERR:prefetcher_th, pg_diff==0
ERR:prefetcher_th, pg_diff==0
ERR:prefetcher_th, pg_diff==0
ERR:prefetcher_th, pg_diff==0
ERR:prefetcher_th, pg_diff==0
ERR:prefetcher_th, pg_diff==0
ERR:prefetcher_th, pg_diff==0
ERR:prefetcher_th, pg_diff==0
ERR:prefetcher_th, pg_diff==0
ERR:prefetcher_th, pg_diff==0
ERR:prefetcher_th, pg_diff==0
ERR:prefetcher_th, pg_diff==0
ERR:prefetcher_th, pg_diff==0
ERR:prefetcher_th, pg_diff==0
ERR:prefetcher_th, pg_diff==0
ERR:prefetcher_th, pg_diff==0
ERR:prefetcher_th, pg_diff==0
ERR:prefetcher_th, pg_diff==0
ERR:prefetcher_th, pg_diff==0
ERR:prefetcher_th, pg_diff==0
ERR:prefetcher_th, pg_diff==0
ERR:prefetcher_th, pg_diff==0
ERR:prefetcher_th, pg_diff==0
ERR:prefetcher_th, pg_diff==0
ERR:prefetcher_th, pg_diff==0
ERR:prefetcher_th, pg_diff==0
ERR:prefetcher_th, pg_diff==0
ERR:prefetcher_th, pg_diff==0
ERR:prefetcher_th, pg_diff==0
ERR:prefetcher_th, pg_diff==0
ERR:prefetcher_th, pg_diff==0
ERR:prefetcher_th, pg_diff==0
ERR:prefetcher_th, pg_diff==0
ERR:prefetcher_th, pg_diff==0
ERR:prefetcher_th, pg_diff==0
ERR:prefetcher_th, pg_diff==0
ERR:prefetcher_th, pg_diff==0
ERR:prefetcher_th, pg_diff==0
ERR:prefetcher_th, pg_diff==0
ERR:prefetcher_th, pg_diff==0
ERR:prefetcher_th, pg_diff==0
ERR:prefetcher_th, pg_diff==0
ERR:prefetcher_th, pg_diff==0
ERR:prefetcher_th, pg_diff==0
ERR:prefetcher_th, pg_diff==0
ERR:prefetcher_th, pg_diff==0
ERR:prefetcher_th, pg_diff==0
ERR:prefetcher_th, pg_diff==0
ERR:prefetcher_th, pg_diff==0
ERR:prefetcher_th, pg_diff==0
ERR:prefetcher_th, pg_diff==0
ERR:prefetcher_th, pg_diff==0
ERR:prefetcher_th, pg_diff==0
ERR:prefetcher_th, pg_diff==0
ERR:prefetcher_th, pg_diff==0
ERR:prefetcher_th, pg_diff==0
ERR:prefetcher_th, pg_diff==0
ERR:prefetcher_th, pg_diff==0
ERR:prefetcher_th, pg_diff==0
ERR:prefetcher_th, pg_diff==0
ERR:prefetcher_th, pg_diff==0
ERR:prefetcher_th, pg_diff==0
ERR:prefetcher_th, pg_diff==0
ERR:prefetcher_th, pg_diff==0
ERR:prefetcher_th, pg_diff==0
ERR:prefetcher_th, pg_diff==0
ERR:prefetcher_th, pg_diff==0
ERR:prefetcher_th, pg_diff==0
ERR:prefetcher_th, pg_diff==0
ERR:prefetcher_th, pg_diff==0
ERR:prefetcher_th, pg_diff==0
ERR:prefetcher_th, pg_diff==0
ERR:prefetcher_th, pg_diff==0
ERR:prefetcher_th, pg_diff==0
ERR:prefetcher_th, pg_diff==0
ERR:prefetcher_th, pg_diff==0
ERR:prefetcher_th, pg_diff==0
ERR:prefetcher_th, pg_diff==0
ERR:prefetcher_th, pg_diff==0
ERR:prefetcher_th, pg_diff==0
ERR:prefetcher_th, pg_diff==0
ERR:prefetcher_th, pg_diff==0
ERR:prefetcher_th, pg_diff==0
ERR:prefetcher_th, pg_diff==0
ERR:prefetcher_th, pg_diff==0
ERR:prefetcher_th, pg_diff==0
ERR:prefetcher_th, pg_diff==0
ERR:prefetcher_th, pg_diff==0
ERR:prefetcher_th, pg_diff==0
ERR:prefetcher_th, pgRocksDB:    version 7.6.0
Date:       Thu Sep 15 18:38:59 2022
CPU:        48 * AMD EPYC 7402P 24-Core Processor
CPUCache:   512 KB
Get returned an error: Corruption: bad entry in block
Received signal 6 (Aborted)
#0   /lib/x86_64-linux-gnu/libc.so.6(gsignal+0xc7) [0x7f37b23fbe87] put or merge error: Corruption: block checksum mismatch: stored = 2494015166, computed = 507212023, type = 1  in /users/kannan11/ssd/prefetching/appbench/apps/rocksdb/DATA/004805.sst offset 0 size 0
ENABLE_FILE_STATS in con
ENABLE_FILE_STATS in con	??	??:0	DESTRUCTOR GETTING CALLED 	PRINT_GLOBAL_STATS in dest	PRINT_GLOBAL_LIB_STATS in dest	Total nr_ra = 0	Total nr_bytes_ra = 0	
#1   /lib/x86_64-linux-gnu/libc.so.6(abort+0x141) [0x7f37b23fd7f1] ENABLE_FILE_STATS in con
ENABLE_FILE_STATS in con	??	??:0	DESTRUCTOR GETTING CALLED 	PRINT_GLOBAL_STATS in dest	PRINT_GLOBAL_LIB_STATS in dest	Total nr_ra = 0	Total nr_bytes_ra = 0	
#2   ./db_bench(+0xaf00e) [0x55ee532af00e] ENABLE_FILE_STATS in con
ENABLE_FILE_STATS in con	??	??:0	DESTRUCTOR GETTING CALLED 	PRINT_GLOBAL_STATS in dest	PRINT_GLOBAL_LIB_STATS in dest	Total nr_ra = 0	Total nr_bytes_ra = 0	
#3   ./db_bench(+0x906d9) [0x55ee532906d9] ENABLE_FILE_STATS in con
ENABLE_FILE_STATS in con	??	??:0	DESTRUCTOR GETTING CALLED 	PRINT_GLOBAL_STATS in dest	PRINT_GLOBAL_LIB_STATS in dest	Total nr_ra = 0	Total nr_bytes_ra = 0	
#4   ./db_bench(+0x27d252) [0x55ee5347d252] ENABLE_FILE_STATS in con
ENABLE_FILE_STATS in con	??	??:0	DESTRUCTOR GETTING CALLED 	PRINT_GLOBAL_STATS in dest	PRINT_GLOBAL_LIB_STATS in dest	Total nr_ra = 0	Total nr_bytes_ra = 0	
#5   /lib/x86_64-linux-gnu/libpthread.so.0(+0x76db) [0x7f37b42166db] ENABLE_FILE_STATS in con
ENABLE_FILE_STATS in con	??	??:0	DESTRUCTOR GETTING CALLED 	PRINT_GLOBAL_STATS in dest	PRINT_GLOBAL_LIB_STATS in dest	Total nr_ra = 0	Total nr_bytes_ra = 0	
#6   /lib/x86_64-linux-gnu/libc.so.6(clone+0x3f) [0x7f37b24de61f] ENABLE_FILE_STATS in con
ENABLE_FILE_STATS in con	??	??:0	DESTRUCTOR GETTING CALLED 	PRINT_GLOBAL_STATS in dest	PRINT_GLOBAL_LIB_STATS in dest	Total nr_ra = 0	Total nr_bytes_ra = 0	
Command terminated by signal 6
	Command being timed: "./db_bench --db=/users/kannan11/ssd/prefetching/appbench/apps/rocksdb/DATA --value_size=4096 --wal_dir=/users/kannan11/ssd/prefetching/appbench/apps/rocksdb/DATA/WAL_LOG --sync=0 --key_size=1000 --write_buffer_size=67108864 --num=5000000 --seed=1576170874 --benchmarks=readwhilewriting --use_existing_db=1 --mmap_read=0 --threads=1"
	User time (seconds): 0.18
	System time (seconds): 3.04
	Percent of CPU this job got: 51%
	Elapsed (wall clock) time (h:mm:ss or m:ss): 0:06.30
	Average shared text size (kbytes): 0
	Average unshared data size (kbytes): 0
	Average stack size (kbytes): 0
	Average total size (kbytes): 0
	Maximum resident set size (kbytes): 212328
	Average resident set size (kbytes): 0
	Major (requiring I/O) page faults: 113
	Minor (reclaiming a frame) page faults: 62314
	Voluntary context switches: 980
	Involuntary context switches: 44
	Swaps: 0
	File system inputs: 42860144
	File system outputs: 2240
	Socket messages sent: 0
	Socket messages received: 0
	Signals delivered: 0
	Page size (bytes): 4096
	Exit status: 0
DESTRUCTOR GETTING CALLED 
PRINT_GLOBAL_STATS in dest
PRINT_GLOBAL_LIB_STATS in dest
Total nr_ra = 0
Total nr_bytes_ra = 0
[104212.512881] sh (19351): drop_caches: 3
[104212.542411] sh (19356): drop_caches: 3
[104217.567756] write_proc_unbounded: Value of write = 0
[104217.567763] write_proc_2mb_limit: Value of write = 0
[104217.567766] write_proc_bitmap_shift: Value of write = 28
[104217.574302] write_proc_unbounded: Value of write = 0
[104217.574308] write_proc_2mb_limit: Value of write = 0
[104217.574312] write_proc_bitmap_shift: Value of write = 28
[104223.798365] write_proc_unbounded: Value of write = 0
[104223.798374] write_proc_2mb_limit: Value of write = 0
[104223.798377] write_proc_bitmap_shift: Value of write = 28
[104223.801043] write_proc_unbounded: Value of write = 0
[104223.801052] write_proc_2mb_limit: Value of write = 0
[104223.801056] write_proc_bitmap_shift: Value of write = 28
[104223.804734] write_proc_unbounded: Value of write = 0
[104223.804739] write_proc_2mb_limit: Value of write = 0
[104223.810731] write_proc_unbounded: Value of write = 0
[104223.810740] write_proc_2mb_limit: Value of write = 0
[104223.810744] write_proc_bitmap_shift: Value of write = 28
[104223.812515] write_proc_unbounded: Value of write = 0
[104223.812525] write_proc_2mb_limit: Value of write = 0
[104223.812529] write_proc_bitmap_shift: Value of write = 28
[104223.814419] write_proc_unbounded: Value of write = 0
[104223.814422] write_proc_2mb_limit: Value of write = 0
[104223.820194] write_proc_unbounded: Value of write = 0
[104223.820200] write_proc_2mb_limit: Value of write = 0
[104223.820203] write_proc_bitmap_shift: Value of write = 28
[104223.821958] write_proc_unbounded: Value of write = 0
[104223.821964] write_proc_2mb_limit: Value of write = 0
[104223.821967] write_proc_bitmap_shift: Value of write = 28
[104223.823933] write_proc_unbounded: Value of write = 0
[104223.823937] write_proc_2mb_limit: Value of write = 0
[104223.829299] write_proc_unbounded: Value of write = 0
[104223.829305] write_proc_2mb_limit: Value of write = 0
[104223.829308] write_proc_bitmap_shift: Value of write = 28
[104223.830994] write_proc_unbounded: Value of write = 0
[104223.831000] write_proc_2mb_limit: Value of write = 0
[104223.831003] write_proc_bitmap_shift: Value of write = 28
[104223.832868] write_proc_unbounded: Value of write = 0
[104223.832872] write_proc_2mb_limit: Value of write = 0
[104223.838428] write_proc_unbounded: Value of write = 0
[104223.838434] write_proc_2mb_limit: Value of write = 0
[104223.838437] write_proc_bitmap_shift: Value of write = 28
[104223.840107] write_proc_unbounded: Value of write = 0
[104223.840114] write_proc_2mb_limit: Value of write = 0
[104223.840117] write_proc_bitmap_shift: Value of write = 28
[104223.841961] write_proc_unbounded: Value of write = 0
[104223.841964] write_proc_2mb_limit: Value of write = 0
[104223.847127] write_proc_unbounded: Value of write = 0
[104223.847133] write_proc_2mb_limit: Value of write = 0
[104223.847136] write_proc_bitmap_shift: Value of write = 28
[104223.848458] write_proc_unbounded: Value of write = 0
[104223.848464] write_proc_2mb_limit: Value of write = 0
[104223.848467] write_proc_bitmap_shift: Value of write = 28
[104223.850248] write_proc_unbounded: Value of write = 0
[104223.850252] write_proc_2mb_limit: Value of write = 0
[104223.855948] write_proc_unbounded: Value of write = 0
[104223.855954] write_proc_2mb_limit: Value of write = 0
[104223.855957] write_proc_bitmap_shift: Value of write = 28
[104223.857203] write_proc_unbounded: Value of write = 0
[104223.857209] write_proc_2mb_limit: Value of write = 0
[104223.857213] write_proc_bitmap_shift: Value of write = 28
[104223.859149] write_proc_unbounded: Value of write = 0
[104223.859153] write_proc_2mb_limit: Value of write = 0
[104223.869767] write_proc_unbounded: Value of write = 0
[104223.869773] write_proc_2mb_limit: Value of write = 0
