ENABLE_FILE_STATS in con
ENABLE_FILE_STATS in con
RocksDB:    version 6.20
Date:       Wed Aug 10 18:34:52 2022
CPU:        48 * AMD EPYC 7402P 24-Core Processor
CPUCache:   512 KB
Get returned an error: Corruption: bad entry in block
Get returned an error: Corruption: bad entry in block
Get returned an error: Corruption: bad entry in block
Get returned an error: Corruption: bad entry in block
Command terminated by signal 6
	Command being timed: "./db_bench --db=/users/kannan11/ssd/sudarsun/prefetching/appbench/apps/rocksdb/DATA --value_size=4096 --wal_dir=/users/kannan11/ssd/sudarsun/prefetching/appbench/apps/rocksdb/DATA/WAL_LOG --sync=0 --key_size=1000 --write_buffer_size=67108864 --num=2000000 --benchmarks=readrandom --use_existing_db=1 --mmap_read=0 --threads=32"
	User time (seconds): 0.32
	System time (seconds): 5.45
	Percent of CPU this job got: 185%
	Elapsed (wall clock) time (h:mm:ss or m:ss): 0:03.12
	Average shared text size (kbytes): 0
	Average unshared data size (kbytes): 0
	Average stack size (kbytes): 0
	Average total size (kbytes): 0
	Maximum resident set size (kbytes): 307352
	Average resident set size (kbytes): 0
	Major (requiring I/O) page faults: 74
	Minor (reclaiming a frame) page faults: 1550456
	Voluntary context switches: 3047
	Involuntary context switches: 53
	Swaps: 0
	File system inputs: 21075368
	File system outputs: 1656
	Socket messages sent: 0
	Socket messages received: 0
	Signals delivered: 0
	Page size (bytes): 4096
	Exit status: 0
DESTRUCTOR GETTING CALLED 
PRINT_GLOBAL_STATS in dest
[ 9373.138670] free_cross_bitmap: releasing mem for inode with i_count 2
[ 9373.146009] free_cross_bitmap: releasing mem for inode with i_count 2
[ 9373.153199] free_cross_bitmap: releasing mem for inode with i_count 2
[ 9373.160274] free_cross_bitmap: releasing mem for inode with i_count 2
[ 9373.167160] free_cross_bitmap: releasing mem for inode with i_count 2
[ 9373.174112] free_cross_bitmap: releasing mem for inode with i_count 2
[ 9373.181079] free_cross_bitmap: releasing mem for inode with i_count 2
[ 9373.187998] free_cross_bitmap: releasing mem for inode with i_count 2
[ 9373.194984] free_cross_bitmap: releasing mem for inode with i_count 2
[ 9373.202276] free_cross_bitmap: releasing mem for inode with i_count 2
[ 9373.209240] free_cross_bitmap: releasing mem for inode with i_count 2
[ 9373.216528] free_cross_bitmap: releasing mem for inode with i_count 2
[ 9373.223487] free_cross_bitmap: releasing mem for inode with i_count 2
[ 9373.230668] free_cross_bitmap: releasing mem for inode with i_count 2
[ 9373.237596] free_cross_bitmap: releasing mem for inode with i_count 2
[ 9373.244915] free_cross_bitmap: releasing mem for inode with i_count 2
[ 9373.251939] free_cross_bitmap: releasing mem for inode with i_count 2
[ 9373.259108] free_cross_bitmap: releasing mem for inode with i_count 2
[ 9373.266079] free_cross_bitmap: releasing mem for inode with i_count 2
[ 9373.273095] free_cross_bitmap: releasing mem for inode with i_count 2
[ 9373.280276] free_cross_bitmap: releasing mem for inode with i_count 2
[ 9373.287758] free_cross_bitmap: releasing mem for inode with i_count 2
[ 9373.294768] free_cross_bitmap: releasing mem for inode with i_count 2
[ 9373.301671] free_cross_bitmap: releasing mem for inode with i_count 2
[ 9373.308696] free_cross_bitmap: releasing mem for inode with i_count 2
[ 9373.315610] free_cross_bitmap: releasing mem for inode with i_count 2
[ 9373.322623] free_cross_bitmap: releasing mem for inode with i_count 2
[ 9373.330165] free_cross_bitmap: releasing mem for inode with i_count 2
[ 9373.337175] free_cross_bitmap: releasing mem for inode with i_count 2
[ 9373.344128] free_cross_bitmap: releasing mem for inode with i_count 2
[ 9373.351359] free_cross_bitmap: releasing mem for inode with i_count 2
[ 9373.358719] free_cross_bitmap: releasing mem for inode with i_count 2
[ 9373.365989] free_cross_bitmap: releasing mem for inode with i_count 2
[ 9373.373391] free_cross_bitmap: releasing mem for inode with i_count 2
[ 9373.380536] free_cross_bitmap: releasing mem for inode with i_count 2
[ 9373.387689] free_cross_bitmap: releasing mem for inode with i_count 2
[ 9373.394885] free_cross_bitmap: releasing mem for inode with i_count 2
[ 9373.401852] free_cross_bitmap: releasing mem for inode with i_count 2
[ 9373.408968] free_cross_bitmap: releasing mem for inode with i_count 2
[ 9373.416327] free_cross_bitmap: releasing mem for inode with i_count 2
[ 9373.423311] free_cross_bitmap: releasing mem for inode with i_count 2
[ 9373.430315] free_cross_bitmap: releasing mem for inode with i_count 2
[ 9373.437304] free_cross_bitmap: releasing mem for inode with i_count 2
[ 9373.444296] free_cross_bitmap: releasing mem for inode with i_count 2
[ 9373.451333] free_cross_bitmap: releasing mem for inode with i_count 2
[ 9373.458700] free_cross_bitmap: releasing mem for inode with i_count 2
[ 9373.465630] free_cross_bitmap: releasing mem for inode with i_count 2
[ 9373.472605] free_cross_bitmap: releasing mem for inode with i_count 2
[ 9373.479555] free_cross_bitmap: releasing mem for inode with i_count 2
[ 9373.486568] free_cross_bitmap: releasing mem for inode with i_count 2
[ 9373.493554] free_cross_bitmap: releasing mem for inode with i_count 2
[ 9373.500832] free_cross_bitmap: releasing mem for inode with i_count 2
[ 9373.507803] free_cross_bitmap: releasing mem for inode with i_count 2
[ 9373.514815] free_cross_bitmap: releasing mem for inode with i_count 2
[ 9373.521763] free_cross_bitmap: releasing mem for inode with i_count 2
[ 9373.528753] free_cross_bitmap: releasing mem for inode with i_count 2
[ 9373.535752] free_cross_bitmap: releasing mem for inode with i_count 2
[ 9373.543105] free_cross_bitmap: releasing mem for inode with i_count 2
[ 9373.550093] free_cross_bitmap: releasing mem for inode with i_count 2
[ 9373.557065] free_cross_bitmap: releasing mem for inode with i_count 2
[ 9373.564041] free_cross_bitmap: releasing mem for inode with i_count 2
[ 9373.571037] free_cross_bitmap: releasing mem for inode with i_count 2
[ 9373.578021] free_cross_bitmap: releasing mem for inode with i_count 2
[ 9373.585358] free_cross_bitmap: releasing mem for inode with i_count 2
[ 9373.592288] free_cross_bitmap: releasing mem for inode with i_count 2
[ 9373.599263] free_cross_bitmap: releasing mem for inode with i_count 2
[ 9373.606215] free_cross_bitmap: releasing mem for inode with i_count 2
[ 9373.613176] free_cross_bitmap: releasing mem for inode with i_count 2
[ 9373.620094] free_cross_bitmap: releasing mem for inode with i_count 2
[ 9373.627529] free_cross_bitmap: releasing mem for inode with i_count 2
[ 9373.634498] free_cross_bitmap: releasing mem for inode with i_count 2
[ 9373.641447] free_cross_bitmap: releasing mem for inode with i_count 2
[ 9373.648386] free_cross_bitmap: releasing mem for inode with i_count 2
[ 9373.655362] free_cross_bitmap: releasing mem for inode with i_count 2
[ 9373.662294] free_cross_bitmap: releasing mem for inode with i_count 2
[ 9373.669599] free_cross_bitmap: releasing mem for inode with i_count 2
[ 9373.676537] free_cross_bitmap: releasing mem for inode with i_count 2
[ 9373.683518] free_cross_bitmap: releasing mem for inode with i_count 2
[ 9373.690432] free_cross_bitmap: releasing mem for inode with i_count 2
[ 9373.697424] free_cross_bitmap: releasing mem for inode with i_count 2
[ 9373.704411] free_cross_bitmap: releasing mem for inode with i_count 2
[ 9373.711771] free_cross_bitmap: releasing mem for inode with i_count 2
[ 9373.718738] free_cross_bitmap: releasing mem for inode with i_count 2
[ 9373.725682] free_cross_bitmap: releasing mem for inode with i_count 2
[ 9373.732653] free_cross_bitmap: releasing mem for inode with i_count 2
[ 9373.739650] free_cross_bitmap: releasing mem for inode with i_count 2
[ 9373.746563] free_cross_bitmap: releasing mem for inode with i_count 2
[ 9373.753879] free_cross_bitmap: releasing mem for inode with i_count 2
[ 9373.760825] free_cross_bitmap: releasing mem for inode with i_count 2
[ 9373.767785] free_cross_bitmap: releasing mem for inode with i_count 2
[ 9373.774758] free_cross_bitmap: releasing mem for inode with i_count 2
[ 9373.781664] free_cross_bitmap: releasing mem for inode with i_count 2
[ 9373.788671] free_cross_bitmap: releasing mem for inode with i_count 2
[ 9373.795917] free_cross_bitmap: releasing mem for inode with i_count 2
[ 9373.802840] free_cross_bitmap: releasing mem for inode with i_count 2
[ 9373.809845] free_cross_bitmap: releasing mem for inode with i_count 2
[ 9373.816799] free_cross_bitmap: releasing mem for inode with i_count 2
[ 9373.823795] free_cross_bitmap: releasing mem for inode with i_count 2
[ 9373.830723] free_cross_bitmap: releasing mem for inode with i_count 2
[ 9373.838015] free_cross_bitmap: releasing mem for inode with i_count 2
[ 9373.844976] free_cross_bitmap: releasing mem for inode with i_count 2
[ 9373.851871] free_cross_bitmap: releasing mem for inode with i_count 2
[ 9373.858812] free_cross_bitmap: releasing mem for inode with i_count 2
[ 9373.865800] free_cross_bitmap: releasing mem for inode with i_count 2
[ 9373.872792] free_cross_bitmap: releasing mem for inode with i_count 2
[ 9373.880101] free_cross_bitmap: releasing mem for inode with i_count 2
[ 9373.887092] free_cross_bitmap: releasing mem for inode with i_count 2
[ 9373.894083] free_cross_bitmap: releasing mem for inode with i_count 2
[ 9373.901047] free_cross_bitmap: releasing mem for inode with i_count 2
[ 9373.908058] free_cross_bitmap: releasing mem for inode with i_count 2
[ 9373.915042] free_cross_bitmap: releasing mem for inode with i_count 2
[ 9373.922507] free_cross_bitmap: releasing mem for inode with i_count 2
[ 9373.929483] free_cross_bitmap: releasing mem for inode with i_count 2
[ 9373.936425] free_cross_bitmap: releasing mem for inode with i_count 2
[ 9373.943377] free_cross_bitmap: releasing mem for inode with i_count 2
[ 9373.950333] free_cross_bitmap: releasing mem for inode with i_count 2
[ 9373.957346] free_cross_bitmap: releasing mem for inode with i_count 2
[ 9373.964703] free_cross_bitmap: releasing mem for inode with i_count 2
[ 9373.971635] free_cross_bitmap: releasing mem for inode with i_count 2
[ 9373.978606] free_cross_bitmap: releasing mem for inode with i_count 2
[ 9373.985566] free_cross_bitmap: releasing mem for inode with i_count 2
[ 9373.992477] free_cross_bitmap: releasing mem for inode with i_count 2
[ 9373.999437] free_cross_bitmap: releasing mem for inode with i_count 2
[ 9374.006661] free_cross_bitmap: releasing mem for inode with i_count 2
[ 9374.013611] free_cross_bitmap: releasing mem for inode with i_count 2
[ 9374.020574] free_cross_bitmap: releasing mem for inode with i_count 2
[ 9374.027488] free_cross_bitmap: releasing mem for inode with i_count 2
[ 9374.034467] free_cross_bitmap: releasing mem for inode with i_count 2
[ 9374.041405] free_cross_bitmap: releasing mem for inode with i_count 2
[ 9374.048706] free_cross_bitmap: releasing mem for inode with i_count 2
[ 9374.055626] free_cross_bitmap: releasing mem for inode with i_count 2
[ 9374.062521] free_cross_bitmap: releasing mem for inode with i_count 2
[ 9374.069471] free_cross_bitmap: releasing mem for inode with i_count 2
[ 9374.076408] free_cross_bitmap: releasing mem for inode with i_count 2
[ 9374.083310] free_cross_bitmap: releasing mem for inode with i_count 2
[ 9374.090768] free_cross_bitmap: releasing mem for inode with i_count 2
[ 9374.097692] free_cross_bitmap: releasing mem for inode with i_count 2
[ 9374.104644] free_cross_bitmap: releasing mem for inode with i_count 2
[ 9374.111600] free_cross_bitmap: releasing mem for inode with i_count 2
[ 9374.118514] free_cross_bitmap: releasing mem for inode with i_count 2
[ 9374.125469] free_cross_bitmap: releasing mem for inode with i_count 2
[ 9374.133001] free_cross_bitmap: releasing mem for inode with i_count 2
[ 9374.139912] free_cross_bitmap: releasing mem for inode with i_count 2
[ 9374.146856] free_cross_bitmap: releasing mem for inode with i_count 2
[ 9374.153769] free_cross_bitmap: releasing mem for inode with i_count 2
[ 9374.160679] free_cross_bitmap: releasing mem for inode with i_count 2
[ 9374.167607] free_cross_bitmap: releasing mem for inode with i_count 2
[ 9374.174849] free_cross_bitmap: releasing mem for inode with i_count 2
[ 9374.181761] free_cross_bitmap: releasing mem for inode with i_count 2
[ 9374.188669] free_cross_bitmap: releasing mem for inode with i_count 2
[ 9374.195612] free_cross_bitmap: releasing mem for inode with i_count 2
[ 9374.202520] free_cross_bitmap: releasing mem for inode with i_count 2
[ 9374.209438] free_cross_bitmap: releasing mem for inode with i_count 2
[ 9374.216711] free_cross_bitmap: releasing mem for inode with i_count 2
[ 9374.223621] free_cross_bitmap: releasing mem for inode with i_count 2
[ 9374.230513] free_cross_bitmap: releasing mem for inode with i_count 2
[ 9374.237424] free_cross_bitmap: releasing mem for inode with i_count 2
[ 9374.244311] free_cross_bitmap: releasing mem for inode with i_count 2
[ 9374.251218] free_cross_bitmap: releasing mem for inode with i_count 2
[ 9374.258511] free_cross_bitmap: releasing mem for inode with i_count 2
[ 9374.265445] free_cross_bitmap: releasing mem for inode with i_count 2
[ 9374.272399] free_cross_bitmap: releasing mem for inode with i_count 2
[ 9374.279306] free_cross_bitmap: releasing mem for inode with i_count 2
[ 9374.286270] free_cross_bitmap: releasing mem for inode with i_count 2
[ 9374.293184] free_cross_bitmap: releasing mem for inode with i_count 2
[ 9374.300358] free_cross_bitmap: releasing mem for inode with i_count 2
[ 9374.307288] free_cross_bitmap: releasing mem for inode with i_count 2
[ 9374.314175] free_cross_bitmap: releasing mem for inode with i_count 2
[ 9374.321077] free_cross_bitmap: releasing mem for inode with i_count 2
[ 9374.327982] free_cross_bitmap: releasing mem for inode with i_count 2
[ 9374.334897] free_cross_bitmap: releasing mem for inode with i_count 2
[ 9374.342322] free_cross_bitmap: releasing mem for inode with i_count 2
[ 9374.349273] free_cross_bitmap: releasing mem for inode with i_count 2
[ 9374.356202] free_cross_bitmap: releasing mem for inode with i_count 2
[ 9374.363124] free_cross_bitmap: releasing mem for inode with i_count 2
[ 9374.370046] free_cross_bitmap: releasing mem for inode with i_count 2
[ 9374.377002] free_cross_bitmap: releasing mem for inode with i_count 2
[ 9374.384331] free_cross_bitmap: releasing mem for inode with i_count 2
[ 9374.391227] free_cross_bitmap: releasing mem for inode with i_count 2
[ 9374.398176] free_cross_bitmap: releasing mem for inode with i_count 2
[ 9374.405088] free_cross_bitmap: releasing mem for inode with i_count 2
[ 9374.411999] free_cross_bitmap: releasing mem for inode with i_count 2
[ 9374.418909] free_cross_bitmap: releasing mem for inode with i_count 2
[ 9374.426154] free_cross_bitmap: releasing mem for inode with i_count 2
[ 9374.433118] free_cross_bitmap: releasing mem for inode with i_count 2
[ 9374.441894] free_cross_bitmap: releasing mem for inode with i_count 2
[ 9374.449155] sh (13411): drop_caches: 3
[ 9374.482624] sh (13602): drop_caches: 3
[ 9379.508644] Enabled file stats for time:13609
[ 9379.508872] write_proc: Value of write = 1
[ 9379.514359] Enabled file stats for db_bench:13618
[ 9379.514564] write_proc: Value of write = 1
[ 9379.541625] alloc_cross_bitmap: preallocate 268435456 pg, nr_longs=4194304 in 16 millisec
[ 9379.541685] alloc_cross_bitmap: preallocate 268435456 pg, nr_longs=4194304 in 16 millisec
[ 9379.542613] alloc_cross_bitmap: preallocate 268435456 pg, nr_longs=4194304 in 20 millisec
[ 9379.542915] alloc_cross_bitmap: preallocate 268435456 pg, nr_longs=4194304 in 20 millisec
[ 9379.542933] alloc_cross_bitmap: preallocate 268435456 pg, nr_longs=4194304 in 20 millisec
[ 9379.543250] alloc_cross_bitmap: preallocate 268435456 pg, nr_longs=4194304 in 20 millisec
[ 9379.543285] alloc_cross_bitmap: preallocate 268435456 pg, nr_longs=4194304 in 16 millisec
[ 9379.543282] alloc_cross_bitmap: preallocate 268435456 pg, nr_longs=4194304 in 20 millisec
[ 9379.543396] alloc_cross_bitmap: preallocate 268435456 pg, nr_longs=4194304 in 16 millisec
[ 9379.543415] alloc_cross_bitmap: preallocate 268435456 pg, nr_longs=4194304 in 20 millisec
[ 9379.543433] alloc_cross_bitmap: preallocate 268435456 pg, nr_longs=4194304 in 16 millisec
[ 9379.543582] alloc_cross_bitmap: preallocate 268435456 pg, nr_longs=4194304 in 16 millisec
[ 9379.543624] alloc_cross_bitmap: preallocate 268435456 pg, nr_longs=4194304 in 16 millisec
[ 9379.543631] alloc_cross_bitmap: preallocate 268435456 pg, nr_longs=4194304 in 16 millisec
[ 9379.543646] alloc_cross_bitmap: preallocate 268435456 pg, nr_longs=4194304 in 16 millisec
[ 9379.543769] alloc_cross_bitmap: preallocate 268435456 pg, nr_longs=4194304 in 16 millisec
[ 9379.550841] alloc_cross_bitmap: preallocate 268435456 pg, nr_longs=4194304 in 8 millisec
[ 9379.552652] alloc_cross_bitmap: preallocate 268435456 pg, nr_longs=4194304 in 8 millisec
[ 9379.558096] alloc_cross_bitmap: preallocate 268435456 pg, nr_longs=4194304 in 12 millisec
[ 9379.558988] alloc_cross_bitmap: preallocate 268435456 pg, nr_longs=4194304 in 16 millisec
[ 9379.559743] alloc_cross_bitmap: preallocate 268435456 pg, nr_longs=4194304 in 16 millisec
[ 9379.559877] alloc_cross_bitmap: preallocate 268435456 pg, nr_longs=4194304 in 16 millisec
[ 9379.560456] alloc_cross_bitmap: preallocate 268435456 pg, nr_longs=4194304 in 16 millisec
[ 9379.560656] alloc_cross_bitmap: preallocate 268435456 pg, nr_longs=4194304 in 16 millisec
[ 9379.560957] alloc_cross_bitmap: preallocate 268435456 pg, nr_longs=4194304 in 16 millisec
[ 9379.561332] alloc_cross_bitmap: preallocate 268435456 pg, nr_longs=4194304 in 16 millisec
[ 9379.561763] alloc_cross_bitmap: preallocate 268435456 pg, nr_longs=4194304 in 16 millisec
[ 9379.561946] alloc_cross_bitmap: preallocate 268435456 pg, nr_longs=4194304 in 16 millisec
[ 9379.562221] alloc_cross_bitmap: preallocate 268435456 pg, nr_longs=4194304 in 12 millisec
[ 9379.562264] alloc_cross_bitmap: preallocate 268435456 pg, nr_longs=4194304 in 20 millisec
[ 9379.562667] alloc_cross_bitmap: preallocate 268435456 pg, nr_longs=4194304 in 20 millisec
[ 9379.562965] alloc_cross_bitmap: preallocate 268435456 pg, nr_longs=4194304 in 12 millisec
[ 9379.564018] alloc_cross_bitmap: preallocate 268435456 pg, nr_longs=4194304 in 4 millisec
[ 9379.565441] alloc_cross_bitmap: preallocate 268435456 pg, nr_longs=4194304 in 4 millisec
[ 9379.566848] alloc_cross_bitmap: preallocate 268435456 pg, nr_longs=4194304 in 8 millisec
[ 9379.566929] alloc_cross_bitmap: preallocate 268435456 pg, nr_longs=4194304 in 8 millisec
[ 9379.567881] alloc_cross_bitmap: preallocate 268435456 pg, nr_longs=4194304 in 4 millisec
[ 9379.567888] alloc_cross_bitmap: preallocate 268435456 pg, nr_longs=4194304 in 4 millisec
[ 9379.571007] alloc_cross_bitmap: preallocate 268435456 pg, nr_longs=4194304 in 8 millisec
[ 9379.575577] alloc_cross_bitmap: preallocate 268435456 pg, nr_longs=4194304 in 12 millisec
[ 9379.575863] alloc_cross_bitmap: preallocate 268435456 pg, nr_longs=4194304 in 12 millisec
[ 9379.576633] alloc_cross_bitmap: preallocate 268435456 pg, nr_longs=4194304 in 12 millisec
[ 9379.576679] alloc_cross_bitmap: preallocate 268435456 pg, nr_longs=4194304 in 12 millisec
[ 9379.576738] alloc_cross_bitmap: preallocate 268435456 pg, nr_longs=4194304 in 12 millisec
[ 9379.577054] alloc_cross_bitmap: preallocate 268435456 pg, nr_longs=4194304 in 12 millisec
[ 9379.577285] alloc_cross_bitmap: preallocate 268435456 pg, nr_longs=4194304 in 12 millisec
[ 9379.577803] alloc_cross_bitmap: preallocate 268435456 pg, nr_longs=4194304 in 12 millisec
[ 9379.577963] alloc_cross_bitmap: preallocate 268435456 pg, nr_longs=4194304 in 12 millisec
[ 9379.578301] alloc_cross_bitmap: preallocate 268435456 pg, nr_longs=4194304 in 12 millisec
[ 9379.579544] alloc_cross_bitmap: preallocate 268435456 pg, nr_longs=4194304 in 12 millisec
[ 9379.580363] alloc_cross_bitmap: preallocate 268435456 pg, nr_longs=4194304 in 8 millisec
[ 9379.580504] alloc_cross_bitmap: preallocate 268435456 pg, nr_longs=4194304 in 8 millisec
[ 9379.597169] alloc_cross_bitmap: preallocate 268435456 pg, nr_longs=4194304 in 4 millisec
[ 9379.674675] alloc_cross_bitmap: preallocate 268435456 pg, nr_longs=4194304 in 12 millisec
[ 9379.675344] alloc_cross_bitmap: preallocate 268435456 pg, nr_longs=4194304 in 12 millisec
[ 9379.675414] alloc_cross_bitmap: preallocate 268435456 pg, nr_longs=4194304 in 12 millisec
[ 9379.676612] alloc_cross_bitmap: preallocate 268435456 pg, nr_longs=4194304 in 12 millisec
[ 9379.676631] alloc_cross_bitmap: preallocate 268435456 pg, nr_longs=4194304 in 12 millisec
[ 9379.676686] alloc_cross_bitmap: preallocate 268435456 pg, nr_longs=4194304 in 12 millisec
[ 9379.676730] alloc_cross_bitmap: preallocate 268435456 pg, nr_longs=4194304 in 12 millisec
[ 9379.676748] alloc_cross_bitmap: preallocate 268435456 pg, nr_longs=4194304 in 12 millisec
[ 9379.676756] alloc_cross_bitmap: preallocate 268435456 pg, nr_longs=4194304 in 12 millisec
[ 9379.676769] alloc_cross_bitmap: preallocate 268435456 pg, nr_longs=4194304 in 12 millisec
[ 9379.676775] alloc_cross_bitmap: preallocate 268435456 pg, nr_longs=4194304 in 12 millisec
[ 9379.676799] alloc_cross_bitmap: preallocate 268435456 pg, nr_longs=4194304 in 12 millisec
[ 9379.676839] alloc_cross_bitmap: preallocate 268435456 pg, nr_longs=4194304 in 12 millisec
[ 9379.676863] alloc_cross_bitmap: preallocate 268435456 pg, nr_longs=4194304 in 12 millisec
[ 9379.676878] alloc_cross_bitmap: preallocate 268435456 pg, nr_longs=4194304 in 12 millisec
[ 9379.803842] alloc_cross_bitmap: preallocate 268435456 pg, nr_longs=4194304 in 4 millisec
[ 9379.804821] alloc_cross_bitmap: preallocate 268435456 pg, nr_longs=4194304 in 4 millisec
[ 9379.807800] alloc_cross_bitmap: preallocate 268435456 pg, nr_longs=4194304 in 8 millisec
[ 9379.808322] alloc_cross_bitmap: preallocate 268435456 pg, nr_longs=4194304 in 8 millisec
[ 9379.809026] alloc_cross_bitmap: preallocate 268435456 pg, nr_longs=4194304 in 8 millisec
[ 9379.809477] alloc_cross_bitmap: preallocate 268435456 pg, nr_longs=4194304 in 8 millisec
[ 9379.809945] alloc_cross_bitmap: preallocate 268435456 pg, nr_longs=4194304 in 8 millisec
[ 9379.811517] alloc_cross_bitmap: preallocate 268435456 pg, nr_longs=4194304 in 8 millisec
[ 9379.813264] alloc_cross_bitmap: preallocate 268435456 pg, nr_longs=4194304 in 8 millisec
[ 9379.813475] alloc_cross_bitmap: preallocate 268435456 pg, nr_longs=4194304 in 8 millisec
[ 9379.813725] alloc_cross_bitmap: preallocate 268435456 pg, nr_longs=4194304 in 8 millisec
[ 9379.813827] alloc_cross_bitmap: preallocate 268435456 pg, nr_longs=4194304 in 8 millisec
[ 9379.814033] alloc_cross_bitmap: preallocate 268435456 pg, nr_longs=4194304 in 8 millisec
[ 9379.814072] alloc_cross_bitmap: preallocate 268435456 pg, nr_longs=4194304 in 8 millisec
[ 9380.047491] alloc_cross_bitmap: preallocate 268435456 pg, nr_longs=4194304 in 4 millisec
[ 9380.048690] alloc_cross_bitmap: preallocate 268435456 pg, nr_longs=4194304 in 4 millisec
[ 9380.058449] alloc_cross_bitmap: preallocate 268435456 pg, nr_longs=4194304 in 4 millisec
[ 9380.060807] alloc_cross_bitmap: preallocate 268435456 pg, nr_longs=4194304 in 4 millisec
[ 9380.062083] alloc_cross_bitmap: preallocate 268435456 pg, nr_longs=4194304 in 4 millisec
[ 9380.062091] alloc_cross_bitmap: preallocate 268435456 pg, nr_longs=4194304 in 4 millisec
[ 9380.065865] alloc_cross_bitmap: preallocate 268435456 pg, nr_longs=4194304 in 0 millisec
[ 9380.069337] alloc_cross_bitmap: preallocate 268435456 pg, nr_longs=4194304 in 4 millisec
[ 9380.070526] alloc_cross_bitmap: preallocate 268435456 pg, nr_longs=4194304 in 4 millisec
[ 9380.075241] alloc_cross_bitmap: preallocate 268435456 pg, nr_longs=4194304 in 4 millisec
[ 9380.075625] alloc_cross_bitmap: preallocate 268435456 pg, nr_longs=4194304 in 4 millisec
[ 9380.075765] alloc_cross_bitmap: preallocate 268435456 pg, nr_longs=4194304 in 4 millisec
[ 9380.076794] alloc_cross_bitmap: preallocate 268435456 pg, nr_longs=4194304 in 4 millisec
[ 9380.096833] alloc_cross_bitmap: preallocate 268435456 pg, nr_longs=4194304 in 4 millisec
[ 9380.300996] alloc_cross_bitmap: preallocate 268435456 pg, nr_longs=4194304 in 4 millisec
[ 9380.316146] alloc_cross_bitmap: preallocate 268435456 pg, nr_longs=4194304 in 4 millisec
[ 9380.321238] alloc_cross_bitmap: preallocate 268435456 pg, nr_longs=4194304 in 4 millisec
[ 9380.323525] alloc_cross_bitmap: preallocate 268435456 pg, nr_longs=4194304 in 4 millisec
[ 9380.327264] alloc_cross_bitmap: preallocate 268435456 pg, nr_longs=4194304 in 4 millisec
[ 9380.331875] alloc_cross_bitmap: preallocate 268435456 pg, nr_longs=4194304 in 4 millisec
[ 9380.373968] alloc_cross_bitmap: preallocate 268435456 pg, nr_longs=4194304 in 0 millisec
[ 9380.537896] alloc_cross_bitmap: preallocate 268435456 pg, nr_longs=4194304 in 4 millisec
[ 9380.538043] alloc_cross_bitmap: preallocate 268435456 pg, nr_longs=4194304 in 4 millisec
[ 9380.539504] alloc_cross_bitmap: preallocate 268435456 pg, nr_longs=4194304 in 4 millisec
[ 9380.550227] alloc_cross_bitmap: preallocate 268435456 pg, nr_longs=4194304 in 4 millisec
[ 9380.565288] alloc_cross_bitmap: preallocate 268435456 pg, nr_longs=4194304 in 0 millisec
[ 9380.572231] alloc_cross_bitmap: preallocate 268435456 pg, nr_longs=4194304 in 4 millisec
[ 9380.573654] alloc_cross_bitmap: preallocate 268435456 pg, nr_longs=4194304 in 0 millisec
[ 9380.577242] alloc_cross_bitmap: preallocate 268435456 pg, nr_longs=4194304 in 4 millisec
[ 9380.740793] alloc_cross_bitmap: preallocate 268435456 pg, nr_longs=4194304 in 4 millisec
[ 9380.755411] alloc_cross_bitmap: preallocate 268435456 pg, nr_longs=4194304 in 4 millisec
[ 9380.783178] alloc_cross_bitmap: preallocate 268435456 pg, nr_longs=4194304 in 4 millisec
[ 9380.805377] alloc_cross_bitmap: preallocate 268435456 pg, nr_longs=4194304 in 0 millisec
[ 9380.820735] alloc_cross_bitmap: preallocate 268435456 pg, nr_longs=4194304 in 4 millisec
[ 9380.822317] alloc_cross_bitmap: preallocate 268435456 pg, nr_longs=4194304 in 4 millisec
[ 9380.822387] alloc_cross_bitmap: preallocate 268435456 pg, nr_longs=4194304 in 4 millisec
[ 9380.993808] alloc_cross_bitmap: preallocate 268435456 pg, nr_longs=4194304 in 0 millisec
[ 9381.048806] alloc_cross_bitmap: preallocate 268435456 pg, nr_longs=4194304 in 4 millisec
[ 9381.064575] alloc_cross_bitmap: preallocate 268435456 pg, nr_longs=4194304 in 4 millisec
[ 9381.069474] alloc_cross_bitmap: preallocate 268435456 pg, nr_longs=4194304 in 4 millisec
[ 9381.069945] alloc_cross_bitmap: preallocate 268435456 pg, nr_longs=4194304 in 4 millisec
[ 9381.074719] alloc_cross_bitmap: preallocate 268435456 pg, nr_longs=4194304 in 4 millisec
[ 9381.100820] alloc_cross_bitmap: preallocate 268435456 pg, nr_longs=4194304 in 4 millisec
[ 9381.105327] alloc_cross_bitmap: preallocate 268435456 pg, nr_longs=4194304 in 0 millisec
[ 9381.172648] alloc_cross_bitmap: preallocate 268435456 pg, nr_longs=4194304 in 4 millisec
[ 9381.181856] alloc_cross_bitmap: preallocate 268435456 pg, nr_longs=4194304 in 0 millisec
[ 9381.262774] alloc_cross_bitmap: preallocate 268435456 pg, nr_longs=4194304 in 4 millisec
[ 9381.265822] alloc_cross_bitmap: preallocate 268435456 pg, nr_longs=4194304 in 0 millisec
[ 9381.277918] alloc_cross_bitmap: preallocate 268435456 pg, nr_longs=4194304 in 4 millisec
[ 9381.278022] alloc_cross_bitmap: preallocate 268435456 pg, nr_longs=4194304 in 4 millisec
[ 9381.300330] alloc_cross_bitmap: preallocate 268435456 pg, nr_longs=4194304 in 4 millisec
[ 9381.304577] alloc_cross_bitmap: preallocate 268435456 pg, nr_longs=4194304 in 4 millisec
[ 9381.314648] alloc_cross_bitmap: preallocate 268435456 pg, nr_longs=4194304 in 4 millisec
[ 9381.330510] alloc_cross_bitmap: preallocate 268435456 pg, nr_longs=4194304 in 4 millisec
[ 9381.377633] alloc_cross_bitmap: preallocate 268435456 pg, nr_longs=4194304 in 0 millisec
[ 9381.418786] alloc_cross_bitmap: preallocate 268435456 pg, nr_longs=4194304 in 4 millisec
[ 9381.435879] alloc_cross_bitmap: preallocate 268435456 pg, nr_longs=4194304 in 4 millisec
[ 9381.443468] alloc_cross_bitmap: preallocate 268435456 pg, nr_longs=4194304 in 4 millisec
[ 9381.467943] alloc_cross_bitmap: preallocate 268435456 pg, nr_longs=4194304 in 4 millisec
[ 9381.468373] alloc_cross_bitmap: preallocate 268435456 pg, nr_longs=4194304 in 4 millisec
[ 9381.483995] alloc_cross_bitmap: preallocate 268435456 pg, nr_longs=4194304 in 4 millisec
[ 9381.492557] alloc_cross_bitmap: preallocate 268435456 pg, nr_longs=4194304 in 4 millisec
[ 9381.494350] alloc_cross_bitmap: preallocate 268435456 pg, nr_longs=4194304 in 4 millisec
[ 9381.502236] alloc_cross_bitmap: preallocate 268435456 pg, nr_longs=4194304 in 4 millisec
[ 9381.519166] alloc_cross_bitmap: preallocate 268435456 pg, nr_longs=4194304 in 4 millisec
[ 9381.520950] alloc_cross_bitmap: preallocate 268435456 pg, nr_longs=4194304 in 4 millisec
[ 9381.536901] alloc_cross_bitmap: preallocate 268435456 pg, nr_longs=4194304 in 4 millisec
[ 9381.551258] alloc_cross_bitmap: preallocate 268435456 pg, nr_longs=4194304 in 4 millisec
[ 9381.576122] alloc_cross_bitmap: preallocate 268435456 pg, nr_longs=4194304 in 4 millisec
[ 9381.663117] alloc_cross_bitmap: preallocate 268435456 pg, nr_longs=4194304 in 4 millisec
[ 9381.673676] alloc_cross_bitmap: preallocate 268435456 pg, nr_longs=4194304 in 0 millisec
[ 9381.700742] alloc_cross_bitmap: preallocate 268435456 pg, nr_longs=4194304 in 4 millisec
[ 9381.711385] alloc_cross_bitmap: preallocate 268435456 pg, nr_longs=4194304 in 4 millisec
[ 9381.723172] alloc_cross_bitmap: preallocate 268435456 pg, nr_longs=4194304 in 4 millisec
[ 9381.754444] alloc_cross_bitmap: preallocate 268435456 pg, nr_longs=4194304 in 4 millisec
[ 9381.764212] alloc_cross_bitmap: preallocate 268435456 pg, nr_longs=4194304 in 4 millisec
[ 9381.769920] alloc_cross_bitmap: preallocate 268435456 pg, nr_longs=4194304 in 0 millisec
[ 9381.783823] alloc_cross_bitmap: preallocate 268435456 pg, nr_longs=4194304 in 4 millisec
[ 9381.796152] alloc_cross_bitmap: preallocate 268435456 pg, nr_longs=4194304 in 4 millisec
[ 9381.805686] alloc_cross_bitmap: preallocate 268435456 pg, nr_longs=4194304 in 0 millisec
[ 9381.853371] alloc_cross_bitmap: preallocate 268435456 pg, nr_longs=4194304 in 0 millisec
[ 9381.878693] alloc_cross_bitmap: preallocate 268435456 pg, nr_longs=4194304 in 4 millisec
[ 9381.889593] alloc_cross_bitmap: preallocate 268435456 pg, nr_longs=4194304 in 0 millisec
[ 9381.983518] alloc_cross_bitmap: preallocate 268435456 pg, nr_longs=4194304 in 4 millisec
[ 9381.998940] alloc_cross_bitmap: preallocate 268435456 pg, nr_longs=4194304 in 4 millisec
[ 9382.029699] alloc_cross_bitmap: preallocate 268435456 pg, nr_longs=4194304 in 0 millisec
[ 9382.031974] alloc_cross_bitmap: preallocate 268435456 pg, nr_longs=4194304 in 4 millisec
[ 9382.032028] alloc_cross_bitmap: preallocate 268435456 pg, nr_longs=4194304 in 4 millisec
[ 9382.040572] alloc_cross_bitmap: preallocate 268435456 pg, nr_longs=4194304 in 4 millisec
[ 9382.053337] alloc_cross_bitmap: preallocate 268435456 pg, nr_longs=4194304 in 0 millisec
[ 9382.091776] alloc_cross_bitmap: preallocate 268435456 pg, nr_longs=4194304 in 4 millisec
[ 9382.095940] alloc_cross_bitmap: preallocate 268435456 pg, nr_longs=4194304 in 4 millisec
[ 9382.141915] alloc_cross_bitmap: preallocate 268435456 pg, nr_longs=4194304 in 0 millisec
[ 9382.142718] alloc_cross_bitmap: preallocate 268435456 pg, nr_longs=4194304 in 4 millisec
[ 9382.178351] alloc_cross_bitmap: preallocate 268435456 pg, nr_longs=4194304 in 4 millisec
[ 9382.205005] alloc_cross_bitmap: preallocate 268435456 pg, nr_longs=4194304 in 4 millisec
[ 9382.207129] alloc_cross_bitmap: preallocate 268435456 pg, nr_longs=4194304 in 4 millisec
[ 9382.232144] alloc_cross_bitmap: preallocate 268435456 pg, nr_longs=4194304 in 4 millisec
[ 9382.246694] alloc_cross_bitmap: preallocate 268435456 pg, nr_longs=4194304 in 4 millisec
[ 9382.250410] alloc_cross_bitmap: preallocate 268435456 pg, nr_longs=4194304 in 4 millisec
[ 9382.251255] alloc_cross_bitmap: preallocate 268435456 pg, nr_longs=4194304 in 4 millisec
[ 9382.251440] alloc_cross_bitmap: preallocate 268435456 pg, nr_longs=4194304 in 4 millisec
[ 9382.251657] alloc_cross_bitmap: preallocate 268435456 pg, nr_longs=4194304 in 4 millisec
[ 9382.418191] alloc_cross_bitmap: preallocate 268435456 pg, nr_longs=4194304 in 0 millisec
[ 9382.624968] FinalTaskReport: db_bench:13618 - ra_orig_nr_pages:0, ra_final_nr_pages:0
                                        async_pages:1116, final_async_pages:2197
                                        full_pfetches:0, less256_pfetches:0, partial_pfetches:0
                                        failed_pfetches:0, total_pfetches:0, os_pfetches:94
                                        nr_pages_read:2385, nr_pages_hit:1305, nr_do_read_fault:157
[ 9382.631906] write_proc: Value of write = 0
[ 9382.631920] __do_sys_start_cross_trace: PRINT_GLOBAL_STATS 
[ 9382.631921] Final GlobalReport: nr_pages_read:13203098816, nr_pages_hit:12916776816, nr_do_read_fault:7032538, nr_pages_miss:103907682
[ 9382.631959] FinalTaskReport: time:13609 - ra_orig_nr_pages:0, ra_final_nr_pages:0
                                        async_pages:0, final_async_pages:25
                                        full_pfetches:0, less256_pfetches:0, partial_pfetches:0
                                        failed_pfetches:0, total_pfetches:0, os_pfetches:1
                                        nr_pages_read:0, nr_pages_hit:0, nr_do_read_fault:14
