ENABLE_FILE_STATS in con
ENABLE_FILE_STATS in con
RocksDB:    version 6.20
Date:       Wed Aug 10 18:34:06 2022
CPU:        48 * AMD EPYC 7402P 24-Core Processor
CPUCache:   512 KB
Get returned an error: Corruption: bad entry in block
Get returned an error: Corruption: bad entry in block
Received signal 6 (Aborted)
Get returned an error: Corruption: bad entry in block
Get returned an error: Corruption: bad entry in block
Get returned an error: Corruption: bad entry in block
Get returned an error: Corruption: bad entry in block
Get returned an error: Corruption: bad entry in block
Command terminated by signal 6
	Command being timed: "./db_bench --db=/users/kannan11/ssd/sudarsun/prefetching/appbench/apps/rocksdb/DATA --value_size=4096 --wal_dir=/users/kannan11/ssd/sudarsun/prefetching/appbench/apps/rocksdb/DATA/WAL_LOG --sync=0 --key_size=1000 --write_buffer_size=67108864 --num=2000000 --benchmarks=readrandom --use_existing_db=1 --mmap_read=0 --threads=32"
	User time (seconds): 0.29
	System time (seconds): 5.86
	Percent of CPU this job got: 885%
	Elapsed (wall clock) time (h:mm:ss or m:ss): 0:00.69
	Average shared text size (kbytes): 0
	Average unshared data size (kbytes): 0
	Average stack size (kbytes): 0
	Average total size (kbytes): 0
	Maximum resident set size (kbytes): 6206256
	Average resident set size (kbytes): 0
	Major (requiring I/O) page faults: 78
	Minor (reclaiming a frame) page faults: 1550250
	Voluntary context switches: 5116
	Involuntary context switches: 27
	Swaps: 0
	File system inputs: 127200
	File system outputs: 1656
	Socket messages sent: 0
	Socket messages received: 0
	Signals delivered: 0
	Page size (bytes): 4096
	Exit status: 0
DESTRUCTOR GETTING CALLED 
PRINT_GLOBAL_STATS in dest
[ 9329.602247] free_cross_bitmap: releasing mem for inode with i_count 2
[ 9329.610181] free_cross_bitmap: releasing mem for inode with i_count 2
[ 9329.619389] free_cross_bitmap: releasing mem for inode with i_count 2
[ 9329.628267] free_cross_bitmap: releasing mem for inode with i_count 2
[ 9329.635861] free_cross_bitmap: releasing mem for inode with i_count 2
[ 9329.644915] free_cross_bitmap: releasing mem for inode with i_count 2
[ 9329.653656] free_cross_bitmap: releasing mem for inode with i_count 2
[ 9329.661176] free_cross_bitmap: releasing mem for inode with i_count 2
[ 9329.669942] free_cross_bitmap: releasing mem for inode with i_count 2
[ 9329.678006] free_cross_bitmap: releasing mem for inode with i_count 2
[ 9329.686901] free_cross_bitmap: releasing mem for inode with i_count 2
[ 9329.695454] free_cross_bitmap: releasing mem for inode with i_count 2
[ 9329.702944] free_cross_bitmap: releasing mem for inode with i_count 2
[ 9329.711062] free_cross_bitmap: releasing mem for inode with i_count 2
[ 9329.718893] free_cross_bitmap: releasing mem for inode with i_count 2
[ 9329.727137] free_cross_bitmap: releasing mem for inode with i_count 2
[ 9329.736060] free_cross_bitmap: releasing mem for inode with i_count 2
[ 9329.744772] free_cross_bitmap: releasing mem for inode with i_count 2
[ 9329.752718] free_cross_bitmap: releasing mem for inode with i_count 2
[ 9329.760929] free_cross_bitmap: releasing mem for inode with i_count 2
[ 9329.768993] free_cross_bitmap: releasing mem for inode with i_count 2
[ 9329.777956] free_cross_bitmap: releasing mem for inode with i_count 2
[ 9329.785890] free_cross_bitmap: releasing mem for inode with i_count 2
[ 9329.793739] free_cross_bitmap: releasing mem for inode with i_count 2
[ 9329.801602] free_cross_bitmap: releasing mem for inode with i_count 2
[ 9329.809458] free_cross_bitmap: releasing mem for inode with i_count 2
[ 9329.817297] free_cross_bitmap: releasing mem for inode with i_count 2
[ 9329.826804] free_cross_bitmap: releasing mem for inode with i_count 2
[ 9329.834782] free_cross_bitmap: releasing mem for inode with i_count 2
[ 9329.843248] free_cross_bitmap: releasing mem for inode with i_count 2
[ 9329.851949] free_cross_bitmap: releasing mem for inode with i_count 2
[ 9329.861103] free_cross_bitmap: releasing mem for inode with i_count 2
[ 9329.869469] free_cross_bitmap: releasing mem for inode with i_count 2
[ 9329.877378] free_cross_bitmap: releasing mem for inode with i_count 2
[ 9329.885747] free_cross_bitmap: releasing mem for inode with i_count 2
[ 9329.894576] free_cross_bitmap: releasing mem for inode with i_count 2
[ 9329.902869] free_cross_bitmap: releasing mem for inode with i_count 2
[ 9329.911695] free_cross_bitmap: releasing mem for inode with i_count 2
[ 9329.920786] free_cross_bitmap: releasing mem for inode with i_count 2
[ 9329.929748] free_cross_bitmap: releasing mem for inode with i_count 2
[ 9329.938743] free_cross_bitmap: releasing mem for inode with i_count 2
[ 9329.948083] free_cross_bitmap: releasing mem for inode with i_count 2
[ 9329.956555] free_cross_bitmap: releasing mem for inode with i_count 2
[ 9329.965503] free_cross_bitmap: releasing mem for inode with i_count 2
[ 9329.974547] free_cross_bitmap: releasing mem for inode with i_count 2
[ 9329.983538] free_cross_bitmap: releasing mem for inode with i_count 2
[ 9329.992439] free_cross_bitmap: releasing mem for inode with i_count 2
[ 9330.001828] free_cross_bitmap: releasing mem for inode with i_count 2
[ 9330.010613] free_cross_bitmap: releasing mem for inode with i_count 2
[ 9330.019525] free_cross_bitmap: releasing mem for inode with i_count 2
[ 9330.028423] free_cross_bitmap: releasing mem for inode with i_count 2
[ 9330.036238] free_cross_bitmap: releasing mem for inode with i_count 2
[ 9330.044192] free_cross_bitmap: releasing mem for inode with i_count 2
[ 9330.053548] free_cross_bitmap: releasing mem for inode with i_count 2
[ 9330.062586] free_cross_bitmap: releasing mem for inode with i_count 2
[ 9330.071593] free_cross_bitmap: releasing mem for inode with i_count 2
[ 9330.080636] free_cross_bitmap: releasing mem for inode with i_count 2
[ 9330.089626] free_cross_bitmap: releasing mem for inode with i_count 2
[ 9330.098567] free_cross_bitmap: releasing mem for inode with i_count 2
[ 9330.108001] free_cross_bitmap: releasing mem for inode with i_count 2
[ 9330.115899] free_cross_bitmap: releasing mem for inode with i_count 2
[ 9330.124756] free_cross_bitmap: releasing mem for inode with i_count 2
[ 9330.134084] free_cross_bitmap: releasing mem for inode with i_count 2
[ 9330.143213] free_cross_bitmap: releasing mem for inode with i_count 2
[ 9330.152025] free_cross_bitmap: releasing mem for inode with i_count 2
[ 9330.160103] free_cross_bitmap: releasing mem for inode with i_count 2
[ 9330.168941] free_cross_bitmap: releasing mem for inode with i_count 2
[ 9330.178150] free_cross_bitmap: releasing mem for inode with i_count 2
[ 9330.185633] free_cross_bitmap: releasing mem for inode with i_count 2
[ 9330.194612] free_cross_bitmap: releasing mem for inode with i_count 2
[ 9330.203414] free_cross_bitmap: releasing mem for inode with i_count 2
[ 9330.212698] free_cross_bitmap: releasing mem for inode with i_count 2
[ 9330.221502] free_cross_bitmap: releasing mem for inode with i_count 2
[ 9330.229895] free_cross_bitmap: releasing mem for inode with i_count 2
[ 9330.238770] free_cross_bitmap: releasing mem for inode with i_count 2
[ 9330.246373] free_cross_bitmap: releasing mem for inode with i_count 2
[ 9330.255137] free_cross_bitmap: releasing mem for inode with i_count 2
[ 9330.264327] free_cross_bitmap: releasing mem for inode with i_count 2
[ 9330.271943] free_cross_bitmap: releasing mem for inode with i_count 2
[ 9330.280789] free_cross_bitmap: releasing mem for inode with i_count 2
[ 9330.289695] free_cross_bitmap: releasing mem for inode with i_count 2
[ 9330.298288] free_cross_bitmap: releasing mem for inode with i_count 2
[ 9330.307292] free_cross_bitmap: releasing mem for inode with i_count 2
[ 9330.316453] free_cross_bitmap: releasing mem for inode with i_count 2
[ 9330.325279] free_cross_bitmap: releasing mem for inode with i_count 2
[ 9330.332756] free_cross_bitmap: releasing mem for inode with i_count 2
[ 9330.341539] free_cross_bitmap: releasing mem for inode with i_count 2
[ 9330.350297] free_cross_bitmap: releasing mem for inode with i_count 2
[ 9330.359076] free_cross_bitmap: releasing mem for inode with i_count 2
[ 9330.368266] free_cross_bitmap: releasing mem for inode with i_count 2
[ 9330.377678] free_cross_bitmap: releasing mem for inode with i_count 2
[ 9330.386497] free_cross_bitmap: releasing mem for inode with i_count 2
[ 9330.395314] free_cross_bitmap: releasing mem for inode with i_count 2
[ 9330.404355] free_cross_bitmap: releasing mem for inode with i_count 2
[ 9330.413469] free_cross_bitmap: releasing mem for inode with i_count 2
[ 9330.422785] free_cross_bitmap: releasing mem for inode with i_count 2
[ 9330.430312] free_cross_bitmap: releasing mem for inode with i_count 2
[ 9330.439153] free_cross_bitmap: releasing mem for inode with i_count 2
[ 9330.448066] free_cross_bitmap: releasing mem for inode with i_count 2
[ 9330.456397] free_cross_bitmap: releasing mem for inode with i_count 2
[ 9330.465253] free_cross_bitmap: releasing mem for inode with i_count 2
[ 9330.474614] free_cross_bitmap: releasing mem for inode with i_count 2
[ 9330.483431] free_cross_bitmap: releasing mem for inode with i_count 2
[ 9330.492466] free_cross_bitmap: releasing mem for inode with i_count 2
[ 9330.500099] free_cross_bitmap: releasing mem for inode with i_count 2
[ 9330.509008] free_cross_bitmap: releasing mem for inode with i_count 2
[ 9330.517758] free_cross_bitmap: releasing mem for inode with i_count 2
[ 9330.527150] free_cross_bitmap: releasing mem for inode with i_count 2
[ 9330.534855] free_cross_bitmap: releasing mem for inode with i_count 2
[ 9330.543623] free_cross_bitmap: releasing mem for inode with i_count 2
[ 9330.551506] free_cross_bitmap: releasing mem for inode with i_count 2
[ 9330.560492] free_cross_bitmap: releasing mem for inode with i_count 2
[ 9330.569555] free_cross_bitmap: releasing mem for inode with i_count 2
[ 9330.577781] free_cross_bitmap: releasing mem for inode with i_count 2
[ 9330.585463] free_cross_bitmap: releasing mem for inode with i_count 2
[ 9330.594399] free_cross_bitmap: releasing mem for inode with i_count 2
[ 9330.603251] free_cross_bitmap: releasing mem for inode with i_count 2
[ 9330.612021] free_cross_bitmap: releasing mem for inode with i_count 2
[ 9330.620845] free_cross_bitmap: releasing mem for inode with i_count 2
[ 9330.629974] free_cross_bitmap: releasing mem for inode with i_count 2
[ 9330.638635] free_cross_bitmap: releasing mem for inode with i_count 2
[ 9330.647304] free_cross_bitmap: releasing mem for inode with i_count 2
[ 9330.655967] free_cross_bitmap: releasing mem for inode with i_count 2
[ 9330.664587] free_cross_bitmap: releasing mem for inode with i_count 2
[ 9330.673201] free_cross_bitmap: releasing mem for inode with i_count 2
[ 9330.682161] free_cross_bitmap: releasing mem for inode with i_count 2
[ 9330.691678] free_cross_bitmap: releasing mem for inode with i_count 2
[ 9330.700525] free_cross_bitmap: releasing mem for inode with i_count 2
[ 9330.709183] free_cross_bitmap: releasing mem for inode with i_count 2
[ 9330.717986] free_cross_bitmap: releasing mem for inode with i_count 2
[ 9330.726685] free_cross_bitmap: releasing mem for inode with i_count 2
[ 9330.735940] free_cross_bitmap: releasing mem for inode with i_count 2
[ 9330.744597] free_cross_bitmap: releasing mem for inode with i_count 2
[ 9330.753376] free_cross_bitmap: releasing mem for inode with i_count 2
[ 9330.762014] free_cross_bitmap: releasing mem for inode with i_count 2
[ 9330.770775] free_cross_bitmap: releasing mem for inode with i_count 2
[ 9330.779545] free_cross_bitmap: releasing mem for inode with i_count 2
[ 9330.789018] free_cross_bitmap: releasing mem for inode with i_count 2
[ 9330.797611] free_cross_bitmap: releasing mem for inode with i_count 2
[ 9330.806239] free_cross_bitmap: releasing mem for inode with i_count 2
[ 9330.814914] free_cross_bitmap: releasing mem for inode with i_count 2
[ 9330.823559] free_cross_bitmap: releasing mem for inode with i_count 2
[ 9330.832204] free_cross_bitmap: releasing mem for inode with i_count 2
[ 9330.841175] free_cross_bitmap: releasing mem for inode with i_count 2
[ 9330.849853] free_cross_bitmap: releasing mem for inode with i_count 2
[ 9330.858476] free_cross_bitmap: releasing mem for inode with i_count 2
[ 9330.867072] free_cross_bitmap: releasing mem for inode with i_count 2
[ 9330.875784] free_cross_bitmap: releasing mem for inode with i_count 2
[ 9330.884487] free_cross_bitmap: releasing mem for inode with i_count 2
[ 9330.893748] free_cross_bitmap: releasing mem for inode with i_count 2
[ 9330.902564] free_cross_bitmap: releasing mem for inode with i_count 2
[ 9330.911346] free_cross_bitmap: releasing mem for inode with i_count 2
[ 9330.920157] free_cross_bitmap: releasing mem for inode with i_count 2
[ 9330.928955] free_cross_bitmap: releasing mem for inode with i_count 2
[ 9330.937768] free_cross_bitmap: releasing mem for inode with i_count 2
[ 9330.946887] free_cross_bitmap: releasing mem for inode with i_count 2
[ 9330.955614] free_cross_bitmap: releasing mem for inode with i_count 2
[ 9330.964212] free_cross_bitmap: releasing mem for inode with i_count 2
[ 9330.973223] free_cross_bitmap: releasing mem for inode with i_count 2
[ 9330.981891] free_cross_bitmap: releasing mem for inode with i_count 2
[ 9330.990489] free_cross_bitmap: releasing mem for inode with i_count 2
[ 9330.999675] free_cross_bitmap: releasing mem for inode with i_count 2
[ 9331.008512] free_cross_bitmap: releasing mem for inode with i_count 2
[ 9331.017541] free_cross_bitmap: releasing mem for inode with i_count 2
[ 9331.027269] free_cross_bitmap: releasing mem for inode with i_count 2
[ 9331.036097] free_cross_bitmap: releasing mem for inode with i_count 2
[ 9331.044905] free_cross_bitmap: releasing mem for inode with i_count 2
[ 9331.054074] free_cross_bitmap: releasing mem for inode with i_count 2
[ 9331.062887] free_cross_bitmap: releasing mem for inode with i_count 2
[ 9331.071802] free_cross_bitmap: releasing mem for inode with i_count 2
[ 9331.080632] free_cross_bitmap: releasing mem for inode with i_count 2
[ 9331.089330] free_cross_bitmap: releasing mem for inode with i_count 2
[ 9331.097992] free_cross_bitmap: releasing mem for inode with i_count 2
[ 9331.107048] free_cross_bitmap: releasing mem for inode with i_count 2
[ 9331.115850] free_cross_bitmap: releasing mem for inode with i_count 2
[ 9331.124686] free_cross_bitmap: releasing mem for inode with i_count 2
[ 9331.133300] free_cross_bitmap: releasing mem for inode with i_count 2
[ 9331.141946] free_cross_bitmap: releasing mem for inode with i_count 2
[ 9331.150843] free_cross_bitmap: releasing mem for inode with i_count 2
[ 9331.160252] free_cross_bitmap: releasing mem for inode with i_count 2
[ 9331.169028] free_cross_bitmap: releasing mem for inode with i_count 2
[ 9331.177793] free_cross_bitmap: releasing mem for inode with i_count 2
[ 9331.186521] free_cross_bitmap: releasing mem for inode with i_count 2
[ 9331.195161] free_cross_bitmap: releasing mem for inode with i_count 2
[ 9331.203704] free_cross_bitmap: releasing mem for inode with i_count 2
[ 9331.212869] free_cross_bitmap: releasing mem for inode with i_count 2
[ 9331.220054] sh (11574): drop_caches: 3
[ 9331.254450] sh (11765): drop_caches: 3
[ 9336.280940] Enabled file stats for time:11772
[ 9336.281164] write_proc: Value of write = 1
[ 9336.287089] Enabled file stats for db_bench:11781
[ 9336.287277] write_proc: Value of write = 1
[ 9336.340601] alloc_cross_bitmap: preallocate 268435456 pg, nr_longs=4194304 in 12 millisec
[ 9336.340644] alloc_cross_bitmap: preallocate 268435456 pg, nr_longs=4194304 in 12 millisec
[ 9336.340751] alloc_cross_bitmap: preallocate 268435456 pg, nr_longs=4194304 in 12 millisec
[ 9336.341418] alloc_cross_bitmap: preallocate 268435456 pg, nr_longs=4194304 in 12 millisec
[ 9336.341500] alloc_cross_bitmap: preallocate 268435456 pg, nr_longs=4194304 in 12 millisec
[ 9336.341844] alloc_cross_bitmap: preallocate 268435456 pg, nr_longs=4194304 in 12 millisec
[ 9336.342183] alloc_cross_bitmap: preallocate 268435456 pg, nr_longs=4194304 in 12 millisec
[ 9336.342532] alloc_cross_bitmap: preallocate 268435456 pg, nr_longs=4194304 in 16 millisec
[ 9336.342947] alloc_cross_bitmap: preallocate 268435456 pg, nr_longs=4194304 in 16 millisec
[ 9336.343252] alloc_cross_bitmap: preallocate 268435456 pg, nr_longs=4194304 in 16 millisec
[ 9336.344275] alloc_cross_bitmap: preallocate 268435456 pg, nr_longs=4194304 in 16 millisec
[ 9336.344279] alloc_cross_bitmap: preallocate 268435456 pg, nr_longs=4194304 in 16 millisec
[ 9336.345116] alloc_cross_bitmap: preallocate 268435456 pg, nr_longs=4194304 in 16 millisec
[ 9336.345405] alloc_cross_bitmap: preallocate 268435456 pg, nr_longs=4194304 in 16 millisec
[ 9336.347033] alloc_cross_bitmap: preallocate 268435456 pg, nr_longs=4194304 in 20 millisec
[ 9336.347102] alloc_cross_bitmap: preallocate 268435456 pg, nr_longs=4194304 in 20 millisec
[ 9336.369819] alloc_cross_bitmap: preallocate 268435456 pg, nr_longs=4194304 in 4 millisec
[ 9336.370662] alloc_cross_bitmap: preallocate 268435456 pg, nr_longs=4194304 in 8 millisec
[ 9336.370717] alloc_cross_bitmap: preallocate 268435456 pg, nr_longs=4194304 in 8 millisec
[ 9336.374336] alloc_cross_bitmap: preallocate 268435456 pg, nr_longs=4194304 in 8 millisec
[ 9336.374414] alloc_cross_bitmap: preallocate 268435456 pg, nr_longs=4194304 in 8 millisec
[ 9336.376114] alloc_cross_bitmap: preallocate 268435456 pg, nr_longs=4194304 in 8 millisec
[ 9336.376381] alloc_cross_bitmap: preallocate 268435456 pg, nr_longs=4194304 in 8 millisec
[ 9336.377009] alloc_cross_bitmap: preallocate 268435456 pg, nr_longs=4194304 in 8 millisec
[ 9336.377378] alloc_cross_bitmap: preallocate 268435456 pg, nr_longs=4194304 in 8 millisec
[ 9336.377724] alloc_cross_bitmap: preallocate 268435456 pg, nr_longs=4194304 in 8 millisec
[ 9336.379635] alloc_cross_bitmap: preallocate 268435456 pg, nr_longs=4194304 in 12 millisec
[ 9336.379828] alloc_cross_bitmap: preallocate 268435456 pg, nr_longs=4194304 in 12 millisec
[ 9336.382012] alloc_cross_bitmap: preallocate 268435456 pg, nr_longs=4194304 in 8 millisec
[ 9336.382033] alloc_cross_bitmap: preallocate 268435456 pg, nr_longs=4194304 in 8 millisec
[ 9336.391886] alloc_cross_bitmap: preallocate 268435456 pg, nr_longs=4194304 in 4 millisec
[ 9336.394080] alloc_cross_bitmap: preallocate 268435456 pg, nr_longs=4194304 in 0 millisec
[ 9336.395954] alloc_cross_bitmap: preallocate 268435456 pg, nr_longs=4194304 in 4 millisec
[ 9336.400343] alloc_cross_bitmap: preallocate 268435456 pg, nr_longs=4194304 in 4 millisec
[ 9336.404863] alloc_cross_bitmap: preallocate 268435456 pg, nr_longs=4194304 in 4 millisec
[ 9336.405381] alloc_cross_bitmap: preallocate 268435456 pg, nr_longs=4194304 in 4 millisec
[ 9336.406082] alloc_cross_bitmap: preallocate 268435456 pg, nr_longs=4194304 in 4 millisec
[ 9336.408231] alloc_cross_bitmap: preallocate 268435456 pg, nr_longs=4194304 in 8 millisec
[ 9336.408354] alloc_cross_bitmap: preallocate 268435456 pg, nr_longs=4194304 in 8 millisec
[ 9336.409266] alloc_cross_bitmap: preallocate 268435456 pg, nr_longs=4194304 in 4 millisec
[ 9336.409577] alloc_cross_bitmap: preallocate 268435456 pg, nr_longs=4194304 in 4 millisec
[ 9336.414079] alloc_cross_bitmap: preallocate 268435456 pg, nr_longs=4194304 in 4 millisec
[ 9336.414230] alloc_cross_bitmap: preallocate 268435456 pg, nr_longs=4194304 in 8 millisec
[ 9336.418181] alloc_cross_bitmap: preallocate 268435456 pg, nr_longs=4194304 in 4 millisec
[ 9336.418585] alloc_cross_bitmap: preallocate 268435456 pg, nr_longs=4194304 in 8 millisec
[ 9336.419980] alloc_cross_bitmap: preallocate 268435456 pg, nr_longs=4194304 in 4 millisec
[ 9336.421106] alloc_cross_bitmap: preallocate 268435456 pg, nr_longs=4194304 in 4 millisec
[ 9336.422147] alloc_cross_bitmap: preallocate 268435456 pg, nr_longs=4194304 in 4 millisec
[ 9336.423239] alloc_cross_bitmap: preallocate 268435456 pg, nr_longs=4194304 in 4 millisec
[ 9336.425869] alloc_cross_bitmap: preallocate 268435456 pg, nr_longs=4194304 in 0 millisec
[ 9336.427893] alloc_cross_bitmap: preallocate 268435456 pg, nr_longs=4194304 in 4 millisec
[ 9336.428161] alloc_cross_bitmap: preallocate 268435456 pg, nr_longs=4194304 in 4 millisec
[ 9336.429204] alloc_cross_bitmap: preallocate 268435456 pg, nr_longs=4194304 in 4 millisec
[ 9336.474458] alloc_cross_bitmap: preallocate 268435456 pg, nr_longs=4194304 in 4 millisec
[ 9336.480037] alloc_cross_bitmap: preallocate 268435456 pg, nr_longs=4194304 in 8 millisec
[ 9336.480951] alloc_cross_bitmap: preallocate 268435456 pg, nr_longs=4194304 in 8 millisec
[ 9336.480956] alloc_cross_bitmap: preallocate 268435456 pg, nr_longs=4194304 in 8 millisec
[ 9336.481074] alloc_cross_bitmap: preallocate 268435456 pg, nr_longs=4194304 in 8 millisec
[ 9336.482844] alloc_cross_bitmap: preallocate 268435456 pg, nr_longs=4194304 in 12 millisec
[ 9336.482978] alloc_cross_bitmap: preallocate 268435456 pg, nr_longs=4194304 in 12 millisec
[ 9336.482988] alloc_cross_bitmap: preallocate 268435456 pg, nr_longs=4194304 in 12 millisec
[ 9336.483474] alloc_cross_bitmap: preallocate 268435456 pg, nr_longs=4194304 in 12 millisec
[ 9336.483568] alloc_cross_bitmap: preallocate 268435456 pg, nr_longs=4194304 in 12 millisec
[ 9336.483775] alloc_cross_bitmap: preallocate 268435456 pg, nr_longs=4194304 in 12 millisec
[ 9336.485451] alloc_cross_bitmap: preallocate 268435456 pg, nr_longs=4194304 in 12 millisec
[ 9336.485519] alloc_cross_bitmap: preallocate 268435456 pg, nr_longs=4194304 in 12 millisec
[ 9336.485593] alloc_cross_bitmap: preallocate 268435456 pg, nr_longs=4194304 in 12 millisec
[ 9336.485679] alloc_cross_bitmap: preallocate 268435456 pg, nr_longs=4194304 in 12 millisec
[ 9336.496179] alloc_cross_bitmap: preallocate 268435456 pg, nr_longs=4194304 in 4 millisec
[ 9336.503978] alloc_cross_bitmap: preallocate 268435456 pg, nr_longs=4194304 in 4 millisec
[ 9336.509523] alloc_cross_bitmap: preallocate 268435456 pg, nr_longs=4194304 in 4 millisec
[ 9336.509776] alloc_cross_bitmap: preallocate 268435456 pg, nr_longs=4194304 in 4 millisec
[ 9336.511034] alloc_cross_bitmap: preallocate 268435456 pg, nr_longs=4194304 in 4 millisec
[ 9336.511680] alloc_cross_bitmap: preallocate 268435456 pg, nr_longs=4194304 in 4 millisec
[ 9336.512971] alloc_cross_bitmap: preallocate 268435456 pg, nr_longs=4194304 in 4 millisec
[ 9336.515548] alloc_cross_bitmap: preallocate 268435456 pg, nr_longs=4194304 in 8 millisec
[ 9336.517690] alloc_cross_bitmap: preallocate 268435456 pg, nr_longs=4194304 in 8 millisec
[ 9336.517998] alloc_cross_bitmap: preallocate 268435456 pg, nr_longs=4194304 in 8 millisec
[ 9336.518023] alloc_cross_bitmap: preallocate 268435456 pg, nr_longs=4194304 in 8 millisec
[ 9336.519701] alloc_cross_bitmap: preallocate 268435456 pg, nr_longs=4194304 in 8 millisec
[ 9336.519714] alloc_cross_bitmap: preallocate 268435456 pg, nr_longs=4194304 in 8 millisec
[ 9336.519712] alloc_cross_bitmap: preallocate 268435456 pg, nr_longs=4194304 in 8 millisec
[ 9336.521819] alloc_cross_bitmap: preallocate 268435456 pg, nr_longs=4194304 in 8 millisec
[ 9336.521847] alloc_cross_bitmap: preallocate 268435456 pg, nr_longs=4194304 in 8 millisec
[ 9336.522051] alloc_cross_bitmap: preallocate 268435456 pg, nr_longs=4194304 in 4 millisec
[ 9336.528795] alloc_cross_bitmap: preallocate 268435456 pg, nr_longs=4194304 in 4 millisec
[ 9336.533353] alloc_cross_bitmap: preallocate 268435456 pg, nr_longs=4194304 in 4 millisec
[ 9336.534214] alloc_cross_bitmap: preallocate 268435456 pg, nr_longs=4194304 in 0 millisec
[ 9336.536288] alloc_cross_bitmap: preallocate 268435456 pg, nr_longs=4194304 in 4 millisec
[ 9336.542343] alloc_cross_bitmap: preallocate 268435456 pg, nr_longs=4194304 in 4 millisec
[ 9336.545114] alloc_cross_bitmap: preallocate 268435456 pg, nr_longs=4194304 in 4 millisec
[ 9336.548138] alloc_cross_bitmap: preallocate 268435456 pg, nr_longs=4194304 in 4 millisec
[ 9336.548171] alloc_cross_bitmap: preallocate 268435456 pg, nr_longs=4194304 in 8 millisec
[ 9336.548196] alloc_cross_bitmap: preallocate 268435456 pg, nr_longs=4194304 in 8 millisec
[ 9336.548767] alloc_cross_bitmap: preallocate 268435456 pg, nr_longs=4194304 in 4 millisec
[ 9336.549025] alloc_cross_bitmap: preallocate 268435456 pg, nr_longs=4194304 in 4 millisec
[ 9336.550055] alloc_cross_bitmap: preallocate 268435456 pg, nr_longs=4194304 in 4 millisec
[ 9336.550379] alloc_cross_bitmap: preallocate 268435456 pg, nr_longs=4194304 in 8 millisec
[ 9336.553922] alloc_cross_bitmap: preallocate 268435456 pg, nr_longs=4194304 in 4 millisec
[ 9336.554018] alloc_cross_bitmap: preallocate 268435456 pg, nr_longs=4194304 in 4 millisec
[ 9336.554029] alloc_cross_bitmap: preallocate 268435456 pg, nr_longs=4194304 in 4 millisec
[ 9336.555955] alloc_cross_bitmap: preallocate 268435456 pg, nr_longs=4194304 in 4 millisec
[ 9336.558557] alloc_cross_bitmap: preallocate 268435456 pg, nr_longs=4194304 in 4 millisec
[ 9336.567238] alloc_cross_bitmap: preallocate 268435456 pg, nr_longs=4194304 in 4 millisec
[ 9336.570737] alloc_cross_bitmap: preallocate 268435456 pg, nr_longs=4194304 in 4 millisec
[ 9336.576309] alloc_cross_bitmap: preallocate 268435456 pg, nr_longs=4194304 in 4 millisec
[ 9336.577168] alloc_cross_bitmap: preallocate 268435456 pg, nr_longs=4194304 in 4 millisec
[ 9336.577381] alloc_cross_bitmap: preallocate 268435456 pg, nr_longs=4194304 in 4 millisec
[ 9336.577571] alloc_cross_bitmap: preallocate 268435456 pg, nr_longs=4194304 in 4 millisec
[ 9336.578060] alloc_cross_bitmap: preallocate 268435456 pg, nr_longs=4194304 in 4 millisec
[ 9336.578080] alloc_cross_bitmap: preallocate 268435456 pg, nr_longs=4194304 in 4 millisec
[ 9336.578224] alloc_cross_bitmap: preallocate 268435456 pg, nr_longs=4194304 in 4 millisec
[ 9336.578304] alloc_cross_bitmap: preallocate 268435456 pg, nr_longs=4194304 in 8 millisec
[ 9336.578362] alloc_cross_bitmap: preallocate 268435456 pg, nr_longs=4194304 in 8 millisec
[ 9336.628678] alloc_cross_bitmap: preallocate 268435456 pg, nr_longs=4194304 in 8 millisec
[ 9336.629507] alloc_cross_bitmap: preallocate 268435456 pg, nr_longs=4194304 in 8 millisec
[ 9336.629534] alloc_cross_bitmap: preallocate 268435456 pg, nr_longs=4194304 in 8 millisec
[ 9336.631126] alloc_cross_bitmap: preallocate 268435456 pg, nr_longs=4194304 in 12 millisec
[ 9336.631212] alloc_cross_bitmap: preallocate 268435456 pg, nr_longs=4194304 in 12 millisec
[ 9336.631227] alloc_cross_bitmap: preallocate 268435456 pg, nr_longs=4194304 in 12 millisec
[ 9336.631664] alloc_cross_bitmap: preallocate 268435456 pg, nr_longs=4194304 in 12 millisec
[ 9336.631786] alloc_cross_bitmap: preallocate 268435456 pg, nr_longs=4194304 in 12 millisec
[ 9336.631902] alloc_cross_bitmap: preallocate 268435456 pg, nr_longs=4194304 in 12 millisec
[ 9336.632071] alloc_cross_bitmap: preallocate 268435456 pg, nr_longs=4194304 in 12 millisec
[ 9336.632085] alloc_cross_bitmap: preallocate 268435456 pg, nr_longs=4194304 in 12 millisec
[ 9336.632180] alloc_cross_bitmap: preallocate 268435456 pg, nr_longs=4194304 in 12 millisec
[ 9336.633364] alloc_cross_bitmap: preallocate 268435456 pg, nr_longs=4194304 in 12 millisec
[ 9336.633555] alloc_cross_bitmap: preallocate 268435456 pg, nr_longs=4194304 in 12 millisec
[ 9336.633699] alloc_cross_bitmap: preallocate 268435456 pg, nr_longs=4194304 in 12 millisec
[ 9336.658409] alloc_cross_bitmap: preallocate 268435456 pg, nr_longs=4194304 in 4 millisec
[ 9336.659750] alloc_cross_bitmap: preallocate 268435456 pg, nr_longs=4194304 in 4 millisec
[ 9336.659890] alloc_cross_bitmap: preallocate 268435456 pg, nr_longs=4194304 in 4 millisec
[ 9336.661736] alloc_cross_bitmap: preallocate 268435456 pg, nr_longs=4194304 in 4 millisec
[ 9336.666061] alloc_cross_bitmap: preallocate 268435456 pg, nr_longs=4194304 in 4 millisec
[ 9336.666959] alloc_cross_bitmap: preallocate 268435456 pg, nr_longs=4194304 in 8 millisec
[ 9336.667264] alloc_cross_bitmap: preallocate 268435456 pg, nr_longs=4194304 in 8 millisec
[ 9336.667969] alloc_cross_bitmap: preallocate 268435456 pg, nr_longs=4194304 in 8 millisec
[ 9336.668170] alloc_cross_bitmap: preallocate 268435456 pg, nr_longs=4194304 in 8 millisec
[ 9336.668963] alloc_cross_bitmap: preallocate 268435456 pg, nr_longs=4194304 in 8 millisec
[ 9336.669514] alloc_cross_bitmap: preallocate 268435456 pg, nr_longs=4194304 in 8 millisec
[ 9336.669597] alloc_cross_bitmap: preallocate 268435456 pg, nr_longs=4194304 in 8 millisec
[ 9336.669799] alloc_cross_bitmap: preallocate 268435456 pg, nr_longs=4194304 in 8 millisec
[ 9336.670953] alloc_cross_bitmap: preallocate 268435456 pg, nr_longs=4194304 in 12 millisec
[ 9336.671019] alloc_cross_bitmap: preallocate 268435456 pg, nr_longs=4194304 in 12 millisec
[ 9336.671031] alloc_cross_bitmap: preallocate 268435456 pg, nr_longs=4194304 in 12 millisec
[ 9336.681074] alloc_cross_bitmap: preallocate 268435456 pg, nr_longs=4194304 in 4 millisec
[ 9336.682399] alloc_cross_bitmap: preallocate 268435456 pg, nr_longs=4194304 in 4 millisec
[ 9336.683291] alloc_cross_bitmap: preallocate 268435456 pg, nr_longs=4194304 in 4 millisec
[ 9336.687516] alloc_cross_bitmap: preallocate 268435456 pg, nr_longs=4194304 in 4 millisec
[ 9336.696338] alloc_cross_bitmap: preallocate 268435456 pg, nr_longs=4194304 in 4 millisec
[ 9336.697150] alloc_cross_bitmap: preallocate 268435456 pg, nr_longs=4194304 in 4 millisec
[ 9336.698181] alloc_cross_bitmap: preallocate 268435456 pg, nr_longs=4194304 in 0 millisec
[ 9336.701155] alloc_cross_bitmap: preallocate 268435456 pg, nr_longs=4194304 in 4 millisec
[ 9336.702109] alloc_cross_bitmap: preallocate 268435456 pg, nr_longs=4194304 in 4 millisec
[ 9336.703667] alloc_cross_bitmap: preallocate 268435456 pg, nr_longs=4194304 in 8 millisec
[ 9336.704611] alloc_cross_bitmap: preallocate 268435456 pg, nr_longs=4194304 in 8 millisec
[ 9336.704712] alloc_cross_bitmap: preallocate 268435456 pg, nr_longs=4194304 in 8 millisec
[ 9336.704759] alloc_cross_bitmap: preallocate 268435456 pg, nr_longs=4194304 in 8 millisec
[ 9336.705451] alloc_cross_bitmap: preallocate 268435456 pg, nr_longs=4194304 in 8 millisec
[ 9336.705474] alloc_cross_bitmap: preallocate 268435456 pg, nr_longs=4194304 in 8 millisec
[ 9336.705494] alloc_cross_bitmap: preallocate 268435456 pg, nr_longs=4194304 in 8 millisec
[ 9336.707650] alloc_cross_bitmap: preallocate 268435456 pg, nr_longs=4194304 in 4 millisec
[ 9336.708135] alloc_cross_bitmap: preallocate 268435456 pg, nr_longs=4194304 in 4 millisec
[ 9336.708770] alloc_cross_bitmap: preallocate 268435456 pg, nr_longs=4194304 in 4 millisec
[ 9336.711545] alloc_cross_bitmap: preallocate 268435456 pg, nr_longs=4194304 in 4 millisec
[ 9336.721260] alloc_cross_bitmap: preallocate 268435456 pg, nr_longs=4194304 in 4 millisec
[ 9336.722787] alloc_cross_bitmap: preallocate 268435456 pg, nr_longs=4194304 in 4 millisec
[ 9336.723967] alloc_cross_bitmap: preallocate 268435456 pg, nr_longs=4194304 in 4 millisec
[ 9336.727532] alloc_cross_bitmap: preallocate 268435456 pg, nr_longs=4194304 in 4 millisec
[ 9336.729726] alloc_cross_bitmap: preallocate 268435456 pg, nr_longs=4194304 in 4 millisec
[ 9336.732133] alloc_cross_bitmap: preallocate 268435456 pg, nr_longs=4194304 in 4 millisec
[ 9336.733212] alloc_cross_bitmap: preallocate 268435456 pg, nr_longs=4194304 in 4 millisec
[ 9336.733680] alloc_cross_bitmap: preallocate 268435456 pg, nr_longs=4194304 in 4 millisec
[ 9336.736266] alloc_cross_bitmap: preallocate 268435456 pg, nr_longs=4194304 in 8 millisec
[ 9336.736479] alloc_cross_bitmap: preallocate 268435456 pg, nr_longs=4194304 in 8 millisec
[ 9336.736588] alloc_cross_bitmap: preallocate 268435456 pg, nr_longs=4194304 in 8 millisec
[ 9336.738920] alloc_cross_bitmap: preallocate 268435456 pg, nr_longs=4194304 in 4 millisec
[ 9336.739123] alloc_cross_bitmap: preallocate 268435456 pg, nr_longs=4194304 in 4 millisec
[ 9336.745392] alloc_cross_bitmap: preallocate 268435456 pg, nr_longs=4194304 in 4 millisec
[ 9336.746209] alloc_cross_bitmap: preallocate 268435456 pg, nr_longs=4194304 in 0 millisec
[ 9336.747018] alloc_cross_bitmap: preallocate 268435456 pg, nr_longs=4194304 in 4 millisec
[ 9336.748710] alloc_cross_bitmap: preallocate 268435456 pg, nr_longs=4194304 in 4 millisec
[ 9336.748971] alloc_cross_bitmap: preallocate 268435456 pg, nr_longs=4194304 in 4 millisec
[ 9336.749528] alloc_cross_bitmap: preallocate 268435456 pg, nr_longs=4194304 in 0 millisec
[ 9336.750334] alloc_cross_bitmap: preallocate 268435456 pg, nr_longs=4194304 in 4 millisec
[ 9336.752585] alloc_cross_bitmap: preallocate 268435456 pg, nr_longs=4194304 in 4 millisec
[ 9336.783877] FinalTaskReport: db_bench:11781 - ra_orig_nr_pages:0, ra_final_nr_pages:0
                                        async_pages:1180, final_async_pages:2131
                                        full_pfetches:0, less256_pfetches:0, partial_pfetches:0
                                        failed_pfetches:0, total_pfetches:0, os_pfetches:94
                                        nr_pages_read:1896, nr_pages_hit:989, nr_do_read_fault:165
[ 9336.977781] write_proc: Value of write = 0
[ 9336.977803] __do_sys_start_cross_trace: PRINT_GLOBAL_STATS 
[ 9336.977805] Final GlobalReport: nr_pages_read:13202925665, nr_pages_hit:12916677740, nr_do_read_fault:7014510, nr_pages_miss:103905455
[ 9336.977863] FinalTaskReport: time:11772 - ra_orig_nr_pages:0, ra_final_nr_pages:0
                                        async_pages:0, final_async_pages:25
                                        full_pfetches:0, less256_pfetches:0, partial_pfetches:0
                                        failed_pfetches:0, total_pfetches:0, os_pfetches:1
                                        nr_pages_read:0, nr_pages_hit:0, nr_do_read_fault:15
