ENABLE_FILE_STATS in con
ENABLE_FILE_STATS in con
Received signal 11 (Segmentation fault)
#0   /usr/lib/lib_CPNI.so(_ZNKSt8equal_toIiEclERKiS2_+0x1a) [0x7fa2c31d8a84] ENABLE_FILE_STATS in con
ENABLE_FILE_STATS in con	??	??:0	DESTRUCTOR GETTING CALLED 	PRINT_GLOBAL_STATS in dest	
#1   /usr/lib/lib_CPNI.so(_ZNSt8__detail13_Equal_helperIiSt4pairIKiP14file_predictorENS_10_Select1stESt8equal_toIiEmLb0EE9_S_equalsERKS8_RKS6_RS2_mPNS_10_Hash_nodeIS5_Lb0EEE+0x50) [0x7fa2c31d891f] ENABLE_FILE_STATS in con
ENABLE_FILE_STATS in con	??	??:0	DESTRUCTOR GETTING CALLED 	PRINT_GLOBAL_STATS in dest	
#2   /usr/lib/lib_CPNI.so(_ZNKSt8__detail15_Hashtable_baseIiSt4pairIKiP14file_predictorENS_10_Select1stESt8equal_toIiESt4hashIiENS_18_Mod_range_hashingENS_20_Default_ranged_hashENS_17_Hashtable_traitsILb0ELb0ELb1EEEE9_M_equalsERS2_mPNS_10_Hash_nodeIS5_Lb0EEE+0x54) [0x7fa2c31d84e2] ENABLE_FILE_STATS in con
ENABLE_FILE_STATS in con	??	??:0	DESTRUCTOR GETTING CALLED 	PRINT_GLOBAL_STATS in dest	
#3   /usr/lib/lib_CPNI.so(_ZNKSt10_HashtableIiSt4pairIKiP14file_predictorESaIS4_ENSt8__detail10_Select1stESt8equal_toIiESt4hashIiENS6_18_Mod_range_hashingENS6_20_Default_ranged_hashENS6_20_Prime_rehash_policyENS6_17_Hashtable_traitsILb0ELb0ELb1EEEE19_M_find_before_nodeEmRS1_m+0x65) [0x7fa2c31d7ea5] ENABLE_FILE_STATS in con
ENABLE_FILE_STATS in con	??	??:0	DESTRUCTOR GETTING CALLED 	PRINT_GLOBAL_STATS in dest	
#4   /usr/lib/lib_CPNI.so(_ZNKSt10_HashtableIiSt4pairIKiP14file_predictorESaIS4_ENSt8__detail10_Select1stESt8equal_toIiESt4hashIiENS6_18_Mod_range_hashingENS6_20_Default_ranged_hashENS6_20_Prime_rehash_policyENS6_17_Hashtable_traitsILb0ELb0ELb1EEEE12_M_find_nodeEmRS1_m+0x30) [0x7fa2c31d7786] ENABLE_FILE_STATS in con
ENABLE_FILE_STATS in con	??	??:0	DESTRUCTOR GETTING CALLED 	PRINT_GLOBAL_STATS in dest	
#5   /usr/lib/lib_CPNI.so(_ZNSt10_HashtableIiSt4pairIKiP14file_predictorESaIS4_ENSt8__detail10_Select1stESt8equal_toIiESt4hashIiENS6_18_Mod_range_hashingENS6_20_Default_ranged_hashENS6_20_Prime_rehash_policyENS6_17_Hashtable_traitsILb0ELb0ELb1EEEE10_M_emplaceIJS4_EEES0_INS6_14_Node_iteratorIS4_Lb0ELb0EEEbESt17integral_constantIbLb1EEDpOT_+0xb6) [0x7fa2c31d7624] ENABLE_FILE_STATS in con
ENABLE_FILE_STATS in con	??	??:0	DESTRUCTOR GETTING CALLED 	PRINT_GLOBAL_STATS in dest	
#6   /usr/lib/lib_CPNI.so(_ZNSt8__detail7_InsertIiSt4pairIKiP14file_predictorESaIS5_ENS_10_Select1stESt8equal_toIiESt4hashIiENS_18_Mod_range_hashingENS_20_Default_ranged_hashENS_20_Prime_rehash_policyENS_17_Hashtable_traitsILb0ELb0ELb1EEELb0EE6insertIS5_vEES1_INS_14_Node_iteratorIS5_Lb0ELb0EEEbEOT_+0x53) [0x7fa2c31d73fb] ENABLE_FILE_STATS in con
ENABLE_FILE_STATS in con	??	??:0	DESTRUCTOR GETTING CALLED 	PRINT_GLOBAL_STATS in dest	
#7   /usr/lib/lib_CPNI.so(_ZNSt13unordered_mapIiP14file_predictorSt4hashIiESt8equal_toIiESaISt4pairIKiS1_EEE6insertEOS8_+0x2c) [0x7fa2c31d730c] ENABLE_FILE_STATS in con
ENABLE_FILE_STATS in con	??	??:0	DESTRUCTOR GETTING CALLED 	PRINT_GLOBAL_STATS in dest	
#8   /usr/lib/lib_CPNI.so(_Z11record_openi+0x97) [0x7fa2c31d7211] ENABLE_FILE_STATS in con
ENABLE_FILE_STATS in con	??	??:0	DESTRUCTOR GETTING CALLED 	PRINT_GLOBAL_STATS in dest	
#9   /usr/lib/lib_CPNI.so(_Z11handle_openi+0x15) [0x7fa2c31d608b] ENABLE_FILE_STATS in con
ENABLE_FILE_STATS in con	??	??:0	DESTRUCTOR GETTING CALLED 	PRINT_GLOBAL_STATS in dest	
#10  /usr/lib/lib_CPNI.so(open+0x14d) [0x7fa2c31d64b2] ENABLE_FILE_STATS in con
ENABLE_FILE_STATS in con	??	??:0	DESTRUCTOR GETTING CALLED 	PRINT_GLOBAL_STATS in dest	
#11  ./db_bench(+0x20993a) [0x55ba3620993a] ENABLE_FILE_STATS in con
ENABLE_FILE_STATS in con	??	??:0	DESTRUCTOR GETTING CALLED 	PRINT_GLOBAL_STATS in dest	
#12  ./db_bench(+0x19dbad) [0x55ba3619dbad] ENABLE_FILE_STATS in con
ENABLE_FILE_STATS in con	??	??:0	DESTRUCTOR GETTING CALLED 	PRINT_GLOBAL_STATS in dest	
#13  ./db_bench(+0x19f328) [0x55ba3619f328] ENABLE_FILE_STATS in con
ENABLE_FILE_STATS in con	??	??:0	DESTRUCTOR GETTING CALLED 	PRINT_GLOBAL_STATS in dest	
#14  ./db_bench(+0x3f19c8) [0x55ba363f19c8] ENABLE_FILE_STATS in con
ENABLE_FILE_STATS in con	??	??:0	DESTRUCTOR GETTING CALLED 	PRINT_GLOBAL_STATS in dest	
#15  /usr/lib/x86_64-linux-gnu/libstdc++.so.6(+0xbd6df) [0x7fa2c1be36df] ENABLE_FILE_STATS in con
ENABLE_FILE_STATS in con	??	??:0	DESTRUCTOR GETTING CALLED 	PRINT_GLOBAL_STATS in dest	
#16  /lib/x86_64-linux-gnu/libpthread.so.0(+0x76db) [0x7fa2c2daf6db] ENABLE_FILE_STATS in con
ENABLE_FILE_STATS in con	??	??:0	DESTRUCTOR GETTING CALLED 	PRINT_GLOBAL_STATS in dest	
#17  /lib/x86_64-linux-gnu/libc.so.6(clone+0x3f) [0x7fa2c12a061f] ENABLE_FILE_STATS in con
ENABLE_FILE_STATS in con	??	??:0	DESTRUCTOR GETTING CALLED 	PRINT_GLOBAL_STATS in dest	
Command terminated by signal 11
	Command being timed: "./db_bench --db=/users/kannan11/ssd/sudarsun/prefetching/appbench/apps/rocksdb/DATA --value_size=4096 --wal_dir=/users/kannan11/ssd/sudarsun/prefetching/appbench/apps/rocksdb/DATA/WAL_LOG --sync=0 --key_size=1000 --write_buffer_size=67108864 --num=2000000 --benchmarks=readrandom --use_existing_db=1 --mmap_read=0 --threads=32"
	User time (seconds): 0.32
	System time (seconds): 6.98
	Percent of CPU this job got: 480%
	Elapsed (wall clock) time (h:mm:ss or m:ss): 0:01.52
	Average shared text size (kbytes): 0
	Average unshared data size (kbytes): 0
	Average stack size (kbytes): 0
	Average total size (kbytes): 0
	Maximum resident set size (kbytes): 6138064
	Average resident set size (kbytes): 0
	Major (requiring I/O) page faults: 91
	Minor (reclaiming a frame) page faults: 1567418
	Voluntary context switches: 4919
	Involuntary context switches: 42
	Swaps: 0
	File system inputs: 127872
	File system outputs: 48
	Socket messages sent: 0
	Socket messages received: 0
	Signals delivered: 0
	Page size (bytes): 4096
	Exit status: 0
DESTRUCTOR GETTING CALLED 
PRINT_GLOBAL_STATS in dest
[ 9527.568246] free_cross_bitmap: releasing mem for inode with i_count 2
[ 9527.575504] free_cross_bitmap: releasing mem for inode with i_count 2
[ 9527.582854] free_cross_bitmap: releasing mem for inode with i_count 2
[ 9527.590311] free_cross_bitmap: releasing mem for inode with i_count 2
[ 9527.597234] free_cross_bitmap: releasing mem for inode with i_count 2
[ 9527.604166] free_cross_bitmap: releasing mem for inode with i_count 2
[ 9527.611129] free_cross_bitmap: releasing mem for inode with i_count 2
[ 9527.618074] free_cross_bitmap: releasing mem for inode with i_count 2
[ 9527.624996] free_cross_bitmap: releasing mem for inode with i_count 2
[ 9527.632529] free_cross_bitmap: releasing mem for inode with i_count 2
[ 9527.639512] free_cross_bitmap: releasing mem for inode with i_count 2
[ 9527.646743] free_cross_bitmap: releasing mem for inode with i_count 2
[ 9527.653688] free_cross_bitmap: releasing mem for inode with i_count 2
[ 9527.660867] free_cross_bitmap: releasing mem for inode with i_count 2
[ 9527.667833] free_cross_bitmap: releasing mem for inode with i_count 2
[ 9527.675610] free_cross_bitmap: releasing mem for inode with i_count 2
[ 9527.682645] free_cross_bitmap: releasing mem for inode with i_count 2
[ 9527.689786] free_cross_bitmap: releasing mem for inode with i_count 2
[ 9527.696762] free_cross_bitmap: releasing mem for inode with i_count 2
[ 9527.703774] free_cross_bitmap: releasing mem for inode with i_count 2
[ 9527.710943] free_cross_bitmap: releasing mem for inode with i_count 2
[ 9527.718692] free_cross_bitmap: releasing mem for inode with i_count 2
[ 9527.725670] free_cross_bitmap: releasing mem for inode with i_count 2
[ 9527.732622] free_cross_bitmap: releasing mem for inode with i_count 2
[ 9527.739636] free_cross_bitmap: releasing mem for inode with i_count 2
[ 9527.746531] free_cross_bitmap: releasing mem for inode with i_count 2
[ 9527.753538] free_cross_bitmap: releasing mem for inode with i_count 2
[ 9527.760967] free_cross_bitmap: releasing mem for inode with i_count 2
[ 9527.767996] free_cross_bitmap: releasing mem for inode with i_count 2
[ 9527.774924] free_cross_bitmap: releasing mem for inode with i_count 2
[ 9527.782098] free_cross_bitmap: releasing mem for inode with i_count 2
[ 9527.789294] free_cross_bitmap: releasing mem for inode with i_count 2
[ 9527.796420] free_cross_bitmap: releasing mem for inode with i_count 2
[ 9527.803862] free_cross_bitmap: releasing mem for inode with i_count 2
[ 9527.811028] free_cross_bitmap: releasing mem for inode with i_count 2
[ 9527.818226] free_cross_bitmap: releasing mem for inode with i_count 2
[ 9527.825396] free_cross_bitmap: releasing mem for inode with i_count 2
[ 9527.832329] free_cross_bitmap: releasing mem for inode with i_count 2
[ 9527.839541] free_cross_bitmap: releasing mem for inode with i_count 2
[ 9527.846957] free_cross_bitmap: releasing mem for inode with i_count 2
[ 9527.853910] free_cross_bitmap: releasing mem for inode with i_count 2
[ 9527.860955] free_cross_bitmap: releasing mem for inode with i_count 2
[ 9527.867983] free_cross_bitmap: releasing mem for inode with i_count 2
[ 9527.874963] free_cross_bitmap: releasing mem for inode with i_count 2
[ 9527.881961] free_cross_bitmap: releasing mem for inode with i_count 2
[ 9527.889320] free_cross_bitmap: releasing mem for inode with i_count 2
[ 9527.896288] free_cross_bitmap: releasing mem for inode with i_count 2
[ 9527.903238] free_cross_bitmap: releasing mem for inode with i_count 2
[ 9527.910241] free_cross_bitmap: releasing mem for inode with i_count 2
[ 9527.917190] free_cross_bitmap: releasing mem for inode with i_count 2
[ 9527.924179] free_cross_bitmap: releasing mem for inode with i_count 2
[ 9527.931528] free_cross_bitmap: releasing mem for inode with i_count 2
[ 9527.938484] free_cross_bitmap: releasing mem for inode with i_count 2
[ 9527.945520] free_cross_bitmap: releasing mem for inode with i_count 2
[ 9527.952484] free_cross_bitmap: releasing mem for inode with i_count 2
[ 9527.959471] free_cross_bitmap: releasing mem for inode with i_count 2
[ 9527.966512] free_cross_bitmap: releasing mem for inode with i_count 2
[ 9527.973874] free_cross_bitmap: releasing mem for inode with i_count 2
[ 9527.980902] free_cross_bitmap: releasing mem for inode with i_count 2
[ 9527.987842] free_cross_bitmap: releasing mem for inode with i_count 2
[ 9527.994839] free_cross_bitmap: releasing mem for inode with i_count 2
[ 9528.001834] free_cross_bitmap: releasing mem for inode with i_count 2
[ 9528.008779] free_cross_bitmap: releasing mem for inode with i_count 2
[ 9528.016155] free_cross_bitmap: releasing mem for inode with i_count 2
[ 9528.023099] free_cross_bitmap: releasing mem for inode with i_count 2
[ 9528.030033] free_cross_bitmap: releasing mem for inode with i_count 2
[ 9528.036982] free_cross_bitmap: releasing mem for inode with i_count 2
[ 9528.043961] free_cross_bitmap: releasing mem for inode with i_count 2
[ 9528.050919] free_cross_bitmap: releasing mem for inode with i_count 2
[ 9528.058135] free_cross_bitmap: releasing mem for inode with i_count 2
[ 9528.065093] free_cross_bitmap: releasing mem for inode with i_count 2
[ 9528.072086] free_cross_bitmap: releasing mem for inode with i_count 2
[ 9528.078997] free_cross_bitmap: releasing mem for inode with i_count 2
[ 9528.085944] free_cross_bitmap: releasing mem for inode with i_count 2
[ 9528.092852] free_cross_bitmap: releasing mem for inode with i_count 2
[ 9528.100103] free_cross_bitmap: releasing mem for inode with i_count 2
[ 9528.107047] free_cross_bitmap: releasing mem for inode with i_count 2
[ 9528.113997] free_cross_bitmap: releasing mem for inode with i_count 2
[ 9528.120966] free_cross_bitmap: releasing mem for inode with i_count 2
[ 9528.127908] free_cross_bitmap: releasing mem for inode with i_count 2
[ 9528.134882] free_cross_bitmap: releasing mem for inode with i_count 2
[ 9528.142257] free_cross_bitmap: releasing mem for inode with i_count 2
[ 9528.149203] free_cross_bitmap: releasing mem for inode with i_count 2
[ 9528.156170] free_cross_bitmap: releasing mem for inode with i_count 2
[ 9528.163107] free_cross_bitmap: releasing mem for inode with i_count 2
[ 9528.170083] free_cross_bitmap: releasing mem for inode with i_count 2
[ 9528.177021] free_cross_bitmap: releasing mem for inode with i_count 2
[ 9528.184290] free_cross_bitmap: releasing mem for inode with i_count 2
[ 9528.191248] free_cross_bitmap: releasing mem for inode with i_count 2
[ 9528.198150] free_cross_bitmap: releasing mem for inode with i_count 2
[ 9528.205132] free_cross_bitmap: releasing mem for inode with i_count 2
[ 9528.212077] free_cross_bitmap: releasing mem for inode with i_count 2
[ 9528.219021] free_cross_bitmap: releasing mem for inode with i_count 2
[ 9528.226383] free_cross_bitmap: releasing mem for inode with i_count 2
[ 9528.233361] free_cross_bitmap: releasing mem for inode with i_count 2
[ 9528.240327] free_cross_bitmap: releasing mem for inode with i_count 2
[ 9528.247304] free_cross_bitmap: releasing mem for inode with i_count 2
[ 9528.254298] free_cross_bitmap: releasing mem for inode with i_count 2
[ 9528.261210] free_cross_bitmap: releasing mem for inode with i_count 2
[ 9528.268486] free_cross_bitmap: releasing mem for inode with i_count 2
[ 9528.275433] free_cross_bitmap: releasing mem for inode with i_count 2
[ 9528.282358] free_cross_bitmap: releasing mem for inode with i_count 2
[ 9528.289260] free_cross_bitmap: releasing mem for inode with i_count 2
[ 9528.296238] free_cross_bitmap: releasing mem for inode with i_count 2
[ 9528.303209] free_cross_bitmap: releasing mem for inode with i_count 2
[ 9528.310537] free_cross_bitmap: releasing mem for inode with i_count 2
[ 9528.317523] free_cross_bitmap: releasing mem for inode with i_count 2
[ 9528.324484] free_cross_bitmap: releasing mem for inode with i_count 2
[ 9528.331465] free_cross_bitmap: releasing mem for inode with i_count 2
[ 9528.338374] free_cross_bitmap: releasing mem for inode with i_count 2
[ 9528.345343] free_cross_bitmap: releasing mem for inode with i_count 2
[ 9528.352632] free_cross_bitmap: releasing mem for inode with i_count 2
[ 9528.359531] free_cross_bitmap: releasing mem for inode with i_count 2
[ 9528.366544] free_cross_bitmap: releasing mem for inode with i_count 2
[ 9528.373440] free_cross_bitmap: releasing mem for inode with i_count 2
[ 9528.380413] free_cross_bitmap: releasing mem for inode with i_count 2
[ 9528.387405] free_cross_bitmap: releasing mem for inode with i_count 2
[ 9528.394653] free_cross_bitmap: releasing mem for inode with i_count 2
[ 9528.401603] free_cross_bitmap: releasing mem for inode with i_count 2
[ 9528.408550] free_cross_bitmap: releasing mem for inode with i_count 2
[ 9528.415502] free_cross_bitmap: releasing mem for inode with i_count 2
[ 9528.422433] free_cross_bitmap: releasing mem for inode with i_count 2
[ 9528.429343] free_cross_bitmap: releasing mem for inode with i_count 2
[ 9528.436817] free_cross_bitmap: releasing mem for inode with i_count 2
[ 9528.443779] free_cross_bitmap: releasing mem for inode with i_count 2
[ 9528.450696] free_cross_bitmap: releasing mem for inode with i_count 2
[ 9528.457653] free_cross_bitmap: releasing mem for inode with i_count 2
[ 9528.464578] free_cross_bitmap: releasing mem for inode with i_count 2
[ 9528.471527] free_cross_bitmap: releasing mem for inode with i_count 2
[ 9528.478827] free_cross_bitmap: releasing mem for inode with i_count 2
[ 9528.485699] free_cross_bitmap: releasing mem for inode with i_count 2
[ 9528.492647] free_cross_bitmap: releasing mem for inode with i_count 2
[ 9528.499576] free_cross_bitmap: releasing mem for inode with i_count 2
[ 9528.506508] free_cross_bitmap: releasing mem for inode with i_count 2
[ 9528.513434] free_cross_bitmap: releasing mem for inode with i_count 2
[ 9528.520977] free_cross_bitmap: releasing mem for inode with i_count 2
[ 9528.527918] free_cross_bitmap: releasing mem for inode with i_count 2
[ 9528.534831] free_cross_bitmap: releasing mem for inode with i_count 2
[ 9528.541781] free_cross_bitmap: releasing mem for inode with i_count 2
[ 9528.548704] free_cross_bitmap: releasing mem for inode with i_count 2
[ 9528.555630] free_cross_bitmap: releasing mem for inode with i_count 2
[ 9528.562982] free_cross_bitmap: releasing mem for inode with i_count 2
[ 9528.569889] free_cross_bitmap: releasing mem for inode with i_count 2
[ 9528.576791] free_cross_bitmap: releasing mem for inode with i_count 2
[ 9528.583735] free_cross_bitmap: releasing mem for inode with i_count 2
[ 9528.590626] free_cross_bitmap: releasing mem for inode with i_count 2
[ 9528.597587] free_cross_bitmap: releasing mem for inode with i_count 2
[ 9528.605123] free_cross_bitmap: releasing mem for inode with i_count 2
[ 9528.612071] free_cross_bitmap: releasing mem for inode with i_count 2
[ 9528.619007] free_cross_bitmap: releasing mem for inode with i_count 2
[ 9528.625917] free_cross_bitmap: releasing mem for inode with i_count 2
[ 9528.632867] free_cross_bitmap: releasing mem for inode with i_count 2
[ 9528.639839] free_cross_bitmap: releasing mem for inode with i_count 2
[ 9528.647067] free_cross_bitmap: releasing mem for inode with i_count 2
[ 9528.653994] free_cross_bitmap: releasing mem for inode with i_count 2
[ 9528.660879] free_cross_bitmap: releasing mem for inode with i_count 2
[ 9528.667819] free_cross_bitmap: releasing mem for inode with i_count 2
[ 9528.674730] free_cross_bitmap: releasing mem for inode with i_count 2
[ 9528.681641] free_cross_bitmap: releasing mem for inode with i_count 2
[ 9528.688855] free_cross_bitmap: releasing mem for inode with i_count 2
[ 9528.695821] free_cross_bitmap: releasing mem for inode with i_count 2
[ 9528.702723] free_cross_bitmap: releasing mem for inode with i_count 2
[ 9528.709656] free_cross_bitmap: releasing mem for inode with i_count 2
[ 9528.716565] free_cross_bitmap: releasing mem for inode with i_count 2
[ 9528.723465] free_cross_bitmap: releasing mem for inode with i_count 2
[ 9528.730736] free_cross_bitmap: releasing mem for inode with i_count 2
[ 9528.737614] free_cross_bitmap: releasing mem for inode with i_count 2
[ 9528.744518] free_cross_bitmap: releasing mem for inode with i_count 2
[ 9528.751392] free_cross_bitmap: releasing mem for inode with i_count 2
[ 9528.758321] free_cross_bitmap: releasing mem for inode with i_count 2
[ 9528.765256] free_cross_bitmap: releasing mem for inode with i_count 2
[ 9528.772417] free_cross_bitmap: releasing mem for inode with i_count 2
[ 9528.779369] free_cross_bitmap: releasing mem for inode with i_count 2
[ 9528.786303] free_cross_bitmap: releasing mem for inode with i_count 2
[ 9528.793188] free_cross_bitmap: releasing mem for inode with i_count 2
[ 9528.800135] free_cross_bitmap: releasing mem for inode with i_count 2
[ 9528.807052] free_cross_bitmap: releasing mem for inode with i_count 2
[ 9528.814425] free_cross_bitmap: releasing mem for inode with i_count 2
[ 9528.821343] free_cross_bitmap: releasing mem for inode with i_count 2
[ 9528.828233] free_cross_bitmap: releasing mem for inode with i_count 2
[ 9528.835174] free_cross_bitmap: releasing mem for inode with i_count 2
[ 9528.842069] free_cross_bitmap: releasing mem for inode with i_count 2
[ 9528.849012] free_cross_bitmap: releasing mem for inode with i_count 2
[ 9528.856327] free_cross_bitmap: releasing mem for inode with i_count 2
[ 9528.863238] free_cross_bitmap: releasing mem for inode with i_count 2
[ 9528.872065] free_cross_bitmap: releasing mem for inode with i_count 2
[ 9528.879233] sh (18265): drop_caches: 3
[ 9528.911632] sh (18456): drop_caches: 3
[ 9533.936646] Enabled file stats for time:18463
[ 9533.936854] write_proc: Value of write = 1
[ 9533.941934] Enabled file stats for db_bench:18472
[ 9533.942133] write_proc: Value of write = 1
[ 9533.992934] alloc_cross_bitmap: preallocate 268435456 pg, nr_longs=4194304 in 8 millisec
[ 9533.992946] alloc_cross_bitmap: preallocate 268435456 pg, nr_longs=4194304 in 8 millisec
[ 9533.995422] alloc_cross_bitmap: preallocate 268435456 pg, nr_longs=4194304 in 12 millisec
[ 9533.996582] alloc_cross_bitmap: preallocate 268435456 pg, nr_longs=4194304 in 12 millisec
[ 9533.997466] alloc_cross_bitmap: preallocate 268435456 pg, nr_longs=4194304 in 12 millisec
[ 9533.997874] alloc_cross_bitmap: preallocate 268435456 pg, nr_longs=4194304 in 12 millisec
[ 9533.998115] alloc_cross_bitmap: preallocate 268435456 pg, nr_longs=4194304 in 12 millisec
[ 9533.998121] alloc_cross_bitmap: preallocate 268435456 pg, nr_longs=4194304 in 12 millisec
[ 9533.998401] alloc_cross_bitmap: preallocate 268435456 pg, nr_longs=4194304 in 16 millisec
[ 9533.998449] alloc_cross_bitmap: preallocate 268435456 pg, nr_longs=4194304 in 16 millisec
[ 9533.998490] alloc_cross_bitmap: preallocate 268435456 pg, nr_longs=4194304 in 16 millisec
[ 9533.998602] alloc_cross_bitmap: preallocate 268435456 pg, nr_longs=4194304 in 16 millisec
[ 9533.998674] alloc_cross_bitmap: preallocate 268435456 pg, nr_longs=4194304 in 16 millisec
[ 9533.998697] alloc_cross_bitmap: preallocate 268435456 pg, nr_longs=4194304 in 16 millisec
[ 9533.998699] alloc_cross_bitmap: preallocate 268435456 pg, nr_longs=4194304 in 16 millisec
[ 9534.009767] Enabled file stats for sh:18498
[ 9534.009971] write_proc: Value of write = 1
[ 9534.012713] Enabled file stats for addr2line:18507
[ 9534.012899] write_proc: Value of write = 1
[ 9534.016490] write_proc: Value of write = 0
[ 9534.016497] __do_sys_start_cross_trace: PRINT_GLOBAL_STATS 
[ 9534.016498] Final GlobalReport: nr_pages_read:13203589242, nr_pages_hit:12917049406, nr_do_read_fault:7070593, nr_pages_miss:103924399
[ 9534.016529] FinalTaskReport: addr2line:18507 - ra_orig_nr_pages:0, ra_final_nr_pages:0
                                        async_pages:781, final_async_pages:421
                                        full_pfetches:0, less256_pfetches:0, partial_pfetches:0
                                        failed_pfetches:0, total_pfetches:0, os_pfetches:16
                                        nr_pages_read:242, nr_pages_hit:100, nr_do_read_fault:39
[ 9534.017038] FinalTaskReport: sh:18498 - ra_orig_nr_pages:0, ra_final_nr_pages:0
                                        async_pages:0, final_async_pages:0
                                        full_pfetches:0, less256_pfetches:0, partial_pfetches:0
                                        failed_pfetches:0, total_pfetches:0, os_pfetches:0
                                        nr_pages_read:0, nr_pages_hit:0, nr_do_read_fault:16
[ 9534.036196] alloc_cross_bitmap: preallocate 268435456 pg, nr_longs=4194304 in 4 millisec
[ 9534.037137] alloc_cross_bitmap: preallocate 268435456 pg, nr_longs=4194304 in 4 millisec
[ 9534.040301] alloc_cross_bitmap: preallocate 268435456 pg, nr_longs=4194304 in 8 millisec
[ 9534.040789] alloc_cross_bitmap: preallocate 268435456 pg, nr_longs=4194304 in 4 millisec
[ 9534.040992] Enabled file stats for sh:18516
[ 9534.041000] alloc_cross_bitmap: preallocate 268435456 pg, nr_longs=4194304 in 4 millisec
[ 9534.041241] write_proc: Value of write = 1
[ 9534.042847] alloc_cross_bitmap: preallocate 268435456 pg, nr_longs=4194304 in 8 millisec
[ 9534.042960] alloc_cross_bitmap: preallocate 268435456 pg, nr_longs=4194304 in 8 millisec
[ 9534.042975] alloc_cross_bitmap: preallocate 268435456 pg, nr_longs=4194304 in 12 millisec
[ 9534.043286] Enabled file stats for addr2line:18525
[ 9534.043499] write_proc: Value of write = 1
[ 9534.043953] alloc_cross_bitmap: preallocate 268435456 pg, nr_longs=4194304 in 8 millisec
[ 9534.043995] alloc_cross_bitmap: preallocate 268435456 pg, nr_longs=4194304 in 8 millisec
[ 9534.044112] alloc_cross_bitmap: preallocate 268435456 pg, nr_longs=4194304 in 8 millisec
[ 9534.044393] alloc_cross_bitmap: preallocate 268435456 pg, nr_longs=4194304 in 8 millisec
[ 9534.044502] alloc_cross_bitmap: preallocate 268435456 pg, nr_longs=4194304 in 8 millisec
[ 9534.045606] write_proc: Value of write = 0
[ 9534.045613] __do_sys_start_cross_trace: PRINT_GLOBAL_STATS 
[ 9534.045614] Final GlobalReport: nr_pages_read:13203589242, nr_pages_hit:12917049406, nr_do_read_fault:7070825, nr_pages_miss:103924399
[ 9534.045643] FinalTaskReport: addr2line:18525 - ra_orig_nr_pages:0, ra_final_nr_pages:0
                                        async_pages:0, final_async_pages:0
                                        full_pfetches:0, less256_pfetches:0, partial_pfetches:0
                                        failed_pfetches:0, total_pfetches:0, os_pfetches:0
                                        nr_pages_read:370, nr_pages_hit:358, nr_do_read_fault:34
[ 9534.045961] FinalTaskReport: sh:18516 - ra_orig_nr_pages:0, ra_final_nr_pages:0
                                        async_pages:0, final_async_pages:0
                                        full_pfetches:0, less256_pfetches:0, partial_pfetches:0
                                        failed_pfetches:0, total_pfetches:0, os_pfetches:0
                                        nr_pages_read:0, nr_pages_hit:0, nr_do_read_fault:18
[ 9534.070236] Enabled file stats for sh:18534
[ 9534.070432] write_proc: Value of write = 1
[ 9534.071791] Enabled file stats for addr2line:18543
[ 9534.071939] write_proc: Value of write = 1
[ 9534.072558] alloc_cross_bitmap: preallocate 268435456 pg, nr_longs=4194304 in 4 millisec
[ 9534.072629] alloc_cross_bitmap: preallocate 268435456 pg, nr_longs=4194304 in 4 millisec
[ 9534.074079] write_proc: Value of write = 0
[ 9534.074085] __do_sys_start_cross_trace: PRINT_GLOBAL_STATS 
[ 9534.074087] Final GlobalReport: nr_pages_read:13203589242, nr_pages_hit:12917049406, nr_do_read_fault:7071061, nr_pages_miss:103924399
[ 9534.074114] FinalTaskReport: addr2line:18543 - ra_orig_nr_pages:0, ra_final_nr_pages:0
                                        async_pages:0, final_async_pages:0
                                        full_pfetches:0, less256_pfetches:0, partial_pfetches:0
                                        failed_pfetches:0, total_pfetches:0, os_pfetches:0
                                        nr_pages_read:370, nr_pages_hit:358, nr_do_read_fault:37
[ 9534.074353] alloc_cross_bitmap: preallocate 268435456 pg, nr_longs=4194304 in 4 millisec
[ 9534.074515] alloc_cross_bitmap: preallocate 268435456 pg, nr_longs=4194304 in 8 millisec
[ 9534.074717] FinalTaskReport: sh:18534 - ra_orig_nr_pages:0, ra_final_nr_pages:0
                                        async_pages:0, final_async_pages:0
                                        full_pfetches:0, less256_pfetches:0, partial_pfetches:0
                                        failed_pfetches:0, total_pfetches:0, os_pfetches:0
                                        nr_pages_read:0, nr_pages_hit:0, nr_do_read_fault:15
[ 9534.075679] alloc_cross_bitmap: preallocate 268435456 pg, nr_longs=4194304 in 4 millisec
[ 9534.077983] alloc_cross_bitmap: preallocate 268435456 pg, nr_longs=4194304 in 4 millisec
[ 9534.078689] alloc_cross_bitmap: preallocate 268435456 pg, nr_longs=4194304 in 8 millisec
[ 9534.078821] alloc_cross_bitmap: preallocate 268435456 pg, nr_longs=4194304 in 8 millisec
[ 9534.079097] alloc_cross_bitmap: preallocate 268435456 pg, nr_longs=4194304 in 4 millisec
[ 9534.079159] alloc_cross_bitmap: preallocate 268435456 pg, nr_longs=4194304 in 8 millisec
[ 9534.079802] alloc_cross_bitmap: preallocate 268435456 pg, nr_longs=4194304 in 4 millisec
[ 9534.079819] alloc_cross_bitmap: preallocate 268435456 pg, nr_longs=4194304 in 4 millisec
[ 9534.100941] Enabled file stats for sh:18552
[ 9534.101121] write_proc: Value of write = 1
[ 9534.102755] Enabled file stats for addr2line:18561
[ 9534.102938] write_proc: Value of write = 1
[ 9534.104976] write_proc: Value of write = 0
[ 9534.104982] __do_sys_start_cross_trace: PRINT_GLOBAL_STATS 
[ 9534.104983] Final GlobalReport: nr_pages_read:13203589242, nr_pages_hit:12917049406, nr_do_read_fault:7071300, nr_pages_miss:103924399
[ 9534.105010] FinalTaskReport: addr2line:18561 - ra_orig_nr_pages:0, ra_final_nr_pages:0
                                        async_pages:0, final_async_pages:0
                                        full_pfetches:0, less256_pfetches:0, partial_pfetches:0
                                        failed_pfetches:0, total_pfetches:0, os_pfetches:0
                                        nr_pages_read:370, nr_pages_hit:358, nr_do_read_fault:37
[ 9534.105303] FinalTaskReport: sh:18552 - ra_orig_nr_pages:0, ra_final_nr_pages:0
                                        async_pages:0, final_async_pages:0
                                        full_pfetches:0, less256_pfetches:0, partial_pfetches:0
                                        failed_pfetches:0, total_pfetches:0, os_pfetches:0
                                        nr_pages_read:0, nr_pages_hit:0, nr_do_read_fault:16
[ 9534.107631] alloc_cross_bitmap: preallocate 268435456 pg, nr_longs=4194304 in 4 millisec
[ 9534.109153] alloc_cross_bitmap: preallocate 268435456 pg, nr_longs=4194304 in 4 millisec
[ 9534.109362] alloc_cross_bitmap: preallocate 268435456 pg, nr_longs=4194304 in 4 millisec
[ 9534.110006] alloc_cross_bitmap: preallocate 268435456 pg, nr_longs=4194304 in 4 millisec
[ 9534.110841] alloc_cross_bitmap: preallocate 268435456 pg, nr_longs=4194304 in 4 millisec
[ 9534.113052] alloc_cross_bitmap: preallocate 268435456 pg, nr_longs=4194304 in 4 millisec
[ 9534.113170] alloc_cross_bitmap: preallocate 268435456 pg, nr_longs=4194304 in 4 millisec
[ 9534.113436] alloc_cross_bitmap: preallocate 268435456 pg, nr_longs=4194304 in 4 millisec
[ 9534.115680] alloc_cross_bitmap: preallocate 268435456 pg, nr_longs=4194304 in 8 millisec
[ 9534.115706] alloc_cross_bitmap: preallocate 268435456 pg, nr_longs=4194304 in 8 millisec
[ 9534.115892] alloc_cross_bitmap: preallocate 268435456 pg, nr_longs=4194304 in 8 millisec
[ 9534.164243] Enabled file stats for sh:18570
[ 9534.164414] write_proc: Value of write = 1
[ 9534.165655] Enabled file stats for addr2line:18579
[ 9534.165789] write_proc: Value of write = 1
[ 9534.167763] write_proc: Value of write = 0
[ 9534.167769] __do_sys_start_cross_trace: PRINT_GLOBAL_STATS 
[ 9534.167770] Final GlobalReport: nr_pages_read:13203589242, nr_pages_hit:12917049406, nr_do_read_fault:7071539, nr_pages_miss:103924399
[ 9534.167795] FinalTaskReport: addr2line:18579 - ra_orig_nr_pages:0, ra_final_nr_pages:0
                                        async_pages:0, final_async_pages:0
                                        full_pfetches:0, less256_pfetches:0, partial_pfetches:0
                                        failed_pfetches:0, total_pfetches:0, os_pfetches:0
                                        nr_pages_read:370, nr_pages_hit:358, nr_do_read_fault:37
[ 9534.168136] FinalTaskReport: sh:18570 - ra_orig_nr_pages:0, ra_final_nr_pages:0
                                        async_pages:0, final_async_pages:0
                                        full_pfetches:0, less256_pfetches:0, partial_pfetches:0
                                        failed_pfetches:0, total_pfetches:0, os_pfetches:0
                                        nr_pages_read:0, nr_pages_hit:0, nr_do_read_fault:16
[ 9534.171463] alloc_cross_bitmap: preallocate 268435456 pg, nr_longs=4194304 in 4 millisec
[ 9534.186169] alloc_cross_bitmap: preallocate 268435456 pg, nr_longs=4194304 in 0 millisec
[ 9534.186211] alloc_cross_bitmap: preallocate 268435456 pg, nr_longs=4194304 in 0 millisec
[ 9534.192028] alloc_cross_bitmap: preallocate 268435456 pg, nr_longs=4194304 in 8 millisec
[ 9534.192522] alloc_cross_bitmap: preallocate 268435456 pg, nr_longs=4194304 in 8 millisec
[ 9534.193249] alloc_cross_bitmap: preallocate 268435456 pg, nr_longs=4194304 in 8 millisec
[ 9534.193285] alloc_cross_bitmap: preallocate 268435456 pg, nr_longs=4194304 in 8 millisec
[ 9534.193780] alloc_cross_bitmap: preallocate 268435456 pg, nr_longs=4194304 in 8 millisec
[ 9534.193844] alloc_cross_bitmap: preallocate 268435456 pg, nr_longs=4194304 in 8 millisec
[ 9534.193859] alloc_cross_bitmap: preallocate 268435456 pg, nr_longs=4194304 in 8 millisec
[ 9534.194510] alloc_cross_bitmap: preallocate 268435456 pg, nr_longs=4194304 in 12 millisec
[ 9534.194608] alloc_cross_bitmap: preallocate 268435456 pg, nr_longs=4194304 in 12 millisec
[ 9534.194726] alloc_cross_bitmap: preallocate 268435456 pg, nr_longs=4194304 in 12 millisec
[ 9534.194803] alloc_cross_bitmap: preallocate 268435456 pg, nr_longs=4194304 in 12 millisec
[ 9534.205484] Enabled file stats for sh:18588
[ 9534.205653] write_proc: Value of write = 1
[ 9534.207724] Enabled file stats for addr2line:18597
[ 9534.207910] write_proc: Value of write = 1
[ 9534.210131] write_proc: Value of write = 0
[ 9534.210139] __do_sys_start_cross_trace: PRINT_GLOBAL_STATS 
[ 9534.210139] Final GlobalReport: nr_pages_read:13203589242, nr_pages_hit:12917049406, nr_do_read_fault:7071772, nr_pages_miss:103924399
[ 9534.210187] FinalTaskReport: addr2line:18597 - ra_orig_nr_pages:0, ra_final_nr_pages:0
                                        async_pages:0, final_async_pages:0
                                        full_pfetches:0, less256_pfetches:0, partial_pfetches:0
                                        failed_pfetches:0, total_pfetches:0, os_pfetches:0
                                        nr_pages_read:370, nr_pages_hit:358, nr_do_read_fault:36
[ 9534.210502] FinalTaskReport: sh:18588 - ra_orig_nr_pages:0, ra_final_nr_pages:0
                                        async_pages:0, final_async_pages:0
                                        full_pfetches:0, less256_pfetches:0, partial_pfetches:0
                                        failed_pfetches:0, total_pfetches:0, os_pfetches:0
                                        nr_pages_read:0, nr_pages_hit:0, nr_do_read_fault:16
[ 9534.212203] alloc_cross_bitmap: preallocate 268435456 pg, nr_longs=4194304 in 4 millisec
[ 9534.212845] alloc_cross_bitmap: preallocate 268435456 pg, nr_longs=4194304 in 4 millisec
[ 9534.232101] alloc_cross_bitmap: preallocate 268435456 pg, nr_longs=4194304 in 4 millisec
[ 9534.241492] alloc_cross_bitmap: preallocate 268435456 pg, nr_longs=4194304 in 4 millisec
[ 9534.243314] alloc_cross_bitmap: preallocate 268435456 pg, nr_longs=4194304 in 4 millisec
[ 9534.245378] alloc_cross_bitmap: preallocate 268435456 pg, nr_longs=4194304 in 4 millisec
[ 9534.245960] alloc_cross_bitmap: preallocate 268435456 pg, nr_longs=4194304 in 4 millisec
[ 9534.248726] alloc_cross_bitmap: preallocate 268435456 pg, nr_longs=4194304 in 8 millisec
[ 9534.248762] alloc_cross_bitmap: preallocate 268435456 pg, nr_longs=4194304 in 8 millisec
[ 9534.249265] alloc_cross_bitmap: preallocate 268435456 pg, nr_longs=4194304 in 8 millisec
[ 9534.250639] alloc_cross_bitmap: preallocate 268435456 pg, nr_longs=4194304 in 12 millisec
[ 9534.250882] alloc_cross_bitmap: preallocate 268435456 pg, nr_longs=4194304 in 12 millisec
[ 9534.250927] alloc_cross_bitmap: preallocate 268435456 pg, nr_longs=4194304 in 12 millisec
[ 9534.251356] alloc_cross_bitmap: preallocate 268435456 pg, nr_longs=4194304 in 8 millisec
[ 9534.254865] alloc_cross_bitmap: preallocate 268435456 pg, nr_longs=4194304 in 8 millisec
[ 9534.254907] alloc_cross_bitmap: preallocate 268435456 pg, nr_longs=4194304 in 8 millisec
[ 9534.255315] alloc_cross_bitmap: preallocate 268435456 pg, nr_longs=4194304 in 4 millisec
[ 9534.256475] alloc_cross_bitmap: preallocate 268435456 pg, nr_longs=4194304 in 4 millisec
[ 9534.256610] Enabled file stats for sh:18606
[ 9534.256803] write_proc: Value of write = 1
[ 9534.258511] Enabled file stats for addr2line:18615
[ 9534.258684] write_proc: Value of write = 1
[ 9534.260686] write_proc: Value of write = 0
[ 9534.260693] __do_sys_start_cross_trace: PRINT_GLOBAL_STATS 
[ 9534.260694] Final GlobalReport: nr_pages_read:13203589242, nr_pages_hit:12917049406, nr_do_read_fault:7072011, nr_pages_miss:103924399
[ 9534.260725] FinalTaskReport: addr2line:18615 - ra_orig_nr_pages:0, ra_final_nr_pages:0
                                        async_pages:0, final_async_pages:0
                                        full_pfetches:0, less256_pfetches:0, partial_pfetches:0
                                        failed_pfetches:0, total_pfetches:0, os_pfetches:0
                                        nr_pages_read:370, nr_pages_hit:358, nr_do_read_fault:38
[ 9534.261259] FinalTaskReport: sh:18606 - ra_orig_nr_pages:0, ra_final_nr_pages:0
                                        async_pages:0, final_async_pages:0
                                        full_pfetches:0, less256_pfetches:0, partial_pfetches:0
                                        failed_pfetches:0, total_pfetches:0, os_pfetches:0
                                        nr_pages_read:0, nr_pages_hit:0, nr_do_read_fault:19
[ 9534.292883] alloc_cross_bitmap: preallocate 268435456 pg, nr_longs=4194304 in 4 millisec
[ 9534.293828] alloc_cross_bitmap: preallocate 268435456 pg, nr_longs=4194304 in 4 millisec
[ 9534.294439] alloc_cross_bitmap: preallocate 268435456 pg, nr_longs=4194304 in 8 millisec
[ 9534.295999] alloc_cross_bitmap: preallocate 268435456 pg, nr_longs=4194304 in 4 millisec
[ 9534.298250] alloc_cross_bitmap: preallocate 268435456 pg, nr_longs=4194304 in 4 millisec
[ 9534.300493] alloc_cross_bitmap: preallocate 268435456 pg, nr_longs=4194304 in 4 millisec
[ 9534.301035] alloc_cross_bitmap: preallocate 268435456 pg, nr_longs=4194304 in 4 millisec
[ 9534.303613] alloc_cross_bitmap: preallocate 268435456 pg, nr_longs=4194304 in 8 millisec
[ 9534.304307] alloc_cross_bitmap: preallocate 268435456 pg, nr_longs=4194304 in 8 millisec
[ 9534.304398] alloc_cross_bitmap: preallocate 268435456 pg, nr_longs=4194304 in 8 millisec
[ 9534.305369] alloc_cross_bitmap: preallocate 268435456 pg, nr_longs=4194304 in 4 millisec
[ 9534.305720] alloc_cross_bitmap: preallocate 268435456 pg, nr_longs=4194304 in 4 millisec
[ 9534.306200] alloc_cross_bitmap: preallocate 268435456 pg, nr_longs=4194304 in 8 millisec
[ 9534.306443] alloc_cross_bitmap: preallocate 268435456 pg, nr_longs=4194304 in 8 millisec
[ 9534.312395] Enabled file stats for sh:18624
[ 9534.312580] write_proc: Value of write = 1
[ 9534.314388] Enabled file stats for addr2line:18633
[ 9534.314569] write_proc: Value of write = 1
[ 9534.316658] write_proc: Value of write = 0
[ 9534.316664] __do_sys_start_cross_trace: PRINT_GLOBAL_STATS 
[ 9534.316665] Final GlobalReport: nr_pages_read:13203589242, nr_pages_hit:12917049406, nr_do_read_fault:7072252, nr_pages_miss:103924399
[ 9534.316693] FinalTaskReport: addr2line:18633 - ra_orig_nr_pages:0, ra_final_nr_pages:0
                                        async_pages:0, final_async_pages:0
                                        full_pfetches:0, less256_pfetches:0, partial_pfetches:0
                                        failed_pfetches:0, total_pfetches:0, os_pfetches:0
                                        nr_pages_read:370, nr_pages_hit:358, nr_do_read_fault:35
[ 9534.317129] FinalTaskReport: sh:18624 - ra_orig_nr_pages:0, ra_final_nr_pages:0
                                        async_pages:0, final_async_pages:0
                                        full_pfetches:0, less256_pfetches:0, partial_pfetches:0
                                        failed_pfetches:0, total_pfetches:0, os_pfetches:0
                                        nr_pages_read:0, nr_pages_hit:0, nr_do_read_fault:19
[ 9534.322707] alloc_cross_bitmap: preallocate 268435456 pg, nr_longs=4194304 in 4 millisec
[ 9534.323228] alloc_cross_bitmap: preallocate 268435456 pg, nr_longs=4194304 in 4 millisec
[ 9534.324842] alloc_cross_bitmap: preallocate 268435456 pg, nr_longs=4194304 in 4 millisec
[ 9534.324925] alloc_cross_bitmap: preallocate 268435456 pg, nr_longs=4194304 in 4 millisec
[ 9534.329368] alloc_cross_bitmap: preallocate 268435456 pg, nr_longs=4194304 in 4 millisec
[ 9534.330339] alloc_cross_bitmap: preallocate 268435456 pg, nr_longs=4194304 in 4 millisec
[ 9534.334070] alloc_cross_bitmap: preallocate 268435456 pg, nr_longs=4194304 in 4 millisec
[ 9534.335983] alloc_cross_bitmap: preallocate 268435456 pg, nr_longs=4194304 in 8 millisec
[ 9534.336095] alloc_cross_bitmap: preallocate 268435456 pg, nr_longs=4194304 in 4 millisec
[ 9534.336448] alloc_cross_bitmap: preallocate 268435456 pg, nr_longs=4194304 in 4 millisec
[ 9534.336996] alloc_cross_bitmap: preallocate 268435456 pg, nr_longs=4194304 in 8 millisec
[ 9534.337362] alloc_cross_bitmap: preallocate 268435456 pg, nr_longs=4194304 in 4 millisec
[ 9534.337674] alloc_cross_bitmap: preallocate 268435456 pg, nr_longs=4194304 in 4 millisec
[ 9534.337699] alloc_cross_bitmap: preallocate 268435456 pg, nr_longs=4194304 in 8 millisec
[ 9534.337793] alloc_cross_bitmap: preallocate 268435456 pg, nr_longs=4194304 in 8 millisec
[ 9534.403169] alloc_cross_bitmap: preallocate 268435456 pg, nr_longs=4194304 in 8 millisec
[ 9534.406276] alloc_cross_bitmap: preallocate 268435456 pg, nr_longs=4194304 in 12 millisec
[ 9534.406605] alloc_cross_bitmap: preallocate 268435456 pg, nr_longs=4194304 in 12 millisec
[ 9534.406826] alloc_cross_bitmap: preallocate 268435456 pg, nr_longs=4194304 in 12 millisec
[ 9534.406930] alloc_cross_bitmap: preallocate 268435456 pg, nr_longs=4194304 in 12 millisec
[ 9534.407029] alloc_cross_bitmap: preallocate 268435456 pg, nr_longs=4194304 in 12 millisec
[ 9534.407082] alloc_cross_bitmap: preallocate 268435456 pg, nr_longs=4194304 in 12 millisec
[ 9534.407126] Enabled file stats for sh:18642
[ 9534.407144] alloc_cross_bitmap: preallocate 268435456 pg, nr_longs=4194304 in 12 millisec
[ 9534.407184] alloc_cross_bitmap: preallocate 268435456 pg, nr_longs=4194304 in 12 millisec
[ 9534.407216] alloc_cross_bitmap: preallocate 268435456 pg, nr_longs=4194304 in 12 millisec
[ 9534.407340] write_proc: Value of write = 1
[ 9534.407782] alloc_cross_bitmap: preallocate 268435456 pg, nr_longs=4194304 in 12 millisec
[ 9534.407838] alloc_cross_bitmap: preallocate 268435456 pg, nr_longs=4194304 in 12 millisec
[ 9534.408527] alloc_cross_bitmap: preallocate 268435456 pg, nr_longs=4194304 in 12 millisec
[ 9534.408543] alloc_cross_bitmap: preallocate 268435456 pg, nr_longs=4194304 in 12 millisec
[ 9534.409098] Enabled file stats for addr2line:18651
[ 9534.409277] write_proc: Value of write = 1
[ 9534.411351] write_proc: Value of write = 0
[ 9534.411358] __do_sys_start_cross_trace: PRINT_GLOBAL_STATS 
[ 9534.411359] Final GlobalReport: nr_pages_read:13203589242, nr_pages_hit:12917049406, nr_do_read_fault:7072495, nr_pages_miss:103924399
[ 9534.411396] FinalTaskReport: addr2line:18651 - ra_orig_nr_pages:0, ra_final_nr_pages:0
                                        async_pages:0, final_async_pages:0
                                        full_pfetches:0, less256_pfetches:0, partial_pfetches:0
                                        failed_pfetches:0, total_pfetches:0, os_pfetches:0
                                        nr_pages_read:370, nr_pages_hit:358, nr_do_read_fault:38
[ 9534.411630] FinalTaskReport: sh:18642 - ra_orig_nr_pages:0, ra_final_nr_pages:0
                                        async_pages:0, final_async_pages:0
                                        full_pfetches:0, less256_pfetches:0, partial_pfetches:0
                                        failed_pfetches:0, total_pfetches:0, os_pfetches:0
                                        nr_pages_read:0, nr_pages_hit:0, nr_do_read_fault:16
[ 9534.456653] alloc_cross_bitmap: preallocate 268435456 pg, nr_longs=4194304 in 4 millisec
[ 9534.463383] alloc_cross_bitmap: preallocate 268435456 pg, nr_longs=4194304 in 4 millisec
[ 9534.464008] alloc_cross_bitmap: preallocate 268435456 pg, nr_longs=4194304 in 4 millisec
[ 9534.466583] alloc_cross_bitmap: preallocate 268435456 pg, nr_longs=4194304 in 8 millisec
[ 9534.466819] alloc_cross_bitmap: preallocate 268435456 pg, nr_longs=4194304 in 8 millisec
[ 9534.468447] alloc_cross_bitmap: preallocate 268435456 pg, nr_longs=4194304 in 8 millisec
[ 9534.468466] alloc_cross_bitmap: preallocate 268435456 pg, nr_longs=4194304 in 8 millisec
[ 9534.468515] alloc_cross_bitmap: preallocate 268435456 pg, nr_longs=4194304 in 8 millisec
[ 9534.469857] alloc_cross_bitmap: preallocate 268435456 pg, nr_longs=4194304 in 4 millisec
[ 9534.469878] alloc_cross_bitmap: preallocate 268435456 pg, nr_longs=4194304 in 4 millisec
[ 9534.470130] alloc_cross_bitmap: preallocate 268435456 pg, nr_longs=4194304 in 4 millisec
[ 9534.470159] alloc_cross_bitmap: preallocate 268435456 pg, nr_longs=4194304 in 4 millisec
[ 9534.470215] alloc_cross_bitmap: preallocate 268435456 pg, nr_longs=4194304 in 8 millisec
[ 9534.470217] alloc_cross_bitmap: preallocate 268435456 pg, nr_longs=4194304 in 8 millisec
[ 9534.476722] alloc_cross_bitmap: preallocate 268435456 pg, nr_longs=4194304 in 4 millisec
[ 9534.480327] Enabled file stats for sh:18660
[ 9534.480502] write_proc: Value of write = 1
[ 9534.481716] Enabled file stats for addr2line:18669
[ 9534.481845] write_proc: Value of write = 1
[ 9534.483855] write_proc: Value of write = 0
[ 9534.483861] __do_sys_start_cross_trace: PRINT_GLOBAL_STATS 
[ 9534.483862] Final GlobalReport: nr_pages_read:13203589242, nr_pages_hit:12917049406, nr_do_read_fault:7072745, nr_pages_miss:103924399
[ 9534.483887] FinalTaskReport: addr2line:18669 - ra_orig_nr_pages:0, ra_final_nr_pages:0
                                        async_pages:0, final_async_pages:0
                                        full_pfetches:0, less256_pfetches:0, partial_pfetches:0
                                        failed_pfetches:0, total_pfetches:0, os_pfetches:0
                                        nr_pages_read:370, nr_pages_hit:358, nr_do_read_fault:37
[ 9534.484092] FinalTaskReport: sh:18660 - ra_orig_nr_pages:0, ra_final_nr_pages:0
                                        async_pages:0, final_async_pages:0
                                        full_pfetches:0, less256_pfetches:0, partial_pfetches:0
                                        failed_pfetches:0, total_pfetches:0, os_pfetches:0
                                        nr_pages_read:0, nr_pages_hit:0, nr_do_read_fault:17
[ 9534.517234] alloc_cross_bitmap: preallocate 268435456 pg, nr_longs=4194304 in 4 millisec
[ 9534.519003] alloc_cross_bitmap: preallocate 268435456 pg, nr_longs=4194304 in 4 millisec
[ 9534.522008] alloc_cross_bitmap: preallocate 268435456 pg, nr_longs=4194304 in 4 millisec
[ 9534.522810] alloc_cross_bitmap: preallocate 268435456 pg, nr_longs=4194304 in 4 millisec
[ 9534.526147] alloc_cross_bitmap: preallocate 268435456 pg, nr_longs=4194304 in 4 millisec
[ 9534.527391] alloc_cross_bitmap: preallocate 268435456 pg, nr_longs=4194304 in 8 millisec
[ 9534.527395] alloc_cross_bitmap: preallocate 268435456 pg, nr_longs=4194304 in 8 millisec
[ 9534.528853] alloc_cross_bitmap: preallocate 268435456 pg, nr_longs=4194304 in 8 millisec
[ 9534.528903] alloc_cross_bitmap: preallocate 268435456 pg, nr_longs=4194304 in 8 millisec
[ 9534.529099] alloc_cross_bitmap: preallocate 268435456 pg, nr_longs=4194304 in 8 millisec
[ 9534.529134] alloc_cross_bitmap: preallocate 268435456 pg, nr_longs=4194304 in 8 millisec
[ 9534.530246] alloc_cross_bitmap: preallocate 268435456 pg, nr_longs=4194304 in 8 millisec
[ 9534.530603] alloc_cross_bitmap: preallocate 268435456 pg, nr_longs=4194304 in 12 millisec
[ 9534.530619] alloc_cross_bitmap: preallocate 268435456 pg, nr_longs=4194304 in 12 millisec
[ 9534.540067] alloc_cross_bitmap: preallocate 268435456 pg, nr_longs=4194304 in 4 millisec
[ 9534.552872] alloc_cross_bitmap: preallocate 268435456 pg, nr_longs=4194304 in 4 millisec
[ 9534.554525] alloc_cross_bitmap: preallocate 268435456 pg, nr_longs=4194304 in 4 millisec
[ 9534.555539] alloc_cross_bitmap: preallocate 268435456 pg, nr_longs=4194304 in 4 millisec
[ 9534.556239] alloc_cross_bitmap: preallocate 268435456 pg, nr_longs=4194304 in 4 millisec
[ 9534.556422] Enabled file stats for sh:18678
[ 9534.556620] write_proc: Value of write = 1
[ 9534.557774] alloc_cross_bitmap: preallocate 268435456 pg, nr_longs=4194304 in 4 millisec
[ 9534.558149] alloc_cross_bitmap: preallocate 268435456 pg, nr_longs=4194304 in 4 millisec
[ 9534.558682] Enabled file stats for addr2line:18687
[ 9534.558917] write_proc: Value of write = 1
[ 9534.561234] write_proc: Value of write = 0
[ 9534.561240] __do_sys_start_cross_trace: PRINT_GLOBAL_STATS 
[ 9534.561241] Final GlobalReport: nr_pages_read:13203589242, nr_pages_hit:12917049406, nr_do_read_fault:7072986, nr_pages_miss:103924399
[ 9534.561276] FinalTaskReport: addr2line:18687 - ra_orig_nr_pages:0, ra_final_nr_pages:0
                                        async_pages:0, final_async_pages:0
                                        full_pfetches:0, less256_pfetches:0, partial_pfetches:0
                                        failed_pfetches:0, total_pfetches:0, os_pfetches:0
                                        nr_pages_read:370, nr_pages_hit:358, nr_do_read_fault:36
[ 9534.561308] alloc_cross_bitmap: preallocate 268435456 pg, nr_longs=4194304 in 4 millisec
[ 9534.561323] alloc_cross_bitmap: preallocate 268435456 pg, nr_longs=4194304 in 4 millisec
[ 9534.561621] alloc_cross_bitmap: preallocate 268435456 pg, nr_longs=4194304 in 4 millisec
[ 9534.561629] alloc_cross_bitmap: preallocate 268435456 pg, nr_longs=4194304 in 4 millisec
[ 9534.561735] FinalTaskReport: sh:18678 - ra_orig_nr_pages:0, ra_final_nr_pages:0
                                        async_pages:0, final_async_pages:0
                                        full_pfetches:0, less256_pfetches:0, partial_pfetches:0
                                        failed_pfetches:0, total_pfetches:0, os_pfetches:0
                                        nr_pages_read:0, nr_pages_hit:0, nr_do_read_fault:18
[ 9534.562262] alloc_cross_bitmap: preallocate 268435456 pg, nr_longs=4194304 in 8 millisec
[ 9534.563183] alloc_cross_bitmap: preallocate 268435456 pg, nr_longs=4194304 in 8 millisec
[ 9534.563234] alloc_cross_bitmap: preallocate 268435456 pg, nr_longs=4194304 in 8 millisec
[ 9534.564644] alloc_cross_bitmap: preallocate 268435456 pg, nr_longs=4194304 in 4 millisec
[ 9534.614360] alloc_cross_bitmap: preallocate 268435456 pg, nr_longs=4194304 in 4 millisec
[ 9534.614999] alloc_cross_bitmap: preallocate 268435456 pg, nr_longs=4194304 in 4 millisec
[ 9534.615646] alloc_cross_bitmap: preallocate 268435456 pg, nr_longs=4194304 in 4 millisec
[ 9534.616345] alloc_cross_bitmap: preallocate 268435456 pg, nr_longs=4194304 in 4 millisec
[ 9534.621870] alloc_cross_bitmap: preallocate 268435456 pg, nr_longs=4194304 in 4 millisec
[ 9534.622210] alloc_cross_bitmap: preallocate 268435456 pg, nr_longs=4194304 in 4 millisec
[ 9534.624613] alloc_cross_bitmap: preallocate 268435456 pg, nr_longs=4194304 in 4 millisec
[ 9534.624789] alloc_cross_bitmap: preallocate 268435456 pg, nr_longs=4194304 in 4 millisec
[ 9534.625438] alloc_cross_bitmap: preallocate 268435456 pg, nr_longs=4194304 in 4 millisec
[ 9534.626386] alloc_cross_bitmap: preallocate 268435456 pg, nr_longs=4194304 in 8 millisec
[ 9534.626899] alloc_cross_bitmap: preallocate 268435456 pg, nr_longs=4194304 in 8 millisec
[ 9534.627032] alloc_cross_bitmap: preallocate 268435456 pg, nr_longs=4194304 in 8 millisec
[ 9534.630875] alloc_cross_bitmap: preallocate 268435456 pg, nr_longs=4194304 in 4 millisec
[ 9534.646482] Enabled file stats for sh:18696
[ 9534.646678] write_proc: Value of write = 1
[ 9534.648389] Enabled file stats for addr2line:18705
[ 9534.648578] write_proc: Value of write = 1
[ 9534.650584] write_proc: Value of write = 0
[ 9534.650590] __do_sys_start_cross_trace: PRINT_GLOBAL_STATS 
[ 9534.650592] Final GlobalReport: nr_pages_read:13203589242, nr_pages_hit:12917049406, nr_do_read_fault:7073229, nr_pages_miss:103924399
[ 9534.650623] FinalTaskReport: addr2line:18705 - ra_orig_nr_pages:0, ra_final_nr_pages:0
                                        async_pages:0, final_async_pages:0
                                        full_pfetches:0, less256_pfetches:0, partial_pfetches:0
                                        failed_pfetches:0, total_pfetches:0, os_pfetches:0
                                        nr_pages_read:370, nr_pages_hit:358, nr_do_read_fault:39
[ 9534.650882] FinalTaskReport: sh:18696 - ra_orig_nr_pages:0, ra_final_nr_pages:0
                                        async_pages:0, final_async_pages:0
                                        full_pfetches:0, less256_pfetches:0, partial_pfetches:0
                                        failed_pfetches:0, total_pfetches:0, os_pfetches:0
                                        nr_pages_read:0, nr_pages_hit:0, nr_do_read_fault:16
[ 9534.747639] Enabled file stats for sh:18714
[ 9534.747835] write_proc: Value of write = 1
[ 9534.749542] Enabled file stats for addr2line:18723
[ 9534.749719] write_proc: Value of write = 1
[ 9534.751611] write_proc: Value of write = 0
[ 9534.751618] __do_sys_start_cross_trace: PRINT_GLOBAL_STATS 
[ 9534.751619] Final GlobalReport: nr_pages_read:13203589242, nr_pages_hit:12917049406, nr_do_read_fault:7073460, nr_pages_miss:103924399
[ 9534.751647] FinalTaskReport: addr2line:18723 - ra_orig_nr_pages:0, ra_final_nr_pages:0
                                        async_pages:0, final_async_pages:0
                                        full_pfetches:0, less256_pfetches:0, partial_pfetches:0
                                        failed_pfetches:0, total_pfetches:0, os_pfetches:0
                                        nr_pages_read:370, nr_pages_hit:358, nr_do_read_fault:37
[ 9534.752102] FinalTaskReport: sh:18714 - ra_orig_nr_pages:0, ra_final_nr_pages:0
                                        async_pages:0, final_async_pages:0
                                        full_pfetches:0, less256_pfetches:0, partial_pfetches:0
                                        failed_pfetches:0, total_pfetches:0, os_pfetches:0
                                        nr_pages_read:0, nr_pages_hit:0, nr_do_read_fault:16
[ 9534.848520] Enabled file stats for sh:18732
[ 9534.848722] write_proc: Value of write = 1
[ 9534.850062] Enabled file stats for addr2line:18741
[ 9534.850282] write_proc: Value of write = 1
[ 9534.852135] write_proc: Value of write = 0
[ 9534.852143] __do_sys_start_cross_trace: PRINT_GLOBAL_STATS 
[ 9534.852144] Final GlobalReport: nr_pages_read:13203589242, nr_pages_hit:12917049406, nr_do_read_fault:7073702, nr_pages_miss:103924399
[ 9534.852174] FinalTaskReport: addr2line:18741 - ra_orig_nr_pages:0, ra_final_nr_pages:0
                                        async_pages:0, final_async_pages:0
                                        full_pfetches:0, less256_pfetches:0, partial_pfetches:0
                                        failed_pfetches:0, total_pfetches:0, os_pfetches:0
                                        nr_pages_read:370, nr_pages_hit:358, nr_do_read_fault:37
[ 9534.852884] FinalTaskReport: sh:18732 - ra_orig_nr_pages:0, ra_final_nr_pages:0
                                        async_pages:0, final_async_pages:0
                                        full_pfetches:0, less256_pfetches:0, partial_pfetches:0
                                        failed_pfetches:0, total_pfetches:0, os_pfetches:0
                                        nr_pages_read:0, nr_pages_hit:0, nr_do_read_fault:17
[ 9534.947858] Enabled file stats for sh:18750
[ 9534.948080] write_proc: Value of write = 1
[ 9534.949962] Enabled file stats for addr2line:18759
[ 9534.950151] write_proc: Value of write = 1
[ 9534.952026] write_proc: Value of write = 0
[ 9534.952032] __do_sys_start_cross_trace: PRINT_GLOBAL_STATS 
[ 9534.952033] Final GlobalReport: nr_pages_read:13203589242, nr_pages_hit:12917049406, nr_do_read_fault:7073935, nr_pages_miss:103924399
[ 9534.952062] FinalTaskReport: addr2line:18759 - ra_orig_nr_pages:0, ra_final_nr_pages:0
                                        async_pages:0, final_async_pages:0
                                        full_pfetches:0, less256_pfetches:0, partial_pfetches:0
                                        failed_pfetches:0, total_pfetches:0, os_pfetches:0
                                        nr_pages_read:370, nr_pages_hit:358, nr_do_read_fault:34
[ 9534.952811] FinalTaskReport: sh:18750 - ra_orig_nr_pages:0, ra_final_nr_pages:0
                                        async_pages:0, final_async_pages:0
                                        full_pfetches:0, less256_pfetches:0, partial_pfetches:0
                                        failed_pfetches:0, total_pfetches:0, os_pfetches:0
                                        nr_pages_read:0, nr_pages_hit:0, nr_do_read_fault:16
[ 9535.049875] Enabled file stats for sh:18768
[ 9535.050079] write_proc: Value of write = 1
[ 9535.051571] Enabled file stats for addr2line:18777
[ 9535.051750] write_proc: Value of write = 1
[ 9535.053621] write_proc: Value of write = 0
[ 9535.053628] __do_sys_start_cross_trace: PRINT_GLOBAL_STATS 
[ 9535.053629] Final GlobalReport: nr_pages_read:13203589242, nr_pages_hit:12917049406, nr_do_read_fault:7074171, nr_pages_miss:103924399
[ 9535.053661] FinalTaskReport: addr2line:18777 - ra_orig_nr_pages:0, ra_final_nr_pages:0
                                        async_pages:0, final_async_pages:0
                                        full_pfetches:0, less256_pfetches:0, partial_pfetches:0
                                        failed_pfetches:0, total_pfetches:0, os_pfetches:0
                                        nr_pages_read:370, nr_pages_hit:358, nr_do_read_fault:36
[ 9535.054384] FinalTaskReport: sh:18768 - ra_orig_nr_pages:0, ra_final_nr_pages:0
                                        async_pages:0, final_async_pages:0
                                        full_pfetches:0, less256_pfetches:0, partial_pfetches:0
                                        failed_pfetches:0, total_pfetches:0, os_pfetches:0
                                        nr_pages_read:0, nr_pages_hit:0, nr_do_read_fault:19
[ 9535.150407] Enabled file stats for sh:18786
[ 9535.150632] write_proc: Value of write = 1
[ 9535.152288] Enabled file stats for addr2line:18795
[ 9535.152486] write_proc: Value of write = 1
[ 9535.154379] write_proc: Value of write = 0
[ 9535.154386] __do_sys_start_cross_trace: PRINT_GLOBAL_STATS 
[ 9535.154388] Final GlobalReport: nr_pages_read:13203589242, nr_pages_hit:12917049406, nr_do_read_fault:7074411, nr_pages_miss:103924399
[ 9535.154414] FinalTaskReport: addr2line:18795 - ra_orig_nr_pages:0, ra_final_nr_pages:0
                                        async_pages:0, final_async_pages:0
                                        full_pfetches:0, less256_pfetches:0, partial_pfetches:0
                                        failed_pfetches:0, total_pfetches:0, os_pfetches:0
                                        nr_pages_read:370, nr_pages_hit:358, nr_do_read_fault:38
[ 9535.154681] FinalTaskReport: sh:18786 - ra_orig_nr_pages:0, ra_final_nr_pages:0
                                        async_pages:0, final_async_pages:0
                                        full_pfetches:0, less256_pfetches:0, partial_pfetches:0
                                        failed_pfetches:0, total_pfetches:0, os_pfetches:0
                                        nr_pages_read:0, nr_pages_hit:0, nr_do_read_fault:18
[ 9535.250423] Enabled file stats for sh:18804
[ 9535.250647] write_proc: Value of write = 1
[ 9535.251979] Enabled file stats for addr2line:18813
[ 9535.252155] write_proc: Value of write = 1
[ 9535.254023] write_proc: Value of write = 0
[ 9535.254029] __do_sys_start_cross_trace: PRINT_GLOBAL_STATS 
[ 9535.254030] Final GlobalReport: nr_pages_read:13203589242, nr_pages_hit:12917049406, nr_do_read_fault:7074649, nr_pages_miss:103924399
[ 9535.254062] FinalTaskReport: addr2line:18813 - ra_orig_nr_pages:0, ra_final_nr_pages:0
                                        async_pages:0, final_async_pages:0
                                        full_pfetches:0, less256_pfetches:0, partial_pfetches:0
                                        failed_pfetches:0, total_pfetches:0, os_pfetches:0
                                        nr_pages_read:370, nr_pages_hit:358, nr_do_read_fault:39
[ 9535.254733] FinalTaskReport: sh:18804 - ra_orig_nr_pages:0, ra_final_nr_pages:0
                                        async_pages:0, final_async_pages:0
                                        full_pfetches:0, less256_pfetches:0, partial_pfetches:0
                                        failed_pfetches:0, total_pfetches:0, os_pfetches:0
                                        nr_pages_read:0, nr_pages_hit:0, nr_do_read_fault:16
[ 9535.255099] FinalTaskReport: db_bench:18472 - ra_orig_nr_pages:0, ra_final_nr_pages:0
                                        async_pages:1022, final_async_pages:2299
                                        full_pfetches:0, less256_pfetches:0, partial_pfetches:0
                                        failed_pfetches:0, total_pfetches:0, os_pfetches:94
                                        nr_pages_read:2046, nr_pages_hit:1158, nr_do_read_fault:162
[ 9535.459843] write_proc: Value of write = 0
[ 9535.459854] __do_sys_start_cross_trace: PRINT_GLOBAL_STATS 
[ 9535.459856] Final GlobalReport: nr_pages_read:13203589242, nr_pages_hit:12917049406, nr_do_read_fault:7074656, nr_pages_miss:103924399
[ 9535.459890] FinalTaskReport: time:18463 - ra_orig_nr_pages:0, ra_final_nr_pages:0
                                        async_pages:0, final_async_pages:25
                                        full_pfetches:0, less256_pfetches:0, partial_pfetches:0
                                        failed_pfetches:0, total_pfetches:0, os_pfetches:1
                                        nr_pages_read:0, nr_pages_hit:0, nr_do_read_fault:16
