ENABLE_FILE_STATS in con
ENABLE_FILE_STATS in con
RocksDB:    version 6.20
Date:       Wed Aug 10 18:37:10 2022
CPU:        48 * AMD EPYC 7402P 24-Core Processor
CPUCache:   512 KB
Get returned an error: Corruption: bad entry in block
Get returned an error: Corruption: bad entry in block
Get returned an error: Corruption: bad entry in block
Get returned an error: Corruption: bad entry in block
Command terminated by signal 6
	Command being timed: "./db_bench --db=/users/kannan11/ssd/sudarsun/prefetching/appbench/apps/rocksdb/DATA --value_size=4096 --wal_dir=/users/kannan11/ssd/sudarsun/prefetching/appbench/apps/rocksdb/DATA/WAL_LOG --sync=0 --key_size=1000 --write_buffer_size=67108864 --num=2000000 --benchmarks=readwhilewriting --use_existing_db=1 --mmap_read=0 --threads=32"
	User time (seconds): 0.22
	System time (seconds): 6.04
	Percent of CPU this job got: 907%
	Elapsed (wall clock) time (h:mm:ss or m:ss): 0:00.69
	Average shared text size (kbytes): 0
	Average unshared data size (kbytes): 0
	Average stack size (kbytes): 0
	Average total size (kbytes): 0
	Maximum resident set size (kbytes): 6206892
	Average resident set size (kbytes): 0
	Major (requiring I/O) page faults: 76
	Minor (reclaiming a frame) page faults: 1550434
	Voluntary context switches: 4546
	Involuntary context switches: 16
	Swaps: 0
	File system inputs: 126608
	File system outputs: 1656
	Socket messages sent: 0
	Socket messages received: 0
	Signals delivered: 0
	Page size (bytes): 4096
	Exit status: 0
DESTRUCTOR GETTING CALLED 
PRINT_GLOBAL_STATS in dest
[ 9513.409907] free_cross_bitmap: releasing mem for inode with i_count 2
[ 9513.417208] free_cross_bitmap: releasing mem for inode with i_count 2
[ 9513.424565] free_cross_bitmap: releasing mem for inode with i_count 2
[ 9513.431614] free_cross_bitmap: releasing mem for inode with i_count 2
[ 9513.438532] free_cross_bitmap: releasing mem for inode with i_count 2
[ 9513.445500] free_cross_bitmap: releasing mem for inode with i_count 2
[ 9513.452433] free_cross_bitmap: releasing mem for inode with i_count 2
[ 9513.459397] free_cross_bitmap: releasing mem for inode with i_count 2
[ 9513.466349] free_cross_bitmap: releasing mem for inode with i_count 2
[ 9513.473755] free_cross_bitmap: releasing mem for inode with i_count 2
[ 9513.480765] free_cross_bitmap: releasing mem for inode with i_count 2
[ 9513.487932] free_cross_bitmap: releasing mem for inode with i_count 2
[ 9513.494936] free_cross_bitmap: releasing mem for inode with i_count 2
[ 9513.502033] free_cross_bitmap: releasing mem for inode with i_count 2
[ 9513.509030] free_cross_bitmap: releasing mem for inode with i_count 2
[ 9513.516439] free_cross_bitmap: releasing mem for inode with i_count 2
[ 9513.523480] free_cross_bitmap: releasing mem for inode with i_count 2
[ 9513.530790] free_cross_bitmap: releasing mem for inode with i_count 2
[ 9513.537716] free_cross_bitmap: releasing mem for inode with i_count 2
[ 9513.544734] free_cross_bitmap: releasing mem for inode with i_count 2
[ 9513.551895] free_cross_bitmap: releasing mem for inode with i_count 2
[ 9513.559189] free_cross_bitmap: releasing mem for inode with i_count 2
[ 9513.566226] free_cross_bitmap: releasing mem for inode with i_count 2
[ 9513.573145] free_cross_bitmap: releasing mem for inode with i_count 2
[ 9513.580221] free_cross_bitmap: releasing mem for inode with i_count 2
[ 9513.587194] free_cross_bitmap: releasing mem for inode with i_count 2
[ 9513.594225] free_cross_bitmap: releasing mem for inode with i_count 2
[ 9513.601749] free_cross_bitmap: releasing mem for inode with i_count 2
[ 9513.608754] free_cross_bitmap: releasing mem for inode with i_count 2
[ 9513.615669] free_cross_bitmap: releasing mem for inode with i_count 2
[ 9513.622871] free_cross_bitmap: releasing mem for inode with i_count 2
[ 9513.630053] free_cross_bitmap: releasing mem for inode with i_count 2
[ 9513.637232] free_cross_bitmap: releasing mem for inode with i_count 2
[ 9513.644256] free_cross_bitmap: releasing mem for inode with i_count 2
[ 9513.651594] free_cross_bitmap: releasing mem for inode with i_count 2
[ 9513.658708] free_cross_bitmap: releasing mem for inode with i_count 2
[ 9513.665837] free_cross_bitmap: releasing mem for inode with i_count 2
[ 9513.672787] free_cross_bitmap: releasing mem for inode with i_count 2
[ 9513.679934] free_cross_bitmap: releasing mem for inode with i_count 2
[ 9513.687207] free_cross_bitmap: releasing mem for inode with i_count 2
[ 9513.694189] free_cross_bitmap: releasing mem for inode with i_count 2
[ 9513.701226] free_cross_bitmap: releasing mem for inode with i_count 2
[ 9513.708225] free_cross_bitmap: releasing mem for inode with i_count 2
[ 9513.715217] free_cross_bitmap: releasing mem for inode with i_count 2
[ 9513.722273] free_cross_bitmap: releasing mem for inode with i_count 2
[ 9513.729611] free_cross_bitmap: releasing mem for inode with i_count 2
[ 9513.736585] free_cross_bitmap: releasing mem for inode with i_count 2
[ 9513.743556] free_cross_bitmap: releasing mem for inode with i_count 2
[ 9513.750518] free_cross_bitmap: releasing mem for inode with i_count 2
[ 9513.757495] free_cross_bitmap: releasing mem for inode with i_count 2
[ 9513.764448] free_cross_bitmap: releasing mem for inode with i_count 2
[ 9513.771806] free_cross_bitmap: releasing mem for inode with i_count 2
[ 9513.778804] free_cross_bitmap: releasing mem for inode with i_count 2
[ 9513.785822] free_cross_bitmap: releasing mem for inode with i_count 2
[ 9513.792807] free_cross_bitmap: releasing mem for inode with i_count 2
[ 9513.799747] free_cross_bitmap: releasing mem for inode with i_count 2
[ 9513.806801] free_cross_bitmap: releasing mem for inode with i_count 2
[ 9513.814239] free_cross_bitmap: releasing mem for inode with i_count 2
[ 9513.821237] free_cross_bitmap: releasing mem for inode with i_count 2
[ 9513.828218] free_cross_bitmap: releasing mem for inode with i_count 2
[ 9513.835148] free_cross_bitmap: releasing mem for inode with i_count 2
[ 9513.842167] free_cross_bitmap: releasing mem for inode with i_count 2
[ 9513.849160] free_cross_bitmap: releasing mem for inode with i_count 2
[ 9513.856382] free_cross_bitmap: releasing mem for inode with i_count 2
[ 9513.863375] free_cross_bitmap: releasing mem for inode with i_count 2
[ 9513.870305] free_cross_bitmap: releasing mem for inode with i_count 2
[ 9513.877256] free_cross_bitmap: releasing mem for inode with i_count 2
[ 9513.884251] free_cross_bitmap: releasing mem for inode with i_count 2
[ 9513.891194] free_cross_bitmap: releasing mem for inode with i_count 2
[ 9513.898508] free_cross_bitmap: releasing mem for inode with i_count 2
[ 9513.905456] free_cross_bitmap: releasing mem for inode with i_count 2
[ 9513.912427] free_cross_bitmap: releasing mem for inode with i_count 2
[ 9513.919370] free_cross_bitmap: releasing mem for inode with i_count 2
[ 9513.926332] free_cross_bitmap: releasing mem for inode with i_count 2
[ 9513.933266] free_cross_bitmap: releasing mem for inode with i_count 2
[ 9513.940492] free_cross_bitmap: releasing mem for inode with i_count 2
[ 9513.947463] free_cross_bitmap: releasing mem for inode with i_count 2
[ 9513.954444] free_cross_bitmap: releasing mem for inode with i_count 2
[ 9513.961378] free_cross_bitmap: releasing mem for inode with i_count 2
[ 9513.968351] free_cross_bitmap: releasing mem for inode with i_count 2
[ 9513.975298] free_cross_bitmap: releasing mem for inode with i_count 2
[ 9513.982585] free_cross_bitmap: releasing mem for inode with i_count 2
[ 9513.989493] free_cross_bitmap: releasing mem for inode with i_count 2
[ 9513.996428] free_cross_bitmap: releasing mem for inode with i_count 2
[ 9514.003434] free_cross_bitmap: releasing mem for inode with i_count 2
[ 9514.010418] free_cross_bitmap: releasing mem for inode with i_count 2
[ 9514.017368] free_cross_bitmap: releasing mem for inode with i_count 2
[ 9514.024733] free_cross_bitmap: releasing mem for inode with i_count 2
[ 9514.031681] free_cross_bitmap: releasing mem for inode with i_count 2
[ 9514.038634] free_cross_bitmap: releasing mem for inode with i_count 2
[ 9514.045600] free_cross_bitmap: releasing mem for inode with i_count 2
[ 9514.052553] free_cross_bitmap: releasing mem for inode with i_count 2
[ 9514.059576] free_cross_bitmap: releasing mem for inode with i_count 2
[ 9514.066835] free_cross_bitmap: releasing mem for inode with i_count 2
[ 9514.073792] free_cross_bitmap: releasing mem for inode with i_count 2
[ 9514.080764] free_cross_bitmap: releasing mem for inode with i_count 2
[ 9514.087754] free_cross_bitmap: releasing mem for inode with i_count 2
[ 9514.094747] free_cross_bitmap: releasing mem for inode with i_count 2
[ 9514.101640] free_cross_bitmap: releasing mem for inode with i_count 2
[ 9514.108945] free_cross_bitmap: releasing mem for inode with i_count 2
[ 9514.115887] free_cross_bitmap: releasing mem for inode with i_count 2
[ 9514.122818] free_cross_bitmap: releasing mem for inode with i_count 2
[ 9514.129758] free_cross_bitmap: releasing mem for inode with i_count 2
[ 9514.136757] free_cross_bitmap: releasing mem for inode with i_count 2
[ 9514.143765] free_cross_bitmap: releasing mem for inode with i_count 2
[ 9514.151058] free_cross_bitmap: releasing mem for inode with i_count 2
[ 9514.157992] free_cross_bitmap: releasing mem for inode with i_count 2
[ 9514.164986] free_cross_bitmap: releasing mem for inode with i_count 2
[ 9514.171947] free_cross_bitmap: releasing mem for inode with i_count 2
[ 9514.178936] free_cross_bitmap: releasing mem for inode with i_count 2
[ 9514.185884] free_cross_bitmap: releasing mem for inode with i_count 2
[ 9514.193235] free_cross_bitmap: releasing mem for inode with i_count 2
[ 9514.200155] free_cross_bitmap: releasing mem for inode with i_count 2
[ 9514.207138] free_cross_bitmap: releasing mem for inode with i_count 2
[ 9514.214059] free_cross_bitmap: releasing mem for inode with i_count 2
[ 9514.221029] free_cross_bitmap: releasing mem for inode with i_count 2
[ 9514.228035] free_cross_bitmap: releasing mem for inode with i_count 2
[ 9514.235346] free_cross_bitmap: releasing mem for inode with i_count 2
[ 9514.242309] free_cross_bitmap: releasing mem for inode with i_count 2
[ 9514.249280] free_cross_bitmap: releasing mem for inode with i_count 2
[ 9514.256231] free_cross_bitmap: releasing mem for inode with i_count 2
[ 9514.263171] free_cross_bitmap: releasing mem for inode with i_count 2
[ 9514.270123] free_cross_bitmap: releasing mem for inode with i_count 2
[ 9514.277365] free_cross_bitmap: releasing mem for inode with i_count 2
[ 9514.284334] free_cross_bitmap: releasing mem for inode with i_count 2
[ 9514.291290] free_cross_bitmap: releasing mem for inode with i_count 2
[ 9514.298273] free_cross_bitmap: releasing mem for inode with i_count 2
[ 9514.305199] free_cross_bitmap: releasing mem for inode with i_count 2
[ 9514.312112] free_cross_bitmap: releasing mem for inode with i_count 2
[ 9514.319430] free_cross_bitmap: releasing mem for inode with i_count 2
[ 9514.326352] free_cross_bitmap: releasing mem for inode with i_count 2
[ 9514.333234] free_cross_bitmap: releasing mem for inode with i_count 2
[ 9514.340164] free_cross_bitmap: releasing mem for inode with i_count 2
[ 9514.347061] free_cross_bitmap: releasing mem for inode with i_count 2
[ 9514.354022] free_cross_bitmap: releasing mem for inode with i_count 2
[ 9514.361326] free_cross_bitmap: releasing mem for inode with i_count 2
[ 9514.368211] free_cross_bitmap: releasing mem for inode with i_count 2
[ 9514.375174] free_cross_bitmap: releasing mem for inode with i_count 2
[ 9514.382060] free_cross_bitmap: releasing mem for inode with i_count 2
[ 9514.388979] free_cross_bitmap: releasing mem for inode with i_count 2
[ 9514.395966] free_cross_bitmap: releasing mem for inode with i_count 2
[ 9514.403323] free_cross_bitmap: releasing mem for inode with i_count 2
[ 9514.410286] free_cross_bitmap: releasing mem for inode with i_count 2
[ 9514.417170] free_cross_bitmap: releasing mem for inode with i_count 2
[ 9514.424099] free_cross_bitmap: releasing mem for inode with i_count 2
[ 9514.431040] free_cross_bitmap: releasing mem for inode with i_count 2
[ 9514.437923] free_cross_bitmap: releasing mem for inode with i_count 2
[ 9514.445488] free_cross_bitmap: releasing mem for inode with i_count 2
[ 9514.452412] free_cross_bitmap: releasing mem for inode with i_count 2
[ 9514.459295] free_cross_bitmap: releasing mem for inode with i_count 2
[ 9514.466284] free_cross_bitmap: releasing mem for inode with i_count 2
[ 9514.473216] free_cross_bitmap: releasing mem for inode with i_count 2
[ 9514.480152] free_cross_bitmap: releasing mem for inode with i_count 2
[ 9514.487851] free_cross_bitmap: releasing mem for inode with i_count 2
[ 9514.494778] free_cross_bitmap: releasing mem for inode with i_count 2
[ 9514.501698] free_cross_bitmap: releasing mem for inode with i_count 2
[ 9514.508608] free_cross_bitmap: releasing mem for inode with i_count 2
[ 9514.515554] free_cross_bitmap: releasing mem for inode with i_count 2
[ 9514.522526] free_cross_bitmap: releasing mem for inode with i_count 2
[ 9514.529740] free_cross_bitmap: releasing mem for inode with i_count 2
[ 9514.536709] free_cross_bitmap: releasing mem for inode with i_count 2
[ 9514.543613] free_cross_bitmap: releasing mem for inode with i_count 2
[ 9514.550537] free_cross_bitmap: releasing mem for inode with i_count 2
[ 9514.557473] free_cross_bitmap: releasing mem for inode with i_count 2
[ 9514.564353] free_cross_bitmap: releasing mem for inode with i_count 2
[ 9514.571581] free_cross_bitmap: releasing mem for inode with i_count 2
[ 9514.578510] free_cross_bitmap: releasing mem for inode with i_count 2
[ 9514.585419] free_cross_bitmap: releasing mem for inode with i_count 2
[ 9514.592341] free_cross_bitmap: releasing mem for inode with i_count 2
[ 9514.599221] free_cross_bitmap: releasing mem for inode with i_count 2
[ 9514.606131] free_cross_bitmap: releasing mem for inode with i_count 2
[ 9514.613456] free_cross_bitmap: releasing mem for inode with i_count 2
[ 9514.620358] free_cross_bitmap: releasing mem for inode with i_count 2
[ 9514.627349] free_cross_bitmap: releasing mem for inode with i_count 2
[ 9514.634245] free_cross_bitmap: releasing mem for inode with i_count 2
[ 9514.641199] free_cross_bitmap: releasing mem for inode with i_count 2
[ 9514.648195] free_cross_bitmap: releasing mem for inode with i_count 2
[ 9514.655522] free_cross_bitmap: releasing mem for inode with i_count 2
[ 9514.662457] free_cross_bitmap: releasing mem for inode with i_count 2
[ 9514.669354] free_cross_bitmap: releasing mem for inode with i_count 2
[ 9514.676257] free_cross_bitmap: releasing mem for inode with i_count 2
[ 9514.683206] free_cross_bitmap: releasing mem for inode with i_count 2
[ 9514.690120] free_cross_bitmap: releasing mem for inode with i_count 2
[ 9514.697380] free_cross_bitmap: releasing mem for inode with i_count 2
[ 9514.704335] free_cross_bitmap: releasing mem for inode with i_count 2
[ 9514.713082] free_cross_bitmap: releasing mem for inode with i_count 2
[ 9514.720371] sh (17724): drop_caches: 3
[ 9514.752035] sh (17915): drop_caches: 3
[ 9519.776884] Enabled file stats for time:17923
[ 9519.777089] write_proc: Value of write = 0
[ 9519.781974] Enabled file stats for db_bench:17932
[ 9519.782158] write_proc: Value of write = 0
[ 9519.834412] alloc_cross_bitmap: preallocate 268435456 pg, nr_longs=4194304 in 12 millisec
[ 9519.837104] alloc_cross_bitmap: preallocate 268435456 pg, nr_longs=4194304 in 12 millisec
[ 9519.837674] alloc_cross_bitmap: preallocate 268435456 pg, nr_longs=4194304 in 12 millisec
[ 9519.837889] alloc_cross_bitmap: preallocate 268435456 pg, nr_longs=4194304 in 12 millisec
[ 9519.837992] alloc_cross_bitmap: preallocate 268435456 pg, nr_longs=4194304 in 12 millisec
[ 9519.838137] alloc_cross_bitmap: preallocate 268435456 pg, nr_longs=4194304 in 12 millisec
[ 9519.838565] alloc_cross_bitmap: preallocate 268435456 pg, nr_longs=4194304 in 16 millisec
[ 9519.838564] alloc_cross_bitmap: preallocate 268435456 pg, nr_longs=4194304 in 16 millisec
[ 9519.838775] alloc_cross_bitmap: preallocate 268435456 pg, nr_longs=4194304 in 16 millisec
[ 9519.839066] alloc_cross_bitmap: preallocate 268435456 pg, nr_longs=4194304 in 16 millisec
[ 9519.839506] alloc_cross_bitmap: preallocate 268435456 pg, nr_longs=4194304 in 16 millisec
[ 9519.839542] alloc_cross_bitmap: preallocate 268435456 pg, nr_longs=4194304 in 16 millisec
[ 9519.839638] alloc_cross_bitmap: preallocate 268435456 pg, nr_longs=4194304 in 16 millisec
[ 9519.839638] alloc_cross_bitmap: preallocate 268435456 pg, nr_longs=4194304 in 16 millisec
[ 9519.840507] alloc_cross_bitmap: preallocate 268435456 pg, nr_longs=4194304 in 16 millisec
[ 9519.840556] alloc_cross_bitmap: preallocate 268435456 pg, nr_longs=4194304 in 16 millisec
[ 9519.861357] alloc_cross_bitmap: preallocate 268435456 pg, nr_longs=4194304 in 4 millisec
[ 9519.865854] alloc_cross_bitmap: preallocate 268435456 pg, nr_longs=4194304 in 0 millisec
[ 9519.868312] alloc_cross_bitmap: preallocate 268435456 pg, nr_longs=4194304 in 4 millisec
[ 9519.868444] alloc_cross_bitmap: preallocate 268435456 pg, nr_longs=4194304 in 4 millisec
[ 9519.870119] alloc_cross_bitmap: preallocate 268435456 pg, nr_longs=4194304 in 4 millisec
[ 9519.871076] alloc_cross_bitmap: preallocate 268435456 pg, nr_longs=4194304 in 8 millisec
[ 9519.872841] alloc_cross_bitmap: preallocate 268435456 pg, nr_longs=4194304 in 8 millisec
[ 9519.873257] alloc_cross_bitmap: preallocate 268435456 pg, nr_longs=4194304 in 8 millisec
[ 9519.874282] alloc_cross_bitmap: preallocate 268435456 pg, nr_longs=4194304 in 12 millisec
[ 9519.874294] alloc_cross_bitmap: preallocate 268435456 pg, nr_longs=4194304 in 12 millisec
[ 9519.874336] alloc_cross_bitmap: preallocate 268435456 pg, nr_longs=4194304 in 12 millisec
[ 9519.875889] alloc_cross_bitmap: preallocate 268435456 pg, nr_longs=4194304 in 12 millisec
[ 9519.876505] alloc_cross_bitmap: preallocate 268435456 pg, nr_longs=4194304 in 12 millisec
[ 9519.876550] alloc_cross_bitmap: preallocate 268435456 pg, nr_longs=4194304 in 12 millisec
[ 9519.881659] alloc_cross_bitmap: preallocate 268435456 pg, nr_longs=4194304 in 4 millisec
[ 9519.886368] alloc_cross_bitmap: preallocate 268435456 pg, nr_longs=4194304 in 4 millisec
[ 9519.891648] alloc_cross_bitmap: preallocate 268435456 pg, nr_longs=4194304 in 4 millisec
[ 9519.895337] alloc_cross_bitmap: preallocate 268435456 pg, nr_longs=4194304 in 4 millisec
[ 9519.896954] alloc_cross_bitmap: preallocate 268435456 pg, nr_longs=4194304 in 4 millisec
[ 9519.900447] alloc_cross_bitmap: preallocate 268435456 pg, nr_longs=4194304 in 4 millisec
[ 9519.900699] alloc_cross_bitmap: preallocate 268435456 pg, nr_longs=4194304 in 4 millisec
[ 9519.904396] alloc_cross_bitmap: preallocate 268435456 pg, nr_longs=4194304 in 4 millisec
[ 9519.904609] alloc_cross_bitmap: preallocate 268435456 pg, nr_longs=4194304 in 4 millisec
[ 9519.905243] alloc_cross_bitmap: preallocate 268435456 pg, nr_longs=4194304 in 4 millisec
[ 9519.907992] alloc_cross_bitmap: preallocate 268435456 pg, nr_longs=4194304 in 8 millisec
[ 9519.908776] alloc_cross_bitmap: preallocate 268435456 pg, nr_longs=4194304 in 8 millisec
[ 9519.908862] alloc_cross_bitmap: preallocate 268435456 pg, nr_longs=4194304 in 8 millisec
[ 9519.909160] alloc_cross_bitmap: preallocate 268435456 pg, nr_longs=4194304 in 4 millisec
[ 9519.909622] alloc_cross_bitmap: preallocate 268435456 pg, nr_longs=4194304 in 4 millisec
[ 9519.912136] alloc_cross_bitmap: preallocate 268435456 pg, nr_longs=4194304 in 4 millisec
[ 9519.916390] alloc_cross_bitmap: preallocate 268435456 pg, nr_longs=4194304 in 4 millisec
[ 9519.916828] alloc_cross_bitmap: preallocate 268435456 pg, nr_longs=4194304 in 4 millisec
[ 9519.917718] alloc_cross_bitmap: preallocate 268435456 pg, nr_longs=4194304 in 4 millisec
[ 9519.919095] alloc_cross_bitmap: preallocate 268435456 pg, nr_longs=4194304 in 4 millisec
[ 9519.920555] alloc_cross_bitmap: preallocate 268435456 pg, nr_longs=4194304 in 4 millisec
[ 9519.922243] alloc_cross_bitmap: preallocate 268435456 pg, nr_longs=4194304 in 4 millisec
[ 9519.922475] alloc_cross_bitmap: preallocate 268435456 pg, nr_longs=4194304 in 4 millisec
[ 9519.976604] alloc_cross_bitmap: preallocate 268435456 pg, nr_longs=4194304 in 8 millisec
[ 9519.976662] alloc_cross_bitmap: preallocate 268435456 pg, nr_longs=4194304 in 8 millisec
[ 9519.977874] alloc_cross_bitmap: preallocate 268435456 pg, nr_longs=4194304 in 8 millisec
[ 9519.978182] alloc_cross_bitmap: preallocate 268435456 pg, nr_longs=4194304 in 8 millisec
[ 9519.978211] alloc_cross_bitmap: preallocate 268435456 pg, nr_longs=4194304 in 12 millisec
[ 9519.979066] alloc_cross_bitmap: preallocate 268435456 pg, nr_longs=4194304 in 12 millisec
[ 9519.979078] alloc_cross_bitmap: preallocate 268435456 pg, nr_longs=4194304 in 12 millisec
[ 9519.979105] alloc_cross_bitmap: preallocate 268435456 pg, nr_longs=4194304 in 12 millisec
[ 9519.979117] alloc_cross_bitmap: preallocate 268435456 pg, nr_longs=4194304 in 12 millisec
[ 9519.979145] alloc_cross_bitmap: preallocate 268435456 pg, nr_longs=4194304 in 12 millisec
[ 9519.979227] alloc_cross_bitmap: preallocate 268435456 pg, nr_longs=4194304 in 12 millisec
[ 9519.979517] alloc_cross_bitmap: preallocate 268435456 pg, nr_longs=4194304 in 12 millisec
[ 9519.981109] alloc_cross_bitmap: preallocate 268435456 pg, nr_longs=4194304 in 12 millisec
[ 9519.981565] alloc_cross_bitmap: preallocate 268435456 pg, nr_longs=4194304 in 12 millisec
[ 9519.981605] alloc_cross_bitmap: preallocate 268435456 pg, nr_longs=4194304 in 12 millisec
[ 9520.006714] alloc_cross_bitmap: preallocate 268435456 pg, nr_longs=4194304 in 4 millisec
[ 9520.006989] alloc_cross_bitmap: preallocate 268435456 pg, nr_longs=4194304 in 4 millisec
[ 9520.011696] alloc_cross_bitmap: preallocate 268435456 pg, nr_longs=4194304 in 8 millisec
[ 9520.012620] alloc_cross_bitmap: preallocate 268435456 pg, nr_longs=4194304 in 8 millisec
[ 9520.013111] alloc_cross_bitmap: preallocate 268435456 pg, nr_longs=4194304 in 8 millisec
[ 9520.015175] alloc_cross_bitmap: preallocate 268435456 pg, nr_longs=4194304 in 12 millisec
[ 9520.016527] alloc_cross_bitmap: preallocate 268435456 pg, nr_longs=4194304 in 8 millisec
[ 9520.017051] alloc_cross_bitmap: preallocate 268435456 pg, nr_longs=4194304 in 12 millisec
[ 9520.017218] alloc_cross_bitmap: preallocate 268435456 pg, nr_longs=4194304 in 8 millisec
[ 9520.017641] alloc_cross_bitmap: preallocate 268435456 pg, nr_longs=4194304 in 8 millisec
[ 9520.017843] alloc_cross_bitmap: preallocate 268435456 pg, nr_longs=4194304 in 8 millisec
[ 9520.018088] alloc_cross_bitmap: preallocate 268435456 pg, nr_longs=4194304 in 8 millisec
[ 9520.018114] alloc_cross_bitmap: preallocate 268435456 pg, nr_longs=4194304 in 8 millisec
[ 9520.019896] alloc_cross_bitmap: preallocate 268435456 pg, nr_longs=4194304 in 12 millisec
[ 9520.020008] alloc_cross_bitmap: preallocate 268435456 pg, nr_longs=4194304 in 12 millisec
[ 9520.020102] alloc_cross_bitmap: preallocate 268435456 pg, nr_longs=4194304 in 12 millisec
[ 9520.028043] alloc_cross_bitmap: preallocate 268435456 pg, nr_longs=4194304 in 4 millisec
[ 9520.029083] alloc_cross_bitmap: preallocate 268435456 pg, nr_longs=4194304 in 4 millisec
[ 9520.037716] alloc_cross_bitmap: preallocate 268435456 pg, nr_longs=4194304 in 4 millisec
[ 9520.039535] alloc_cross_bitmap: preallocate 268435456 pg, nr_longs=4194304 in 4 millisec
[ 9520.040515] alloc_cross_bitmap: preallocate 268435456 pg, nr_longs=4194304 in 4 millisec
[ 9520.047594] alloc_cross_bitmap: preallocate 268435456 pg, nr_longs=4194304 in 4 millisec
[ 9520.048132] alloc_cross_bitmap: preallocate 268435456 pg, nr_longs=4194304 in 4 millisec
[ 9520.050183] alloc_cross_bitmap: preallocate 268435456 pg, nr_longs=4194304 in 8 millisec
[ 9520.051875] alloc_cross_bitmap: preallocate 268435456 pg, nr_longs=4194304 in 8 millisec
[ 9520.052348] alloc_cross_bitmap: preallocate 268435456 pg, nr_longs=4194304 in 8 millisec
[ 9520.053041] alloc_cross_bitmap: preallocate 268435456 pg, nr_longs=4194304 in 8 millisec
[ 9520.053176] alloc_cross_bitmap: preallocate 268435456 pg, nr_longs=4194304 in 8 millisec
[ 9520.053497] alloc_cross_bitmap: preallocate 268435456 pg, nr_longs=4194304 in 8 millisec
[ 9520.053568] alloc_cross_bitmap: preallocate 268435456 pg, nr_longs=4194304 in 8 millisec
[ 9520.053636] alloc_cross_bitmap: preallocate 268435456 pg, nr_longs=4194304 in 8 millisec
[ 9520.055345] alloc_cross_bitmap: preallocate 268435456 pg, nr_longs=4194304 in 4 millisec
[ 9520.055564] alloc_cross_bitmap: preallocate 268435456 pg, nr_longs=4194304 in 8 millisec
[ 9520.055961] alloc_cross_bitmap: preallocate 268435456 pg, nr_longs=4194304 in 4 millisec
[ 9520.059334] alloc_cross_bitmap: preallocate 268435456 pg, nr_longs=4194304 in 4 millisec
[ 9520.070722] alloc_cross_bitmap: preallocate 268435456 pg, nr_longs=4194304 in 4 millisec
[ 9520.071467] alloc_cross_bitmap: preallocate 268435456 pg, nr_longs=4194304 in 4 millisec
[ 9520.074322] alloc_cross_bitmap: preallocate 268435456 pg, nr_longs=4194304 in 4 millisec
[ 9520.074348] alloc_cross_bitmap: preallocate 268435456 pg, nr_longs=4194304 in 4 millisec
[ 9520.075771] alloc_cross_bitmap: preallocate 268435456 pg, nr_longs=4194304 in 4 millisec
[ 9520.076811] alloc_cross_bitmap: preallocate 268435456 pg, nr_longs=4194304 in 4 millisec
[ 9520.078070] alloc_cross_bitmap: preallocate 268435456 pg, nr_longs=4194304 in 4 millisec
[ 9520.078389] alloc_cross_bitmap: preallocate 268435456 pg, nr_longs=4194304 in 8 millisec
[ 9520.078462] alloc_cross_bitmap: preallocate 268435456 pg, nr_longs=4194304 in 8 millisec
[ 9520.079299] alloc_cross_bitmap: preallocate 268435456 pg, nr_longs=4194304 in 8 millisec
[ 9520.079336] alloc_cross_bitmap: preallocate 268435456 pg, nr_longs=4194304 in 8 millisec
[ 9520.114846] alloc_cross_bitmap: preallocate 268435456 pg, nr_longs=4194304 in 8 millisec
[ 9520.116509] alloc_cross_bitmap: preallocate 268435456 pg, nr_longs=4194304 in 4 millisec
[ 9520.120918] alloc_cross_bitmap: preallocate 268435456 pg, nr_longs=4194304 in 8 millisec
[ 9520.121916] alloc_cross_bitmap: preallocate 268435456 pg, nr_longs=4194304 in 8 millisec
[ 9520.122079] alloc_cross_bitmap: preallocate 268435456 pg, nr_longs=4194304 in 8 millisec
[ 9520.122577] alloc_cross_bitmap: preallocate 268435456 pg, nr_longs=4194304 in 12 millisec
[ 9520.122596] alloc_cross_bitmap: preallocate 268435456 pg, nr_longs=4194304 in 12 millisec
[ 9520.122692] alloc_cross_bitmap: preallocate 268435456 pg, nr_longs=4194304 in 12 millisec
[ 9520.122711] alloc_cross_bitmap: preallocate 268435456 pg, nr_longs=4194304 in 12 millisec
[ 9520.122991] alloc_cross_bitmap: preallocate 268435456 pg, nr_longs=4194304 in 12 millisec
[ 9520.122998] alloc_cross_bitmap: preallocate 268435456 pg, nr_longs=4194304 in 12 millisec
[ 9520.123189] alloc_cross_bitmap: preallocate 268435456 pg, nr_longs=4194304 in 12 millisec
[ 9520.123225] alloc_cross_bitmap: preallocate 268435456 pg, nr_longs=4194304 in 12 millisec
[ 9520.123241] alloc_cross_bitmap: preallocate 268435456 pg, nr_longs=4194304 in 12 millisec
[ 9520.123250] alloc_cross_bitmap: preallocate 268435456 pg, nr_longs=4194304 in 12 millisec
[ 9520.138209] alloc_cross_bitmap: preallocate 268435456 pg, nr_longs=4194304 in 4 millisec
[ 9520.139063] alloc_cross_bitmap: preallocate 268435456 pg, nr_longs=4194304 in 4 millisec
[ 9520.141569] alloc_cross_bitmap: preallocate 268435456 pg, nr_longs=4194304 in 4 millisec
[ 9520.150941] alloc_cross_bitmap: preallocate 268435456 pg, nr_longs=4194304 in 4 millisec
[ 9520.157884] alloc_cross_bitmap: preallocate 268435456 pg, nr_longs=4194304 in 8 millisec
[ 9520.159531] alloc_cross_bitmap: preallocate 268435456 pg, nr_longs=4194304 in 12 millisec
[ 9520.159644] alloc_cross_bitmap: preallocate 268435456 pg, nr_longs=4194304 in 12 millisec
[ 9520.159698] alloc_cross_bitmap: preallocate 268435456 pg, nr_longs=4194304 in 12 millisec
[ 9520.160607] alloc_cross_bitmap: preallocate 268435456 pg, nr_longs=4194304 in 8 millisec
[ 9520.160972] alloc_cross_bitmap: preallocate 268435456 pg, nr_longs=4194304 in 8 millisec
[ 9520.161474] alloc_cross_bitmap: preallocate 268435456 pg, nr_longs=4194304 in 8 millisec
[ 9520.161498] alloc_cross_bitmap: preallocate 268435456 pg, nr_longs=4194304 in 8 millisec
[ 9520.161842] alloc_cross_bitmap: preallocate 268435456 pg, nr_longs=4194304 in 8 millisec
[ 9520.162056] alloc_cross_bitmap: preallocate 268435456 pg, nr_longs=4194304 in 8 millisec
[ 9520.162121] alloc_cross_bitmap: preallocate 268435456 pg, nr_longs=4194304 in 8 millisec
[ 9520.162150] alloc_cross_bitmap: preallocate 268435456 pg, nr_longs=4194304 in 8 millisec
[ 9520.164094] alloc_cross_bitmap: preallocate 268435456 pg, nr_longs=4194304 in 4 millisec
[ 9520.164736] alloc_cross_bitmap: preallocate 268435456 pg, nr_longs=4194304 in 4 millisec
[ 9520.165445] alloc_cross_bitmap: preallocate 268435456 pg, nr_longs=4194304 in 4 millisec
[ 9520.171842] alloc_cross_bitmap: preallocate 268435456 pg, nr_longs=4194304 in 4 millisec
[ 9520.186043] alloc_cross_bitmap: preallocate 268435456 pg, nr_longs=4194304 in 0 millisec
[ 9520.189435] alloc_cross_bitmap: preallocate 268435456 pg, nr_longs=4194304 in 4 millisec
[ 9520.190802] alloc_cross_bitmap: preallocate 268435456 pg, nr_longs=4194304 in 4 millisec
[ 9520.191545] alloc_cross_bitmap: preallocate 268435456 pg, nr_longs=4194304 in 4 millisec
[ 9520.193017] alloc_cross_bitmap: preallocate 268435456 pg, nr_longs=4194304 in 4 millisec
[ 9520.193051] alloc_cross_bitmap: preallocate 268435456 pg, nr_longs=4194304 in 4 millisec
[ 9520.195727] alloc_cross_bitmap: preallocate 268435456 pg, nr_longs=4194304 in 8 millisec
[ 9520.195730] alloc_cross_bitmap: preallocate 268435456 pg, nr_longs=4194304 in 8 millisec
[ 9520.198861] alloc_cross_bitmap: preallocate 268435456 pg, nr_longs=4194304 in 12 millisec
[ 9520.198909] alloc_cross_bitmap: preallocate 268435456 pg, nr_longs=4194304 in 12 millisec
[ 9520.199236] alloc_cross_bitmap: preallocate 268435456 pg, nr_longs=4194304 in 12 millisec
[ 9520.199274] alloc_cross_bitmap: preallocate 268435456 pg, nr_longs=4194304 in 12 millisec
[ 9520.199292] alloc_cross_bitmap: preallocate 268435456 pg, nr_longs=4194304 in 12 millisec
[ 9520.199348] alloc_cross_bitmap: preallocate 268435456 pg, nr_longs=4194304 in 8 millisec
[ 9520.199379] alloc_cross_bitmap: preallocate 268435456 pg, nr_longs=4194304 in 8 millisec
[ 9520.200252] alloc_cross_bitmap: preallocate 268435456 pg, nr_longs=4194304 in 8 millisec
[ 9520.207535] alloc_cross_bitmap: preallocate 268435456 pg, nr_longs=4194304 in 4 millisec
[ 9520.212485] alloc_cross_bitmap: preallocate 268435456 pg, nr_longs=4194304 in 4 millisec
[ 9520.216185] alloc_cross_bitmap: preallocate 268435456 pg, nr_longs=4194304 in 4 millisec
[ 9520.217034] alloc_cross_bitmap: preallocate 268435456 pg, nr_longs=4194304 in 4 millisec
[ 9520.219025] alloc_cross_bitmap: preallocate 268435456 pg, nr_longs=4194304 in 4 millisec
[ 9520.219028] alloc_cross_bitmap: preallocate 268435456 pg, nr_longs=4194304 in 4 millisec
[ 9520.222186] alloc_cross_bitmap: preallocate 268435456 pg, nr_longs=4194304 in 4 millisec
[ 9520.227067] alloc_cross_bitmap: preallocate 268435456 pg, nr_longs=4194304 in 4 millisec
[ 9520.229125] alloc_cross_bitmap: preallocate 268435456 pg, nr_longs=4194304 in 4 millisec
[ 9520.230097] alloc_cross_bitmap: preallocate 268435456 pg, nr_longs=4194304 in 4 millisec
[ 9520.230764] alloc_cross_bitmap: preallocate 268435456 pg, nr_longs=4194304 in 8 millisec
[ 9520.230964] alloc_cross_bitmap: preallocate 268435456 pg, nr_longs=4194304 in 8 millisec
[ 9520.231697] alloc_cross_bitmap: preallocate 268435456 pg, nr_longs=4194304 in 8 millisec
[ 9520.233088] alloc_cross_bitmap: preallocate 268435456 pg, nr_longs=4194304 in 4 millisec
[ 9520.236237] alloc_cross_bitmap: preallocate 268435456 pg, nr_longs=4194304 in 4 millisec
[ 9520.239893] alloc_cross_bitmap: preallocate 268435456 pg, nr_longs=4194304 in 4 millisec
[ 9520.240195] alloc_cross_bitmap: preallocate 268435456 pg, nr_longs=4194304 in 4 millisec
[ 9520.240610] alloc_cross_bitmap: preallocate 268435456 pg, nr_longs=4194304 in 4 millisec
[ 9520.240880] alloc_cross_bitmap: preallocate 268435456 pg, nr_longs=4194304 in 4 millisec
[ 9520.241196] alloc_cross_bitmap: preallocate 268435456 pg, nr_longs=4194304 in 4 millisec
[ 9520.245017] alloc_cross_bitmap: preallocate 268435456 pg, nr_longs=4194304 in 4 millisec
[ 9520.276299] FinalTaskReport: db_bench:17932 - ra_orig_nr_pages:0, ra_final_nr_pages:0
                                        async_pages:1032, final_async_pages:2252
                                        full_pfetches:0, less256_pfetches:0, partial_pfetches:0
                                        failed_pfetches:0, total_pfetches:0, os_pfetches:94
                                        nr_pages_read:2137, nr_pages_hit:1141, nr_do_read_fault:164
[ 9520.469413] write_proc: Value of write = 0
[ 9520.469429] __do_sys_start_cross_trace: PRINT_GLOBAL_STATS 
[ 9520.469430] Final GlobalReport: nr_pages_read:13203532835, nr_pages_hit:12917018388, nr_do_read_fault:7066213, nr_pages_miss:103924315
[ 9520.469468] FinalTaskReport: time:17923 - ra_orig_nr_pages:0, ra_final_nr_pages:0
                                        async_pages:0, final_async_pages:25
                                        full_pfetches:0, less256_pfetches:0, partial_pfetches:0
                                        failed_pfetches:0, total_pfetches:0, os_pfetches:1
                                        nr_pages_read:0, nr_pages_hit:0, nr_do_read_fault:18
