RocksDB:    version 7.6.0
Date:       Fri Oct  7 23:37:26 2022
CPU:        128 * AMD EPYC 7543 32-Core Processor
CPUCache:   512 KB
Initializing RocksDB Options from the specified file
Initializing RocksDB Options from command-line flags
Integrated BlobDB: blob cache disabled
Keys:       1000 bytes each (+ 0 bytes user-defined timestamp)
Values:     4096 bytes each (2048 bytes after compression)
Entries:    0
Prefix:    0 bytes
Keys per prefix:    0
RawSize:    0.0 MB (estimated)
FileSize:   0.0 MB (estimated)
Write rate: 0 bytes/second
Read rate: 0 ops/second
Compression: Snappy
Compression sampling rate: 0
Memtablerep: SkipListFactory
Perf Level: 1
------------------------------------------------
DB path: [/users/kannan11/ssd/prefetching/appbench/apps/rocksdb/DATA]
readseq      :   10965.000 micros/op 1096 ops/sec 0.001 seconds 1 operations;
DESTRUCTOR GETTING CALLED 
PRINT_GLOBAL_LIB_STATS in dest
Total nr_ra = 36907
Total nr_bytes_ra = 154799177728
	Command being timed: "./db_bench --db=/users/kannan11/ssd/prefetching/appbench/apps/rocksdb/DATA --value_size=4096 --wal_dir=/users/kannan11/ssd/prefetching/appbench/apps/rocksdb/DATA/WAL_LOG --sync=0 --key_size=1000 --write_buffer_size=67108864 --num=0 --seed=1576170874 --benchmarks=readseq --use_existing_db=1 --mmap_read=0 --threads=32"
	User time (seconds): 0.92
	System time (seconds): 12.42
	Percent of CPU this job got: 120%
	Elapsed (wall clock) time (h:mm:ss or m:ss): 0:11.11
	Average shared text size (kbytes): 0
	Average unshared data size (kbytes): 0
	Average stack size (kbytes): 0
	Average total size (kbytes): 0
	Maximum resident set size (kbytes): 13150508
	Average resident set size (kbytes): 0
	Major (requiring I/O) page faults: 87
	Minor (reclaiming a frame) page faults: 3288119
	Voluntary context switches: 11950
	Involuntary context switches: 323
	Swaps: 0
	File system inputs: 74702288
	File system outputs: 6576
	Socket messages sent: 0
	Socket messages received: 0
	Signals delivered: 0
	Page size (bytes): 4096
	Exit status: 0
DESTRUCTOR GETTING CALLED 
PRINT_GLOBAL_LIB_STATS in dest
Total nr_ra = 0
Total nr_bytes_ra = 0
[33150.290807] sh (28861): drop_caches: 3
[33150.336046] sh (28866): drop_caches: 3
[33155.370247] write_proc_unbounded: Value of write = 0
[33155.370262] write_proc_2mb_limit: Value of write = 0
[33155.370267] write_proc_bitmap_shift: Value of write = 38
[33155.377854] write_proc_unbounded: Value of write = 0
[33155.377868] write_proc_2mb_limit: Value of write = 0
[33155.377873] write_proc_bitmap_shift: Value of write = 38
[33166.228408] write_proc_unbounded: Value of write = 0
[33166.228419] write_proc_2mb_limit: Value of write = 0
[33166.488384] write_proc_unbounded: Value of write = 0
[33166.488405] write_proc_2mb_limit: Value of write = 0
