ENABLE_FILE_STATS in con
ENABLE_FILE_STATS in con
RocksDB:    version 6.20
Date:       Wed Aug 10 18:35:14 2022
CPU:        48 * AMD EPYC 7402P 24-Core Processor
CPUCache:   512 KB
Initializing RocksDB Options from the specified file
Initializing RocksDB Options from command-line flags
Keys:       1000 bytes each (+ 0 bytes user-defined timestamp)
Values:     4096 bytes each (2048 bytes after compression)
Entries:    2000000
Prefix:    0 bytes
Keys per prefix:    0
RawSize:    9719.8 MB (estimated)
FileSize:   5813.6 MB (estimated)
Write rate: 0 bytes/second
Read rate: 0 ops/second
Compression: Snappy
Compression sampling rate: 0
Memtablerep: skip_list
Perf Level: 1
------------------------------------------------
DB path: [/users/kannan11/ssd/sudarsun/prefetching/appbench/apps/rocksdb/DATA]
readreverse  :   17291.000 micros/op 978 ops/sec;
DESTRUCTOR GETTING CALLED 
PRINT_GLOBAL_STATS in dest
	Command being timed: "./db_bench --db=/users/kannan11/ssd/sudarsun/prefetching/appbench/apps/rocksdb/DATA --value_size=4096 --wal_dir=/users/kannan11/ssd/sudarsun/prefetching/appbench/apps/rocksdb/DATA/WAL_LOG --sync=0 --key_size=1000 --write_buffer_size=67108864 --num=2000000 --benchmarks=readreverse --use_existing_db=1 --mmap_read=0 --threads=32"
	User time (seconds): 0.38
	System time (seconds): 5.22
	Percent of CPU this job got: 136%
	Elapsed (wall clock) time (h:mm:ss or m:ss): 0:04.10
	Average shared text size (kbytes): 0
	Average unshared data size (kbytes): 0
	Average stack size (kbytes): 0
	Average total size (kbytes): 0
	Maximum resident set size (kbytes): 304336
	Average resident set size (kbytes): 0
	Major (requiring I/O) page faults: 80
	Minor (reclaiming a frame) page faults: 1550499
	Voluntary context switches: 3032
	Involuntary context switches: 18
	Swaps: 0
	File system inputs: 21075600
	File system outputs: 1664
	Socket messages sent: 0
	Socket messages received: 0
	Signals delivered: 0
	Page size (bytes): 4096
	Exit status: 0
DESTRUCTOR GETTING CALLED 
PRINT_GLOBAL_STATS in dest
[ 9393.738144] free_cross_bitmap: releasing mem for inode with i_count 2
[ 9393.746839] free_cross_bitmap: releasing mem for inode with i_count 2
[ 9393.757598] free_cross_bitmap: releasing mem for inode with i_count 2
[ 9393.768744] free_cross_bitmap: releasing mem for inode with i_count 2
[ 9393.776901] free_cross_bitmap: releasing mem for inode with i_count 2
[ 9393.787268] free_cross_bitmap: releasing mem for inode with i_count 2
[ 9393.797825] free_cross_bitmap: releasing mem for inode with i_count 2
[ 9393.805714] free_cross_bitmap: releasing mem for inode with i_count 2
[ 9393.816304] free_cross_bitmap: releasing mem for inode with i_count 2
[ 9393.825050] free_cross_bitmap: releasing mem for inode with i_count 2
[ 9393.835759] free_cross_bitmap: releasing mem for inode with i_count 2
[ 9393.844690] free_cross_bitmap: releasing mem for inode with i_count 2
[ 9393.852644] free_cross_bitmap: releasing mem for inode with i_count 2
[ 9393.861671] free_cross_bitmap: releasing mem for inode with i_count 2
[ 9393.870300] free_cross_bitmap: releasing mem for inode with i_count 2
[ 9393.879629] free_cross_bitmap: releasing mem for inode with i_count 2
[ 9393.890871] free_cross_bitmap: releasing mem for inode with i_count 2
[ 9393.899920] free_cross_bitmap: releasing mem for inode with i_count 2
[ 9393.908606] free_cross_bitmap: releasing mem for inode with i_count 2
[ 9393.917490] free_cross_bitmap: releasing mem for inode with i_count 2
[ 9393.926333] free_cross_bitmap: releasing mem for inode with i_count 2
[ 9393.937695] free_cross_bitmap: releasing mem for inode with i_count 2
[ 9393.946371] free_cross_bitmap: releasing mem for inode with i_count 2
[ 9393.954419] free_cross_bitmap: releasing mem for inode with i_count 2
[ 9393.963041] free_cross_bitmap: releasing mem for inode with i_count 2
[ 9393.971609] free_cross_bitmap: releasing mem for inode with i_count 2
[ 9393.980200] free_cross_bitmap: releasing mem for inode with i_count 2
[ 9393.991294] free_cross_bitmap: releasing mem for inode with i_count 2
[ 9394.000298] free_cross_bitmap: releasing mem for inode with i_count 2
[ 9394.008978] free_cross_bitmap: releasing mem for inode with i_count 2
[ 9394.018024] free_cross_bitmap: releasing mem for inode with i_count 2
[ 9394.028815] free_cross_bitmap: releasing mem for inode with i_count 2
[ 9394.037724] free_cross_bitmap: releasing mem for inode with i_count 2
[ 9394.046802] free_cross_bitmap: releasing mem for inode with i_count 2
[ 9394.056210] free_cross_bitmap: releasing mem for inode with i_count 2
[ 9394.065698] free_cross_bitmap: releasing mem for inode with i_count 2
[ 9394.074595] free_cross_bitmap: releasing mem for inode with i_count 2
[ 9394.085108] free_cross_bitmap: releasing mem for inode with i_count 2
[ 9394.095946] free_cross_bitmap: releasing mem for inode with i_count 2
[ 9394.106998] free_cross_bitmap: releasing mem for inode with i_count 2
[ 9394.117702] free_cross_bitmap: releasing mem for inode with i_count 2
[ 9394.128274] free_cross_bitmap: releasing mem for inode with i_count 2
[ 9394.137920] free_cross_bitmap: releasing mem for inode with i_count 2
[ 9394.148840] free_cross_bitmap: releasing mem for inode with i_count 2
[ 9394.159529] free_cross_bitmap: releasing mem for inode with i_count 2
[ 9394.170565] free_cross_bitmap: releasing mem for inode with i_count 2
[ 9394.181174] free_cross_bitmap: releasing mem for inode with i_count 2
[ 9394.191664] free_cross_bitmap: releasing mem for inode with i_count 2
[ 9394.202187] free_cross_bitmap: releasing mem for inode with i_count 2
[ 9394.212645] free_cross_bitmap: releasing mem for inode with i_count 2
[ 9394.223127] free_cross_bitmap: releasing mem for inode with i_count 2
[ 9394.232250] free_cross_bitmap: releasing mem for inode with i_count 2
[ 9394.240863] free_cross_bitmap: releasing mem for inode with i_count 2
[ 9394.251676] free_cross_bitmap: releasing mem for inode with i_count 2
[ 9394.262595] free_cross_bitmap: releasing mem for inode with i_count 2
[ 9394.273553] free_cross_bitmap: releasing mem for inode with i_count 2
[ 9394.284379] free_cross_bitmap: releasing mem for inode with i_count 2
[ 9394.296540] free_cross_bitmap: releasing mem for inode with i_count 2
[ 9394.307859] free_cross_bitmap: releasing mem for inode with i_count 2
[ 9394.318437] free_cross_bitmap: releasing mem for inode with i_count 2
[ 9394.327115] free_cross_bitmap: releasing mem for inode with i_count 2
[ 9394.337590] free_cross_bitmap: releasing mem for inode with i_count 2
[ 9394.348127] free_cross_bitmap: releasing mem for inode with i_count 2
[ 9394.359086] free_cross_bitmap: releasing mem for inode with i_count 2
[ 9394.369554] free_cross_bitmap: releasing mem for inode with i_count 2
[ 9394.377609] free_cross_bitmap: releasing mem for inode with i_count 2
[ 9394.388003] free_cross_bitmap: releasing mem for inode with i_count 2
[ 9394.398795] free_cross_bitmap: releasing mem for inode with i_count 2
[ 9394.406763] free_cross_bitmap: releasing mem for inode with i_count 2
[ 9394.417710] free_cross_bitmap: releasing mem for inode with i_count 2
[ 9394.428221] free_cross_bitmap: releasing mem for inode with i_count 2
[ 9394.439144] free_cross_bitmap: releasing mem for inode with i_count 2
[ 9394.449618] free_cross_bitmap: releasing mem for inode with i_count 2
[ 9394.459238] free_cross_bitmap: releasing mem for inode with i_count 2
[ 9394.469732] free_cross_bitmap: releasing mem for inode with i_count 2
[ 9394.478744] free_cross_bitmap: releasing mem for inode with i_count 2
[ 9394.489202] free_cross_bitmap: releasing mem for inode with i_count 2
[ 9394.499754] free_cross_bitmap: releasing mem for inode with i_count 2
[ 9394.507908] free_cross_bitmap: releasing mem for inode with i_count 2
[ 9394.518480] free_cross_bitmap: releasing mem for inode with i_count 2
[ 9394.529019] free_cross_bitmap: releasing mem for inode with i_count 2
[ 9394.539953] free_cross_bitmap: releasing mem for inode with i_count 2
[ 9394.550391] free_cross_bitmap: releasing mem for inode with i_count 2
[ 9394.560902] free_cross_bitmap: releasing mem for inode with i_count 2
[ 9394.571466] free_cross_bitmap: releasing mem for inode with i_count 2
[ 9394.579402] free_cross_bitmap: releasing mem for inode with i_count 2
[ 9394.589889] free_cross_bitmap: releasing mem for inode with i_count 2
[ 9394.600739] free_cross_bitmap: releasing mem for inode with i_count 2
[ 9394.611242] free_cross_bitmap: releasing mem for inode with i_count 2
[ 9394.621760] free_cross_bitmap: releasing mem for inode with i_count 2
[ 9394.632298] free_cross_bitmap: releasing mem for inode with i_count 2
[ 9394.642758] free_cross_bitmap: releasing mem for inode with i_count 2
[ 9394.653367] free_cross_bitmap: releasing mem for inode with i_count 2
[ 9394.664918] free_cross_bitmap: releasing mem for inode with i_count 2
[ 9394.675404] free_cross_bitmap: releasing mem for inode with i_count 2
[ 9394.685956] free_cross_bitmap: releasing mem for inode with i_count 2
[ 9394.693984] free_cross_bitmap: releasing mem for inode with i_count 2
[ 9394.704535] free_cross_bitmap: releasing mem for inode with i_count 2
[ 9394.715148] free_cross_bitmap: releasing mem for inode with i_count 2
[ 9394.725172] free_cross_bitmap: releasing mem for inode with i_count 2
[ 9394.735693] free_cross_bitmap: releasing mem for inode with i_count 2
[ 9394.746654] free_cross_bitmap: releasing mem for inode with i_count 2
[ 9394.756808] free_cross_bitmap: releasing mem for inode with i_count 2
[ 9394.767254] free_cross_bitmap: releasing mem for inode with i_count 2
[ 9394.775364] free_cross_bitmap: releasing mem for inode with i_count 2
[ 9394.786573] free_cross_bitmap: releasing mem for inode with i_count 2
[ 9394.797103] free_cross_bitmap: releasing mem for inode with i_count 2
[ 9394.807450] free_cross_bitmap: releasing mem for inode with i_count 2
[ 9394.815546] free_cross_bitmap: releasing mem for inode with i_count 2
[ 9394.826373] free_cross_bitmap: releasing mem for inode with i_count 2
[ 9394.834323] free_cross_bitmap: releasing mem for inode with i_count 2
[ 9394.845388] free_cross_bitmap: releasing mem for inode with i_count 2
[ 9394.855983] free_cross_bitmap: releasing mem for inode with i_count 2
[ 9394.864382] free_cross_bitmap: releasing mem for inode with i_count 2
[ 9394.872760] free_cross_bitmap: releasing mem for inode with i_count 2
[ 9394.883862] free_cross_bitmap: releasing mem for inode with i_count 2
[ 9394.894581] free_cross_bitmap: releasing mem for inode with i_count 2
[ 9394.905878] free_cross_bitmap: releasing mem for inode with i_count 2
[ 9394.916505] free_cross_bitmap: releasing mem for inode with i_count 2
[ 9394.926813] free_cross_bitmap: releasing mem for inode with i_count 2
[ 9394.937850] free_cross_bitmap: releasing mem for inode with i_count 2
[ 9394.948656] free_cross_bitmap: releasing mem for inode with i_count 2
[ 9394.959063] free_cross_bitmap: releasing mem for inode with i_count 2
[ 9394.969823] free_cross_bitmap: releasing mem for inode with i_count 2
[ 9394.980066] free_cross_bitmap: releasing mem for inode with i_count 2
[ 9394.990283] free_cross_bitmap: releasing mem for inode with i_count 2
[ 9395.000598] free_cross_bitmap: releasing mem for inode with i_count 2
[ 9395.010958] free_cross_bitmap: releasing mem for inode with i_count 2
[ 9395.021161] free_cross_bitmap: releasing mem for inode with i_count 2
[ 9395.031765] free_cross_bitmap: releasing mem for inode with i_count 2
[ 9395.042022] free_cross_bitmap: releasing mem for inode with i_count 2
[ 9395.052269] free_cross_bitmap: releasing mem for inode with i_count 2
[ 9395.062592] free_cross_bitmap: releasing mem for inode with i_count 2
[ 9395.073057] free_cross_bitmap: releasing mem for inode with i_count 2
[ 9395.083845] free_cross_bitmap: releasing mem for inode with i_count 2
[ 9395.094585] free_cross_bitmap: releasing mem for inode with i_count 2
[ 9395.104891] free_cross_bitmap: releasing mem for inode with i_count 2
[ 9395.115181] free_cross_bitmap: releasing mem for inode with i_count 2
[ 9395.125450] free_cross_bitmap: releasing mem for inode with i_count 2
[ 9395.135667] free_cross_bitmap: releasing mem for inode with i_count 2
[ 9395.145884] free_cross_bitmap: releasing mem for inode with i_count 2
[ 9395.156685] free_cross_bitmap: releasing mem for inode with i_count 2
[ 9395.167076] free_cross_bitmap: releasing mem for inode with i_count 2
[ 9395.177429] free_cross_bitmap: releasing mem for inode with i_count 2
[ 9395.187705] free_cross_bitmap: releasing mem for inode with i_count 2
[ 9395.197980] free_cross_bitmap: releasing mem for inode with i_count 2
[ 9395.208783] free_cross_bitmap: releasing mem for inode with i_count 2
[ 9395.219474] free_cross_bitmap: releasing mem for inode with i_count 2
[ 9395.229757] free_cross_bitmap: releasing mem for inode with i_count 2
[ 9395.240032] free_cross_bitmap: releasing mem for inode with i_count 2
[ 9395.250342] free_cross_bitmap: releasing mem for inode with i_count 2
[ 9395.260904] free_cross_bitmap: releasing mem for inode with i_count 2
[ 9395.271261] free_cross_bitmap: releasing mem for inode with i_count 2
[ 9395.282464] free_cross_bitmap: releasing mem for inode with i_count 2
[ 9395.292717] free_cross_bitmap: releasing mem for inode with i_count 2
[ 9395.303103] free_cross_bitmap: releasing mem for inode with i_count 2
[ 9395.313389] free_cross_bitmap: releasing mem for inode with i_count 2
[ 9395.323658] free_cross_bitmap: releasing mem for inode with i_count 2
[ 9395.333966] free_cross_bitmap: releasing mem for inode with i_count 2
[ 9395.344718] free_cross_bitmap: releasing mem for inode with i_count 2
[ 9395.355071] free_cross_bitmap: releasing mem for inode with i_count 2
[ 9395.365341] free_cross_bitmap: releasing mem for inode with i_count 2
[ 9395.375758] free_cross_bitmap: releasing mem for inode with i_count 2
[ 9395.385993] free_cross_bitmap: releasing mem for inode with i_count 2
[ 9395.396256] free_cross_bitmap: releasing mem for inode with i_count 2
[ 9395.406933] free_cross_bitmap: releasing mem for inode with i_count 2
[ 9395.417423] free_cross_bitmap: releasing mem for inode with i_count 2
[ 9395.428384] free_cross_bitmap: releasing mem for inode with i_count 2
[ 9395.438759] free_cross_bitmap: releasing mem for inode with i_count 2
[ 9395.448948] free_cross_bitmap: releasing mem for inode with i_count 2
[ 9395.459151] free_cross_bitmap: releasing mem for inode with i_count 2
[ 9395.469772] free_cross_bitmap: releasing mem for inode with i_count 2
[ 9395.480064] free_cross_bitmap: releasing mem for inode with i_count 2
[ 9395.490471] free_cross_bitmap: releasing mem for inode with i_count 2
[ 9395.500805] free_cross_bitmap: releasing mem for inode with i_count 2
[ 9395.511078] free_cross_bitmap: releasing mem for inode with i_count 2
[ 9395.521436] free_cross_bitmap: releasing mem for inode with i_count 2
[ 9395.532087] free_cross_bitmap: releasing mem for inode with i_count 2
[ 9395.542460] free_cross_bitmap: releasing mem for inode with i_count 2
[ 9395.552755] free_cross_bitmap: releasing mem for inode with i_count 2
[ 9395.563518] free_cross_bitmap: releasing mem for inode with i_count 2
[ 9395.573788] free_cross_bitmap: releasing mem for inode with i_count 2
[ 9395.584142] free_cross_bitmap: releasing mem for inode with i_count 2
[ 9395.595053] free_cross_bitmap: releasing mem for inode with i_count 2
[ 9395.605289] free_cross_bitmap: releasing mem for inode with i_count 2
[ 9395.614104] free_cross_bitmap: releasing mem for inode with i_count 2
[ 9395.621326] sh (13953): drop_caches: 3
[ 9395.653902] sh (14144): drop_caches: 3
[ 9400.680744] Enabled file stats for time:14151
[ 9400.680939] write_proc: Value of write = 1
[ 9400.688547] Enabled file stats for db_bench:14160
[ 9400.688745] write_proc: Value of write = 1
[ 9400.714485] alloc_cross_bitmap: preallocate 268435456 pg, nr_longs=4194304 in 16 millisec
[ 9400.715500] alloc_cross_bitmap: preallocate 268435456 pg, nr_longs=4194304 in 16 millisec
[ 9400.715850] alloc_cross_bitmap: preallocate 268435456 pg, nr_longs=4194304 in 16 millisec
[ 9400.715887] alloc_cross_bitmap: preallocate 268435456 pg, nr_longs=4194304 in 16 millisec
[ 9400.716034] alloc_cross_bitmap: preallocate 268435456 pg, nr_longs=4194304 in 16 millisec
[ 9400.716093] alloc_cross_bitmap: preallocate 268435456 pg, nr_longs=4194304 in 16 millisec
[ 9400.716127] alloc_cross_bitmap: preallocate 268435456 pg, nr_longs=4194304 in 16 millisec
[ 9400.716404] alloc_cross_bitmap: preallocate 268435456 pg, nr_longs=4194304 in 16 millisec
[ 9400.716687] alloc_cross_bitmap: preallocate 268435456 pg, nr_longs=4194304 in 16 millisec
[ 9400.716764] alloc_cross_bitmap: preallocate 268435456 pg, nr_longs=4194304 in 16 millisec
[ 9400.716922] alloc_cross_bitmap: preallocate 268435456 pg, nr_longs=4194304 in 16 millisec
[ 9400.716930] alloc_cross_bitmap: preallocate 268435456 pg, nr_longs=4194304 in 16 millisec
[ 9400.716961] alloc_cross_bitmap: preallocate 268435456 pg, nr_longs=4194304 in 16 millisec
[ 9400.717011] alloc_cross_bitmap: preallocate 268435456 pg, nr_longs=4194304 in 16 millisec
[ 9400.717033] alloc_cross_bitmap: preallocate 268435456 pg, nr_longs=4194304 in 16 millisec
[ 9400.717051] alloc_cross_bitmap: preallocate 268435456 pg, nr_longs=4194304 in 16 millisec
[ 9400.720413] alloc_cross_bitmap: preallocate 268435456 pg, nr_longs=4194304 in 4 millisec
[ 9400.723607] alloc_cross_bitmap: preallocate 268435456 pg, nr_longs=4194304 in 8 millisec
[ 9400.732082] alloc_cross_bitmap: preallocate 268435456 pg, nr_longs=4194304 in 16 millisec
[ 9400.732308] alloc_cross_bitmap: preallocate 268435456 pg, nr_longs=4194304 in 16 millisec
[ 9400.732562] alloc_cross_bitmap: preallocate 268435456 pg, nr_longs=4194304 in 16 millisec
[ 9400.733545] alloc_cross_bitmap: preallocate 268435456 pg, nr_longs=4194304 in 12 millisec
[ 9400.733577] alloc_cross_bitmap: preallocate 268435456 pg, nr_longs=4194304 in 16 millisec
[ 9400.734180] alloc_cross_bitmap: preallocate 268435456 pg, nr_longs=4194304 in 12 millisec
[ 9400.734500] alloc_cross_bitmap: preallocate 268435456 pg, nr_longs=4194304 in 16 millisec
[ 9400.734664] alloc_cross_bitmap: preallocate 268435456 pg, nr_longs=4194304 in 16 millisec
[ 9400.735066] alloc_cross_bitmap: preallocate 268435456 pg, nr_longs=4194304 in 16 millisec
[ 9400.735269] alloc_cross_bitmap: preallocate 268435456 pg, nr_longs=4194304 in 20 millisec
[ 9400.735414] alloc_cross_bitmap: preallocate 268435456 pg, nr_longs=4194304 in 16 millisec
[ 9400.735836] alloc_cross_bitmap: preallocate 268435456 pg, nr_longs=4194304 in 12 millisec
[ 9400.736844] alloc_cross_bitmap: preallocate 268435456 pg, nr_longs=4194304 in 16 millisec
[ 9400.736992] alloc_cross_bitmap: preallocate 268435456 pg, nr_longs=4194304 in 16 millisec
[ 9400.738227] alloc_cross_bitmap: preallocate 268435456 pg, nr_longs=4194304 in 8 millisec
[ 9400.738941] alloc_cross_bitmap: preallocate 268435456 pg, nr_longs=4194304 in 8 millisec
[ 9400.739325] alloc_cross_bitmap: preallocate 268435456 pg, nr_longs=4194304 in 4 millisec
[ 9400.740410] alloc_cross_bitmap: preallocate 268435456 pg, nr_longs=4194304 in 4 millisec
[ 9400.741642] alloc_cross_bitmap: preallocate 268435456 pg, nr_longs=4194304 in 4 millisec
[ 9400.741839] alloc_cross_bitmap: preallocate 268435456 pg, nr_longs=4194304 in 4 millisec
[ 9400.742038] alloc_cross_bitmap: preallocate 268435456 pg, nr_longs=4194304 in 4 millisec
[ 9400.745172] alloc_cross_bitmap: preallocate 268435456 pg, nr_longs=4194304 in 8 millisec
[ 9400.746121] alloc_cross_bitmap: preallocate 268435456 pg, nr_longs=4194304 in 4 millisec
[ 9400.746645] alloc_cross_bitmap: preallocate 268435456 pg, nr_longs=4194304 in 8 millisec
[ 9400.747222] alloc_cross_bitmap: preallocate 268435456 pg, nr_longs=4194304 in 8 millisec
[ 9400.747845] alloc_cross_bitmap: preallocate 268435456 pg, nr_longs=4194304 in 8 millisec
[ 9400.750181] alloc_cross_bitmap: preallocate 268435456 pg, nr_longs=4194304 in 8 millisec
[ 9400.750425] alloc_cross_bitmap: preallocate 268435456 pg, nr_longs=4194304 in 12 millisec
[ 9400.750759] alloc_cross_bitmap: preallocate 268435456 pg, nr_longs=4194304 in 12 millisec
[ 9400.750801] alloc_cross_bitmap: preallocate 268435456 pg, nr_longs=4194304 in 12 millisec
[ 9400.751766] alloc_cross_bitmap: preallocate 268435456 pg, nr_longs=4194304 in 12 millisec
[ 9400.751946] alloc_cross_bitmap: preallocate 268435456 pg, nr_longs=4194304 in 12 millisec
[ 9400.752655] alloc_cross_bitmap: preallocate 268435456 pg, nr_longs=4194304 in 4 millisec
[ 9400.769214] alloc_cross_bitmap: preallocate 268435456 pg, nr_longs=4194304 in 4 millisec
[ 9400.769886] alloc_cross_bitmap: preallocate 268435456 pg, nr_longs=4194304 in 0 millisec
[ 9400.801839] alloc_cross_bitmap: preallocate 268435456 pg, nr_longs=4194304 in 0 millisec
[ 9400.801893] alloc_cross_bitmap: preallocate 268435456 pg, nr_longs=4194304 in 0 millisec
[ 9400.806612] alloc_cross_bitmap: preallocate 268435456 pg, nr_longs=4194304 in 4 millisec
[ 9400.813718] alloc_cross_bitmap: preallocate 268435456 pg, nr_longs=4194304 in 4 millisec
[ 9400.814010] alloc_cross_bitmap: preallocate 268435456 pg, nr_longs=4194304 in 4 millisec
[ 9400.814537] alloc_cross_bitmap: preallocate 268435456 pg, nr_longs=4194304 in 8 millisec
[ 9400.817183] alloc_cross_bitmap: preallocate 268435456 pg, nr_longs=4194304 in 4 millisec
[ 9400.817247] alloc_cross_bitmap: preallocate 268435456 pg, nr_longs=4194304 in 4 millisec
[ 9400.819332] alloc_cross_bitmap: preallocate 268435456 pg, nr_longs=4194304 in 8 millisec
[ 9400.820591] alloc_cross_bitmap: preallocate 268435456 pg, nr_longs=4194304 in 4 millisec
[ 9400.820785] alloc_cross_bitmap: preallocate 268435456 pg, nr_longs=4194304 in 4 millisec
[ 9400.820847] alloc_cross_bitmap: preallocate 268435456 pg, nr_longs=4194304 in 4 millisec
[ 9400.822570] alloc_cross_bitmap: preallocate 268435456 pg, nr_longs=4194304 in 8 millisec
[ 9400.822782] alloc_cross_bitmap: preallocate 268435456 pg, nr_longs=4194304 in 8 millisec
[ 9400.822825] alloc_cross_bitmap: preallocate 268435456 pg, nr_longs=4194304 in 8 millisec
[ 9400.882389] alloc_cross_bitmap: preallocate 268435456 pg, nr_longs=4194304 in 4 millisec
[ 9400.884865] alloc_cross_bitmap: preallocate 268435456 pg, nr_longs=4194304 in 4 millisec
[ 9400.885838] alloc_cross_bitmap: preallocate 268435456 pg, nr_longs=4194304 in 4 millisec
[ 9400.886119] alloc_cross_bitmap: preallocate 268435456 pg, nr_longs=4194304 in 4 millisec
[ 9400.887887] alloc_cross_bitmap: preallocate 268435456 pg, nr_longs=4194304 in 4 millisec
[ 9400.889533] alloc_cross_bitmap: preallocate 268435456 pg, nr_longs=4194304 in 4 millisec
[ 9400.890937] alloc_cross_bitmap: preallocate 268435456 pg, nr_longs=4194304 in 8 millisec
[ 9400.891125] alloc_cross_bitmap: preallocate 268435456 pg, nr_longs=4194304 in 8 millisec
[ 9400.891291] alloc_cross_bitmap: preallocate 268435456 pg, nr_longs=4194304 in 8 millisec
[ 9400.928072] alloc_cross_bitmap: preallocate 268435456 pg, nr_longs=4194304 in 4 millisec
[ 9400.951617] alloc_cross_bitmap: preallocate 268435456 pg, nr_longs=4194304 in 4 millisec
[ 9400.965153] alloc_cross_bitmap: preallocate 268435456 pg, nr_longs=4194304 in 4 millisec
[ 9400.966168] alloc_cross_bitmap: preallocate 268435456 pg, nr_longs=4194304 in 0 millisec
[ 9400.975149] alloc_cross_bitmap: preallocate 268435456 pg, nr_longs=4194304 in 4 millisec
[ 9401.109350] alloc_cross_bitmap: preallocate 268435456 pg, nr_longs=4194304 in 4 millisec
[ 9401.117641] alloc_cross_bitmap: preallocate 268435456 pg, nr_longs=4194304 in 0 millisec
[ 9401.123356] alloc_cross_bitmap: preallocate 268435456 pg, nr_longs=4194304 in 4 millisec
[ 9401.123448] alloc_cross_bitmap: preallocate 268435456 pg, nr_longs=4194304 in 4 millisec
[ 9401.123724] alloc_cross_bitmap: preallocate 268435456 pg, nr_longs=4194304 in 4 millisec
[ 9401.128223] alloc_cross_bitmap: preallocate 268435456 pg, nr_longs=4194304 in 4 millisec
[ 9401.161845] alloc_cross_bitmap: preallocate 268435456 pg, nr_longs=4194304 in 0 millisec
[ 9401.161857] alloc_cross_bitmap: preallocate 268435456 pg, nr_longs=4194304 in 0 millisec
[ 9401.166346] alloc_cross_bitmap: preallocate 268435456 pg, nr_longs=4194304 in 4 millisec
[ 9401.218833] alloc_cross_bitmap: preallocate 268435456 pg, nr_longs=4194304 in 4 millisec
[ 9401.228347] alloc_cross_bitmap: preallocate 268435456 pg, nr_longs=4194304 in 4 millisec
[ 9401.231742] alloc_cross_bitmap: preallocate 268435456 pg, nr_longs=4194304 in 4 millisec
[ 9401.232637] alloc_cross_bitmap: preallocate 268435456 pg, nr_longs=4194304 in 4 millisec
[ 9401.232671] alloc_cross_bitmap: preallocate 268435456 pg, nr_longs=4194304 in 4 millisec
[ 9401.355564] alloc_cross_bitmap: preallocate 268435456 pg, nr_longs=4194304 in 4 millisec
[ 9401.369319] alloc_cross_bitmap: preallocate 268435456 pg, nr_longs=4194304 in 0 millisec
[ 9401.374735] alloc_cross_bitmap: preallocate 268435456 pg, nr_longs=4194304 in 4 millisec
[ 9401.401742] alloc_cross_bitmap: preallocate 268435456 pg, nr_longs=4194304 in 0 millisec
[ 9401.410459] alloc_cross_bitmap: preallocate 268435456 pg, nr_longs=4194304 in 4 millisec
[ 9401.602944] alloc_cross_bitmap: preallocate 268435456 pg, nr_longs=4194304 in 4 millisec
[ 9401.829580] alloc_cross_bitmap: preallocate 268435456 pg, nr_longs=4194304 in 0 millisec
[ 9401.895855] alloc_cross_bitmap: preallocate 268435456 pg, nr_longs=4194304 in 4 millisec
[ 9402.002122] alloc_cross_bitmap: preallocate 268435456 pg, nr_longs=4194304 in 0 millisec
[ 9402.002219] alloc_cross_bitmap: preallocate 268435456 pg, nr_longs=4194304 in 4 millisec
[ 9402.087124] alloc_cross_bitmap: preallocate 268435456 pg, nr_longs=4194304 in 4 millisec
[ 9402.120064] alloc_cross_bitmap: preallocate 268435456 pg, nr_longs=4194304 in 4 millisec
[ 9402.130839] alloc_cross_bitmap: preallocate 268435456 pg, nr_longs=4194304 in 4 millisec
[ 9402.137481] alloc_cross_bitmap: preallocate 268435456 pg, nr_longs=4194304 in 4 millisec
[ 9402.178329] alloc_cross_bitmap: preallocate 268435456 pg, nr_longs=4194304 in 4 millisec
[ 9402.201635] alloc_cross_bitmap: preallocate 268435456 pg, nr_longs=4194304 in 0 millisec
[ 9402.207527] alloc_cross_bitmap: preallocate 268435456 pg, nr_longs=4194304 in 4 millisec
[ 9402.207757] alloc_cross_bitmap: preallocate 268435456 pg, nr_longs=4194304 in 4 millisec
[ 9402.267183] alloc_cross_bitmap: preallocate 268435456 pg, nr_longs=4194304 in 4 millisec
[ 9402.267188] alloc_cross_bitmap: preallocate 268435456 pg, nr_longs=4194304 in 4 millisec
[ 9402.267192] alloc_cross_bitmap: preallocate 268435456 pg, nr_longs=4194304 in 4 millisec
[ 9402.267195] alloc_cross_bitmap: preallocate 268435456 pg, nr_longs=4194304 in 4 millisec
[ 9402.287945] alloc_cross_bitmap: preallocate 268435456 pg, nr_longs=4194304 in 4 millisec
[ 9402.289856] alloc_cross_bitmap: preallocate 268435456 pg, nr_longs=4194304 in 4 millisec
[ 9402.290035] alloc_cross_bitmap: preallocate 268435456 pg, nr_longs=4194304 in 4 millisec
[ 9402.310858] alloc_cross_bitmap: preallocate 268435456 pg, nr_longs=4194304 in 4 millisec
[ 9402.312948] alloc_cross_bitmap: preallocate 268435456 pg, nr_longs=4194304 in 4 millisec
[ 9402.325527] alloc_cross_bitmap: preallocate 268435456 pg, nr_longs=4194304 in 0 millisec
[ 9402.342165] alloc_cross_bitmap: preallocate 268435456 pg, nr_longs=4194304 in 0 millisec
[ 9402.345591] alloc_cross_bitmap: preallocate 268435456 pg, nr_longs=4194304 in 0 millisec
[ 9402.366451] alloc_cross_bitmap: preallocate 268435456 pg, nr_longs=4194304 in 4 millisec
[ 9402.389408] alloc_cross_bitmap: preallocate 268435456 pg, nr_longs=4194304 in 0 millisec
[ 9402.431801] alloc_cross_bitmap: preallocate 268435456 pg, nr_longs=4194304 in 4 millisec
[ 9402.432808] alloc_cross_bitmap: preallocate 268435456 pg, nr_longs=4194304 in 4 millisec
[ 9402.432928] alloc_cross_bitmap: preallocate 268435456 pg, nr_longs=4194304 in 4 millisec
[ 9402.432988] alloc_cross_bitmap: preallocate 268435456 pg, nr_longs=4194304 in 4 millisec
[ 9402.433802] alloc_cross_bitmap: preallocate 268435456 pg, nr_longs=4194304 in 4 millisec
[ 9402.506742] alloc_cross_bitmap: preallocate 268435456 pg, nr_longs=4194304 in 4 millisec
[ 9402.510537] alloc_cross_bitmap: preallocate 268435456 pg, nr_longs=4194304 in 4 millisec
[ 9402.510602] alloc_cross_bitmap: preallocate 268435456 pg, nr_longs=4194304 in 4 millisec
[ 9402.542241] alloc_cross_bitmap: preallocate 268435456 pg, nr_longs=4194304 in 4 millisec
[ 9402.542271] alloc_cross_bitmap: preallocate 268435456 pg, nr_longs=4194304 in 4 millisec
[ 9402.557748] alloc_cross_bitmap: preallocate 268435456 pg, nr_longs=4194304 in 0 millisec
[ 9402.575760] alloc_cross_bitmap: preallocate 268435456 pg, nr_longs=4194304 in 4 millisec
[ 9402.640571] alloc_cross_bitmap: preallocate 268435456 pg, nr_longs=4194304 in 4 millisec
[ 9402.642787] alloc_cross_bitmap: preallocate 268435456 pg, nr_longs=4194304 in 4 millisec
[ 9402.659051] alloc_cross_bitmap: preallocate 268435456 pg, nr_longs=4194304 in 4 millisec
[ 9402.667240] alloc_cross_bitmap: preallocate 268435456 pg, nr_longs=4194304 in 4 millisec
[ 9402.671394] alloc_cross_bitmap: preallocate 268435456 pg, nr_longs=4194304 in 4 millisec
[ 9402.677243] alloc_cross_bitmap: preallocate 268435456 pg, nr_longs=4194304 in 4 millisec
[ 9402.682168] alloc_cross_bitmap: preallocate 268435456 pg, nr_longs=4194304 in 0 millisec
[ 9402.693522] alloc_cross_bitmap: preallocate 268435456 pg, nr_longs=4194304 in 0 millisec
[ 9402.754595] alloc_cross_bitmap: preallocate 268435456 pg, nr_longs=4194304 in 4 millisec
[ 9402.754596] alloc_cross_bitmap: preallocate 268435456 pg, nr_longs=4194304 in 4 millisec
[ 9402.800250] alloc_cross_bitmap: preallocate 268435456 pg, nr_longs=4194304 in 4 millisec
[ 9402.890423] alloc_cross_bitmap: preallocate 268435456 pg, nr_longs=4194304 in 4 millisec
[ 9402.894209] alloc_cross_bitmap: preallocate 268435456 pg, nr_longs=4194304 in 4 millisec
[ 9402.919204] alloc_cross_bitmap: preallocate 268435456 pg, nr_longs=4194304 in 4 millisec
[ 9402.921234] alloc_cross_bitmap: preallocate 268435456 pg, nr_longs=4194304 in 4 millisec
[ 9402.932500] alloc_cross_bitmap: preallocate 268435456 pg, nr_longs=4194304 in 4 millisec
[ 9402.932677] alloc_cross_bitmap: preallocate 268435456 pg, nr_longs=4194304 in 4 millisec
[ 9402.935222] alloc_cross_bitmap: preallocate 268435456 pg, nr_longs=4194304 in 4 millisec
[ 9402.944422] alloc_cross_bitmap: preallocate 268435456 pg, nr_longs=4194304 in 4 millisec
[ 9402.950277] alloc_cross_bitmap: preallocate 268435456 pg, nr_longs=4194304 in 4 millisec
[ 9402.995234] alloc_cross_bitmap: preallocate 268435456 pg, nr_longs=4194304 in 4 millisec
[ 9403.000803] alloc_cross_bitmap: preallocate 268435456 pg, nr_longs=4194304 in 4 millisec
[ 9403.023449] alloc_cross_bitmap: preallocate 268435456 pg, nr_longs=4194304 in 4 millisec
[ 9403.047572] alloc_cross_bitmap: preallocate 268435456 pg, nr_longs=4194304 in 4 millisec
[ 9403.067012] alloc_cross_bitmap: preallocate 268435456 pg, nr_longs=4194304 in 4 millisec
[ 9403.085354] alloc_cross_bitmap: preallocate 268435456 pg, nr_longs=4194304 in 0 millisec
[ 9403.116723] alloc_cross_bitmap: preallocate 268435456 pg, nr_longs=4194304 in 4 millisec
[ 9403.118147] alloc_cross_bitmap: preallocate 268435456 pg, nr_longs=4194304 in 0 millisec
[ 9403.119118] alloc_cross_bitmap: preallocate 268435456 pg, nr_longs=4194304 in 4 millisec
[ 9403.158911] alloc_cross_bitmap: preallocate 268435456 pg, nr_longs=4194304 in 4 millisec
[ 9403.165881] alloc_cross_bitmap: preallocate 268435456 pg, nr_longs=4194304 in 0 millisec
[ 9403.168479] alloc_cross_bitmap: preallocate 268435456 pg, nr_longs=4194304 in 4 millisec
[ 9403.259717] alloc_cross_bitmap: preallocate 268435456 pg, nr_longs=4194304 in 4 millisec
[ 9403.312112] alloc_cross_bitmap: preallocate 268435456 pg, nr_longs=4194304 in 4 millisec
[ 9403.321120] alloc_cross_bitmap: preallocate 268435456 pg, nr_longs=4194304 in 4 millisec
[ 9403.324363] alloc_cross_bitmap: preallocate 268435456 pg, nr_longs=4194304 in 4 millisec
[ 9403.371302] alloc_cross_bitmap: preallocate 268435456 pg, nr_longs=4194304 in 4 millisec
[ 9403.399326] alloc_cross_bitmap: preallocate 268435456 pg, nr_longs=4194304 in 4 millisec
[ 9403.421725] alloc_cross_bitmap: preallocate 268435456 pg, nr_longs=4194304 in 0 millisec
[ 9403.421876] alloc_cross_bitmap: preallocate 268435456 pg, nr_longs=4194304 in 0 millisec
[ 9403.449316] alloc_cross_bitmap: preallocate 268435456 pg, nr_longs=4194304 in 0 millisec
[ 9403.454368] alloc_cross_bitmap: preallocate 268435456 pg, nr_longs=4194304 in 4 millisec
[ 9403.481659] alloc_cross_bitmap: preallocate 268435456 pg, nr_longs=4194304 in 0 millisec
[ 9403.492322] alloc_cross_bitmap: preallocate 268435456 pg, nr_longs=4194304 in 4 millisec
[ 9403.507320] alloc_cross_bitmap: preallocate 268435456 pg, nr_longs=4194304 in 4 millisec
[ 9403.555994] alloc_cross_bitmap: preallocate 268435456 pg, nr_longs=4194304 in 4 millisec
[ 9404.783447] write_proc: Value of write = 0
[ 9404.783464] __do_sys_start_cross_trace: PRINT_GLOBAL_STATS 
[ 9404.783466] Final GlobalReport: nr_pages_read:13203154013, nr_pages_hit:12916807957, nr_do_read_fault:7037126, nr_pages_miss:103913160
[ 9404.783513] FinalTaskReport: db_bench:14160 - ra_orig_nr_pages:0, ra_final_nr_pages:0
                                        async_pages:1116, final_async_pages:1746
                                        full_pfetches:0, less256_pfetches:0, partial_pfetches:0
                                        failed_pfetches:0, total_pfetches:0, os_pfetches:85
                                        nr_pages_read:1929, nr_pages_hit:1051, nr_do_read_fault:162
[ 9404.786859] write_proc: Value of write = 0
[ 9404.786874] __do_sys_start_cross_trace: PRINT_GLOBAL_STATS 
[ 9404.786875] Final GlobalReport: nr_pages_read:13203154013, nr_pages_hit:12916807957, nr_do_read_fault:7037130, nr_pages_miss:103913160
[ 9404.786918] FinalTaskReport: time:14151 - ra_orig_nr_pages:0, ra_final_nr_pages:0
                                        async_pages:0, final_async_pages:25
                                        full_pfetches:0, less256_pfetches:0, partial_pfetches:0
                                        failed_pfetches:0, total_pfetches:0, os_pfetches:1
                                        nr_pages_read:0, nr_pages_hit:0, nr_do_read_fault:15
