ENABLE_FILE_STATS in con
ENABLE_FILE_STATS in per_thread_ds
ENABLE_FILE_STATS in con
ENABLE_FILE_STATS in per_thread_ds
ENABLE_FILE_STATS in per_thread_ds
ENABLE_FILE_STATS in per_thread_ds
Received signal 11 (Segmentation fault)
ENABLE_FILE_STATS in per_thread_ds
ENABLE_FILE_STATS in per_thread_ds
Command terminated by signal 11
	Command being timed: "./db_bench --db=/users/kannan11/ssd/prefetching/appbench/apps/rocksdb/DATA --value_size=4096 --wal_dir=/users/kannan11/ssd/prefetching/appbench/apps/rocksdb/DATA/WAL_LOG --sync=0 --key_size=1000 --write_buffer_size=67108864 --num=5000000 --seed=1576170874 --benchmarks=fillseq --use_existing_db=1 --mmap_read=0 --threads=1"
	User time (seconds): 0.00
	System time (seconds): 0.00
	Percent of CPU this job got: 57%
	Elapsed (wall clock) time (h:mm:ss or m:ss): 0:00.02
	Average shared text size (kbytes): 0
	Average unshared data size (kbytes): 0
	Average stack size (kbytes): 0
	Average total size (kbytes): 0
	Maximum resident set size (kbytes): 13856
	Average resident set size (kbytes): 0
	Major (requiring I/O) page faults: 76
	Minor (reclaiming a frame) page faults: 1795
	Voluntary context switches: 153
	Involuntary context switches: 0
	Swaps: 0
	File system inputs: 20288
	File system outputs: 8
	Socket messages sent: 0
	Socket messages received: 0
	Signals delivered: 0
	Page size (bytes): 4096
	Exit status: 0
DESTRUCTOR GETTING CALLED 
PRINT_GLOBAL_STATS in dest
PRINT_GLOBAL_LIB_STATS in dest
Total nr_ra = 0
Total nr_bytes_ra = 0
[102565.037998] sh (7677): drop_caches: 3
[102565.067063] sh (7682): drop_caches: 3
[102570.091402] write_proc_unbounded: Value of write = 0
[102570.091410] write_proc_2mb_limit: Value of write = 0
[102570.091414] write_proc_bitmap_shift: Value of write = 28
[102570.098148] write_proc_unbounded: Value of write = 0
[102570.098156] write_proc_2mb_limit: Value of write = 0
[102570.098160] write_proc_bitmap_shift: Value of write = 28
[102570.112228] thread-pool-1[7696]: segfault at 0 ip 00007f61215553b4 sp 00007f611ead8940 error 4
[102570.112237] Code: 89 c7 e8 bf ee ff ff 48 89 45 98 48 8b 85 68 ff ff ff 48 89 c7 e8 fc e9 ff ff 48 8b 45 90 4c 8b 50 40 48 8b 45 90 48 8b 40 40 <44> 8b 08 48 8b 45 98 4c 8b 00 48 8b 45 90 48 8b 78 28 48 8b 45 90
[102570.112289] thread-pool-2[7697]: segfault at 0 ip 00007f61215553b4 sp 00007f611e2d7940 error 4 in lib_Cross_Blind.so[7f6121550000+b000]
[102570.112304] Code: 89 c7 e8 bf ee ff ff 48 89 45 98 48 8b 85 68 ff ff ff 48 89 c7 e8 fc e9 ff ff 48 8b 45 90 4c 8b 50 40 48 8b 45 90 48 8b 40 40 <44> 8b 08 48 8b 45 98 4c 8b 00 48 8b 45 90 48 8b 78 28 48 8b 45 90
[102570.113762] write_proc_unbounded: Value of write = 0
[102570.113768] write_proc_2mb_limit: Value of write = 0
