Received signal 11 (Segmentation fault)
#0   /usr/lib/lib_Cross_Blind.so(_Z13prefetcher_thPv+0x20) [0x7facc048e250] Command terminated by signal 11
	Command being timed: "./db_bench --db=/users/kannan11/ssd/prefetching/appbench/apps/rocksdb/DATA --value_size=4096 --wal_dir=/users/kannan11/ssd/prefetching/appbench/apps/rocksdb/DATA/WAL_LOG --sync=0 --key_size=1000 --write_buffer_size=67108864 --num=20000000 --seed=1576170874 --benchmarks=readreverse --use_existing_db=1 --mmap_read=0 --threads=16"
	User time (seconds): 0.01
	System time (seconds): 1.93
	Percent of CPU this job got: 1445%
	Elapsed (wall clock) time (h:mm:ss or m:ss): 0:00.13
	Average shared text size (kbytes): 0
	Average unshared data size (kbytes): 0
	Average stack size (kbytes): 0
	Average total size (kbytes): 0
	Maximum resident set size (kbytes): 35664
	Average resident set size (kbytes): 0
	Major (requiring I/O) page faults: 78
	Minor (reclaiming a frame) page faults: 8241
	Voluntary context switches: 697
	Involuntary context switches: 23
	Swaps: 0
	File system inputs: 603488
	File system outputs: 64
	Socket messages sent: 0
	Socket messages received: 0
	Signals delivered: 0
	Page size (bytes): 4096
	Exit status: 0
DESTRUCTOR GETTING CALLED 
PRINT_GLOBAL_LIB_STATS in dest
Total nr_ra = 0
Total nr_bytes_ra = 0
[29776.590939] sh (26488): drop_caches: 3
[29776.635828] sh (26494): drop_caches: 3
[29781.668783] write_proc_unbounded: Value of write = 0
[29781.668797] write_proc_2mb_limit: Value of write = 0
[29781.668802] write_proc_bitmap_shift: Value of write = 38
[29781.676448] write_proc_unbounded: Value of write = 0
[29781.676461] write_proc_2mb_limit: Value of write = 0
[29781.676467] write_proc_bitmap_shift: Value of write = 38
[29781.790124] write_proc_unbounded: Value of write = 0
[29781.790134] write_proc_2mb_limit: Value of write = 0
[29781.790138] write_proc_bitmap_shift: Value of write = 38
[29781.793925] write_proc_unbounded: Value of write = 0
[29781.793932] write_proc_2mb_limit: Value of write = 0
[29781.793935] write_proc_bitmap_shift: Value of write = 38
[29781.800904] traps: db_bench[26557] general protection fault ip:7facc048e250 sp:7facb2d9aaa0 error:0 in lib_Cross_Blind.so[7facc0489000+a000]
[29781.805765] write_proc_unbounded: Value of write = 0
[29781.805773] write_proc_2mb_limit: Value of write = 0
