ENABLE_FILE_STATS in con
ENABLE_FILE_STATS in con
RocksDB:    version 6.20
Date:       Wed Aug 10 18:38:03 2022
CPU:        48 * AMD EPYC 7402P 24-Core Processor
CPUCache:   512 KB
Get returned an error: Corruption: bad entry in block
Get returned an error: Corruption: bad entry in block
Received signal 6 (Aborted)
Get returned an error: Corruption: bad entry in block
Get returned an error: Corruption: bad entry in block
Command terminated by signal 6
	Command being timed: "./db_bench --db=/users/kannan11/ssd/sudarsun/prefetching/appbench/apps/rocksdb/DATA --value_size=4096 --wal_dir=/users/kannan11/ssd/sudarsun/prefetching/appbench/apps/rocksdb/DATA/WAL_LOG --sync=0 --key_size=1000 --write_buffer_size=67108864 --num=2000000 --benchmarks=readwhilescanning --use_existing_db=1 --mmap_read=0 --threads=32"
	User time (seconds): 0.22
	System time (seconds): 6.21
	Percent of CPU this job got: 912%
	Elapsed (wall clock) time (h:mm:ss or m:ss): 0:00.70
	Average shared text size (kbytes): 0
	Average unshared data size (kbytes): 0
	Average stack size (kbytes): 0
	Average total size (kbytes): 0
	Maximum resident set size (kbytes): 6206952
	Average resident set size (kbytes): 0
	Major (requiring I/O) page faults: 78
	Minor (reclaiming a frame) page faults: 1550691
	Voluntary context switches: 4469
	Involuntary context switches: 7
	Swaps: 0
	File system inputs: 127248
	File system outputs: 1656
	Socket messages sent: 0
	Socket messages received: 0
	Signals delivered: 0
	Page size (bytes): 4096
	Exit status: 0
DESTRUCTOR GETTING CALLED 
PRINT_GLOBAL_STATS in dest
[ 9566.746921] free_cross_bitmap: releasing mem for inode with i_count 2
[ 9566.754280] free_cross_bitmap: releasing mem for inode with i_count 2
[ 9566.761462] free_cross_bitmap: releasing mem for inode with i_count 2
[ 9566.768440] free_cross_bitmap: releasing mem for inode with i_count 2
[ 9566.775361] free_cross_bitmap: releasing mem for inode with i_count 2
[ 9566.782262] free_cross_bitmap: releasing mem for inode with i_count 2
[ 9566.789599] free_cross_bitmap: releasing mem for inode with i_count 2
[ 9566.796580] free_cross_bitmap: releasing mem for inode with i_count 2
[ 9566.803543] free_cross_bitmap: releasing mem for inode with i_count 2
[ 9566.810499] free_cross_bitmap: releasing mem for inode with i_count 2
[ 9566.817468] free_cross_bitmap: releasing mem for inode with i_count 2
[ 9566.824716] free_cross_bitmap: releasing mem for inode with i_count 2
[ 9566.831768] free_cross_bitmap: releasing mem for inode with i_count 2
[ 9566.838947] free_cross_bitmap: releasing mem for inode with i_count 2
[ 9566.845877] free_cross_bitmap: releasing mem for inode with i_count 2
[ 9566.853088] free_cross_bitmap: releasing mem for inode with i_count 2
[ 9566.860120] free_cross_bitmap: releasing mem for inode with i_count 2
[ 9566.867395] free_cross_bitmap: releasing mem for inode with i_count 2
[ 9566.874704] free_cross_bitmap: releasing mem for inode with i_count 2
[ 9566.881693] free_cross_bitmap: releasing mem for inode with i_count 2
[ 9566.888915] free_cross_bitmap: releasing mem for inode with i_count 2
[ 9566.896071] free_cross_bitmap: releasing mem for inode with i_count 2
[ 9566.903071] free_cross_bitmap: releasing mem for inode with i_count 2
[ 9566.910023] free_cross_bitmap: releasing mem for inode with i_count 2
[ 9566.917461] free_cross_bitmap: releasing mem for inode with i_count 2
[ 9566.924399] free_cross_bitmap: releasing mem for inode with i_count 2
[ 9566.931386] free_cross_bitmap: releasing mem for inode with i_count 2
[ 9566.938518] free_cross_bitmap: releasing mem for inode with i_count 2
[ 9566.945552] free_cross_bitmap: releasing mem for inode with i_count 2
[ 9566.952448] free_cross_bitmap: releasing mem for inode with i_count 2
[ 9566.960137] free_cross_bitmap: releasing mem for inode with i_count 2
[ 9566.967266] free_cross_bitmap: releasing mem for inode with i_count 2
[ 9566.974487] free_cross_bitmap: releasing mem for inode with i_count 2
[ 9566.981537] free_cross_bitmap: releasing mem for inode with i_count 2
[ 9566.988761] free_cross_bitmap: releasing mem for inode with i_count 2
[ 9566.995994] free_cross_bitmap: releasing mem for inode with i_count 2
[ 9567.003766] free_cross_bitmap: releasing mem for inode with i_count 2
[ 9567.010771] free_cross_bitmap: releasing mem for inode with i_count 2
[ 9567.017905] free_cross_bitmap: releasing mem for inode with i_count 2
[ 9567.024885] free_cross_bitmap: releasing mem for inode with i_count 2
[ 9567.031855] free_cross_bitmap: releasing mem for inode with i_count 2
[ 9567.038868] free_cross_bitmap: releasing mem for inode with i_count 2
[ 9567.046277] free_cross_bitmap: releasing mem for inode with i_count 2
[ 9567.053249] free_cross_bitmap: releasing mem for inode with i_count 2
[ 9567.060296] free_cross_bitmap: releasing mem for inode with i_count 2
[ 9567.067324] free_cross_bitmap: releasing mem for inode with i_count 2
[ 9567.074270] free_cross_bitmap: releasing mem for inode with i_count 2
[ 9567.081268] free_cross_bitmap: releasing mem for inode with i_count 2
[ 9567.088896] free_cross_bitmap: releasing mem for inode with i_count 2
[ 9567.095867] free_cross_bitmap: releasing mem for inode with i_count 2
[ 9567.102886] free_cross_bitmap: releasing mem for inode with i_count 2
[ 9567.109837] free_cross_bitmap: releasing mem for inode with i_count 2
[ 9567.116811] free_cross_bitmap: releasing mem for inode with i_count 2
[ 9567.123856] free_cross_bitmap: releasing mem for inode with i_count 2
[ 9567.131195] free_cross_bitmap: releasing mem for inode with i_count 2
[ 9567.138203] free_cross_bitmap: releasing mem for inode with i_count 2
[ 9567.145205] free_cross_bitmap: releasing mem for inode with i_count 2
[ 9567.152248] free_cross_bitmap: releasing mem for inode with i_count 2
[ 9567.159291] free_cross_bitmap: releasing mem for inode with i_count 2
[ 9567.166238] free_cross_bitmap: releasing mem for inode with i_count 2
[ 9567.173617] free_cross_bitmap: releasing mem for inode with i_count 2
[ 9567.180548] free_cross_bitmap: releasing mem for inode with i_count 2
[ 9567.187520] free_cross_bitmap: releasing mem for inode with i_count 2
[ 9567.194496] free_cross_bitmap: releasing mem for inode with i_count 2
[ 9567.201440] free_cross_bitmap: releasing mem for inode with i_count 2
[ 9567.208408] free_cross_bitmap: releasing mem for inode with i_count 2
[ 9567.215814] free_cross_bitmap: releasing mem for inode with i_count 2
[ 9567.222799] free_cross_bitmap: releasing mem for inode with i_count 2
[ 9567.229797] free_cross_bitmap: releasing mem for inode with i_count 2
[ 9567.236714] free_cross_bitmap: releasing mem for inode with i_count 2
[ 9567.243695] free_cross_bitmap: releasing mem for inode with i_count 2
[ 9567.250647] free_cross_bitmap: releasing mem for inode with i_count 2
[ 9567.257966] free_cross_bitmap: releasing mem for inode with i_count 2
[ 9567.264941] free_cross_bitmap: releasing mem for inode with i_count 2
[ 9567.271855] free_cross_bitmap: releasing mem for inode with i_count 2
[ 9567.278813] free_cross_bitmap: releasing mem for inode with i_count 2
[ 9567.285753] free_cross_bitmap: releasing mem for inode with i_count 2
[ 9567.292730] free_cross_bitmap: releasing mem for inode with i_count 2
[ 9567.300093] free_cross_bitmap: releasing mem for inode with i_count 2
[ 9567.307030] free_cross_bitmap: releasing mem for inode with i_count 2
[ 9567.314012] free_cross_bitmap: releasing mem for inode with i_count 2
[ 9567.320943] free_cross_bitmap: releasing mem for inode with i_count 2
[ 9567.327894] free_cross_bitmap: releasing mem for inode with i_count 2
[ 9567.334877] free_cross_bitmap: releasing mem for inode with i_count 2
[ 9567.342131] free_cross_bitmap: releasing mem for inode with i_count 2
[ 9567.349061] free_cross_bitmap: releasing mem for inode with i_count 2
[ 9567.355968] free_cross_bitmap: releasing mem for inode with i_count 2
[ 9567.362964] free_cross_bitmap: releasing mem for inode with i_count 2
[ 9567.369929] free_cross_bitmap: releasing mem for inode with i_count 2
[ 9567.376863] free_cross_bitmap: releasing mem for inode with i_count 2
[ 9567.384282] free_cross_bitmap: releasing mem for inode with i_count 2
[ 9567.391220] free_cross_bitmap: releasing mem for inode with i_count 2
[ 9567.398225] free_cross_bitmap: releasing mem for inode with i_count 2
[ 9567.405197] free_cross_bitmap: releasing mem for inode with i_count 2
[ 9567.412155] free_cross_bitmap: releasing mem for inode with i_count 2
[ 9567.419155] free_cross_bitmap: releasing mem for inode with i_count 2
[ 9567.426416] free_cross_bitmap: releasing mem for inode with i_count 2
[ 9567.433395] free_cross_bitmap: releasing mem for inode with i_count 2
[ 9567.440315] free_cross_bitmap: releasing mem for inode with i_count 2
[ 9567.447273] free_cross_bitmap: releasing mem for inode with i_count 2
[ 9567.454294] free_cross_bitmap: releasing mem for inode with i_count 2
[ 9567.461195] free_cross_bitmap: releasing mem for inode with i_count 2
[ 9567.468432] free_cross_bitmap: releasing mem for inode with i_count 2
[ 9567.475402] free_cross_bitmap: releasing mem for inode with i_count 2
[ 9567.482389] free_cross_bitmap: releasing mem for inode with i_count 2
[ 9567.489374] free_cross_bitmap: releasing mem for inode with i_count 2
[ 9567.496328] free_cross_bitmap: releasing mem for inode with i_count 2
[ 9567.503348] free_cross_bitmap: releasing mem for inode with i_count 2
[ 9567.510651] free_cross_bitmap: releasing mem for inode with i_count 2
[ 9567.517597] free_cross_bitmap: releasing mem for inode with i_count 2
[ 9567.524584] free_cross_bitmap: releasing mem for inode with i_count 2
[ 9567.531498] free_cross_bitmap: releasing mem for inode with i_count 2
[ 9567.538454] free_cross_bitmap: releasing mem for inode with i_count 2
[ 9567.545447] free_cross_bitmap: releasing mem for inode with i_count 2
[ 9567.552951] free_cross_bitmap: releasing mem for inode with i_count 2
[ 9567.559952] free_cross_bitmap: releasing mem for inode with i_count 2
[ 9567.566952] free_cross_bitmap: releasing mem for inode with i_count 2
[ 9567.573948] free_cross_bitmap: releasing mem for inode with i_count 2
[ 9567.580923] free_cross_bitmap: releasing mem for inode with i_count 2
[ 9567.587879] free_cross_bitmap: releasing mem for inode with i_count 2
[ 9567.595219] free_cross_bitmap: releasing mem for inode with i_count 2
[ 9567.602131] free_cross_bitmap: releasing mem for inode with i_count 2
[ 9567.609085] free_cross_bitmap: releasing mem for inode with i_count 2
[ 9567.616033] free_cross_bitmap: releasing mem for inode with i_count 2
[ 9567.622971] free_cross_bitmap: releasing mem for inode with i_count 2
[ 9567.629959] free_cross_bitmap: releasing mem for inode with i_count 2
[ 9567.637498] free_cross_bitmap: releasing mem for inode with i_count 2
[ 9567.644434] free_cross_bitmap: releasing mem for inode with i_count 2
[ 9567.651387] free_cross_bitmap: releasing mem for inode with i_count 2
[ 9567.658328] free_cross_bitmap: releasing mem for inode with i_count 2
[ 9567.665239] free_cross_bitmap: releasing mem for inode with i_count 2
[ 9567.672167] free_cross_bitmap: releasing mem for inode with i_count 2
[ 9567.679447] free_cross_bitmap: releasing mem for inode with i_count 2
[ 9567.686431] free_cross_bitmap: releasing mem for inode with i_count 2
[ 9567.693336] free_cross_bitmap: releasing mem for inode with i_count 2
[ 9567.700336] free_cross_bitmap: releasing mem for inode with i_count 2
[ 9567.707261] free_cross_bitmap: releasing mem for inode with i_count 2
[ 9567.714188] free_cross_bitmap: releasing mem for inode with i_count 2
[ 9567.721501] free_cross_bitmap: releasing mem for inode with i_count 2
[ 9567.728395] free_cross_bitmap: releasing mem for inode with i_count 2
[ 9567.735320] free_cross_bitmap: releasing mem for inode with i_count 2
[ 9567.742283] free_cross_bitmap: releasing mem for inode with i_count 2
[ 9567.749198] free_cross_bitmap: releasing mem for inode with i_count 2
[ 9567.756122] free_cross_bitmap: releasing mem for inode with i_count 2
[ 9567.763406] free_cross_bitmap: releasing mem for inode with i_count 2
[ 9567.770292] free_cross_bitmap: releasing mem for inode with i_count 2
[ 9567.777209] free_cross_bitmap: releasing mem for inode with i_count 2
[ 9567.784110] free_cross_bitmap: releasing mem for inode with i_count 2
[ 9567.791038] free_cross_bitmap: releasing mem for inode with i_count 2
[ 9567.797963] free_cross_bitmap: releasing mem for inode with i_count 2
[ 9567.805275] free_cross_bitmap: releasing mem for inode with i_count 2
[ 9567.812228] free_cross_bitmap: releasing mem for inode with i_count 2
[ 9567.819145] free_cross_bitmap: releasing mem for inode with i_count 2
[ 9567.826048] free_cross_bitmap: releasing mem for inode with i_count 2
[ 9567.833010] free_cross_bitmap: releasing mem for inode with i_count 2
[ 9567.839914] free_cross_bitmap: releasing mem for inode with i_count 2
[ 9567.847123] free_cross_bitmap: releasing mem for inode with i_count 2
[ 9567.854006] free_cross_bitmap: releasing mem for inode with i_count 2
[ 9567.860932] free_cross_bitmap: releasing mem for inode with i_count 2
[ 9567.867908] free_cross_bitmap: releasing mem for inode with i_count 2
[ 9567.874823] free_cross_bitmap: releasing mem for inode with i_count 2
[ 9567.881750] free_cross_bitmap: releasing mem for inode with i_count 2
[ 9567.889290] free_cross_bitmap: releasing mem for inode with i_count 2
[ 9567.896212] free_cross_bitmap: releasing mem for inode with i_count 2
[ 9567.903119] free_cross_bitmap: releasing mem for inode with i_count 2
[ 9567.909995] free_cross_bitmap: releasing mem for inode with i_count 2
[ 9567.916965] free_cross_bitmap: releasing mem for inode with i_count 2
[ 9567.923892] free_cross_bitmap: releasing mem for inode with i_count 2
[ 9567.931119] free_cross_bitmap: releasing mem for inode with i_count 2
[ 9567.938022] free_cross_bitmap: releasing mem for inode with i_count 2
[ 9567.944917] free_cross_bitmap: releasing mem for inode with i_count 2
[ 9567.951859] free_cross_bitmap: releasing mem for inode with i_count 2
[ 9567.958767] free_cross_bitmap: releasing mem for inode with i_count 2
[ 9567.965679] free_cross_bitmap: releasing mem for inode with i_count 2
[ 9567.972928] free_cross_bitmap: releasing mem for inode with i_count 2
[ 9567.979858] free_cross_bitmap: releasing mem for inode with i_count 2
[ 9567.986827] free_cross_bitmap: releasing mem for inode with i_count 2
[ 9567.993776] free_cross_bitmap: releasing mem for inode with i_count 2
[ 9568.000675] free_cross_bitmap: releasing mem for inode with i_count 2
[ 9568.007627] free_cross_bitmap: releasing mem for inode with i_count 2
[ 9568.014900] free_cross_bitmap: releasing mem for inode with i_count 2
[ 9568.021807] free_cross_bitmap: releasing mem for inode with i_count 2
[ 9568.028729] free_cross_bitmap: releasing mem for inode with i_count 2
[ 9568.035618] free_cross_bitmap: releasing mem for inode with i_count 2
[ 9568.042566] free_cross_bitmap: releasing mem for inode with i_count 2
[ 9568.051312] free_cross_bitmap: releasing mem for inode with i_count 2
[ 9568.058857] sh (19903): drop_caches: 3
[ 9568.090328] sh (20094): drop_caches: 3
[ 9573.114613] Enabled file stats for time:20101
[ 9573.114816] write_proc: Value of write = 1
[ 9573.119782] Enabled file stats for db_bench:20110
[ 9573.119952] write_proc: Value of write = 1
[ 9573.175249] alloc_cross_bitmap: preallocate 268435456 pg, nr_longs=4194304 in 16 millisec
[ 9573.175281] alloc_cross_bitmap: preallocate 268435456 pg, nr_longs=4194304 in 16 millisec
[ 9573.176091] alloc_cross_bitmap: preallocate 268435456 pg, nr_longs=4194304 in 16 millisec
[ 9573.176521] alloc_cross_bitmap: preallocate 268435456 pg, nr_longs=4194304 in 16 millisec
[ 9573.177031] alloc_cross_bitmap: preallocate 268435456 pg, nr_longs=4194304 in 16 millisec
[ 9573.177103] alloc_cross_bitmap: preallocate 268435456 pg, nr_longs=4194304 in 16 millisec
[ 9573.177113] alloc_cross_bitmap: preallocate 268435456 pg, nr_longs=4194304 in 16 millisec
[ 9573.177259] alloc_cross_bitmap: preallocate 268435456 pg, nr_longs=4194304 in 16 millisec
[ 9573.177470] alloc_cross_bitmap: preallocate 268435456 pg, nr_longs=4194304 in 16 millisec
[ 9573.177627] alloc_cross_bitmap: preallocate 268435456 pg, nr_longs=4194304 in 16 millisec
[ 9573.177803] alloc_cross_bitmap: preallocate 268435456 pg, nr_longs=4194304 in 16 millisec
[ 9573.177834] alloc_cross_bitmap: preallocate 268435456 pg, nr_longs=4194304 in 16 millisec
[ 9573.177860] alloc_cross_bitmap: preallocate 268435456 pg, nr_longs=4194304 in 16 millisec
[ 9573.177877] alloc_cross_bitmap: preallocate 268435456 pg, nr_longs=4194304 in 16 millisec
[ 9573.177899] alloc_cross_bitmap: preallocate 268435456 pg, nr_longs=4194304 in 16 millisec
[ 9573.177911] alloc_cross_bitmap: preallocate 268435456 pg, nr_longs=4194304 in 16 millisec
[ 9573.204738] alloc_cross_bitmap: preallocate 268435456 pg, nr_longs=4194304 in 4 millisec
[ 9573.205581] alloc_cross_bitmap: preallocate 268435456 pg, nr_longs=4194304 in 4 millisec
[ 9573.206127] alloc_cross_bitmap: preallocate 268435456 pg, nr_longs=4194304 in 0 millisec
[ 9573.209922] alloc_cross_bitmap: preallocate 268435456 pg, nr_longs=4194304 in 4 millisec
[ 9573.211507] alloc_cross_bitmap: preallocate 268435456 pg, nr_longs=4194304 in 8 millisec
[ 9573.213645] alloc_cross_bitmap: preallocate 268435456 pg, nr_longs=4194304 in 8 millisec
[ 9573.213653] alloc_cross_bitmap: preallocate 268435456 pg, nr_longs=4194304 in 8 millisec
[ 9573.214413] alloc_cross_bitmap: preallocate 268435456 pg, nr_longs=4194304 in 12 millisec
[ 9573.214430] alloc_cross_bitmap: preallocate 268435456 pg, nr_longs=4194304 in 12 millisec
[ 9573.214504] alloc_cross_bitmap: preallocate 268435456 pg, nr_longs=4194304 in 12 millisec
[ 9573.214537] alloc_cross_bitmap: preallocate 268435456 pg, nr_longs=4194304 in 12 millisec
[ 9573.214563] alloc_cross_bitmap: preallocate 268435456 pg, nr_longs=4194304 in 12 millisec
[ 9573.214602] alloc_cross_bitmap: preallocate 268435456 pg, nr_longs=4194304 in 12 millisec
[ 9573.214623] alloc_cross_bitmap: preallocate 268435456 pg, nr_longs=4194304 in 12 millisec
[ 9573.225782] alloc_cross_bitmap: preallocate 268435456 pg, nr_longs=4194304 in 0 millisec
[ 9573.229720] alloc_cross_bitmap: preallocate 268435456 pg, nr_longs=4194304 in 0 millisec
[ 9573.230765] alloc_cross_bitmap: preallocate 268435456 pg, nr_longs=4194304 in 4 millisec
[ 9573.238501] alloc_cross_bitmap: preallocate 268435456 pg, nr_longs=4194304 in 4 millisec
[ 9573.244140] alloc_cross_bitmap: preallocate 268435456 pg, nr_longs=4194304 in 4 millisec
[ 9573.246211] alloc_cross_bitmap: preallocate 268435456 pg, nr_longs=4194304 in 8 millisec
[ 9573.248958] alloc_cross_bitmap: preallocate 268435456 pg, nr_longs=4194304 in 8 millisec
[ 9573.249724] alloc_cross_bitmap: preallocate 268435456 pg, nr_longs=4194304 in 4 millisec
[ 9573.250071] alloc_cross_bitmap: preallocate 268435456 pg, nr_longs=4194304 in 8 millisec
[ 9573.250292] alloc_cross_bitmap: preallocate 268435456 pg, nr_longs=4194304 in 8 millisec
[ 9573.250327] alloc_cross_bitmap: preallocate 268435456 pg, nr_longs=4194304 in 8 millisec
[ 9573.250514] alloc_cross_bitmap: preallocate 268435456 pg, nr_longs=4194304 in 12 millisec
[ 9573.250541] alloc_cross_bitmap: preallocate 268435456 pg, nr_longs=4194304 in 12 millisec
[ 9573.254035] alloc_cross_bitmap: preallocate 268435456 pg, nr_longs=4194304 in 4 millisec
[ 9573.254224] alloc_cross_bitmap: preallocate 268435456 pg, nr_longs=4194304 in 8 millisec
[ 9573.256572] alloc_cross_bitmap: preallocate 268435456 pg, nr_longs=4194304 in 4 millisec
[ 9573.256819] alloc_cross_bitmap: preallocate 268435456 pg, nr_longs=4194304 in 4 millisec
[ 9573.257571] alloc_cross_bitmap: preallocate 268435456 pg, nr_longs=4194304 in 4 millisec
[ 9573.260639] alloc_cross_bitmap: preallocate 268435456 pg, nr_longs=4194304 in 4 millisec
[ 9573.263889] alloc_cross_bitmap: preallocate 268435456 pg, nr_longs=4194304 in 4 millisec
[ 9573.267736] alloc_cross_bitmap: preallocate 268435456 pg, nr_longs=4194304 in 4 millisec
[ 9573.267836] alloc_cross_bitmap: preallocate 268435456 pg, nr_longs=4194304 in 4 millisec
[ 9573.267984] alloc_cross_bitmap: preallocate 268435456 pg, nr_longs=4194304 in 4 millisec
[ 9573.316092] alloc_cross_bitmap: preallocate 268435456 pg, nr_longs=4194304 in 8 millisec
[ 9573.318517] alloc_cross_bitmap: preallocate 268435456 pg, nr_longs=4194304 in 12 millisec
[ 9573.319384] alloc_cross_bitmap: preallocate 268435456 pg, nr_longs=4194304 in 12 millisec
[ 9573.319420] alloc_cross_bitmap: preallocate 268435456 pg, nr_longs=4194304 in 12 millisec
[ 9573.319492] alloc_cross_bitmap: preallocate 268435456 pg, nr_longs=4194304 in 12 millisec
[ 9573.319604] alloc_cross_bitmap: preallocate 268435456 pg, nr_longs=4194304 in 12 millisec
[ 9573.319776] alloc_cross_bitmap: preallocate 268435456 pg, nr_longs=4194304 in 12 millisec
[ 9573.319834] alloc_cross_bitmap: preallocate 268435456 pg, nr_longs=4194304 in 12 millisec
[ 9573.320161] alloc_cross_bitmap: preallocate 268435456 pg, nr_longs=4194304 in 12 millisec
[ 9573.320190] alloc_cross_bitmap: preallocate 268435456 pg, nr_longs=4194304 in 12 millisec
[ 9573.320243] alloc_cross_bitmap: preallocate 268435456 pg, nr_longs=4194304 in 12 millisec
[ 9573.320588] alloc_cross_bitmap: preallocate 268435456 pg, nr_longs=4194304 in 12 millisec
[ 9573.320585] alloc_cross_bitmap: preallocate 268435456 pg, nr_longs=4194304 in 12 millisec
[ 9573.320637] alloc_cross_bitmap: preallocate 268435456 pg, nr_longs=4194304 in 12 millisec
[ 9573.320648] alloc_cross_bitmap: preallocate 268435456 pg, nr_longs=4194304 in 12 millisec
[ 9573.344759] alloc_cross_bitmap: preallocate 268435456 pg, nr_longs=4194304 in 4 millisec
[ 9573.348171] alloc_cross_bitmap: preallocate 268435456 pg, nr_longs=4194304 in 4 millisec
[ 9573.351538] alloc_cross_bitmap: preallocate 268435456 pg, nr_longs=4194304 in 4 millisec
[ 9573.351767] alloc_cross_bitmap: preallocate 268435456 pg, nr_longs=4194304 in 4 millisec
[ 9573.354924] alloc_cross_bitmap: preallocate 268435456 pg, nr_longs=4194304 in 8 millisec
[ 9573.356637] alloc_cross_bitmap: preallocate 268435456 pg, nr_longs=4194304 in 8 millisec
[ 9573.356802] alloc_cross_bitmap: preallocate 268435456 pg, nr_longs=4194304 in 8 millisec
[ 9573.357854] alloc_cross_bitmap: preallocate 268435456 pg, nr_longs=4194304 in 8 millisec
[ 9573.358281] alloc_cross_bitmap: preallocate 268435456 pg, nr_longs=4194304 in 12 millisec
[ 9573.358576] alloc_cross_bitmap: preallocate 268435456 pg, nr_longs=4194304 in 12 millisec
[ 9573.358930] alloc_cross_bitmap: preallocate 268435456 pg, nr_longs=4194304 in 12 millisec
[ 9573.359050] alloc_cross_bitmap: preallocate 268435456 pg, nr_longs=4194304 in 12 millisec
[ 9573.359377] alloc_cross_bitmap: preallocate 268435456 pg, nr_longs=4194304 in 12 millisec
[ 9573.359687] alloc_cross_bitmap: preallocate 268435456 pg, nr_longs=4194304 in 12 millisec
[ 9573.359726] alloc_cross_bitmap: preallocate 268435456 pg, nr_longs=4194304 in 12 millisec
[ 9573.359762] alloc_cross_bitmap: preallocate 268435456 pg, nr_longs=4194304 in 12 millisec
[ 9573.368280] alloc_cross_bitmap: preallocate 268435456 pg, nr_longs=4194304 in 4 millisec
[ 9573.371274] alloc_cross_bitmap: preallocate 268435456 pg, nr_longs=4194304 in 4 millisec
[ 9573.375816] alloc_cross_bitmap: preallocate 268435456 pg, nr_longs=4194304 in 4 millisec
[ 9573.376739] alloc_cross_bitmap: preallocate 268435456 pg, nr_longs=4194304 in 4 millisec
[ 9573.383695] alloc_cross_bitmap: preallocate 268435456 pg, nr_longs=4194304 in 4 millisec
[ 9573.386507] alloc_cross_bitmap: preallocate 268435456 pg, nr_longs=4194304 in 4 millisec
[ 9573.388716] alloc_cross_bitmap: preallocate 268435456 pg, nr_longs=4194304 in 4 millisec
[ 9573.391298] alloc_cross_bitmap: preallocate 268435456 pg, nr_longs=4194304 in 8 millisec
[ 9573.391508] alloc_cross_bitmap: preallocate 268435456 pg, nr_longs=4194304 in 8 millisec
[ 9573.393273] alloc_cross_bitmap: preallocate 268435456 pg, nr_longs=4194304 in 8 millisec
[ 9573.394015] alloc_cross_bitmap: preallocate 268435456 pg, nr_longs=4194304 in 8 millisec
[ 9573.394782] alloc_cross_bitmap: preallocate 268435456 pg, nr_longs=4194304 in 12 millisec
[ 9573.395223] alloc_cross_bitmap: preallocate 268435456 pg, nr_longs=4194304 in 8 millisec
[ 9573.395268] alloc_cross_bitmap: preallocate 268435456 pg, nr_longs=4194304 in 12 millisec
[ 9573.395318] alloc_cross_bitmap: preallocate 268435456 pg, nr_longs=4194304 in 8 millisec
[ 9573.396489] alloc_cross_bitmap: preallocate 268435456 pg, nr_longs=4194304 in 4 millisec
[ 9573.398035] alloc_cross_bitmap: preallocate 268435456 pg, nr_longs=4194304 in 4 millisec
[ 9573.398105] alloc_cross_bitmap: preallocate 268435456 pg, nr_longs=4194304 in 4 millisec
[ 9573.399515] alloc_cross_bitmap: preallocate 268435456 pg, nr_longs=4194304 in 4 millisec
[ 9573.408838] alloc_cross_bitmap: preallocate 268435456 pg, nr_longs=4194304 in 4 millisec
[ 9573.411744] alloc_cross_bitmap: preallocate 268435456 pg, nr_longs=4194304 in 4 millisec
[ 9573.416662] alloc_cross_bitmap: preallocate 268435456 pg, nr_longs=4194304 in 4 millisec
[ 9573.417258] alloc_cross_bitmap: preallocate 268435456 pg, nr_longs=4194304 in 4 millisec
[ 9573.417457] alloc_cross_bitmap: preallocate 268435456 pg, nr_longs=4194304 in 4 millisec
[ 9573.419126] alloc_cross_bitmap: preallocate 268435456 pg, nr_longs=4194304 in 4 millisec
[ 9573.420200] alloc_cross_bitmap: preallocate 268435456 pg, nr_longs=4194304 in 4 millisec
[ 9573.420320] alloc_cross_bitmap: preallocate 268435456 pg, nr_longs=4194304 in 4 millisec
[ 9573.420972] alloc_cross_bitmap: preallocate 268435456 pg, nr_longs=4194304 in 4 millisec
[ 9573.422160] alloc_cross_bitmap: preallocate 268435456 pg, nr_longs=4194304 in 4 millisec
[ 9573.422176] alloc_cross_bitmap: preallocate 268435456 pg, nr_longs=4194304 in 8 millisec
[ 9573.473462] alloc_cross_bitmap: preallocate 268435456 pg, nr_longs=4194304 in 8 millisec
[ 9573.474397] alloc_cross_bitmap: preallocate 268435456 pg, nr_longs=4194304 in 12 millisec
[ 9573.475269] alloc_cross_bitmap: preallocate 268435456 pg, nr_longs=4194304 in 12 millisec
[ 9573.475341] alloc_cross_bitmap: preallocate 268435456 pg, nr_longs=4194304 in 12 millisec
[ 9573.475675] alloc_cross_bitmap: preallocate 268435456 pg, nr_longs=4194304 in 12 millisec
[ 9573.475922] alloc_cross_bitmap: preallocate 268435456 pg, nr_longs=4194304 in 12 millisec
[ 9573.475931] alloc_cross_bitmap: preallocate 268435456 pg, nr_longs=4194304 in 12 millisec
[ 9573.476105] alloc_cross_bitmap: preallocate 268435456 pg, nr_longs=4194304 in 12 millisec
[ 9573.476230] alloc_cross_bitmap: preallocate 268435456 pg, nr_longs=4194304 in 12 millisec
[ 9573.476320] alloc_cross_bitmap: preallocate 268435456 pg, nr_longs=4194304 in 12 millisec
[ 9573.476410] alloc_cross_bitmap: preallocate 268435456 pg, nr_longs=4194304 in 12 millisec
[ 9573.476470] alloc_cross_bitmap: preallocate 268435456 pg, nr_longs=4194304 in 12 millisec
[ 9573.476502] alloc_cross_bitmap: preallocate 268435456 pg, nr_longs=4194304 in 12 millisec
[ 9573.476576] alloc_cross_bitmap: preallocate 268435456 pg, nr_longs=4194304 in 12 millisec
[ 9573.476586] alloc_cross_bitmap: preallocate 268435456 pg, nr_longs=4194304 in 12 millisec
[ 9573.503590] alloc_cross_bitmap: preallocate 268435456 pg, nr_longs=4194304 in 4 millisec
[ 9573.503866] alloc_cross_bitmap: preallocate 268435456 pg, nr_longs=4194304 in 4 millisec
[ 9573.508332] alloc_cross_bitmap: preallocate 268435456 pg, nr_longs=4194304 in 4 millisec
[ 9573.510621] alloc_cross_bitmap: preallocate 268435456 pg, nr_longs=4194304 in 8 millisec
[ 9573.512758] alloc_cross_bitmap: preallocate 268435456 pg, nr_longs=4194304 in 8 millisec
[ 9573.513750] alloc_cross_bitmap: preallocate 268435456 pg, nr_longs=4194304 in 8 millisec
[ 9573.514049] alloc_cross_bitmap: preallocate 268435456 pg, nr_longs=4194304 in 8 millisec
[ 9573.515097] alloc_cross_bitmap: preallocate 268435456 pg, nr_longs=4194304 in 12 millisec
[ 9573.515112] alloc_cross_bitmap: preallocate 268435456 pg, nr_longs=4194304 in 12 millisec
[ 9573.515112] alloc_cross_bitmap: preallocate 268435456 pg, nr_longs=4194304 in 12 millisec
[ 9573.515574] alloc_cross_bitmap: preallocate 268435456 pg, nr_longs=4194304 in 12 millisec
[ 9573.515661] alloc_cross_bitmap: preallocate 268435456 pg, nr_longs=4194304 in 12 millisec
[ 9573.515738] alloc_cross_bitmap: preallocate 268435456 pg, nr_longs=4194304 in 12 millisec
[ 9573.515866] alloc_cross_bitmap: preallocate 268435456 pg, nr_longs=4194304 in 12 millisec
[ 9573.515878] alloc_cross_bitmap: preallocate 268435456 pg, nr_longs=4194304 in 12 millisec
[ 9573.515888] alloc_cross_bitmap: preallocate 268435456 pg, nr_longs=4194304 in 12 millisec
[ 9573.524539] alloc_cross_bitmap: preallocate 268435456 pg, nr_longs=4194304 in 4 millisec
[ 9573.525834] alloc_cross_bitmap: preallocate 268435456 pg, nr_longs=4194304 in 4 millisec
[ 9573.534254] alloc_cross_bitmap: preallocate 268435456 pg, nr_longs=4194304 in 4 millisec
[ 9573.538155] alloc_cross_bitmap: preallocate 268435456 pg, nr_longs=4194304 in 0 millisec
[ 9573.543406] alloc_cross_bitmap: preallocate 268435456 pg, nr_longs=4194304 in 4 millisec
[ 9573.543887] alloc_cross_bitmap: preallocate 268435456 pg, nr_longs=4194304 in 4 millisec
[ 9573.547010] alloc_cross_bitmap: preallocate 268435456 pg, nr_longs=4194304 in 4 millisec
[ 9573.550028] alloc_cross_bitmap: preallocate 268435456 pg, nr_longs=4194304 in 4 millisec
[ 9573.551140] alloc_cross_bitmap: preallocate 268435456 pg, nr_longs=4194304 in 8 millisec
[ 9573.552389] alloc_cross_bitmap: preallocate 268435456 pg, nr_longs=4194304 in 8 millisec
[ 9573.552445] alloc_cross_bitmap: preallocate 268435456 pg, nr_longs=4194304 in 8 millisec
[ 9573.552482] alloc_cross_bitmap: preallocate 268435456 pg, nr_longs=4194304 in 8 millisec
[ 9573.553364] alloc_cross_bitmap: preallocate 268435456 pg, nr_longs=4194304 in 8 millisec
[ 9573.553500] alloc_cross_bitmap: preallocate 268435456 pg, nr_longs=4194304 in 8 millisec
[ 9573.553508] alloc_cross_bitmap: preallocate 268435456 pg, nr_longs=4194304 in 8 millisec
[ 9573.553547] alloc_cross_bitmap: preallocate 268435456 pg, nr_longs=4194304 in 8 millisec
[ 9573.553974] alloc_cross_bitmap: preallocate 268435456 pg, nr_longs=4194304 in 4 millisec
[ 9573.554452] alloc_cross_bitmap: preallocate 268435456 pg, nr_longs=4194304 in 8 millisec
[ 9573.557216] alloc_cross_bitmap: preallocate 268435456 pg, nr_longs=4194304 in 4 millisec
[ 9573.560703] alloc_cross_bitmap: preallocate 268435456 pg, nr_longs=4194304 in 4 millisec
[ 9573.567224] alloc_cross_bitmap: preallocate 268435456 pg, nr_longs=4194304 in 4 millisec
[ 9573.568147] alloc_cross_bitmap: preallocate 268435456 pg, nr_longs=4194304 in 4 millisec
[ 9573.572935] alloc_cross_bitmap: preallocate 268435456 pg, nr_longs=4194304 in 4 millisec
[ 9573.577554] alloc_cross_bitmap: preallocate 268435456 pg, nr_longs=4194304 in 4 millisec
[ 9573.579561] alloc_cross_bitmap: preallocate 268435456 pg, nr_longs=4194304 in 4 millisec
[ 9573.581971] alloc_cross_bitmap: preallocate 268435456 pg, nr_longs=4194304 in 4 millisec
[ 9573.582332] alloc_cross_bitmap: preallocate 268435456 pg, nr_longs=4194304 in 8 millisec
[ 9573.585946] alloc_cross_bitmap: preallocate 268435456 pg, nr_longs=4194304 in 4 millisec
[ 9573.585956] alloc_cross_bitmap: preallocate 268435456 pg, nr_longs=4194304 in 4 millisec
[ 9573.586046] alloc_cross_bitmap: preallocate 268435456 pg, nr_longs=4194304 in 4 millisec
[ 9573.586062] alloc_cross_bitmap: preallocate 268435456 pg, nr_longs=4194304 in 4 millisec
[ 9573.587947] alloc_cross_bitmap: preallocate 268435456 pg, nr_longs=4194304 in 4 millisec
[ 9573.588017] alloc_cross_bitmap: preallocate 268435456 pg, nr_longs=4194304 in 4 millisec
[ 9573.591380] alloc_cross_bitmap: preallocate 268435456 pg, nr_longs=4194304 in 4 millisec
[ 9573.591958] alloc_cross_bitmap: preallocate 268435456 pg, nr_longs=4194304 in 4 millisec
[ 9573.594526] alloc_cross_bitmap: preallocate 268435456 pg, nr_longs=4194304 in 4 millisec
[ 9573.597946] alloc_cross_bitmap: preallocate 268435456 pg, nr_longs=4194304 in 4 millisec
[ 9573.598103] alloc_cross_bitmap: preallocate 268435456 pg, nr_longs=4194304 in 0 millisec
[ 9573.599416] alloc_cross_bitmap: preallocate 268435456 pg, nr_longs=4194304 in 4 millisec
[ 9573.599498] alloc_cross_bitmap: preallocate 268435456 pg, nr_longs=4194304 in 4 millisec
[ 9573.601839] alloc_cross_bitmap: preallocate 268435456 pg, nr_longs=4194304 in 0 millisec
[ 9573.627757] FinalTaskReport: db_bench:20110 - ra_orig_nr_pages:0, ra_final_nr_pages:0
                                        async_pages:1180, final_async_pages:2196
                                        full_pfetches:0, less256_pfetches:0, partial_pfetches:0
                                        failed_pfetches:0, total_pfetches:0, os_pfetches:90
                                        nr_pages_read:1971, nr_pages_hit:1050, nr_do_read_fault:163
[ 9573.821125] write_proc: Value of write = 0
[ 9573.821140] __do_sys_start_cross_trace: PRINT_GLOBAL_STATS 
[ 9573.821141] Final GlobalReport: nr_pages_read:13203739167, nr_pages_hit:12917135168, nr_do_read_fault:7085815, nr_pages_miss:103924803
[ 9573.821184] FinalTaskReport: time:20101 - ra_orig_nr_pages:0, ra_final_nr_pages:0
                                        async_pages:0, final_async_pages:25
                                        full_pfetches:0, less256_pfetches:0, partial_pfetches:0
                                        failed_pfetches:0, total_pfetches:0, os_pfetches:1
                                        nr_pages_read:0, nr_pages_hit:0, nr_do_read_fault:18
