Received signal 11 (Segmentation fault)
#0   /usr/lib/lib_Cross_Blind.so(_Z13prefetcher_thPv+0x20) [0x7f947742f250] ??	??:0	DESTRUCTOR GETTING CALLED 	PRINT_GLOBAL_LIB_STATS in dest	Total nr_ra = 0	Total nr_bytes_ra = 0	
#1   /usr/lib/lib_Cross_Blind.so(+0x7ab9) [0x7f9477431ab9] Command terminated by signal 11
	Command being timed: "./db_bench --db=/users/kannan11/ssd/prefetching/appbench/apps/rocksdb/DATA --value_size=4096 --wal_dir=/users/kannan11/ssd/prefetching/appbench/apps/rocksdb/DATA/WAL_LOG --sync=0 --key_size=1000 --write_buffer_size=67108864 --num=0 --seed=1576170874 --benchmarks=readseq --use_existing_db=1 --mmap_read=0 --threads=8"
	User time (seconds): 0.02
	System time (seconds): 0.42
	Percent of CPU this job got: 158%
	Elapsed (wall clock) time (h:mm:ss or m:ss): 0:00.27
	Average shared text size (kbytes): 0
	Average unshared data size (kbytes): 0
	Average stack size (kbytes): 0
	Average total size (kbytes): 0
	Maximum resident set size (kbytes): 41996
	Average resident set size (kbytes): 0
	Major (requiring I/O) page faults: 96
	Minor (reclaiming a frame) page faults: 12492
	Voluntary context switches: 755
	Involuntary context switches: 33
	Swaps: 0
	File system inputs: 583992
	File system outputs: 80
	Socket messages sent: 0
	Socket messages received: 0
	Signals delivered: 0
	Page size (bytes): 4096
	Exit status: 0
DESTRUCTOR GETTING CALLED 
PRINT_GLOBAL_LIB_STATS in dest
Total nr_ra = 0
Total nr_bytes_ra = 0
[33769.455183] sh (33494): drop_caches: 3
[33769.500569] sh (33499): drop_caches: 3
[33774.535309] write_proc_unbounded: Value of write = 0
[33774.535324] write_proc_2mb_limit: Value of write = 0
[33774.535330] write_proc_bitmap_shift: Value of write = 38
[33774.542981] write_proc_unbounded: Value of write = 0
[33774.542994] write_proc_2mb_limit: Value of write = 0
[33774.542999] write_proc_bitmap_shift: Value of write = 38
[33774.777591] write_proc_unbounded: Value of write = 0
[33774.777604] write_proc_2mb_limit: Value of write = 0
[33774.777609] write_proc_bitmap_shift: Value of write = 38
[33774.781474] write_proc_unbounded: Value of write = 0
[33774.781484] write_proc_2mb_limit: Value of write = 0
[33774.781488] write_proc_bitmap_shift: Value of write = 38
[33774.796733] write_proc_unbounded: Value of write = 0
[33774.796739] write_proc_2mb_limit: Value of write = 0
[33774.808112] traps: db_bench[33548] general protection fault ip:7f947742f250 sp:7f9471801aa0 error:0 in lib_Cross_Blind.so[7f947742a000+a000]
[33774.808730] write_proc_unbounded: Value of write = 0
[33774.808743] write_proc_2mb_limit: Value of write = 0
[33774.808748] write_proc_bitmap_shift: Value of write = 38
[33774.810866] write_proc_unbounded: Value of write = 0
[33774.810876] write_proc_2mb_limit: Value of write = 0
[33774.810881] write_proc_bitmap_shift: Value of write = 38
[33774.812957] write_proc_unbounded: Value of write = 0
[33774.812963] write_proc_2mb_limit: Value of write = 0
[33774.816002] write_proc_unbounded: Value of write = 0
[33774.816011] write_proc_2mb_limit: Value of write = 0
