Received signal 11 (Segmentation fault)
Command terminated by signal 11
	Command being timed: "./db_bench --db=/users/kannan11/ssd/prefetching/appbench/apps/rocksdb/DATA --value_size=4096 --wal_dir=/users/kannan11/ssd/prefetching/appbench/apps/rocksdb/DATA/WAL_LOG --sync=0 --key_size=1000 --write_buffer_size=67108864 --num=20000000 --seed=1576170874 --benchmarks=readreverse --use_existing_db=1 --mmap_read=0 --threads=16"
	User time (seconds): 0.02
	System time (seconds): 0.42
	Percent of CPU this job got: 193%
	Elapsed (wall clock) time (h:mm:ss or m:ss): 0:00.23
	Average shared text size (kbytes): 0
	Average unshared data size (kbytes): 0
	Average stack size (kbytes): 0
	Average total size (kbytes): 0
	Maximum resident set size (kbytes): 44556
	Average resident set size (kbytes): 0
	Major (requiring I/O) page faults: 77
	Minor (reclaiming a frame) page faults: 10019
	Voluntary context switches: 543
	Involuntary context switches: 15
	Swaps: 0
	File system inputs: 574168
	File system outputs: 72
	Socket messages sent: 0
	Socket messages received: 0
	Signals delivered: 0
	Page size (bytes): 4096
	Exit status: 0
DESTRUCTOR GETTING CALLED 
PRINT_GLOBAL_LIB_STATS in dest
Total nr_ra = 0
Total nr_bytes_ra = 0
[11155.426421] sh (15332): drop_caches: 3
[11155.471810] sh (15337): drop_caches: 3
[11160.506560] write_proc_unbounded: Value of write = 0
[11160.506575] write_proc_2mb_limit: Value of write = 0
[11160.506581] write_proc_bitmap_shift: Value of write = 38
[11160.515125] write_proc_unbounded: Value of write = 0
[11160.515141] write_proc_2mb_limit: Value of write = 0
[11160.515147] write_proc_bitmap_shift: Value of write = 38
[11160.737157] traps: db_bench[15393] general protection fault ip:7ff79c4bf250 sp:7ff792b2eaa0 error:0 in lib_Cross_Blind.so[7ff79c4ba000+a000]
[11160.741471] write_proc_unbounded: Value of write = 0
[11160.741477] write_proc_2mb_limit: Value of write = 0
