ENABLE_FILE_STATS in con
ENABLE_FILE_STATS in con
ENABLE_FILE_STATS in con
ENABLE_FILE_STATS in con
ENABLE_FILE_STATS in con
ENABLE_FILE_STATS in con
ENABLE_FILE_STATS in con
ENABLE_FILE_STATS in con
ENABLE_FILE_STATS in con
ENABLE_FILE_STATS in con
ENABLE_FILE_STATS in con
ENABLE_FILE_STATS in con
ENABLE_FILE_STATS in con
ENABLE_FILE_STATS in con
ENABLE_FILE_STATS in con
ENABLE_FILE_STATS in con
ENABLE_FILE_STATS in per_thread_ds
ENABLE_FILE_STATS in per_thread_ds
ENABLE_FILE_STATS in per_thread_ds
ENABLE_FILE_STATS in per_thread_ds
ENABLE_FILE_STATS in per_thread_ds
ENABLE_FILE_STATS in per_thread_ds
ENABLE_FILE_STATS in per_thread_ds
ENABLE_FILE_STATS in per_thread_ds
ENABLE_FILE_STATS in per_thread_ds
ENABLE_FILE_STATS in per_thread_ds
ENABLE_FILE_STATS in per_thread_ds
ENABLE_FILE_STATS in per_thread_ds
ENABLE_FILE_STATS in per_thread_ds
ENABLE_FILE_STATS in per_thread_ds
ENABLE_FILE_STATS in per_thread_ds
ENABLE_FILE_STATS in per_thread_ds
-------- Aggregate Performance --------
 READ Restart Perf: 2534.21 BW[MB/s] 24722653184 Bytes 9.30363 MaxTime[sec] 
Total nr_ra = 0
Total nr_bytes_ra = 0
Total nr_ra = 0
Total nr_bytes_ra = 0
DESTRUCTOR GETTING CALLED 
PRINT_GLOBAL_STATS in dest
PRINT_GLOBAL_LIB_STATS in dest
DESTRUCTOR GETTING CALLED 
PRINT_GLOBAL_STATS in dest
PRINT_GLOBAL_LIB_STATS in dest
DESTRUCTOR GETTING CALLED 
PRINT_GLOBAL_STATS in dest
PRINT_GLOBAL_LIB_STATS in dest
Total nr_ra = 0
Total nr_bytes_ra = 0
DESTRUCTOR GETTING CALLED 
PRINT_GLOBAL_STATS in dest
PRINT_GLOBAL_LIB_STATS in dest
Total nr_ra = 0
Total nr_bytes_ra = 0
Total nr_ra = 0
Total nr_bytes_ra = 0
DESTRUCTOR GETTING CALLED 
PRINT_GLOBAL_STATS in dest
PRINT_GLOBAL_LIB_STATS in dest
DESTRUCTOR GETTING CALLED 
DESTRUCTOR GETTING CALLED 
PRINT_GLOBAL_STATS in dest
PRINT_GLOBAL_LIB_STATS in dest
Total nr_ra = 0
Total nr_bytes_ra = 0
PRINT_GLOBAL_STATS in dest
PRINT_GLOBAL_LIB_STATS in dest
Total nr_ra = 0
Total nr_bytes_ra = 0
DESTRUCTOR GETTING CALLED 
PRINT_GLOBAL_STATS in dest
PRINT_GLOBAL_LIB_STATS in dest
Total nr_ra = 0
Total nr_bytes_ra = 0
Total nr_ra = 0
Total nr_bytes_ra = 0
DESTRUCTOR GETTING CALLED 
PRINT_GLOBAL_STATS in dest
PRINT_GLOBAL_LIB_STATS in dest
Total nr_ra = 0
Total nr_bytes_ra = 0
DESTRUCTOR GETTING CALLED 
PRINT_GLOBAL_STATS in dest
PRINT_GLOBAL_LIB_STATS in dest
Total nr_ra = 0
Total nr_bytes_ra = 0
DESTRUCTOR GETTING CALLED 
PRINT_GLOBAL_STATS in dest
PRINT_GLOBAL_LIB_STATS in dest
DESTRUCTOR GETTING CALLED 
PRINT_GLOBAL_STATS in dest
PRINT_GLOBAL_LIB_STATS in dest
Total nr_ra = 0
Total nr_bytes_ra = 0
DESTRUCTOR GETTING CALLED 
PRINT_GLOBAL_STATS in dest
PRINT_GLOBAL_LIB_STATS in dest
Total nr_ra = 0
Total nr_bytes_ra = 0
DESTRUCTOR GETTING CALLED 
PRINT_GLOBAL_STATS in dest
PRINT_GLOBAL_LIB_STATS in dest
Total nr_ra = 0
Total nr_bytes_ra = 0
DESTRUCTOR GETTING CALLED 
DESTRUCTOR GETTING CALLED 
Total nr_ra = 0
Total nr_bytes_ra = 0
PRINT_GLOBAL_STATS in dest
PRINT_GLOBAL_LIB_STATS in dest
PRINT_GLOBAL_STATS in dest
PRINT_GLOBAL_LIB_STATS in dest
Total nr_ra = 0
Total nr_bytes_ra = 0
[33704.462543] sh (14537): drop_caches: 3
[33704.524346] sh (14542): drop_caches: 3
[33704.569004] write_proc_unbounded: Value of write = 0
[33704.569017] write_proc_unbounded: Value of write = 0
[33704.569017] write_proc_unbounded: Value of write = 0
[33704.569021] write_proc_2mb_limit: Value of write = 0
[33704.569023] write_proc_unbounded: Value of write = 0
[33704.569034] write_proc_2mb_limit: Value of write = 0
[33704.569033] write_proc_bitmap_shift: Value of write = 37
[33704.569041] write_proc_2mb_limit: Value of write = 0
[33704.569042] write_proc_bitmap_shift: Value of write = 37
[33704.569043] write_proc_2mb_limit: Value of write = 0
[33704.569049] write_proc_unbounded: Value of write = 0
[33704.569050] write_proc_unbounded: Value of write = 0
[33704.569051] write_proc_bitmap_shift: Value of write = 37
[33704.569051] write_proc_bitmap_shift: Value of write = 37
[33704.569054] write_proc_unbounded: Value of write = 0
[33704.569054] write_proc_unbounded: Value of write = 0
[33704.569056] write_proc_unbounded: Value of write = 0
[33704.569058] write_proc_2mb_limit: Value of write = 0
[33704.569062] write_proc_2mb_limit: Value of write = 0
[33704.569068] write_proc_2mb_limit: Value of write = 0
[33704.569068] write_proc_2mb_limit: Value of write = 0
[33704.569068] write_proc_2mb_limit: Value of write = 0
[33704.569067] write_proc_unbounded: Value of write = 0
[33704.569069] write_proc_bitmap_shift: Value of write = 37
[33704.569075] write_proc_bitmap_shift: Value of write = 37
[33704.569081] write_proc_bitmap_shift: Value of write = 37
[33704.569082] write_proc_bitmap_shift: Value of write = 37
[33704.569085] write_proc_2mb_limit: Value of write = 0
[33704.569086] write_proc_bitmap_shift: Value of write = 37
[33704.569085] write_proc_unbounded: Value of write = 0
[33704.569087] write_proc_unbounded: Value of write = 0
[33704.569083] write_proc_unbounded: Value of write = 0
[33704.569088] write_proc_unbounded: Value of write = 0
[33704.569099] write_proc_bitmap_shift: Value of write = 37
[33704.569107] write_proc_2mb_limit: Value of write = 0
[33704.569107] write_proc_2mb_limit: Value of write = 0
[33704.569108] write_proc_2mb_limit: Value of write = 0
[33704.569108] write_proc_2mb_limit: Value of write = 0
[33704.569116] write_proc_bitmap_shift: Value of write = 37
[33704.569122] write_proc_bitmap_shift: Value of write = 37
[33704.569122] write_proc_bitmap_shift: Value of write = 37
[33704.569122] write_proc_bitmap_shift: Value of write = 37
[33704.569147] write_proc_unbounded: Value of write = 0
[33704.569147] write_proc_unbounded: Value of write = 0
[33704.569163] write_proc_2mb_limit: Value of write = 0
[33704.569163] write_proc_2mb_limit: Value of write = 0
[33704.569170] write_proc_bitmap_shift: Value of write = 37
[33704.569170] write_proc_bitmap_shift: Value of write = 37
[33714.151494] write_proc_unbounded: Value of write = 0
[33714.151505] write_proc_2mb_limit: Value of write = 0
[33714.151711] write_proc_unbounded: Value of write = 0
[33714.151732] write_proc_2mb_limit: Value of write = 0
[33714.151833] write_proc_unbounded: Value of write = 0
[33714.151842] write_proc_2mb_limit: Value of write = 0
[33714.151870] write_proc_unbounded: Value of write = 0
[33714.151888] write_proc_2mb_limit: Value of write = 0
[33714.151929] write_proc_unbounded: Value of write = 0
[33714.151938] write_proc_2mb_limit: Value of write = 0
[33714.152070] write_proc_unbounded: Value of write = 0
[33714.152083] write_proc_unbounded: Value of write = 0
[33714.152093] write_proc_2mb_limit: Value of write = 0
[33714.152093] write_proc_2mb_limit: Value of write = 0
[33714.152201] write_proc_unbounded: Value of write = 0
[33714.152221] write_proc_2mb_limit: Value of write = 0
[33714.152248] write_proc_unbounded: Value of write = 0
[33714.152266] write_proc_2mb_limit: Value of write = 0
[33714.152377] write_proc_unbounded: Value of write = 0
[33714.152396] write_proc_2mb_limit: Value of write = 0
[33714.152694] write_proc_unbounded: Value of write = 0
[33714.152701] write_proc_unbounded: Value of write = 0
[33714.152705] write_proc_2mb_limit: Value of write = 0
[33714.152711] write_proc_2mb_limit: Value of write = 0
[33714.152820] write_proc_unbounded: Value of write = 0
[33714.152825] write_proc_2mb_limit: Value of write = 0
[33714.153039] write_proc_unbounded: Value of write = 0
[33714.153047] write_proc_2mb_limit: Value of write = 0
[33714.153064] write_proc_unbounded: Value of write = 0
[33714.153067] write_proc_unbounded: Value of write = 0
[33714.153075] write_proc_2mb_limit: Value of write = 0
[33714.153081] write_proc_2mb_limit: Value of write = 0
