page_cache_state is NULL 
page_cache_state is NULL 
page_cache_state is NULL 
page_cache_state is NULL 
page_cache_state is NULL 
page_cache_state is NULL 
page_cache_state is NULL 
page_cache_state is NULL 
page_cache_state is NULL 
INFO:     chifilenames.hpp(find_shards:265): Detected number of shards: 8
[0mINFO:     chifilenames.hpp(find_shards:266): To specify a different number of shards, use command-line parameter 'nshards'
[0mINFO:     conversions.hpp(convert_if_notexists:759): Found preprocessed files for /users/kannan11/ssd/prefetching/dataset/com-friendster.ungraph.txt, num shards=8
[0mpage_cache_state is NULL 
[1;33mDEBUG:    stripedio.hpp(stripedio:271): Start io-manager with 8 threads.
[0mINFO:     graphchi_engine.hpp(graphchi_engine:154): Initializing graphchi_engine. This engine expects 4-byte edge data. 
[0mINFO:     chifilenames.hpp(load_vertex_intervals:400): shard: 0 - 17209751
[0mINFO:     chifilenames.hpp(load_vertex_intervals:400): shard: 17209752 - 32643034
[0mINFO:     chifilenames.hpp(load_vertex_intervals:400): shard: 32643035 - 44490062
[0mINFO:     chifilenames.hpp(load_vertex_intervals:400): shard: 44490063 - 56663196
[0mINFO:     chifilenames.hpp(load_vertex_intervals:400): shard: 56663197 - 69867700
[0mINFO:     chifilenames.hpp(load_vertex_intervals:400): shard: 69867701 - 85587528
[0mINFO:     chifilenames.hpp(load_vertex_intervals:400): shard: 85587529 - 101961017
[0mINFO:     chifilenames.hpp(load_vertex_intervals:400): shard: 101961018 - 124836179
[0mINFO:     pagerank.cpp(main:168): Running Pagerank by holding vertices in-memory mode!
[0mpage_cache_state is NULL 
page_cache_state is NULL 
page_cache_state is NULL 
page_cache_state is NULL 
INFO:     graphchi_engine.hpp(run:744): GraphChi starting
[0mINFO:     graphchi_engine.hpp(run:745): Licensed under the Apache License 2.0
[0mINFO:     graphchi_engine.hpp(run:746): Copyright Aapo Kyrola et al., Carnegie Mellon University (2012)
[0mINFO:     graphchi_engine.hpp(print_config:132): Engine configuration: 
[0mINFO:     graphchi_engine.hpp(print_config:133):  exec_threads = 64
[0mINFO:     graphchi_engine.hpp(print_config:134):  load_threads = 8
[0mINFO:     graphchi_engine.hpp(print_config:135):  membudget_mb = 8000
[0mINFO:     graphchi_engine.hpp(print_config:136):  blocksize = 1048576
[0mINFO:     graphchi_engine.hpp(print_config:137):  scheduler = 0
[0mINFO:     graphchi_engine.hpp(run:780): Start iteration: 0
[0mINFO:     graphchi_engine.hpp(run:859): 0.178762s: Starting: 0 -- 17209751
[0mINFO:     graphchi_engine.hpp(run:872): Iteration 0/4, subinterval: 0 - 17209751
[0mpage_cache_state is NULL 
page_cache_state is NULL 
page_cache_state is NULL 
page_cache_state is NULL 
page_cache_state is NULL 
page_cache_state is NULL 
page_cache_state is NULL 
page_cache_state is NULL 
page_cache_state is NULL 
page_cache_state is NULL 
page_cache_state is NULL 
page_cache_state is NULL 
page_cache_state is NULL 
page_cache_state is NULL 
page_cache_state is NULL 
page_cache_state is NULL 
page_cache_state is NULL 
page_cache_state is NULL 
page_cache_state is NULL 
[1;33mDEBUG:    graphchi_engine.hpp(run:887): Allocation 17209752 vertices, sizeof:64 total:1101424128
[0mpage_cache_state is NULL 
page_cache_state is NULL 
page_cache_state is NULL 
page_cache_state is NULL 
page_cache_state is NULL 
page_cache_state is NULL 
page_cache_state is NULL 
page_cache_state is NULL 
page_cache_state is NULL 
page_cache_state is NULL 
page_cache_state is NULL 
page_cache_state is NULL 
page_cache_state is NULL 
page_cache_state is NULL 
page_cache_state is NULL 
page_cache_state is NULL 
page_cache_state is NULL 
page_cache_state is NULL 
page_cache_state is NULL 
page_cache_state is NULL 
page_cache_state is NULL 
page_cache_state is NULL 
page_cache_state is NULL 
page_cache_state is NULL 
page_cache_state is NULL 
page_cache_state is NULL 
page_cache_state is NULL 
page_cache_state is NULL 
page_cache_state is NULL 
page_cache_state is NULL 
page_cache_state is NULL 
page_cache_state is NULL 
page_cache_state is NULL 
page_cache_state is NULL 
page_cache_state is NULL 
page_cache_state is NULL 
page_cache_state is NULL 
page_cache_state is NULL 
page_cache_state is NULL 
page_cache_state is NULL 
page_cache_state is NULL 
page_cache_state is NULL 
page_cache_state is NULL 
page_cache_state is NULL 
page_cache_state is NULL 
page_cache_state is NULL 
page_cache_state is NULL 
page_cache_state is NULL 
page_cache_state is NULL 
page_cache_state is NULL 
page_cache_state is NULL 
page_cache_state is NULL 
page_cache_state is NULL 
page_cache_state is NULL 
page_cache_state is NULL 
page_cache_state is NULL 
page_cache_state is NULL 
page_cache_state is NULL 
page_cache_state is NULL 
page_cache_state is NULL 
page_cache_state is NULL 
page_cache_state is NULL 
page_cache_state is NULL 
page_cache_state is NULL 
page_cache_state is NULL 
page_cache_state is NULL 
page_cache_state is NULL 
page_cache_state is NULL 
page_cache_state is NULL 
page_cache_state is NULL 
page_cache_state is NULL 
page_cache_state is NULL 
page_cache_state is NULL 
page_cache_state is NULL 
page_cache_state is NULL 
page_cache_state is NULL 
page_cache_state is NULL 
page_cache_state is NULL 
page_cache_state is NULL 
page_cache_state is NULL 
page_cache_state is NULL 
page_cache_state is NULL 
page_cache_state is NULL 
page_cache_state is NULL 
page_cache_state is NULL 
page_cache_state is NULL 
INFO:     graphchi_engine.hpp(run:896): Start updates
[0mINFO:     graphchi_engine.hpp(run:906): Finished updates
[0mINFO:     graphchi_engine.hpp(run:859): 3.84566s: Starting: 17209752 -- 32643034
[0mINFO:     graphchi_engine.hpp(run:872): Iteration 0/4, subinterval: 17209752 - 32643034
[0m[1;33mDEBUG:    graphchi_engine.hpp(run:887): Allocation 15433283 vertices, sizeof:64 total:987730112
[0mpage_cache_state is NULL 
page_cache_state is NULL 
page_cache_state is NULL 
page_cache_state is NULL 
page_cache_state is NULL 
page_cache_state is NULL 
page_cache_state is NULL 
page_cache_state is NULL 
page_cache_state is NULL 
page_cache_state is NULL 
INFO:     graphchi_engine.hpp(run:896): Start updates
[0mINFO:     graphchi_engine.hpp(run:906): Finished updates
[0mINFO:     graphchi_engine.hpp(run:859): 6.6826s: Starting: 32643035 -- 44490062
[0mINFO:     graphchi_engine.hpp(run:872): Iteration 0/4, subinterval: 32643035 - 44490062
[0m[1;33mDEBUG:    graphchi_engine.hpp(run:887): Allocation 11847028 vertices, sizeof:64 total:758209792
[0mpage_cache_state is NULL 
page_cache_state is NULL 
page_cache_state is NULL 
page_cache_state is NULL 
page_cache_state is NULL 
page_cache_state is NULL 
page_cache_state is NULL 
page_cache_state is NULL 
page_cache_state is NULL 
page_cache_state is NULL 
INFO:     graphchi_engine.hpp(run:896): Start updates
[0mINFO:     graphchi_engine.hpp(run:906): Finished updates
[0mINFO:     graphchi_engine.hpp(run:859): 9.25875s: Starting: 44490063 -- 56663196
[0mINFO:     graphchi_engine.hpp(run:872): Iteration 0/4, subinterval: 44490063 - 56663196
[0m[1;33mDEBUG:    graphchi_engine.hpp(run:887): Allocation 12173134 vertices, sizeof:64 total:779080576
[0mpage_cache_state is NULL 
page_cache_state is NULL 
page_cache_state is NULL 
page_cache_state is NULL 
page_cache_state is NULL 
page_cache_state is NULL 
page_cache_state is NULL 
page_cache_state is NULL 
page_cache_state is NULL 
page_cache_state is NULL 
INFO:     graphchi_engine.hpp(run:896): Start updates
[0mINFO:     graphchi_engine.hpp(run:906): Finished updates
[0mINFO:     graphchi_engine.hpp(run:859): 11.7847s: Starting: 56663197 -- 69867700
[0mINFO:     graphchi_engine.hpp(run:872): Iteration 0/4, subinterval: 56663197 - 69867700
[0m[1;33mDEBUG:    graphchi_engine.hpp(run:887): Allocation 13204504 vertices, sizeof:64 total:845088256
[0mpage_cache_state is NULL 
page_cache_state is NULL 
page_cache_state is NULL 
page_cache_state is NULL 
page_cache_state is NULL 
page_cache_state is NULL 
page_cache_state is NULL 
page_cache_state is NULL 
page_cache_state is NULL 
page_cache_state is NULL 
INFO:     graphchi_engine.hpp(run:896): Start updates
[0mINFO:     graphchi_engine.hpp(run:906): Finished updates
[0mINFO:     graphchi_engine.hpp(run:859): 14.3435s: Starting: 69867701 -- 85587528
[0mINFO:     graphchi_engine.hpp(run:872): Iteration 0/4, subinterval: 69867701 - 85587528
[0m[1;33mDEBUG:    graphchi_engine.hpp(run:887): Allocation 15719828 vertices, sizeof:64 total:1006068992
[0mpage_cache_state is NULL 
page_cache_state is NULL 
page_cache_state is NULL 
page_cache_state is NULL 
page_cache_state is NULL 
page_cache_state is NULL 
page_cache_state is NULL 
page_cache_state is NULL 
page_cache_state is NULL 
page_cache_state is NULL 
INFO:     graphchi_engine.hpp(run:896): Start updates
[0mINFO:     graphchi_engine.hpp(run:906): Finished updates
[0mINFO:     graphchi_engine.hpp(run:859): 16.9195s: Starting: 85587529 -- 101961017
[0mINFO:     graphchi_engine.hpp(run:872): Iteration 0/4, subinterval: 85587529 - 101961017
[0m[1;33mDEBUG:    graphchi_engine.hpp(run:887): Allocation 16373489 vertices, sizeof:64 total:1047903296
[0mpage_cache_state is NULL 
page_cache_state is NULL 
page_cache_state is NULL 
page_cache_state is NULL 
page_cache_state is NULL 
page_cache_state is NULL 
page_cache_state is NULL 
page_cache_state is NULL 
page_cache_state is NULL 
page_cache_state is NULL 
INFO:     graphchi_engine.hpp(run:896): Start updates
[0mINFO:     graphchi_engine.hpp(run:906): Finished updates
[0mINFO:     graphchi_engine.hpp(run:859): 19.4855s: Starting: 101961018 -- 124836179
[0mINFO:     graphchi_engine.hpp(run:872): Iteration 0/4, subinterval: 101961018 - 124836179
[0m[1;33mDEBUG:    graphchi_engine.hpp(run:887): Allocation 22875162 vertices, sizeof:64 total:1464010368
[0mpage_cache_state is NULL 
page_cache_state is NULL 
page_cache_state is NULL 
page_cache_state is NULL 
page_cache_state is NULL 
page_cache_state is NULL 
page_cache_state is NULL 
page_cache_state is NULL 
page_cache_state is NULL 
page_cache_state is NULL 
INFO:     graphchi_engine.hpp(run:896): Start updates
[0mINFO:     graphchi_engine.hpp(run:906): Finished updates
[0mINFO:     graphchi_engine.hpp(run:780): Start iteration: 1
[0mINFO:     graphchi_engine.hpp(run:859): 22.2724s: Starting: 0 -- 17209751
[0mINFO:     graphchi_engine.hpp(run:872): Iteration 1/4, subinterval: 0 - 17209751
[0m[1;33mDEBUG:    graphchi_engine.hpp(run:887): Allocation 17209752 vertices, sizeof:64 total:1101424128
[0mpage_cache_state is NULL 
page_cache_state is NULL 
page_cache_state is NULL 
page_cache_state is NULL 
page_cache_state is NULL 
page_cache_state is NULL 
page_cache_state is NULL 
page_cache_state is NULL 
page_cache_state is NULL 
page_cache_state is NULL 
INFO:     graphchi_engine.hpp(run:896): Start updates
[0mINFO:     graphchi_engine.hpp(run:906): Finished updates
[0mINFO:     graphchi_engine.hpp(run:859): 26.551s: Starting: 17209752 -- 32643034
[0mINFO:     graphchi_engine.hpp(run:872): Iteration 1/4, subinterval: 17209752 - 32643034
[0m[1;33mDEBUG:    graphchi_engine.hpp(run:887): Allocation 15433283 vertices, sizeof:64 total:987730112
[0mpage_cache_state is NULL 
page_cache_state is NULL 
page_cache_state is NULL 
page_cache_state is NULL 
page_cache_state is NULL 
page_cache_state is NULL 
page_cache_state is NULL 
page_cache_state is NULL 
page_cache_state is NULL 
page_cache_state is NULL 
INFO:     graphchi_engine.hpp(run:896): Start updates
[0mINFO:     graphchi_engine.hpp(run:906): Finished updates
[0mINFO:     graphchi_engine.hpp(run:859): 32.4186s: Starting: 32643035 -- 44490062
[0mINFO:     graphchi_engine.hpp(run:872): Iteration 1/4, subinterval: 32643035 - 44490062
[0m[1;33mDEBUG:    graphchi_engine.hpp(run:887): Allocation 11847028 vertices, sizeof:64 total:758209792
[0mpage_cache_state is NULL 
page_cache_state is NULL 
page_cache_state is NULL 
page_cache_state is NULL 
page_cache_state is NULL 
page_cache_state is NULL 
page_cache_state is NULL 
page_cache_state is NULL 
page_cache_state is NULL 
page_cache_state is NULL 
INFO:     graphchi_engine.hpp(run:896): Start updates
[0mINFO:     graphchi_engine.hpp(run:906): Finished updates
[0mINFO:     graphchi_engine.hpp(run:859): 38.3583s: Starting: 44490063 -- 56663196
[0mINFO:     graphchi_engine.hpp(run:872): Iteration 1/4, subinterval: 44490063 - 56663196
[0m[1;33mDEBUG:    graphchi_engine.hpp(run:887): Allocation 12173134 vertices, sizeof:64 total:779080576
[0mpage_cache_state is NULL 
page_cache_state is NULL 
page_cache_state is NULL 
page_cache_state is NULL 
page_cache_state is NULL 
page_cache_state is NULL 
page_cache_state is NULL 
page_cache_state is NULL 
page_cache_state is NULL 
page_cache_state is NULL 
INFO:     graphchi_engine.hpp(run:896): Start updates
[0mINFO:     graphchi_engine.hpp(run:906): Finished updates
[0mINFO:     graphchi_engine.hpp(run:859): 44.6647s: Starting: 56663197 -- 69867700
[0mINFO:     graphchi_engine.hpp(run:872): Iteration 1/4, subinterval: 56663197 - 69867700
[0m[1;33mDEBUG:    graphchi_engine.hpp(run:887): Allocation 13204504 vertices, sizeof:64 total:845088256
[0mpage_cache_state is NULL 
page_cache_state is NULL 
page_cache_state is NULL 
page_cache_state is NULL 
page_cache_state is NULL 
page_cache_state is NULL 
page_cache_state is NULL 
page_cache_state is NULL 
page_cache_state is NULL 
page_cache_state is NULL 
INFO:     graphchi_engine.hpp(run:896): Start updates
[0mINFO:     graphchi_engine.hpp(run:906): Finished updates
[0mINFO:     graphchi_engine.hpp(run:859): 51.0274s: Starting: 69867701 -- 85587528
[0mINFO:     graphchi_engine.hpp(run:872): Iteration 1/4, subinterval: 69867701 - 85587528
[0m[1;33mDEBUG:    graphchi_engine.hpp(run:887): Allocation 15719828 vertices, sizeof:64 total:1006068992
[0mpage_cache_state is NULL 
page_cache_state is NULL 
page_cache_state is NULL 
page_cache_state is NULL 
page_cache_state is NULL 
page_cache_state is NULL 
page_cache_state is NULL 
page_cache_state is NULL 
page_cache_state is NULL 
page_cache_state is NULL 
INFO:     graphchi_engine.hpp(run:896): Start updates
[0mINFO:     graphchi_engine.hpp(run:906): Finished updates
[0mINFO:     graphchi_engine.hpp(run:859): 56.2462s: Starting: 85587529 -- 101961017
[0mINFO:     graphchi_engine.hpp(run:872): Iteration 1/4, subinterval: 85587529 - 101961017
[0m[1;33mDEBUG:    graphchi_engine.hpp(run:887): Allocation 16373489 vertices, sizeof:64 total:1047903296
[0mpage_cache_state is NULL 
page_cache_state is NULL 
page_cache_state is NULL 
page_cache_state is NULL 
page_cache_state is NULL 
page_cache_state is NULL 
page_cache_state is NULL 
page_cache_state is NULL 
page_cache_state is NULL 
page_cache_state is NULL 
INFO:     graphchi_engine.hpp(run:896): Start updates
[0mINFO:     graphchi_engine.hpp(run:906): Finished updates
[0mINFO:     graphchi_engine.hpp(run:859): 62.8209s: Starting: 101961018 -- 124836179
[0mINFO:     graphchi_engine.hpp(run:872): Iteration 1/4, subinterval: 101961018 - 124836179
[0m[1;33mDEBUG:    graphchi_engine.hpp(run:887): Allocation 22875162 vertices, sizeof:64 total:1464010368
[0mpage_cache_state is NULL 
page_cache_state is NULL 
page_cache_state is NULL 
page_cache_state is NULL 
page_cache_state is NULL 
page_cache_state is NULL 
page_cache_state is NULL 
page_cache_state is NULL 
page_cache_state is NULL 
page_cache_state is NULL 
INFO:     graphchi_engine.hpp(run:896): Start updates
[0mINFO:     graphchi_engine.hpp(run:906): Finished updates
[0mINFO:     graphchi_engine.hpp(run:780): Start iteration: 2
[0mINFO:     graphchi_engine.hpp(run:859): 68.9931s: Starting: 0 -- 17209751
[0mINFO:     graphchi_engine.hpp(run:872): Iteration 2/4, subinterval: 0 - 17209751
[0m[1;33mDEBUG:    graphchi_engine.hpp(run:887): Allocation 17209752 vertices, sizeof:64 total:1101424128
[0mpage_cache_state is NULL 
page_cache_state is NULL 
page_cache_state is NULL 
page_cache_state is NULL 
page_cache_state is NULL 
page_cache_state is NULL 
page_cache_state is NULL 
page_cache_state is NULL 
page_cache_state is NULL 
page_cache_state is NULL 
INFO:     graphchi_engine.hpp(run:896): Start updates
[0mINFO:     graphchi_engine.hpp(run:906): Finished updates
[0mINFO:     graphchi_engine.hpp(run:859): 73.5232s: Starting: 17209752 -- 32643034
[0mINFO:     graphchi_engine.hpp(run:872): Iteration 2/4, subinterval: 17209752 - 32643034
[0m[1;33mDEBUG:    graphchi_engine.hpp(run:887): Allocation 15433283 vertices, sizeof:64 total:987730112
[0mpage_cache_state is NULL 
page_cache_state is NULL 
page_cache_state is NULL 
page_cache_state is NULL 
page_cache_state is NULL 
page_cache_state is NULL 
page_cache_state is NULL 
page_cache_state is NULL 
page_cache_state is NULL 
page_cache_state is NULL 
INFO:     graphchi_engine.hpp(run:896): Start updates
[0mINFO:     graphchi_engine.hpp(run:906): Finished updates
[0mINFO:     graphchi_engine.hpp(run:859): 78.8411s: Starting: 32643035 -- 44490062
[0mINFO:     graphchi_engine.hpp(run:872): Iteration 2/4, subinterval: 32643035 - 44490062
[0m[1;33mDEBUG:    graphchi_engine.hpp(run:887): Allocation 11847028 vertices, sizeof:64 total:758209792
[0mpage_cache_state is NULL 
page_cache_state is NULL 
page_cache_state is NULL 
page_cache_state is NULL 
page_cache_state is NULL 
page_cache_state is NULL 
page_cache_state is NULL 
page_cache_state is NULL 
page_cache_state is NULL 
page_cache_state is NULL 
INFO:     graphchi_engine.hpp(run:896): Start updates
[0mINFO:     graphchi_engine.hpp(run:906): Finished updates
[0mINFO:     graphchi_engine.hpp(run:859): 85.0533s: Starting: 44490063 -- 56663196
[0mINFO:     graphchi_engine.hpp(run:872): Iteration 2/4, subinterval: 44490063 - 56663196
[0m[1;33mDEBUG:    graphchi_engine.hpp(run:887): Allocation 12173134 vertices, sizeof:64 total:779080576
[0mpage_cache_state is NULL 
page_cache_state is NULL 
page_cache_state is NULL 
page_cache_state is NULL 
page_cache_state is NULL 
page_cache_state is NULL 
page_cache_state is NULL 
page_cache_state is NULL 
page_cache_state is NULL 
page_cache_state is NULL 
INFO:     graphchi_engine.hpp(run:896): Start updates
[0mINFO:     graphchi_engine.hpp(run:906): Finished updates
[0mINFO:     graphchi_engine.hpp(run:859): 91.4467s: Starting: 56663197 -- 69867700
[0mINFO:     graphchi_engine.hpp(run:872): Iteration 2/4, subinterval: 56663197 - 69867700
[0m[1;33mDEBUG:    graphchi_engine.hpp(run:887): Allocation 13204504 vertices, sizeof:64 total:845088256
[0mpage_cache_state is NULL 
page_cache_state is NULL 
page_cache_state is NULL 
page_cache_state is NULL 
page_cache_state is NULL 
page_cache_state is NULL 
page_cache_state is NULL 
page_cache_state is NULL 
page_cache_state is NULL 
page_cache_state is NULL 
INFO:     graphchi_engine.hpp(run:896): Start updates
[0mINFO:     graphchi_engine.hpp(run:906): Finished updates
[0mINFO:     graphchi_engine.hpp(run:859): 97.2861s: Starting: 69867701 -- 85587528
[0mINFO:     graphchi_engine.hpp(run:872): Iteration 2/4, subinterval: 69867701 - 85587528
[0m[1;33mDEBUG:    graphchi_engine.hpp(run:887): Allocation 15719828 vertices, sizeof:64 total:1006068992
[0mpage_cache_state is NULL 
page_cache_state is NULL 
page_cache_state is NULL 
page_cache_state is NULL 
page_cache_state is NULL 
page_cache_state is NULL 
page_cache_state is NULL 
page_cache_state is NULL 
page_cache_state is NULL 
page_cache_state is NULL 
INFO:     graphchi_engine.hpp(run:896): Start updates
[0mINFO:     graphchi_engine.hpp(run:906): Finished updates
[0mINFO:     graphchi_engine.hpp(run:859): 102.86s: Starting: 85587529 -- 101961017
[0mINFO:     graphchi_engine.hpp(run:872): Iteration 2/4, subinterval: 85587529 - 101961017
[0m[1;33mDEBUG:    graphchi_engine.hpp(run:887): Allocation 16373489 vertices, sizeof:64 total:1047903296
[0mpage_cache_state is NULL 
page_cache_state is NULL 
page_cache_state is NULL 
page_cache_state is NULL 
page_cache_state is NULL 
page_cache_state is NULL 
page_cache_state is NULL 
page_cache_state is NULL 
page_cache_state is NULL 
page_cache_state is NULL 
INFO:     graphchi_engine.hpp(run:896): Start updates
[0mINFO:     graphchi_engine.hpp(run:906): Finished updates
[0mINFO:     graphchi_engine.hpp(run:859): 109.708s: Starting: 101961018 -- 124836179
[0mINFO:     graphchi_engine.hpp(run:872): Iteration 2/4, subinterval: 101961018 - 124836179
[0m[1;33mDEBUG:    graphchi_engine.hpp(run:887): Allocation 22875162 vertices, sizeof:64 total:1464010368
[0mpage_cache_state is NULL 
page_cache_state is NULL 
page_cache_state is NULL 
page_cache_state is NULL 
page_cache_state is NULL 
page_cache_state is NULL 
page_cache_state is NULL 
page_cache_state is NULL 
page_cache_state is NULL 
page_cache_state is NULL 
INFO:     graphchi_engine.hpp(run:896): Start updates
[0mINFO:     graphchi_engine.hpp(run:906): Finished updates
[0mINFO:     graphchi_engine.hpp(run:780): Start iteration: 3
[0mINFO:     graphchi_engine.hpp(run:859): 114.971s: Starting: 0 -- 17209751
[0mINFO:     graphchi_engine.hpp(run:872): Iteration 3/4, subinterval: 0 - 17209751
[0m[1;33mDEBUG:    graphchi_engine.hpp(run:887): Allocation 17209752 vertices, sizeof:64 total:1101424128
[0mpage_cache_state is NULL 
page_cache_state is NULL 
page_cache_state is NULL 
page_cache_state is NULL 
page_cache_state is NULL 
page_cache_state is NULL 
page_cache_state is NULL 
page_cache_state is NULL 
page_cache_state is NULL 
page_cache_state is NULL 
INFO:     graphchi_engine.hpp(run:896): Start updates
[0mINFO:     graphchi_engine.hpp(run:906): Finished updates
[0mINFO:     graphchi_engine.hpp(run:859): 119.147s: Starting: 17209752 -- 32643034
[0mINFO:     graphchi_engine.hpp(run:872): Iteration 3/4, subinterval: 17209752 - 32643034
[0m[1;33mDEBUG:    graphchi_engine.hpp(run:887): Allocation 15433283 vertices, sizeof:64 total:987730112
[0mpage_cache_state is NULL 
page_cache_state is NULL 
page_cache_state is NULL 
page_cache_state is NULL 
page_cache_state is NULL 
page_cache_state is NULL 
page_cache_state is NULL 
page_cache_state is NULL 
page_cache_state is NULL 
page_cache_state is NULL 
INFO:     graphchi_engine.hpp(run:896): Start updates
[0mINFO:     graphchi_engine.hpp(run:906): Finished updates
[0mINFO:     graphchi_engine.hpp(run:859): 125.074s: Starting: 32643035 -- 44490062
[0mINFO:     graphchi_engine.hpp(run:872): Iteration 3/4, subinterval: 32643035 - 44490062
[0m[1;33mDEBUG:    graphchi_engine.hpp(run:887): Allocation 11847028 vertices, sizeof:64 total:758209792
[0mpage_cache_state is NULL 
page_cache_state is NULL 
page_cache_state is NULL 
page_cache_state is NULL 
page_cache_state is NULL 
page_cache_state is NULL 
page_cache_state is NULL 
page_cache_state is NULL 
page_cache_state is NULL 
page_cache_state is NULL 
INFO:     graphchi_engine.hpp(run:896): Start updates
[0mINFO:     graphchi_engine.hpp(run:906): Finished updates
[0mINFO:     graphchi_engine.hpp(run:859): 130.108s: Starting: 44490063 -- 56663196
[0mINFO:     graphchi_engine.hpp(run:872): Iteration 3/4, subinterval: 44490063 - 56663196
[0m[1;33mDEBUG:    graphchi_engine.hpp(run:887): Allocation 12173134 vertices, sizeof:64 total:779080576
[0mpage_cache_state is NULL 
page_cache_state is NULL 
page_cache_state is NULL 
page_cache_state is NULL 
page_cache_state is NULL 
page_cache_state is NULL 
page_cache_state is NULL 
page_cache_state is NULL 
page_cache_state is NULL 
page_cache_state is NULL 
INFO:     graphchi_engine.hpp(run:896): Start updates
[0mINFO:     graphchi_engine.hpp(run:906): Finished updates
[0mINFO:     graphchi_engine.hpp(run:859): 135.095s: Starting: 56663197 -- 69867700
[0mINFO:     graphchi_engine.hpp(run:872): Iteration 3/4, subinterval: 56663197 - 69867700
[0m[1;33mDEBUG:    graphchi_engine.hpp(run:887): Allocation 13204504 vertices, sizeof:64 total:845088256
[0mpage_cache_state is NULL 
page_cache_state is NULL 
page_cache_state is NULL 
page_cache_state is NULL 
page_cache_state is NULL 
page_cache_state is NULL 
page_cache_state is NULL 
page_cache_state is NULL 
page_cache_state is NULL 
page_cache_state is NULL 
INFO:     graphchi_engine.hpp(run:896): Start updates
[0mINFO:     graphchi_engine.hpp(run:906): Finished updates
[0mINFO:     graphchi_engine.hpp(run:859): 141.437s: Starting: 69867701 -- 85587528
[0mINFO:     graphchi_engine.hpp(run:872): Iteration 3/4, subinterval: 69867701 - 85587528
[0m[1;33mDEBUG:    graphchi_engine.hpp(run:887): Allocation 15719828 vertices, sizeof:64 total:1006068992
[0mpage_cache_state is NULL 
page_cache_state is NULL 
page_cache_state is NULL 
page_cache_state is NULL 
page_cache_state is NULL 
page_cache_state is NULL 
page_cache_state is NULL 
page_cache_state is NULL 
page_cache_state is NULL 
page_cache_state is NULL 
INFO:     graphchi_engine.hpp(run:896): Start updates
[0mINFO:     graphchi_engine.hpp(run:906): Finished updates
[0mINFO:     graphchi_engine.hpp(run:859): 147.841s: Starting: 85587529 -- 101961017
[0mINFO:     graphchi_engine.hpp(run:872): Iteration 3/4, subinterval: 85587529 - 101961017
[0m[1;33mDEBUG:    graphchi_engine.hpp(run:887): Allocation 16373489 vertices, sizeof:64 total:1047903296
[0mpage_cache_state is NULL 
page_cache_state is NULL 
page_cache_state is NULL 
page_cache_state is NULL 
page_cache_state is NULL 
page_cache_state is NULL 
page_cache_state is NULL 
page_cache_state is NULL 
page_cache_state is NULL 
page_cache_state is NULL 
INFO:     graphchi_engine.hpp(run:896): Start updates
[0mINFO:     graphchi_engine.hpp(run:906): Finished updates
[0mINFO:     graphchi_engine.hpp(run:859): 153.272s: Starting: 101961018 -- 124836179
[0mINFO:     graphchi_engine.hpp(run:872): Iteration 3/4, subinterval: 101961018 - 124836179
[0m[1;33mDEBUG:    graphchi_engine.hpp(run:887): Allocation 22875162 vertices, sizeof:64 total:1464010368
[0mpage_cache_state is NULL 
page_cache_state is NULL 
page_cache_state is NULL 
page_cache_state is NULL 
page_cache_state is NULL 
page_cache_state is NULL 
page_cache_state is NULL 
page_cache_state is NULL 
page_cache_state is NULL 
page_cache_state is NULL 
INFO:     graphchi_engine.hpp(run:896): Start updates
[0mINFO:     graphchi_engine.hpp(run:906): Finished updates
[0mINFO:     graphchi_engine.hpp(run:780): Start iteration: 4
[0mINFO:     graphchi_engine.hpp(run:859): 159.966s: Starting: 0 -- 17209751
[0mINFO:     graphchi_engine.hpp(run:872): Iteration 4/4, subinterval: 0 - 17209751
[0m[1;33mDEBUG:    graphchi_engine.hpp(run:887): Allocation 17209752 vertices, sizeof:64 total:1101424128
[0mpage_cache_state is NULL 
page_cache_state is NULL 
page_cache_state is NULL 
page_cache_state is NULL 
page_cache_state is NULL 
page_cache_state is NULL 
page_cache_state is NULL 
page_cache_state is NULL 
page_cache_state is NULL 
page_cache_state is NULL 
INFO:     graphchi_engine.hpp(run:896): Start updates
[0mINFO:     graphchi_engine.hpp(run:906): Finished updates
[0mINFO:     graphchi_engine.hpp(run:859): 164.404s: Starting: 17209752 -- 32643034
[0mINFO:     graphchi_engine.hpp(run:872): Iteration 4/4, subinterval: 17209752 - 32643034
[0m[1;33mDEBUG:    graphchi_engine.hpp(run:887): Allocation 15433283 vertices, sizeof:64 total:987730112
[0mpage_cache_state is NULL 
page_cache_state is NULL 
page_cache_state is NULL 
page_cache_state is NULL 
page_cache_state is NULL 
page_cache_state is NULL 
page_cache_state is NULL 
page_cache_state is NULL 
page_cache_state is NULL 
page_cache_state is NULL 
INFO:     graphchi_engine.hpp(run:896): Start updates
[0mINFO:     graphchi_engine.hpp(run:906): Finished updates
[0mINFO:     graphchi_engine.hpp(run:859): 170.328s: Starting: 32643035 -- 44490062
[0mINFO:     graphchi_engine.hpp(run:872): Iteration 4/4, subinterval: 32643035 - 44490062
[0m[1;33mDEBUG:    graphchi_engine.hpp(run:887): Allocation 11847028 vertices, sizeof:64 total:758209792
[0mpage_cache_state is NULL 
page_cache_state is NULL 
page_cache_state is NULL 
page_cache_state is NULL 
page_cache_state is NULL 
page_cache_state is NULL 
page_cache_state is NULL 
page_cache_state is NULL 
page_cache_state is NULL 
page_cache_state is NULL 
INFO:     graphchi_engine.hpp(run:896): Start updates
[0mINFO:     graphchi_engine.hpp(run:906): Finished updates
[0mINFO:     graphchi_engine.hpp(run:859): 176.401s: Starting: 44490063 -- 56663196
[0mINFO:     graphchi_engine.hpp(run:872): Iteration 4/4, subinterval: 44490063 - 56663196
[0m[1;33mDEBUG:    graphchi_engine.hpp(run:887): Allocation 12173134 vertices, sizeof:64 total:779080576
[0mpage_cache_state is NULL 
page_cache_state is NULL 
page_cache_state is NULL 
page_cache_state is NULL 
page_cache_state is NULL 
page_cache_state is NULL 
page_cache_state is NULL 
page_cache_state is NULL 
page_cache_state is NULL 
page_cache_state is NULL 
INFO:     graphchi_engine.hpp(run:896): Start updates
[0mINFO:     graphchi_engine.hpp(run:906): Finished updates
[0mINFO:     graphchi_engine.hpp(run:859): 182.715s: Starting: 56663197 -- 69867700
[0mINFO:     graphchi_engine.hpp(run:872): Iteration 4/4, subinterval: 56663197 - 69867700
[0m[1;33mDEBUG:    graphchi_engine.hpp(run:887): Allocation 13204504 vertices, sizeof:64 total:845088256
[0mpage_cache_state is NULL 
page_cache_state is NULL 
page_cache_state is NULL 
page_cache_state is NULL 
page_cache_state is NULL 
page_cache_state is NULL 
page_cache_state is NULL 
page_cache_state is NULL 
page_cache_state is NULL 
page_cache_state is NULL 
INFO:     graphchi_engine.hpp(run:896): Start updates
[0mINFO:     graphchi_engine.hpp(run:906): Finished updates
[0mINFO:     graphchi_engine.hpp(run:859): 189.323s: Starting: 69867701 -- 85587528
[0mINFO:     graphchi_engine.hpp(run:872): Iteration 4/4, subinterval: 69867701 - 85587528
[0m[1;33mDEBUG:    graphchi_engine.hpp(run:887): Allocation 15719828 vertices, sizeof:64 total:1006068992
[0mpage_cache_state is NULL 
page_cache_state is NULL 
page_cache_state is NULL 
page_cache_state is NULL 
page_cache_state is NULL 
page_cache_state is NULL 
page_cache_state is NULL 
page_cache_state is NULL 
page_cache_state is NULL 
page_cache_state is NULL 
INFO:     graphchi_engine.hpp(run:896): Start updates
[0mINFO:     graphchi_engine.hpp(run:906): Finished updates
[0mINFO:     graphchi_engine.hpp(run:859): 196.646s: Starting: 85587529 -- 101961017
[0mINFO:     graphchi_engine.hpp(run:872): Iteration 4/4, subinterval: 85587529 - 101961017
[0m[1;33mDEBUG:    graphchi_engine.hpp(run:887): Allocation 16373489 vertices, sizeof:64 total:1047903296
[0mpage_cache_state is NULL 
page_cache_state is NULL 
page_cache_state is NULL 
page_cache_state is NULL 
page_cache_state is NULL 
page_cache_state is NULL 
page_cache_state is NULL 
page_cache_state is NULL 
page_cache_state is NULL 
page_cache_state is NULL 
INFO:     graphchi_engine.hpp(run:896): Start updates
[0mINFO:     graphchi_engine.hpp(run:906): Finished updates
[0mINFO:     graphchi_engine.hpp(run:859): 203.393s: Starting: 101961018 -- 124836179
[0mINFO:     graphchi_engine.hpp(run:872): Iteration 4/4, subinterval: 101961018 - 124836179
[0m[1;33mDEBUG:    graphchi_engine.hpp(run:887): Allocation 22875162 vertices, sizeof:64 total:1464010368
[0mpage_cache_state is NULL 
page_cache_state is NULL 
page_cache_state is NULL 
page_cache_state is NULL 
page_cache_state is NULL 
page_cache_state is NULL 
page_cache_state is NULL 
page_cache_state is NULL 
page_cache_state is NULL 
page_cache_state is NULL 
INFO:     graphchi_engine.hpp(run:896): Start updates
[0mINFO:     graphchi_engine.hpp(run:906): Finished updates
[0m[1;33mDEBUG:    stripedio.hpp(stripedio:271): Start io-manager with 8 threads.
[0mpage_cache_state is NULL 
page_cache_state is NULL 
page_cache_state is NULL 
page_cache_state is NULL 
page_cache_state is NULL 
page_cache_state is NULL 
page_cache_state is NULL 
page_cache_state is NULL 
page_cache_state is NULL 
page_cache_state is NULL 
Print top 20 vertices:
1. 124511661	1356.73
2. 124242676	951.524
3. 124545342	872.933
4. 117927534	825.977
5. 117735467	796.01
6. 124439113	790.008
7. 117757131	750.429
8. 117643203	734.435
9. 124397694	729.21
10. 124378151	725.991
11. 124407215	721.767
12. 117449876	700.14
13. 117937121	698.092
14. 117732971	696.278
15. 117809905	694.804
16. 117170447	684.677
17. 117795445	662.965
18. 117662377	648.284
19. 117867541	637.098
20. 117547055	633.243

 === REPORT FOR pagerank() ===
[Numeric]
cachesize_mb:		4000
compression:		0
execthreads:		64
loadthreads:		8
membudget_mb:		8000
niothreads:		8
niters:		5
nshards:		8
nvertices:		1.24836e+08
scheduler:		0
serialized-updates:		2.5122e+08	(count: 40, min: 5.30982e+06, max: 9.4962e+06, avg: 6.2805e+06)
stripesize:		1.07374e+09
updates:		6.24181e+08
work:		9.03034e+09
[Timings]
execute-updates:		109.817s	 (count: 40, min: 0.138858s, max: 4.86295, avg: 2.74543s)
iomgr_init:		0.000168 s
memoryshard_create_edges:		69.8982s	 (count: 40, min: 1.59316s, max: 2.10213, avg: 1.74746s)
preada_now:		23.5988s	 (count: 2335, min: 0.001698s, max: 0.621228, avg: 0.0101065s)
pwritea_now:		0.10835s	 (count: 8, min: 0.009877s, max: 0.017532, avg: 0.0135438s)
runtime:		208.307 s
stripedio_wait_for_reads:		0.000126s	 (count: 40, min: 1e-06s, max: 8e-06, avg: 3.15e-06s)
stripedio_wait_for_writes:		9.9e-05s	 (count: 46, min: 0s, max: 8e-06, avg: 2.15217e-06s)
[Other]
app:	pagerank
engine:	default
file:	/users/kannan11/ssd/prefetching/dataset/com-friendster.ungraph.txt
DESTRUCTOR GETTING CALLED 
	Command being timed: "/users/kannan11/ssd/prefetching/appbench/apps/graphchi/graphchi-cpp/bin/example_apps/pagerank file /users/kannan11/ssd/prefetching/dataset/com-friendster.ungraph.txt niters 5"
	User time (seconds): 721.98
	System time (seconds): 90.19
	Percent of CPU this job got: 389%
	Elapsed (wall clock) time (h:mm:ss or m:ss): 3:28.65
	Average shared text size (kbytes): 0
	Average unshared data size (kbytes): 0
	Average stack size (kbytes): 0
	Average total size (kbytes): 0
	Maximum resident set size (kbytes): 5777524
	Average resident set size (kbytes): 0
	Major (requiring I/O) page faults: 13
	Minor (reclaiming a frame) page faults: 52299892
	Voluntary context switches: 51195
	Involuntary context switches: 6823
	Swaps: 0
	File system inputs: 17601752
	File system outputs: 975640
	Socket messages sent: 0
	Socket messages received: 0
	Signals delivered: 0
	Page size (bytes): 4096
	Exit status: 0
DESTRUCTOR GETTING CALLED 
[13357.287815] sh (62774): drop_caches: 3
[13357.379082] sh (62780): drop_caches: 3
[13362.413352] write_proc_unbounded: Value of write = 0
[13362.413364] write_proc_2mb_limit: Value of write = 0
[13362.413368] write_proc_bitmap_shift: Value of write = 36
[13362.418536] write_proc_unbounded: Value of write = 0
[13362.418545] write_proc_2mb_limit: Value of write = 0
[13362.418549] write_proc_bitmap_shift: Value of write = 36
[13571.062747] write_proc_unbounded: Value of write = 0
[13571.062754] write_proc_2mb_limit: Value of write = 0
[13571.068789] write_proc_unbounded: Value of write = 0
[13571.068799] write_proc_2mb_limit: Value of write = 0
