Received signal 11 (Segmentation fault)
Command terminated by signal 11
	Command being timed: "./db_bench --db=/users/kannan11/ssd/prefetching/appbench/apps/rocksdb/DATA --value_size=4096 --wal_dir=/users/kannan11/ssd/prefetching/appbench/apps/rocksdb/DATA/WAL_LOG --sync=0 --key_size=1000 --write_buffer_size=67108864 --num=0 --seed=1576170874 --benchmarks=readrandom --use_existing_db=1 --mmap_read=0 --threads=1"
	User time (seconds): 0.03
	System time (seconds): 2.20
	Percent of CPU this job got: 1346%
	Elapsed (wall clock) time (h:mm:ss or m:ss): 0:00.16
	Average shared text size (kbytes): 0
	Average unshared data size (kbytes): 0
	Average stack size (kbytes): 0
	Average total size (kbytes): 0
	Maximum resident set size (kbytes): 45016
	Average resident set size (kbytes): 0
	Major (requiring I/O) page faults: 81
	Minor (reclaiming a frame) page faults: 10064
	Voluntary context switches: 626
	Involuntary context switches: 28
	Swaps: 0
	File system inputs: 650312
	File system outputs: 72
	Socket messages sent: 0
	Socket messages received: 0
	Signals delivered: 0
	Page size (bytes): 4096
	Exit status: 0
DESTRUCTOR GETTING CALLED 
PRINT_GLOBAL_LIB_STATS in dest
Total nr_ra = 0
Total nr_bytes_ra = 0
[35195.435546] sh (42131): drop_caches: 3
[35195.481537] sh (42136): drop_caches: 3
[35200.514399] write_proc_unbounded: Value of write = 0
[35200.514414] write_proc_2mb_limit: Value of write = 0
[35200.514420] write_proc_bitmap_shift: Value of write = 38
[35200.522270] write_proc_unbounded: Value of write = 0
[35200.522282] write_proc_2mb_limit: Value of write = 0
[35200.522287] write_proc_bitmap_shift: Value of write = 38
[35200.677831] traps: db_bench[42199] general protection fault ip:7fd91a464250 sp:7fd90cd70aa0 error:0 in lib_Cross_Blind.so[7fd91a45f000+a000]
[35200.682301] write_proc_unbounded: Value of write = 0
[35200.682309] write_proc_2mb_limit: Value of write = 0
