ENABLE_FILE_STATS in con
ENABLE_FILE_STATS in con
ENABLE_FILE_STATS in con
ENABLE_FILE_STATS in con
ENABLE_FILE_STATS in con
ENABLE_FILE_STATS in con
ENABLE_FILE_STATS in con
ENABLE_FILE_STATS in con
ENABLE_FILE_STATS in con
ENABLE_FILE_STATS in con
ENABLE_FILE_STATS in con
ENABLE_FILE_STATS in con
ENABLE_FILE_STATS in con
ENABLE_FILE_STATS in con
ENABLE_FILE_STATS in con
ENABLE_FILE_STATS in con
ENABLE_FILE_STATS in con
ENABLE_FILE_STATS in con
ENABLE_FILE_STATS in con
ENABLE_FILE_STATS in con
ENABLE_FILE_STATS in con
ENABLE_FILE_STATS in con
ENABLE_FILE_STATS in con
ENABLE_FILE_STATS in con
ENABLE_FILE_STATS in con
ENABLE_FILE_STATS in con
ENABLE_FILE_STATS in con
ENABLE_FILE_STATS in con
ENABLE_FILE_STATS in con
ENABLE_FILE_STATS in con
ENABLE_FILE_STATS in con
ENABLE_FILE_STATS in con
ENABLE_FILE_STATS in per_thread_ds
ENABLE_FILE_STATS in per_thread_ds
ENABLE_FILE_STATS in per_thread_ds
ENABLE_FILE_STATS in per_thread_ds
ENABLE_FILE_STATS in per_thread_ds
ENABLE_FILE_STATS in per_thread_ds
ERR:prefetcher_th, pg_diff==0
ERR:prefetcher_th, pg_diff==0
readahead_info: failed fd:6 TID:13771 err:-1
ERR:prefetcher_th, pg_diff==0
ERR:prefetcher_th, pg_diff==0
ERR:prefetcher_th, pg_diff==0
ERR:prefetcher_th, pg_diff==0
ERR:prefetcher_th, pg_diff==0
ERR:prefetcher_th, pg_diff==0
ERR:prefetcher_th, pg_diff==0
ERR:prefetcher_th, pg_diff==0
ERR:prefetcher_th, pg_diff==0
ENABLE_FILE_STATS in per_thread_ds
ENABLE_FILE_STATS in per_thread_ds
ENABLE_FILE_STATS in per_thread_ds
ENABLE_FILE_STATS in per_thread_ds
ENABLE_FILE_STATS in per_thread_ds
ENABLE_FILE_STATS in per_thread_ds
ENABLE_FILE_STATS in per_thread_ds
ENABLE_FILE_STATS in per_thread_ds
ENABLE_FILE_STATS in per_thread_ds
ENABLE_FILE_STATS in per_thread_ds
ENABLE_FILE_STATS in per_thread_ds
ENABLE_FILE_STATS in per_thread_ds
ENABLE_FILE_STATS in per_thread_ds
ENABLE_FILE_STATS in per_thread_ds
ENABLE_FILE_STATS in per_thread_ds
ENABLE_FILE_STATS in per_thread_ds
ENABLE_FILE_STATS in per_thread_ds
ENABLE_FILE_STATS in per_thread_ds
ENABLE_FILE_STATS in per_thread_ds
ENABLE_FILE_STATS in per_thread_ds
ENABLE_FILE_STATS in per_thread_ds
ENABLE_FILE_STATS in per_thread_ds
ENABLE_FILE_STATS in per_thread_ds
ENABLE_FILE_STATS in per_thread_ds
ENABLE_FILE_STATS in per_thread_ds
readahead_info: failed fd:6 TID:13791 err:-1
readahead_info: failed fd:6 TID:13778 err:-1
ERR:prefetcher_th, pg_diff==0
ERR:prefetcher_th, pg_diff==0
readahead_info: failed fd:6 TID:13790 err:-1
ERR:prefetcher_th, pg_diff==0
readahead_info: failed fd:6 TID:13777 err:-1
ERR:prefetcher_th, pg_diff==0
readahead_info: failed fd:6 TID:13768 err:-1
ERR:prefetcher_th, pg_diff==0
ENABLE_FILE_STATS in per_thread_ds
record_open: fd=8 filesize=214 is smaller than 5242880 bytes
record_open: fd=12 filesize=214 is smaller than 5242880 bytes
record_open: fd=8 filesize=214 is smaller than 5242880 bytes
record_open: fd=8 filesize=214 is smaller than 5242880 bytes
record_open: fd=8 filesize=214 is smaller than 5242880 bytes
record_open: fd=8 filesize=214 is smaller than 5242880 bytes
record_open: fd=8 filesize=214 is smaller than 5242880 bytes
record_open: fd=8 filesize=214 is smaller than 5242880 bytes
record_open: fd=8 filesize=214 is smaller than 5242880 bytes
record_open: fd=8 filesize=214 is smaller than 5242880 bytes
record_open: fd=8 filesize=214 is smaller than 5242880 bytes
record_open: fd=8 filesize=214 is smaller than 5242880 bytes
record_open: fd=10 filesize=214 is smaller than 5242880 bytes
record_open: fd=8 filesize=214 is smaller than 5242880 bytes
record_open: fd=8 filesize=214 is smaller than 5242880 bytes
record_open: fd=8 filesize=214 is smaller than 5242880 bytes
record_open: fd=8 filesize=214 is smaller than 5242880 bytes
record_open: fd=8 filesize=214 is smaller than 5242880 bytes
record_open: fd=8 filesize=214 is smaller than 5242880 bytes
record_open: fd=8 filesize=214 is smaller than 5242880 bytes
record_open: fd=8 filesize=214 is smaller than 5242880 bytes
record_open: fd=8 filesize=214 is smaller than 5242880 bytes
record_open: fd=8 filesize=214 is smaller than 5242880 bytes
record_open: fd=8 filesize=214 is smaller than 5242880 bytes
record_open: fd=8 filesize=214 is smaller than 5242880 bytes
record_open: fd=8 filesize=214 is smaller than 5242880 bytes
record_open: fd=8 filesize=214 is smaller than 5242880 bytes
record_open: fd=8 filesize=214 is smaller than 5242880 bytes
record_open: fd=8 filesize=214 is smaller than 5242880 bytes
record_open: fd=8 filesize=214 is smaller than 5242880 bytes
record_open: fd=8 filesize=214 is smaller than 5242880 bytes
record_open: fd=8 filesize=214 is smaller than 5242880 bytes
-------- Aggregate Performance --------
 READ Restart Perf: 2561.56 BW[MB/s] 49445306368 Bytes 18.4086 MaxTime[sec] 
Total nr_ra = 62
Total nr_bytes_ra = 260046848
DESTRUCTOR GETTING CALLED 
PRINT_GLOBAL_STATS in dest
PRINT_GLOBAL_LIB_STATS in dest
Total nr_ra = 62
Total nr_bytes_ra = 260046848
DESTRUCTOR GETTING CALLED 
PRINT_GLOBAL_STATS in dest
PRINT_GLOBAL_LIB_STATS in dest
Total nr_ra = 62
Total nr_bytes_ra = 260046848
DESTRUCTOR GETTING CALLED 
PRINT_GLOBAL_STATS in dest
PRINT_GLOBAL_LIB_STATS in dest
Total nr_ra = 61
Total nr_bytes_ra = 255852544
Total nr_ra = 62
Total nr_bytes_ra = 260046848
Total nr_ra = 61
Total nr_bytes_ra = 255852544
Total nr_ra = 61
Total nr_bytes_ra = 255852544
Total nr_ra = 61
Total nr_bytes_ra = 255852544
Total nr_ra = 63
Total nr_bytes_ra = 264241152
DESTRUCTOR GETTING CALLED 
PRINT_GLOBAL_STATS in dest
PRINT_GLOBAL_LIB_STATS in dest
DESTRUCTOR GETTING CALLED 
PRINT_GLOBAL_STATS in dest
PRINT_GLOBAL_LIB_STATS in dest
DESTRUCTOR GETTING CALLED 
PRINT_GLOBAL_STATS in dest
PRINT_GLOBAL_LIB_STATS in dest
DESTRUCTOR GETTING CALLED 
PRINT_GLOBAL_STATS in dest
PRINT_GLOBAL_LIB_STATS in dest
DESTRUCTOR GETTING CALLED 
PRINT_GLOBAL_STATS in dest
PRINT_GLOBAL_LIB_STATS in dest
DESTRUCTOR GETTING CALLED 
PRINT_GLOBAL_STATS in dest
PRINT_GLOBAL_LIB_STATS in dest
Total nr_ra = 68
Total nr_bytes_ra = 285212672
Total nr_ra = 61
Total nr_bytes_ra = 255852544
Total nr_ra = 61
Total nr_bytes_ra = 255852544
Total nr_ra = 62
Total nr_bytes_ra = 260046848
Total nr_ra = 62
Total nr_bytes_ra = 260046848
Total nr_ra = 61
Total nr_bytes_ra = 255852544
Total nr_ra = 61
Total nr_bytes_ra = 255852544
Total nr_ra = 62
Total nr_bytes_ra = 260046848
Total nr_ra = 62
Total nr_bytes_ra = 260046848
Total nr_ra = 62
Total nr_bytes_ra = 260046848
Total nr_ra = 61
Total nr_bytes_ra = 255852544
DESTRUCTOR GETTING CALLED 
PRINT_GLOBAL_STATS in dest
PRINT_GLOBAL_LIB_STATS in dest
DESTRUCTOR GETTING CALLED 
PRINT_GLOBAL_STATS in dest
PRINT_GLOBAL_LIB_STATS in dest
DESTRUCTOR GETTING CALLED 
PRINT_GLOBAL_STATS in dest
PRINT_GLOBAL_LIB_STATS in dest
DESTRUCTOR GETTING CALLED 
PRINT_GLOBAL_STATS in dest
PRINT_GLOBAL_LIB_STATS in dest
DESTRUCTOR GETTING CALLED 
PRINT_GLOBAL_STATS in dest
PRINT_GLOBAL_LIB_STATS in dest
DESTRUCTOR GETTING CALLED 
PRINT_GLOBAL_STATS in dest
PRINT_GLOBAL_LIB_STATS in dest
DESTRUCTOR GETTING CALLED 
PRINT_GLOBAL_STATS in dest
PRINT_GLOBAL_LIB_STATS in dest
DESTRUCTOR GETTING CALLED 
PRINT_GLOBAL_STATS in dest
PRINT_GLOBAL_LIB_STATS in dest
DESTRUCTOR GETTING CALLED 
PRINT_GLOBAL_STATS in dest
PRINT_GLOBAL_LIB_STATS in dest
DESTRUCTOR GETTING CALLED 
PRINT_GLOBAL_STATS in dest
PRINT_GLOBAL_LIB_STATS in dest
DESTRUCTOR GETTING CALLED 
PRINT_GLOBAL_STATS in dest
PRINT_GLOBAL_LIB_STATS in dest
Total nr_ra = 62
Total nr_bytes_ra = 260046848
DESTRUCTOR GETTING CALLED 
PRINT_GLOBAL_STATS in dest
PRINT_GLOBAL_LIB_STATS in dest
DESTRUCTOR GETTING CALLED 
PRINT_GLOBAL_STATS in dest
PRINT_GLOBAL_LIB_STATS in dest
Total nr_ra = 61
Total nr_bytes_ra = 255852544
Total nr_ra = 61
Total nr_bytes_ra = 255852544
DESTRUCTOR GETTING CALLED 
PRINT_GLOBAL_STATS in dest
PRINT_GLOBAL_LIB_STATS in dest
DESTRUCTOR GETTING CALLED 
PRINT_GLOBAL_STATS in dest
PRINT_GLOBAL_LIB_STATS in dest
Total nr_ra = 61
Total nr_bytes_ra = 255852544
DESTRUCTOR GETTING CALLED 
Total nr_ra = 62
Total nr_bytes_ra = 260046848
PRINT_GLOBAL_STATS in dest
PRINT_GLOBAL_LIB_STATS in dest
DESTRUCTOR GETTING CALLED 
PRINT_GLOBAL_STATS in dest
PRINT_GLOBAL_LIB_STATS in dest
Total nr_ra = 61
Total nr_bytes_ra = 255852544
DESTRUCTOR GETTING CALLED 
Total nr_ra = 61
Total nr_bytes_ra = 255852544
PRINT_GLOBAL_STATS in dest
PRINT_GLOBAL_LIB_STATS in dest
DESTRUCTOR GETTING CALLED 
DESTRUCTOR GETTING CALLED 
DESTRUCTOR GETTING CALLED 
PRINT_GLOBAL_STATS in dest
PRINT_GLOBAL_LIB_STATS in dest
DESTRUCTOR GETTING CALLED 
Total nr_ra = 61
Total nr_bytes_ra = 255852544
Total nr_ra = 62
Total nr_bytes_ra = 260046848
PRINT_GLOBAL_STATS in dest
PRINT_GLOBAL_LIB_STATS in dest
PRINT_GLOBAL_STATS in dest
PRINT_GLOBAL_LIB_STATS in dest
PRINT_GLOBAL_STATS in dest
PRINT_GLOBAL_LIB_STATS in dest
Total nr_ra = 62
Total nr_bytes_ra = 260046848
Total nr_ra = 62
Total nr_bytes_ra = 260046848
Total nr_ra = 61
Total nr_bytes_ra = 255852544
DESTRUCTOR GETTING CALLED 
PRINT_GLOBAL_STATS in dest
PRINT_GLOBAL_LIB_STATS in dest
[31876.270931] sh (13716): drop_caches: 3
[31876.334502] sh (13721): drop_caches: 3
[31876.379069] write_proc_unbounded: Value of write = 1
[31876.379072] write_proc_unbounded: Value of write = 1
[31876.379096] write_proc_2mb_limit: Value of write = 1
[31876.379108] write_proc_2mb_limit: Value of write = 1
[31876.379112] write_proc_bitmap_shift: Value of write = 37
[31876.379122] write_proc_unbounded: Value of write = 1
[31876.379124] write_proc_bitmap_shift: Value of write = 37
[31876.379137] write_proc_2mb_limit: Value of write = 1
[31876.379137] write_proc_unbounded: Value of write = 1
[31876.379144] write_proc_bitmap_shift: Value of write = 37
[31876.379155] write_proc_2mb_limit: Value of write = 1
[31876.379159] write_proc_unbounded: Value of write = 1
[31876.379166] write_proc_bitmap_shift: Value of write = 37
[31876.379173] write_proc_unbounded: Value of write = 1
[31876.379174] write_proc_2mb_limit: Value of write = 1
[31876.379172] write_proc_unbounded: Value of write = 1
[31876.379176] write_proc_unbounded: Value of write = 1
[31876.379189] write_proc_unbounded: Value of write = 1
[31876.379189] write_proc_unbounded: Value of write = 1
[31876.379191] write_proc_bitmap_shift: Value of write = 37
[31876.379191] write_proc_unbounded: Value of write = 1
[31876.379192] write_proc_2mb_limit: Value of write = 1
[31876.379196] write_proc_2mb_limit: Value of write = 1
[31876.379197] write_proc_2mb_limit: Value of write = 1
[31876.379205] write_proc_bitmap_shift: Value of write = 37
[31876.379208] write_proc_2mb_limit: Value of write = 1
[31876.379210] write_proc_2mb_limit: Value of write = 1
[31876.379215] write_proc_unbounded: Value of write = 1
[31876.379216] write_proc_2mb_limit: Value of write = 1
[31876.379218] write_proc_unbounded: Value of write = 1
[31876.379218] write_proc_bitmap_shift: Value of write = 37
[31876.379221] write_proc_bitmap_shift: Value of write = 37
[31876.379223] write_proc_bitmap_shift: Value of write = 37
[31876.379224] write_proc_bitmap_shift: Value of write = 37
[31876.379225] write_proc_2mb_limit: Value of write = 1
[31876.379226] write_proc_bitmap_shift: Value of write = 37
[31876.379226] write_proc_unbounded: Value of write = 1
[31876.379232] write_proc_2mb_limit: Value of write = 1
[31876.379233] write_proc_bitmap_shift: Value of write = 37
[31876.379240] write_proc_bitmap_shift: Value of write = 37
[31876.379240] write_proc_2mb_limit: Value of write = 1
[31876.379247] write_proc_unbounded: Value of write = 1
[31876.379248] write_proc_bitmap_shift: Value of write = 37
[31876.379261] write_proc_2mb_limit: Value of write = 1
[31876.379266] write_proc_bitmap_shift: Value of write = 37
[31876.379279] write_proc_unbounded: Value of write = 1
[31876.379280] write_proc_unbounded: Value of write = 1
[31876.379281] write_proc_unbounded: Value of write = 1
[31876.379289] write_proc_2mb_limit: Value of write = 1
[31876.379289] write_proc_2mb_limit: Value of write = 1
[31876.379292] write_proc_2mb_limit: Value of write = 1
[31876.379296] write_proc_bitmap_shift: Value of write = 37
[31876.379296] write_proc_bitmap_shift: Value of write = 37
[31876.379300] write_proc_bitmap_shift: Value of write = 37
[31876.379326] write_proc_unbounded: Value of write = 1
[31876.379340] write_proc_2mb_limit: Value of write = 1
[31876.379345] write_proc_bitmap_shift: Value of write = 37
[31876.379350] write_proc_unbounded: Value of write = 1
[31876.379356] write_proc_unbounded: Value of write = 1
[31876.379372] write_proc_2mb_limit: Value of write = 1
[31876.379374] write_proc_2mb_limit: Value of write = 1
[31876.379388] write_proc_bitmap_shift: Value of write = 37
[31876.379387] write_proc_bitmap_shift: Value of write = 37
[31876.379390] write_proc_unbounded: Value of write = 1
[31876.379396] write_proc_unbounded: Value of write = 1
[31876.379401] write_proc_unbounded: Value of write = 1
[31876.379404] write_proc_2mb_limit: Value of write = 1
[31876.379412] write_proc_unbounded: Value of write = 1
[31876.379414] write_proc_2mb_limit: Value of write = 1
[31876.379414] write_proc_2mb_limit: Value of write = 1
[31876.379423] write_proc_bitmap_shift: Value of write = 37
[31876.379426] write_proc_2mb_limit: Value of write = 1
[31876.379431] write_proc_bitmap_shift: Value of write = 37
[31876.379431] write_proc_bitmap_shift: Value of write = 37
[31876.379436] write_proc_bitmap_shift: Value of write = 37
[31876.379436] write_proc_unbounded: Value of write = 1
[31876.379444] write_proc_unbounded: Value of write = 1
[31876.379451] write_proc_2mb_limit: Value of write = 1
[31876.379456] write_proc_2mb_limit: Value of write = 1
[31876.379459] write_proc_bitmap_shift: Value of write = 37
[31876.379469] write_proc_bitmap_shift: Value of write = 37
[31876.379479] write_proc_unbounded: Value of write = 1
[31876.379486] write_proc_2mb_limit: Value of write = 1
[31876.379490] write_proc_bitmap_shift: Value of write = 37
[31876.379497] write_proc_unbounded: Value of write = 1
[31876.379500] write_proc_unbounded: Value of write = 1
[31876.379501] write_proc_unbounded: Value of write = 1
[31876.379508] write_proc_2mb_limit: Value of write = 1
[31876.379509] write_proc_2mb_limit: Value of write = 1
[31876.379517] write_proc_2mb_limit: Value of write = 1
[31876.379520] write_proc_bitmap_shift: Value of write = 37
[31876.379520] write_proc_bitmap_shift: Value of write = 37
[31876.379527] write_proc_bitmap_shift: Value of write = 37
[31876.379536] write_proc_unbounded: Value of write = 1
[31876.379543] write_proc_2mb_limit: Value of write = 1
[31876.379547] write_proc_bitmap_shift: Value of write = 37
[31895.131924] write_proc_unbounded: Value of write = 0
[31895.131941] write_proc_2mb_limit: Value of write = 0
[31895.132019] write_proc_unbounded: Value of write = 0
[31895.132037] write_proc_2mb_limit: Value of write = 0
[31895.132071] write_proc_unbounded: Value of write = 0
[31895.132101] write_proc_2mb_limit: Value of write = 0
[31895.132480] write_proc_unbounded: Value of write = 0
[31895.132493] write_proc_2mb_limit: Value of write = 0
[31895.132574] write_proc_unbounded: Value of write = 0
[31895.132584] write_proc_2mb_limit: Value of write = 0
[31895.132592] write_proc_unbounded: Value of write = 0
[31895.132606] write_proc_2mb_limit: Value of write = 0
[31895.132665] write_proc_unbounded: Value of write = 0
[31895.132683] write_proc_2mb_limit: Value of write = 0
[31895.132713] write_proc_unbounded: Value of write = 0
[31895.132721] write_proc_2mb_limit: Value of write = 0
[31895.132770] write_proc_unbounded: Value of write = 0
[31895.132777] write_proc_2mb_limit: Value of write = 0
[31895.132789] write_proc_unbounded: Value of write = 0
[31895.132800] write_proc_2mb_limit: Value of write = 0
[31895.132851] write_proc_unbounded: Value of write = 0
[31895.132865] write_proc_2mb_limit: Value of write = 0
[31895.132945] write_proc_unbounded: Value of write = 0
[31895.132956] write_proc_2mb_limit: Value of write = 0
[31895.132966] write_proc_unbounded: Value of write = 0
[31895.132974] write_proc_2mb_limit: Value of write = 0
[31895.133082] write_proc_unbounded: Value of write = 0
[31895.133086] write_proc_2mb_limit: Value of write = 0
[31895.133086] write_proc_unbounded: Value of write = 0
[31895.133091] write_proc_2mb_limit: Value of write = 0
[31895.133166] write_proc_unbounded: Value of write = 0
[31895.133164] write_proc_unbounded: Value of write = 0
[31895.133164] write_proc_unbounded: Value of write = 0
[31895.133184] write_proc_2mb_limit: Value of write = 0
[31895.133184] write_proc_2mb_limit: Value of write = 0
[31895.133187] write_proc_2mb_limit: Value of write = 0
[31895.133306] write_proc_unbounded: Value of write = 0
[31895.133325] write_proc_2mb_limit: Value of write = 0
[31895.133387] write_proc_unbounded: Value of write = 0
[31895.133399] write_proc_2mb_limit: Value of write = 0
[31895.133489] write_proc_unbounded: Value of write = 0
[31895.133497] write_proc_2mb_limit: Value of write = 0
[31895.133605] write_proc_unbounded: Value of write = 0
[31895.133615] write_proc_2mb_limit: Value of write = 0
[31895.133713] write_proc_unbounded: Value of write = 0
[31895.133713] write_proc_unbounded: Value of write = 0
[31895.133722] write_proc_2mb_limit: Value of write = 0
[31895.133722] write_proc_2mb_limit: Value of write = 0
[31895.133899] write_proc_unbounded: Value of write = 0
[31895.133906] write_proc_2mb_limit: Value of write = 0
[31895.134063] write_proc_unbounded: Value of write = 0
[31895.134073] write_proc_2mb_limit: Value of write = 0
[31895.134129] write_proc_unbounded: Value of write = 0
[31895.134136] write_proc_2mb_limit: Value of write = 0
[31895.134192] write_proc_unbounded: Value of write = 0
[31895.134192] write_proc_unbounded: Value of write = 0
[31895.134203] write_proc_2mb_limit: Value of write = 0
[31895.134203] write_proc_2mb_limit: Value of write = 0
[31895.134205] write_proc_unbounded: Value of write = 0
[31895.134207] write_proc_unbounded: Value of write = 0
[31895.134213] write_proc_2mb_limit: Value of write = 0
[31895.134216] write_proc_2mb_limit: Value of write = 0
[31895.134306] write_proc_unbounded: Value of write = 0
[31895.134316] write_proc_2mb_limit: Value of write = 0
