Received signal 11 (Segmentation fault)
Command terminated by signal 11
	Command being timed: "./db_bench --db=/users/kannan11/ssd/prefetching/appbench/apps/rocksdb/DATA --value_size=4096 --wal_dir=/users/kannan11/ssd/prefetching/appbench/apps/rocksdb/DATA/WAL_LOG --sync=0 --key_size=1000 --write_buffer_size=67108864 --num=20000000 --seed=1576170874 --benchmarks=readwhilescanning --use_existing_db=1 --mmap_read=0 --threads=16"
	User time (seconds): 0.02
	System time (seconds): 0.51
	Percent of CPU this job got: 198%
	Elapsed (wall clock) time (h:mm:ss or m:ss): 0:00.27
	Average shared text size (kbytes): 0
	Average unshared data size (kbytes): 0
	Average stack size (kbytes): 0
	Average total size (kbytes): 0
	Maximum resident set size (kbytes): 44676
	Average resident set size (kbytes): 0
	Major (requiring I/O) page faults: 82
	Minor (reclaiming a frame) page faults: 10038
	Voluntary context switches: 619
	Involuntary context switches: 13
	Swaps: 0
	File system inputs: 600432
	File system outputs: 72
	Socket messages sent: 0
	Socket messages received: 0
	Signals delivered: 0
	Page size (bytes): 4096
	Exit status: 0
DESTRUCTOR GETTING CALLED 
PRINT_GLOBAL_LIB_STATS in dest
Total nr_ra = 0
Total nr_bytes_ra = 0
[ 7657.922794] sh (14535): drop_caches: 3
[ 7657.969299] sh (14540): drop_caches: 3
[ 7663.002257] write_proc_unbounded: Value of write = 0
[ 7663.002270] write_proc_2mb_limit: Value of write = 0
[ 7663.002276] write_proc_bitmap_shift: Value of write = 38
[ 7663.010744] write_proc_unbounded: Value of write = 0
[ 7663.010758] write_proc_2mb_limit: Value of write = 0
[ 7663.010764] write_proc_bitmap_shift: Value of write = 38
[ 7663.269745] traps: db_bench[14593] general protection fault ip:7f51883e7250 sp:7f51804a5aa0 error:0
[ 7663.269756] traps: db_bench[14596] general protection fault ip:7f51883e7250 sp:7f517ea56aa0 error:0
[ 7663.269760]  in lib_Cross_Blind.so[7f51883e2000+a000]
[ 7663.269770]  in lib_Cross_Blind.so[7f51883e2000+a000]
[ 7663.276856] write_proc_unbounded: Value of write = 0
[ 7663.276862] write_proc_2mb_limit: Value of write = 0
