ENABLE_FILE_STATS in con
ENABLE_FILE_STATS in con
RocksDB:    version 6.20
Date:       Wed Aug 10 18:37:32 2022
CPU:        48 * AMD EPYC 7402P 24-Core Processor
CPUCache:   512 KB
Initializing RocksDB Options from the specified file
Initializing RocksDB Options from command-line flags
Keys:       1000 bytes each (+ 0 bytes user-defined timestamp)
Values:     4096 bytes each (2048 bytes after compression)
Entries:    2000000
Prefix:    0 bytes
Keys per prefix:    0
RawSize:    9719.8 MB (estimated)
FileSize:   5813.6 MB (estimated)
Write rate: 0 bytes/second
Read rate: 0 ops/second
Compression: Snappy
Compression sampling rate: 0
Memtablerep: skip_list
Perf Level: 1
------------------------------------------------
DB path: [/users/kannan11/ssd/sudarsun/prefetching/appbench/apps/rocksdb/DATA]
readseq      :   17526.000 micros/op 1026 ops/sec;
DESTRUCTOR GETTING CALLED 
PRINT_GLOBAL_STATS in dest
	Command being timed: "./db_bench --db=/users/kannan11/ssd/sudarsun/prefetching/appbench/apps/rocksdb/DATA --value_size=4096 --wal_dir=/users/kannan11/ssd/sudarsun/prefetching/appbench/apps/rocksdb/DATA/WAL_LOG --sync=0 --key_size=1000 --write_buffer_size=67108864 --num=2000000 --benchmarks=readseq --use_existing_db=1 --mmap_read=0 --threads=32"
	User time (seconds): 0.22
	System time (seconds): 6.02
	Percent of CPU this job got: 373%
	Elapsed (wall clock) time (h:mm:ss or m:ss): 0:01.67
	Average shared text size (kbytes): 0
	Average unshared data size (kbytes): 0
	Average stack size (kbytes): 0
	Average total size (kbytes): 0
	Maximum resident set size (kbytes): 6206904
	Average resident set size (kbytes): 0
	Major (requiring I/O) page faults: 82
	Minor (reclaiming a frame) page faults: 1550466
	Voluntary context switches: 4481
	Involuntary context switches: 28
	Swaps: 0
	File system inputs: 127016
	File system outputs: 1664
	Socket messages sent: 0
	Socket messages received: 0
	Signals delivered: 0
	Page size (bytes): 4096
	Exit status: 0
DESTRUCTOR GETTING CALLED 
PRINT_GLOBAL_STATS in dest
[ 9535.482076] free_cross_bitmap: releasing mem for inode with i_count 2
[ 9535.489431] free_cross_bitmap: releasing mem for inode with i_count 2
[ 9535.496407] free_cross_bitmap: releasing mem for inode with i_count 2
[ 9535.503539] free_cross_bitmap: releasing mem for inode with i_count 2
[ 9535.510482] free_cross_bitmap: releasing mem for inode with i_count 2
[ 9535.517445] free_cross_bitmap: releasing mem for inode with i_count 2
[ 9535.524438] free_cross_bitmap: releasing mem for inode with i_count 2
[ 9535.531427] free_cross_bitmap: releasing mem for inode with i_count 2
[ 9535.538394] free_cross_bitmap: releasing mem for inode with i_count 2
[ 9535.545697] free_cross_bitmap: releasing mem for inode with i_count 2
[ 9535.552903] free_cross_bitmap: releasing mem for inode with i_count 2
[ 9535.559875] free_cross_bitmap: releasing mem for inode with i_count 2
[ 9535.567158] free_cross_bitmap: releasing mem for inode with i_count 2
[ 9535.574058] free_cross_bitmap: releasing mem for inode with i_count 2
[ 9535.581274] free_cross_bitmap: releasing mem for inode with i_count 2
[ 9535.588384] free_cross_bitmap: releasing mem for inode with i_count 2
[ 9535.595625] free_cross_bitmap: releasing mem for inode with i_count 2
[ 9535.602621] free_cross_bitmap: releasing mem for inode with i_count 2
[ 9535.609637] free_cross_bitmap: releasing mem for inode with i_count 2
[ 9535.616835] free_cross_bitmap: releasing mem for inode with i_count 2
[ 9535.624099] free_cross_bitmap: releasing mem for inode with i_count 2
[ 9535.631418] free_cross_bitmap: releasing mem for inode with i_count 2
[ 9535.638388] free_cross_bitmap: releasing mem for inode with i_count 2
[ 9535.645398] free_cross_bitmap: releasing mem for inode with i_count 2
[ 9535.652295] free_cross_bitmap: releasing mem for inode with i_count 2
[ 9535.659319] free_cross_bitmap: releasing mem for inode with i_count 2
[ 9535.666492] free_cross_bitmap: releasing mem for inode with i_count 2
[ 9535.673812] free_cross_bitmap: releasing mem for inode with i_count 2
[ 9535.680749] free_cross_bitmap: releasing mem for inode with i_count 2
[ 9535.688061] free_cross_bitmap: releasing mem for inode with i_count 2
[ 9535.695244] free_cross_bitmap: releasing mem for inode with i_count 2
[ 9535.702402] free_cross_bitmap: releasing mem for inode with i_count 2
[ 9535.709349] free_cross_bitmap: releasing mem for inode with i_count 2
[ 9535.716854] free_cross_bitmap: releasing mem for inode with i_count 2
[ 9535.724144] free_cross_bitmap: releasing mem for inode with i_count 2
[ 9535.731312] free_cross_bitmap: releasing mem for inode with i_count 2
[ 9535.738275] free_cross_bitmap: releasing mem for inode with i_count 2
[ 9535.745438] free_cross_bitmap: releasing mem for inode with i_count 2
[ 9535.752410] free_cross_bitmap: releasing mem for inode with i_count 2
[ 9535.759632] free_cross_bitmap: releasing mem for inode with i_count 2
[ 9535.766691] free_cross_bitmap: releasing mem for inode with i_count 2
[ 9535.773704] free_cross_bitmap: releasing mem for inode with i_count 2
[ 9535.780704] free_cross_bitmap: releasing mem for inode with i_count 2
[ 9535.787742] free_cross_bitmap: releasing mem for inode with i_count 2
[ 9535.794747] free_cross_bitmap: releasing mem for inode with i_count 2
[ 9535.802044] free_cross_bitmap: releasing mem for inode with i_count 2
[ 9535.809001] free_cross_bitmap: releasing mem for inode with i_count 2
[ 9535.816018] free_cross_bitmap: releasing mem for inode with i_count 2
[ 9535.823011] free_cross_bitmap: releasing mem for inode with i_count 2
[ 9535.829976] free_cross_bitmap: releasing mem for inode with i_count 2
[ 9535.836951] free_cross_bitmap: releasing mem for inode with i_count 2
[ 9535.844228] free_cross_bitmap: releasing mem for inode with i_count 2
[ 9535.851307] free_cross_bitmap: releasing mem for inode with i_count 2
[ 9535.858330] free_cross_bitmap: releasing mem for inode with i_count 2
[ 9535.865284] free_cross_bitmap: releasing mem for inode with i_count 2
[ 9535.872347] free_cross_bitmap: releasing mem for inode with i_count 2
[ 9535.879373] free_cross_bitmap: releasing mem for inode with i_count 2
[ 9535.886812] free_cross_bitmap: releasing mem for inode with i_count 2
[ 9535.893787] free_cross_bitmap: releasing mem for inode with i_count 2
[ 9535.900750] free_cross_bitmap: releasing mem for inode with i_count 2
[ 9535.907772] free_cross_bitmap: releasing mem for inode with i_count 2
[ 9535.914716] free_cross_bitmap: releasing mem for inode with i_count 2
[ 9535.921713] free_cross_bitmap: releasing mem for inode with i_count 2
[ 9535.929185] free_cross_bitmap: releasing mem for inode with i_count 2
[ 9535.936122] free_cross_bitmap: releasing mem for inode with i_count 2
[ 9535.943045] free_cross_bitmap: releasing mem for inode with i_count 2
[ 9535.950036] free_cross_bitmap: releasing mem for inode with i_count 2
[ 9535.957004] free_cross_bitmap: releasing mem for inode with i_count 2
[ 9535.964016] free_cross_bitmap: releasing mem for inode with i_count 2
[ 9535.971305] free_cross_bitmap: releasing mem for inode with i_count 2
[ 9535.978266] free_cross_bitmap: releasing mem for inode with i_count 2
[ 9535.985175] free_cross_bitmap: releasing mem for inode with i_count 2
[ 9535.992151] free_cross_bitmap: releasing mem for inode with i_count 2
[ 9535.999092] free_cross_bitmap: releasing mem for inode with i_count 2
[ 9536.006039] free_cross_bitmap: releasing mem for inode with i_count 2
[ 9536.013276] free_cross_bitmap: releasing mem for inode with i_count 2
[ 9536.020231] free_cross_bitmap: releasing mem for inode with i_count 2
[ 9536.027207] free_cross_bitmap: releasing mem for inode with i_count 2
[ 9536.034193] free_cross_bitmap: releasing mem for inode with i_count 2
[ 9536.041145] free_cross_bitmap: releasing mem for inode with i_count 2
[ 9536.048102] free_cross_bitmap: releasing mem for inode with i_count 2
[ 9536.055305] free_cross_bitmap: releasing mem for inode with i_count 2
[ 9536.062284] free_cross_bitmap: releasing mem for inode with i_count 2
[ 9536.069277] free_cross_bitmap: releasing mem for inode with i_count 2
[ 9536.076192] free_cross_bitmap: releasing mem for inode with i_count 2
[ 9536.083162] free_cross_bitmap: releasing mem for inode with i_count 2
[ 9536.090080] free_cross_bitmap: releasing mem for inode with i_count 2
[ 9536.097328] free_cross_bitmap: releasing mem for inode with i_count 2
[ 9536.104317] free_cross_bitmap: releasing mem for inode with i_count 2
[ 9536.111273] free_cross_bitmap: releasing mem for inode with i_count 2
[ 9536.118235] free_cross_bitmap: releasing mem for inode with i_count 2
[ 9536.125227] free_cross_bitmap: releasing mem for inode with i_count 2
[ 9536.132216] free_cross_bitmap: releasing mem for inode with i_count 2
[ 9536.139500] free_cross_bitmap: releasing mem for inode with i_count 2
[ 9536.146496] free_cross_bitmap: releasing mem for inode with i_count 2
[ 9536.153461] free_cross_bitmap: releasing mem for inode with i_count 2
[ 9536.160374] free_cross_bitmap: releasing mem for inode with i_count 2
[ 9536.167295] free_cross_bitmap: releasing mem for inode with i_count 2
[ 9536.174272] free_cross_bitmap: releasing mem for inode with i_count 2
[ 9536.181509] free_cross_bitmap: releasing mem for inode with i_count 2
[ 9536.188435] free_cross_bitmap: releasing mem for inode with i_count 2
[ 9536.195380] free_cross_bitmap: releasing mem for inode with i_count 2
[ 9536.202402] free_cross_bitmap: releasing mem for inode with i_count 2
[ 9536.209409] free_cross_bitmap: releasing mem for inode with i_count 2
[ 9536.216395] free_cross_bitmap: releasing mem for inode with i_count 2
[ 9536.223776] free_cross_bitmap: releasing mem for inode with i_count 2
[ 9536.230744] free_cross_bitmap: releasing mem for inode with i_count 2
[ 9536.237662] free_cross_bitmap: releasing mem for inode with i_count 2
[ 9536.244661] free_cross_bitmap: releasing mem for inode with i_count 2
[ 9536.251617] free_cross_bitmap: releasing mem for inode with i_count 2
[ 9536.258675] free_cross_bitmap: releasing mem for inode with i_count 2
[ 9536.265905] free_cross_bitmap: releasing mem for inode with i_count 2
[ 9536.272883] free_cross_bitmap: releasing mem for inode with i_count 2
[ 9536.279814] free_cross_bitmap: releasing mem for inode with i_count 2
[ 9536.286780] free_cross_bitmap: releasing mem for inode with i_count 2
[ 9536.293840] free_cross_bitmap: releasing mem for inode with i_count 2
[ 9536.300810] free_cross_bitmap: releasing mem for inode with i_count 2
[ 9536.308112] free_cross_bitmap: releasing mem for inode with i_count 2
[ 9536.315082] free_cross_bitmap: releasing mem for inode with i_count 2
[ 9536.322027] free_cross_bitmap: releasing mem for inode with i_count 2
[ 9536.329000] free_cross_bitmap: releasing mem for inode with i_count 2
[ 9536.335961] free_cross_bitmap: releasing mem for inode with i_count 2
[ 9536.342946] free_cross_bitmap: releasing mem for inode with i_count 2
[ 9536.350273] free_cross_bitmap: releasing mem for inode with i_count 2
[ 9536.357195] free_cross_bitmap: releasing mem for inode with i_count 2
[ 9536.364184] free_cross_bitmap: releasing mem for inode with i_count 2
[ 9536.371163] free_cross_bitmap: releasing mem for inode with i_count 2
[ 9536.378052] free_cross_bitmap: releasing mem for inode with i_count 2
[ 9536.384960] free_cross_bitmap: releasing mem for inode with i_count 2
[ 9536.392237] free_cross_bitmap: releasing mem for inode with i_count 2
[ 9536.399159] free_cross_bitmap: releasing mem for inode with i_count 2
[ 9536.406077] free_cross_bitmap: releasing mem for inode with i_count 2
[ 9536.413004] free_cross_bitmap: releasing mem for inode with i_count 2
[ 9536.419945] free_cross_bitmap: releasing mem for inode with i_count 2
[ 9536.426875] free_cross_bitmap: releasing mem for inode with i_count 2
[ 9536.434189] free_cross_bitmap: releasing mem for inode with i_count 2
[ 9536.441106] free_cross_bitmap: releasing mem for inode with i_count 2
[ 9536.448049] free_cross_bitmap: releasing mem for inode with i_count 2
[ 9536.454982] free_cross_bitmap: releasing mem for inode with i_count 2
[ 9536.461892] free_cross_bitmap: releasing mem for inode with i_count 2
[ 9536.468802] free_cross_bitmap: releasing mem for inode with i_count 2
[ 9536.476005] free_cross_bitmap: releasing mem for inode with i_count 2
[ 9536.482919] free_cross_bitmap: releasing mem for inode with i_count 2
[ 9536.489827] free_cross_bitmap: releasing mem for inode with i_count 2
[ 9536.496740] free_cross_bitmap: releasing mem for inode with i_count 2
[ 9536.503634] free_cross_bitmap: releasing mem for inode with i_count 2
[ 9536.510581] free_cross_bitmap: releasing mem for inode with i_count 2
[ 9536.517911] free_cross_bitmap: releasing mem for inode with i_count 2
[ 9536.524878] free_cross_bitmap: releasing mem for inode with i_count 2
[ 9536.531834] free_cross_bitmap: releasing mem for inode with i_count 2
[ 9536.538754] free_cross_bitmap: releasing mem for inode with i_count 2
[ 9536.545694] free_cross_bitmap: releasing mem for inode with i_count 2
[ 9536.552576] free_cross_bitmap: releasing mem for inode with i_count 2
[ 9536.560024] free_cross_bitmap: releasing mem for inode with i_count 2
[ 9536.566931] free_cross_bitmap: releasing mem for inode with i_count 2
[ 9536.573842] free_cross_bitmap: releasing mem for inode with i_count 2
[ 9536.580753] free_cross_bitmap: releasing mem for inode with i_count 2
[ 9536.587647] free_cross_bitmap: releasing mem for inode with i_count 2
[ 9536.594571] free_cross_bitmap: releasing mem for inode with i_count 2
[ 9536.601873] free_cross_bitmap: releasing mem for inode with i_count 2
[ 9536.608813] free_cross_bitmap: releasing mem for inode with i_count 2
[ 9536.615719] free_cross_bitmap: releasing mem for inode with i_count 2
[ 9536.622708] free_cross_bitmap: releasing mem for inode with i_count 2
[ 9536.629644] free_cross_bitmap: releasing mem for inode with i_count 2
[ 9536.636607] free_cross_bitmap: releasing mem for inode with i_count 2
[ 9536.643895] free_cross_bitmap: releasing mem for inode with i_count 2
[ 9536.650823] free_cross_bitmap: releasing mem for inode with i_count 2
[ 9536.657780] free_cross_bitmap: releasing mem for inode with i_count 2
[ 9536.664716] free_cross_bitmap: releasing mem for inode with i_count 2
[ 9536.671670] free_cross_bitmap: releasing mem for inode with i_count 2
[ 9536.678592] free_cross_bitmap: releasing mem for inode with i_count 2
[ 9536.685888] free_cross_bitmap: releasing mem for inode with i_count 2
[ 9536.692826] free_cross_bitmap: releasing mem for inode with i_count 2
[ 9536.699712] free_cross_bitmap: releasing mem for inode with i_count 2
[ 9536.706648] free_cross_bitmap: releasing mem for inode with i_count 2
[ 9536.713576] free_cross_bitmap: releasing mem for inode with i_count 2
[ 9536.720493] free_cross_bitmap: releasing mem for inode with i_count 2
[ 9536.727830] free_cross_bitmap: releasing mem for inode with i_count 2
[ 9536.734750] free_cross_bitmap: releasing mem for inode with i_count 2
[ 9536.741687] free_cross_bitmap: releasing mem for inode with i_count 2
[ 9536.748626] free_cross_bitmap: releasing mem for inode with i_count 2
[ 9536.755523] free_cross_bitmap: releasing mem for inode with i_count 2
[ 9536.764333] free_cross_bitmap: releasing mem for inode with i_count 2
[ 9536.771859] sh (18825): drop_caches: 3
[ 9536.804264] sh (19013): drop_caches: 3
[ 9541.828584] Enabled file stats for time:19021
[ 9541.828802] write_proc: Value of write = 1
[ 9541.833085] Enabled file stats for db_bench:19030
[ 9541.833279] write_proc: Value of write = 1
[ 9541.885042] alloc_cross_bitmap: preallocate 268435456 pg, nr_longs=4194304 in 12 millisec
[ 9541.887612] alloc_cross_bitmap: preallocate 268435456 pg, nr_longs=4194304 in 12 millisec
[ 9541.887649] alloc_cross_bitmap: preallocate 268435456 pg, nr_longs=4194304 in 12 millisec
[ 9541.887747] alloc_cross_bitmap: preallocate 268435456 pg, nr_longs=4194304 in 16 millisec
[ 9541.889109] alloc_cross_bitmap: preallocate 268435456 pg, nr_longs=4194304 in 12 millisec
[ 9541.889754] alloc_cross_bitmap: preallocate 268435456 pg, nr_longs=4194304 in 12 millisec
[ 9541.889762] alloc_cross_bitmap: preallocate 268435456 pg, nr_longs=4194304 in 12 millisec
[ 9541.889801] alloc_cross_bitmap: preallocate 268435456 pg, nr_longs=4194304 in 12 millisec
[ 9541.890477] alloc_cross_bitmap: preallocate 268435456 pg, nr_longs=4194304 in 16 millisec
[ 9541.890517] alloc_cross_bitmap: preallocate 268435456 pg, nr_longs=4194304 in 16 millisec
[ 9541.890850] alloc_cross_bitmap: preallocate 268435456 pg, nr_longs=4194304 in 20 millisec
[ 9541.891069] alloc_cross_bitmap: preallocate 268435456 pg, nr_longs=4194304 in 16 millisec
[ 9541.891299] alloc_cross_bitmap: preallocate 268435456 pg, nr_longs=4194304 in 16 millisec
[ 9541.891305] alloc_cross_bitmap: preallocate 268435456 pg, nr_longs=4194304 in 16 millisec
[ 9541.891840] alloc_cross_bitmap: preallocate 268435456 pg, nr_longs=4194304 in 16 millisec
[ 9541.891852] alloc_cross_bitmap: preallocate 268435456 pg, nr_longs=4194304 in 16 millisec
[ 9541.910884] alloc_cross_bitmap: preallocate 268435456 pg, nr_longs=4194304 in 4 millisec
[ 9541.915486] alloc_cross_bitmap: preallocate 268435456 pg, nr_longs=4194304 in 4 millisec
[ 9541.916098] alloc_cross_bitmap: preallocate 268435456 pg, nr_longs=4194304 in 4 millisec
[ 9541.916844] alloc_cross_bitmap: preallocate 268435456 pg, nr_longs=4194304 in 4 millisec
[ 9541.920240] alloc_cross_bitmap: preallocate 268435456 pg, nr_longs=4194304 in 4 millisec
[ 9541.921987] alloc_cross_bitmap: preallocate 268435456 pg, nr_longs=4194304 in 4 millisec
[ 9541.922163] alloc_cross_bitmap: preallocate 268435456 pg, nr_longs=4194304 in 4 millisec
[ 9541.924541] alloc_cross_bitmap: preallocate 268435456 pg, nr_longs=4194304 in 8 millisec
[ 9541.925183] alloc_cross_bitmap: preallocate 268435456 pg, nr_longs=4194304 in 8 millisec
[ 9541.925823] alloc_cross_bitmap: preallocate 268435456 pg, nr_longs=4194304 in 8 millisec
[ 9541.925874] alloc_cross_bitmap: preallocate 268435456 pg, nr_longs=4194304 in 8 millisec
[ 9541.925921] alloc_cross_bitmap: preallocate 268435456 pg, nr_longs=4194304 in 8 millisec
[ 9541.925932] alloc_cross_bitmap: preallocate 268435456 pg, nr_longs=4194304 in 8 millisec
[ 9541.925942] alloc_cross_bitmap: preallocate 268435456 pg, nr_longs=4194304 in 8 millisec
[ 9541.932907] alloc_cross_bitmap: preallocate 268435456 pg, nr_longs=4194304 in 4 millisec
[ 9541.936824] alloc_cross_bitmap: preallocate 268435456 pg, nr_longs=4194304 in 4 millisec
[ 9541.939536] alloc_cross_bitmap: preallocate 268435456 pg, nr_longs=4194304 in 4 millisec
[ 9541.947857] alloc_cross_bitmap: preallocate 268435456 pg, nr_longs=4194304 in 4 millisec
[ 9541.951335] alloc_cross_bitmap: preallocate 268435456 pg, nr_longs=4194304 in 4 millisec
[ 9541.951783] alloc_cross_bitmap: preallocate 268435456 pg, nr_longs=4194304 in 4 millisec
[ 9541.951828] alloc_cross_bitmap: preallocate 268435456 pg, nr_longs=4194304 in 4 millisec
[ 9541.954233] alloc_cross_bitmap: preallocate 268435456 pg, nr_longs=4194304 in 8 millisec
[ 9541.957920] alloc_cross_bitmap: preallocate 268435456 pg, nr_longs=4194304 in 4 millisec
[ 9541.958312] alloc_cross_bitmap: preallocate 268435456 pg, nr_longs=4194304 in 8 millisec
[ 9541.960143] alloc_cross_bitmap: preallocate 268435456 pg, nr_longs=4194304 in 8 millisec
[ 9541.960284] alloc_cross_bitmap: preallocate 268435456 pg, nr_longs=4194304 in 8 millisec
[ 9541.960378] alloc_cross_bitmap: preallocate 268435456 pg, nr_longs=4194304 in 8 millisec
[ 9541.962409] alloc_cross_bitmap: preallocate 268435456 pg, nr_longs=4194304 in 8 millisec
[ 9541.962499] alloc_cross_bitmap: preallocate 268435456 pg, nr_longs=4194304 in 8 millisec
[ 9541.962668] alloc_cross_bitmap: preallocate 268435456 pg, nr_longs=4194304 in 4 millisec
[ 9541.965433] alloc_cross_bitmap: preallocate 268435456 pg, nr_longs=4194304 in 4 millisec
[ 9541.966009] alloc_cross_bitmap: preallocate 268435456 pg, nr_longs=4194304 in 4 millisec
[ 9541.968860] alloc_cross_bitmap: preallocate 268435456 pg, nr_longs=4194304 in 4 millisec
[ 9541.971549] alloc_cross_bitmap: preallocate 268435456 pg, nr_longs=4194304 in 4 millisec
[ 9541.971548] alloc_cross_bitmap: preallocate 268435456 pg, nr_longs=4194304 in 4 millisec
[ 9541.972828] alloc_cross_bitmap: preallocate 268435456 pg, nr_longs=4194304 in 4 millisec
[ 9541.974393] alloc_cross_bitmap: preallocate 268435456 pg, nr_longs=4194304 in 4 millisec
[ 9542.005354] alloc_cross_bitmap: preallocate 268435456 pg, nr_longs=4194304 in 4 millisec
[ 9542.008965] alloc_cross_bitmap: preallocate 268435456 pg, nr_longs=4194304 in 8 millisec
[ 9542.012744] alloc_cross_bitmap: preallocate 268435456 pg, nr_longs=4194304 in 8 millisec
[ 9542.013163] alloc_cross_bitmap: preallocate 268435456 pg, nr_longs=4194304 in 12 millisec
[ 9542.013535] alloc_cross_bitmap: preallocate 268435456 pg, nr_longs=4194304 in 12 millisec
[ 9542.013628] alloc_cross_bitmap: preallocate 268435456 pg, nr_longs=4194304 in 8 millisec
[ 9542.013667] alloc_cross_bitmap: preallocate 268435456 pg, nr_longs=4194304 in 8 millisec
[ 9542.014535] alloc_cross_bitmap: preallocate 268435456 pg, nr_longs=4194304 in 16 millisec
[ 9542.014790] alloc_cross_bitmap: preallocate 268435456 pg, nr_longs=4194304 in 12 millisec
[ 9542.014796] alloc_cross_bitmap: preallocate 268435456 pg, nr_longs=4194304 in 12 millisec
[ 9542.014852] alloc_cross_bitmap: preallocate 268435456 pg, nr_longs=4194304 in 12 millisec
[ 9542.014850] alloc_cross_bitmap: preallocate 268435456 pg, nr_longs=4194304 in 12 millisec
[ 9542.014882] alloc_cross_bitmap: preallocate 268435456 pg, nr_longs=4194304 in 12 millisec
[ 9542.014954] alloc_cross_bitmap: preallocate 268435456 pg, nr_longs=4194304 in 12 millisec
[ 9542.015086] alloc_cross_bitmap: preallocate 268435456 pg, nr_longs=4194304 in 12 millisec
[ 9542.026642] alloc_cross_bitmap: preallocate 268435456 pg, nr_longs=4194304 in 4 millisec
[ 9542.033571] alloc_cross_bitmap: preallocate 268435456 pg, nr_longs=4194304 in 4 millisec
[ 9542.043419] alloc_cross_bitmap: preallocate 268435456 pg, nr_longs=4194304 in 4 millisec
[ 9542.044776] alloc_cross_bitmap: preallocate 268435456 pg, nr_longs=4194304 in 4 millisec
[ 9542.045021] alloc_cross_bitmap: preallocate 268435456 pg, nr_longs=4194304 in 4 millisec
[ 9542.046073] alloc_cross_bitmap: preallocate 268435456 pg, nr_longs=4194304 in 4 millisec
[ 9542.049994] alloc_cross_bitmap: preallocate 268435456 pg, nr_longs=4194304 in 8 millisec
[ 9542.050017] alloc_cross_bitmap: preallocate 268435456 pg, nr_longs=4194304 in 8 millisec
[ 9542.052573] alloc_cross_bitmap: preallocate 268435456 pg, nr_longs=4194304 in 12 millisec
[ 9542.052622] alloc_cross_bitmap: preallocate 268435456 pg, nr_longs=4194304 in 12 millisec
[ 9542.053025] alloc_cross_bitmap: preallocate 268435456 pg, nr_longs=4194304 in 8 millisec
[ 9542.053204] alloc_cross_bitmap: preallocate 268435456 pg, nr_longs=4194304 in 8 millisec
[ 9542.053333] alloc_cross_bitmap: preallocate 268435456 pg, nr_longs=4194304 in 8 millisec
[ 9542.053357] alloc_cross_bitmap: preallocate 268435456 pg, nr_longs=4194304 in 8 millisec
[ 9542.053741] alloc_cross_bitmap: preallocate 268435456 pg, nr_longs=4194304 in 4 millisec
[ 9542.053758] alloc_cross_bitmap: preallocate 268435456 pg, nr_longs=4194304 in 8 millisec
[ 9542.053820] alloc_cross_bitmap: preallocate 268435456 pg, nr_longs=4194304 in 8 millisec
[ 9542.056161] alloc_cross_bitmap: preallocate 268435456 pg, nr_longs=4194304 in 4 millisec
[ 9542.064492] alloc_cross_bitmap: preallocate 268435456 pg, nr_longs=4194304 in 4 millisec
[ 9542.068309] alloc_cross_bitmap: preallocate 268435456 pg, nr_longs=4194304 in 4 millisec
[ 9542.074634] alloc_cross_bitmap: preallocate 268435456 pg, nr_longs=4194304 in 4 millisec
[ 9542.078504] alloc_cross_bitmap: preallocate 268435456 pg, nr_longs=4194304 in 4 millisec
[ 9542.079137] alloc_cross_bitmap: preallocate 268435456 pg, nr_longs=4194304 in 4 millisec
[ 9542.083542] alloc_cross_bitmap: preallocate 268435456 pg, nr_longs=4194304 in 4 millisec
[ 9542.083589] alloc_cross_bitmap: preallocate 268435456 pg, nr_longs=4194304 in 4 millisec
[ 9542.085801] alloc_cross_bitmap: preallocate 268435456 pg, nr_longs=4194304 in 4 millisec
[ 9542.087278] alloc_cross_bitmap: preallocate 268435456 pg, nr_longs=4194304 in 8 millisec
[ 9542.088686] alloc_cross_bitmap: preallocate 268435456 pg, nr_longs=4194304 in 8 millisec
[ 9542.088991] alloc_cross_bitmap: preallocate 268435456 pg, nr_longs=4194304 in 8 millisec
[ 9542.089031] alloc_cross_bitmap: preallocate 268435456 pg, nr_longs=4194304 in 8 millisec
[ 9542.089266] alloc_cross_bitmap: preallocate 268435456 pg, nr_longs=4194304 in 8 millisec
[ 9542.089360] alloc_cross_bitmap: preallocate 268435456 pg, nr_longs=4194304 in 8 millisec
[ 9542.089592] alloc_cross_bitmap: preallocate 268435456 pg, nr_longs=4194304 in 8 millisec
[ 9542.089815] alloc_cross_bitmap: preallocate 268435456 pg, nr_longs=4194304 in 8 millisec
[ 9542.090320] alloc_cross_bitmap: preallocate 268435456 pg, nr_longs=4194304 in 8 millisec
[ 9542.098849] alloc_cross_bitmap: preallocate 268435456 pg, nr_longs=4194304 in 4 millisec
[ 9542.099231] alloc_cross_bitmap: preallocate 268435456 pg, nr_longs=4194304 in 4 millisec
[ 9542.106854] alloc_cross_bitmap: preallocate 268435456 pg, nr_longs=4194304 in 8 millisec
[ 9542.107630] alloc_cross_bitmap: preallocate 268435456 pg, nr_longs=4194304 in 4 millisec
[ 9542.108682] alloc_cross_bitmap: preallocate 268435456 pg, nr_longs=4194304 in 4 millisec
[ 9542.110219] alloc_cross_bitmap: preallocate 268435456 pg, nr_longs=4194304 in 8 millisec
[ 9542.110717] alloc_cross_bitmap: preallocate 268435456 pg, nr_longs=4194304 in 4 millisec
[ 9542.111114] alloc_cross_bitmap: preallocate 268435456 pg, nr_longs=4194304 in 4 millisec
[ 9542.111128] alloc_cross_bitmap: preallocate 268435456 pg, nr_longs=4194304 in 8 millisec
[ 9542.112536] alloc_cross_bitmap: preallocate 268435456 pg, nr_longs=4194304 in 4 millisec
[ 9542.112576] alloc_cross_bitmap: preallocate 268435456 pg, nr_longs=4194304 in 4 millisec
[ 9542.164495] alloc_cross_bitmap: preallocate 268435456 pg, nr_longs=4194304 in 8 millisec
[ 9542.165799] alloc_cross_bitmap: preallocate 268435456 pg, nr_longs=4194304 in 8 millisec
[ 9542.166044] alloc_cross_bitmap: preallocate 268435456 pg, nr_longs=4194304 in 8 millisec
[ 9542.166774] alloc_cross_bitmap: preallocate 268435456 pg, nr_longs=4194304 in 12 millisec
[ 9542.166778] alloc_cross_bitmap: preallocate 268435456 pg, nr_longs=4194304 in 12 millisec
[ 9542.167048] alloc_cross_bitmap: preallocate 268435456 pg, nr_longs=4194304 in 12 millisec
[ 9542.167080] alloc_cross_bitmap: preallocate 268435456 pg, nr_longs=4194304 in 12 millisec
[ 9542.167558] alloc_cross_bitmap: preallocate 268435456 pg, nr_longs=4194304 in 12 millisec
[ 9542.167592] alloc_cross_bitmap: preallocate 268435456 pg, nr_longs=4194304 in 12 millisec
[ 9542.167619] alloc_cross_bitmap: preallocate 268435456 pg, nr_longs=4194304 in 12 millisec
[ 9542.167619] alloc_cross_bitmap: preallocate 268435456 pg, nr_longs=4194304 in 12 millisec
[ 9542.168013] alloc_cross_bitmap: preallocate 268435456 pg, nr_longs=4194304 in 12 millisec
[ 9542.168049] alloc_cross_bitmap: preallocate 268435456 pg, nr_longs=4194304 in 12 millisec
[ 9542.168062] alloc_cross_bitmap: preallocate 268435456 pg, nr_longs=4194304 in 12 millisec
[ 9542.168078] alloc_cross_bitmap: preallocate 268435456 pg, nr_longs=4194304 in 12 millisec
[ 9542.193565] alloc_cross_bitmap: preallocate 268435456 pg, nr_longs=4194304 in 4 millisec
[ 9542.196069] alloc_cross_bitmap: preallocate 268435456 pg, nr_longs=4194304 in 4 millisec
[ 9542.197011] alloc_cross_bitmap: preallocate 268435456 pg, nr_longs=4194304 in 4 millisec
[ 9542.199380] alloc_cross_bitmap: preallocate 268435456 pg, nr_longs=4194304 in 8 millisec
[ 9542.200563] alloc_cross_bitmap: preallocate 268435456 pg, nr_longs=4194304 in 8 millisec
[ 9542.203708] alloc_cross_bitmap: preallocate 268435456 pg, nr_longs=4194304 in 8 millisec
[ 9542.203946] alloc_cross_bitmap: preallocate 268435456 pg, nr_longs=4194304 in 8 millisec
[ 9542.204129] alloc_cross_bitmap: preallocate 268435456 pg, nr_longs=4194304 in 8 millisec
[ 9542.204336] alloc_cross_bitmap: preallocate 268435456 pg, nr_longs=4194304 in 8 millisec
[ 9542.204720] alloc_cross_bitmap: preallocate 268435456 pg, nr_longs=4194304 in 8 millisec
[ 9542.204770] alloc_cross_bitmap: preallocate 268435456 pg, nr_longs=4194304 in 8 millisec
[ 9542.206273] alloc_cross_bitmap: preallocate 268435456 pg, nr_longs=4194304 in 12 millisec
[ 9542.206319] alloc_cross_bitmap: preallocate 268435456 pg, nr_longs=4194304 in 12 millisec
[ 9542.208053] alloc_cross_bitmap: preallocate 268435456 pg, nr_longs=4194304 in 12 millisec
[ 9542.208118] alloc_cross_bitmap: preallocate 268435456 pg, nr_longs=4194304 in 12 millisec
[ 9542.208134] alloc_cross_bitmap: preallocate 268435456 pg, nr_longs=4194304 in 12 millisec
[ 9542.214784] alloc_cross_bitmap: preallocate 268435456 pg, nr_longs=4194304 in 4 millisec
[ 9542.219250] alloc_cross_bitmap: preallocate 268435456 pg, nr_longs=4194304 in 4 millisec
[ 9542.221753] alloc_cross_bitmap: preallocate 268435456 pg, nr_longs=4194304 in 4 millisec
[ 9542.226861] alloc_cross_bitmap: preallocate 268435456 pg, nr_longs=4194304 in 4 millisec
[ 9542.228828] alloc_cross_bitmap: preallocate 268435456 pg, nr_longs=4194304 in 4 millisec
[ 9542.236297] alloc_cross_bitmap: preallocate 268435456 pg, nr_longs=4194304 in 4 millisec
[ 9542.237139] alloc_cross_bitmap: preallocate 268435456 pg, nr_longs=4194304 in 4 millisec
[ 9542.237197] alloc_cross_bitmap: preallocate 268435456 pg, nr_longs=4194304 in 4 millisec
[ 9542.237204] alloc_cross_bitmap: preallocate 268435456 pg, nr_longs=4194304 in 4 millisec
[ 9542.238974] alloc_cross_bitmap: preallocate 268435456 pg, nr_longs=4194304 in 8 millisec
[ 9542.238974] alloc_cross_bitmap: preallocate 268435456 pg, nr_longs=4194304 in 8 millisec
[ 9542.240604] alloc_cross_bitmap: preallocate 268435456 pg, nr_longs=4194304 in 8 millisec
[ 9542.240620] alloc_cross_bitmap: preallocate 268435456 pg, nr_longs=4194304 in 8 millisec
[ 9542.242675] alloc_cross_bitmap: preallocate 268435456 pg, nr_longs=4194304 in 4 millisec
[ 9542.243224] alloc_cross_bitmap: preallocate 268435456 pg, nr_longs=4194304 in 8 millisec
[ 9542.243232] alloc_cross_bitmap: preallocate 268435456 pg, nr_longs=4194304 in 8 millisec
[ 9542.243255] alloc_cross_bitmap: preallocate 268435456 pg, nr_longs=4194304 in 8 millisec
[ 9542.244866] alloc_cross_bitmap: preallocate 268435456 pg, nr_longs=4194304 in 4 millisec
[ 9542.247207] alloc_cross_bitmap: preallocate 268435456 pg, nr_longs=4194304 in 4 millisec
[ 9542.251904] alloc_cross_bitmap: preallocate 268435456 pg, nr_longs=4194304 in 4 millisec
[ 9542.253512] alloc_cross_bitmap: preallocate 268435456 pg, nr_longs=4194304 in 4 millisec
[ 9542.264031] alloc_cross_bitmap: preallocate 268435456 pg, nr_longs=4194304 in 4 millisec
[ 9542.265774] alloc_cross_bitmap: preallocate 268435456 pg, nr_longs=4194304 in 4 millisec
[ 9542.265851] alloc_cross_bitmap: preallocate 268435456 pg, nr_longs=4194304 in 4 millisec
[ 9542.265858] alloc_cross_bitmap: preallocate 268435456 pg, nr_longs=4194304 in 4 millisec
[ 9542.268136] alloc_cross_bitmap: preallocate 268435456 pg, nr_longs=4194304 in 4 millisec
[ 9542.268358] alloc_cross_bitmap: preallocate 268435456 pg, nr_longs=4194304 in 4 millisec
[ 9542.269328] alloc_cross_bitmap: preallocate 268435456 pg, nr_longs=4194304 in 4 millisec
[ 9542.271058] alloc_cross_bitmap: preallocate 268435456 pg, nr_longs=4194304 in 4 millisec
[ 9542.272158] alloc_cross_bitmap: preallocate 268435456 pg, nr_longs=4194304 in 4 millisec
[ 9542.272268] alloc_cross_bitmap: preallocate 268435456 pg, nr_longs=4194304 in 4 millisec
[ 9542.277855] alloc_cross_bitmap: preallocate 268435456 pg, nr_longs=4194304 in 4 millisec
[ 9542.278702] alloc_cross_bitmap: preallocate 268435456 pg, nr_longs=4194304 in 4 millisec
[ 9542.279598] alloc_cross_bitmap: preallocate 268435456 pg, nr_longs=4194304 in 4 millisec
[ 9542.286870] alloc_cross_bitmap: preallocate 268435456 pg, nr_longs=4194304 in 4 millisec
[ 9542.289801] alloc_cross_bitmap: preallocate 268435456 pg, nr_longs=4194304 in 4 millisec
[ 9542.290471] alloc_cross_bitmap: preallocate 268435456 pg, nr_longs=4194304 in 8 millisec
[ 9542.290528] alloc_cross_bitmap: preallocate 268435456 pg, nr_longs=4194304 in 8 millisec
[ 9542.290568] alloc_cross_bitmap: preallocate 268435456 pg, nr_longs=4194304 in 8 millisec
[ 9542.290672] alloc_cross_bitmap: preallocate 268435456 pg, nr_longs=4194304 in 8 millisec
[ 9542.291685] alloc_cross_bitmap: preallocate 268435456 pg, nr_longs=4194304 in 4 millisec
[ 9543.497319] write_proc: Value of write = 0
[ 9543.497338] __do_sys_start_cross_trace: PRINT_GLOBAL_STATS 
[ 9543.497340] Final GlobalReport: nr_pages_read:13203624243, nr_pages_hit:12917071738, nr_do_read_fault:7077002, nr_pages_miss:103924419
[ 9543.497392] FinalTaskReport: db_bench:19030 - ra_orig_nr_pages:0, ra_final_nr_pages:0
                                        async_pages:1180, final_async_pages:2172
                                        full_pfetches:0, less256_pfetches:0, partial_pfetches:0
                                        failed_pfetches:0, total_pfetches:0, os_pfetches:99
                                        nr_pages_read:1984, nr_pages_hit:1038, nr_do_read_fault:168
[ 9543.501670] write_proc: Value of write = 0
[ 9543.501685] __do_sys_start_cross_trace: PRINT_GLOBAL_STATS 
[ 9543.501686] Final GlobalReport: nr_pages_read:13203624243, nr_pages_hit:12917071738, nr_do_read_fault:7077006, nr_pages_miss:103924419
[ 9543.501727] FinalTaskReport: time:19021 - ra_orig_nr_pages:0, ra_final_nr_pages:0
                                        async_pages:0, final_async_pages:25
                                        full_pfetches:0, less256_pfetches:0, partial_pfetches:0
                                        failed_pfetches:0, total_pfetches:0, os_pfetches:1
                                        nr_pages_read:0, nr_pages_hit:0, nr_do_read_fault:15
