Command terminated by signal 9
	Command being timed: "./db_bench --db=/users/shaleen/ssd/sudarsun/prefetching/appbench/apps/rocksdb/DATA --value_size=4096 --wal_dir=/users/shaleen/ssd/sudarsun/prefetching/appbench/apps/rocksdb/DATA/WAL_LOG --sync=0 --key_size=1000 --write_buffer_size=67108864 --num=4000000 --benchmarks=overwrite --use_existing_db=1 --mmap_read=0 --threads=4"
	User time (seconds): 0.01
	System time (seconds): 0.11
	Percent of CPU this job got: 109%
	Elapsed (wall clock) time (h:mm:ss or m:ss): 0:00.11
	Average shared text size (kbytes): 0
	Average unshared data size (kbytes): 0
	Average stack size (kbytes): 0
	Average total size (kbytes): 0
	Maximum resident set size (kbytes): 22688
	Average resident set size (kbytes): 0
	Major (requiring I/O) page faults: 2199
	Minor (reclaiming a frame) page faults: 6363
	Voluntary context switches: 2469
	Involuntary context switches: 21
	Swaps: 0
	File system inputs: 59384
	File system outputs: 48
	Socket messages sent: 0
	Socket messages received: 0
	Signals delivered: 0
	Page size (bytes): 4096
	Exit status: 0
DESTRUCTOR GETTING CALLED 
