ENABLE_FILE_STATS in con
ENABLE_FILE_STATS in con
ENABLE_FILE_STATS in con
ENABLE_FILE_STATS in con
ENABLE_FILE_STATS in con
ENABLE_FILE_STATS in con
ENABLE_FILE_STATS in con
ENABLE_FILE_STATS in con
ENABLE_FILE_STATS in con
ENABLE_FILE_STATS in con
ENABLE_FILE_STATS in con
ENABLE_FILE_STATS in con
ENABLE_FILE_STATS in con
ENABLE_FILE_STATS in con
ENABLE_FILE_STATS in con
ENABLE_FILE_STATS in con
ENABLE_FILE_STATS in con
ENABLE_FILE_STATS in con
ENABLE_FILE_STATS in con
ENABLE_FILE_STATS in con
ENABLE_FILE_STATS in con
ENABLE_FILE_STATS in con
ENABLE_FILE_STATS in con
ENABLE_FILE_STATS in con
ENABLE_FILE_STATS in con
ENABLE_FILE_STATS in con
ENABLE_FILE_STATS in con
ENABLE_FILE_STATS in con
ENABLE_FILE_STATS in con
ENABLE_FILE_STATS in con
ENABLE_FILE_STATS in con
ENABLE_FILE_STATS in con
ENABLE_FILE_STATS in per_thread_ds
ENABLE_FILE_STATS in per_thread_ds
ENABLE_FILE_STATS in per_thread_ds
ENABLE_FILE_STATS in per_thread_ds
ENABLE_FILE_STATS in per_thread_ds
ENABLE_FILE_STATS in per_thread_ds
ERR:prefetcher_th, pg_diff==0
ERR:prefetcher_th, pg_diff==0
ERR:prefetcher_th, pg_diff==0
readahead_info: failed fd:6 TID:13691 err:-1
ERR:prefetcher_th, pg_diff==0
ERR:prefetcher_th, pg_diff==0
readahead_info: failed fd:6 TID:13682 err:-1
ERR:prefetcher_th, pg_diff==0
ERR:prefetcher_th, pg_diff==0
ERR:prefetcher_th, pg_diff==0
readahead_info: failed fd:6 TID:13680 err:-1
ERR:prefetcher_th, pg_diff==0
readahead_info: failed fd:6 TID:13685 err:-1
ERR:prefetcher_th, pg_diff==0
ERR:prefetcher_th, pg_diff==0
ENABLE_FILE_STATS in per_thread_ds
ENABLE_FILE_STATS in per_thread_ds
ENABLE_FILE_STATS in per_thread_ds
ENABLE_FILE_STATS in per_thread_ds
ENABLE_FILE_STATS in per_thread_ds
ENABLE_FILE_STATS in per_thread_ds
ENABLE_FILE_STATS in per_thread_ds
ENABLE_FILE_STATS in per_thread_ds
ENABLE_FILE_STATS in per_thread_ds
ENABLE_FILE_STATS in per_thread_ds
ENABLE_FILE_STATS in per_thread_ds
ENABLE_FILE_STATS in per_thread_ds
ENABLE_FILE_STATS in per_thread_ds
ENABLE_FILE_STATS in per_thread_ds
ENABLE_FILE_STATS in per_thread_ds
ENABLE_FILE_STATS in per_thread_ds
ENABLE_FILE_STATS in per_thread_ds
ENABLE_FILE_STATS in per_thread_ds
ENABLE_FILE_STATS in per_thread_ds
ENABLE_FILE_STATS in per_thread_ds
ENABLE_FILE_STATS in per_thread_ds
ENABLE_FILE_STATS in per_thread_ds
ENABLE_FILE_STATS in per_thread_ds
ENABLE_FILE_STATS in per_thread_ds
ERR:prefetcher_th, pg_diff==0
ERR:prefetcher_th, pg_diff==0
ERR:prefetcher_th, pg_diff==0
ERR:prefetcher_th, pg_diff==0
ERR:prefetcher_th, pg_diff==0
ENABLE_FILE_STATS in per_thread_ds
ERR:prefetcher_th, pg_diff==0
ENABLE_FILE_STATS in per_thread_ds
record_open: fd=12 filesize=214 is smaller than 5242880 bytes
record_open: fd=8 filesize=214 is smaller than 5242880 bytes
record_open: fd=8 filesize=214 is smaller than 5242880 bytes
record_open: fd=8 filesize=214 is smaller than 5242880 bytes
record_open: fd=8 filesize=214 is smaller than 5242880 bytes
record_open: fd=10 filesize=214 is smaller than 5242880 bytes
record_open: fd=8 filesize=214 is smaller than 5242880 bytes
record_open: fd=8 filesize=214 is smaller than 5242880 bytes
record_open: fd=8 filesize=214 is smaller than 5242880 bytes
record_open: fd=8 filesize=214 is smaller than 5242880 bytes
record_open: fd=8 filesize=214 is smaller than 5242880 bytes
record_open: fd=8 filesize=214 is smaller than 5242880 bytes
record_open: fd=8 filesize=214 is smaller than 5242880 bytes
record_open: fd=8 filesize=214 is smaller than 5242880 bytes
record_open: fd=8 filesize=214 is smaller than 5242880 bytes
record_open: fd=8 filesize=214 is smaller than 5242880 bytes
record_open: fd=8 filesize=214 is smaller than 5242880 bytes
record_open: fd=8 filesize=214 is smaller than 5242880 bytes
record_open: fd=8 filesize=214 is smaller than 5242880 bytes
record_open: fd=8 filesize=214 is smaller than 5242880 bytes
record_open: fd=8 filesize=214 is smaller than 5242880 bytes
record_open: fd=8 filesize=214 is smaller than 5242880 bytes
record_open: fd=8 filesize=214 is smaller than 5242880 bytes
record_open: fd=8 filesize=214 is smaller than 5242880 bytes
record_open: fd=8 filesize=214 is smaller than 5242880 bytes
record_open: fd=8 filesize=214 is smaller than 5242880 bytes
record_open: fd=8 filesize=214 is smaller than 5242880 bytes
record_open: fd=8 filesize=214 is smaller than 5242880 bytes
record_open: fd=8 filesize=214 is smaller than 5242880 bytes
record_open: fd=8 filesize=214 is smaller than 5242880 bytes
record_open: fd=8 filesize=214 is smaller than 5242880 bytes
record_open: fd=8 filesize=214 is smaller than 5242880 bytes
-------- Aggregate Performance --------
 READ Restart Perf: 3090.84 BW[MB/s] 49445306368 Bytes 15.2563 MaxTime[sec] 
Total nr_ra = 62
Total nr_bytes_ra = 260046848
Total nr_ra = 62
Total nr_bytes_ra = 260046848
Total nr_ra = 61
Total nr_bytes_ra = 255852544
Total nr_ra = 61
Total nr_bytes_ra = 255852544
Total nr_ra = 62
Total nr_bytes_ra = 260046848
DESTRUCTOR GETTING CALLED 
PRINT_GLOBAL_STATS in dest
PRINT_GLOBAL_LIB_STATS in dest
DESTRUCTOR GETTING CALLED 
PRINT_GLOBAL_STATS in dest
PRINT_GLOBAL_LIB_STATS in dest
DESTRUCTOR GETTING CALLED 
PRINT_GLOBAL_STATS in dest
PRINT_GLOBAL_LIB_STATS in dest
DESTRUCTOR GETTING CALLED 
PRINT_GLOBAL_STATS in dest
PRINT_GLOBAL_LIB_STATS in dest
DESTRUCTOR GETTING CALLED 
PRINT_GLOBAL_STATS in dest
PRINT_GLOBAL_LIB_STATS in dest
DESTRUCTOR GETTING CALLED 
PRINT_GLOBAL_STATS in dest
PRINT_GLOBAL_LIB_STATS in dest
Total nr_ra = 61
Total nr_bytes_ra = 255852544
Total nr_ra = 61
Total nr_bytes_ra = 255852544
Total nr_ra = 61
Total nr_bytes_ra = 255852544
Total nr_ra = 61
Total nr_bytes_ra = 255852544
Total nr_ra = 62
Total nr_bytes_ra = 260046848
Total nr_ra = 62
Total nr_bytes_ra = 260046848
Total nr_ra = 61
Total nr_bytes_ra = 255852544
Total nr_ra = 62
Total nr_bytes_ra = 260046848
Total nr_ra = 62
Total nr_bytes_ra = 260046848
Total nr_ra = 61
Total nr_bytes_ra = 255852544
Total nr_ra = 62
Total nr_bytes_ra = 260046848
DESTRUCTOR GETTING CALLED 
PRINT_GLOBAL_STATS in dest
PRINT_GLOBAL_LIB_STATS in dest
DESTRUCTOR GETTING CALLED 
PRINT_GLOBAL_STATS in dest
PRINT_GLOBAL_LIB_STATS in dest
DESTRUCTOR GETTING CALLED 
PRINT_GLOBAL_STATS in dest
PRINT_GLOBAL_LIB_STATS in dest
DESTRUCTOR GETTING CALLED 
PRINT_GLOBAL_STATS in dest
PRINT_GLOBAL_LIB_STATS in dest
DESTRUCTOR GETTING CALLED 
PRINT_GLOBAL_STATS in dest
PRINT_GLOBAL_LIB_STATS in dest
DESTRUCTOR GETTING CALLED 
PRINT_GLOBAL_STATS in dest
PRINT_GLOBAL_LIB_STATS in dest
DESTRUCTOR GETTING CALLED 
PRINT_GLOBAL_STATS in dest
PRINT_GLOBAL_LIB_STATS in dest
DESTRUCTOR GETTING CALLED 
PRINT_GLOBAL_STATS in dest
PRINT_GLOBAL_LIB_STATS in dest
DESTRUCTOR GETTING CALLED 
PRINT_GLOBAL_STATS in dest
PRINT_GLOBAL_LIB_STATS in dest
DESTRUCTOR GETTING CALLED 
PRINT_GLOBAL_STATS in dest
PRINT_GLOBAL_LIB_STATS in dest
DESTRUCTOR GETTING CALLED 
PRINT_GLOBAL_STATS in dest
PRINT_GLOBAL_LIB_STATS in dest
Total nr_ra = 61
Total nr_bytes_ra = 255852544
DESTRUCTOR GETTING CALLED 
PRINT_GLOBAL_STATS in dest
PRINT_GLOBAL_LIB_STATS in dest
Total nr_ra = 62
Total nr_bytes_ra = 260046848
DESTRUCTOR GETTING CALLED 
PRINT_GLOBAL_STATS in dest
PRINT_GLOBAL_LIB_STATS in dest
Total nr_ra = 62
Total nr_bytes_ra = 260046848
DESTRUCTOR GETTING CALLED 
PRINT_GLOBAL_STATS in dest
PRINT_GLOBAL_LIB_STATS in dest
Total nr_ra = 61
Total nr_bytes_ra = 255852544
DESTRUCTOR GETTING CALLED 
PRINT_GLOBAL_STATS in dest
PRINT_GLOBAL_LIB_STATS in dest
Total nr_ra = 61
Total nr_bytes_ra = 255852544
DESTRUCTOR GETTING CALLED 
PRINT_GLOBAL_STATS in dest
PRINT_GLOBAL_LIB_STATS in dest
Total nr_ra = 61
Total nr_bytes_ra = 255852544
DESTRUCTOR GETTING CALLED 
DESTRUCTOR GETTING CALLED 
PRINT_GLOBAL_STATS in dest
PRINT_GLOBAL_LIB_STATS in dest
Total nr_ra = 207
Total nr_bytes_ra = 868220928
Total nr_ra = 62
Total nr_bytes_ra = 260046848
PRINT_GLOBAL_STATS in dest
PRINT_GLOBAL_LIB_STATS in dest
DESTRUCTOR GETTING CALLED 
PRINT_GLOBAL_STATS in dest
PRINT_GLOBAL_LIB_STATS in dest
Total nr_ra = 62
Total nr_bytes_ra = 260046848
DESTRUCTOR GETTING CALLED 
PRINT_GLOBAL_STATS in dest
PRINT_GLOBAL_LIB_STATS in dest
Total nr_ra = 62
Total nr_bytes_ra = 260046848
DESTRUCTOR GETTING CALLED 
PRINT_GLOBAL_STATS in dest
PRINT_GLOBAL_LIB_STATS in dest
DESTRUCTOR GETTING CALLED 
PRINT_GLOBAL_STATS in dest
PRINT_GLOBAL_LIB_STATS in dest
Total nr_ra = 61
Total nr_bytes_ra = 255852544
Total nr_ra = 62
Total nr_bytes_ra = 260046848
Total nr_ra = 62
Total nr_bytes_ra = 260046848
Total nr_ra = 62
Total nr_bytes_ra = 260046848
Total nr_ra = 62
Total nr_bytes_ra = 260046848
DESTRUCTOR GETTING CALLED 
PRINT_GLOBAL_STATS in dest
PRINT_GLOBAL_LIB_STATS in dest
DESTRUCTOR GETTING CALLED 
PRINT_GLOBAL_STATS in dest
PRINT_GLOBAL_LIB_STATS in dest
DESTRUCTOR GETTING CALLED 
PRINT_GLOBAL_STATS in dest
PRINT_GLOBAL_LIB_STATS in dest
Total nr_ra = 61
Total nr_bytes_ra = 255852544
DESTRUCTOR GETTING CALLED 
PRINT_GLOBAL_STATS in dest
PRINT_GLOBAL_LIB_STATS in dest
[31858.153373] sh (13634): drop_caches: 3
[31858.217743] sh (13639): drop_caches: 3
[31858.262140] write_proc_unbounded: Value of write = 0
[31858.262165] write_proc_2mb_limit: Value of write = 0
[31858.262177] write_proc_bitmap_shift: Value of write = 37
[31858.262240] write_proc_unbounded: Value of write = 0
[31858.262257] write_proc_unbounded: Value of write = 0
[31858.262259] write_proc_2mb_limit: Value of write = 0
[31858.262264] write_proc_unbounded: Value of write = 0
[31858.262271] write_proc_2mb_limit: Value of write = 0
[31858.262273] write_proc_bitmap_shift: Value of write = 37
[31858.262275] write_proc_2mb_limit: Value of write = 0
[31858.262279] write_proc_bitmap_shift: Value of write = 37
[31858.262281] write_proc_bitmap_shift: Value of write = 37
[31858.262280] write_proc_unbounded: Value of write = 0
[31858.262293] write_proc_2mb_limit: Value of write = 0
[31858.262298] write_proc_bitmap_shift: Value of write = 37
[31858.262299] write_proc_unbounded: Value of write = 0
[31858.262319] write_proc_2mb_limit: Value of write = 0
[31858.262325] write_proc_bitmap_shift: Value of write = 37
[31858.262330] write_proc_unbounded: Value of write = 0
[31858.262331] write_proc_unbounded: Value of write = 0
[31858.262333] write_proc_unbounded: Value of write = 0
[31858.262347] write_proc_unbounded: Value of write = 0
[31858.262348] write_proc_2mb_limit: Value of write = 0
[31858.262348] write_proc_2mb_limit: Value of write = 0
[31858.262350] write_proc_unbounded: Value of write = 0
[31858.262351] write_proc_2mb_limit: Value of write = 0
[31858.262363] write_proc_bitmap_shift: Value of write = 37
[31858.262367] write_proc_bitmap_shift: Value of write = 37
[31858.262368] write_proc_2mb_limit: Value of write = 0
[31858.262369] write_proc_bitmap_shift: Value of write = 37
[31858.262369] write_proc_2mb_limit: Value of write = 0
[31858.262369] write_proc_unbounded: Value of write = 0
[31858.262372] write_proc_unbounded: Value of write = 0
[31858.262379] write_proc_bitmap_shift: Value of write = 37
[31858.262384] write_proc_bitmap_shift: Value of write = 37
[31858.262387] write_proc_unbounded: Value of write = 0
[31858.262387] write_proc_2mb_limit: Value of write = 0
[31858.262387] write_proc_unbounded: Value of write = 0
[31858.262387] write_proc_2mb_limit: Value of write = 0
[31858.262396] write_proc_unbounded: Value of write = 0
[31858.262399] write_proc_bitmap_shift: Value of write = 37
[31858.262401] write_proc_unbounded: Value of write = 0
[31858.262406] write_proc_bitmap_shift: Value of write = 37
[31858.262407] write_proc_2mb_limit: Value of write = 0
[31858.262407] write_proc_2mb_limit: Value of write = 0
[31858.262408] write_proc_2mb_limit: Value of write = 0
[31858.262409] write_proc_unbounded: Value of write = 0
[31858.262415] write_proc_2mb_limit: Value of write = 0
[31858.262416] write_proc_bitmap_shift: Value of write = 37
[31858.262417] write_proc_bitmap_shift: Value of write = 37
[31858.262422] write_proc_bitmap_shift: Value of write = 37
[31858.262425] write_proc_2mb_limit: Value of write = 0
[31858.262428] write_proc_unbounded: Value of write = 0
[31858.262429] write_proc_bitmap_shift: Value of write = 37
[31858.262438] write_proc_2mb_limit: Value of write = 0
[31858.262440] write_proc_bitmap_shift: Value of write = 37
[31858.262444] write_proc_unbounded: Value of write = 0
[31858.262447] write_proc_bitmap_shift: Value of write = 37
[31858.262450] write_proc_unbounded: Value of write = 0
[31858.262458] write_proc_2mb_limit: Value of write = 0
[31858.262459] write_proc_unbounded: Value of write = 0
[31858.262466] write_proc_bitmap_shift: Value of write = 37
[31858.262466] write_proc_2mb_limit: Value of write = 0
[31858.262468] write_proc_unbounded: Value of write = 0
[31858.262469] write_proc_2mb_limit: Value of write = 0
[31858.262476] write_proc_bitmap_shift: Value of write = 37
[31858.262477] write_proc_2mb_limit: Value of write = 0
[31858.262478] write_proc_bitmap_shift: Value of write = 37
[31858.262481] write_proc_bitmap_shift: Value of write = 37
[31858.262500] write_proc_unbounded: Value of write = 0
[31858.262507] write_proc_unbounded: Value of write = 0
[31858.262509] write_proc_unbounded: Value of write = 0
[31858.262509] write_proc_2mb_limit: Value of write = 0
[31858.262519] write_proc_unbounded: Value of write = 0
[31858.262520] write_proc_unbounded: Value of write = 0
[31858.262520] write_proc_bitmap_shift: Value of write = 37
[31858.262523] write_proc_2mb_limit: Value of write = 0
[31858.262523] write_proc_2mb_limit: Value of write = 0
[31858.262533] write_proc_bitmap_shift: Value of write = 37
[31858.262533] write_proc_bitmap_shift: Value of write = 37
[31858.262534] write_proc_2mb_limit: Value of write = 0
[31858.262537] write_proc_2mb_limit: Value of write = 0
[31858.262541] write_proc_bitmap_shift: Value of write = 37
[31858.262546] write_proc_bitmap_shift: Value of write = 37
[31858.262564] write_proc_unbounded: Value of write = 0
[31858.262564] write_proc_unbounded: Value of write = 0
[31858.262574] write_proc_2mb_limit: Value of write = 0
[31858.262574] write_proc_unbounded: Value of write = 0
[31858.262574] write_proc_unbounded: Value of write = 0
[31858.262577] write_proc_2mb_limit: Value of write = 0
[31858.262582] write_proc_2mb_limit: Value of write = 0
[31858.262582] write_proc_2mb_limit: Value of write = 0
[31858.262583] write_proc_bitmap_shift: Value of write = 37
[31858.262585] write_proc_bitmap_shift: Value of write = 37
[31858.262585] write_proc_bitmap_shift: Value of write = 37
[31858.262585] write_proc_bitmap_shift: Value of write = 37
[31873.883655] write_proc_unbounded: Value of write = 0
[31873.883881] write_proc_2mb_limit: Value of write = 0
[31873.883990] write_proc_unbounded: Value of write = 0
[31873.884003] write_proc_2mb_limit: Value of write = 0
[31873.884035] write_proc_unbounded: Value of write = 0
[31873.884041] write_proc_2mb_limit: Value of write = 0
[31873.884174] write_proc_unbounded: Value of write = 0
[31873.884186] write_proc_2mb_limit: Value of write = 0
[31873.884295] write_proc_unbounded: Value of write = 0
[31873.884300] write_proc_2mb_limit: Value of write = 0
[31873.884308] write_proc_unbounded: Value of write = 0
[31873.884325] write_proc_2mb_limit: Value of write = 0
[31873.884362] write_proc_unbounded: Value of write = 0
[31873.884377] write_proc_unbounded: Value of write = 0
[31873.884379] write_proc_2mb_limit: Value of write = 0
[31873.884392] write_proc_2mb_limit: Value of write = 0
[31873.884514] write_proc_unbounded: Value of write = 0
[31873.884533] write_proc_2mb_limit: Value of write = 0
[31873.884571] write_proc_unbounded: Value of write = 0
[31873.884582] write_proc_2mb_limit: Value of write = 0
[31873.884585] write_proc_unbounded: Value of write = 0
[31873.884589] write_proc_2mb_limit: Value of write = 0
[31873.884704] write_proc_unbounded: Value of write = 0
[31873.884723] write_proc_2mb_limit: Value of write = 0
[31873.884772] write_proc_unbounded: Value of write = 0
[31873.884782] write_proc_2mb_limit: Value of write = 0
[31873.884793] write_proc_unbounded: Value of write = 0
[31873.884802] write_proc_2mb_limit: Value of write = 0
[31873.884824] write_proc_unbounded: Value of write = 0
[31873.884834] write_proc_2mb_limit: Value of write = 0
[31873.884989] write_proc_unbounded: Value of write = 0
[31873.885002] write_proc_2mb_limit: Value of write = 0
[31873.885185] write_proc_unbounded: Value of write = 0
[31873.885195] write_proc_2mb_limit: Value of write = 0
[31873.885254] write_proc_unbounded: Value of write = 0
[31873.885267] write_proc_2mb_limit: Value of write = 0
[31873.885370] write_proc_unbounded: Value of write = 0
[31873.885380] write_proc_2mb_limit: Value of write = 0
[31873.885434] write_proc_unbounded: Value of write = 0
[31873.885443] write_proc_2mb_limit: Value of write = 0
[31873.885485] write_proc_unbounded: Value of write = 0
[31873.885493] write_proc_2mb_limit: Value of write = 0
[31873.885647] write_proc_unbounded: Value of write = 0
[31873.885655] write_proc_2mb_limit: Value of write = 0
[31873.885696] write_proc_unbounded: Value of write = 0
[31873.885705] write_proc_2mb_limit: Value of write = 0
[31873.885706] write_proc_unbounded: Value of write = 0
[31873.885712] write_proc_2mb_limit: Value of write = 0
[31873.885727] write_proc_unbounded: Value of write = 0
[31873.885738] write_proc_2mb_limit: Value of write = 0
[31873.885980] write_proc_unbounded: Value of write = 0
[31873.885991] write_proc_2mb_limit: Value of write = 0
[31873.886026] write_proc_unbounded: Value of write = 0
[31873.886030] write_proc_unbounded: Value of write = 0
[31873.886033] write_proc_unbounded: Value of write = 0
[31873.886037] write_proc_unbounded: Value of write = 0
[31873.886040] write_proc_unbounded: Value of write = 0
[31873.886040] write_proc_2mb_limit: Value of write = 0
[31873.886040] write_proc_2mb_limit: Value of write = 0
[31873.886049] write_proc_2mb_limit: Value of write = 0
[31873.886049] write_proc_2mb_limit: Value of write = 0
[31873.886053] write_proc_2mb_limit: Value of write = 0
[31873.886074] write_proc_unbounded: Value of write = 0
[31873.886082] write_proc_2mb_limit: Value of write = 0
