ENABLE_FILE_STATS in con
ENABLE_FILE_STATS in con
ENABLE_FILE_STATS in con
ENABLE_FILE_STATS in con
ENABLE_FILE_STATS in con
ENABLE_FILE_STATS in con
ENABLE_FILE_STATS in con
ENABLE_FILE_STATS in con
ENABLE_FILE_STATS in con
ENABLE_FILE_STATS in con
ENABLE_FILE_STATS in con
ENABLE_FILE_STATS in con
ENABLE_FILE_STATS in con
ENABLE_FILE_STATS in con
ENABLE_FILE_STATS in con
ENABLE_FILE_STATS in con
ENABLE_FILE_STATS in con
ENABLE_FILE_STATS in con
ENABLE_FILE_STATS in con
ENABLE_FILE_STATS in con
ENABLE_FILE_STATS in con
ENABLE_FILE_STATS in con
ENABLE_FILE_STATS in con
ENABLE_FILE_STATS in con
ENABLE_FILE_STATS in con
ENABLE_FILE_STATS in con
ENABLE_FILE_STATS in con
ENABLE_FILE_STATS in con
ENABLE_FILE_STATS in con
ENABLE_FILE_STATS in con
ENABLE_FILE_STATS in con
ENABLE_FILE_STATS in con
No pcbitmap
No pcbitmap
No pcbitmap
No pcbitmap
No pcbitmap
No pcbitmap
No pcbitmap
No pcbitmap
No pcbitmap
No pcbitmap
No pcbitmap
No pcbitmap
No pcbitmap
No pcbitmap
No pcbitmap
No pcbitmap
No pcbitmap
No pcbitmap
No pcbitmap
No pcbitmap
ENABLE_FILE_STATS in per_thread_ds
ENABLE_FILE_STATS in per_thread_ds
ENABLE_FILE_STATS in per_thread_ds
ENABLE_FILE_STATS in per_thread_ds
ENABLE_FILE_STATS in per_thread_ds
ENABLE_FILE_STATS in per_thread_ds
ENABLE_FILE_STATS in per_thread_ds
ENABLE_FILE_STATS in per_thread_ds
ENABLE_FILE_STATS in per_thread_ds
ENABLE_FILE_STATS in per_thread_ds
ENABLE_FILE_STATS in per_thread_ds
No pcbitmap
No pcbitmap
No pcbitmap
ENABLE_FILE_STATS in per_thread_ds
ENABLE_FILE_STATS in per_thread_ds
ENABLE_FILE_STATS in per_thread_ds
No pcbitmap
No pcbitmap
No pcbitmap
No pcbitmap
No pcbitmap
No pcbitmap
No pcbitmap
No pcbitmap
No pcbitmap
No pcbitmap
No pcbitmap
No pcbitmap
No pcbitmap
No pcbitmap
No pcbitmap
No pcbitmap
No pcbitmap
No pcbitmap
No pcbitmap
No pcbitmap
No pcbitmap
No pcbitmap
No pcbitmap
No pcbitmap
No pcbitmap
No pcbitmap
No pcbitmap
No pcbitmap
No pcbitmap
No pcbitmap
No pcbitmap
ENABLE_FILE_STATS in per_thread_ds
ENABLE_FILE_STATS in per_thread_ds
ENABLE_FILE_STATS in per_thread_ds
ENABLE_FILE_STATS in per_thread_ds
ENABLE_FILE_STATS in per_thread_ds
ENABLE_FILE_STATS in per_thread_ds
ENABLE_FILE_STATS in per_thread_ds
ENABLE_FILE_STATS in per_thread_ds
ENABLE_FILE_STATS in per_thread_ds
ENABLE_FILE_STATS in per_thread_ds
ENABLE_FILE_STATS in per_thread_ds
ENABLE_FILE_STATS in per_thread_ds
ENABLE_FILE_STATS in per_thread_ds
ENABLE_FILE_STATS in per_thread_ds
ENABLE_FILE_STATS in per_thread_ds
No pcbitmap
No pcbitmap
No pcbitmap
No pcbitmap
No pcbitmap
No pcbitmap
ENABLE_FILE_STATS in per_thread_ds
ENABLE_FILE_STATS in per_thread_ds
No pcbitmap
No pcbitmap
ENABLE_FILE_STATS in per_thread_ds
No pcbitmap
No pcbitmap
No pcbitmap
No pcbitmap
No pcbitmap
No pcbitmap
No pcbitmap
No pcbitmap
No pcbitmap
No pcbitmap
No pcbitmap
No pcbitmap
No pcbitmap
No pcbitmap
No pcbitmap
No pcbitmap
No pcbitmap
No pcbitmap
No pcbitmap
No pcbitmap
No pcbitmap
No pcbitmap
No pcbitmap
No pcbitmap
No pcbitmap
No pcbitmap
No pcbitmap
No pcbitmap
No pcbitmap
No pcbitmap
No pcbitmap
No pcbitmap
No pcbitmap
-------- Aggregate Performance --------
 READ Restart Perf: 2224.95 BW[MB/s] 49445306368 Bytes 21.1937 MaxTime[sec] 
Total nr_ra = 11042
Total nr_bytes_ra = 46313504768
Total nr_ra = 11603
Total nr_bytes_ra = 48666509312
Total nr_ra = 11603
Total nr_bytes_ra = 48666509312
Total nr_ra = 10866
Total nr_bytes_ra = 45575307264
Total nr_ra = 11617
Total nr_bytes_ra = 48725229568
Total nr_ra = 11603
Total nr_bytes_ra = 48666509312
Total nr_ra = 11254
Total nr_bytes_ra = 47202697216
Total nr_ra = 11603
Total nr_bytes_ra = 48666509312
Total nr_ra = 11603
Total nr_bytes_ra = 48666509312
Total nr_ra = 11237
Total nr_bytes_ra = 47131394048
Total nr_ra = 11604
Total nr_bytes_ra = 48670703616
Total nr_ra = 11622
Total nr_bytes_ra = 48746201088
DESTRUCTOR GETTING CALLED 
PRINT_GLOBAL_STATS in dest
PRINT_GLOBAL_LIB_STATS in dest
DESTRUCTOR GETTING CALLED 
PRINT_GLOBAL_STATS in dest
PRINT_GLOBAL_LIB_STATS in dest
DESTRUCTOR GETTING CALLED 
PRINT_GLOBAL_STATS in dest
PRINT_GLOBAL_LIB_STATS in dest
DESTRUCTOR GETTING CALLED 
PRINT_GLOBAL_STATS in dest
PRINT_GLOBAL_LIB_STATS in dest
DESTRUCTOR GETTING CALLED 
PRINT_GLOBAL_STATS in dest
PRINT_GLOBAL_LIB_STATS in dest
DESTRUCTOR GETTING CALLED 
PRINT_GLOBAL_STATS in dest
PRINT_GLOBAL_LIB_STATS in dest
DESTRUCTOR GETTING CALLED 
PRINT_GLOBAL_STATS in dest
PRINT_GLOBAL_LIB_STATS in dest
DESTRUCTOR GETTING CALLED 
PRINT_GLOBAL_STATS in dest
PRINT_GLOBAL_LIB_STATS in dest
DESTRUCTOR GETTING CALLED 
PRINT_GLOBAL_STATS in dest
PRINT_GLOBAL_LIB_STATS in dest
DESTRUCTOR GETTING CALLED 
PRINT_GLOBAL_STATS in dest
PRINT_GLOBAL_LIB_STATS in dest
DESTRUCTOR GETTING CALLED 
PRINT_GLOBAL_STATS in dest
PRINT_GLOBAL_LIB_STATS in dest
DESTRUCTOR GETTING CALLED 
PRINT_GLOBAL_STATS in dest
PRINT_GLOBAL_LIB_STATS in dest
DESTRUCTOR GETTING CALLED 
PRINT_GLOBAL_STATS in dest
PRINT_GLOBAL_LIB_STATS in dest
Total nr_ra = 10865
Total nr_bytes_ra = 45571112960
Total nr_ra = 11603
Total nr_bytes_ra = 48666509312
Total nr_ra = 11603
Total nr_bytes_ra = 48666509312
DESTRUCTOR GETTING CALLED 
PRINT_GLOBAL_STATS in dest
PRINT_GLOBAL_LIB_STATS in dest
DESTRUCTOR GETTING CALLED 
PRINT_GLOBAL_STATS in dest
PRINT_GLOBAL_LIB_STATS in dest
DESTRUCTOR GETTING CALLED 
PRINT_GLOBAL_STATS in dest
PRINT_GLOBAL_LIB_STATS in dest
Total nr_ra = 11603
Total nr_bytes_ra = 48666509312
DESTRUCTOR GETTING CALLED 
PRINT_GLOBAL_STATS in dest
PRINT_GLOBAL_LIB_STATS in dest
Total nr_ra = 10866
Total nr_bytes_ra = 45575307264
DESTRUCTOR GETTING CALLED 
Total nr_ra = 11624
Total nr_bytes_ra = 48754589696
PRINT_GLOBAL_STATS in dest
PRINT_GLOBAL_LIB_STATS in dest
DESTRUCTOR GETTING CALLED 
PRINT_GLOBAL_STATS in dest
PRINT_GLOBAL_LIB_STATS in dest
Total nr_ra = 11625
Total nr_bytes_ra = 48758784000
DESTRUCTOR GETTING CALLED 
PRINT_GLOBAL_STATS in dest
PRINT_GLOBAL_LIB_STATS in dest
DESTRUCTOR GETTING CALLED 
Total nr_ra = 15119
Total nr_bytes_ra = 63413682176
DESTRUCTOR GETTING CALLED 
PRINT_GLOBAL_STATS in dest
PRINT_GLOBAL_LIB_STATS in dest
Total nr_ra = 11651
Total nr_bytes_ra = 48867835904
DESTRUCTOR GETTING CALLED 
PRINT_GLOBAL_STATS in dest
PRINT_GLOBAL_LIB_STATS in dest
PRINT_GLOBAL_STATS in dest
PRINT_GLOBAL_LIB_STATS in dest
Total nr_ra = 11603
Total nr_bytes_ra = 48666509312
Total nr_ra = 11603
Total nr_bytes_ra = 48666509312
DESTRUCTOR GETTING CALLED 
DESTRUCTOR GETTING CALLED 
Total nr_ra = 11603
Total nr_bytes_ra = 48666509312
Total nr_ra = 10871
Total nr_bytes_ra = 45596278784
Total nr_ra = 11238
Total nr_bytes_ra = 47135588352
Total nr_ra = 11603
Total nr_bytes_ra = 48666509312
Total nr_ra = 11603
Total nr_bytes_ra = 48666509312
Total nr_ra = 11633
Total nr_bytes_ra = 48792338432
DESTRUCTOR GETTING CALLED 
PRINT_GLOBAL_STATS in dest
PRINT_GLOBAL_LIB_STATS in dest
DESTRUCTOR GETTING CALLED 
PRINT_GLOBAL_STATS in dest
PRINT_GLOBAL_LIB_STATS in dest
DESTRUCTOR GETTING CALLED 
PRINT_GLOBAL_STATS in dest
PRINT_GLOBAL_LIB_STATS in dest
DESTRUCTOR GETTING CALLED 
PRINT_GLOBAL_STATS in dest
PRINT_GLOBAL_LIB_STATS in dest
PRINT_GLOBAL_STATS in dest
PRINT_GLOBAL_LIB_STATS in dest
PRINT_GLOBAL_STATS in dest
PRINT_GLOBAL_LIB_STATS in dest
DESTRUCTOR GETTING CALLED 
PRINT_GLOBAL_STATS in dest
PRINT_GLOBAL_LIB_STATS in dest
Total nr_ra = 11603
Total nr_bytes_ra = 48666509312
DESTRUCTOR GETTING CALLED 
PRINT_GLOBAL_STATS in dest
PRINT_GLOBAL_LIB_STATS in dest
Total nr_ra = 11603
Total nr_bytes_ra = 48666509312
DESTRUCTOR GETTING CALLED 
PRINT_GLOBAL_STATS in dest
PRINT_GLOBAL_LIB_STATS in dest
Total nr_ra = 11237
Total nr_bytes_ra = 47131394048
[31804.834660] sh (13450): drop_caches: 3
[31804.893896] sh (13455): drop_caches: 3
[31804.938966] write_proc_unbounded: Value of write = 0
[31804.938969] write_proc_unbounded: Value of write = 0
[31804.938973] write_proc_unbounded: Value of write = 0
[31804.938991] write_proc_2mb_limit: Value of write = 0
[31804.939000] write_proc_unbounded: Value of write = 0
[31804.939001] write_proc_2mb_limit: Value of write = 0
[31804.939005] write_proc_2mb_limit: Value of write = 0
[31804.939017] write_proc_unbounded: Value of write = 0
[31804.939018] write_proc_bitmap_shift: Value of write = 37
[31804.939021] write_proc_bitmap_shift: Value of write = 37
[31804.939021] write_proc_bitmap_shift: Value of write = 37
[31804.939025] write_proc_2mb_limit: Value of write = 0
[31804.939027] write_proc_2mb_limit: Value of write = 0
[31804.939033] write_proc_bitmap_shift: Value of write = 37
[31804.939045] write_proc_bitmap_shift: Value of write = 37
[31804.939057] write_proc_unbounded: Value of write = 0
[31804.939062] write_proc_unbounded: Value of write = 0
[31804.939085] write_proc_2mb_limit: Value of write = 0
[31804.939085] write_proc_unbounded: Value of write = 0
[31804.939086] write_proc_unbounded: Value of write = 0
[31804.939087] write_proc_2mb_limit: Value of write = 0
[31804.939099] write_proc_unbounded: Value of write = 0
[31804.939100] write_proc_2mb_limit: Value of write = 0
[31804.939102] write_proc_bitmap_shift: Value of write = 37
[31804.939103] write_proc_bitmap_shift: Value of write = 37
[31804.939105] write_proc_unbounded: Value of write = 0
[31804.939110] write_proc_2mb_limit: Value of write = 0
[31804.939113] write_proc_bitmap_shift: Value of write = 37
[31804.939116] write_proc_unbounded: Value of write = 0
[31804.939118] write_proc_unbounded: Value of write = 0
[31804.939120] write_proc_unbounded: Value of write = 0
[31804.939122] write_proc_2mb_limit: Value of write = 0
[31804.939130] write_proc_2mb_limit: Value of write = 0
[31804.939131] write_proc_2mb_limit: Value of write = 0
[31804.939134] write_proc_bitmap_shift: Value of write = 37
[31804.939139] write_proc_2mb_limit: Value of write = 0
[31804.939140] write_proc_bitmap_shift: Value of write = 37
[31804.939147] write_proc_unbounded: Value of write = 0
[31804.939153] write_proc_bitmap_shift: Value of write = 37
[31804.939155] write_proc_bitmap_shift: Value of write = 37
[31804.939159] write_proc_bitmap_shift: Value of write = 37
[31804.939164] write_proc_unbounded: Value of write = 0
[31804.939168] write_proc_2mb_limit: Value of write = 0
[31804.939174] write_proc_unbounded: Value of write = 0
[31804.939181] write_proc_2mb_limit: Value of write = 0
[31804.939185] write_proc_bitmap_shift: Value of write = 37
[31804.939192] write_proc_2mb_limit: Value of write = 0
[31804.939195] write_proc_2mb_limit: Value of write = 0
[31804.939196] write_proc_bitmap_shift: Value of write = 37
[31804.939206] write_proc_bitmap_shift: Value of write = 37
[31804.939206] write_proc_unbounded: Value of write = 0
[31804.939206] write_proc_bitmap_shift: Value of write = 37
[31804.939208] write_proc_unbounded: Value of write = 0
[31804.939207] write_proc_unbounded: Value of write = 0
[31804.939220] write_proc_unbounded: Value of write = 0
[31804.939221] write_proc_2mb_limit: Value of write = 0
[31804.939222] write_proc_unbounded: Value of write = 0
[31804.939223] write_proc_2mb_limit: Value of write = 0
[31804.939224] write_proc_2mb_limit: Value of write = 0
[31804.939236] write_proc_bitmap_shift: Value of write = 37
[31804.939242] write_proc_bitmap_shift: Value of write = 37
[31804.939247] write_proc_2mb_limit: Value of write = 0
[31804.939249] write_proc_2mb_limit: Value of write = 0
[31804.939249] write_proc_unbounded: Value of write = 0
[31804.939251] write_proc_bitmap_shift: Value of write = 37
[31804.939254] write_proc_bitmap_shift: Value of write = 37
[31804.939253] write_proc_unbounded: Value of write = 0
[31804.939257] write_proc_bitmap_shift: Value of write = 37
[31804.939264] write_proc_2mb_limit: Value of write = 0
[31804.939271] write_proc_bitmap_shift: Value of write = 37
[31804.939275] write_proc_2mb_limit: Value of write = 0
[31804.939276] write_proc_unbounded: Value of write = 0
[31804.939294] write_proc_2mb_limit: Value of write = 0
[31804.939297] write_proc_bitmap_shift: Value of write = 37
[31804.939301] write_proc_bitmap_shift: Value of write = 37
[31804.939309] write_proc_unbounded: Value of write = 0
[31804.939311] write_proc_unbounded: Value of write = 0
[31804.939312] write_proc_unbounded: Value of write = 0
[31804.939319] write_proc_2mb_limit: Value of write = 0
[31804.939326] write_proc_unbounded: Value of write = 0
[31804.939328] write_proc_bitmap_shift: Value of write = 37
[31804.939331] write_proc_2mb_limit: Value of write = 0
[31804.939331] write_proc_2mb_limit: Value of write = 0
[31804.939339] write_proc_2mb_limit: Value of write = 0
[31804.939342] write_proc_bitmap_shift: Value of write = 37
[31804.939341] write_proc_bitmap_shift: Value of write = 37
[31804.939345] write_proc_unbounded: Value of write = 0
[31804.939348] write_proc_bitmap_shift: Value of write = 37
[31804.939354] write_proc_2mb_limit: Value of write = 0
[31804.939359] write_proc_bitmap_shift: Value of write = 37
[31804.939368] write_proc_unbounded: Value of write = 0
[31804.939370] write_proc_unbounded: Value of write = 0
[31804.939375] write_proc_2mb_limit: Value of write = 0
[31804.939375] write_proc_2mb_limit: Value of write = 0
[31804.939379] write_proc_bitmap_shift: Value of write = 37
[31804.939379] write_proc_bitmap_shift: Value of write = 37
[31826.543654] write_proc_unbounded: Value of write = 0
[31826.543675] write_proc_2mb_limit: Value of write = 0
[31826.543877] write_proc_unbounded: Value of write = 0
[31826.543897] write_proc_2mb_limit: Value of write = 0
[31826.543942] write_proc_unbounded: Value of write = 0
[31826.543965] write_proc_2mb_limit: Value of write = 0
[31826.543969] write_proc_unbounded: Value of write = 0
[31826.543983] write_proc_unbounded: Value of write = 0
[31826.543984] write_proc_unbounded: Value of write = 0
[31826.543985] write_proc_2mb_limit: Value of write = 0
[31826.543989] write_proc_unbounded: Value of write = 0
[31826.543993] write_proc_2mb_limit: Value of write = 0
[31826.543999] write_proc_2mb_limit: Value of write = 0
[31826.543999] write_proc_2mb_limit: Value of write = 0
[31826.544090] write_proc_unbounded: Value of write = 0
[31826.544096] write_proc_2mb_limit: Value of write = 0
[31826.544116] write_proc_unbounded: Value of write = 0
[31826.544121] write_proc_2mb_limit: Value of write = 0
[31826.544129] write_proc_unbounded: Value of write = 0
[31826.544135] write_proc_2mb_limit: Value of write = 0
[31826.544255] write_proc_unbounded: Value of write = 0
[31826.544263] write_proc_2mb_limit: Value of write = 0
[31826.544383] write_proc_unbounded: Value of write = 0
[31826.544392] write_proc_2mb_limit: Value of write = 0
[31826.544843] write_proc_unbounded: Value of write = 0
[31826.544855] write_proc_2mb_limit: Value of write = 0
[31826.544855] write_proc_unbounded: Value of write = 0
[31826.544867] write_proc_unbounded: Value of write = 0
[31826.544879] write_proc_2mb_limit: Value of write = 0
[31826.544880] write_proc_2mb_limit: Value of write = 0
[31826.545263] write_proc_unbounded: Value of write = 0
[31826.545273] write_proc_2mb_limit: Value of write = 0
[31826.545409] write_proc_unbounded: Value of write = 0
[31826.545432] write_proc_2mb_limit: Value of write = 0
[31826.545493] write_proc_unbounded: Value of write = 0
[31826.545507] write_proc_2mb_limit: Value of write = 0
[31826.545630] write_proc_unbounded: Value of write = 0
[31826.545635] write_proc_2mb_limit: Value of write = 0
[31826.545744] write_proc_unbounded: Value of write = 0
[31826.545746] write_proc_unbounded: Value of write = 0
[31826.545755] write_proc_2mb_limit: Value of write = 0
[31826.545761] write_proc_2mb_limit: Value of write = 0
[31826.545776] write_proc_unbounded: Value of write = 0
[31826.545785] write_proc_2mb_limit: Value of write = 0
[31826.545788] write_proc_unbounded: Value of write = 0
[31826.545799] write_proc_2mb_limit: Value of write = 0
[31826.545840] write_proc_unbounded: Value of write = 0
[31826.545851] write_proc_2mb_limit: Value of write = 0
[31826.545857] write_proc_unbounded: Value of write = 0
[31826.545865] write_proc_2mb_limit: Value of write = 0
[31826.545956] write_proc_unbounded: Value of write = 0
[31826.545974] write_proc_2mb_limit: Value of write = 0
[31826.546003] write_proc_unbounded: Value of write = 0
[31826.546016] write_proc_2mb_limit: Value of write = 0
[31826.546021] write_proc_unbounded: Value of write = 0
[31826.546039] write_proc_2mb_limit: Value of write = 0
[31826.546060] write_proc_unbounded: Value of write = 0
[31826.546067] write_proc_2mb_limit: Value of write = 0
[31826.546140] write_proc_unbounded: Value of write = 0
[31826.546148] write_proc_2mb_limit: Value of write = 0
[31826.546745] write_proc_unbounded: Value of write = 0
[31826.546753] write_proc_2mb_limit: Value of write = 0
[31826.546896] write_proc_unbounded: Value of write = 0
[31826.546904] write_proc_2mb_limit: Value of write = 0
