Command terminated by signal 11
	Command being timed: "./db_bench --db=/users/kannan11/ssd/ioopt/appbench/apps/rocksdb/DATA --value_size=4096 --wal_dir=/users/kannan11/ssd/ioopt/appbench/apps/rocksdb/DATA/WAL_LOG --sync=0 --key_size=1000 --write_buffer_size=67108864 --num=20000000 --seed=1576170874 --benchmarks=multireadrandom --use_existing_db=1 --mmap_read=0 --threads=8"
	User time (seconds): 0.00
	System time (seconds): 0.00
	Percent of CPU this job got: 41%
	Elapsed (wall clock) time (h:mm:ss or m:ss): 0:00.01
	Average shared text size (kbytes): 0
	Average unshared data size (kbytes): 0
	Average stack size (kbytes): 0
	Average total size (kbytes): 0
	Maximum resident set size (kbytes): 11760
	Average resident set size (kbytes): 0
	Major (requiring I/O) page faults: 25
	Minor (reclaiming a frame) page faults: 2029
	Voluntary context switches: 43
	Involuntary context switches: 5
	Swaps: 0
	File system inputs: 5056
	File system outputs: 0
	Socket messages sent: 0
	Socket messages received: 0
	Signals delivered: 0
	Page size (bytes): 4096
	Exit status: 0
DESTRUCTOR GETTING CALLED 
Created 1 bg_threads in EVICTION pool
[18285.565427] sh (52582): drop_caches: 3
[18285.609521] sh (52588): drop_caches: 3
[18290.645883] write_proc_unbounded: Value of write = 1
[18290.645897] write_proc_2mb_limit: Value of write = 1
[18290.645903] write_proc_bitmap_shift: Value of write = 38
[18290.658541] db_bench[52663]: segfault at 78 ip 00007f84759d8fd0 sp 00007ffcde6d3468 error 4 in libpthread-2.27.so[7f84759cf000+1a000]
[18290.658558] Code: 01 41 83 f9 01 0f 87 4f fb ff ff 48 8d 0d 28 a9 00 00 48 8d 35 b6 a7 00 00 48 8d 3d ea a7 00 00 ba ae 01 00 00 e8 70 b8 ff ff <8b> 47 10 89 c2 81 e2 7f 01 00 00 90 83 e0 7c 0f 85 ab 00 00 00 48
[18290.659669] write_proc_unbounded: Value of write = 0
[18290.659678] write_proc_2mb_limit: Value of write = 0
