Command terminated by signal 11
	Command being timed: "./db_bench --db=/users/kannan11/ssd/prefetching/appbench/apps/rocksdb/DATA --value_size=4096 --wal_dir=/users/kannan11/ssd/prefetching/appbench/apps/rocksdb/DATA/WAL_LOG --sync=0 --key_size=1000 --write_buffer_size=67108864 --num=20000000 --seed=1576170874 --benchmarks=multireadrandom --use_existing_db=1 --mmap_read=0 --threads=32"
	User time (seconds): 0.00
	System time (seconds): 2.12
	Percent of CPU this job got: 1333%
	Elapsed (wall clock) time (h:mm:ss or m:ss): 0:00.16
	Average shared text size (kbytes): 0
	Average unshared data size (kbytes): 0
	Average stack size (kbytes): 0
	Average total size (kbytes): 0
	Maximum resident set size (kbytes): 41508
	Average resident set size (kbytes): 0
	Major (requiring I/O) page faults: 89
	Minor (reclaiming a frame) page faults: 9259
	Voluntary context switches: 579
	Involuntary context switches: 21
	Swaps: 0
	File system inputs: 512776
	File system outputs: 64
	Socket messages sent: 0
	Socket messages received: 0
	Signals delivered: 0
	Page size (bytes): 4096
	Exit status: 0
DESTRUCTOR GETTING CALLED 
PRINT_GLOBAL_LIB_STATS in dest
Total nr_ra = 0
Total nr_bytes_ra = 0
[51713.922813] sh (51204): drop_caches: 3
[51713.972011] sh (51209): drop_caches: 3
[51719.007030] write_proc_unbounded: Value of write = 0
[51719.007047] write_proc_2mb_limit: Value of write = 0
[51719.007052] write_proc_bitmap_shift: Value of write = 38
[51719.014830] write_proc_unbounded: Value of write = 0
[51719.014845] write_proc_2mb_limit: Value of write = 0
[51719.014851] write_proc_bitmap_shift: Value of write = 38
[51719.163458] traps: db_bench[51253] general protection fault ip:7f5348558250 sp:7f5345503aa0 error:0
[51719.169158] write_proc_unbounded: Value of write = 0
[51719.169164] write_proc_2mb_limit: Value of write = 0
