RocksDB:    version 7.6.0
Date:       Sat Oct  8 00:03:54 2022
CPU:        128 * AMD EPYC 7543 32-Core Processor
CPUCache:   512 KB
num reads to do 0
Initializing RocksDB Options from the specified file
Initializing RocksDB Options from command-line flags
Integrated BlobDB: blob cache disabled
Keys:       1000 bytes each (+ 0 bytes user-defined timestamp)
Values:     4096 bytes each (2048 bytes after compression)
Entries:    0
Prefix:    0 bytes
Keys per prefix:    0
RawSize:    0.0 MB (estimated)
FileSize:   0.0 MB (estimated)
Write rate: 0 bytes/second
Read rate: 0 ops/second
Compression: Snappy
Compression sampling rate: 0
Memtablerep: SkipListFactory
Perf Level: 1
------------------------------------------------
DB path: [/users/kannan11/ssd/prefetching/appbench/apps/rocksdb/DATA]
readwhilescanning :      94.000 micros/op 13157 ops/sec 0.000 seconds 1 operations; (0 of 0 found)

DESTRUCTOR GETTING CALLED 
PRINT_GLOBAL_LIB_STATS in dest
Total nr_ra = 10766
Total nr_bytes_ra = 45155876864
	Command being timed: "./db_bench --db=/users/kannan11/ssd/prefetching/appbench/apps/rocksdb/DATA --value_size=4096 --wal_dir=/users/kannan11/ssd/prefetching/appbench/apps/rocksdb/DATA/WAL_LOG --sync=0 --key_size=1000 --write_buffer_size=67108864 --num=0 --seed=1576170874 --benchmarks=readwhilescanning --use_existing_db=1 --mmap_read=0 --threads=4"
	User time (seconds): 0.88
	System time (seconds): 12.77
	Percent of CPU this job got: 105%
	Elapsed (wall clock) time (h:mm:ss or m:ss): 0:12.99
	Average shared text size (kbytes): 0
	Average unshared data size (kbytes): 0
	Average stack size (kbytes): 0
	Average total size (kbytes): 0
	Maximum resident set size (kbytes): 13149684
	Average resident set size (kbytes): 0
	Major (requiring I/O) page faults: 85
	Minor (reclaiming a frame) page faults: 3287871
	Voluntary context switches: 11575
	Involuntary context switches: 367
	Swaps: 0
	File system inputs: 88086632
	File system outputs: 6632
	Socket messages sent: 0
	Socket messages received: 0
	Signals delivered: 0
	Page size (bytes): 4096
	Exit status: 0
DESTRUCTOR GETTING CALLED 
PRINT_GLOBAL_LIB_STATS in dest
Total nr_ra = 0
Total nr_bytes_ra = 0
[34737.196606] sh (39596): drop_caches: 3
[34737.242922] sh (39601): drop_caches: 3
[34742.276614] write_proc_unbounded: Value of write = 1
[34742.276628] write_proc_2mb_limit: Value of write = 1
[34742.276633] write_proc_bitmap_shift: Value of write = 38
[34742.284490] write_proc_unbounded: Value of write = 1
[34742.284504] write_proc_2mb_limit: Value of write = 1
[34742.284509] write_proc_bitmap_shift: Value of write = 38
[34755.019137] write_proc_unbounded: Value of write = 0
[34755.019150] write_proc_2mb_limit: Value of write = 0
[34755.277500] write_proc_unbounded: Value of write = 0
[34755.277524] write_proc_2mb_limit: Value of write = 0
