Received signal 11 (Segmentation fault)
Command terminated by signal 11
	Command being timed: "./db_bench --db=/users/kannan11/ssd/prefetching/appbench/apps/rocksdb/DATA --value_size=4096 --wal_dir=/users/kannan11/ssd/prefetching/appbench/apps/rocksdb/DATA/WAL_LOG --sync=0 --key_size=1000 --write_buffer_size=67108864 --num=0 --seed=1576170874 --benchmarks=readwhilescanning --use_existing_db=1 --mmap_read=0 --threads=4"
	User time (seconds): 0.05
	System time (seconds): 0.62
	Percent of CPU this job got: 284%
	Elapsed (wall clock) time (h:mm:ss or m:ss): 0:00.23
	Average shared text size (kbytes): 0
	Average unshared data size (kbytes): 0
	Average stack size (kbytes): 0
	Average total size (kbytes): 0
	Maximum resident set size (kbytes): 42060
	Average resident set size (kbytes): 0
	Major (requiring I/O) page faults: 76
	Minor (reclaiming a frame) page faults: 9374
	Voluntary context switches: 580
	Involuntary context switches: 17
	Swaps: 0
	File system inputs: 621576
	File system outputs: 80
	Socket messages sent: 0
	Socket messages received: 0
	Signals delivered: 0
	Page size (bytes): 4096
	Exit status: 0
DESTRUCTOR GETTING CALLED 
PRINT_GLOBAL_LIB_STATS in dest
Total nr_ra = 0
Total nr_bytes_ra = 0
[34675.431449] sh (39234): drop_caches: 3
[34675.476197] sh (39239): drop_caches: 3
[34680.509134] write_proc_unbounded: Value of write = 0
[34680.509147] write_proc_2mb_limit: Value of write = 0
[34680.509153] write_proc_bitmap_shift: Value of write = 38
[34680.517151] write_proc_unbounded: Value of write = 0
[34680.517165] write_proc_2mb_limit: Value of write = 0
[34680.517170] write_proc_bitmap_shift: Value of write = 38
[34680.744625] traps: db_bench[39289] general protection fault ip:7f11adae0250 sp:7f11a75edaa0 error:0 in lib_Cross_Blind.so[7f11adadb000+a000]
[34680.749426] write_proc_unbounded: Value of write = 0
[34680.749432] write_proc_2mb_limit: Value of write = 0
