ENABLE_FILE_STATS in con
ENABLE_FILE_STATS in con
Received signal 11 (Segmentation fault)
#0   /usr/lib/lib_CPNV.so(_ZNKSt8equal_toIiEclERKiS2_+0x1a) [0x7f9f420dca84] ENABLE_FILE_STATS in con
ENABLE_FILE_STATS in con	??	??:0	DESTRUCTOR GETTING CALLED 	PRINT_GLOBAL_STATS in dest	
#1   /usr/lib/lib_CPNV.so(_ZNSt8__detail13_Equal_helperIiSt4pairIKiP14file_predictorENS_10_Select1stESt8equal_toIiEmLb0EE9_S_equalsERKS8_RKS6_RS2_mPNS_10_Hash_nodeIS5_Lb0EEE+0x50) [0x7f9f420dc91f] ENABLE_FILE_STATS in con
ENABLE_FILE_STATS in con	??	??:0	DESTRUCTOR GETTING CALLED 	PRINT_GLOBAL_STATS in dest	
#2   /usr/lib/lib_CPNV.so(_ZNKSt8__detail15_Hashtable_baseIiSt4pairIKiP14file_predictorENS_10_Select1stESt8equal_toIiESt4hashIiENS_18_Mod_range_hashingENS_20_Default_ranged_hashENS_17_Hashtable_traitsILb0ELb0ELb1EEEE9_M_equalsERS2_mPNS_10_Hash_nodeIS5_Lb0EEE+0x54) [0x7f9f420dc4e2] ENABLE_FILE_STATS in con
ENABLE_FILE_STATS in con	??	??:0	DESTRUCTOR GETTING CALLED 	PRINT_GLOBAL_STATS in dest	
#3   /usr/lib/lib_CPNV.so(_ZNKSt10_HashtableIiSt4pairIKiP14file_predictorESaIS4_ENSt8__detail10_Select1stESt8equal_toIiESt4hashIiENS6_18_Mod_range_hashingENS6_20_Default_ranged_hashENS6_20_Prime_rehash_policyENS6_17_Hashtable_traitsILb0ELb0ELb1EEEE19_M_find_before_nodeEmRS1_m+0x65) [0x7f9f420dbea5] ENABLE_FILE_STATS in con
Command terminated by signal 11
	Command being timed: "./db_bench --db=/users/kannan11/ssd/sudarsun/prefetching/appbench/apps/rocksdb/DATA --value_size=4096 --wal_dir=/users/kannan11/ssd/sudarsun/prefetching/appbench/apps/rocksdb/DATA/WAL_LOG --sync=0 --key_size=1000 --write_buffer_size=67108864 --num=2000000 --benchmarks=readrandom --use_existing_db=1 --mmap_read=0 --threads=4"
	User time (seconds): 0.05
	System time (seconds): 1.65
	Percent of CPU this job got: 838%
	Elapsed (wall clock) time (h:mm:ss or m:ss): 0:00.20
	Average shared text size (kbytes): 0
	Average unshared data size (kbytes): 0
	Average stack size (kbytes): 0
	Average total size (kbytes): 0
	Maximum resident set size (kbytes): 1424580
	Average resident set size (kbytes): 0
	Major (requiring I/O) page faults: 91
	Minor (reclaiming a frame) page faults: 360143
	Voluntary context switches: 1231
	Involuntary context switches: 22
	Swaps: 0
	File system inputs: 41560
	File system outputs: 40
	Socket messages sent: 0
	Socket messages received: 0
	Signals delivered: 0
	Page size (bytes): 4096
	Exit status: 0
DESTRUCTOR GETTING CALLED 
PRINT_GLOBAL_STATS in dest
[ 3133.238562] free_cross_bitmap: releasing mem for inode with i_count 2
[ 3133.252284] free_cross_bitmap: releasing mem for inode with i_count 2
[ 3133.266439] free_cross_bitmap: releasing mem for inode with i_count 2
[ 3133.280615] free_cross_bitmap: releasing mem for inode with i_count 2
[ 3133.294784] free_cross_bitmap: releasing mem for inode with i_count 2
[ 3133.308777] free_cross_bitmap: releasing mem for inode with i_count 2
[ 3133.317104] free_cross_bitmap: releasing mem for inode with i_count 2
[ 3133.337745] free_cross_bitmap: releasing mem for inode with i_count 2
[ 3133.351593] free_cross_bitmap: releasing mem for inode with i_count 2
[ 3133.364979] free_cross_bitmap: releasing mem for inode with i_count 2
[ 3133.372686] free_cross_bitmap: releasing mem for inode with i_count 2
[ 3133.392924] free_cross_bitmap: releasing mem for inode with i_count 2
[ 3133.406436] free_cross_bitmap: releasing mem for inode with i_count 2
[ 3133.419662] free_cross_bitmap: releasing mem for inode with i_count 2
[ 3133.433828] free_cross_bitmap: releasing mem for inode with i_count 2
[ 3133.448674] free_cross_bitmap: releasing mem for inode with i_count 2
[ 3133.461071] free_cross_bitmap: releasing mem for inode with i_count 2
[ 3133.475306] free_cross_bitmap: releasing mem for inode with i_count 2
[ 3133.488848] free_cross_bitmap: releasing mem for inode with i_count 2
[ 3133.502522] free_cross_bitmap: releasing mem for inode with i_count 2
[ 3133.513889] free_cross_bitmap: releasing mem for inode with i_count 2
[ 3133.534721] free_cross_bitmap: releasing mem for inode with i_count 2
[ 3133.549186] free_cross_bitmap: releasing mem for inode with i_count 2
[ 3133.560535] free_cross_bitmap: releasing mem for inode with i_count 2
[ 3133.574796] free_cross_bitmap: releasing mem for inode with i_count 2
[ 3133.588972] free_cross_bitmap: releasing mem for inode with i_count 2
[ 3133.603514] free_cross_bitmap: releasing mem for inode with i_count 2
[ 3133.615220] free_cross_bitmap: releasing mem for inode with i_count 2
[ 3133.637519] free_cross_bitmap: releasing mem for inode with i_count 2
[ 3133.654049] free_cross_bitmap: releasing mem for inode with i_count 2
[ 3133.666715] free_cross_bitmap: releasing mem for inode with i_count 2
[ 3133.681595] free_cross_bitmap: releasing mem for inode with i_count 2
[ 3133.696266] free_cross_bitmap: releasing mem for inode with i_count 2
[ 3133.709736] free_cross_bitmap: releasing mem for inode with i_count 2
[ 3133.733346] free_cross_bitmap: releasing mem for inode with i_count 2
[ 3133.746702] free_cross_bitmap: releasing mem for inode with i_count 2
[ 3133.767779] free_cross_bitmap: releasing mem for inode with i_count 2
[ 3133.780620] free_cross_bitmap: releasing mem for inode with i_count 2
[ 3133.802494] free_cross_bitmap: releasing mem for inode with i_count 2
[ 3133.816547] free_cross_bitmap: releasing mem for inode with i_count 2
[ 3133.824105] free_cross_bitmap: releasing mem for inode with i_count 2
[ 3133.844528] free_cross_bitmap: releasing mem for inode with i_count 2
[ 3133.857775] free_cross_bitmap: releasing mem for inode with i_count 2
[ 3133.883070] free_cross_bitmap: releasing mem for inode with i_count 2
[ 3133.903583] free_cross_bitmap: releasing mem for inode with i_count 2
[ 3133.923335] free_cross_bitmap: releasing mem for inode with i_count 2
[ 3133.936427] free_cross_bitmap: releasing mem for inode with i_count 2
[ 3133.955668] free_cross_bitmap: releasing mem for inode with i_count 2
[ 3133.969891] free_cross_bitmap: releasing mem for inode with i_count 2
[ 3133.980471] free_cross_bitmap: releasing mem for inode with i_count 2
[ 3134.001381] free_cross_bitmap: releasing mem for inode with i_count 2
[ 3134.020992] free_cross_bitmap: releasing mem for inode with i_count 2
[ 3134.073366] free_cross_bitmap: releasing mem for inode with i_count 2
[ 3134.087238] free_cross_bitmap: releasing mem for inode with i_count 2
[ 3134.103721] free_cross_bitmap: releasing mem for inode with i_count 2
[ 3134.123452] free_cross_bitmap: releasing mem for inode with i_count 2
[ 3134.183989] free_cross_bitmap: releasing mem for inode with i_count 2
[ 3134.197638] free_cross_bitmap: releasing mem for inode with i_count 2
[ 3134.210012] free_cross_bitmap: releasing mem for inode with i_count 2
[ 3134.249245] free_cross_bitmap: releasing mem for inode with i_count 2
[ 3134.259752] free_cross_bitmap: releasing mem for inode with i_count 2
[ 3134.279904] free_cross_bitmap: releasing mem for inode with i_count 2
[ 3134.314073] free_cross_bitmap: releasing mem for inode with i_count 2
[ 3134.327609] free_cross_bitmap: releasing mem for inode with i_count 2
[ 3134.337425] free_cross_bitmap: releasing mem for inode with i_count 2
[ 3134.351076] free_cross_bitmap: releasing mem for inode with i_count 2
[ 3134.364700] free_cross_bitmap: releasing mem for inode with i_count 2
[ 3134.377792] free_cross_bitmap: releasing mem for inode with i_count 2
[ 3134.390563] free_cross_bitmap: releasing mem for inode with i_count 2
[ 3134.448089] free_cross_bitmap: releasing mem for inode with i_count 2
[ 3134.588997] free_cross_bitmap: releasing mem for inode with i_count 2
[ 3134.602405] free_cross_bitmap: releasing mem for inode with i_count 2
[ 3134.634648] free_cross_bitmap: releasing mem for inode with i_count 2
[ 3134.647519] free_cross_bitmap: releasing mem for inode with i_count 2
[ 3134.666418] free_cross_bitmap: releasing mem for inode with i_count 2
[ 3134.835748] free_cross_bitmap: releasing mem for inode with i_count 2
[ 3134.906976] free_cross_bitmap: releasing mem for inode with i_count 2
[ 3134.917948] free_cross_bitmap: releasing mem for inode with i_count 2
[ 3134.928947] free_cross_bitmap: releasing mem for inode with i_count 2
[ 3134.940029] free_cross_bitmap: releasing mem for inode with i_count 2
[ 3134.951392] free_cross_bitmap: releasing mem for inode with i_count 2
[ 3134.962354] free_cross_bitmap: releasing mem for inode with i_count 2
[ 3134.973275] free_cross_bitmap: releasing mem for inode with i_count 2
[ 3134.984223] free_cross_bitmap: releasing mem for inode with i_count 2
[ 3134.995070] free_cross_bitmap: releasing mem for inode with i_count 2
[ 3135.006027] free_cross_bitmap: releasing mem for inode with i_count 2
[ 3135.017787] free_cross_bitmap: releasing mem for inode with i_count 2
[ 3135.028691] free_cross_bitmap: releasing mem for inode with i_count 2
[ 3135.039616] free_cross_bitmap: releasing mem for inode with i_count 2
[ 3135.050501] free_cross_bitmap: releasing mem for inode with i_count 2
[ 3135.061427] free_cross_bitmap: releasing mem for inode with i_count 2
[ 3135.072257] free_cross_bitmap: releasing mem for inode with i_count 2
[ 3135.083699] free_cross_bitmap: releasing mem for inode with i_count 2
[ 3135.094689] free_cross_bitmap: releasing mem for inode with i_count 2
[ 3135.105638] free_cross_bitmap: releasing mem for inode with i_count 2
[ 3135.116574] free_cross_bitmap: releasing mem for inode with i_count 2
[ 3135.127638] free_cross_bitmap: releasing mem for inode with i_count 2
[ 3135.138587] free_cross_bitmap: releasing mem for inode with i_count 2
[ 3135.150932] free_cross_bitmap: releasing mem for inode with i_count 2
[ 3135.161975] free_cross_bitmap: releasing mem for inode with i_count 2
[ 3135.172870] free_cross_bitmap: releasing mem for inode with i_count 2
[ 3135.183977] free_cross_bitmap: releasing mem for inode with i_count 2
[ 3135.194914] free_cross_bitmap: releasing mem for inode with i_count 2
[ 3135.205737] free_cross_bitmap: releasing mem for inode with i_count 2
[ 3135.216873] free_cross_bitmap: releasing mem for inode with i_count 2
[ 3135.227659] free_cross_bitmap: releasing mem for inode with i_count 2
[ 3135.238420] free_cross_bitmap: releasing mem for inode with i_count 2
[ 3135.249305] free_cross_bitmap: releasing mem for inode with i_count 2
[ 3135.260111] free_cross_bitmap: releasing mem for inode with i_count 2
[ 3135.270941] free_cross_bitmap: releasing mem for inode with i_count 2
[ 3135.282141] free_cross_bitmap: releasing mem for inode with i_count 2
[ 3135.293733] free_cross_bitmap: releasing mem for inode with i_count 2
[ 3135.304545] free_cross_bitmap: releasing mem for inode with i_count 2
[ 3135.315288] free_cross_bitmap: releasing mem for inode with i_count 2
[ 3135.330028] free_cross_bitmap: releasing mem for inode with i_count 2
[ 3135.340944] free_cross_bitmap: releasing mem for inode with i_count 2
[ 3135.352116] free_cross_bitmap: releasing mem for inode with i_count 2
[ 3135.362964] free_cross_bitmap: releasing mem for inode with i_count 2
[ 3135.373835] free_cross_bitmap: releasing mem for inode with i_count 2
[ 3135.384664] free_cross_bitmap: releasing mem for inode with i_count 2
[ 3135.395366] free_cross_bitmap: releasing mem for inode with i_count 2
[ 3135.406084] free_cross_bitmap: releasing mem for inode with i_count 2
[ 3135.417227] free_cross_bitmap: releasing mem for inode with i_count 2
[ 3135.428131] free_cross_bitmap: releasing mem for inode with i_count 2
[ 3135.439530] free_cross_bitmap: releasing mem for inode with i_count 2
[ 3135.450274] free_cross_bitmap: releasing mem for inode with i_count 2
[ 3135.461154] free_cross_bitmap: releasing mem for inode with i_count 2
[ 3135.471878] free_cross_bitmap: releasing mem for inode with i_count 2
[ 3135.483297] free_cross_bitmap: releasing mem for inode with i_count 2
[ 3135.494089] free_cross_bitmap: releasing mem for inode with i_count 2
[ 3135.504823] free_cross_bitmap: releasing mem for inode with i_count 2
[ 3135.515699] free_cross_bitmap: releasing mem for inode with i_count 2
[ 3135.526398] free_cross_bitmap: releasing mem for inode with i_count 2
[ 3135.537083] free_cross_bitmap: releasing mem for inode with i_count 2
[ 3135.548232] free_cross_bitmap: releasing mem for inode with i_count 2
[ 3135.558972] free_cross_bitmap: releasing mem for inode with i_count 2
[ 3135.570222] free_cross_bitmap: releasing mem for inode with i_count 2
[ 3135.580842] free_cross_bitmap: releasing mem for inode with i_count 2
[ 3135.591433] free_cross_bitmap: releasing mem for inode with i_count 2
[ 3135.602032] free_cross_bitmap: releasing mem for inode with i_count 2
[ 3135.616626] free_cross_bitmap: releasing mem for inode with i_count 2
[ 3135.627194] free_cross_bitmap: releasing mem for inode with i_count 2
[ 3135.634663] free_cross_bitmap: releasing mem for inode with i_count 2
[ 3135.642088] sh (19299): drop_caches: 3
[ 3135.672844] sh (19448): drop_caches: 3
[ 3140.697346] Enabled file stats for time:19455
[ 3140.697543] write_proc: Value of write = 0
[ 3140.703030] Enabled file stats for db_bench:19464
[ 3140.703209] write_proc: Value of write = 0
[ 3140.756710] alloc_cross_bitmap: preallocate 268435456 pg, nr_longs=4194304 in 12 millisec
[ 3140.757032] alloc_cross_bitmap: preallocate 268435456 pg, nr_longs=4194304 in 12 millisec
[ 3140.757287] alloc_cross_bitmap: preallocate 268435456 pg, nr_longs=4194304 in 12 millisec
[ 3140.757485] alloc_cross_bitmap: preallocate 268435456 pg, nr_longs=4194304 in 12 millisec
[ 3140.757517] alloc_cross_bitmap: preallocate 268435456 pg, nr_longs=4194304 in 16 millisec
[ 3140.757605] alloc_cross_bitmap: preallocate 268435456 pg, nr_longs=4194304 in 16 millisec
[ 3140.758238] alloc_cross_bitmap: preallocate 268435456 pg, nr_longs=4194304 in 16 millisec
[ 3140.758649] alloc_cross_bitmap: preallocate 268435456 pg, nr_longs=4194304 in 12 millisec
[ 3140.758726] alloc_cross_bitmap: preallocate 268435456 pg, nr_longs=4194304 in 12 millisec
[ 3140.759020] alloc_cross_bitmap: preallocate 268435456 pg, nr_longs=4194304 in 16 millisec
[ 3140.759127] alloc_cross_bitmap: preallocate 268435456 pg, nr_longs=4194304 in 12 millisec
[ 3140.759164] alloc_cross_bitmap: preallocate 268435456 pg, nr_longs=4194304 in 12 millisec
[ 3140.759180] alloc_cross_bitmap: preallocate 268435456 pg, nr_longs=4194304 in 12 millisec
[ 3140.759291] alloc_cross_bitmap: preallocate 268435456 pg, nr_longs=4194304 in 12 millisec
[ 3140.768376] Enabled file stats for sh:19490
[ 3140.768577] write_proc: Value of write = 0
[ 3140.771154] Enabled file stats for addr2line:19499
[ 3140.771322] write_proc: Value of write = 0
[ 3140.774855] write_proc: Value of write = 0
[ 3140.774862] __do_sys_start_cross_trace: PRINT_GLOBAL_STATS 
[ 3140.774863] Final GlobalReport: nr_pages_read:2800916910, nr_pages_hit:2755904024, nr_do_read_fault:651261, nr_pages_miss:12111042
[ 3140.774896] FinalTaskReport: addr2line:19499 - ra_orig_nr_pages:0, ra_final_nr_pages:0
                                        async_pages:781, final_async_pages:421
                                        full_pfetches:0, less256_pfetches:0, partial_pfetches:0
                                        failed_pfetches:0, total_pfetches:0, os_pfetches:16
                                        nr_pages_read:242, nr_pages_hit:100, nr_do_read_fault:40
[ 3140.775120] FinalTaskReport: sh:19490 - ra_orig_nr_pages:0, ra_final_nr_pages:0
                                        async_pages:0, final_async_pages:0
                                        full_pfetches:0, less256_pfetches:0, partial_pfetches:0
                                        failed_pfetches:0, total_pfetches:0, os_pfetches:0
                                        nr_pages_read:0, nr_pages_hit:0, nr_do_read_fault:19
[ 3140.794797] Enabled file stats for sh:19508
[ 3140.794990] write_proc: Value of write = 0
[ 3140.796784] Enabled file stats for addr2line:19517
[ 3140.796988] write_proc: Value of write = 0
[ 3140.798148] alloc_cross_bitmap: preallocate 268435456 pg, nr_longs=4194304 in 4 millisec
[ 3140.799352] write_proc: Value of write = 0
[ 3140.799360] __do_sys_start_cross_trace: PRINT_GLOBAL_STATS 
[ 3140.799361] Final GlobalReport: nr_pages_read:2800916910, nr_pages_hit:2755904024, nr_do_read_fault:651495, nr_pages_miss:12111042
[ 3140.799407] FinalTaskReport: addr2line:19517 - ra_orig_nr_pages:0, ra_final_nr_pages:0
                                        async_pages:0, final_async_pages:0
                                        full_pfetches:0, less256_pfetches:0, partial_pfetches:0
                                        failed_pfetches:0, total_pfetches:0, os_pfetches:0
                                        nr_pages_read:370, nr_pages_hit:358, nr_do_read_fault:36
[ 3140.799800] FinalTaskReport: sh:19508 - ra_orig_nr_pages:0, ra_final_nr_pages:0
                                        async_pages:0, final_async_pages:0
                                        full_pfetches:0, less256_pfetches:0, partial_pfetches:0
                                        failed_pfetches:0, total_pfetches:0, os_pfetches:0
                                        nr_pages_read:0, nr_pages_hit:0, nr_do_read_fault:19
[ 3140.800929] alloc_cross_bitmap: preallocate 268435456 pg, nr_longs=4194304 in 8 millisec
[ 3140.804853] alloc_cross_bitmap: preallocate 268435456 pg, nr_longs=4194304 in 12 millisec
[ 3140.804968] alloc_cross_bitmap: preallocate 268435456 pg, nr_longs=4194304 in 12 millisec
[ 3140.805030] alloc_cross_bitmap: preallocate 268435456 pg, nr_longs=4194304 in 8 millisec
[ 3140.805705] alloc_cross_bitmap: preallocate 268435456 pg, nr_longs=4194304 in 8 millisec
[ 3140.807512] alloc_cross_bitmap: preallocate 268435456 pg, nr_longs=4194304 in 8 millisec
[ 3140.807745] alloc_cross_bitmap: preallocate 268435456 pg, nr_longs=4194304 in 8 millisec
[ 3140.807785] alloc_cross_bitmap: preallocate 268435456 pg, nr_longs=4194304 in 8 millisec
[ 3140.807824] alloc_cross_bitmap: preallocate 268435456 pg, nr_longs=4194304 in 8 millisec
[ 3140.807825] alloc_cross_bitmap: preallocate 268435456 pg, nr_longs=4194304 in 8 millisec
[ 3140.807831] alloc_cross_bitmap: preallocate 268435456 pg, nr_longs=4194304 in 8 millisec
[ 3140.807846] alloc_cross_bitmap: preallocate 268435456 pg, nr_longs=4194304 in 8 millisec
[ 3140.807873] alloc_cross_bitmap: preallocate 268435456 pg, nr_longs=4194304 in 8 millisec
[ 3140.823090] Enabled file stats for sh:19526
[ 3140.823268] write_proc: Value of write = 0
[ 3140.824837] Enabled file stats for addr2line:19535
[ 3140.824993] write_proc: Value of write = 0
[ 3140.826963] write_proc: Value of write = 0
[ 3140.826969] __do_sys_start_cross_trace: PRINT_GLOBAL_STATS 
[ 3140.826970] Final GlobalReport: nr_pages_read:2800916910, nr_pages_hit:2755904024, nr_do_read_fault:651721, nr_pages_miss:12111042
[ 3140.826997] FinalTaskReport: addr2line:19535 - ra_orig_nr_pages:0, ra_final_nr_pages:0
                                        async_pages:0, final_async_pages:0
                                        full_pfetches:0, less256_pfetches:0, partial_pfetches:0
                                        failed_pfetches:0, total_pfetches:0, os_pfetches:0
                                        nr_pages_read:370, nr_pages_hit:358, nr_do_read_fault:34
[ 3140.827286] FinalTaskReport: sh:19526 - ra_orig_nr_pages:0, ra_final_nr_pages:0
                                        async_pages:0, final_async_pages:0
                                        full_pfetches:0, less256_pfetches:0, partial_pfetches:0
                                        failed_pfetches:0, total_pfetches:0, os_pfetches:0
                                        nr_pages_read:0, nr_pages_hit:0, nr_do_read_fault:16
[ 3140.841730] alloc_cross_bitmap: preallocate 268435456 pg, nr_longs=4194304 in 4 millisec
[ 3140.846936] alloc_cross_bitmap: preallocate 268435456 pg, nr_longs=4194304 in 4 millisec
[ 3140.850769] alloc_cross_bitmap: preallocate 268435456 pg, nr_longs=4194304 in 4 millisec
[ 3140.851259] alloc_cross_bitmap: preallocate 268435456 pg, nr_longs=4194304 in 4 millisec
[ 3140.851422] alloc_cross_bitmap: preallocate 268435456 pg, nr_longs=4194304 in 4 millisec
[ 3140.851579] alloc_cross_bitmap: preallocate 268435456 pg, nr_longs=4194304 in 4 millisec
[ 3140.852276] Enabled file stats for sh:19544
[ 3140.852531] write_proc: Value of write = 0
[ 3140.852801] alloc_cross_bitmap: preallocate 268435456 pg, nr_longs=4194304 in 8 millisec
[ 3140.852816] alloc_cross_bitmap: preallocate 268435456 pg, nr_longs=4194304 in 8 millisec
[ 3140.852988] alloc_cross_bitmap: preallocate 268435456 pg, nr_longs=4194304 in 8 millisec
[ 3140.853048] db_bench[19477]: segfault at 8 ip 00007f9f420dca84 sp 00007f9f3a074b60 error 4 in lib_CPNV.so[7f9f420cf000+13000]
[ 3140.853058] Code: 45 f8 48 89 d6 48 89 c7 e8 69 c3 ff ff c9 c3 90 55 48 89 e5 48 89 7d f8 48 89 75 f0 48 89 55 e8 48 8b 45 f0 8b 10 48 8b 45 e8 <8b> 00 39 c2 0f 94 c0 5d c3 55 48 89 e5 48 89 7d f8 48 8b 45 f8 5d
[ 3140.853125] FinalTaskReport: db_bench:19464 - ra_orig_nr_pages:0, ra_final_nr_pages:0
                                        async_pages:948, final_async_pages:1550
                                        full_pfetches:0, less256_pfetches:0, partial_pfetches:0
                                        failed_pfetches:0, total_pfetches:0, os_pfetches:74
                                        nr_pages_read:650, nr_pages_hit:413, nr_do_read_fault:159
[ 3140.853409] alloc_cross_bitmap: preallocate 268435456 pg, nr_longs=4194304 in 8 millisec
[ 3140.853465] alloc_cross_bitmap: preallocate 268435456 pg, nr_longs=4194304 in 8 millisec
[ 3140.853794] alloc_cross_bitmap: preallocate 268435456 pg, nr_longs=4194304 in 4 millisec
[ 3140.854097] Enabled file stats for addr2line:19553
[ 3140.854280] write_proc: Value of write = 0
[ 3140.856201] write_proc: Value of write = 0
[ 3140.856206] __do_sys_start_cross_trace: PRINT_GLOBAL_STATS 
[ 3140.856207] Final GlobalReport: nr_pages_read:2800916910, nr_pages_hit:2755904024, nr_do_read_fault:651956, nr_pages_miss:12111042
[ 3140.856230] FinalTaskReport: addr2line:19553 - ra_orig_nr_pages:0, ra_final_nr_pages:0
                                        async_pages:0, final_async_pages:0
                                        full_pfetches:0, less256_pfetches:0, partial_pfetches:0
                                        failed_pfetches:0, total_pfetches:0, os_pfetches:0
                                        nr_pages_read:370, nr_pages_hit:358, nr_do_read_fault:35
[ 3140.856634] FinalTaskReport: sh:19544 - ra_orig_nr_pages:0, ra_final_nr_pages:0
                                        async_pages:0, final_async_pages:0
                                        full_pfetches:0, less256_pfetches:0, partial_pfetches:0
                                        failed_pfetches:0, total_pfetches:0, os_pfetches:0
                                        nr_pages_read:0, nr_pages_hit:0, nr_do_read_fault:16
[ 3140.903911] write_proc: Value of write = 0
[ 3140.903924] __do_sys_start_cross_trace: PRINT_GLOBAL_STATS 
[ 3140.903925] Final GlobalReport: nr_pages_read:2800916910, nr_pages_hit:2755904024, nr_do_read_fault:651961, nr_pages_miss:12111042
[ 3140.903967] FinalTaskReport: time:19455 - ra_orig_nr_pages:0, ra_final_nr_pages:0
                                        async_pages:0, final_async_pages:51
                                        full_pfetches:0, less256_pfetches:0, partial_pfetches:0
                                        failed_pfetches:0, total_pfetches:0, os_pfetches:3
                                        nr_pages_read:0, nr_pages_hit:0, nr_do_read_fault:18
