Regsitering signal handler 
Regsitering signal handler 
RocksDB:    version 6.20
Date:       Thu Jul 21 23:14:57 2022
CPU:        64 * Intel(R) Xeon(R) Gold 5218 CPU @ 2.30GHz
CPUCache:   22528 KB
Initializing RocksDB Options from the specified file
Initializing RocksDB Options from command-line flags
error while readahead_info: TID:58158 
error while readahead_info: TID:58157 
error while readahead_info: TID:58156 
error while readahead_info: TID:58160 
error while readahead_info: TID:58153 
error while readahead_info: TID:58159 
error while readahead_info: TID:58154 
error while readahead_info: TID:58155 
error while readahead_info: TID:58156 
error while readahead_info: TID:58160 
error while readahead_info: TID:58157 
error while readahead_info: TID:58153 
error while readahead_info: TID:58158 
error while readahead_info: TID:58159 
Keys:       1000 bytes each (+ 0 bytes user-defined timestamp)
Values:     4096 bytes each (2048 bytes after compression)
Entries:    4000000
Prefix:    0 bytes
Keys per prefix:    0
RawSize:    19439.7 MB (estimated)
FileSize:   11627.2 MB (estimated)
Write rate: 0 bytes/second
Read rate: 0 ops/second
Compression: Snappy
Compression sampling rate: 0
Memtablerep: skip_list
Perf Level: 1
------------------------------------------------
DB path: [/localhome/sudarsun/projects/HPC/prefetching/appbench/apps/rocksdb/DATA]
error while readahead_info: TID:58154 
error while readahead_info: TID:58155 
error while readahead_info: TID:58160 
error while readahead_info: TID:58153 
error while readahead_info: TID:58157 
error while readahead_info: TID:58158 
error while readahead_info: TID:58159 
error while readahead_info: TID:58156 
error while readahead_info: TID:58160 
error while readahead_info: TID:58153 
error while readahead_info: TID:58154 
error while readahead_info: TID:58155 
error while readahead_info: TID:58157 
error while readahead_info: TID:58158 
error while readahead_info: TID:58159 
error while readahead_info: TID:58156 
error while readahead_info: TID:58160 
error while readahead_info: TID:58153 
error while readahead_info: TID:58154 
error while readahead_info: TID:58155 
error while readahead_info: TID:58157 
error while readahead_info: TID:58158 
error while readahead_info: TID:58159 
error while readahead_info: TID:58160 
error while readahead_info: TID:58156 
error while readahead_info: TID:58153 
error while readahead_info: TID:58154 
error while readahead_info: TID:58155 
error while readahead_info: TID:58159 
error while readahead_info: TID:58158 
error while readahead_info: TID:58160 
error while readahead_info: TID:58157 
error while readahead_info: TID:58153 
error while readahead_info: TID:58156 
error while readahead_info: TID:58159 
error while readahead_info: TID:58160 
error while readahead_info: TID:58158 
error while readahead_info: TID:58154 
error while readahead_info: TID:58153 
error while readahead_info: TID:58155 
error while readahead_info: TID:58157 
error while readahead_info: TID:58156 
error while readahead_info: TID:58158 
error while readahead_info: TID:58159 
error while readahead_info: TID:58160 
error while readahead_info: TID:58153 
error while readahead_info: TID:58157 
error while readahead_info: TID:58154 
error while readahead_info: TID:58155 
error while readahead_info: TID:58159 
error while readahead_info: TID:58158 
error while readahead_info: TID:58156 
error while readahead_info: TID:58160 
error while readahead_info: TID:58153 
error while readahead_info: TID:58157 
error while readahead_info: TID:58154 
error while readahead_info: TID:58155 
error while readahead_info: TID:58158 
error while readahead_info: TID:58159 
error while readahead_info: TID:58160 
error while readahead_info: TID:58153 
error while readahead_info: TID:58156 
error while readahead_info: TID:58157 
error while readahead_info: TID:58158 
error while readahead_info: TID:58159 
error while readahead_info: TID:58160 
error while readahead_info: TID:58154 
error while readahead_info: TID:58155 
error while readahead_info: TID:58153 
error while readahead_info: TID:58157 
error while readahead_info: TID:58156 
error while readahead_info: TID:58158 
error while readahead_info: TID:58160 
error while readahead_info: TID:58159 
error while readahead_info: TID:58154 
error while readahead_info: TID:58156 
error while readahead_info: TID:58157 
error while readahead_info: TID:58153 
error while readahead_info: TID:58160 
error while readahead_info: TID:58158 
error while readahead_info: TID:58159 
error while readahead_info: TID:58155 
error while readahead_info: TID:58154 
error while readahead_info: TID:58156 
error while readahead_info: TID:58157 
error while readahead_info: TID:58153 
error while readahead_info: TID:58160 
error while readahead_info: TID:58158 
error while readahead_info: TID:58159 
error while readahead_info: TID:58155 
error while readahead_info: TID:58154 
error while readahead_info: TID:58157 
error while readahead_info: TID:58156 
error while readahead_info: TID:58160 
error while readahead_info: TID:58153 
error while readahead_info: TID:58158 
error while readahead_info: TID:58159 
error while readahead_info: TID:58157 
error while readahead_info: TID:58155 
error while readahead_info: TID:58154 
error while readahead_info: TID:58160 
error while readahead_info: TID:58156 
error while readahead_info: TID:58157 
error while readahead_info: TID:58159 
error while readahead_info: TID:58153 
error while readahead_info: TID:58158 
error while readahead_info: TID:58155 
error while readahead_info: TID:58154 
error while readahead_info: TID:58160 
error while readahead_info: TID:58156 
error while readahead_info: TID:58157 
error while readahead_info: TID:58158 
error while readahead_info: TID:58159 
error while readahead_info: TID:58153 
error while readahead_info: TID:58160 
error while readahead_info: TID:58155 
error while readahead_info: TID:58154 
error while readahead_info: TID:58156 
error while readahead_info: TID:58157 
error while readahead_info: TID:58160 
error while readahead_info: TID:58158 
error while readahead_info: TID:58159 
error while readahead_info: TID:58153 
error while readahead_info: TID:58155 
error while readahead_info: TID:58154 
error while readahead_info: TID:58156 
error while readahead_info: TID:58157 
error while readahead_info: TID:58160 
error while readahead_info: TID:58153 
error while readahead_info: TID:58159 
error while readahead_info: TID:58158 
error while readahead_info: TID:58155 
error while readahead_info: TID:58154 
error while readahead_info: TID:58156 
error while readahead_info: TID:58157 
error while readahead_info: TID:58160 
error while readahead_info: TID:58153 
error while readahead_info: TID:58159 
error while readahead_info: TID:58158 
error while readahead_info: TID:58155 
error while readahead_info: TID:58154 
error while readahead_info: TID:58156 
error while readahead_info: TID:58157 
error while readahead_info: TID:58160 
error while readahead_info: TID:58153 
error while readahead_info: TID:58158 
error while readahead_info: TID:58159 
error while readahead_info: TID:58157 
error while readahead_info: TID:58155 
error while readahead_info: TID:58156 
error while readahead_info: TID:58156 
error while readahead_info: TID:58157 
error while readahead_info: TID:58160 
error while readahead_info: TID:58158 
error while readahead_info: TID:58153 
error while readahead_info: TID:58159 
error while readahead_info: TID:58154 
error while readahead_info: TID:58155 
error while readahead_info: TID:58156 
error while readahead_info: TID:58157 
error while readahead_info: TID:58160 
error while readahead_info: TID:58158 
error while readahead_info: TID:58153 
error while readahead_info: TID:58159 
compact      : 80906762.000 micros/op 0 ops/sec;
DESTRUCTOR GETTING CALLED 
	Command being timed: "./db_bench --db=/localhome/sudarsun/projects/HPC/prefetching/appbench/apps/rocksdb/DATA --value_size=4096 --wal_dir=/localhome/sudarsun/projects/HPC/prefetching/appbench/apps/rocksdb/DATA/WAL_LOG --sync=0 --key_size=1000 --write_buffer_size=67108864 --num=4000000 --benchmarks=compact --use_existing_db=1 --mmap_read=0 --threads=4"
	User time (seconds): 19.14
	System time (seconds): 14.18
	Percent of CPU this job got: 105%
	Elapsed (wall clock) time (h:mm:ss or m:ss): 0:31.54
	Average shared text size (kbytes): 0
	Average unshared data size (kbytes): 0
	Average stack size (kbytes): 0
	Average total size (kbytes): 0
	Maximum resident set size (kbytes): 307380
	Average resident set size (kbytes): 0
	Major (requiring I/O) page faults: 87
	Minor (reclaiming a frame) page faults: 1615544
	Voluntary context switches: 233536
	Involuntary context switches: 3165
	Swaps: 0
	File system inputs: 11740952
	File system outputs: 11726672
	Socket messages sent: 0
	Socket messages received: 0
	Signals delivered: 0
	Page size (bytes): 4096
	Exit status: 0
DESTRUCTOR GETTING CALLED 
