ENABLE_FILE_STATS in con
ENABLE_FILE_STATS in con
Received signal 11 (Segmentation fault)
Command terminated by signal 11
	Command being timed: "./db_bench --db=/users/kannan11/ssd/sudarsun/prefetching/appbench/apps/rocksdb/DATA --value_size=4096 --wal_dir=/users/kannan11/ssd/sudarsun/prefetching/appbench/apps/rocksdb/DATA/WAL_LOG --sync=0 --key_size=1000 --write_buffer_size=67108864 --num=2000000 --benchmarks=readwhilewriting --use_existing_db=1 --mmap_read=0 --threads=4"
	User time (seconds): 0.02
	System time (seconds): 0.53
	Percent of CPU this job got: 763%
	Elapsed (wall clock) time (h:mm:ss or m:ss): 0:00.07
	Average shared text size (kbytes): 0
	Average unshared data size (kbytes): 0
	Average stack size (kbytes): 0
	Average total size (kbytes): 0
	Maximum resident set size (kbytes): 533796
	Average resident set size (kbytes): 0
	Major (requiring I/O) page faults: 71
	Minor (reclaiming a frame) page faults: 131528
	Voluntary context switches: 368
	Involuntary context switches: 16
	Swaps: 0
	File system inputs: 13648
	File system outputs: 40
	Socket messages sent: 0
	Socket messages received: 0
	Signals delivered: 0
	Page size (bytes): 4096
	Exit status: 0
DESTRUCTOR GETTING CALLED 
PRINT_GLOBAL_STATS in dest
[ 5935.668621] free_cross_bitmap: releasing mem for inode with i_count 2
[ 5935.682167] free_cross_bitmap: releasing mem for inode with i_count 2
[ 5935.695584] free_cross_bitmap: releasing mem for inode with i_count 2
[ 5935.708845] free_cross_bitmap: releasing mem for inode with i_count 2
[ 5935.722046] free_cross_bitmap: releasing mem for inode with i_count 2
[ 5935.734881] free_cross_bitmap: releasing mem for inode with i_count 2
[ 5935.748017] free_cross_bitmap: releasing mem for inode with i_count 2
[ 5935.760447] free_cross_bitmap: releasing mem for inode with i_count 2
[ 5935.772677] free_cross_bitmap: releasing mem for inode with i_count 2
[ 5935.784807] free_cross_bitmap: releasing mem for inode with i_count 2
[ 5935.796923] free_cross_bitmap: releasing mem for inode with i_count 2
[ 5935.809002] free_cross_bitmap: releasing mem for inode with i_count 2
[ 5935.821241] free_cross_bitmap: releasing mem for inode with i_count 2
[ 5935.833283] free_cross_bitmap: releasing mem for inode with i_count 2
[ 5935.845438] free_cross_bitmap: releasing mem for inode with i_count 2
[ 5935.857533] free_cross_bitmap: releasing mem for inode with i_count 2
[ 5935.870343] free_cross_bitmap: releasing mem for inode with i_count 2
[ 5935.882602] free_cross_bitmap: releasing mem for inode with i_count 2
[ 5935.895598] free_cross_bitmap: releasing mem for inode with i_count 2
[ 5935.908507] free_cross_bitmap: releasing mem for inode with i_count 2
[ 5935.922793] free_cross_bitmap: releasing mem for inode with i_count 2
[ 5935.937021] free_cross_bitmap: releasing mem for inode with i_count 2
[ 5935.957835] free_cross_bitmap: releasing mem for inode with i_count 2
[ 5935.970911] free_cross_bitmap: releasing mem for inode with i_count 2
[ 5935.984154] free_cross_bitmap: releasing mem for inode with i_count 2
[ 5935.996745] free_cross_bitmap: releasing mem for inode with i_count 2
[ 5936.009134] free_cross_bitmap: releasing mem for inode with i_count 2
[ 5936.021467] free_cross_bitmap: releasing mem for inode with i_count 2
[ 5936.033604] free_cross_bitmap: releasing mem for inode with i_count 2
[ 5936.045629] free_cross_bitmap: releasing mem for inode with i_count 2
[ 5936.058125] free_cross_bitmap: releasing mem for inode with i_count 2
[ 5936.070136] free_cross_bitmap: releasing mem for inode with i_count 2
[ 5936.082104] free_cross_bitmap: releasing mem for inode with i_count 2
[ 5936.095038] free_cross_bitmap: releasing mem for inode with i_count 2
[ 5936.106996] free_cross_bitmap: releasing mem for inode with i_count 2
[ 5936.118921] free_cross_bitmap: releasing mem for inode with i_count 2
[ 5936.131431] free_cross_bitmap: releasing mem for inode with i_count 2
[ 5936.143370] free_cross_bitmap: releasing mem for inode with i_count 2
[ 5936.155332] free_cross_bitmap: releasing mem for inode with i_count 2
[ 5936.167336] free_cross_bitmap: releasing mem for inode with i_count 2
[ 5936.179322] free_cross_bitmap: releasing mem for inode with i_count 2
[ 5936.191312] free_cross_bitmap: releasing mem for inode with i_count 2
[ 5936.203880] free_cross_bitmap: releasing mem for inode with i_count 2
[ 5936.215848] free_cross_bitmap: releasing mem for inode with i_count 2
[ 5936.227951] free_cross_bitmap: releasing mem for inode with i_count 2
[ 5936.240301] free_cross_bitmap: releasing mem for inode with i_count 2
[ 5936.252283] free_cross_bitmap: releasing mem for inode with i_count 2
[ 5936.264272] free_cross_bitmap: releasing mem for inode with i_count 2
[ 5936.276690] free_cross_bitmap: releasing mem for inode with i_count 2
[ 5936.288642] free_cross_bitmap: releasing mem for inode with i_count 2
[ 5936.300600] free_cross_bitmap: releasing mem for inode with i_count 2
[ 5936.312533] free_cross_bitmap: releasing mem for inode with i_count 2
[ 5936.324499] free_cross_bitmap: releasing mem for inode with i_count 2
[ 5936.336490] free_cross_bitmap: releasing mem for inode with i_count 2
[ 5936.348915] free_cross_bitmap: releasing mem for inode with i_count 2
[ 5936.360920] free_cross_bitmap: releasing mem for inode with i_count 2
[ 5936.373034] free_cross_bitmap: releasing mem for inode with i_count 2
[ 5936.385161] free_cross_bitmap: releasing mem for inode with i_count 2
[ 5936.397321] free_cross_bitmap: releasing mem for inode with i_count 2
[ 5936.409479] free_cross_bitmap: releasing mem for inode with i_count 2
[ 5936.423749] free_cross_bitmap: releasing mem for inode with i_count 2
[ 5936.437767] free_cross_bitmap: releasing mem for inode with i_count 2
[ 5936.451746] free_cross_bitmap: releasing mem for inode with i_count 2
[ 5936.466174] free_cross_bitmap: releasing mem for inode with i_count 2
[ 5936.480807] free_cross_bitmap: releasing mem for inode with i_count 2
[ 5936.495459] free_cross_bitmap: releasing mem for inode with i_count 2
[ 5936.506417] free_cross_bitmap: releasing mem for inode with i_count 2
[ 5936.730693] free_cross_bitmap: releasing mem for inode with i_count 2
[ 5936.838490] free_cross_bitmap: releasing mem for inode with i_count 2
[ 5937.094322] sh (33402): drop_caches: 3
[ 5937.125656] sh (33476): drop_caches: 3
[ 5942.150572] Enabled file stats for time:33483
[ 5942.150773] write_proc: Value of write = 0
[ 5942.156018] Enabled file stats for db_bench:33492
[ 5942.156199] write_proc: Value of write = 0
[ 5942.196762] db_bench[33505]: segfault at 8 ip 00007f6adfd1ba84 sp 00007f6ad37fd1b0 error 4 in lib_CPNV.so[7f6adfd0e000+13000]
[ 5942.196778] Code: 45 f8 48 89 d6 48 89 c7 e8 69 c3 ff ff c9 c3 90 55 48 89 e5 48 89 7d f8 48 89 75 f0 48 89 55 e8 48 8b 45 f0 8b 10 48 8b 45 e8 <8b> 00 39 c2 0f 94 c0 5d c3 55 48 89 e5 48 89 7d f8 48 8b 45 f8 5d
[ 5942.203452] alloc_cross_bitmap: preallocate 268435456 pg, nr_longs=4194304 in 8 millisec
[ 5942.203461] FinalTaskReport: db_bench:33492 - ra_orig_nr_pages:0, ra_final_nr_pages:0
                                        async_pages:980, final_async_pages:1296
                                        full_pfetches:0, less256_pfetches:0, partial_pfetches:0
                                        failed_pfetches:0, total_pfetches:0, os_pfetches:64
                                        nr_pages_read:180, nr_pages_hit:142, nr_do_read_fault:158
[ 5942.203861] alloc_cross_bitmap: preallocate 268435456 pg, nr_longs=4194304 in 8 millisec
[ 5942.203899] alloc_cross_bitmap: preallocate 268435456 pg, nr_longs=4194304 in 8 millisec
[ 5942.206072] alloc_cross_bitmap: preallocate 268435456 pg, nr_longs=4194304 in 8 millisec
[ 5942.206265] alloc_cross_bitmap: preallocate 268435456 pg, nr_longs=4194304 in 8 millisec
[ 5942.206292] alloc_cross_bitmap: preallocate 268435456 pg, nr_longs=4194304 in 8 millisec
[ 5942.206384] alloc_cross_bitmap: preallocate 268435456 pg, nr_longs=4194304 in 8 millisec
[ 5942.226562] write_proc: Value of write = 0
[ 5942.226576] __do_sys_start_cross_trace: PRINT_GLOBAL_STATS 
[ 5942.226577] Final GlobalReport: nr_pages_read:7746811612, nr_pages_hit:7560735432, nr_do_read_fault:6810685, nr_pages_miss:69355574
[ 5942.226620] FinalTaskReport: time:33483 - ra_orig_nr_pages:0, ra_final_nr_pages:0
                                        async_pages:0, final_async_pages:25
                                        full_pfetches:0, less256_pfetches:0, partial_pfetches:0
                                        failed_pfetches:0, total_pfetches:0, os_pfetches:1
                                        nr_pages_read:0, nr_pages_hit:0, nr_do_read_fault:16
