Received signal 11 (Segmentation fault)
Command terminated by signal 11
	Command being timed: "./db_bench --db=/users/kannan11/ssd/prefetching/appbench/apps/rocksdb/DATA --value_size=4096 --wal_dir=/users/kannan11/ssd/prefetching/appbench/apps/rocksdb/DATA/WAL_LOG --sync=0 --key_size=1000 --write_buffer_size=67108864 --num=20000000 --seed=1576170874 --benchmarks=multireadrandom --use_existing_db=1 --mmap_read=0 --threads=16"
	User time (seconds): 0.06
	System time (seconds): 0.88
	Percent of CPU this job got: 359%
	Elapsed (wall clock) time (h:mm:ss or m:ss): 0:00.26
	Average shared text size (kbytes): 0
	Average unshared data size (kbytes): 0
	Average stack size (kbytes): 0
	Average total size (kbytes): 0
	Maximum resident set size (kbytes): 42628
	Average resident set size (kbytes): 0
	Major (requiring I/O) page faults: 82
	Minor (reclaiming a frame) page faults: 9524
	Voluntary context switches: 583
	Involuntary context switches: 20
	Swaps: 0
	File system inputs: 623928
	File system outputs: 64
	Socket messages sent: 0
	Socket messages received: 0
	Signals delivered: 0
	Page size (bytes): 4096
	Exit status: 0
DESTRUCTOR GETTING CALLED 
PRINT_GLOBAL_LIB_STATS in dest
Total nr_ra = 0
Total nr_bytes_ra = 0
[13176.304680] sh (16151): drop_caches: 3
[13176.355204] sh (16157): drop_caches: 3
[13181.387739] write_proc_unbounded: Value of write = 0
[13181.387753] write_proc_2mb_limit: Value of write = 0
[13181.387758] write_proc_bitmap_shift: Value of write = 38
[13181.396357] write_proc_unbounded: Value of write = 0
[13181.396370] write_proc_2mb_limit: Value of write = 0
[13181.396375] write_proc_bitmap_shift: Value of write = 38
[13181.648522] traps: db_bench[16209] general protection fault ip:7f073adca250 sp:7f0734012aa0 error:0 in lib_Cross_Blind.so[7f073adc5000+a000]
[13181.653950] write_proc_unbounded: Value of write = 0
[13181.653957] write_proc_2mb_limit: Value of write = 0
