page_cache_state is NULL 
page_cache_state is NULL 
page_cache_state is NULL 
page_cache_state is NULL 
page_cache_state is NULL 
page_cache_state is NULL 
page_cache_state is NULL 
page_cache_state is NULL 
page_cache_state is NULL 
INFO:     chifilenames.hpp(find_shards:265): Detected number of shards: 8
[0mINFO:     chifilenames.hpp(find_shards:266): To specify a different number of shards, use command-line parameter 'nshards'
[0mINFO:     conversions.hpp(convert_if_notexists:759): Found preprocessed files for /users/kannan11/ssd/prefetching/dataset/com-friendster.ungraph.txt, num shards=8
[0mpage_cache_state is NULL 
[1;33mDEBUG:    stripedio.hpp(stripedio:271): Start io-manager with 16 threads.
[0mINFO:     graphchi_engine.hpp(graphchi_engine:154): Initializing graphchi_engine. This engine expects 4-byte edge data. 
[0mINFO:     chifilenames.hpp(load_vertex_intervals:400): shard: 0 - 17209751
[0mINFO:     chifilenames.hpp(load_vertex_intervals:400): shard: 17209752 - 32643034
[0mINFO:     chifilenames.hpp(load_vertex_intervals:400): shard: 32643035 - 44490062
[0mINFO:     chifilenames.hpp(load_vertex_intervals:400): shard: 44490063 - 56663196
[0mINFO:     chifilenames.hpp(load_vertex_intervals:400): shard: 56663197 - 69867700
[0mINFO:     chifilenames.hpp(load_vertex_intervals:400): shard: 69867701 - 85587528
[0mINFO:     chifilenames.hpp(load_vertex_intervals:400): shard: 85587529 - 101961017
[0mINFO:     chifilenames.hpp(load_vertex_intervals:400): shard: 101961018 - 124836179
[0mINFO:     pagerank.cpp(main:168): Running Pagerank by holding vertices in-memory mode!
[0mpage_cache_state is NULL 
page_cache_state is NULL 
page_cache_state is NULL 
page_cache_state is NULL 
INFO:     graphchi_engine.hpp(run:744): GraphChi starting
[0mINFO:     graphchi_engine.hpp(run:745): Licensed under the Apache License 2.0
[0mINFO:     graphchi_engine.hpp(run:746): Copyright Aapo Kyrola et al., Carnegie Mellon University (2012)
[0mINFO:     graphchi_engine.hpp(print_config:132): Engine configuration: 
[0mINFO:     graphchi_engine.hpp(print_config:133):  exec_threads = 64
[0mINFO:     graphchi_engine.hpp(print_config:134):  load_threads = 16
[0mINFO:     graphchi_engine.hpp(print_config:135):  membudget_mb = 8000
[0mINFO:     graphchi_engine.hpp(print_config:136):  blocksize = 1048576
[0mINFO:     graphchi_engine.hpp(print_config:137):  scheduler = 0
[0mINFO:     graphchi_engine.hpp(run:780): Start iteration: 0
[0mINFO:     graphchi_engine.hpp(run:859): 0.244237s: Starting: 0 -- 17209751
[0mpage_cache_state is NULL 
page_cache_state is NULL 
page_cache_state is NULL 
page_cache_state is NULL 
page_cache_state is NULL 
page_cache_state is NULL 
page_cache_state is NULL 
page_cache_state is NULL 
page_cache_state is NULL 
page_cache_state is NULL 
page_cache_state is NULL 
page_cache_state is NULL 
page_cache_state is NULL 
page_cache_state is NULL 
page_cache_state is NULL 
page_cache_state is NULL 
page_cache_state is NULL 
INFO:     graphchi_engine.hpp(run:872): Iteration 0/4, subinterval: 0 - 17209751
[0mpage_cache_state is NULL 
page_cache_state is NULL 
page_cache_state is NULL 
page_cache_state is NULL 
page_cache_state is NULL 
page_cache_state is NULL 
page_cache_state is NULL 
page_cache_state is NULL 
page_cache_state is NULL 
page_cache_state is NULL 
page_cache_state is NULL 
page_cache_state is NULL 
page_cache_state is NULL 
page_cache_state is NULL 
page_cache_state is NULL 
page_cache_state is NULL 
page_cache_state is NULL 
page_cache_state is NULL 
[1;33mDEBUG:    graphchi_engine.hpp(run:887): Allocation 17209752 vertices, sizeof:64 total:1101424128
[0mpage_cache_state is NULL 
page_cache_state is NULL 
page_cache_state is NULL 
page_cache_state is NULL 
page_cache_state is NULL 
page_cache_state is NULL 
page_cache_state is NULL 
page_cache_state is NULL 
page_cache_state is NULL 
page_cache_state is NULL 
page_cache_state is NULL 
page_cache_state is NULL 
page_cache_state is NULL 
page_cache_state is NULL 
page_cache_state is NULL 
page_cache_state is NULL 
page_cache_state is NULL 
page_cache_state is NULL 
page_cache_state is NULL 
page_cache_state is NULL 
page_cache_state is NULL 
page_cache_state is NULL 
page_cache_state is NULL 
page_cache_state is NULL 
page_cache_state is NULL 
page_cache_state is NULL 
page_cache_state is NULL 
page_cache_state is NULL 
page_cache_state is NULL 
page_cache_state is NULL 
page_cache_state is NULL 
page_cache_state is NULL 
page_cache_state is NULL 
page_cache_state is NULL 
page_cache_state is NULL 
page_cache_state is NULL 
page_cache_state is NULL 
page_cache_state is NULL 
page_cache_state is NULL 
page_cache_state is NULL 
page_cache_state is NULL 
page_cache_state is NULL 
page_cache_state is NULL 
page_cache_state is NULL 
page_cache_state is NULL 
page_cache_state is NULL 
page_cache_state is NULL 
page_cache_state is NULL 
page_cache_state is NULL 
page_cache_state is NULL 
page_cache_state is NULL 
page_cache_state is NULL 
page_cache_state is NULL 
page_cache_state is NULL 
page_cache_state is NULL 
page_cache_state is NULL 
page_cache_state is NULL 
page_cache_state is NULL 
page_cache_state is NULL 
page_cache_state is NULL 
page_cache_state is NULL 
page_cache_state is NULL 
page_cache_state is NULL 
page_cache_state is NULL 
page_cache_state is NULL 
page_cache_state is NULL 
page_cache_state is NULL 
page_cache_state is NULL 
page_cache_state is NULL 
page_cache_state is NULL 
page_cache_state is NULL 
page_cache_state is NULL 
page_cache_state is NULL 
page_cache_state is NULL 
page_cache_state is NULL 
page_cache_state is NULL 
page_cache_state is NULL 
page_cache_state is NULL 
page_cache_state is NULL 
page_cache_state is NULL 
page_cache_state is NULL 
page_cache_state is NULL 
page_cache_state is NULL 
page_cache_state is NULL 
page_cache_state is NULL 
page_cache_state is NULL 
page_cache_state is NULL 
page_cache_state is NULL 
page_cache_state is NULL 
page_cache_state is NULL 
page_cache_state is NULL 
page_cache_state is NULL 
page_cache_state is NULL 
page_cache_state is NULL 
page_cache_state is NULL 
page_cache_state is NULL 
page_cache_state is NULL 
page_cache_state is NULL 
page_cache_state is NULL 
page_cache_state is NULL 
page_cache_state is NULL 
page_cache_state is NULL 
page_cache_state is NULL 
page_cache_state is NULL 
page_cache_state is NULL 
page_cache_state is NULL 
page_cache_state is NULL 
page_cache_state is NULL 
page_cache_state is NULL 
page_cache_state is NULL 
page_cache_state is NULL 
page_cache_state is NULL 
page_cache_state is NULL 
page_cache_state is NULL 
page_cache_state is NULL 
page_cache_state is NULL 
page_cache_state is NULL 
page_cache_state is NULL 
page_cache_state is NULL 
page_cache_state is NULL 
page_cache_state is NULL 
page_cache_state is NULL 
page_cache_state is NULL 
page_cache_state is NULL 
page_cache_state is NULL 
page_cache_state is NULL 
page_cache_state is NULL 
page_cache_state is NULL 
page_cache_state is NULL 
page_cache_state is NULL 
page_cache_state is NULL 
page_cache_state is NULL 
page_cache_state is NULL 
page_cache_state is NULL 
page_cache_state is NULL 
page_cache_state is NULL 
page_cache_state is NULL 
page_cache_state is NULL 
page_cache_state is NULL 
page_cache_state is NULL 
page_cache_state is NULL 
page_cache_state is NULL 
page_cache_state is NULL 
page_cache_state is NULL 
page_cache_state is NULL 
page_cache_state is NULL 
page_cache_state is NULL 
page_cache_state is NULL 
page_cache_state is NULL 
page_cache_state is NULL 
page_cache_state is NULL 
page_cache_state is NULL 
page_cache_state is NULL 
page_cache_state is NULL 
page_cache_state is NULL 
page_cache_state is NULL 
page_cache_state is NULL 
page_cache_state is NULL 
INFO:     graphchi_engine.hpp(run:896): Start updates
[0mINFO:     graphchi_engine.hpp(run:906): Finished updates
[0mINFO:     graphchi_engine.hpp(run:859): 3.96728s: Starting: 17209752 -- 32643034
[0mINFO:     graphchi_engine.hpp(run:872): Iteration 0/4, subinterval: 17209752 - 32643034
[0m[1;33mDEBUG:    graphchi_engine.hpp(run:887): Allocation 15433283 vertices, sizeof:64 total:987730112
[0mpage_cache_state is NULL 
page_cache_state is NULL 
page_cache_state is NULL 
page_cache_state is NULL 
page_cache_state is NULL 
page_cache_state is NULL 
page_cache_state is NULL 
page_cache_state is NULL 
page_cache_state is NULL 
page_cache_state is NULL 
page_cache_state is NULL 
page_cache_state is NULL 
page_cache_state is NULL 
page_cache_state is NULL 
page_cache_state is NULL 
page_cache_state is NULL 
page_cache_state is NULL 
page_cache_state is NULL 
INFO:     graphchi_engine.hpp(run:896): Start updates
[0mINFO:     graphchi_engine.hpp(run:906): Finished updates
[0mINFO:     graphchi_engine.hpp(run:859): 6.0073s: Starting: 32643035 -- 44490062
[0mINFO:     graphchi_engine.hpp(run:872): Iteration 0/4, subinterval: 32643035 - 44490062
[0m[1;33mDEBUG:    graphchi_engine.hpp(run:887): Allocation 11847028 vertices, sizeof:64 total:758209792
[0mpage_cache_state is NULL 
page_cache_state is NULL 
page_cache_state is NULL 
page_cache_state is NULL 
page_cache_state is NULL 
page_cache_state is NULL 
page_cache_state is NULL 
page_cache_state is NULL 
page_cache_state is NULL 
page_cache_state is NULL 
page_cache_state is NULL 
page_cache_state is NULL 
page_cache_state is NULL 
page_cache_state is NULL 
page_cache_state is NULL 
page_cache_state is NULL 
page_cache_state is NULL 
page_cache_state is NULL 
INFO:     graphchi_engine.hpp(run:896): Start updates
[0mINFO:     graphchi_engine.hpp(run:906): Finished updates
[0mINFO:     graphchi_engine.hpp(run:859): 7.88914s: Starting: 44490063 -- 56663196
[0mINFO:     graphchi_engine.hpp(run:872): Iteration 0/4, subinterval: 44490063 - 56663196
[0m[1;33mDEBUG:    graphchi_engine.hpp(run:887): Allocation 12173134 vertices, sizeof:64 total:779080576
[0mpage_cache_state is NULL 
page_cache_state is NULL 
page_cache_state is NULL 
page_cache_state is NULL 
page_cache_state is NULL 
page_cache_state is NULL 
page_cache_state is NULL 
page_cache_state is NULL 
page_cache_state is NULL 
page_cache_state is NULL 
page_cache_state is NULL 
page_cache_state is NULL 
page_cache_state is NULL 
page_cache_state is NULL 
page_cache_state is NULL 
page_cache_state is NULL 
page_cache_state is NULL 
page_cache_state is NULL 
INFO:     graphchi_engine.hpp(run:896): Start updates
[0mINFO:     graphchi_engine.hpp(run:906): Finished updates
[0mINFO:     graphchi_engine.hpp(run:859): 9.83844s: Starting: 56663197 -- 69867700
[0mINFO:     graphchi_engine.hpp(run:872): Iteration 0/4, subinterval: 56663197 - 69867700
[0m[1;33mDEBUG:    graphchi_engine.hpp(run:887): Allocation 13204504 vertices, sizeof:64 total:845088256
[0mpage_cache_state is NULL 
page_cache_state is NULL 
page_cache_state is NULL 
page_cache_state is NULL 
page_cache_state is NULL 
page_cache_state is NULL 
page_cache_state is NULL 
page_cache_state is NULL 
page_cache_state is NULL 
page_cache_state is NULL 
page_cache_state is NULL 
page_cache_state is NULL 
page_cache_state is NULL 
page_cache_state is NULL 
page_cache_state is NULL 
page_cache_state is NULL 
page_cache_state is NULL 
page_cache_state is NULL 
INFO:     graphchi_engine.hpp(run:896): Start updates
[0mINFO:     graphchi_engine.hpp(run:906): Finished updates
[0mINFO:     graphchi_engine.hpp(run:859): 11.8197s: Starting: 69867701 -- 85587528
[0mINFO:     graphchi_engine.hpp(run:872): Iteration 0/4, subinterval: 69867701 - 85587528
[0m[1;33mDEBUG:    graphchi_engine.hpp(run:887): Allocation 15719828 vertices, sizeof:64 total:1006068992
[0mpage_cache_state is NULL 
page_cache_state is NULL 
page_cache_state is NULL 
page_cache_state is NULL 
page_cache_state is NULL 
page_cache_state is NULL 
page_cache_state is NULL 
page_cache_state is NULL 
page_cache_state is NULL 
page_cache_state is NULL 
page_cache_state is NULL 
page_cache_state is NULL 
page_cache_state is NULL 
page_cache_state is NULL 
page_cache_state is NULL 
page_cache_state is NULL 
page_cache_state is NULL 
page_cache_state is NULL 
INFO:     graphchi_engine.hpp(run:896): Start updates
[0mINFO:     graphchi_engine.hpp(run:906): Finished updates
[0mINFO:     graphchi_engine.hpp(run:859): 13.8938s: Starting: 85587529 -- 101961017
[0mINFO:     graphchi_engine.hpp(run:872): Iteration 0/4, subinterval: 85587529 - 101961017
[0m[1;33mDEBUG:    graphchi_engine.hpp(run:887): Allocation 16373489 vertices, sizeof:64 total:1047903296
[0mpage_cache_state is NULL 
page_cache_state is NULL 
page_cache_state is NULL 
page_cache_state is NULL 
page_cache_state is NULL 
page_cache_state is NULL 
page_cache_state is NULL 
page_cache_state is NULL 
page_cache_state is NULL 
page_cache_state is NULL 
page_cache_state is NULL 
page_cache_state is NULL 
page_cache_state is NULL 
page_cache_state is NULL 
page_cache_state is NULL 
page_cache_state is NULL 
page_cache_state is NULL 
page_cache_state is NULL 
INFO:     graphchi_engine.hpp(run:896): Start updates
[0mINFO:     graphchi_engine.hpp(run:906): Finished updates
[0mINFO:     graphchi_engine.hpp(run:859): 15.8782s: Starting: 101961018 -- 124836179
[0mINFO:     graphchi_engine.hpp(run:872): Iteration 0/4, subinterval: 101961018 - 124836179
[0m[1;33mDEBUG:    graphchi_engine.hpp(run:887): Allocation 22875162 vertices, sizeof:64 total:1464010368
[0mpage_cache_state is NULL 
page_cache_state is NULL 
page_cache_state is NULL 
page_cache_state is NULL 
page_cache_state is NULL 
page_cache_state is NULL 
page_cache_state is NULL 
page_cache_state is NULL 
page_cache_state is NULL 
page_cache_state is NULL 
page_cache_state is NULL 
page_cache_state is NULL 
page_cache_state is NULL 
page_cache_state is NULL 
page_cache_state is NULL 
page_cache_state is NULL 
page_cache_state is NULL 
page_cache_state is NULL 
INFO:     graphchi_engine.hpp(run:896): Start updates
[0mINFO:     graphchi_engine.hpp(run:906): Finished updates
[0mINFO:     graphchi_engine.hpp(run:780): Start iteration: 1
[0mINFO:     graphchi_engine.hpp(run:859): 18.0109s: Starting: 0 -- 17209751
[0mINFO:     graphchi_engine.hpp(run:872): Iteration 1/4, subinterval: 0 - 17209751
[0m[1;33mDEBUG:    graphchi_engine.hpp(run:887): Allocation 17209752 vertices, sizeof:64 total:1101424128
[0mpage_cache_state is NULL 
page_cache_state is NULL 
page_cache_state is NULL 
page_cache_state is NULL 
page_cache_state is NULL 
page_cache_state is NULL 
page_cache_state is NULL 
page_cache_state is NULL 
page_cache_state is NULL 
page_cache_state is NULL 
page_cache_state is NULL 
page_cache_state is NULL 
page_cache_state is NULL 
page_cache_state is NULL 
page_cache_state is NULL 
page_cache_state is NULL 
page_cache_state is NULL 
page_cache_state is NULL 
INFO:     graphchi_engine.hpp(run:896): Start updates
[0mINFO:     graphchi_engine.hpp(run:906): Finished updates
[0mINFO:     graphchi_engine.hpp(run:859): 21.2437s: Starting: 17209752 -- 32643034
[0mINFO:     graphchi_engine.hpp(run:872): Iteration 1/4, subinterval: 17209752 - 32643034
[0m[1;33mDEBUG:    graphchi_engine.hpp(run:887): Allocation 15433283 vertices, sizeof:64 total:987730112
[0mpage_cache_state is NULL 
page_cache_state is NULL 
page_cache_state is NULL 
page_cache_state is NULL 
page_cache_state is NULL 
page_cache_state is NULL 
page_cache_state is NULL 
page_cache_state is NULL 
page_cache_state is NULL 
page_cache_state is NULL 
page_cache_state is NULL 
page_cache_state is NULL 
page_cache_state is NULL 
page_cache_state is NULL 
page_cache_state is NULL 
page_cache_state is NULL 
page_cache_state is NULL 
page_cache_state is NULL 
INFO:     graphchi_engine.hpp(run:896): Start updates
[0mINFO:     graphchi_engine.hpp(run:906): Finished updates
[0mINFO:     graphchi_engine.hpp(run:859): 25.1548s: Starting: 32643035 -- 44490062
[0mINFO:     graphchi_engine.hpp(run:872): Iteration 1/4, subinterval: 32643035 - 44490062
[0m[1;33mDEBUG:    graphchi_engine.hpp(run:887): Allocation 11847028 vertices, sizeof:64 total:758209792
[0mpage_cache_state is NULL 
page_cache_state is NULL 
page_cache_state is NULL 
page_cache_state is NULL 
page_cache_state is NULL 
page_cache_state is NULL 
page_cache_state is NULL 
page_cache_state is NULL 
page_cache_state is NULL 
page_cache_state is NULL 
page_cache_state is NULL 
page_cache_state is NULL 
page_cache_state is NULL 
page_cache_state is NULL 
page_cache_state is NULL 
page_cache_state is NULL 
page_cache_state is NULL 
page_cache_state is NULL 
INFO:     graphchi_engine.hpp(run:896): Start updates
[0mINFO:     graphchi_engine.hpp(run:906): Finished updates
[0mINFO:     graphchi_engine.hpp(run:859): 30.5182s: Starting: 44490063 -- 56663196
[0mINFO:     graphchi_engine.hpp(run:872): Iteration 1/4, subinterval: 44490063 - 56663196
[0m[1;33mDEBUG:    graphchi_engine.hpp(run:887): Allocation 12173134 vertices, sizeof:64 total:779080576
[0mpage_cache_state is NULL 
page_cache_state is NULL 
page_cache_state is NULL 
page_cache_state is NULL 
page_cache_state is NULL 
page_cache_state is NULL 
page_cache_state is NULL 
page_cache_state is NULL 
page_cache_state is NULL 
page_cache_state is NULL 
page_cache_state is NULL 
page_cache_state is NULL 
page_cache_state is NULL 
page_cache_state is NULL 
page_cache_state is NULL 
page_cache_state is NULL 
page_cache_state is NULL 
page_cache_state is NULL 
INFO:     graphchi_engine.hpp(run:896): Start updates
[0mINFO:     graphchi_engine.hpp(run:906): Finished updates
[0mINFO:     graphchi_engine.hpp(run:859): 35.9864s: Starting: 56663197 -- 69867700
[0mINFO:     graphchi_engine.hpp(run:872): Iteration 1/4, subinterval: 56663197 - 69867700
[0m[1;33mDEBUG:    graphchi_engine.hpp(run:887): Allocation 13204504 vertices, sizeof:64 total:845088256
[0mpage_cache_state is NULL 
page_cache_state is NULL 
page_cache_state is NULL 
page_cache_state is NULL 
page_cache_state is NULL 
page_cache_state is NULL 
page_cache_state is NULL 
page_cache_state is NULL 
page_cache_state is NULL 
page_cache_state is NULL 
page_cache_state is NULL 
page_cache_state is NULL 
page_cache_state is NULL 
page_cache_state is NULL 
page_cache_state is NULL 
page_cache_state is NULL 
page_cache_state is NULL 
page_cache_state is NULL 
INFO:     graphchi_engine.hpp(run:896): Start updates
[0mINFO:     graphchi_engine.hpp(run:906): Finished updates
[0mINFO:     graphchi_engine.hpp(run:859): 41.4387s: Starting: 69867701 -- 85587528
[0mINFO:     graphchi_engine.hpp(run:872): Iteration 1/4, subinterval: 69867701 - 85587528
[0m[1;33mDEBUG:    graphchi_engine.hpp(run:887): Allocation 15719828 vertices, sizeof:64 total:1006068992
[0mpage_cache_state is NULL 
page_cache_state is NULL 
page_cache_state is NULL 
page_cache_state is NULL 
page_cache_state is NULL 
page_cache_state is NULL 
page_cache_state is NULL 
page_cache_state is NULL 
page_cache_state is NULL 
page_cache_state is NULL 
page_cache_state is NULL 
page_cache_state is NULL 
page_cache_state is NULL 
page_cache_state is NULL 
page_cache_state is NULL 
page_cache_state is NULL 
page_cache_state is NULL 
page_cache_state is NULL 
INFO:     graphchi_engine.hpp(run:896): Start updates
[0mINFO:     graphchi_engine.hpp(run:906): Finished updates
[0mINFO:     graphchi_engine.hpp(run:859): 45.9524s: Starting: 85587529 -- 101961017
[0mINFO:     graphchi_engine.hpp(run:872): Iteration 1/4, subinterval: 85587529 - 101961017
[0m[1;33mDEBUG:    graphchi_engine.hpp(run:887): Allocation 16373489 vertices, sizeof:64 total:1047903296
[0mpage_cache_state is NULL 
page_cache_state is NULL 
page_cache_state is NULL 
page_cache_state is NULL 
page_cache_state is NULL 
page_cache_state is NULL 
page_cache_state is NULL 
page_cache_state is NULL 
page_cache_state is NULL 
page_cache_state is NULL 
page_cache_state is NULL 
page_cache_state is NULL 
page_cache_state is NULL 
page_cache_state is NULL 
page_cache_state is NULL 
page_cache_state is NULL 
page_cache_state is NULL 
page_cache_state is NULL 
INFO:     graphchi_engine.hpp(run:896): Start updates
[0mINFO:     graphchi_engine.hpp(run:906): Finished updates
[0mINFO:     graphchi_engine.hpp(run:859): 50.4712s: Starting: 101961018 -- 124836179
[0mINFO:     graphchi_engine.hpp(run:872): Iteration 1/4, subinterval: 101961018 - 124836179
[0m[1;33mDEBUG:    graphchi_engine.hpp(run:887): Allocation 22875162 vertices, sizeof:64 total:1464010368
[0mpage_cache_state is NULL 
page_cache_state is NULL 
page_cache_state is NULL 
page_cache_state is NULL 
page_cache_state is NULL 
page_cache_state is NULL 
page_cache_state is NULL 
page_cache_state is NULL 
page_cache_state is NULL 
page_cache_state is NULL 
page_cache_state is NULL 
page_cache_state is NULL 
page_cache_state is NULL 
page_cache_state is NULL 
page_cache_state is NULL 
page_cache_state is NULL 
page_cache_state is NULL 
page_cache_state is NULL 
INFO:     graphchi_engine.hpp(run:896): Start updates
[0mINFO:     graphchi_engine.hpp(run:906): Finished updates
[0mINFO:     graphchi_engine.hpp(run:780): Start iteration: 2
[0mINFO:     graphchi_engine.hpp(run:859): 54.9562s: Starting: 0 -- 17209751
[0mINFO:     graphchi_engine.hpp(run:872): Iteration 2/4, subinterval: 0 - 17209751
[0m[1;33mDEBUG:    graphchi_engine.hpp(run:887): Allocation 17209752 vertices, sizeof:64 total:1101424128
[0mpage_cache_state is NULL 
page_cache_state is NULL 
page_cache_state is NULL 
page_cache_state is NULL 
page_cache_state is NULL 
page_cache_state is NULL 
page_cache_state is NULL 
page_cache_state is NULL 
page_cache_state is NULL 
page_cache_state is NULL 
page_cache_state is NULL 
page_cache_state is NULL 
page_cache_state is NULL 
page_cache_state is NULL 
page_cache_state is NULL 
page_cache_state is NULL 
page_cache_state is NULL 
page_cache_state is NULL 
INFO:     graphchi_engine.hpp(run:896): Start updates
[0mINFO:     graphchi_engine.hpp(run:906): Finished updates
[0mINFO:     graphchi_engine.hpp(run:859): 58.1752s: Starting: 17209752 -- 32643034
[0mINFO:     graphchi_engine.hpp(run:872): Iteration 2/4, subinterval: 17209752 - 32643034
[0m[1;33mDEBUG:    graphchi_engine.hpp(run:887): Allocation 15433283 vertices, sizeof:64 total:987730112
[0mpage_cache_state is NULL 
page_cache_state is NULL 
page_cache_state is NULL 
page_cache_state is NULL 
page_cache_state is NULL 
page_cache_state is NULL 
page_cache_state is NULL 
page_cache_state is NULL 
page_cache_state is NULL 
page_cache_state is NULL 
page_cache_state is NULL 
page_cache_state is NULL 
page_cache_state is NULL 
page_cache_state is NULL 
page_cache_state is NULL 
page_cache_state is NULL 
page_cache_state is NULL 
page_cache_state is NULL 
INFO:     graphchi_engine.hpp(run:896): Start updates
[0mINFO:     graphchi_engine.hpp(run:906): Finished updates
[0mINFO:     graphchi_engine.hpp(run:859): 62.0738s: Starting: 32643035 -- 44490062
[0mINFO:     graphchi_engine.hpp(run:872): Iteration 2/4, subinterval: 32643035 - 44490062
[0m[1;33mDEBUG:    graphchi_engine.hpp(run:887): Allocation 11847028 vertices, sizeof:64 total:758209792
[0mpage_cache_state is NULL 
page_cache_state is NULL 
page_cache_state is NULL 
page_cache_state is NULL 
page_cache_state is NULL 
page_cache_state is NULL 
page_cache_state is NULL 
page_cache_state is NULL 
page_cache_state is NULL 
page_cache_state is NULL 
page_cache_state is NULL 
page_cache_state is NULL 
page_cache_state is NULL 
page_cache_state is NULL 
page_cache_state is NULL 
page_cache_state is NULL 
page_cache_state is NULL 
page_cache_state is NULL 
INFO:     graphchi_engine.hpp(run:896): Start updates
[0mINFO:     graphchi_engine.hpp(run:906): Finished updates
[0mINFO:     graphchi_engine.hpp(run:859): 65.9694s: Starting: 44490063 -- 56663196
[0mINFO:     graphchi_engine.hpp(run:872): Iteration 2/4, subinterval: 44490063 - 56663196
[0m[1;33mDEBUG:    graphchi_engine.hpp(run:887): Allocation 12173134 vertices, sizeof:64 total:779080576
[0mpage_cache_state is NULL 
page_cache_state is NULL 
page_cache_state is NULL 
page_cache_state is NULL 
page_cache_state is NULL 
page_cache_state is NULL 
page_cache_state is NULL 
page_cache_state is NULL 
page_cache_state is NULL 
page_cache_state is NULL 
page_cache_state is NULL 
page_cache_state is NULL 
page_cache_state is NULL 
page_cache_state is NULL 
page_cache_state is NULL 
page_cache_state is NULL 
page_cache_state is NULL 
page_cache_state is NULL 
INFO:     graphchi_engine.hpp(run:896): Start updates
[0mINFO:     graphchi_engine.hpp(run:906): Finished updates
[0mINFO:     graphchi_engine.hpp(run:859): 69.9785s: Starting: 56663197 -- 69867700
[0mINFO:     graphchi_engine.hpp(run:872): Iteration 2/4, subinterval: 56663197 - 69867700
[0m[1;33mDEBUG:    graphchi_engine.hpp(run:887): Allocation 13204504 vertices, sizeof:64 total:845088256
[0mpage_cache_state is NULL 
page_cache_state is NULL 
page_cache_state is NULL 
page_cache_state is NULL 
page_cache_state is NULL 
page_cache_state is NULL 
page_cache_state is NULL 
page_cache_state is NULL 
page_cache_state is NULL 
page_cache_state is NULL 
page_cache_state is NULL 
page_cache_state is NULL 
page_cache_state is NULL 
page_cache_state is NULL 
page_cache_state is NULL 
page_cache_state is NULL 
page_cache_state is NULL 
page_cache_state is NULL 
INFO:     graphchi_engine.hpp(run:896): Start updates
[0mINFO:     graphchi_engine.hpp(run:906): Finished updates
[0mINFO:     graphchi_engine.hpp(run:859): 73.9908s: Starting: 69867701 -- 85587528
[0mINFO:     graphchi_engine.hpp(run:872): Iteration 2/4, subinterval: 69867701 - 85587528
[0m[1;33mDEBUG:    graphchi_engine.hpp(run:887): Allocation 15719828 vertices, sizeof:64 total:1006068992
[0mpage_cache_state is NULL 
page_cache_state is NULL 
page_cache_state is NULL 
page_cache_state is NULL 
page_cache_state is NULL 
page_cache_state is NULL 
page_cache_state is NULL 
page_cache_state is NULL 
page_cache_state is NULL 
page_cache_state is NULL 
page_cache_state is NULL 
page_cache_state is NULL 
page_cache_state is NULL 
page_cache_state is NULL 
page_cache_state is NULL 
page_cache_state is NULL 
page_cache_state is NULL 
page_cache_state is NULL 
INFO:     graphchi_engine.hpp(run:896): Start updates
[0mINFO:     graphchi_engine.hpp(run:906): Finished updates
[0mINFO:     graphchi_engine.hpp(run:859): 78.1745s: Starting: 85587529 -- 101961017
[0mINFO:     graphchi_engine.hpp(run:872): Iteration 2/4, subinterval: 85587529 - 101961017
[0m[1;33mDEBUG:    graphchi_engine.hpp(run:887): Allocation 16373489 vertices, sizeof:64 total:1047903296
[0mpage_cache_state is NULL 
page_cache_state is NULL 
page_cache_state is NULL 
page_cache_state is NULL 
page_cache_state is NULL 
page_cache_state is NULL 
page_cache_state is NULL 
page_cache_state is NULL 
page_cache_state is NULL 
page_cache_state is NULL 
page_cache_state is NULL 
page_cache_state is NULL 
page_cache_state is NULL 
page_cache_state is NULL 
page_cache_state is NULL 
page_cache_state is NULL 
page_cache_state is NULL 
page_cache_state is NULL 
INFO:     graphchi_engine.hpp(run:896): Start updates
[0mINFO:     graphchi_engine.hpp(run:906): Finished updates
[0mINFO:     graphchi_engine.hpp(run:859): 82.3616s: Starting: 101961018 -- 124836179
[0mINFO:     graphchi_engine.hpp(run:872): Iteration 2/4, subinterval: 101961018 - 124836179
[0m[1;33mDEBUG:    graphchi_engine.hpp(run:887): Allocation 22875162 vertices, sizeof:64 total:1464010368
[0mpage_cache_state is NULL 
page_cache_state is NULL 
page_cache_state is NULL 
page_cache_state is NULL 
page_cache_state is NULL 
page_cache_state is NULL 
page_cache_state is NULL 
page_cache_state is NULL 
page_cache_state is NULL 
page_cache_state is NULL 
page_cache_state is NULL 
page_cache_state is NULL 
page_cache_state is NULL 
page_cache_state is NULL 
page_cache_state is NULL 
page_cache_state is NULL 
page_cache_state is NULL 
page_cache_state is NULL 
INFO:     graphchi_engine.hpp(run:896): Start updates
[0mINFO:     graphchi_engine.hpp(run:906): Finished updates
[0mINFO:     graphchi_engine.hpp(run:780): Start iteration: 3
[0mINFO:     graphchi_engine.hpp(run:859): 86.6375s: Starting: 0 -- 17209751
[0mINFO:     graphchi_engine.hpp(run:872): Iteration 3/4, subinterval: 0 - 17209751
[0m[1;33mDEBUG:    graphchi_engine.hpp(run:887): Allocation 17209752 vertices, sizeof:64 total:1101424128
[0mpage_cache_state is NULL 
page_cache_state is NULL 
page_cache_state is NULL 
page_cache_state is NULL 
page_cache_state is NULL 
page_cache_state is NULL 
page_cache_state is NULL 
page_cache_state is NULL 
page_cache_state is NULL 
page_cache_state is NULL 
page_cache_state is NULL 
page_cache_state is NULL 
page_cache_state is NULL 
page_cache_state is NULL 
page_cache_state is NULL 
page_cache_state is NULL 
page_cache_state is NULL 
page_cache_state is NULL 
INFO:     graphchi_engine.hpp(run:896): Start updates
[0mINFO:     graphchi_engine.hpp(run:906): Finished updates
[0mINFO:     graphchi_engine.hpp(run:859): 89.909s: Starting: 17209752 -- 32643034
[0mINFO:     graphchi_engine.hpp(run:872): Iteration 3/4, subinterval: 17209752 - 32643034
[0m[1;33mDEBUG:    graphchi_engine.hpp(run:887): Allocation 15433283 vertices, sizeof:64 total:987730112
[0mpage_cache_state is NULL 
page_cache_state is NULL 
page_cache_state is NULL 
page_cache_state is NULL 
page_cache_state is NULL 
page_cache_state is NULL 
page_cache_state is NULL 
page_cache_state is NULL 
page_cache_state is NULL 
page_cache_state is NULL 
page_cache_state is NULL 
page_cache_state is NULL 
page_cache_state is NULL 
page_cache_state is NULL 
page_cache_state is NULL 
page_cache_state is NULL 
page_cache_state is NULL 
page_cache_state is NULL 
INFO:     graphchi_engine.hpp(run:896): Start updates
[0mINFO:     graphchi_engine.hpp(run:906): Finished updates
[0mINFO:     graphchi_engine.hpp(run:859): 93.8203s: Starting: 32643035 -- 44490062
[0mINFO:     graphchi_engine.hpp(run:872): Iteration 3/4, subinterval: 32643035 - 44490062
[0m[1;33mDEBUG:    graphchi_engine.hpp(run:887): Allocation 11847028 vertices, sizeof:64 total:758209792
[0mpage_cache_state is NULL 
page_cache_state is NULL 
page_cache_state is NULL 
page_cache_state is NULL 
page_cache_state is NULL 
page_cache_state is NULL 
page_cache_state is NULL 
page_cache_state is NULL 
page_cache_state is NULL 
page_cache_state is NULL 
page_cache_state is NULL 
page_cache_state is NULL 
page_cache_state is NULL 
page_cache_state is NULL 
page_cache_state is NULL 
page_cache_state is NULL 
page_cache_state is NULL 
page_cache_state is NULL 
INFO:     graphchi_engine.hpp(run:896): Start updates
[0mINFO:     graphchi_engine.hpp(run:906): Finished updates
[0mINFO:     graphchi_engine.hpp(run:859): 97.7047s: Starting: 44490063 -- 56663196
[0mINFO:     graphchi_engine.hpp(run:872): Iteration 3/4, subinterval: 44490063 - 56663196
[0m[1;33mDEBUG:    graphchi_engine.hpp(run:887): Allocation 12173134 vertices, sizeof:64 total:779080576
[0mpage_cache_state is NULL 
page_cache_state is NULL 
page_cache_state is NULL 
page_cache_state is NULL 
page_cache_state is NULL 
page_cache_state is NULL 
page_cache_state is NULL 
page_cache_state is NULL 
page_cache_state is NULL 
page_cache_state is NULL 
page_cache_state is NULL 
page_cache_state is NULL 
page_cache_state is NULL 
page_cache_state is NULL 
page_cache_state is NULL 
page_cache_state is NULL 
page_cache_state is NULL 
page_cache_state is NULL 
INFO:     graphchi_engine.hpp(run:896): Start updates
[0mINFO:     graphchi_engine.hpp(run:906): Finished updates
[0mINFO:     graphchi_engine.hpp(run:859): 101.685s: Starting: 56663197 -- 69867700
[0mINFO:     graphchi_engine.hpp(run:872): Iteration 3/4, subinterval: 56663197 - 69867700
[0m[1;33mDEBUG:    graphchi_engine.hpp(run:887): Allocation 13204504 vertices, sizeof:64 total:845088256
[0mpage_cache_state is NULL 
page_cache_state is NULL 
page_cache_state is NULL 
page_cache_state is NULL 
page_cache_state is NULL 
page_cache_state is NULL 
page_cache_state is NULL 
page_cache_state is NULL 
page_cache_state is NULL 
page_cache_state is NULL 
page_cache_state is NULL 
page_cache_state is NULL 
page_cache_state is NULL 
page_cache_state is NULL 
page_cache_state is NULL 
page_cache_state is NULL 
page_cache_state is NULL 
page_cache_state is NULL 
INFO:     graphchi_engine.hpp(run:896): Start updates
[0mINFO:     graphchi_engine.hpp(run:906): Finished updates
[0mINFO:     graphchi_engine.hpp(run:859): 107.476s: Starting: 69867701 -- 85587528
[0mINFO:     graphchi_engine.hpp(run:872): Iteration 3/4, subinterval: 69867701 - 85587528
[0m[1;33mDEBUG:    graphchi_engine.hpp(run:887): Allocation 15719828 vertices, sizeof:64 total:1006068992
[0mpage_cache_state is NULL 
page_cache_state is NULL 
page_cache_state is NULL 
page_cache_state is NULL 
page_cache_state is NULL 
page_cache_state is NULL 
page_cache_state is NULL 
page_cache_state is NULL 
page_cache_state is NULL 
page_cache_state is NULL 
page_cache_state is NULL 
page_cache_state is NULL 
page_cache_state is NULL 
page_cache_state is NULL 
page_cache_state is NULL 
page_cache_state is NULL 
page_cache_state is NULL 
page_cache_state is NULL 
INFO:     graphchi_engine.hpp(run:896): Start updates
[0mINFO:     graphchi_engine.hpp(run:906): Finished updates
[0mINFO:     graphchi_engine.hpp(run:859): 112.364s: Starting: 85587529 -- 101961017
[0mINFO:     graphchi_engine.hpp(run:872): Iteration 3/4, subinterval: 85587529 - 101961017
[0m[1;33mDEBUG:    graphchi_engine.hpp(run:887): Allocation 16373489 vertices, sizeof:64 total:1047903296
[0mpage_cache_state is NULL 
page_cache_state is NULL 
page_cache_state is NULL 
page_cache_state is NULL 
page_cache_state is NULL 
page_cache_state is NULL 
page_cache_state is NULL 
page_cache_state is NULL 
page_cache_state is NULL 
page_cache_state is NULL 
page_cache_state is NULL 
page_cache_state is NULL 
page_cache_state is NULL 
page_cache_state is NULL 
page_cache_state is NULL 
page_cache_state is NULL 
page_cache_state is NULL 
page_cache_state is NULL 
INFO:     graphchi_engine.hpp(run:896): Start updates
[0mINFO:     graphchi_engine.hpp(run:906): Finished updates
[0mINFO:     graphchi_engine.hpp(run:859): 116.956s: Starting: 101961018 -- 124836179
[0mINFO:     graphchi_engine.hpp(run:872): Iteration 3/4, subinterval: 101961018 - 124836179
[0m[1;33mDEBUG:    graphchi_engine.hpp(run:887): Allocation 22875162 vertices, sizeof:64 total:1464010368
[0mpage_cache_state is NULL 
page_cache_state is NULL 
page_cache_state is NULL 
page_cache_state is NULL 
page_cache_state is NULL 
page_cache_state is NULL 
page_cache_state is NULL 
page_cache_state is NULL 
page_cache_state is NULL 
page_cache_state is NULL 
page_cache_state is NULL 
page_cache_state is NULL 
page_cache_state is NULL 
page_cache_state is NULL 
page_cache_state is NULL 
page_cache_state is NULL 
page_cache_state is NULL 
page_cache_state is NULL 
INFO:     graphchi_engine.hpp(run:896): Start updates
[0mINFO:     graphchi_engine.hpp(run:906): Finished updates
[0mINFO:     graphchi_engine.hpp(run:780): Start iteration: 4
[0mINFO:     graphchi_engine.hpp(run:859): 121.575s: Starting: 0 -- 17209751
[0mINFO:     graphchi_engine.hpp(run:872): Iteration 4/4, subinterval: 0 - 17209751
[0m[1;33mDEBUG:    graphchi_engine.hpp(run:887): Allocation 17209752 vertices, sizeof:64 total:1101424128
[0mpage_cache_state is NULL 
page_cache_state is NULL 
page_cache_state is NULL 
page_cache_state is NULL 
page_cache_state is NULL 
page_cache_state is NULL 
page_cache_state is NULL 
page_cache_state is NULL 
page_cache_state is NULL 
page_cache_state is NULL 
page_cache_state is NULL 
page_cache_state is NULL 
page_cache_state is NULL 
page_cache_state is NULL 
page_cache_state is NULL 
page_cache_state is NULL 
page_cache_state is NULL 
page_cache_state is NULL 
INFO:     graphchi_engine.hpp(run:896): Start updates
[0mINFO:     graphchi_engine.hpp(run:906): Finished updates
[0mINFO:     graphchi_engine.hpp(run:859): 124.927s: Starting: 17209752 -- 32643034
[0mINFO:     graphchi_engine.hpp(run:872): Iteration 4/4, subinterval: 17209752 - 32643034
[0m[1;33mDEBUG:    graphchi_engine.hpp(run:887): Allocation 15433283 vertices, sizeof:64 total:987730112
[0mpage_cache_state is NULL 
page_cache_state is NULL 
page_cache_state is NULL 
page_cache_state is NULL 
page_cache_state is NULL 
page_cache_state is NULL 
page_cache_state is NULL 
page_cache_state is NULL 
page_cache_state is NULL 
page_cache_state is NULL 
page_cache_state is NULL 
page_cache_state is NULL 
page_cache_state is NULL 
page_cache_state is NULL 
page_cache_state is NULL 
page_cache_state is NULL 
page_cache_state is NULL 
page_cache_state is NULL 
INFO:     graphchi_engine.hpp(run:896): Start updates
[0mINFO:     graphchi_engine.hpp(run:906): Finished updates
[0mINFO:     graphchi_engine.hpp(run:859): 130.6s: Starting: 32643035 -- 44490062
[0mINFO:     graphchi_engine.hpp(run:872): Iteration 4/4, subinterval: 32643035 - 44490062
[0m[1;33mDEBUG:    graphchi_engine.hpp(run:887): Allocation 11847028 vertices, sizeof:64 total:758209792
[0mpage_cache_state is NULL 
page_cache_state is NULL 
page_cache_state is NULL 
page_cache_state is NULL 
page_cache_state is NULL 
page_cache_state is NULL 
page_cache_state is NULL 
page_cache_state is NULL 
page_cache_state is NULL 
page_cache_state is NULL 
page_cache_state is NULL 
page_cache_state is NULL 
page_cache_state is NULL 
page_cache_state is NULL 
page_cache_state is NULL 
page_cache_state is NULL 
page_cache_state is NULL 
page_cache_state is NULL 
INFO:     graphchi_engine.hpp(run:896): Start updates
[0mINFO:     graphchi_engine.hpp(run:906): Finished updates
[0mINFO:     graphchi_engine.hpp(run:859): 135.181s: Starting: 44490063 -- 56663196
[0mINFO:     graphchi_engine.hpp(run:872): Iteration 4/4, subinterval: 44490063 - 56663196
[0m[1;33mDEBUG:    graphchi_engine.hpp(run:887): Allocation 12173134 vertices, sizeof:64 total:779080576
[0mpage_cache_state is NULL 
page_cache_state is NULL 
page_cache_state is NULL 
page_cache_state is NULL 
page_cache_state is NULL 
page_cache_state is NULL 
page_cache_state is NULL 
page_cache_state is NULL 
page_cache_state is NULL 
page_cache_state is NULL 
page_cache_state is NULL 
page_cache_state is NULL 
page_cache_state is NULL 
page_cache_state is NULL 
page_cache_state is NULL 
page_cache_state is NULL 
page_cache_state is NULL 
page_cache_state is NULL 
INFO:     graphchi_engine.hpp(run:896): Start updates
[0mINFO:     graphchi_engine.hpp(run:906): Finished updates
[0mINFO:     graphchi_engine.hpp(run:859): 140.938s: Starting: 56663197 -- 69867700
[0mINFO:     graphchi_engine.hpp(run:872): Iteration 4/4, subinterval: 56663197 - 69867700
[0m[1;33mDEBUG:    graphchi_engine.hpp(run:887): Allocation 13204504 vertices, sizeof:64 total:845088256
[0mpage_cache_state is NULL 
page_cache_state is NULL 
page_cache_state is NULL 
page_cache_state is NULL 
page_cache_state is NULL 
page_cache_state is NULL 
page_cache_state is NULL 
page_cache_state is NULL 
page_cache_state is NULL 
page_cache_state is NULL 
page_cache_state is NULL 
page_cache_state is NULL 
page_cache_state is NULL 
page_cache_state is NULL 
page_cache_state is NULL 
page_cache_state is NULL 
page_cache_state is NULL 
page_cache_state is NULL 
INFO:     graphchi_engine.hpp(run:896): Start updates
[0mINFO:     graphchi_engine.hpp(run:906): Finished updates
[0mINFO:     graphchi_engine.hpp(run:859): 146.731s: Starting: 69867701 -- 85587528
[0mINFO:     graphchi_engine.hpp(run:872): Iteration 4/4, subinterval: 69867701 - 85587528
[0m[1;33mDEBUG:    graphchi_engine.hpp(run:887): Allocation 15719828 vertices, sizeof:64 total:1006068992
[0mpage_cache_state is NULL 
page_cache_state is NULL 
page_cache_state is NULL 
page_cache_state is NULL 
page_cache_state is NULL 
page_cache_state is NULL 
page_cache_state is NULL 
page_cache_state is NULL 
page_cache_state is NULL 
page_cache_state is NULL 
page_cache_state is NULL 
page_cache_state is NULL 
page_cache_state is NULL 
page_cache_state is NULL 
page_cache_state is NULL 
page_cache_state is NULL 
page_cache_state is NULL 
page_cache_state is NULL 
INFO:     graphchi_engine.hpp(run:896): Start updates
[0mINFO:     graphchi_engine.hpp(run:906): Finished updates
[0mINFO:     graphchi_engine.hpp(run:859): 152.931s: Starting: 85587529 -- 101961017
[0mINFO:     graphchi_engine.hpp(run:872): Iteration 4/4, subinterval: 85587529 - 101961017
[0m[1;33mDEBUG:    graphchi_engine.hpp(run:887): Allocation 16373489 vertices, sizeof:64 total:1047903296
[0mpage_cache_state is NULL 
page_cache_state is NULL 
page_cache_state is NULL 
page_cache_state is NULL 
page_cache_state is NULL 
page_cache_state is NULL 
page_cache_state is NULL 
page_cache_state is NULL 
page_cache_state is NULL 
page_cache_state is NULL 
page_cache_state is NULL 
page_cache_state is NULL 
page_cache_state is NULL 
page_cache_state is NULL 
page_cache_state is NULL 
page_cache_state is NULL 
page_cache_state is NULL 
page_cache_state is NULL 
INFO:     graphchi_engine.hpp(run:896): Start updates
[0mINFO:     graphchi_engine.hpp(run:906): Finished updates
[0mINFO:     graphchi_engine.hpp(run:859): 159.427s: Starting: 101961018 -- 124836179
[0mINFO:     graphchi_engine.hpp(run:872): Iteration 4/4, subinterval: 101961018 - 124836179
[0m[1;33mDEBUG:    graphchi_engine.hpp(run:887): Allocation 22875162 vertices, sizeof:64 total:1464010368
[0mpage_cache_state is NULL 
page_cache_state is NULL 
page_cache_state is NULL 
page_cache_state is NULL 
page_cache_state is NULL 
page_cache_state is NULL 
page_cache_state is NULL 
page_cache_state is NULL 
page_cache_state is NULL 
page_cache_state is NULL 
page_cache_state is NULL 
page_cache_state is NULL 
page_cache_state is NULL 
page_cache_state is NULL 
page_cache_state is NULL 
page_cache_state is NULL 
page_cache_state is NULL 
page_cache_state is NULL 
INFO:     graphchi_engine.hpp(run:896): Start updates
[0mINFO:     graphchi_engine.hpp(run:906): Finished updates
[0m[1;33mDEBUG:    stripedio.hpp(stripedio:271): Start io-manager with 16 threads.
[0mpage_cache_state is NULL 
page_cache_state is NULL 
page_cache_state is NULL 
page_cache_state is NULL 
page_cache_state is NULL 
page_cache_state is NULL 
page_cache_state is NULL 
page_cache_state is NULL 
page_cache_state is NULL 
page_cache_state is NULL 
page_cache_state is NULL 
page_cache_state is NULL 
page_cache_state is NULL 
page_cache_state is NULL 
page_cache_state is NULL 
page_cache_state is NULL 
page_cache_state is NULL 
page_cache_state is NULL 
Print top 20 vertices:
1. 124511661	1356.73
2. 124242676	951.524
3. 124545342	872.933
4. 117927534	825.977
5. 117735467	796.009
6. 124439113	790.008
7. 117757131	750.429
8. 117643203	734.435
9. 124397694	729.21
10. 124378151	725.991
11. 124407215	721.767
12. 117449876	700.14
13. 117937121	698.092
14. 117732971	696.278
15. 117809905	694.804
16. 117170447	684.677
17. 117795445	662.965
18. 117662377	648.284
19. 117867541	637.098
20. 117547055	633.244

 === REPORT FOR pagerank() ===
[Numeric]
cachesize_mb:		4000
compression:		0
execthreads:		64
loadthreads:		16
membudget_mb:		8000
niothreads:		16
niters:		5
nshards:		8
nvertices:		1.24836e+08
scheduler:		0
serialized-updates:		2.5122e+08	(count: 40, min: 5.30982e+06, max: 9.4962e+06, avg: 6.2805e+06)
stripesize:		1.07374e+09
updates:		6.24181e+08
work:		9.03034e+09
[Timings]
execute-updates:		91.9863s	 (count: 40, min: 0.154182s, max: 4.68103, avg: 2.29966s)
iomgr_init:		0.000338 s
memoryshard_create_edges:		44.3629s	 (count: 40, min: 1.01564s, max: 1.18582, avg: 1.10907s)
preada_now:		46.2046s	 (count: 2335, min: 0.002841s, max: 1.14398, avg: 0.0197878s)
pwritea_now:		0.10673s	 (count: 8, min: 0.009937s, max: 0.020405, avg: 0.0133412s)
runtime:		165.654 s
stripedio_wait_for_reads:		0.000106s	 (count: 40, min: 1e-06s, max: 9e-06, avg: 2.65e-06s)
stripedio_wait_for_writes:		7.4e-05s	 (count: 46, min: 0s, max: 4e-06, avg: 1.6087e-06s)
[Other]
app:	pagerank
engine:	default
file:	/users/kannan11/ssd/prefetching/dataset/com-friendster.ungraph.txt
DESTRUCTOR GETTING CALLED 
	Command being timed: "/users/kannan11/ssd/prefetching/appbench/apps/graphchi/graphchi-cpp/bin/example_apps/pagerank file /users/kannan11/ssd/prefetching/dataset/com-friendster.ungraph.txt niters 5"
	User time (seconds): 824.96
	System time (seconds): 122.31
	Percent of CPU this job got: 570%
	Elapsed (wall clock) time (h:mm:ss or m:ss): 2:46.01
	Average shared text size (kbytes): 0
	Average unshared data size (kbytes): 0
	Average stack size (kbytes): 0
	Average total size (kbytes): 0
	Maximum resident set size (kbytes): 5776992
	Average resident set size (kbytes): 0
	Major (requiring I/O) page faults: 11
	Minor (reclaiming a frame) page faults: 51158576
	Voluntary context switches: 73665
	Involuntary context switches: 6160
	Swaps: 0
	File system inputs: 17601752
	File system outputs: 975616
	Socket messages sent: 0
	Socket messages received: 0
	Signals delivered: 0
	Page size (bytes): 4096
	Exit status: 0
DESTRUCTOR GETTING CALLED 
[15851.522540] sh (85621): drop_caches: 3
[15851.652649] sh (85626): drop_caches: 3
[15856.686738] write_proc_unbounded: Value of write = 0
[15856.686750] write_proc_2mb_limit: Value of write = 0
[15856.686756] write_proc_bitmap_shift: Value of write = 36
[15856.691922] write_proc_unbounded: Value of write = 0
[15856.691931] write_proc_2mb_limit: Value of write = 0
[15856.691936] write_proc_bitmap_shift: Value of write = 36
[16022.697493] write_proc_unbounded: Value of write = 0
[16022.697505] write_proc_2mb_limit: Value of write = 0
[16022.704123] write_proc_unbounded: Value of write = 0
[16022.704134] write_proc_2mb_limit: Value of write = 0
