ENABLE_FILE_STATS in con
ENABLE_FILE_STATS in con
ENABLE_FILE_STATS in con
ENABLE_FILE_STATS in con
ENABLE_FILE_STATS in con
ENABLE_FILE_STATS in con
ENABLE_FILE_STATS in con
ENABLE_FILE_STATS in con
ENABLE_FILE_STATS in con
ENABLE_FILE_STATS in con
ENABLE_FILE_STATS in con
ENABLE_FILE_STATS in con
ENABLE_FILE_STATS in con
ENABLE_FILE_STATS in con
ENABLE_FILE_STATS in con
ENABLE_FILE_STATS in con
ENABLE_FILE_STATS in con
ENABLE_FILE_STATS in con
ENABLE_FILE_STATS in con
ENABLE_FILE_STATS in con
ENABLE_FILE_STATS in con
ENABLE_FILE_STATS in con
ENABLE_FILE_STATS in con
ENABLE_FILE_STATS in con
ENABLE_FILE_STATS in con
ENABLE_FILE_STATS in con
ENABLE_FILE_STATS in con
ENABLE_FILE_STATS in con
ENABLE_FILE_STATS in con
ENABLE_FILE_STATS in con
ENABLE_FILE_STATS in con
ENABLE_FILE_STATS in con
ENABLE_FILE_STATS in per_thread_ds
ENABLE_FILE_STATS in per_thread_ds
ENABLE_FILE_STATS in per_thread_ds
ENABLE_FILE_STATS in per_thread_ds
ENABLE_FILE_STATS in per_thread_ds
ENABLE_FILE_STATS in per_thread_ds
ENABLE_FILE_STATS in per_thread_ds
ENABLE_FILE_STATS in per_thread_ds
ENABLE_FILE_STATS in per_thread_ds
ENABLE_FILE_STATS in per_thread_ds
ENABLE_FILE_STATS in per_thread_ds
ENABLE_FILE_STATS in per_thread_ds
ENABLE_FILE_STATS in per_thread_ds
ENABLE_FILE_STATS in per_thread_ds
ENABLE_FILE_STATS in per_thread_ds
ENABLE_FILE_STATS in per_thread_ds
ENABLE_FILE_STATS in per_thread_ds
ENABLE_FILE_STATS in per_thread_ds
ENABLE_FILE_STATS in per_thread_ds
ENABLE_FILE_STATS in per_thread_ds
ENABLE_FILE_STATS in per_thread_ds
ENABLE_FILE_STATS in per_thread_ds
ENABLE_FILE_STATS in per_thread_ds
ENABLE_FILE_STATS in per_thread_ds
ENABLE_FILE_STATS in per_thread_ds
ENABLE_FILE_STATS in per_thread_ds
ENABLE_FILE_STATS in per_thread_ds
ENABLE_FILE_STATS in per_thread_ds
ENABLE_FILE_STATS in per_thread_ds
ENABLE_FILE_STATS in per_thread_ds
ENABLE_FILE_STATS in per_thread_ds
ENABLE_FILE_STATS in per_thread_ds
-------- Aggregate Performance --------
 READ Restart Perf: 3187.05 BW[MB/s] 49445306368 Bytes 14.7957 MaxTime[sec] 
Total nr_ra = 0
Total nr_bytes_ra = 0
Total nr_ra = 0
Total nr_bytes_ra = 0
Total nr_ra = 0
Total nr_bytes_ra = 0
Total nr_ra = 0
Total nr_bytes_ra = 0
Total nr_ra = 0
Total nr_bytes_ra = 0
Total nr_ra = 0
Total nr_bytes_ra = 0
Total nr_ra = 0
Total nr_bytes_ra = 0
DESTRUCTOR GETTING CALLED 
PRINT_GLOBAL_STATS in dest
PRINT_GLOBAL_LIB_STATS in dest
DESTRUCTOR GETTING CALLED 
PRINT_GLOBAL_STATS in dest
PRINT_GLOBAL_LIB_STATS in dest
DESTRUCTOR GETTING CALLED 
PRINT_GLOBAL_STATS in dest
PRINT_GLOBAL_LIB_STATS in dest
DESTRUCTOR GETTING CALLED 
PRINT_GLOBAL_STATS in dest
PRINT_GLOBAL_LIB_STATS in dest
DESTRUCTOR GETTING CALLED 
PRINT_GLOBAL_STATS in dest
PRINT_GLOBAL_LIB_STATS in dest
DESTRUCTOR GETTING CALLED 
PRINT_GLOBAL_STATS in dest
PRINT_GLOBAL_LIB_STATS in dest
DESTRUCTOR GETTING CALLED 
PRINT_GLOBAL_STATS in dest
PRINT_GLOBAL_LIB_STATS in dest
Total nr_ra = 0
Total nr_bytes_ra = 0
DESTRUCTOR GETTING CALLED 
PRINT_GLOBAL_STATS in dest
PRINT_GLOBAL_LIB_STATS in dest
DESTRUCTOR GETTING CALLED 
PRINT_GLOBAL_STATS in dest
PRINT_GLOBAL_LIB_STATS in dest
Total nr_ra = 0
Total nr_bytes_ra = 0
DESTRUCTOR GETTING CALLED 
PRINT_GLOBAL_STATS in dest
PRINT_GLOBAL_LIB_STATS in dest
DESTRUCTOR GETTING CALLED 
PRINT_GLOBAL_STATS in dest
PRINT_GLOBAL_LIB_STATS in dest
Total nr_ra = 0
Total nr_bytes_ra = 0
Total nr_ra = 0
Total nr_bytes_ra = 0
DESTRUCTOR GETTING CALLED 
DESTRUCTOR GETTING CALLED 
PRINT_GLOBAL_STATS in dest
PRINT_GLOBAL_LIB_STATS in dest
Total nr_ra = 0
Total nr_bytes_ra = 0
Total nr_ra = 0
Total nr_bytes_ra = 0
PRINT_GLOBAL_STATS in dest
PRINT_GLOBAL_LIB_STATS in dest
DESTRUCTOR GETTING CALLED 
PRINT_GLOBAL_STATS in dest
PRINT_GLOBAL_LIB_STATS in dest
Total nr_ra = 0
Total nr_bytes_ra = 0
DESTRUCTOR GETTING CALLED 
DESTRUCTOR GETTING CALLED 
Total nr_ra = 0
Total nr_bytes_ra = 0
PRINT_GLOBAL_STATS in dest
PRINT_GLOBAL_LIB_STATS in dest
DESTRUCTOR GETTING CALLED 
DESTRUCTOR GETTING CALLED 
Total nr_ra = 0
Total nr_bytes_ra = 0
PRINT_GLOBAL_STATS in dest
PRINT_GLOBAL_LIB_STATS in dest
Total nr_ra = 0
Total nr_bytes_ra = 0
PRINT_GLOBAL_STATS in dest
PRINT_GLOBAL_LIB_STATS in dest
PRINT_GLOBAL_STATS in dest
PRINT_GLOBAL_LIB_STATS in dest
Total nr_ra = 0
Total nr_bytes_ra = 0
DESTRUCTOR GETTING CALLED 
PRINT_GLOBAL_STATS in dest
PRINT_GLOBAL_LIB_STATS in dest
Total nr_ra = 0
Total nr_bytes_ra = 0
DESTRUCTOR GETTING CALLED 
PRINT_GLOBAL_STATS in dest
Total nr_ra = 0
Total nr_bytes_ra = 0
PRINT_GLOBAL_LIB_STATS in dest
DESTRUCTOR GETTING CALLED 
PRINT_GLOBAL_STATS in dest
PRINT_GLOBAL_LIB_STATS in dest
Total nr_ra = 0
Total nr_bytes_ra = 0
DESTRUCTOR GETTING CALLED 
DESTRUCTOR GETTING CALLED 
DESTRUCTOR GETTING CALLED 
Total nr_ra = 0
Total nr_bytes_ra = 0
PRINT_GLOBAL_STATS in dest
PRINT_GLOBAL_LIB_STATS in dest
PRINT_GLOBAL_STATS in dest
PRINT_GLOBAL_LIB_STATS in dest
PRINT_GLOBAL_STATS in dest
PRINT_GLOBAL_LIB_STATS in dest
DESTRUCTOR GETTING CALLED 
PRINT_GLOBAL_STATS in dest
PRINT_GLOBAL_LIB_STATS in dest
Total nr_ra = 0
Total nr_bytes_ra = 0
Total nr_ra = 0
Total nr_bytes_ra = 0
Total nr_ra = 0
Total nr_bytes_ra = 0
DESTRUCTOR GETTING CALLED 
DESTRUCTOR GETTING CALLED 
PRINT_GLOBAL_STATS in dest
PRINT_GLOBAL_LIB_STATS in dest
Total nr_ra = 0
Total nr_bytes_ra = 0
Total nr_ra = 0
Total nr_bytes_ra = 0
PRINT_GLOBAL_STATS in dest
PRINT_GLOBAL_LIB_STATS in dest
DESTRUCTOR GETTING CALLED 
PRINT_GLOBAL_STATS in dest
PRINT_GLOBAL_LIB_STATS in dest
Total nr_ra = 0
Total nr_bytes_ra = 0
DESTRUCTOR GETTING CALLED 
PRINT_GLOBAL_STATS in dest
PRINT_GLOBAL_LIB_STATS in dest
Total nr_ra = 0
Total nr_bytes_ra = 0
DESTRUCTOR GETTING CALLED 
PRINT_GLOBAL_STATS in dest
PRINT_GLOBAL_LIB_STATS in dest
Total nr_ra = 0
Total nr_bytes_ra = 0
DESTRUCTOR GETTING CALLED 
PRINT_GLOBAL_STATS in dest
PRINT_GLOBAL_LIB_STATS in dest
Total nr_ra = 0
Total nr_bytes_ra = 0
DESTRUCTOR GETTING CALLED 
PRINT_GLOBAL_STATS in dest
PRINT_GLOBAL_LIB_STATS in dest
Total nr_ra = 0
Total nr_bytes_ra = 0
[31770.944775] sh (13349): drop_caches: 3
[31771.004259] sh (13354): drop_caches: 3
[31771.049047] write_proc_unbounded: Value of write = 0
[31771.049048] write_proc_unbounded: Value of write = 0
[31771.049051] write_proc_unbounded: Value of write = 0
[31771.049054] write_proc_unbounded: Value of write = 0
[31771.049054] write_proc_unbounded: Value of write = 0
[31771.049054] write_proc_unbounded: Value of write = 0
[31771.049070] write_proc_2mb_limit: Value of write = 0
[31771.049071] write_proc_2mb_limit: Value of write = 0
[31771.049073] write_proc_2mb_limit: Value of write = 0
[31771.049076] write_proc_2mb_limit: Value of write = 0
[31771.049076] write_proc_2mb_limit: Value of write = 0
[31771.049076] write_proc_2mb_limit: Value of write = 0
[31771.049078] write_proc_unbounded: Value of write = 0
[31771.049093] write_proc_unbounded: Value of write = 0
[31771.049093] write_proc_bitmap_shift: Value of write = 37
[31771.049101] write_proc_bitmap_shift: Value of write = 37
[31771.049103] write_proc_bitmap_shift: Value of write = 37
[31771.049103] write_proc_bitmap_shift: Value of write = 37
[31771.049103] write_proc_2mb_limit: Value of write = 0
[31771.049104] write_proc_2mb_limit: Value of write = 0
[31771.049104] write_proc_bitmap_shift: Value of write = 37
[31771.049105] write_proc_bitmap_shift: Value of write = 37
[31771.049113] write_proc_bitmap_shift: Value of write = 37
[31771.049115] write_proc_bitmap_shift: Value of write = 37
[31771.049118] write_proc_unbounded: Value of write = 0
[31771.049118] write_proc_unbounded: Value of write = 0
[31771.049133] write_proc_2mb_limit: Value of write = 0
[31771.049132] write_proc_2mb_limit: Value of write = 0
[31771.049139] write_proc_bitmap_shift: Value of write = 37
[31771.049139] write_proc_bitmap_shift: Value of write = 37
[31771.049149] write_proc_unbounded: Value of write = 0
[31771.049149] write_proc_unbounded: Value of write = 0
[31771.049165] write_proc_2mb_limit: Value of write = 0
[31771.049165] write_proc_2mb_limit: Value of write = 0
[31771.049167] write_proc_unbounded: Value of write = 0
[31771.049173] write_proc_bitmap_shift: Value of write = 37
[31771.049173] write_proc_bitmap_shift: Value of write = 37
[31771.049181] write_proc_2mb_limit: Value of write = 0
[31771.049184] write_proc_unbounded: Value of write = 0
[31771.049186] write_proc_unbounded: Value of write = 0
[31771.049191] write_proc_bitmap_shift: Value of write = 37
[31771.049191] write_proc_2mb_limit: Value of write = 0
[31771.049196] write_proc_2mb_limit: Value of write = 0
[31771.049198] write_proc_bitmap_shift: Value of write = 37
[31771.049196] write_proc_unbounded: Value of write = 0
[31771.049203] write_proc_bitmap_shift: Value of write = 37
[31771.049205] write_proc_unbounded: Value of write = 0
[31771.049211] write_proc_2mb_limit: Value of write = 0
[31771.049214] write_proc_2mb_limit: Value of write = 0
[31771.049214] write_proc_unbounded: Value of write = 0
[31771.049218] write_proc_bitmap_shift: Value of write = 37
[31771.049218] write_proc_bitmap_shift: Value of write = 37
[31771.049221] write_proc_unbounded: Value of write = 0
[31771.049232] write_proc_unbounded: Value of write = 0
[31771.049232] write_proc_2mb_limit: Value of write = 0
[31771.049234] write_proc_2mb_limit: Value of write = 0
[31771.049233] write_proc_unbounded: Value of write = 0
[31771.049233] write_proc_unbounded: Value of write = 0
[31771.049233] write_proc_unbounded: Value of write = 0
[31771.049239] write_proc_bitmap_shift: Value of write = 37
[31771.049238] write_proc_unbounded: Value of write = 0
[31771.049246] write_proc_bitmap_shift: Value of write = 37
[31771.049255] write_proc_2mb_limit: Value of write = 0
[31771.049255] write_proc_2mb_limit: Value of write = 0
[31771.049256] write_proc_2mb_limit: Value of write = 0
[31771.049256] write_proc_2mb_limit: Value of write = 0
[31771.049262] write_proc_2mb_limit: Value of write = 0
[31771.049267] write_proc_bitmap_shift: Value of write = 37
[31771.049267] write_proc_bitmap_shift: Value of write = 37
[31771.049267] write_proc_bitmap_shift: Value of write = 37
[31771.049267] write_proc_bitmap_shift: Value of write = 37
[31771.049272] write_proc_bitmap_shift: Value of write = 37
[31771.049305] write_proc_unbounded: Value of write = 0
[31771.049305] write_proc_unbounded: Value of write = 0
[31771.049313] write_proc_2mb_limit: Value of write = 0
[31771.049314] write_proc_2mb_limit: Value of write = 0
[31771.049319] write_proc_bitmap_shift: Value of write = 37
[31771.049323] write_proc_bitmap_shift: Value of write = 37
[31771.049325] write_proc_unbounded: Value of write = 0
[31771.049334] write_proc_2mb_limit: Value of write = 0
[31771.049338] write_proc_bitmap_shift: Value of write = 37
[31771.049357] write_proc_unbounded: Value of write = 0
[31771.049364] write_proc_2mb_limit: Value of write = 0
[31771.049367] write_proc_bitmap_shift: Value of write = 37
[31771.049400] write_proc_unbounded: Value of write = 0
[31771.049404] write_proc_2mb_limit: Value of write = 0
[31771.049409] write_proc_bitmap_shift: Value of write = 37
[31771.049463] write_proc_unbounded: Value of write = 0
[31771.049468] write_proc_unbounded: Value of write = 0
[31771.049477] write_proc_2mb_limit: Value of write = 0
[31771.049480] write_proc_2mb_limit: Value of write = 0
[31771.049484] write_proc_bitmap_shift: Value of write = 37
[31771.049487] write_proc_bitmap_shift: Value of write = 37
[31771.049568] write_proc_unbounded: Value of write = 0
[31771.049576] write_proc_2mb_limit: Value of write = 0
[31771.049580] write_proc_bitmap_shift: Value of write = 37
[31786.279025] write_proc_unbounded: Value of write = 0
[31786.279044] write_proc_2mb_limit: Value of write = 0
[31786.279153] write_proc_unbounded: Value of write = 0
[31786.279159] write_proc_2mb_limit: Value of write = 0
[31786.279382] write_proc_unbounded: Value of write = 0
[31786.279388] write_proc_2mb_limit: Value of write = 0
[31786.279388] write_proc_unbounded: Value of write = 0
[31786.279406] write_proc_2mb_limit: Value of write = 0
[31786.279798] write_proc_unbounded: Value of write = 0
[31786.279815] write_proc_2mb_limit: Value of write = 0
[31786.279869] write_proc_unbounded: Value of write = 0
[31786.279878] write_proc_2mb_limit: Value of write = 0
[31786.279900] write_proc_unbounded: Value of write = 0
[31786.279910] write_proc_2mb_limit: Value of write = 0
[31786.280005] write_proc_unbounded: Value of write = 0
[31786.280015] write_proc_2mb_limit: Value of write = 0
[31786.280198] write_proc_unbounded: Value of write = 0
[31786.280206] write_proc_2mb_limit: Value of write = 0
[31786.280273] write_proc_unbounded: Value of write = 0
[31786.280292] write_proc_unbounded: Value of write = 0
[31786.280295] write_proc_2mb_limit: Value of write = 0
[31786.280301] write_proc_2mb_limit: Value of write = 0
[31786.280397] write_proc_unbounded: Value of write = 0
[31786.280407] write_proc_2mb_limit: Value of write = 0
[31786.280415] write_proc_unbounded: Value of write = 0
[31786.280425] write_proc_2mb_limit: Value of write = 0
[31786.280731] write_proc_unbounded: Value of write = 0
[31786.280749] write_proc_2mb_limit: Value of write = 0
[31786.280871] write_proc_unbounded: Value of write = 0
[31786.280880] write_proc_2mb_limit: Value of write = 0
[31786.280910] write_proc_unbounded: Value of write = 0
[31786.280917] write_proc_2mb_limit: Value of write = 0
[31786.280937] write_proc_unbounded: Value of write = 0
[31786.280946] write_proc_2mb_limit: Value of write = 0
[31786.280961] write_proc_unbounded: Value of write = 0
[31786.280966] write_proc_2mb_limit: Value of write = 0
[31786.281326] write_proc_unbounded: Value of write = 0
[31786.281333] write_proc_2mb_limit: Value of write = 0
[31786.281490] write_proc_unbounded: Value of write = 0
[31786.281508] write_proc_2mb_limit: Value of write = 0
[31786.281630] write_proc_unbounded: Value of write = 0
[31786.281637] write_proc_2mb_limit: Value of write = 0
[31786.281743] write_proc_unbounded: Value of write = 0
[31786.281750] write_proc_2mb_limit: Value of write = 0
[31786.281764] write_proc_unbounded: Value of write = 0
[31786.281772] write_proc_2mb_limit: Value of write = 0
[31786.281787] write_proc_unbounded: Value of write = 0
[31786.281797] write_proc_unbounded: Value of write = 0
[31786.281797] write_proc_2mb_limit: Value of write = 0
[31786.281807] write_proc_2mb_limit: Value of write = 0
[31786.281844] write_proc_unbounded: Value of write = 0
[31786.281844] write_proc_unbounded: Value of write = 0
[31786.281858] write_proc_2mb_limit: Value of write = 0
[31786.281859] write_proc_2mb_limit: Value of write = 0
[31786.281954] write_proc_unbounded: Value of write = 0
[31786.281961] write_proc_2mb_limit: Value of write = 0
[31786.282004] write_proc_unbounded: Value of write = 0
[31786.282010] write_proc_2mb_limit: Value of write = 0
[31786.282067] write_proc_unbounded: Value of write = 0
[31786.282084] write_proc_2mb_limit: Value of write = 0
[31786.282140] write_proc_unbounded: Value of write = 0
[31786.282154] write_proc_2mb_limit: Value of write = 0
[31786.284796] write_proc_unbounded: Value of write = 0
[31786.284813] write_proc_2mb_limit: Value of write = 0
