ENABLE_FILE_STATS in con
ENABLE_FILE_STATS in con
RocksDB:    version 6.20
Date:       Wed Aug 10 18:27:45 2022
CPU:        48 * AMD EPYC 7402P 24-Core Processor
CPUCache:   512 KB
Initializing RocksDB Options from the specified file
Initializing RocksDB Options from command-line flags
Keys:       1000 bytes each (+ 0 bytes user-defined timestamp)
Values:     4096 bytes each (2048 bytes after compression)
Entries:    2000000
Prefix:    0 bytes
Keys per prefix:    0
RawSize:    9719.8 MB (estimated)
FileSize:   5813.6 MB (estimated)
Write rate: 0 bytes/second
Read rate: 0 ops/second
Compression: Snappy
Compression sampling rate: 0
Memtablerep: skip_list
Perf Level: 1
------------------------------------------------
DB path: [/users/kannan11/ssd/sudarsun/prefetching/appbench/apps/rocksdb/DATA]
readreverse  :   10123.000 micros/op 773 ops/sec;
DESTRUCTOR GETTING CALLED 
PRINT_GLOBAL_STATS in dest
	Command being timed: "./db_bench --db=/users/kannan11/ssd/sudarsun/prefetching/appbench/apps/rocksdb/DATA --value_size=4096 --wal_dir=/users/kannan11/ssd/sudarsun/prefetching/appbench/apps/rocksdb/DATA/WAL_LOG --sync=0 --key_size=1000 --write_buffer_size=67108864 --num=2000000 --benchmarks=readreverse --use_existing_db=1 --mmap_read=0 --threads=8"
	User time (seconds): 0.25
	System time (seconds): 5.94
	Percent of CPU this job got: 370%
	Elapsed (wall clock) time (h:mm:ss or m:ss): 0:01.67
	Average shared text size (kbytes): 0
	Average unshared data size (kbytes): 0
	Average stack size (kbytes): 0
	Average total size (kbytes): 0
	Maximum resident set size (kbytes): 6205828
	Average resident set size (kbytes): 0
	Major (requiring I/O) page faults: 79
	Minor (reclaiming a frame) page faults: 1550044
	Voluntary context switches: 4477
	Involuntary context switches: 13
	Swaps: 0
	File system inputs: 127192
	File system outputs: 1664
	Socket messages sent: 0
	Socket messages received: 0
	Signals delivered: 0
	Page size (bytes): 4096
	Exit status: 0
DESTRUCTOR GETTING CALLED 
PRINT_GLOBAL_STATS in dest
[ 8948.933734] free_cross_bitmap: releasing mem for inode with i_count 2
[ 8948.940961] free_cross_bitmap: releasing mem for inode with i_count 2
[ 8948.948199] free_cross_bitmap: releasing mem for inode with i_count 2
[ 8948.955163] free_cross_bitmap: releasing mem for inode with i_count 2
[ 8948.962085] free_cross_bitmap: releasing mem for inode with i_count 2
[ 8948.969690] free_cross_bitmap: releasing mem for inode with i_count 2
[ 8948.976666] free_cross_bitmap: releasing mem for inode with i_count 2
[ 8948.983585] free_cross_bitmap: releasing mem for inode with i_count 2
[ 8948.990525] free_cross_bitmap: releasing mem for inode with i_count 2
[ 8948.997465] free_cross_bitmap: releasing mem for inode with i_count 2
[ 8949.004445] free_cross_bitmap: releasing mem for inode with i_count 2
[ 8949.011661] free_cross_bitmap: releasing mem for inode with i_count 2
[ 8949.018613] free_cross_bitmap: releasing mem for inode with i_count 2
[ 8949.025791] free_cross_bitmap: releasing mem for inode with i_count 2
[ 8949.032723] free_cross_bitmap: releasing mem for inode with i_count 2
[ 8949.039886] free_cross_bitmap: releasing mem for inode with i_count 2
[ 8949.046890] free_cross_bitmap: releasing mem for inode with i_count 2
[ 8949.054354] free_cross_bitmap: releasing mem for inode with i_count 2
[ 8949.061337] free_cross_bitmap: releasing mem for inode with i_count 2
[ 8949.068377] free_cross_bitmap: releasing mem for inode with i_count 2
[ 8949.075593] free_cross_bitmap: releasing mem for inode with i_count 2
[ 8949.082688] free_cross_bitmap: releasing mem for inode with i_count 2
[ 8949.089698] free_cross_bitmap: releasing mem for inode with i_count 2
[ 8949.096964] free_cross_bitmap: releasing mem for inode with i_count 2
[ 8949.103995] free_cross_bitmap: releasing mem for inode with i_count 2
[ 8949.110924] free_cross_bitmap: releasing mem for inode with i_count 2
[ 8949.117912] free_cross_bitmap: releasing mem for inode with i_count 2
[ 8949.125057] free_cross_bitmap: releasing mem for inode with i_count 2
[ 8949.132081] free_cross_bitmap: releasing mem for inode with i_count 2
[ 8949.139138] free_cross_bitmap: releasing mem for inode with i_count 2
[ 8949.146358] free_cross_bitmap: releasing mem for inode with i_count 2
[ 8949.153555] free_cross_bitmap: releasing mem for inode with i_count 2
[ 8949.160852] free_cross_bitmap: releasing mem for inode with i_count 2
[ 8949.167787] free_cross_bitmap: releasing mem for inode with i_count 2
[ 8949.174985] free_cross_bitmap: releasing mem for inode with i_count 2
[ 8949.182530] free_cross_bitmap: releasing mem for inode with i_count 2
[ 8949.189675] free_cross_bitmap: releasing mem for inode with i_count 2
[ 8949.196678] free_cross_bitmap: releasing mem for inode with i_count 2
[ 8949.203806] free_cross_bitmap: releasing mem for inode with i_count 2
[ 8949.210771] free_cross_bitmap: releasing mem for inode with i_count 2
[ 8949.217739] free_cross_bitmap: releasing mem for inode with i_count 2
[ 8949.225190] free_cross_bitmap: releasing mem for inode with i_count 2
[ 8949.232191] free_cross_bitmap: releasing mem for inode with i_count 2
[ 8949.239116] free_cross_bitmap: releasing mem for inode with i_count 2
[ 8949.246144] free_cross_bitmap: releasing mem for inode with i_count 2
[ 8949.253166] free_cross_bitmap: releasing mem for inode with i_count 2
[ 8949.260124] free_cross_bitmap: releasing mem for inode with i_count 2
[ 8949.267478] free_cross_bitmap: releasing mem for inode with i_count 2
[ 8949.274453] free_cross_bitmap: releasing mem for inode with i_count 2
[ 8949.281440] free_cross_bitmap: releasing mem for inode with i_count 2
[ 8949.288409] free_cross_bitmap: releasing mem for inode with i_count 2
[ 8949.295381] free_cross_bitmap: releasing mem for inode with i_count 2
[ 8949.302370] free_cross_bitmap: releasing mem for inode with i_count 2
[ 8949.309704] free_cross_bitmap: releasing mem for inode with i_count 2
[ 8949.316691] free_cross_bitmap: releasing mem for inode with i_count 2
[ 8949.323701] free_cross_bitmap: releasing mem for inode with i_count 2
[ 8949.330703] free_cross_bitmap: releasing mem for inode with i_count 2
[ 8949.337710] free_cross_bitmap: releasing mem for inode with i_count 2
[ 8949.344748] free_cross_bitmap: releasing mem for inode with i_count 2
[ 8949.352333] free_cross_bitmap: releasing mem for inode with i_count 2
[ 8949.359311] free_cross_bitmap: releasing mem for inode with i_count 2
[ 8949.366293] free_cross_bitmap: releasing mem for inode with i_count 2
[ 8949.373243] free_cross_bitmap: releasing mem for inode with i_count 2
[ 8949.380193] free_cross_bitmap: releasing mem for inode with i_count 2
[ 8949.387171] free_cross_bitmap: releasing mem for inode with i_count 2
[ 8949.394449] free_cross_bitmap: releasing mem for inode with i_count 2
[ 8949.401372] free_cross_bitmap: releasing mem for inode with i_count 2
[ 8949.408310] free_cross_bitmap: releasing mem for inode with i_count 2
[ 8949.415254] free_cross_bitmap: releasing mem for inode with i_count 2
[ 8949.422245] free_cross_bitmap: releasing mem for inode with i_count 2
[ 8949.429211] free_cross_bitmap: releasing mem for inode with i_count 2
[ 8949.436449] free_cross_bitmap: releasing mem for inode with i_count 2
[ 8949.443389] free_cross_bitmap: releasing mem for inode with i_count 2
[ 8949.450308] free_cross_bitmap: releasing mem for inode with i_count 2
[ 8949.457216] free_cross_bitmap: releasing mem for inode with i_count 2
[ 8949.464175] free_cross_bitmap: releasing mem for inode with i_count 2
[ 8949.471110] free_cross_bitmap: releasing mem for inode with i_count 2
[ 8949.478455] free_cross_bitmap: releasing mem for inode with i_count 2
[ 8949.485399] free_cross_bitmap: releasing mem for inode with i_count 2
[ 8949.492373] free_cross_bitmap: releasing mem for inode with i_count 2
[ 8949.499331] free_cross_bitmap: releasing mem for inode with i_count 2
[ 8949.506284] free_cross_bitmap: releasing mem for inode with i_count 2
[ 8949.513246] free_cross_bitmap: releasing mem for inode with i_count 2
[ 8949.520625] free_cross_bitmap: releasing mem for inode with i_count 2
[ 8949.527616] free_cross_bitmap: releasing mem for inode with i_count 2
[ 8949.534579] free_cross_bitmap: releasing mem for inode with i_count 2
[ 8949.541467] free_cross_bitmap: releasing mem for inode with i_count 2
[ 8949.548450] free_cross_bitmap: releasing mem for inode with i_count 2
[ 8949.555389] free_cross_bitmap: releasing mem for inode with i_count 2
[ 8949.562651] free_cross_bitmap: releasing mem for inode with i_count 2
[ 8949.569641] free_cross_bitmap: releasing mem for inode with i_count 2
[ 8949.576538] free_cross_bitmap: releasing mem for inode with i_count 2
[ 8949.583525] free_cross_bitmap: releasing mem for inode with i_count 2
[ 8949.590492] free_cross_bitmap: releasing mem for inode with i_count 2
[ 8949.597388] free_cross_bitmap: releasing mem for inode with i_count 2
[ 8949.604865] free_cross_bitmap: releasing mem for inode with i_count 2
[ 8949.611820] free_cross_bitmap: releasing mem for inode with i_count 2
[ 8949.618787] free_cross_bitmap: releasing mem for inode with i_count 2
[ 8949.625753] free_cross_bitmap: releasing mem for inode with i_count 2
[ 8949.632694] free_cross_bitmap: releasing mem for inode with i_count 2
[ 8949.639672] free_cross_bitmap: releasing mem for inode with i_count 2
[ 8949.646870] free_cross_bitmap: releasing mem for inode with i_count 2
[ 8949.653797] free_cross_bitmap: releasing mem for inode with i_count 2
[ 8949.660782] free_cross_bitmap: releasing mem for inode with i_count 2
[ 8949.667752] free_cross_bitmap: releasing mem for inode with i_count 2
[ 8949.674775] free_cross_bitmap: releasing mem for inode with i_count 2
[ 8949.681702] free_cross_bitmap: releasing mem for inode with i_count 2
[ 8949.689033] free_cross_bitmap: releasing mem for inode with i_count 2
[ 8949.695976] free_cross_bitmap: releasing mem for inode with i_count 2
[ 8949.702965] free_cross_bitmap: releasing mem for inode with i_count 2
[ 8949.709933] free_cross_bitmap: releasing mem for inode with i_count 2
[ 8949.716895] free_cross_bitmap: releasing mem for inode with i_count 2
[ 8949.723816] free_cross_bitmap: releasing mem for inode with i_count 2
[ 8949.731119] free_cross_bitmap: releasing mem for inode with i_count 2
[ 8949.738092] free_cross_bitmap: releasing mem for inode with i_count 2
[ 8949.745084] free_cross_bitmap: releasing mem for inode with i_count 2
[ 8949.752075] free_cross_bitmap: releasing mem for inode with i_count 2
[ 8949.759070] free_cross_bitmap: releasing mem for inode with i_count 2
[ 8949.766009] free_cross_bitmap: releasing mem for inode with i_count 2
[ 8949.773296] free_cross_bitmap: releasing mem for inode with i_count 2
[ 8949.780277] free_cross_bitmap: releasing mem for inode with i_count 2
[ 8949.787216] free_cross_bitmap: releasing mem for inode with i_count 2
[ 8949.794148] free_cross_bitmap: releasing mem for inode with i_count 2
[ 8949.801089] free_cross_bitmap: releasing mem for inode with i_count 2
[ 8949.808020] free_cross_bitmap: releasing mem for inode with i_count 2
[ 8949.815294] free_cross_bitmap: releasing mem for inode with i_count 2
[ 8949.822235] free_cross_bitmap: releasing mem for inode with i_count 2
[ 8949.829189] free_cross_bitmap: releasing mem for inode with i_count 2
[ 8949.836131] free_cross_bitmap: releasing mem for inode with i_count 2
[ 8949.843066] free_cross_bitmap: releasing mem for inode with i_count 2
[ 8949.849982] free_cross_bitmap: releasing mem for inode with i_count 2
[ 8949.857270] free_cross_bitmap: releasing mem for inode with i_count 2
[ 8949.864201] free_cross_bitmap: releasing mem for inode with i_count 2
[ 8949.871140] free_cross_bitmap: releasing mem for inode with i_count 2
[ 8949.878062] free_cross_bitmap: releasing mem for inode with i_count 2
[ 8949.885012] free_cross_bitmap: releasing mem for inode with i_count 2
[ 8949.891925] free_cross_bitmap: releasing mem for inode with i_count 2
[ 8949.899225] free_cross_bitmap: releasing mem for inode with i_count 2
[ 8949.906171] free_cross_bitmap: releasing mem for inode with i_count 2
[ 8949.913081] free_cross_bitmap: releasing mem for inode with i_count 2
[ 8949.920024] free_cross_bitmap: releasing mem for inode with i_count 2
[ 8949.926950] free_cross_bitmap: releasing mem for inode with i_count 2
[ 8949.933858] free_cross_bitmap: releasing mem for inode with i_count 2
[ 8949.941477] free_cross_bitmap: releasing mem for inode with i_count 2
[ 8949.948383] free_cross_bitmap: releasing mem for inode with i_count 2
[ 8949.955287] free_cross_bitmap: releasing mem for inode with i_count 2
[ 8949.962191] free_cross_bitmap: releasing mem for inode with i_count 2
[ 8949.969103] free_cross_bitmap: releasing mem for inode with i_count 2
[ 8949.976044] free_cross_bitmap: releasing mem for inode with i_count 2
[ 8949.983288] free_cross_bitmap: releasing mem for inode with i_count 2
[ 8949.990281] free_cross_bitmap: releasing mem for inode with i_count 2
[ 8949.997215] free_cross_bitmap: releasing mem for inode with i_count 2
[ 8950.004125] free_cross_bitmap: releasing mem for inode with i_count 2
[ 8950.011032] free_cross_bitmap: releasing mem for inode with i_count 2
[ 8950.017931] free_cross_bitmap: releasing mem for inode with i_count 2
[ 8950.025291] free_cross_bitmap: releasing mem for inode with i_count 2
[ 8950.032211] free_cross_bitmap: releasing mem for inode with i_count 2
[ 8950.039135] free_cross_bitmap: releasing mem for inode with i_count 2
[ 8950.046052] free_cross_bitmap: releasing mem for inode with i_count 2
[ 8950.053008] free_cross_bitmap: releasing mem for inode with i_count 2
[ 8950.059899] free_cross_bitmap: releasing mem for inode with i_count 2
[ 8950.067259] free_cross_bitmap: releasing mem for inode with i_count 2
[ 8950.074146] free_cross_bitmap: releasing mem for inode with i_count 2
[ 8950.081072] free_cross_bitmap: releasing mem for inode with i_count 2
[ 8950.088042] free_cross_bitmap: releasing mem for inode with i_count 2
[ 8950.094969] free_cross_bitmap: releasing mem for inode with i_count 2
[ 8950.101879] free_cross_bitmap: releasing mem for inode with i_count 2
[ 8950.109085] free_cross_bitmap: releasing mem for inode with i_count 2
[ 8950.115994] free_cross_bitmap: releasing mem for inode with i_count 2
[ 8950.122916] free_cross_bitmap: releasing mem for inode with i_count 2
[ 8950.129800] free_cross_bitmap: releasing mem for inode with i_count 2
[ 8950.136698] free_cross_bitmap: releasing mem for inode with i_count 2
[ 8950.143605] free_cross_bitmap: releasing mem for inode with i_count 2
[ 8950.150812] free_cross_bitmap: releasing mem for inode with i_count 2
[ 8950.157746] free_cross_bitmap: releasing mem for inode with i_count 2
[ 8950.164655] free_cross_bitmap: releasing mem for inode with i_count 2
[ 8950.171573] free_cross_bitmap: releasing mem for inode with i_count 2
[ 8950.178521] free_cross_bitmap: releasing mem for inode with i_count 2
[ 8950.185426] free_cross_bitmap: releasing mem for inode with i_count 2
[ 8950.192889] free_cross_bitmap: releasing mem for inode with i_count 2
[ 8950.199779] free_cross_bitmap: releasing mem for inode with i_count 2
[ 8950.206704] free_cross_bitmap: releasing mem for inode with i_count 2
[ 8950.213595] free_cross_bitmap: releasing mem for inode with i_count 2
[ 8950.220502] free_cross_bitmap: releasing mem for inode with i_count 2
[ 8950.227472] free_cross_bitmap: releasing mem for inode with i_count 2
[ 8950.236671] free_cross_bitmap: releasing mem for inode with i_count 2
[ 8950.243893] sh (47802): drop_caches: 3
[ 8950.276013] sh (47993): drop_caches: 3
[ 8955.301153] Enabled file stats for time:48000
[ 8955.301367] write_proc: Value of write = 1
[ 8955.306490] Enabled file stats for db_bench:48009
[ 8955.306689] write_proc: Value of write = 1
[ 8955.355124] alloc_cross_bitmap: preallocate 268435456 pg, nr_longs=4194304 in 8 millisec
[ 8955.357356] alloc_cross_bitmap: preallocate 268435456 pg, nr_longs=4194304 in 8 millisec
[ 8955.359463] alloc_cross_bitmap: preallocate 268435456 pg, nr_longs=4194304 in 12 millisec
[ 8955.360965] alloc_cross_bitmap: preallocate 268435456 pg, nr_longs=4194304 in 12 millisec
[ 8955.361294] alloc_cross_bitmap: preallocate 268435456 pg, nr_longs=4194304 in 12 millisec
[ 8955.361312] alloc_cross_bitmap: preallocate 268435456 pg, nr_longs=4194304 in 12 millisec
[ 8955.361828] alloc_cross_bitmap: preallocate 268435456 pg, nr_longs=4194304 in 12 millisec
[ 8955.362350] alloc_cross_bitmap: preallocate 268435456 pg, nr_longs=4194304 in 16 millisec
[ 8955.362387] alloc_cross_bitmap: preallocate 268435456 pg, nr_longs=4194304 in 16 millisec
[ 8955.363201] alloc_cross_bitmap: preallocate 268435456 pg, nr_longs=4194304 in 16 millisec
[ 8955.363225] alloc_cross_bitmap: preallocate 268435456 pg, nr_longs=4194304 in 16 millisec
[ 8955.363240] alloc_cross_bitmap: preallocate 268435456 pg, nr_longs=4194304 in 16 millisec
[ 8955.363315] alloc_cross_bitmap: preallocate 268435456 pg, nr_longs=4194304 in 16 millisec
[ 8955.364457] alloc_cross_bitmap: preallocate 268435456 pg, nr_longs=4194304 in 16 millisec
[ 8955.364497] alloc_cross_bitmap: preallocate 268435456 pg, nr_longs=4194304 in 16 millisec
[ 8955.364605] alloc_cross_bitmap: preallocate 268435456 pg, nr_longs=4194304 in 16 millisec
[ 8955.382726] alloc_cross_bitmap: preallocate 268435456 pg, nr_longs=4194304 in 4 millisec
[ 8955.384327] alloc_cross_bitmap: preallocate 268435456 pg, nr_longs=4194304 in 4 millisec
[ 8955.387215] alloc_cross_bitmap: preallocate 268435456 pg, nr_longs=4194304 in 4 millisec
[ 8955.390644] alloc_cross_bitmap: preallocate 268435456 pg, nr_longs=4194304 in 4 millisec
[ 8955.391339] alloc_cross_bitmap: preallocate 268435456 pg, nr_longs=4194304 in 4 millisec
[ 8955.392059] alloc_cross_bitmap: preallocate 268435456 pg, nr_longs=4194304 in 4 millisec
[ 8955.392117] alloc_cross_bitmap: preallocate 268435456 pg, nr_longs=4194304 in 4 millisec
[ 8955.394139] alloc_cross_bitmap: preallocate 268435456 pg, nr_longs=4194304 in 4 millisec
[ 8955.395331] alloc_cross_bitmap: preallocate 268435456 pg, nr_longs=4194304 in 8 millisec
[ 8955.397345] alloc_cross_bitmap: preallocate 268435456 pg, nr_longs=4194304 in 8 millisec
[ 8955.397385] alloc_cross_bitmap: preallocate 268435456 pg, nr_longs=4194304 in 8 millisec
[ 8955.399057] alloc_cross_bitmap: preallocate 268435456 pg, nr_longs=4194304 in 12 millisec
[ 8955.399077] alloc_cross_bitmap: preallocate 268435456 pg, nr_longs=4194304 in 12 millisec
[ 8955.399175] alloc_cross_bitmap: preallocate 268435456 pg, nr_longs=4194304 in 12 millisec
[ 8955.408025] alloc_cross_bitmap: preallocate 268435456 pg, nr_longs=4194304 in 4 millisec
[ 8955.408720] alloc_cross_bitmap: preallocate 268435456 pg, nr_longs=4194304 in 4 millisec
[ 8955.411297] alloc_cross_bitmap: preallocate 268435456 pg, nr_longs=4194304 in 4 millisec
[ 8955.417864] alloc_cross_bitmap: preallocate 268435456 pg, nr_longs=4194304 in 4 millisec
[ 8955.419230] alloc_cross_bitmap: preallocate 268435456 pg, nr_longs=4194304 in 4 millisec
[ 8955.420375] alloc_cross_bitmap: preallocate 268435456 pg, nr_longs=4194304 in 4 millisec
[ 8955.420521] alloc_cross_bitmap: preallocate 268435456 pg, nr_longs=4194304 in 4 millisec
[ 8955.423735] alloc_cross_bitmap: preallocate 268435456 pg, nr_longs=4194304 in 4 millisec
[ 8955.427727] alloc_cross_bitmap: preallocate 268435456 pg, nr_longs=4194304 in 4 millisec
[ 8955.428002] alloc_cross_bitmap: preallocate 268435456 pg, nr_longs=4194304 in 4 millisec
[ 8955.431625] alloc_cross_bitmap: preallocate 268435456 pg, nr_longs=4194304 in 8 millisec
[ 8955.432025] alloc_cross_bitmap: preallocate 268435456 pg, nr_longs=4194304 in 8 millisec
[ 8955.432080] alloc_cross_bitmap: preallocate 268435456 pg, nr_longs=4194304 in 8 millisec
[ 8955.435119] alloc_cross_bitmap: preallocate 268435456 pg, nr_longs=4194304 in 4 millisec
[ 8955.436394] alloc_cross_bitmap: preallocate 268435456 pg, nr_longs=4194304 in 4 millisec
[ 8955.436465] alloc_cross_bitmap: preallocate 268435456 pg, nr_longs=4194304 in 4 millisec
[ 8955.437929] alloc_cross_bitmap: preallocate 268435456 pg, nr_longs=4194304 in 4 millisec
[ 8955.438117] alloc_cross_bitmap: preallocate 268435456 pg, nr_longs=4194304 in 4 millisec
[ 8955.441498] alloc_cross_bitmap: preallocate 268435456 pg, nr_longs=4194304 in 4 millisec
[ 8955.442113] alloc_cross_bitmap: preallocate 268435456 pg, nr_longs=4194304 in 0 millisec
[ 8955.442399] alloc_cross_bitmap: preallocate 268435456 pg, nr_longs=4194304 in 4 millisec
[ 8955.443516] alloc_cross_bitmap: preallocate 268435456 pg, nr_longs=4194304 in 4 millisec
[ 8955.445038] alloc_cross_bitmap: preallocate 268435456 pg, nr_longs=4194304 in 4 millisec
[ 8955.493315] alloc_cross_bitmap: preallocate 268435456 pg, nr_longs=4194304 in 8 millisec
[ 8955.493429] alloc_cross_bitmap: preallocate 268435456 pg, nr_longs=4194304 in 8 millisec
[ 8955.493890] alloc_cross_bitmap: preallocate 268435456 pg, nr_longs=4194304 in 8 millisec
[ 8955.494276] alloc_cross_bitmap: preallocate 268435456 pg, nr_longs=4194304 in 12 millisec
[ 8955.494374] alloc_cross_bitmap: preallocate 268435456 pg, nr_longs=4194304 in 12 millisec
[ 8955.495199] alloc_cross_bitmap: preallocate 268435456 pg, nr_longs=4194304 in 12 millisec
[ 8955.495553] alloc_cross_bitmap: preallocate 268435456 pg, nr_longs=4194304 in 12 millisec
[ 8955.495688] alloc_cross_bitmap: preallocate 268435456 pg, nr_longs=4194304 in 12 millisec
[ 8955.495753] alloc_cross_bitmap: preallocate 268435456 pg, nr_longs=4194304 in 12 millisec
[ 8955.495846] alloc_cross_bitmap: preallocate 268435456 pg, nr_longs=4194304 in 12 millisec
[ 8955.495904] alloc_cross_bitmap: preallocate 268435456 pg, nr_longs=4194304 in 12 millisec
[ 8955.495946] alloc_cross_bitmap: preallocate 268435456 pg, nr_longs=4194304 in 12 millisec
[ 8955.497659] alloc_cross_bitmap: preallocate 268435456 pg, nr_longs=4194304 in 12 millisec
[ 8955.497756] alloc_cross_bitmap: preallocate 268435456 pg, nr_longs=4194304 in 12 millisec
[ 8955.497867] alloc_cross_bitmap: preallocate 268435456 pg, nr_longs=4194304 in 12 millisec
[ 8955.523653] alloc_cross_bitmap: preallocate 268435456 pg, nr_longs=4194304 in 4 millisec
[ 8955.524533] alloc_cross_bitmap: preallocate 268435456 pg, nr_longs=4194304 in 4 millisec
[ 8955.526650] alloc_cross_bitmap: preallocate 268435456 pg, nr_longs=4194304 in 8 millisec
[ 8955.526922] alloc_cross_bitmap: preallocate 268435456 pg, nr_longs=4194304 in 8 millisec
[ 8955.528111] alloc_cross_bitmap: preallocate 268435456 pg, nr_longs=4194304 in 8 millisec
[ 8955.529852] alloc_cross_bitmap: preallocate 268435456 pg, nr_longs=4194304 in 8 millisec
[ 8955.530454] alloc_cross_bitmap: preallocate 268435456 pg, nr_longs=4194304 in 12 millisec
[ 8955.531285] alloc_cross_bitmap: preallocate 268435456 pg, nr_longs=4194304 in 8 millisec
[ 8955.531814] alloc_cross_bitmap: preallocate 268435456 pg, nr_longs=4194304 in 12 millisec
[ 8955.532140] alloc_cross_bitmap: preallocate 268435456 pg, nr_longs=4194304 in 12 millisec
[ 8955.532517] alloc_cross_bitmap: preallocate 268435456 pg, nr_longs=4194304 in 8 millisec
[ 8955.532783] alloc_cross_bitmap: preallocate 268435456 pg, nr_longs=4194304 in 8 millisec
[ 8955.532961] alloc_cross_bitmap: preallocate 268435456 pg, nr_longs=4194304 in 8 millisec
[ 8955.535242] alloc_cross_bitmap: preallocate 268435456 pg, nr_longs=4194304 in 12 millisec
[ 8955.535269] alloc_cross_bitmap: preallocate 268435456 pg, nr_longs=4194304 in 12 millisec
[ 8955.535305] alloc_cross_bitmap: preallocate 268435456 pg, nr_longs=4194304 in 12 millisec
[ 8955.547001] alloc_cross_bitmap: preallocate 268435456 pg, nr_longs=4194304 in 4 millisec
[ 8955.548556] alloc_cross_bitmap: preallocate 268435456 pg, nr_longs=4194304 in 4 millisec
[ 8955.552110] alloc_cross_bitmap: preallocate 268435456 pg, nr_longs=4194304 in 4 millisec
[ 8955.553528] alloc_cross_bitmap: preallocate 268435456 pg, nr_longs=4194304 in 4 millisec
[ 8955.555103] alloc_cross_bitmap: preallocate 268435456 pg, nr_longs=4194304 in 4 millisec
[ 8955.557926] alloc_cross_bitmap: preallocate 268435456 pg, nr_longs=4194304 in 0 millisec
[ 8955.561969] alloc_cross_bitmap: preallocate 268435456 pg, nr_longs=4194304 in 4 millisec
[ 8955.562892] alloc_cross_bitmap: preallocate 268435456 pg, nr_longs=4194304 in 8 millisec
[ 8955.564371] alloc_cross_bitmap: preallocate 268435456 pg, nr_longs=4194304 in 8 millisec
[ 8955.564455] alloc_cross_bitmap: preallocate 268435456 pg, nr_longs=4194304 in 8 millisec
[ 8955.565465] alloc_cross_bitmap: preallocate 268435456 pg, nr_longs=4194304 in 4 millisec
[ 8955.565680] alloc_cross_bitmap: preallocate 268435456 pg, nr_longs=4194304 in 4 millisec
[ 8955.566419] alloc_cross_bitmap: preallocate 268435456 pg, nr_longs=4194304 in 8 millisec
[ 8955.567180] alloc_cross_bitmap: preallocate 268435456 pg, nr_longs=4194304 in 8 millisec
[ 8955.567613] alloc_cross_bitmap: preallocate 268435456 pg, nr_longs=4194304 in 8 millisec
[ 8955.573409] alloc_cross_bitmap: preallocate 268435456 pg, nr_longs=4194304 in 4 millisec
[ 8955.575071] alloc_cross_bitmap: preallocate 268435456 pg, nr_longs=4194304 in 4 millisec
[ 8955.575648] alloc_cross_bitmap: preallocate 268435456 pg, nr_longs=4194304 in 4 millisec
[ 8955.577725] alloc_cross_bitmap: preallocate 268435456 pg, nr_longs=4194304 in 4 millisec
[ 8955.584166] alloc_cross_bitmap: preallocate 268435456 pg, nr_longs=4194304 in 4 millisec
[ 8955.589287] alloc_cross_bitmap: preallocate 268435456 pg, nr_longs=4194304 in 4 millisec
[ 8955.590330] alloc_cross_bitmap: preallocate 268435456 pg, nr_longs=4194304 in 4 millisec
[ 8955.593607] alloc_cross_bitmap: preallocate 268435456 pg, nr_longs=4194304 in 4 millisec
[ 8955.593615] alloc_cross_bitmap: preallocate 268435456 pg, nr_longs=4194304 in 4 millisec
[ 8955.593644] alloc_cross_bitmap: preallocate 268435456 pg, nr_longs=4194304 in 4 millisec
[ 8955.594590] alloc_cross_bitmap: preallocate 268435456 pg, nr_longs=4194304 in 8 millisec
[ 8955.595039] alloc_cross_bitmap: preallocate 268435456 pg, nr_longs=4194304 in 8 millisec
[ 8955.595526] alloc_cross_bitmap: preallocate 268435456 pg, nr_longs=4194304 in 4 millisec
[ 8955.596017] alloc_cross_bitmap: preallocate 268435456 pg, nr_longs=4194304 in 8 millisec
[ 8955.596161] alloc_cross_bitmap: preallocate 268435456 pg, nr_longs=4194304 in 8 millisec
[ 8955.642983] alloc_cross_bitmap: preallocate 268435456 pg, nr_longs=4194304 in 8 millisec
[ 8955.643390] alloc_cross_bitmap: preallocate 268435456 pg, nr_longs=4194304 in 8 millisec
[ 8955.645391] alloc_cross_bitmap: preallocate 268435456 pg, nr_longs=4194304 in 8 millisec
[ 8955.646591] alloc_cross_bitmap: preallocate 268435456 pg, nr_longs=4194304 in 12 millisec
[ 8955.646647] alloc_cross_bitmap: preallocate 268435456 pg, nr_longs=4194304 in 12 millisec
[ 8955.646746] alloc_cross_bitmap: preallocate 268435456 pg, nr_longs=4194304 in 12 millisec
[ 8955.647038] alloc_cross_bitmap: preallocate 268435456 pg, nr_longs=4194304 in 12 millisec
[ 8955.647477] alloc_cross_bitmap: preallocate 268435456 pg, nr_longs=4194304 in 12 millisec
[ 8955.647482] alloc_cross_bitmap: preallocate 268435456 pg, nr_longs=4194304 in 12 millisec
[ 8955.647704] alloc_cross_bitmap: preallocate 268435456 pg, nr_longs=4194304 in 12 millisec
[ 8955.647736] alloc_cross_bitmap: preallocate 268435456 pg, nr_longs=4194304 in 12 millisec
[ 8955.647821] alloc_cross_bitmap: preallocate 268435456 pg, nr_longs=4194304 in 12 millisec
[ 8955.647825] alloc_cross_bitmap: preallocate 268435456 pg, nr_longs=4194304 in 12 millisec
[ 8955.647830] alloc_cross_bitmap: preallocate 268435456 pg, nr_longs=4194304 in 12 millisec
[ 8955.647845] alloc_cross_bitmap: preallocate 268435456 pg, nr_longs=4194304 in 12 millisec
[ 8955.669985] alloc_cross_bitmap: preallocate 268435456 pg, nr_longs=4194304 in 4 millisec
[ 8955.670278] alloc_cross_bitmap: preallocate 268435456 pg, nr_longs=4194304 in 8 millisec
[ 8955.675587] alloc_cross_bitmap: preallocate 268435456 pg, nr_longs=4194304 in 4 millisec
[ 8955.677816] alloc_cross_bitmap: preallocate 268435456 pg, nr_longs=4194304 in 4 millisec
[ 8955.679611] alloc_cross_bitmap: preallocate 268435456 pg, nr_longs=4194304 in 8 millisec
[ 8955.680328] alloc_cross_bitmap: preallocate 268435456 pg, nr_longs=4194304 in 8 millisec
[ 8955.681029] alloc_cross_bitmap: preallocate 268435456 pg, nr_longs=4194304 in 8 millisec
[ 8955.682617] alloc_cross_bitmap: preallocate 268435456 pg, nr_longs=4194304 in 8 millisec
[ 8955.683885] alloc_cross_bitmap: preallocate 268435456 pg, nr_longs=4194304 in 12 millisec
[ 8955.683890] alloc_cross_bitmap: preallocate 268435456 pg, nr_longs=4194304 in 12 millisec
[ 8955.684035] alloc_cross_bitmap: preallocate 268435456 pg, nr_longs=4194304 in 12 millisec
[ 8955.684035] alloc_cross_bitmap: preallocate 268435456 pg, nr_longs=4194304 in 12 millisec
[ 8955.684607] alloc_cross_bitmap: preallocate 268435456 pg, nr_longs=4194304 in 8 millisec
[ 8955.684659] alloc_cross_bitmap: preallocate 268435456 pg, nr_longs=4194304 in 8 millisec
[ 8955.684683] alloc_cross_bitmap: preallocate 268435456 pg, nr_longs=4194304 in 8 millisec
[ 8955.684685] alloc_cross_bitmap: preallocate 268435456 pg, nr_longs=4194304 in 8 millisec
[ 8955.692285] alloc_cross_bitmap: preallocate 268435456 pg, nr_longs=4194304 in 4 millisec
[ 8955.692465] alloc_cross_bitmap: preallocate 268435456 pg, nr_longs=4194304 in 4 millisec
[ 8955.699881] alloc_cross_bitmap: preallocate 268435456 pg, nr_longs=4194304 in 4 millisec
[ 8955.703769] alloc_cross_bitmap: preallocate 268435456 pg, nr_longs=4194304 in 4 millisec
[ 8955.707182] alloc_cross_bitmap: preallocate 268435456 pg, nr_longs=4194304 in 4 millisec
[ 8955.709181] alloc_cross_bitmap: preallocate 268435456 pg, nr_longs=4194304 in 4 millisec
[ 8955.710225] alloc_cross_bitmap: preallocate 268435456 pg, nr_longs=4194304 in 4 millisec
[ 8955.713329] alloc_cross_bitmap: preallocate 268435456 pg, nr_longs=4194304 in 4 millisec
[ 8955.717200] alloc_cross_bitmap: preallocate 268435456 pg, nr_longs=4194304 in 8 millisec
[ 8955.717232] alloc_cross_bitmap: preallocate 268435456 pg, nr_longs=4194304 in 8 millisec
[ 8955.717542] alloc_cross_bitmap: preallocate 268435456 pg, nr_longs=4194304 in 8 millisec
[ 8955.717578] alloc_cross_bitmap: preallocate 268435456 pg, nr_longs=4194304 in 8 millisec
[ 8955.719627] alloc_cross_bitmap: preallocate 268435456 pg, nr_longs=4194304 in 8 millisec
[ 8955.719658] alloc_cross_bitmap: preallocate 268435456 pg, nr_longs=4194304 in 8 millisec
[ 8955.719664] alloc_cross_bitmap: preallocate 268435456 pg, nr_longs=4194304 in 8 millisec
[ 8955.719664] alloc_cross_bitmap: preallocate 268435456 pg, nr_longs=4194304 in 8 millisec
[ 8955.721531] alloc_cross_bitmap: preallocate 268435456 pg, nr_longs=4194304 in 4 millisec
[ 8955.721617] alloc_cross_bitmap: preallocate 268435456 pg, nr_longs=4194304 in 4 millisec
[ 8955.723935] alloc_cross_bitmap: preallocate 268435456 pg, nr_longs=4194304 in 4 millisec
[ 8955.726788] alloc_cross_bitmap: preallocate 268435456 pg, nr_longs=4194304 in 4 millisec
[ 8955.730256] alloc_cross_bitmap: preallocate 268435456 pg, nr_longs=4194304 in 0 millisec
[ 8955.732269] alloc_cross_bitmap: preallocate 268435456 pg, nr_longs=4194304 in 4 millisec
[ 8955.733708] alloc_cross_bitmap: preallocate 268435456 pg, nr_longs=4194304 in 4 millisec
[ 8955.738031] alloc_cross_bitmap: preallocate 268435456 pg, nr_longs=4194304 in 0 millisec
[ 8955.744993] alloc_cross_bitmap: preallocate 268435456 pg, nr_longs=4194304 in 4 millisec
[ 8955.745408] alloc_cross_bitmap: preallocate 268435456 pg, nr_longs=4194304 in 4 millisec
[ 8955.745414] alloc_cross_bitmap: preallocate 268435456 pg, nr_longs=4194304 in 4 millisec
[ 8955.751508] alloc_cross_bitmap: preallocate 268435456 pg, nr_longs=4194304 in 8 millisec
[ 8955.751526] alloc_cross_bitmap: preallocate 268435456 pg, nr_longs=4194304 in 8 millisec
[ 8955.751604] alloc_cross_bitmap: preallocate 268435456 pg, nr_longs=4194304 in 8 millisec
[ 8955.751617] alloc_cross_bitmap: preallocate 268435456 pg, nr_longs=4194304 in 8 millisec
[ 8955.753049] alloc_cross_bitmap: preallocate 268435456 pg, nr_longs=4194304 in 4 millisec
[ 8955.754077] alloc_cross_bitmap: preallocate 268435456 pg, nr_longs=4194304 in 4 millisec
[ 8955.755806] alloc_cross_bitmap: preallocate 268435456 pg, nr_longs=4194304 in 4 millisec
[ 8955.757069] alloc_cross_bitmap: preallocate 268435456 pg, nr_longs=4194304 in 4 millisec
[ 8955.757899] alloc_cross_bitmap: preallocate 268435456 pg, nr_longs=4194304 in 4 millisec
[ 8955.759298] alloc_cross_bitmap: preallocate 268435456 pg, nr_longs=4194304 in 4 millisec
[ 8955.759634] alloc_cross_bitmap: preallocate 268435456 pg, nr_longs=4194304 in 4 millisec
[ 8955.761959] alloc_cross_bitmap: preallocate 268435456 pg, nr_longs=4194304 in 0 millisec
[ 8955.762151] alloc_cross_bitmap: preallocate 268435456 pg, nr_longs=4194304 in 0 millisec
[ 8955.765915] alloc_cross_bitmap: preallocate 268435456 pg, nr_longs=4194304 in 0 millisec
[ 8956.969303] write_proc: Value of write = 0
[ 8956.969322] __do_sys_start_cross_trace: PRINT_GLOBAL_STATS 
[ 8956.969324] Final GlobalReport: nr_pages_read:13201613863, nr_pages_hit:12915945129, nr_do_read_fault:6908992, nr_pages_miss:103874808
[ 8956.969382] FinalTaskReport: db_bench:48009 - ra_orig_nr_pages:0, ra_final_nr_pages:0
                                        async_pages:1180, final_async_pages:2169
                                        full_pfetches:0, less256_pfetches:0, partial_pfetches:0
                                        failed_pfetches:0, total_pfetches:0, os_pfetches:97
                                        nr_pages_read:1963, nr_pages_hit:1031, nr_do_read_fault:168
[ 8956.974500] write_proc: Value of write = 0
[ 8956.974515] __do_sys_start_cross_trace: PRINT_GLOBAL_STATS 
[ 8956.974517] Final GlobalReport: nr_pages_read:13201613863, nr_pages_hit:12915945129, nr_do_read_fault:6908997, nr_pages_miss:103874808
[ 8956.974559] FinalTaskReport: time:48000 - ra_orig_nr_pages:0, ra_final_nr_pages:0
                                        async_pages:0, final_async_pages:25
                                        full_pfetches:0, less256_pfetches:0, partial_pfetches:0
                                        failed_pfetches:0, total_pfetches:0, os_pfetches:1
                                        nr_pages_read:0, nr_pages_hit:0, nr_do_read_fault:17
