ENABLE_FILE_STATS in con
ENABLE_FILE_STATS in con
RocksDB:    version 6.20
Date:       Wed Aug 10 18:27:00 2022
CPU:        48 * AMD EPYC 7402P 24-Core Processor
CPUCache:   512 KB
Initializing RocksDB Options from the specified file
Initializing RocksDB Options from command-line flags
Keys:       1000 bytes each (+ 0 bytes user-defined timestamp)
Values:     4096 bytes each (2048 bytes after compression)
Entries:    2000000
Prefix:    0 bytes
Keys per prefix:    0
RawSize:    9719.8 MB (estimated)
FileSize:   5813.6 MB (estimated)
Write rate: 0 bytes/second
Read rate: 0 ops/second
Compression: Snappy
Compression sampling rate: 0
Memtablerep: skip_list
Perf Level: 1
------------------------------------------------
DB path: [/users/kannan11/ssd/sudarsun/prefetching/appbench/apps/rocksdb/DATA]
readreverse  :    9592.000 micros/op 817 ops/sec;
DESTRUCTOR GETTING CALLED 
PRINT_GLOBAL_STATS in dest
	Command being timed: "./db_bench --db=/users/kannan11/ssd/sudarsun/prefetching/appbench/apps/rocksdb/DATA --value_size=4096 --wal_dir=/users/kannan11/ssd/sudarsun/prefetching/appbench/apps/rocksdb/DATA/WAL_LOG --sync=0 --key_size=1000 --write_buffer_size=67108864 --num=2000000 --benchmarks=readreverse --use_existing_db=1 --mmap_read=0 --threads=8"
	User time (seconds): 0.22
	System time (seconds): 6.10
	Percent of CPU this job got: 378%
	Elapsed (wall clock) time (h:mm:ss or m:ss): 0:01.67
	Average shared text size (kbytes): 0
	Average unshared data size (kbytes): 0
	Average stack size (kbytes): 0
	Average total size (kbytes): 0
	Maximum resident set size (kbytes): 6205940
	Average resident set size (kbytes): 0
	Major (requiring I/O) page faults: 79
	Minor (reclaiming a frame) page faults: 1550327
	Voluntary context switches: 4184
	Involuntary context switches: 24
	Swaps: 0
	File system inputs: 126104
	File system outputs: 1664
	Socket messages sent: 0
	Socket messages received: 0
	Signals delivered: 0
	Page size (bytes): 4096
	Exit status: 0
DESTRUCTOR GETTING CALLED 
PRINT_GLOBAL_STATS in dest
[ 8903.510014] free_cross_bitmap: releasing mem for inode with i_count 2
[ 8903.517326] free_cross_bitmap: releasing mem for inode with i_count 2
[ 8903.524556] free_cross_bitmap: releasing mem for inode with i_count 2
[ 8903.531512] free_cross_bitmap: releasing mem for inode with i_count 2
[ 8903.538418] free_cross_bitmap: releasing mem for inode with i_count 2
[ 8903.545867] free_cross_bitmap: releasing mem for inode with i_count 2
[ 8903.552801] free_cross_bitmap: releasing mem for inode with i_count 2
[ 8903.559761] free_cross_bitmap: releasing mem for inode with i_count 2
[ 8903.566687] free_cross_bitmap: releasing mem for inode with i_count 2
[ 8903.573679] free_cross_bitmap: releasing mem for inode with i_count 2
[ 8903.580685] free_cross_bitmap: releasing mem for inode with i_count 2
[ 8903.587957] free_cross_bitmap: releasing mem for inode with i_count 2
[ 8903.594913] free_cross_bitmap: releasing mem for inode with i_count 2
[ 8903.602059] free_cross_bitmap: releasing mem for inode with i_count 2
[ 8903.609017] free_cross_bitmap: releasing mem for inode with i_count 2
[ 8903.616200] free_cross_bitmap: releasing mem for inode with i_count 2
[ 8903.623214] free_cross_bitmap: releasing mem for inode with i_count 2
[ 8903.630727] free_cross_bitmap: releasing mem for inode with i_count 2
[ 8903.637649] free_cross_bitmap: releasing mem for inode with i_count 2
[ 8903.644694] free_cross_bitmap: releasing mem for inode with i_count 2
[ 8903.651820] free_cross_bitmap: releasing mem for inode with i_count 2
[ 8903.659001] free_cross_bitmap: releasing mem for inode with i_count 2
[ 8903.666022] free_cross_bitmap: releasing mem for inode with i_count 2
[ 8903.673210] free_cross_bitmap: releasing mem for inode with i_count 2
[ 8903.680234] free_cross_bitmap: releasing mem for inode with i_count 2
[ 8903.687167] free_cross_bitmap: releasing mem for inode with i_count 2
[ 8903.694180] free_cross_bitmap: releasing mem for inode with i_count 2
[ 8903.701310] free_cross_bitmap: releasing mem for inode with i_count 2
[ 8903.708293] free_cross_bitmap: releasing mem for inode with i_count 2
[ 8903.715339] free_cross_bitmap: releasing mem for inode with i_count 2
[ 8903.722453] free_cross_bitmap: releasing mem for inode with i_count 2
[ 8903.729614] free_cross_bitmap: releasing mem for inode with i_count 2
[ 8903.736737] free_cross_bitmap: releasing mem for inode with i_count 2
[ 8903.743856] free_cross_bitmap: releasing mem for inode with i_count 2
[ 8903.751192] free_cross_bitmap: releasing mem for inode with i_count 2
[ 8903.758622] free_cross_bitmap: releasing mem for inode with i_count 2
[ 8903.765786] free_cross_bitmap: releasing mem for inode with i_count 2
[ 8903.772731] free_cross_bitmap: releasing mem for inode with i_count 2
[ 8903.779916] free_cross_bitmap: releasing mem for inode with i_count 2
[ 8903.786876] free_cross_bitmap: releasing mem for inode with i_count 2
[ 8903.793815] free_cross_bitmap: releasing mem for inode with i_count 2
[ 8903.801283] free_cross_bitmap: releasing mem for inode with i_count 2
[ 8903.808289] free_cross_bitmap: releasing mem for inode with i_count 2
[ 8903.815248] free_cross_bitmap: releasing mem for inode with i_count 2
[ 8903.822268] free_cross_bitmap: releasing mem for inode with i_count 2
[ 8903.829252] free_cross_bitmap: releasing mem for inode with i_count 2
[ 8903.836231] free_cross_bitmap: releasing mem for inode with i_count 2
[ 8903.843534] free_cross_bitmap: releasing mem for inode with i_count 2
[ 8903.850481] free_cross_bitmap: releasing mem for inode with i_count 2
[ 8903.857483] free_cross_bitmap: releasing mem for inode with i_count 2
[ 8903.864453] free_cross_bitmap: releasing mem for inode with i_count 2
[ 8903.871427] free_cross_bitmap: releasing mem for inode with i_count 2
[ 8903.878383] free_cross_bitmap: releasing mem for inode with i_count 2
[ 8903.885768] free_cross_bitmap: releasing mem for inode with i_count 2
[ 8903.892721] free_cross_bitmap: releasing mem for inode with i_count 2
[ 8903.899671] free_cross_bitmap: releasing mem for inode with i_count 2
[ 8903.906736] free_cross_bitmap: releasing mem for inode with i_count 2
[ 8903.913736] free_cross_bitmap: releasing mem for inode with i_count 2
[ 8903.920703] free_cross_bitmap: releasing mem for inode with i_count 2
[ 8903.928036] free_cross_bitmap: releasing mem for inode with i_count 2
[ 8903.934984] free_cross_bitmap: releasing mem for inode with i_count 2
[ 8903.941974] free_cross_bitmap: releasing mem for inode with i_count 2
[ 8903.949005] free_cross_bitmap: releasing mem for inode with i_count 2
[ 8903.955967] free_cross_bitmap: releasing mem for inode with i_count 2
[ 8903.962948] free_cross_bitmap: releasing mem for inode with i_count 2
[ 8903.970219] free_cross_bitmap: releasing mem for inode with i_count 2
[ 8903.977182] free_cross_bitmap: releasing mem for inode with i_count 2
[ 8903.984137] free_cross_bitmap: releasing mem for inode with i_count 2
[ 8903.991151] free_cross_bitmap: releasing mem for inode with i_count 2
[ 8903.998087] free_cross_bitmap: releasing mem for inode with i_count 2
[ 8904.005010] free_cross_bitmap: releasing mem for inode with i_count 2
[ 8904.012443] free_cross_bitmap: releasing mem for inode with i_count 2
[ 8904.019415] free_cross_bitmap: releasing mem for inode with i_count 2
[ 8904.026355] free_cross_bitmap: releasing mem for inode with i_count 2
[ 8904.033284] free_cross_bitmap: releasing mem for inode with i_count 2
[ 8904.040201] free_cross_bitmap: releasing mem for inode with i_count 2
[ 8904.047159] free_cross_bitmap: releasing mem for inode with i_count 2
[ 8904.054447] free_cross_bitmap: releasing mem for inode with i_count 2
[ 8904.061368] free_cross_bitmap: releasing mem for inode with i_count 2
[ 8904.068352] free_cross_bitmap: releasing mem for inode with i_count 2
[ 8904.075295] free_cross_bitmap: releasing mem for inode with i_count 2
[ 8904.082244] free_cross_bitmap: releasing mem for inode with i_count 2
[ 8904.089220] free_cross_bitmap: releasing mem for inode with i_count 2
[ 8904.096459] free_cross_bitmap: releasing mem for inode with i_count 2
[ 8904.103475] free_cross_bitmap: releasing mem for inode with i_count 2
[ 8904.110419] free_cross_bitmap: releasing mem for inode with i_count 2
[ 8904.117354] free_cross_bitmap: releasing mem for inode with i_count 2
[ 8904.124306] free_cross_bitmap: releasing mem for inode with i_count 2
[ 8904.131270] free_cross_bitmap: releasing mem for inode with i_count 2
[ 8904.138538] free_cross_bitmap: releasing mem for inode with i_count 2
[ 8904.145467] free_cross_bitmap: releasing mem for inode with i_count 2
[ 8904.152394] free_cross_bitmap: releasing mem for inode with i_count 2
[ 8904.159390] free_cross_bitmap: releasing mem for inode with i_count 2
[ 8904.166335] free_cross_bitmap: releasing mem for inode with i_count 2
[ 8904.173300] free_cross_bitmap: releasing mem for inode with i_count 2
[ 8904.180623] free_cross_bitmap: releasing mem for inode with i_count 2
[ 8904.187549] free_cross_bitmap: releasing mem for inode with i_count 2
[ 8904.194526] free_cross_bitmap: releasing mem for inode with i_count 2
[ 8904.201411] free_cross_bitmap: releasing mem for inode with i_count 2
[ 8904.208365] free_cross_bitmap: releasing mem for inode with i_count 2
[ 8904.215393] free_cross_bitmap: releasing mem for inode with i_count 2
[ 8904.222700] free_cross_bitmap: releasing mem for inode with i_count 2
[ 8904.229677] free_cross_bitmap: releasing mem for inode with i_count 2
[ 8904.236647] free_cross_bitmap: releasing mem for inode with i_count 2
[ 8904.243672] free_cross_bitmap: releasing mem for inode with i_count 2
[ 8904.250695] free_cross_bitmap: releasing mem for inode with i_count 2
[ 8904.257644] free_cross_bitmap: releasing mem for inode with i_count 2
[ 8904.265089] free_cross_bitmap: releasing mem for inode with i_count 2
[ 8904.272037] free_cross_bitmap: releasing mem for inode with i_count 2
[ 8904.279042] free_cross_bitmap: releasing mem for inode with i_count 2
[ 8904.286012] free_cross_bitmap: releasing mem for inode with i_count 2
[ 8904.292915] free_cross_bitmap: releasing mem for inode with i_count 2
[ 8904.299848] free_cross_bitmap: releasing mem for inode with i_count 2
[ 8904.307264] free_cross_bitmap: releasing mem for inode with i_count 2
[ 8904.314205] free_cross_bitmap: releasing mem for inode with i_count 2
[ 8904.321199] free_cross_bitmap: releasing mem for inode with i_count 2
[ 8904.328074] free_cross_bitmap: releasing mem for inode with i_count 2
[ 8904.335155] free_cross_bitmap: releasing mem for inode with i_count 2
[ 8904.342092] free_cross_bitmap: releasing mem for inode with i_count 2
[ 8904.349463] free_cross_bitmap: releasing mem for inode with i_count 2
[ 8904.356413] free_cross_bitmap: releasing mem for inode with i_count 2
[ 8904.363349] free_cross_bitmap: releasing mem for inode with i_count 2
[ 8904.370294] free_cross_bitmap: releasing mem for inode with i_count 2
[ 8904.377197] free_cross_bitmap: releasing mem for inode with i_count 2
[ 8904.384154] free_cross_bitmap: releasing mem for inode with i_count 2
[ 8904.391528] free_cross_bitmap: releasing mem for inode with i_count 2
[ 8904.398460] free_cross_bitmap: releasing mem for inode with i_count 2
[ 8904.405404] free_cross_bitmap: releasing mem for inode with i_count 2
[ 8904.412342] free_cross_bitmap: releasing mem for inode with i_count 2
[ 8904.419276] free_cross_bitmap: releasing mem for inode with i_count 2
[ 8904.426179] free_cross_bitmap: releasing mem for inode with i_count 2
[ 8904.433599] free_cross_bitmap: releasing mem for inode with i_count 2
[ 8904.440513] free_cross_bitmap: releasing mem for inode with i_count 2
[ 8904.447456] free_cross_bitmap: releasing mem for inode with i_count 2
[ 8904.454387] free_cross_bitmap: releasing mem for inode with i_count 2
[ 8904.461311] free_cross_bitmap: releasing mem for inode with i_count 2
[ 8904.468230] free_cross_bitmap: releasing mem for inode with i_count 2
[ 8904.475644] free_cross_bitmap: releasing mem for inode with i_count 2
[ 8904.482593] free_cross_bitmap: releasing mem for inode with i_count 2
[ 8904.489508] free_cross_bitmap: releasing mem for inode with i_count 2
[ 8904.496446] free_cross_bitmap: releasing mem for inode with i_count 2
[ 8904.503388] free_cross_bitmap: releasing mem for inode with i_count 2
[ 8904.510320] free_cross_bitmap: releasing mem for inode with i_count 2
[ 8904.517602] free_cross_bitmap: releasing mem for inode with i_count 2
[ 8904.524501] free_cross_bitmap: releasing mem for inode with i_count 2
[ 8904.531401] free_cross_bitmap: releasing mem for inode with i_count 2
[ 8904.538339] free_cross_bitmap: releasing mem for inode with i_count 2
[ 8904.545205] free_cross_bitmap: releasing mem for inode with i_count 2
[ 8904.552109] free_cross_bitmap: releasing mem for inode with i_count 2
[ 8904.559467] free_cross_bitmap: releasing mem for inode with i_count 2
[ 8904.566413] free_cross_bitmap: releasing mem for inode with i_count 2
[ 8904.573361] free_cross_bitmap: releasing mem for inode with i_count 2
[ 8904.580276] free_cross_bitmap: releasing mem for inode with i_count 2
[ 8904.587188] free_cross_bitmap: releasing mem for inode with i_count 2
[ 8904.594101] free_cross_bitmap: releasing mem for inode with i_count 2
[ 8904.601334] free_cross_bitmap: releasing mem for inode with i_count 2
[ 8904.608273] free_cross_bitmap: releasing mem for inode with i_count 2
[ 8904.615179] free_cross_bitmap: releasing mem for inode with i_count 2
[ 8904.622155] free_cross_bitmap: releasing mem for inode with i_count 2
[ 8904.629090] free_cross_bitmap: releasing mem for inode with i_count 2
[ 8904.636051] free_cross_bitmap: releasing mem for inode with i_count 2
[ 8904.643309] free_cross_bitmap: releasing mem for inode with i_count 2
[ 8904.650218] free_cross_bitmap: releasing mem for inode with i_count 2
[ 8904.657157] free_cross_bitmap: releasing mem for inode with i_count 2
[ 8904.664076] free_cross_bitmap: releasing mem for inode with i_count 2
[ 8904.670971] free_cross_bitmap: releasing mem for inode with i_count 2
[ 8904.677878] free_cross_bitmap: releasing mem for inode with i_count 2
[ 8904.685068] free_cross_bitmap: releasing mem for inode with i_count 2
[ 8904.691980] free_cross_bitmap: releasing mem for inode with i_count 2
[ 8904.698904] free_cross_bitmap: releasing mem for inode with i_count 2
[ 8904.705808] free_cross_bitmap: releasing mem for inode with i_count 2
[ 8904.712709] free_cross_bitmap: releasing mem for inode with i_count 2
[ 8904.719632] free_cross_bitmap: releasing mem for inode with i_count 2
[ 8904.727087] free_cross_bitmap: releasing mem for inode with i_count 2
[ 8904.734023] free_cross_bitmap: releasing mem for inode with i_count 2
[ 8904.740921] free_cross_bitmap: releasing mem for inode with i_count 2
[ 8904.747856] free_cross_bitmap: releasing mem for inode with i_count 2
[ 8904.754759] free_cross_bitmap: releasing mem for inode with i_count 2
[ 8904.761702] free_cross_bitmap: releasing mem for inode with i_count 2
[ 8904.769225] free_cross_bitmap: releasing mem for inode with i_count 2
[ 8904.776117] free_cross_bitmap: releasing mem for inode with i_count 2
[ 8904.783034] free_cross_bitmap: releasing mem for inode with i_count 2
[ 8904.789946] free_cross_bitmap: releasing mem for inode with i_count 2
[ 8904.796825] free_cross_bitmap: releasing mem for inode with i_count 2
[ 8904.803753] free_cross_bitmap: releasing mem for inode with i_count 2
[ 8904.812966] free_cross_bitmap: releasing mem for inode with i_count 2
[ 8904.820194] sh (46330): drop_caches: 3
[ 8904.851844] sh (46521): drop_caches: 3
[ 8909.876726] Enabled file stats for time:46528
[ 8909.876938] write_proc: Value of write = 0
[ 8909.882027] Enabled file stats for db_bench:46537
[ 8909.882237] write_proc: Value of write = 0
[ 8909.933874] alloc_cross_bitmap: preallocate 268435456 pg, nr_longs=4194304 in 8 millisec
[ 8909.936399] alloc_cross_bitmap: preallocate 268435456 pg, nr_longs=4194304 in 12 millisec
[ 8909.936924] alloc_cross_bitmap: preallocate 268435456 pg, nr_longs=4194304 in 12 millisec
[ 8909.937043] alloc_cross_bitmap: preallocate 268435456 pg, nr_longs=4194304 in 12 millisec
[ 8909.937324] alloc_cross_bitmap: preallocate 268435456 pg, nr_longs=4194304 in 12 millisec
[ 8909.937719] alloc_cross_bitmap: preallocate 268435456 pg, nr_longs=4194304 in 12 millisec
[ 8909.938336] alloc_cross_bitmap: preallocate 268435456 pg, nr_longs=4194304 in 16 millisec
[ 8909.938579] alloc_cross_bitmap: preallocate 268435456 pg, nr_longs=4194304 in 16 millisec
[ 8909.938871] alloc_cross_bitmap: preallocate 268435456 pg, nr_longs=4194304 in 16 millisec
[ 8909.939216] alloc_cross_bitmap: preallocate 268435456 pg, nr_longs=4194304 in 16 millisec
[ 8909.939607] alloc_cross_bitmap: preallocate 268435456 pg, nr_longs=4194304 in 16 millisec
[ 8909.939609] alloc_cross_bitmap: preallocate 268435456 pg, nr_longs=4194304 in 16 millisec
[ 8909.939636] alloc_cross_bitmap: preallocate 268435456 pg, nr_longs=4194304 in 16 millisec
[ 8909.939648] alloc_cross_bitmap: preallocate 268435456 pg, nr_longs=4194304 in 16 millisec
[ 8909.940109] alloc_cross_bitmap: preallocate 268435456 pg, nr_longs=4194304 in 16 millisec
[ 8909.940132] alloc_cross_bitmap: preallocate 268435456 pg, nr_longs=4194304 in 16 millisec
[ 8909.964651] alloc_cross_bitmap: preallocate 268435456 pg, nr_longs=4194304 in 4 millisec
[ 8909.966093] alloc_cross_bitmap: preallocate 268435456 pg, nr_longs=4194304 in 4 millisec
[ 8909.967096] alloc_cross_bitmap: preallocate 268435456 pg, nr_longs=4194304 in 8 millisec
[ 8909.968336] alloc_cross_bitmap: preallocate 268435456 pg, nr_longs=4194304 in 4 millisec
[ 8909.969605] alloc_cross_bitmap: preallocate 268435456 pg, nr_longs=4194304 in 4 millisec
[ 8909.970415] alloc_cross_bitmap: preallocate 268435456 pg, nr_longs=4194304 in 8 millisec
[ 8909.972823] alloc_cross_bitmap: preallocate 268435456 pg, nr_longs=4194304 in 8 millisec
[ 8909.973115] alloc_cross_bitmap: preallocate 268435456 pg, nr_longs=4194304 in 8 millisec
[ 8909.973122] alloc_cross_bitmap: preallocate 268435456 pg, nr_longs=4194304 in 8 millisec
[ 8909.973429] alloc_cross_bitmap: preallocate 268435456 pg, nr_longs=4194304 in 8 millisec
[ 8909.974040] alloc_cross_bitmap: preallocate 268435456 pg, nr_longs=4194304 in 8 millisec
[ 8909.974051] alloc_cross_bitmap: preallocate 268435456 pg, nr_longs=4194304 in 8 millisec
[ 8909.975265] alloc_cross_bitmap: preallocate 268435456 pg, nr_longs=4194304 in 12 millisec
[ 8909.975277] alloc_cross_bitmap: preallocate 268435456 pg, nr_longs=4194304 in 12 millisec
[ 8909.989498] alloc_cross_bitmap: preallocate 268435456 pg, nr_longs=4194304 in 4 millisec
[ 8909.990808] alloc_cross_bitmap: preallocate 268435456 pg, nr_longs=4194304 in 4 millisec
[ 8909.995785] alloc_cross_bitmap: preallocate 268435456 pg, nr_longs=4194304 in 4 millisec
[ 8909.997733] alloc_cross_bitmap: preallocate 268435456 pg, nr_longs=4194304 in 4 millisec
[ 8909.999118] alloc_cross_bitmap: preallocate 268435456 pg, nr_longs=4194304 in 4 millisec
[ 8910.003161] alloc_cross_bitmap: preallocate 268435456 pg, nr_longs=4194304 in 4 millisec
[ 8910.004248] alloc_cross_bitmap: preallocate 268435456 pg, nr_longs=4194304 in 4 millisec
[ 8910.005228] alloc_cross_bitmap: preallocate 268435456 pg, nr_longs=4194304 in 4 millisec
[ 8910.005310] alloc_cross_bitmap: preallocate 268435456 pg, nr_longs=4194304 in 4 millisec
[ 8910.006898] alloc_cross_bitmap: preallocate 268435456 pg, nr_longs=4194304 in 8 millisec
[ 8910.007096] alloc_cross_bitmap: preallocate 268435456 pg, nr_longs=4194304 in 8 millisec
[ 8910.008084] alloc_cross_bitmap: preallocate 268435456 pg, nr_longs=4194304 in 8 millisec
[ 8910.008101] alloc_cross_bitmap: preallocate 268435456 pg, nr_longs=4194304 in 8 millisec
[ 8910.016015] alloc_cross_bitmap: preallocate 268435456 pg, nr_longs=4194304 in 4 millisec
[ 8910.017000] alloc_cross_bitmap: preallocate 268435456 pg, nr_longs=4194304 in 4 millisec
[ 8910.018001] alloc_cross_bitmap: preallocate 268435456 pg, nr_longs=4194304 in 0 millisec
[ 8910.019985] alloc_cross_bitmap: preallocate 268435456 pg, nr_longs=4194304 in 4 millisec
[ 8910.021896] alloc_cross_bitmap: preallocate 268435456 pg, nr_longs=4194304 in 4 millisec
[ 8910.021948] alloc_cross_bitmap: preallocate 268435456 pg, nr_longs=4194304 in 4 millisec
[ 8910.022498] alloc_cross_bitmap: preallocate 268435456 pg, nr_longs=4194304 in 8 millisec
[ 8910.025966] alloc_cross_bitmap: preallocate 268435456 pg, nr_longs=4194304 in 4 millisec
[ 8910.025974] alloc_cross_bitmap: preallocate 268435456 pg, nr_longs=4194304 in 4 millisec
[ 8910.025975] alloc_cross_bitmap: preallocate 268435456 pg, nr_longs=4194304 in 4 millisec
[ 8910.069522] alloc_cross_bitmap: preallocate 268435456 pg, nr_longs=4194304 in 8 millisec
[ 8910.069884] alloc_cross_bitmap: preallocate 268435456 pg, nr_longs=4194304 in 8 millisec
[ 8910.071151] alloc_cross_bitmap: preallocate 268435456 pg, nr_longs=4194304 in 12 millisec
[ 8910.071587] alloc_cross_bitmap: preallocate 268435456 pg, nr_longs=4194304 in 12 millisec
[ 8910.071624] alloc_cross_bitmap: preallocate 268435456 pg, nr_longs=4194304 in 12 millisec
[ 8910.071717] alloc_cross_bitmap: preallocate 268435456 pg, nr_longs=4194304 in 12 millisec
[ 8910.071994] alloc_cross_bitmap: preallocate 268435456 pg, nr_longs=4194304 in 12 millisec
[ 8910.072485] alloc_cross_bitmap: preallocate 268435456 pg, nr_longs=4194304 in 12 millisec
[ 8910.072490] alloc_cross_bitmap: preallocate 268435456 pg, nr_longs=4194304 in 12 millisec
[ 8910.072578] alloc_cross_bitmap: preallocate 268435456 pg, nr_longs=4194304 in 12 millisec
[ 8910.072672] alloc_cross_bitmap: preallocate 268435456 pg, nr_longs=4194304 in 12 millisec
[ 8910.073142] alloc_cross_bitmap: preallocate 268435456 pg, nr_longs=4194304 in 12 millisec
[ 8910.073171] alloc_cross_bitmap: preallocate 268435456 pg, nr_longs=4194304 in 12 millisec
[ 8910.073189] alloc_cross_bitmap: preallocate 268435456 pg, nr_longs=4194304 in 12 millisec
[ 8910.073207] alloc_cross_bitmap: preallocate 268435456 pg, nr_longs=4194304 in 12 millisec
[ 8910.099160] alloc_cross_bitmap: preallocate 268435456 pg, nr_longs=4194304 in 4 millisec
[ 8910.100773] alloc_cross_bitmap: preallocate 268435456 pg, nr_longs=4194304 in 4 millisec
[ 8910.101600] alloc_cross_bitmap: preallocate 268435456 pg, nr_longs=4194304 in 4 millisec
[ 8910.102972] alloc_cross_bitmap: preallocate 268435456 pg, nr_longs=4194304 in 8 millisec
[ 8910.104227] alloc_cross_bitmap: preallocate 268435456 pg, nr_longs=4194304 in 4 millisec
[ 8910.108003] alloc_cross_bitmap: preallocate 268435456 pg, nr_longs=4194304 in 8 millisec
[ 8910.108947] alloc_cross_bitmap: preallocate 268435456 pg, nr_longs=4194304 in 8 millisec
[ 8910.109672] alloc_cross_bitmap: preallocate 268435456 pg, nr_longs=4194304 in 8 millisec
[ 8910.110113] alloc_cross_bitmap: preallocate 268435456 pg, nr_longs=4194304 in 8 millisec
[ 8910.110202] alloc_cross_bitmap: preallocate 268435456 pg, nr_longs=4194304 in 8 millisec
[ 8910.110236] alloc_cross_bitmap: preallocate 268435456 pg, nr_longs=4194304 in 8 millisec
[ 8910.110357] alloc_cross_bitmap: preallocate 268435456 pg, nr_longs=4194304 in 12 millisec
[ 8910.110977] alloc_cross_bitmap: preallocate 268435456 pg, nr_longs=4194304 in 12 millisec
[ 8910.110984] alloc_cross_bitmap: preallocate 268435456 pg, nr_longs=4194304 in 12 millisec
[ 8910.110994] alloc_cross_bitmap: preallocate 268435456 pg, nr_longs=4194304 in 12 millisec
[ 8910.111006] alloc_cross_bitmap: preallocate 268435456 pg, nr_longs=4194304 in 12 millisec
[ 8910.122933] alloc_cross_bitmap: preallocate 268435456 pg, nr_longs=4194304 in 4 millisec
[ 8910.125511] alloc_cross_bitmap: preallocate 268435456 pg, nr_longs=4194304 in 4 millisec
[ 8910.126978] alloc_cross_bitmap: preallocate 268435456 pg, nr_longs=4194304 in 4 millisec
[ 8910.127078] alloc_cross_bitmap: preallocate 268435456 pg, nr_longs=4194304 in 4 millisec
[ 8910.129834] alloc_cross_bitmap: preallocate 268435456 pg, nr_longs=4194304 in 4 millisec
[ 8910.138873] alloc_cross_bitmap: preallocate 268435456 pg, nr_longs=4194304 in 4 millisec
[ 8910.140617] alloc_cross_bitmap: preallocate 268435456 pg, nr_longs=4194304 in 4 millisec
[ 8910.142524] alloc_cross_bitmap: preallocate 268435456 pg, nr_longs=4194304 in 8 millisec
[ 8910.143447] alloc_cross_bitmap: preallocate 268435456 pg, nr_longs=4194304 in 8 millisec
[ 8910.144419] alloc_cross_bitmap: preallocate 268435456 pg, nr_longs=4194304 in 8 millisec
[ 8910.144478] alloc_cross_bitmap: preallocate 268435456 pg, nr_longs=4194304 in 8 millisec
[ 8910.144993] alloc_cross_bitmap: preallocate 268435456 pg, nr_longs=4194304 in 8 millisec
[ 8910.145633] alloc_cross_bitmap: preallocate 268435456 pg, nr_longs=4194304 in 8 millisec
[ 8910.145875] alloc_cross_bitmap: preallocate 268435456 pg, nr_longs=4194304 in 8 millisec
[ 8910.145885] alloc_cross_bitmap: preallocate 268435456 pg, nr_longs=4194304 in 8 millisec
[ 8910.146929] alloc_cross_bitmap: preallocate 268435456 pg, nr_longs=4194304 in 4 millisec
[ 8910.149160] alloc_cross_bitmap: preallocate 268435456 pg, nr_longs=4194304 in 4 millisec
[ 8910.149537] alloc_cross_bitmap: preallocate 268435456 pg, nr_longs=4194304 in 4 millisec
[ 8910.149861] alloc_cross_bitmap: preallocate 268435456 pg, nr_longs=4194304 in 4 millisec
[ 8910.161522] alloc_cross_bitmap: preallocate 268435456 pg, nr_longs=4194304 in 4 millisec
[ 8910.163817] alloc_cross_bitmap: preallocate 268435456 pg, nr_longs=4194304 in 4 millisec
[ 8910.166999] alloc_cross_bitmap: preallocate 268435456 pg, nr_longs=4194304 in 4 millisec
[ 8910.168366] alloc_cross_bitmap: preallocate 268435456 pg, nr_longs=4194304 in 4 millisec
[ 8910.171163] alloc_cross_bitmap: preallocate 268435456 pg, nr_longs=4194304 in 8 millisec
[ 8910.171317] alloc_cross_bitmap: preallocate 268435456 pg, nr_longs=4194304 in 8 millisec
[ 8910.171476] alloc_cross_bitmap: preallocate 268435456 pg, nr_longs=4194304 in 8 millisec
[ 8910.171518] alloc_cross_bitmap: preallocate 268435456 pg, nr_longs=4194304 in 8 millisec
[ 8910.171771] alloc_cross_bitmap: preallocate 268435456 pg, nr_longs=4194304 in 8 millisec
[ 8910.172666] alloc_cross_bitmap: preallocate 268435456 pg, nr_longs=4194304 in 8 millisec
[ 8910.172752] alloc_cross_bitmap: preallocate 268435456 pg, nr_longs=4194304 in 8 millisec
[ 8910.218542] alloc_cross_bitmap: preallocate 268435456 pg, nr_longs=4194304 in 12 millisec
[ 8910.219032] alloc_cross_bitmap: preallocate 268435456 pg, nr_longs=4194304 in 12 millisec
[ 8910.219534] alloc_cross_bitmap: preallocate 268435456 pg, nr_longs=4194304 in 12 millisec
[ 8910.219554] alloc_cross_bitmap: preallocate 268435456 pg, nr_longs=4194304 in 12 millisec
[ 8910.219957] alloc_cross_bitmap: preallocate 268435456 pg, nr_longs=4194304 in 12 millisec
[ 8910.220060] alloc_cross_bitmap: preallocate 268435456 pg, nr_longs=4194304 in 12 millisec
[ 8910.220143] alloc_cross_bitmap: preallocate 268435456 pg, nr_longs=4194304 in 12 millisec
[ 8910.220280] alloc_cross_bitmap: preallocate 268435456 pg, nr_longs=4194304 in 12 millisec
[ 8910.220350] alloc_cross_bitmap: preallocate 268435456 pg, nr_longs=4194304 in 12 millisec
[ 8910.220372] alloc_cross_bitmap: preallocate 268435456 pg, nr_longs=4194304 in 12 millisec
[ 8910.220428] alloc_cross_bitmap: preallocate 268435456 pg, nr_longs=4194304 in 12 millisec
[ 8910.220606] alloc_cross_bitmap: preallocate 268435456 pg, nr_longs=4194304 in 12 millisec
[ 8910.220608] alloc_cross_bitmap: preallocate 268435456 pg, nr_longs=4194304 in 12 millisec
[ 8910.220703] alloc_cross_bitmap: preallocate 268435456 pg, nr_longs=4194304 in 12 millisec
[ 8910.220735] alloc_cross_bitmap: preallocate 268435456 pg, nr_longs=4194304 in 12 millisec
[ 8910.247240] alloc_cross_bitmap: preallocate 268435456 pg, nr_longs=4194304 in 4 millisec
[ 8910.250086] alloc_cross_bitmap: preallocate 268435456 pg, nr_longs=4194304 in 0 millisec
[ 8910.252472] alloc_cross_bitmap: preallocate 268435456 pg, nr_longs=4194304 in 4 millisec
[ 8910.253273] alloc_cross_bitmap: preallocate 268435456 pg, nr_longs=4194304 in 4 millisec
[ 8910.255677] alloc_cross_bitmap: preallocate 268435456 pg, nr_longs=4194304 in 8 millisec
[ 8910.256552] alloc_cross_bitmap: preallocate 268435456 pg, nr_longs=4194304 in 8 millisec
[ 8910.258147] alloc_cross_bitmap: preallocate 268435456 pg, nr_longs=4194304 in 8 millisec
[ 8910.258325] alloc_cross_bitmap: preallocate 268435456 pg, nr_longs=4194304 in 12 millisec
[ 8910.258416] alloc_cross_bitmap: preallocate 268435456 pg, nr_longs=4194304 in 12 millisec
[ 8910.258580] alloc_cross_bitmap: preallocate 268435456 pg, nr_longs=4194304 in 12 millisec
[ 8910.259110] alloc_cross_bitmap: preallocate 268435456 pg, nr_longs=4194304 in 12 millisec
[ 8910.259338] alloc_cross_bitmap: preallocate 268435456 pg, nr_longs=4194304 in 12 millisec
[ 8910.259353] alloc_cross_bitmap: preallocate 268435456 pg, nr_longs=4194304 in 12 millisec
[ 8910.259555] alloc_cross_bitmap: preallocate 268435456 pg, nr_longs=4194304 in 12 millisec
[ 8910.259656] alloc_cross_bitmap: preallocate 268435456 pg, nr_longs=4194304 in 12 millisec
[ 8910.259669] alloc_cross_bitmap: preallocate 268435456 pg, nr_longs=4194304 in 12 millisec
[ 8910.269586] alloc_cross_bitmap: preallocate 268435456 pg, nr_longs=4194304 in 4 millisec
[ 8910.275914] alloc_cross_bitmap: preallocate 268435456 pg, nr_longs=4194304 in 4 millisec
[ 8910.279115] alloc_cross_bitmap: preallocate 268435456 pg, nr_longs=4194304 in 4 millisec
[ 8910.280361] alloc_cross_bitmap: preallocate 268435456 pg, nr_longs=4194304 in 4 millisec
[ 8910.285640] alloc_cross_bitmap: preallocate 268435456 pg, nr_longs=4194304 in 4 millisec
[ 8910.286925] alloc_cross_bitmap: preallocate 268435456 pg, nr_longs=4194304 in 4 millisec
[ 8910.289641] alloc_cross_bitmap: preallocate 268435456 pg, nr_longs=4194304 in 4 millisec
[ 8910.290785] alloc_cross_bitmap: preallocate 268435456 pg, nr_longs=4194304 in 8 millisec
[ 8910.293771] alloc_cross_bitmap: preallocate 268435456 pg, nr_longs=4194304 in 8 millisec
[ 8910.293790] alloc_cross_bitmap: preallocate 268435456 pg, nr_longs=4194304 in 8 millisec
[ 8910.294611] alloc_cross_bitmap: preallocate 268435456 pg, nr_longs=4194304 in 12 millisec
[ 8910.294642] alloc_cross_bitmap: preallocate 268435456 pg, nr_longs=4194304 in 12 millisec
[ 8910.295486] alloc_cross_bitmap: preallocate 268435456 pg, nr_longs=4194304 in 8 millisec
[ 8910.295493] alloc_cross_bitmap: preallocate 268435456 pg, nr_longs=4194304 in 12 millisec
[ 8910.295525] alloc_cross_bitmap: preallocate 268435456 pg, nr_longs=4194304 in 12 millisec
[ 8910.295543] alloc_cross_bitmap: preallocate 268435456 pg, nr_longs=4194304 in 8 millisec
[ 8910.296955] alloc_cross_bitmap: preallocate 268435456 pg, nr_longs=4194304 in 4 millisec
[ 8910.300717] alloc_cross_bitmap: preallocate 268435456 pg, nr_longs=4194304 in 4 millisec
[ 8910.302906] alloc_cross_bitmap: preallocate 268435456 pg, nr_longs=4194304 in 4 millisec
[ 8910.304295] alloc_cross_bitmap: preallocate 268435456 pg, nr_longs=4194304 in 4 millisec
[ 8910.308609] alloc_cross_bitmap: preallocate 268435456 pg, nr_longs=4194304 in 4 millisec
[ 8910.310793] alloc_cross_bitmap: preallocate 268435456 pg, nr_longs=4194304 in 4 millisec
[ 8910.315276] alloc_cross_bitmap: preallocate 268435456 pg, nr_longs=4194304 in 4 millisec
[ 8910.316695] alloc_cross_bitmap: preallocate 268435456 pg, nr_longs=4194304 in 4 millisec
[ 8910.321541] alloc_cross_bitmap: preallocate 268435456 pg, nr_longs=4194304 in 4 millisec
[ 8910.323171] alloc_cross_bitmap: preallocate 268435456 pg, nr_longs=4194304 in 4 millisec
[ 8910.323735] alloc_cross_bitmap: preallocate 268435456 pg, nr_longs=4194304 in 8 millisec
[ 8910.325507] alloc_cross_bitmap: preallocate 268435456 pg, nr_longs=4194304 in 4 millisec
[ 8910.325511] alloc_cross_bitmap: preallocate 268435456 pg, nr_longs=4194304 in 4 millisec
[ 8910.325523] alloc_cross_bitmap: preallocate 268435456 pg, nr_longs=4194304 in 4 millisec
[ 8910.325639] alloc_cross_bitmap: preallocate 268435456 pg, nr_longs=4194304 in 4 millisec
[ 8910.330323] alloc_cross_bitmap: preallocate 268435456 pg, nr_longs=4194304 in 4 millisec
[ 8910.330527] alloc_cross_bitmap: preallocate 268435456 pg, nr_longs=4194304 in 4 millisec
[ 8910.333685] alloc_cross_bitmap: preallocate 268435456 pg, nr_longs=4194304 in 4 millisec
[ 8910.335467] alloc_cross_bitmap: preallocate 268435456 pg, nr_longs=4194304 in 4 millisec
[ 8910.338402] alloc_cross_bitmap: preallocate 268435456 pg, nr_longs=4194304 in 8 millisec
[ 8910.338686] alloc_cross_bitmap: preallocate 268435456 pg, nr_longs=4194304 in 4 millisec
[ 8910.339188] alloc_cross_bitmap: preallocate 268435456 pg, nr_longs=4194304 in 4 millisec
[ 8910.341644] alloc_cross_bitmap: preallocate 268435456 pg, nr_longs=4194304 in 4 millisec
[ 8910.341816] alloc_cross_bitmap: preallocate 268435456 pg, nr_longs=4194304 in 4 millisec
[ 8910.343237] alloc_cross_bitmap: preallocate 268435456 pg, nr_longs=4194304 in 4 millisec
[ 8911.548311] write_proc: Value of write = 0
[ 8911.548330] __do_sys_start_cross_trace: PRINT_GLOBAL_STATS 
[ 8911.548331] Final GlobalReport: nr_pages_read:13201443926, nr_pages_hit:12915851543, nr_do_read_fault:6896524, nr_pages_miss:103874455
[ 8911.548388] FinalTaskReport: db_bench:46537 - ra_orig_nr_pages:0, ra_final_nr_pages:0
                                        async_pages:1032, final_async_pages:1997
                                        full_pfetches:0, less256_pfetches:0, partial_pfetches:0
                                        failed_pfetches:0, total_pfetches:0, os_pfetches:87
                                        nr_pages_read:1666, nr_pages_hit:881, nr_do_read_fault:166
[ 8911.550711] write_proc: Value of write = 0
[ 8911.550727] __do_sys_start_cross_trace: PRINT_GLOBAL_STATS 
[ 8911.550729] Final GlobalReport: nr_pages_read:13201443926, nr_pages_hit:12915851543, nr_do_read_fault:6896529, nr_pages_miss:103874455
[ 8911.550771] FinalTaskReport: time:46528 - ra_orig_nr_pages:0, ra_final_nr_pages:0
                                        async_pages:0, final_async_pages:25
                                        full_pfetches:0, less256_pfetches:0, partial_pfetches:0
                                        failed_pfetches:0, total_pfetches:0, os_pfetches:1
                                        nr_pages_read:0, nr_pages_hit:0, nr_do_read_fault:16
