ENABLE_FILE_STATS in con
ENABLE_FILE_STATS in con
RocksDB:    version 6.20
Date:       Wed Aug 10 18:35:02 2022
CPU:        48 * AMD EPYC 7402P 24-Core Processor
CPUCache:   512 KB
Initializing RocksDB Options from the specified file
Initializing RocksDB Options from command-line flags
Keys:       1000 bytes each (+ 0 bytes user-defined timestamp)
Values:     4096 bytes each (2048 bytes after compression)
Entries:    2000000
Prefix:    0 bytes
Keys per prefix:    0
RawSize:    9719.8 MB (estimated)
FileSize:   5813.6 MB (estimated)
Write rate: 0 bytes/second
Read rate: 0 ops/second
Compression: Snappy
Compression sampling rate: 0
Memtablerep: skip_list
Perf Level: 1
------------------------------------------------
DB path: [/users/kannan11/ssd/sudarsun/prefetching/appbench/apps/rocksdb/DATA]
readseq      :   16050.000 micros/op 1019 ops/sec;
DESTRUCTOR GETTING CALLED 
PRINT_GLOBAL_STATS in dest
	Command being timed: "./db_bench --db=/users/kannan11/ssd/sudarsun/prefetching/appbench/apps/rocksdb/DATA --value_size=4096 --wal_dir=/users/kannan11/ssd/sudarsun/prefetching/appbench/apps/rocksdb/DATA/WAL_LOG --sync=0 --key_size=1000 --write_buffer_size=67108864 --num=2000000 --benchmarks=readseq --use_existing_db=1 --mmap_read=0 --threads=32"
	User time (seconds): 0.28
	System time (seconds): 5.77
	Percent of CPU this job got: 147%
	Elapsed (wall clock) time (h:mm:ss or m:ss): 0:04.11
	Average shared text size (kbytes): 0
	Average unshared data size (kbytes): 0
	Average stack size (kbytes): 0
	Average total size (kbytes): 0
	Maximum resident set size (kbytes): 314360
	Average resident set size (kbytes): 0
	Major (requiring I/O) page faults: 76
	Minor (reclaiming a frame) page faults: 1550937
	Voluntary context switches: 3650
	Involuntary context switches: 44
	Swaps: 0
	File system inputs: 21075072
	File system outputs: 1664
	Socket messages sent: 0
	Socket messages received: 0
	Signals delivered: 0
	Page size (bytes): 4096
	Exit status: 0
DESTRUCTOR GETTING CALLED 
PRINT_GLOBAL_STATS in dest
[ 9382.655402] free_cross_bitmap: releasing mem for inode with i_count 2
[ 9382.664175] free_cross_bitmap: releasing mem for inode with i_count 2
[ 9382.674874] free_cross_bitmap: releasing mem for inode with i_count 2
[ 9382.685923] free_cross_bitmap: releasing mem for inode with i_count 2
[ 9382.694024] free_cross_bitmap: releasing mem for inode with i_count 2
[ 9382.704325] free_cross_bitmap: releasing mem for inode with i_count 2
[ 9382.714838] free_cross_bitmap: releasing mem for inode with i_count 2
[ 9382.722732] free_cross_bitmap: releasing mem for inode with i_count 2
[ 9382.733335] free_cross_bitmap: releasing mem for inode with i_count 2
[ 9382.742185] free_cross_bitmap: releasing mem for inode with i_count 2
[ 9382.752784] free_cross_bitmap: releasing mem for inode with i_count 2
[ 9382.761660] free_cross_bitmap: releasing mem for inode with i_count 2
[ 9382.769537] free_cross_bitmap: releasing mem for inode with i_count 2
[ 9382.778611] free_cross_bitmap: releasing mem for inode with i_count 2
[ 9382.787188] free_cross_bitmap: releasing mem for inode with i_count 2
[ 9382.796431] free_cross_bitmap: releasing mem for inode with i_count 2
[ 9382.807061] free_cross_bitmap: releasing mem for inode with i_count 2
[ 9382.815886] free_cross_bitmap: releasing mem for inode with i_count 2
[ 9382.824463] free_cross_bitmap: releasing mem for inode with i_count 2
[ 9382.833293] free_cross_bitmap: releasing mem for inode with i_count 2
[ 9382.842100] free_cross_bitmap: releasing mem for inode with i_count 2
[ 9382.853367] free_cross_bitmap: releasing mem for inode with i_count 2
[ 9382.861980] free_cross_bitmap: releasing mem for inode with i_count 2
[ 9382.870130] free_cross_bitmap: releasing mem for inode with i_count 2
[ 9382.879442] free_cross_bitmap: releasing mem for inode with i_count 2
[ 9382.888037] free_cross_bitmap: releasing mem for inode with i_count 2
[ 9382.897048] free_cross_bitmap: releasing mem for inode with i_count 2
[ 9382.908391] free_cross_bitmap: releasing mem for inode with i_count 2
[ 9382.917254] free_cross_bitmap: releasing mem for inode with i_count 2
[ 9382.925930] free_cross_bitmap: releasing mem for inode with i_count 2
[ 9382.935181] free_cross_bitmap: releasing mem for inode with i_count 2
[ 9382.945956] free_cross_bitmap: releasing mem for inode with i_count 2
[ 9382.954983] free_cross_bitmap: releasing mem for inode with i_count 2
[ 9382.964080] free_cross_bitmap: releasing mem for inode with i_count 2
[ 9382.972987] free_cross_bitmap: releasing mem for inode with i_count 2
[ 9382.982460] free_cross_bitmap: releasing mem for inode with i_count 2
[ 9382.991415] free_cross_bitmap: releasing mem for inode with i_count 2
[ 9383.001901] free_cross_bitmap: releasing mem for inode with i_count 2
[ 9383.012801] free_cross_bitmap: releasing mem for inode with i_count 2
[ 9383.023768] free_cross_bitmap: releasing mem for inode with i_count 2
[ 9383.034391] free_cross_bitmap: releasing mem for inode with i_count 2
[ 9383.044950] free_cross_bitmap: releasing mem for inode with i_count 2
[ 9383.054748] free_cross_bitmap: releasing mem for inode with i_count 2
[ 9383.065658] free_cross_bitmap: releasing mem for inode with i_count 2
[ 9383.076355] free_cross_bitmap: releasing mem for inode with i_count 2
[ 9383.087544] free_cross_bitmap: releasing mem for inode with i_count 2
[ 9383.098090] free_cross_bitmap: releasing mem for inode with i_count 2
[ 9383.108738] free_cross_bitmap: releasing mem for inode with i_count 2
[ 9383.119250] free_cross_bitmap: releasing mem for inode with i_count 2
[ 9383.130273] free_cross_bitmap: releasing mem for inode with i_count 2
[ 9383.141469] free_cross_bitmap: releasing mem for inode with i_count 2
[ 9383.150711] free_cross_bitmap: releasing mem for inode with i_count 2
[ 9383.159329] free_cross_bitmap: releasing mem for inode with i_count 2
[ 9383.169942] free_cross_bitmap: releasing mem for inode with i_count 2
[ 9383.180630] free_cross_bitmap: releasing mem for inode with i_count 2
[ 9383.191583] free_cross_bitmap: releasing mem for inode with i_count 2
[ 9383.202280] free_cross_bitmap: releasing mem for inode with i_count 2
[ 9383.213347] free_cross_bitmap: releasing mem for inode with i_count 2
[ 9383.223979] free_cross_bitmap: releasing mem for inode with i_count 2
[ 9383.234584] free_cross_bitmap: releasing mem for inode with i_count 2
[ 9383.243277] free_cross_bitmap: releasing mem for inode with i_count 2
[ 9383.253770] free_cross_bitmap: releasing mem for inode with i_count 2
[ 9383.264327] free_cross_bitmap: releasing mem for inode with i_count 2
[ 9383.275533] free_cross_bitmap: releasing mem for inode with i_count 2
[ 9383.286176] free_cross_bitmap: releasing mem for inode with i_count 2
[ 9383.294923] free_cross_bitmap: releasing mem for inode with i_count 2
[ 9383.305593] free_cross_bitmap: releasing mem for inode with i_count 2
[ 9383.316419] free_cross_bitmap: releasing mem for inode with i_count 2
[ 9383.324346] free_cross_bitmap: releasing mem for inode with i_count 2
[ 9383.335455] free_cross_bitmap: releasing mem for inode with i_count 2
[ 9383.345961] free_cross_bitmap: releasing mem for inode with i_count 2
[ 9383.356481] free_cross_bitmap: releasing mem for inode with i_count 2
[ 9383.366860] free_cross_bitmap: releasing mem for inode with i_count 2
[ 9383.376794] free_cross_bitmap: releasing mem for inode with i_count 2
[ 9383.387171] free_cross_bitmap: releasing mem for inode with i_count 2
[ 9383.396178] free_cross_bitmap: releasing mem for inode with i_count 2
[ 9383.406772] free_cross_bitmap: releasing mem for inode with i_count 2
[ 9383.417371] free_cross_bitmap: releasing mem for inode with i_count 2
[ 9383.425460] free_cross_bitmap: releasing mem for inode with i_count 2
[ 9383.436083] free_cross_bitmap: releasing mem for inode with i_count 2
[ 9383.447046] free_cross_bitmap: releasing mem for inode with i_count 2
[ 9383.457363] free_cross_bitmap: releasing mem for inode with i_count 2
[ 9383.467860] free_cross_bitmap: releasing mem for inode with i_count 2
[ 9383.478309] free_cross_bitmap: releasing mem for inode with i_count 2
[ 9383.488882] free_cross_bitmap: releasing mem for inode with i_count 2
[ 9383.496732] free_cross_bitmap: releasing mem for inode with i_count 2
[ 9383.507043] free_cross_bitmap: releasing mem for inode with i_count 2
[ 9383.517876] free_cross_bitmap: releasing mem for inode with i_count 2
[ 9383.528352] free_cross_bitmap: releasing mem for inode with i_count 2
[ 9383.539068] free_cross_bitmap: releasing mem for inode with i_count 2
[ 9383.549684] free_cross_bitmap: releasing mem for inode with i_count 2
[ 9383.560219] free_cross_bitmap: releasing mem for inode with i_count 2
[ 9383.570804] free_cross_bitmap: releasing mem for inode with i_count 2
[ 9383.582523] free_cross_bitmap: releasing mem for inode with i_count 2
[ 9383.593261] free_cross_bitmap: releasing mem for inode with i_count 2
[ 9383.603769] free_cross_bitmap: releasing mem for inode with i_count 2
[ 9383.611841] free_cross_bitmap: releasing mem for inode with i_count 2
[ 9383.622354] free_cross_bitmap: releasing mem for inode with i_count 2
[ 9383.632785] free_cross_bitmap: releasing mem for inode with i_count 2
[ 9383.642818] free_cross_bitmap: releasing mem for inode with i_count 2
[ 9383.653434] free_cross_bitmap: releasing mem for inode with i_count 2
[ 9383.663966] free_cross_bitmap: releasing mem for inode with i_count 2
[ 9383.674148] free_cross_bitmap: releasing mem for inode with i_count 2
[ 9383.684650] free_cross_bitmap: releasing mem for inode with i_count 2
[ 9383.692652] free_cross_bitmap: releasing mem for inode with i_count 2
[ 9383.704403] free_cross_bitmap: releasing mem for inode with i_count 2
[ 9383.715540] free_cross_bitmap: releasing mem for inode with i_count 2
[ 9383.726303] free_cross_bitmap: releasing mem for inode with i_count 2
[ 9383.734578] free_cross_bitmap: releasing mem for inode with i_count 2
[ 9383.745254] free_cross_bitmap: releasing mem for inode with i_count 2
[ 9383.753401] free_cross_bitmap: releasing mem for inode with i_count 2
[ 9383.764407] free_cross_bitmap: releasing mem for inode with i_count 2
[ 9383.774900] free_cross_bitmap: releasing mem for inode with i_count 2
[ 9383.783592] free_cross_bitmap: releasing mem for inode with i_count 2
[ 9383.791922] free_cross_bitmap: releasing mem for inode with i_count 2
[ 9383.802508] free_cross_bitmap: releasing mem for inode with i_count 2
[ 9383.812918] free_cross_bitmap: releasing mem for inode with i_count 2
[ 9383.823698] free_cross_bitmap: releasing mem for inode with i_count 2
[ 9383.833954] free_cross_bitmap: releasing mem for inode with i_count 2
[ 9383.844283] free_cross_bitmap: releasing mem for inode with i_count 2
[ 9383.854547] free_cross_bitmap: releasing mem for inode with i_count 2
[ 9383.864904] free_cross_bitmap: releasing mem for inode with i_count 2
[ 9383.875600] free_cross_bitmap: releasing mem for inode with i_count 2
[ 9383.886705] free_cross_bitmap: releasing mem for inode with i_count 2
[ 9383.897087] free_cross_bitmap: releasing mem for inode with i_count 2
[ 9383.907411] free_cross_bitmap: releasing mem for inode with i_count 2
[ 9383.917655] free_cross_bitmap: releasing mem for inode with i_count 2
[ 9383.927998] free_cross_bitmap: releasing mem for inode with i_count 2
[ 9383.938248] free_cross_bitmap: releasing mem for inode with i_count 2
[ 9383.948906] free_cross_bitmap: releasing mem for inode with i_count 2
[ 9383.959226] free_cross_bitmap: releasing mem for inode with i_count 2
[ 9383.969656] free_cross_bitmap: releasing mem for inode with i_count 2
[ 9383.980110] free_cross_bitmap: releasing mem for inode with i_count 2
[ 9383.990306] free_cross_bitmap: releasing mem for inode with i_count 2
[ 9384.000526] free_cross_bitmap: releasing mem for inode with i_count 2
[ 9384.011144] free_cross_bitmap: releasing mem for inode with i_count 2
[ 9384.021455] free_cross_bitmap: releasing mem for inode with i_count 2
[ 9384.031925] free_cross_bitmap: releasing mem for inode with i_count 2
[ 9384.042208] free_cross_bitmap: releasing mem for inode with i_count 2
[ 9384.052439] free_cross_bitmap: releasing mem for inode with i_count 2
[ 9384.062773] free_cross_bitmap: releasing mem for inode with i_count 2
[ 9384.073548] free_cross_bitmap: releasing mem for inode with i_count 2
[ 9384.083858] free_cross_bitmap: releasing mem for inode with i_count 2
[ 9384.094290] free_cross_bitmap: releasing mem for inode with i_count 2
[ 9384.105306] free_cross_bitmap: releasing mem for inode with i_count 2
[ 9384.116074] free_cross_bitmap: releasing mem for inode with i_count 2
[ 9384.126409] free_cross_bitmap: releasing mem for inode with i_count 2
[ 9384.137238] free_cross_bitmap: releasing mem for inode with i_count 2
[ 9384.147850] free_cross_bitmap: releasing mem for inode with i_count 2
[ 9384.158811] free_cross_bitmap: releasing mem for inode with i_count 2
[ 9384.169273] free_cross_bitmap: releasing mem for inode with i_count 2
[ 9384.179675] free_cross_bitmap: releasing mem for inode with i_count 2
[ 9384.190138] free_cross_bitmap: releasing mem for inode with i_count 2
[ 9384.201016] free_cross_bitmap: releasing mem for inode with i_count 2
[ 9384.211417] free_cross_bitmap: releasing mem for inode with i_count 2
[ 9384.221754] free_cross_bitmap: releasing mem for inode with i_count 2
[ 9384.232771] free_cross_bitmap: releasing mem for inode with i_count 2
[ 9384.243197] free_cross_bitmap: releasing mem for inode with i_count 2
[ 9384.253804] free_cross_bitmap: releasing mem for inode with i_count 2
[ 9384.264892] free_cross_bitmap: releasing mem for inode with i_count 2
[ 9384.275199] free_cross_bitmap: releasing mem for inode with i_count 2
[ 9384.285837] free_cross_bitmap: releasing mem for inode with i_count 2
[ 9384.296191] free_cross_bitmap: releasing mem for inode with i_count 2
[ 9384.306994] free_cross_bitmap: releasing mem for inode with i_count 2
[ 9384.317637] free_cross_bitmap: releasing mem for inode with i_count 2
[ 9384.328719] free_cross_bitmap: releasing mem for inode with i_count 2
[ 9384.339255] free_cross_bitmap: releasing mem for inode with i_count 2
[ 9384.350058] free_cross_bitmap: releasing mem for inode with i_count 2
[ 9384.360445] free_cross_bitmap: releasing mem for inode with i_count 2
[ 9384.370673] free_cross_bitmap: releasing mem for inode with i_count 2
[ 9384.381018] free_cross_bitmap: releasing mem for inode with i_count 2
[ 9384.391660] free_cross_bitmap: releasing mem for inode with i_count 2
[ 9384.401911] free_cross_bitmap: releasing mem for inode with i_count 2
[ 9384.412137] free_cross_bitmap: releasing mem for inode with i_count 2
[ 9384.422362] free_cross_bitmap: releasing mem for inode with i_count 2
[ 9384.432928] free_cross_bitmap: releasing mem for inode with i_count 2
[ 9384.443268] free_cross_bitmap: releasing mem for inode with i_count 2
[ 9384.454098] free_cross_bitmap: releasing mem for inode with i_count 2
[ 9384.464322] free_cross_bitmap: releasing mem for inode with i_count 2
[ 9384.474649] free_cross_bitmap: releasing mem for inode with i_count 2
[ 9384.485033] free_cross_bitmap: releasing mem for inode with i_count 2
[ 9384.495754] free_cross_bitmap: releasing mem for inode with i_count 2
[ 9384.506036] free_cross_bitmap: releasing mem for inode with i_count 2
[ 9384.517009] free_cross_bitmap: releasing mem for inode with i_count 2
[ 9384.527105] free_cross_bitmap: releasing mem for inode with i_count 2
[ 9384.535908] free_cross_bitmap: releasing mem for inode with i_count 2
[ 9384.543149] sh (13680): drop_caches: 3
[ 9384.576396] sh (13871): drop_caches: 3
[ 9389.602333] Enabled file stats for time:13879
[ 9389.602543] write_proc: Value of write = 1
[ 9389.608063] Enabled file stats for db_bench:13888
[ 9389.608274] write_proc: Value of write = 1
[ 9389.634896] alloc_cross_bitmap: preallocate 268435456 pg, nr_longs=4194304 in 16 millisec
[ 9389.636146] alloc_cross_bitmap: preallocate 268435456 pg, nr_longs=4194304 in 16 millisec
[ 9389.636664] alloc_cross_bitmap: preallocate 268435456 pg, nr_longs=4194304 in 16 millisec
[ 9389.636684] alloc_cross_bitmap: preallocate 268435456 pg, nr_longs=4194304 in 16 millisec
[ 9389.636821] alloc_cross_bitmap: preallocate 268435456 pg, nr_longs=4194304 in 16 millisec
[ 9389.636859] alloc_cross_bitmap: preallocate 268435456 pg, nr_longs=4194304 in 16 millisec
[ 9389.636900] alloc_cross_bitmap: preallocate 268435456 pg, nr_longs=4194304 in 16 millisec
[ 9389.636963] alloc_cross_bitmap: preallocate 268435456 pg, nr_longs=4194304 in 16 millisec
[ 9389.636978] alloc_cross_bitmap: preallocate 268435456 pg, nr_longs=4194304 in 16 millisec
[ 9389.637130] alloc_cross_bitmap: preallocate 268435456 pg, nr_longs=4194304 in 16 millisec
[ 9389.637142] alloc_cross_bitmap: preallocate 268435456 pg, nr_longs=4194304 in 16 millisec
[ 9389.637168] alloc_cross_bitmap: preallocate 268435456 pg, nr_longs=4194304 in 16 millisec
[ 9389.637170] alloc_cross_bitmap: preallocate 268435456 pg, nr_longs=4194304 in 16 millisec
[ 9389.637206] alloc_cross_bitmap: preallocate 268435456 pg, nr_longs=4194304 in 16 millisec
[ 9389.637212] alloc_cross_bitmap: preallocate 268435456 pg, nr_longs=4194304 in 16 millisec
[ 9389.637215] alloc_cross_bitmap: preallocate 268435456 pg, nr_longs=4194304 in 16 millisec
[ 9389.640236] alloc_cross_bitmap: preallocate 268435456 pg, nr_longs=4194304 in 4 millisec
[ 9389.646639] alloc_cross_bitmap: preallocate 268435456 pg, nr_longs=4194304 in 0 millisec
[ 9389.649606] alloc_cross_bitmap: preallocate 268435456 pg, nr_longs=4194304 in 8 millisec
[ 9389.650596] alloc_cross_bitmap: preallocate 268435456 pg, nr_longs=4194304 in 12 millisec
[ 9389.651663] alloc_cross_bitmap: preallocate 268435456 pg, nr_longs=4194304 in 12 millisec
[ 9389.653964] alloc_cross_bitmap: preallocate 268435456 pg, nr_longs=4194304 in 12 millisec
[ 9389.654215] alloc_cross_bitmap: preallocate 268435456 pg, nr_longs=4194304 in 16 millisec
[ 9389.654376] alloc_cross_bitmap: preallocate 268435456 pg, nr_longs=4194304 in 16 millisec
[ 9389.654434] alloc_cross_bitmap: preallocate 268435456 pg, nr_longs=4194304 in 16 millisec
[ 9389.654679] alloc_cross_bitmap: preallocate 268435456 pg, nr_longs=4194304 in 16 millisec
[ 9389.654868] alloc_cross_bitmap: preallocate 268435456 pg, nr_longs=4194304 in 16 millisec
[ 9389.655028] alloc_cross_bitmap: preallocate 268435456 pg, nr_longs=4194304 in 16 millisec
[ 9389.655227] alloc_cross_bitmap: preallocate 268435456 pg, nr_longs=4194304 in 16 millisec
[ 9389.655354] alloc_cross_bitmap: preallocate 268435456 pg, nr_longs=4194304 in 16 millisec
[ 9389.655452] alloc_cross_bitmap: preallocate 268435456 pg, nr_longs=4194304 in 16 millisec
[ 9389.655757] alloc_cross_bitmap: preallocate 268435456 pg, nr_longs=4194304 in 8 millisec
[ 9389.657074] alloc_cross_bitmap: preallocate 268435456 pg, nr_longs=4194304 in 4 millisec
[ 9389.658437] alloc_cross_bitmap: preallocate 268435456 pg, nr_longs=4194304 in 8 millisec
[ 9389.660666] alloc_cross_bitmap: preallocate 268435456 pg, nr_longs=4194304 in 4 millisec
[ 9389.661518] alloc_cross_bitmap: preallocate 268435456 pg, nr_longs=4194304 in 4 millisec
[ 9389.661620] alloc_cross_bitmap: preallocate 268435456 pg, nr_longs=4194304 in 4 millisec
[ 9389.661793] alloc_cross_bitmap: preallocate 268435456 pg, nr_longs=4194304 in 4 millisec
[ 9389.663596] alloc_cross_bitmap: preallocate 268435456 pg, nr_longs=4194304 in 8 millisec
[ 9389.664237] alloc_cross_bitmap: preallocate 268435456 pg, nr_longs=4194304 in 4 millisec
[ 9389.664376] alloc_cross_bitmap: preallocate 268435456 pg, nr_longs=4194304 in 4 millisec
[ 9389.665926] alloc_cross_bitmap: preallocate 268435456 pg, nr_longs=4194304 in 4 millisec
[ 9389.666021] alloc_cross_bitmap: preallocate 268435456 pg, nr_longs=4194304 in 4 millisec
[ 9389.666302] alloc_cross_bitmap: preallocate 268435456 pg, nr_longs=4194304 in 8 millisec
[ 9389.666511] alloc_cross_bitmap: preallocate 268435456 pg, nr_longs=4194304 in 8 millisec
[ 9389.668635] alloc_cross_bitmap: preallocate 268435456 pg, nr_longs=4194304 in 8 millisec
[ 9389.669666] alloc_cross_bitmap: preallocate 268435456 pg, nr_longs=4194304 in 4 millisec
[ 9389.670538] alloc_cross_bitmap: preallocate 268435456 pg, nr_longs=4194304 in 8 millisec
[ 9389.670784] alloc_cross_bitmap: preallocate 268435456 pg, nr_longs=4194304 in 8 millisec
[ 9389.671518] alloc_cross_bitmap: preallocate 268435456 pg, nr_longs=4194304 in 8 millisec
[ 9389.671557] alloc_cross_bitmap: preallocate 268435456 pg, nr_longs=4194304 in 8 millisec
[ 9389.671673] alloc_cross_bitmap: preallocate 268435456 pg, nr_longs=4194304 in 8 millisec
[ 9389.672390] alloc_cross_bitmap: preallocate 268435456 pg, nr_longs=4194304 in 8 millisec
[ 9389.702804] alloc_cross_bitmap: preallocate 268435456 pg, nr_longs=4194304 in 8 millisec
[ 9389.702843] alloc_cross_bitmap: preallocate 268435456 pg, nr_longs=4194304 in 8 millisec
[ 9389.703049] alloc_cross_bitmap: preallocate 268435456 pg, nr_longs=4194304 in 8 millisec
[ 9389.703401] alloc_cross_bitmap: preallocate 268435456 pg, nr_longs=4194304 in 8 millisec
[ 9389.703597] alloc_cross_bitmap: preallocate 268435456 pg, nr_longs=4194304 in 8 millisec
[ 9389.703634] alloc_cross_bitmap: preallocate 268435456 pg, nr_longs=4194304 in 8 millisec
[ 9389.704708] alloc_cross_bitmap: preallocate 268435456 pg, nr_longs=4194304 in 8 millisec
[ 9389.704716] alloc_cross_bitmap: preallocate 268435456 pg, nr_longs=4194304 in 8 millisec
[ 9389.721535] alloc_cross_bitmap: preallocate 268435456 pg, nr_longs=4194304 in 0 millisec
[ 9389.731319] alloc_cross_bitmap: preallocate 268435456 pg, nr_longs=4194304 in 4 millisec
[ 9389.733438] alloc_cross_bitmap: preallocate 268435456 pg, nr_longs=4194304 in 4 millisec
[ 9389.734893] alloc_cross_bitmap: preallocate 268435456 pg, nr_longs=4194304 in 4 millisec
[ 9389.734897] alloc_cross_bitmap: preallocate 268435456 pg, nr_longs=4194304 in 4 millisec
[ 9389.739611] alloc_cross_bitmap: preallocate 268435456 pg, nr_longs=4194304 in 4 millisec
[ 9389.740290] alloc_cross_bitmap: preallocate 268435456 pg, nr_longs=4194304 in 4 millisec
[ 9389.743258] alloc_cross_bitmap: preallocate 268435456 pg, nr_longs=4194304 in 4 millisec
[ 9389.743541] alloc_cross_bitmap: preallocate 268435456 pg, nr_longs=4194304 in 4 millisec
[ 9389.745199] alloc_cross_bitmap: preallocate 268435456 pg, nr_longs=4194304 in 4 millisec
[ 9389.767595] alloc_cross_bitmap: preallocate 268435456 pg, nr_longs=4194304 in 4 millisec
[ 9389.769445] alloc_cross_bitmap: preallocate 268435456 pg, nr_longs=4194304 in 4 millisec
[ 9389.769545] alloc_cross_bitmap: preallocate 268435456 pg, nr_longs=4194304 in 4 millisec
[ 9389.779937] alloc_cross_bitmap: preallocate 268435456 pg, nr_longs=4194304 in 4 millisec
[ 9389.806163] alloc_cross_bitmap: preallocate 268435456 pg, nr_longs=4194304 in 0 millisec
[ 9389.807777] alloc_cross_bitmap: preallocate 268435456 pg, nr_longs=4194304 in 4 millisec
[ 9389.809270] alloc_cross_bitmap: preallocate 268435456 pg, nr_longs=4194304 in 4 millisec
[ 9389.811584] alloc_cross_bitmap: preallocate 268435456 pg, nr_longs=4194304 in 4 millisec
[ 9389.812323] alloc_cross_bitmap: preallocate 268435456 pg, nr_longs=4194304 in 4 millisec
[ 9389.813605] alloc_cross_bitmap: preallocate 268435456 pg, nr_longs=4194304 in 4 millisec
[ 9389.814145] alloc_cross_bitmap: preallocate 268435456 pg, nr_longs=4194304 in 4 millisec
[ 9389.850061] alloc_cross_bitmap: preallocate 268435456 pg, nr_longs=4194304 in 0 millisec
[ 9389.854300] alloc_cross_bitmap: preallocate 268435456 pg, nr_longs=4194304 in 4 millisec
[ 9389.906122] alloc_cross_bitmap: preallocate 268435456 pg, nr_longs=4194304 in 0 millisec
[ 9389.909414] alloc_cross_bitmap: preallocate 268435456 pg, nr_longs=4194304 in 4 millisec
[ 9389.912199] alloc_cross_bitmap: preallocate 268435456 pg, nr_longs=4194304 in 4 millisec
[ 9390.031987] alloc_cross_bitmap: preallocate 268435456 pg, nr_longs=4194304 in 4 millisec
[ 9390.032056] alloc_cross_bitmap: preallocate 268435456 pg, nr_longs=4194304 in 4 millisec
[ 9390.033257] alloc_cross_bitmap: preallocate 268435456 pg, nr_longs=4194304 in 4 millisec
[ 9390.035607] alloc_cross_bitmap: preallocate 268435456 pg, nr_longs=4194304 in 4 millisec
[ 9390.041646] alloc_cross_bitmap: preallocate 268435456 pg, nr_longs=4194304 in 0 millisec
[ 9390.055874] alloc_cross_bitmap: preallocate 268435456 pg, nr_longs=4194304 in 4 millisec
[ 9390.056308] alloc_cross_bitmap: preallocate 268435456 pg, nr_longs=4194304 in 4 millisec
[ 9390.058403] alloc_cross_bitmap: preallocate 268435456 pg, nr_longs=4194304 in 4 millisec
[ 9390.063254] alloc_cross_bitmap: preallocate 268435456 pg, nr_longs=4194304 in 4 millisec
[ 9390.085827] alloc_cross_bitmap: preallocate 268435456 pg, nr_longs=4194304 in 0 millisec
[ 9390.104753] alloc_cross_bitmap: preallocate 268435456 pg, nr_longs=4194304 in 4 millisec
[ 9390.142589] alloc_cross_bitmap: preallocate 268435456 pg, nr_longs=4194304 in 4 millisec
[ 9390.150338] alloc_cross_bitmap: preallocate 268435456 pg, nr_longs=4194304 in 4 millisec
[ 9390.154018] alloc_cross_bitmap: preallocate 268435456 pg, nr_longs=4194304 in 0 millisec
[ 9390.175277] alloc_cross_bitmap: preallocate 268435456 pg, nr_longs=4194304 in 4 millisec
[ 9390.175287] alloc_cross_bitmap: preallocate 268435456 pg, nr_longs=4194304 in 4 millisec
[ 9390.298574] alloc_cross_bitmap: preallocate 268435456 pg, nr_longs=4194304 in 4 millisec
[ 9390.298711] alloc_cross_bitmap: preallocate 268435456 pg, nr_longs=4194304 in 4 millisec
[ 9390.306954] alloc_cross_bitmap: preallocate 268435456 pg, nr_longs=4194304 in 4 millisec
[ 9390.311031] alloc_cross_bitmap: preallocate 268435456 pg, nr_longs=4194304 in 4 millisec
[ 9390.321528] alloc_cross_bitmap: preallocate 268435456 pg, nr_longs=4194304 in 4 millisec
[ 9390.321582] alloc_cross_bitmap: preallocate 268435456 pg, nr_longs=4194304 in 4 millisec
[ 9390.328034] alloc_cross_bitmap: preallocate 268435456 pg, nr_longs=4194304 in 4 millisec
[ 9390.330029] alloc_cross_bitmap: preallocate 268435456 pg, nr_longs=4194304 in 0 millisec
[ 9390.333867] alloc_cross_bitmap: preallocate 268435456 pg, nr_longs=4194304 in 4 millisec
[ 9390.333876] alloc_cross_bitmap: preallocate 268435456 pg, nr_longs=4194304 in 4 millisec
[ 9390.371415] alloc_cross_bitmap: preallocate 268435456 pg, nr_longs=4194304 in 4 millisec
[ 9390.414271] alloc_cross_bitmap: preallocate 268435456 pg, nr_longs=4194304 in 4 millisec
[ 9390.414365] alloc_cross_bitmap: preallocate 268435456 pg, nr_longs=4194304 in 4 millisec
[ 9390.417159] alloc_cross_bitmap: preallocate 268435456 pg, nr_longs=4194304 in 4 millisec
[ 9390.417173] alloc_cross_bitmap: preallocate 268435456 pg, nr_longs=4194304 in 4 millisec
[ 9390.540080] alloc_cross_bitmap: preallocate 268435456 pg, nr_longs=4194304 in 4 millisec
[ 9390.547401] alloc_cross_bitmap: preallocate 268435456 pg, nr_longs=4194304 in 4 millisec
[ 9390.552794] alloc_cross_bitmap: preallocate 268435456 pg, nr_longs=4194304 in 4 millisec
[ 9390.558480] alloc_cross_bitmap: preallocate 268435456 pg, nr_longs=4194304 in 4 millisec
[ 9390.562463] alloc_cross_bitmap: preallocate 268435456 pg, nr_longs=4194304 in 4 millisec
[ 9390.569373] alloc_cross_bitmap: preallocate 268435456 pg, nr_longs=4194304 in 0 millisec
[ 9390.571672] alloc_cross_bitmap: preallocate 268435456 pg, nr_longs=4194304 in 4 millisec
[ 9390.572875] alloc_cross_bitmap: preallocate 268435456 pg, nr_longs=4194304 in 4 millisec
[ 9390.776776] alloc_cross_bitmap: preallocate 268435456 pg, nr_longs=4194304 in 4 millisec
[ 9390.808842] alloc_cross_bitmap: preallocate 268435456 pg, nr_longs=4194304 in 4 millisec
[ 9390.820791] alloc_cross_bitmap: preallocate 268435456 pg, nr_longs=4194304 in 4 millisec
[ 9390.826672] alloc_cross_bitmap: preallocate 268435456 pg, nr_longs=4194304 in 4 millisec
[ 9391.155496] alloc_cross_bitmap: preallocate 268435456 pg, nr_longs=4194304 in 4 millisec
[ 9391.222787] alloc_cross_bitmap: preallocate 268435456 pg, nr_longs=4194304 in 4 millisec
[ 9391.338048] alloc_cross_bitmap: preallocate 268435456 pg, nr_longs=4194304 in 0 millisec
[ 9391.368852] alloc_cross_bitmap: preallocate 268435456 pg, nr_longs=4194304 in 4 millisec
[ 9391.382014] alloc_cross_bitmap: preallocate 268435456 pg, nr_longs=4194304 in 0 millisec
[ 9391.388000] alloc_cross_bitmap: preallocate 268435456 pg, nr_longs=4194304 in 4 millisec
[ 9391.404239] alloc_cross_bitmap: preallocate 268435456 pg, nr_longs=4194304 in 4 millisec
[ 9391.481542] alloc_cross_bitmap: preallocate 268435456 pg, nr_longs=4194304 in 0 millisec
[ 9391.491330] alloc_cross_bitmap: preallocate 268435456 pg, nr_longs=4194304 in 4 millisec
[ 9391.526156] alloc_cross_bitmap: preallocate 268435456 pg, nr_longs=4194304 in 0 millisec
[ 9391.539242] alloc_cross_bitmap: preallocate 268435456 pg, nr_longs=4194304 in 4 millisec
[ 9391.586342] alloc_cross_bitmap: preallocate 268435456 pg, nr_longs=4194304 in 4 millisec
[ 9391.611022] alloc_cross_bitmap: preallocate 268435456 pg, nr_longs=4194304 in 4 millisec
[ 9391.624084] alloc_cross_bitmap: preallocate 268435456 pg, nr_longs=4194304 in 4 millisec
[ 9391.631143] alloc_cross_bitmap: preallocate 268435456 pg, nr_longs=4194304 in 4 millisec
[ 9391.631605] alloc_cross_bitmap: preallocate 268435456 pg, nr_longs=4194304 in 4 millisec
[ 9391.648494] alloc_cross_bitmap: preallocate 268435456 pg, nr_longs=4194304 in 4 millisec
[ 9391.658947] alloc_cross_bitmap: preallocate 268435456 pg, nr_longs=4194304 in 4 millisec
[ 9391.696354] alloc_cross_bitmap: preallocate 268435456 pg, nr_longs=4194304 in 4 millisec
[ 9391.714058] alloc_cross_bitmap: preallocate 268435456 pg, nr_longs=4194304 in 0 millisec
[ 9391.722166] alloc_cross_bitmap: preallocate 268435456 pg, nr_longs=4194304 in 0 millisec
[ 9391.745428] alloc_cross_bitmap: preallocate 268435456 pg, nr_longs=4194304 in 0 millisec
[ 9391.796885] alloc_cross_bitmap: preallocate 268435456 pg, nr_longs=4194304 in 4 millisec
[ 9391.817380] alloc_cross_bitmap: preallocate 268435456 pg, nr_longs=4194304 in 0 millisec
[ 9391.829594] alloc_cross_bitmap: preallocate 268435456 pg, nr_longs=4194304 in 0 millisec
[ 9391.836597] alloc_cross_bitmap: preallocate 268435456 pg, nr_longs=4194304 in 4 millisec
[ 9391.840471] alloc_cross_bitmap: preallocate 268435456 pg, nr_longs=4194304 in 4 millisec
[ 9391.858188] alloc_cross_bitmap: preallocate 268435456 pg, nr_longs=4194304 in 0 millisec
[ 9391.873368] alloc_cross_bitmap: preallocate 268435456 pg, nr_longs=4194304 in 4 millisec
[ 9391.873498] alloc_cross_bitmap: preallocate 268435456 pg, nr_longs=4194304 in 4 millisec
[ 9391.875402] alloc_cross_bitmap: preallocate 268435456 pg, nr_longs=4194304 in 4 millisec
[ 9391.884834] alloc_cross_bitmap: preallocate 268435456 pg, nr_longs=4194304 in 4 millisec
[ 9392.020565] alloc_cross_bitmap: preallocate 268435456 pg, nr_longs=4194304 in 4 millisec
[ 9392.033216] alloc_cross_bitmap: preallocate 268435456 pg, nr_longs=4194304 in 4 millisec
[ 9392.050805] alloc_cross_bitmap: preallocate 268435456 pg, nr_longs=4194304 in 4 millisec
[ 9392.064090] alloc_cross_bitmap: preallocate 268435456 pg, nr_longs=4194304 in 4 millisec
[ 9392.069869] alloc_cross_bitmap: preallocate 268435456 pg, nr_longs=4194304 in 0 millisec
[ 9392.083883] alloc_cross_bitmap: preallocate 268435456 pg, nr_longs=4194304 in 4 millisec
[ 9392.099159] alloc_cross_bitmap: preallocate 268435456 pg, nr_longs=4194304 in 4 millisec
[ 9392.120118] alloc_cross_bitmap: preallocate 268435456 pg, nr_longs=4194304 in 4 millisec
[ 9392.130244] alloc_cross_bitmap: preallocate 268435456 pg, nr_longs=4194304 in 4 millisec
[ 9392.136889] alloc_cross_bitmap: preallocate 268435456 pg, nr_longs=4194304 in 4 millisec
[ 9392.139057] alloc_cross_bitmap: preallocate 268435456 pg, nr_longs=4194304 in 4 millisec
[ 9392.179209] alloc_cross_bitmap: preallocate 268435456 pg, nr_longs=4194304 in 4 millisec
[ 9392.205776] alloc_cross_bitmap: preallocate 268435456 pg, nr_longs=4194304 in 0 millisec
[ 9392.245414] alloc_cross_bitmap: preallocate 268435456 pg, nr_longs=4194304 in 0 millisec
[ 9392.288603] alloc_cross_bitmap: preallocate 268435456 pg, nr_longs=4194304 in 4 millisec
[ 9392.297706] alloc_cross_bitmap: preallocate 268435456 pg, nr_longs=4194304 in 0 millisec
[ 9392.306419] alloc_cross_bitmap: preallocate 268435456 pg, nr_longs=4194304 in 4 millisec
[ 9392.320566] alloc_cross_bitmap: preallocate 268435456 pg, nr_longs=4194304 in 4 millisec
[ 9392.320727] alloc_cross_bitmap: preallocate 268435456 pg, nr_longs=4194304 in 4 millisec
[ 9392.360371] alloc_cross_bitmap: preallocate 268435456 pg, nr_longs=4194304 in 4 millisec
[ 9392.377822] alloc_cross_bitmap: preallocate 268435456 pg, nr_longs=4194304 in 0 millisec
[ 9392.394671] alloc_cross_bitmap: preallocate 268435456 pg, nr_longs=4194304 in 4 millisec
[ 9392.448756] alloc_cross_bitmap: preallocate 268435456 pg, nr_longs=4194304 in 4 millisec
[ 9392.518151] alloc_cross_bitmap: preallocate 268435456 pg, nr_longs=4194304 in 0 millisec
[ 9393.711254] write_proc: Value of write = 0
[ 9393.711271] __do_sys_start_cross_trace: PRINT_GLOBAL_STATS 
[ 9393.711272] Final GlobalReport: nr_pages_read:13203125873, nr_pages_hit:12916792006, nr_do_read_fault:7035032, nr_pages_miss:103910029
[ 9393.711319] FinalTaskReport: db_bench:13888 - ra_orig_nr_pages:0, ra_final_nr_pages:0
                                        async_pages:1116, final_async_pages:2015
                                        full_pfetches:0, less256_pfetches:0, partial_pfetches:0
                                        failed_pfetches:0, total_pfetches:0, os_pfetches:91
                                        nr_pages_read:2118, nr_pages_hit:1117, nr_do_read_fault:162
[ 9393.714354] write_proc: Value of write = 0
[ 9393.714365] __do_sys_start_cross_trace: PRINT_GLOBAL_STATS 
[ 9393.714367] Final GlobalReport: nr_pages_read:13203125873, nr_pages_hit:12916792006, nr_do_read_fault:7035039, nr_pages_miss:103910029
[ 9393.714406] FinalTaskReport: time:13879 - ra_orig_nr_pages:0, ra_final_nr_pages:0
                                        async_pages:0, final_async_pages:25
                                        full_pfetches:0, less256_pfetches:0, partial_pfetches:0
                                        failed_pfetches:0, total_pfetches:0, os_pfetches:1
                                        nr_pages_read:0, nr_pages_hit:0, nr_do_read_fault:18
