 === REPORT FOR pagerank() ===
[Numeric]
cachesize_mb:           4000
compression:            0
execthreads:            16
loadthreads:            8
membudget_mb:           8000
niothreads:             8
niters:         1
nshards:                8
nvertices:              1.24836e+08
scheduler:              0
serialized-updates:             5.0244e+07      (count: 8, min: 5.30982e+06, max: 9.4962e+06, avg: 6.2805e+06)
stripesize:             1.07374e+09
updates:                1.24836e+08
work:           1.80607e+09
[Timings]
execute-updates:                1.22176s         (count: 8, min: 0.12381s, max: 0.206646, avg: 0.15272s)
iomgr_init:             0.000195 s
memoryshard_create_edges:               13.7818s         (count: 8, min: 1.62677s, max: 2.0345, avg: 1.72272s)
preada_now:             5.57615s         (count: 467, min: 0.001964s, max: 0.309658, avg: 0.0119404s)
pwritea_now:            0.129128s        (count: 8, min: 0.010116s, max: 0.042522, avg: 0.016141s)
runtime:                21.0127 s
stripedio_wait_for_reads:               1.8e-05s         (count: 8, min: 1e-06s, max: 6e-06, avg: 2.25e-06s)
stripedio_wait_for_writes:              1.5e-05s         (count: 10, min: 1e-06s, max: 3e-06, avg: 1.5e-06s)
[Other]
app:    pagerank
engine: default
file:   /users/kannan11/ssd/prefetching/dataset/com-friendster.ungraph.txt
DESTRUCTOR GETTING CALLED 
        Command being timed: "/users/kannan11/ssd/prefetching/appbench/apps/graphchi/graphchi-cpp/bin/example_apps/pagerank file /users/kannan11/ssd/prefetching/dataset/com-friendster.ungraph.txt niters 1"
        User time (seconds): 107.02
        System time (seconds): 17.54
        Percent of CPU this job got: 583%
        Elapsed (wall clock) time (h:mm:ss or m:ss): 0:21.34
        Average shared text size (kbytes): 0
        Average unshared data size (kbytes): 0
        Average stack size (kbytes): 0
        Average total size (kbytes): 0
        Maximum resident set size (kbytes): 5827088
        Average resident set size (kbytes): 0
        Major (requiring I/O) page faults: 10
        Minor (reclaiming a frame) page faults: 10108867
        Voluntary context switches: 13872
        Involuntary context switches: 293
        Swaps: 0
        File system inputs: 17601144
        File system outputs: 975328
        Socket messages sent: 0
        Socket messages received: 0
        Signals delivered: 0
        Page size (bytes): 4096
        Exit status: 0
DESTRUCTOR GETTING CALLED 
+ export LD_PRELOAD=
+ LD_PRELOAD=
+ set +x

