ENABLE_FILE_STATS in con
ENABLE_FILE_STATS in con
RocksDB:    version 6.20
Date:       Mon Aug  8 16:33:38 2022
CPU:        48 * AMD EPYC 7402P 24-Core Processor
CPUCache:   512 KB
Initializing RocksDB Options from the specified file
Initializing RocksDB Options from command-line flags
Keys:       1000 bytes each (+ 0 bytes user-defined timestamp)
Values:     4096 bytes each (2048 bytes after compression)
Entries:    1000000
Prefix:    0 bytes
Keys per prefix:    0
RawSize:    4859.9 MB (estimated)
FileSize:   2906.8 MB (estimated)
Write rate: 0 bytes/second
Read rate: 0 ops/second
Compression: Snappy
Compression sampling rate: 0
Memtablerep: skip_list
Perf Level: 1
------------------------------------------------
DB path: [/users/kannan11/ssd/sudarsun/prefetching/appbench/apps/rocksdb/DATA]
compact      : 40410160.000 micros/op 0 ops/sec;
DESTRUCTOR GETTING CALLED 
PRINT_GLOBAL_STATS in dest
	Command being timed: "./db_bench --db=/users/kannan11/ssd/sudarsun/prefetching/appbench/apps/rocksdb/DATA --value_size=4096 --wal_dir=/users/kannan11/ssd/sudarsun/prefetching/appbench/apps/rocksdb/DATA/WAL_LOG --sync=0 --key_size=1000 --write_buffer_size=67108864 --num=1000000 --benchmarks=compact --use_existing_db=1 --mmap_read=0 --threads=4"
	User time (seconds): 7.20
	System time (seconds): 3.23
	Percent of CPU this job got: 102%
	Elapsed (wall clock) time (h:mm:ss or m:ss): 0:10.16
	Average shared text size (kbytes): 0
	Average unshared data size (kbytes): 0
	Average stack size (kbytes): 0
	Average total size (kbytes): 0
	Maximum resident set size (kbytes): 295588
	Average resident set size (kbytes): 0
	Major (requiring I/O) page faults: 74
	Minor (reclaiming a frame) page faults: 594311
	Voluntary context switches: 35609
	Involuntary context switches: 26
	Swaps: 0
	File system inputs: 4320400
	File system outputs: 4009256
	Socket messages sent: 0
	Socket messages received: 0
	Signals delivered: 0
	Page size (bytes): 4096
	Exit status: 0
DESTRUCTOR GETTING CALLED 
PRINT_GLOBAL_STATS in dest
[  900.669273] sh (8127): drop_caches: 3
[  900.696630] sh (8132): drop_caches: 3
[  905.722023] Enabled file stats for time:8139
[  905.722221] write_proc: Value of write = 0
[  905.727524] Enabled file stats for db_bench:8148
[  905.727690] write_proc: Value of write = 0
[  915.397304] alloc_cross_bitmap: preallocate 268435456 pg, nr_longs=4194304 in 0 millisec
[  915.400874] alloc_cross_bitmap: preallocate 268435456 pg, nr_longs=4194304 in 4 millisec
[  915.404488] alloc_cross_bitmap: preallocate 268435456 pg, nr_longs=4194304 in 4 millisec
[  915.408145] alloc_cross_bitmap: preallocate 268435456 pg, nr_longs=4194304 in 4 millisec
[  915.411913] alloc_cross_bitmap: preallocate 268435456 pg, nr_longs=4194304 in 4 millisec
[  915.416592] alloc_cross_bitmap: preallocate 268435456 pg, nr_longs=4194304 in 4 millisec
[  915.421546] alloc_cross_bitmap: preallocate 268435456 pg, nr_longs=4194304 in 0 millisec
[  915.426551] alloc_cross_bitmap: preallocate 268435456 pg, nr_longs=4194304 in 4 millisec
[  915.431346] alloc_cross_bitmap: preallocate 268435456 pg, nr_longs=4194304 in 4 millisec
[  915.435910] alloc_cross_bitmap: preallocate 268435456 pg, nr_longs=4194304 in 4 millisec
[  915.440215] alloc_cross_bitmap: preallocate 268435456 pg, nr_longs=4194304 in 4 millisec
[  915.444453] alloc_cross_bitmap: preallocate 268435456 pg, nr_longs=4194304 in 4 millisec
[  915.448939] alloc_cross_bitmap: preallocate 268435456 pg, nr_longs=4194304 in 4 millisec
[  915.454039] alloc_cross_bitmap: preallocate 268435456 pg, nr_longs=4194304 in 0 millisec
[  915.458926] alloc_cross_bitmap: preallocate 268435456 pg, nr_longs=4194304 in 4 millisec
[  915.463926] alloc_cross_bitmap: preallocate 268435456 pg, nr_longs=4194304 in 4 millisec
[  915.468689] alloc_cross_bitmap: preallocate 268435456 pg, nr_longs=4194304 in 4 millisec
[  915.501077] alloc_cross_bitmap: preallocate 268435456 pg, nr_longs=4194304 in 0 millisec
[  915.504863] alloc_cross_bitmap: preallocate 268435456 pg, nr_longs=4194304 in 4 millisec
[  915.508817] alloc_cross_bitmap: preallocate 268435456 pg, nr_longs=4194304 in 4 millisec
[  915.512822] alloc_cross_bitmap: preallocate 268435456 pg, nr_longs=4194304 in 4 millisec
[  915.516870] alloc_cross_bitmap: preallocate 268435456 pg, nr_longs=4194304 in 4 millisec
[  915.521425] alloc_cross_bitmap: preallocate 268435456 pg, nr_longs=4194304 in 0 millisec
[  915.526767] alloc_cross_bitmap: preallocate 268435456 pg, nr_longs=4194304 in 4 millisec
[  915.531482] alloc_cross_bitmap: preallocate 268435456 pg, nr_longs=4194304 in 4 millisec
[  915.536136] alloc_cross_bitmap: preallocate 268435456 pg, nr_longs=4194304 in 4 millisec
[  915.540311] alloc_cross_bitmap: preallocate 268435456 pg, nr_longs=4194304 in 4 millisec
[  915.544466] alloc_cross_bitmap: preallocate 268435456 pg, nr_longs=4194304 in 4 millisec
[  915.549377] alloc_cross_bitmap: preallocate 268435456 pg, nr_longs=4194304 in 0 millisec
[  915.554127] alloc_cross_bitmap: preallocate 268435456 pg, nr_longs=4194304 in 4 millisec
[  915.878543] alloc_cross_bitmap: preallocate 268435456 pg, nr_longs=4194304 in 4 millisec
[  915.882452] write_proc: Value of write = 0
[  915.882466] __do_sys_start_cross_trace: PRINT_GLOBAL_STATS 
[  915.882467] Final GlobalReport: nr_pages_read:90992035, nr_pages_hit:87074794, nr_do_read_fault:947099, nr_pages_miss:1037509
[  915.882503] FinalTaskReport: db_bench:8148 - ra_orig_nr_pages:0, ra_final_nr_pages:0
                                        async_pages:904, final_async_pages:1290
                                        full_pfetches:0, less256_pfetches:0, partial_pfetches:0
                                        failed_pfetches:0, total_pfetches:0, os_pfetches:63
                                        nr_pages_read:523, nr_pages_hit:209, nr_do_read_fault:159
[  915.885556] write_proc: Value of write = 0
[  915.885570] __do_sys_start_cross_trace: PRINT_GLOBAL_STATS 
[  915.885570] Final GlobalReport: nr_pages_read:90992035, nr_pages_hit:87074794, nr_do_read_fault:947104, nr_pages_miss:1037509
[  915.885614] FinalTaskReport: time:8139 - ra_orig_nr_pages:0, ra_final_nr_pages:0
                                        async_pages:0, final_async_pages:85
                                        full_pfetches:0, less256_pfetches:0, partial_pfetches:0
                                        failed_pfetches:0, total_pfetches:0, os_pfetches:3
                                        nr_pages_read:0, nr_pages_hit:0, nr_do_read_fault:16
