RocksDB:    version 7.6.0
Date:       Sat Oct  8 00:09:27 2022
CPU:        128 * AMD EPYC 7543 32-Core Processor
CPUCache:   512 KB
Initializing RocksDB Options from the specified file
Initializing RocksDB Options from command-line flags
Integrated BlobDB: blob cache disabled
Keys:       1000 bytes each (+ 0 bytes user-defined timestamp)
Values:     4096 bytes each (2048 bytes after compression)
Entries:    0
Prefix:    0 bytes
Keys per prefix:    0
RawSize:    0.0 MB (estimated)
FileSize:   0.0 MB (estimated)
Write rate: 0 bytes/second
Read rate: 0 ops/second
Compression: Snappy
Compression sampling rate: 0
Memtablerep: SkipListFactory
Perf Level: 1
------------------------------------------------
DB path: [/users/kannan11/ssd/prefetching/appbench/apps/rocksdb/DATA]
readseq      :     104.000 micros/op 9174 ops/sec 0.000 seconds 1 operations;
DESTRUCTOR GETTING CALLED 
PRINT_GLOBAL_LIB_STATS in dest
Total nr_ra = 10765
Total nr_bytes_ra = 45151682560
	Command being timed: "./db_bench --db=/users/kannan11/ssd/prefetching/appbench/apps/rocksdb/DATA --value_size=4096 --wal_dir=/users/kannan11/ssd/prefetching/appbench/apps/rocksdb/DATA/WAL_LOG --sync=0 --key_size=1000 --write_buffer_size=67108864 --num=0 --seed=1576170874 --benchmarks=readseq --use_existing_db=1 --mmap_read=0 --threads=1"
	User time (seconds): 0.95
	System time (seconds): 14.01
	Percent of CPU this job got: 114%
	Elapsed (wall clock) time (h:mm:ss or m:ss): 0:13.06
	Average shared text size (kbytes): 0
	Average unshared data size (kbytes): 0
	Average stack size (kbytes): 0
	Average total size (kbytes): 0
	Maximum resident set size (kbytes): 13149860
	Average resident set size (kbytes): 0
	Major (requiring I/O) page faults: 84
	Minor (reclaiming a frame) page faults: 3287934
	Voluntary context switches: 5834
	Involuntary context switches: 339
	Swaps: 0
	File system inputs: 88083408
	File system outputs: 6640
	Socket messages sent: 0
	Socket messages received: 0
	Signals delivered: 0
	Page size (bytes): 4096
	Exit status: 0
DESTRUCTOR GETTING CALLED 
PRINT_GLOBAL_LIB_STATS in dest
Total nr_ra = 0
Total nr_bytes_ra = 0
[35069.450411] sh (41556): drop_caches: 3
[35069.495048] sh (41561): drop_caches: 3
[35074.528728] write_proc_unbounded: Value of write = 1
[35074.528743] write_proc_2mb_limit: Value of write = 1
[35074.528748] write_proc_bitmap_shift: Value of write = 38
[35074.536623] write_proc_unbounded: Value of write = 1
[35074.536638] write_proc_2mb_limit: Value of write = 1
[35074.536644] write_proc_bitmap_shift: Value of write = 38
[35087.331381] write_proc_unbounded: Value of write = 0
[35087.331390] write_proc_2mb_limit: Value of write = 0
[35087.590713] write_proc_unbounded: Value of write = 0
[35087.590733] write_proc_2mb_limit: Value of write = 0
