RocksDB:    version 7.6.0
Date:       Sat Oct  8 00:08:40 2022
CPU:        128 * AMD EPYC 7543 32-Core Processor
CPUCache:   512 KB
Initializing RocksDB Options from the specified file
Initializing RocksDB Options from command-line flags
Integrated BlobDB: blob cache disabled
Keys:       1000 bytes each (+ 0 bytes user-defined timestamp)
Values:     4096 bytes each (2048 bytes after compression)
Entries:    0
Prefix:    0 bytes
Keys per prefix:    0
RawSize:    0.0 MB (estimated)
FileSize:   0.0 MB (estimated)
Write rate: 0 bytes/second
Read rate: 0 ops/second
Compression: Snappy
Compression sampling rate: 0
Memtablerep: SkipListFactory
Perf Level: 1
------------------------------------------------
DB path: [/users/kannan11/ssd/prefetching/appbench/apps/rocksdb/DATA]
readseq      :     567.000 micros/op 1748 ops/sec 0.001 seconds 1 operations;
DESTRUCTOR GETTING CALLED 
PRINT_GLOBAL_LIB_STATS in dest
Total nr_ra = 0
Total nr_bytes_ra = 0
	Command being timed: "./db_bench --db=/users/kannan11/ssd/prefetching/appbench/apps/rocksdb/DATA --value_size=4096 --wal_dir=/users/kannan11/ssd/prefetching/appbench/apps/rocksdb/DATA/WAL_LOG --sync=0 --key_size=1000 --write_buffer_size=67108864 --num=0 --seed=1576170874 --benchmarks=readseq --use_existing_db=1 --mmap_read=0 --threads=1"
	User time (seconds): 0.35
	System time (seconds): 2.31
	Percent of CPU this job got: 539%
	Elapsed (wall clock) time (h:mm:ss or m:ss): 0:00.49
	Average shared text size (kbytes): 0
	Average unshared data size (kbytes): 0
	Average stack size (kbytes): 0
	Average total size (kbytes): 0
	Maximum resident set size (kbytes): 430384
	Average resident set size (kbytes): 0
	Major (requiring I/O) page faults: 87
	Minor (reclaiming a frame) page faults: 107490
	Voluntary context switches: 5715
	Involuntary context switches: 8
	Swaps: 0
	File system inputs: 502480
	File system outputs: 6576
	Socket messages sent: 0
	Socket messages received: 0
	Signals delivered: 0
	Page size (bytes): 4096
	Exit status: 0
DESTRUCTOR GETTING CALLED 
PRINT_GLOBAL_LIB_STATS in dest
Total nr_ra = 0
Total nr_bytes_ra = 0
[35035.348343] sh (41340): drop_caches: 3
[35035.394531] sh (41345): drop_caches: 3
[35040.427412] write_proc_unbounded: Value of write = 0
[35040.427426] write_proc_2mb_limit: Value of write = 0
[35040.427431] write_proc_bitmap_shift: Value of write = 34
[35040.434556] write_proc_unbounded: Value of write = 0
[35040.434572] write_proc_2mb_limit: Value of write = 0
[35040.434578] write_proc_bitmap_shift: Value of write = 34
[35040.918283] write_proc_unbounded: Value of write = 0
[35040.918296] write_proc_2mb_limit: Value of write = 0
[35040.924246] write_proc_unbounded: Value of write = 0
[35040.924257] write_proc_2mb_limit: Value of write = 0
