ENABLE_FILE_STATS in con
ENABLE_FILE_STATS in con
ENABLE_FILE_STATS in con
ENABLE_FILE_STATS in con
ENABLE_FILE_STATS in con
ENABLE_FILE_STATS in con
ENABLE_FILE_STATS in con
ENABLE_FILE_STATS in con
ENABLE_FILE_STATS in con
ENABLE_FILE_STATS in con
ENABLE_FILE_STATS in con
ENABLE_FILE_STATS in con
ENABLE_FILE_STATS in con
ENABLE_FILE_STATS in con
ENABLE_FILE_STATS in con
ENABLE_FILE_STATS in con
ENABLE_FILE_STATS in per_thread_ds
ENABLE_FILE_STATS in per_thread_ds
ENABLE_FILE_STATS in per_thread_ds
ENABLE_FILE_STATS in per_thread_ds
ENABLE_FILE_STATS in per_thread_ds
ENABLE_FILE_STATS in per_thread_ds
ERR:prefetcher_th, pg_diff==0
ENABLE_FILE_STATS in per_thread_ds
ENABLE_FILE_STATS in per_thread_ds
ERR:prefetcher_th, pg_diff==0
ENABLE_FILE_STATS in per_thread_ds
ENABLE_FILE_STATS in per_thread_ds
ENABLE_FILE_STATS in per_thread_ds
ENABLE_FILE_STATS in per_thread_ds
ENABLE_FILE_STATS in per_thread_ds
ENABLE_FILE_STATS in per_thread_ds
ENABLE_FILE_STATS in per_thread_ds
ERR:prefetcher_th, pg_diff==0
ERR:prefetcher_th, pg_diff==0
ERR:prefetcher_th, pg_diff==0
ERR:prefetcher_th, pg_diff==0
ERR:prefetcher_th, pg_diff==0
readahead_info: failed fd:6 TID:13232 err:-1
ERR:prefetcher_th, pg_diff==0
ERR:prefetcher_th, pg_diff==0
ERR:prefetcher_th, pg_diff==0
ENABLE_FILE_STATS in per_thread_ds
record_open: fd=8 filesize=214 is smaller than 5242880 bytes
record_open: fd=8 filesize=214 is smaller than 5242880 bytes
record_open: fd=8 filesize=214 is smaller than 5242880 bytes
record_open: fd=8 filesize=214 is smaller than 5242880 bytes
record_open: fd=8 filesize=214 is smaller than 5242880 bytes
record_open: fd=8 filesize=214 is smaller than 5242880 bytes
record_open: fd=8 filesize=214 is smaller than 5242880 bytes
record_open: fd=8 filesize=214 is smaller than 5242880 bytes
record_open: fd=10 filesize=214 is smaller than 5242880 bytes
record_open: fd=8 filesize=214 is smaller than 5242880 bytes
record_open: fd=8 filesize=214 is smaller than 5242880 bytes
record_open: fd=8 filesize=214 is smaller than 5242880 bytes
record_open: fd=8 filesize=214 is smaller than 5242880 bytes
record_open: fd=8 filesize=214 is smaller than 5242880 bytes
record_open: fd=8 filesize=214 is smaller than 5242880 bytes
record_open: fd=12 filesize=214 is smaller than 5242880 bytes
readahead_info: failed fd:12 TID:13222 err:-1
-------- Aggregate Performance --------
 READ Restart Perf: 3620.03 BW[MB/s] 12562653184 Bytes 3.30955 MaxTime[sec] 
Total nr_ra = 61
Total nr_bytes_ra = 255852544
DESTRUCTOR GETTING CALLED 
PRINT_GLOBAL_STATS in dest
PRINT_GLOBAL_LIB_STATS in dest
Total nr_ra = 62
Total nr_bytes_ra = 260046848
DESTRUCTOR GETTING CALLED 
PRINT_GLOBAL_STATS in dest
PRINT_GLOBAL_LIB_STATS in dest
DESTRUCTOR GETTING CALLED 
Total nr_ra = 61
Total nr_bytes_ra = 255852544
PRINT_GLOBAL_STATS in dest
PRINT_GLOBAL_LIB_STATS in dest
DESTRUCTOR GETTING CALLED 
DESTRUCTOR GETTING CALLED 
PRINT_GLOBAL_STATS in dest
PRINT_GLOBAL_LIB_STATS in dest
Total nr_ra = 63
Total nr_bytes_ra = 264241152
Total nr_ra = 62
Total nr_bytes_ra = 260046848
PRINT_GLOBAL_STATS in dest
PRINT_GLOBAL_LIB_STATS in dest
DESTRUCTOR GETTING CALLED 
PRINT_GLOBAL_STATS in dest
PRINT_GLOBAL_LIB_STATS in dest
Total nr_ra = 62
Total nr_bytes_ra = 260046848
DESTRUCTOR GETTING CALLED 
DESTRUCTOR GETTING CALLED 
PRINT_GLOBAL_STATS in dest
PRINT_GLOBAL_LIB_STATS in dest
Total nr_ra = 62
Total nr_bytes_ra = 260046848
Total nr_ra = 62
Total nr_bytes_ra = 260046848
PRINT_GLOBAL_STATS in dest
PRINT_GLOBAL_LIB_STATS in dest
DESTRUCTOR GETTING CALLED 
PRINT_GLOBAL_STATS in dest
PRINT_GLOBAL_LIB_STATS in dest
Total nr_ra = 61
Total nr_bytes_ra = 255852544
DESTRUCTOR GETTING CALLED 
DESTRUCTOR GETTING CALLED 
PRINT_GLOBAL_STATS in dest
PRINT_GLOBAL_LIB_STATS in dest
Total nr_ra = 62
Total nr_bytes_ra = 260046848
PRINT_GLOBAL_STATS in dest
PRINT_GLOBAL_LIB_STATS in dest
Total nr_ra = 61
Total nr_bytes_ra = 255852544
DESTRUCTOR GETTING CALLED 
DESTRUCTOR GETTING CALLED 
PRINT_GLOBAL_STATS in dest
PRINT_GLOBAL_LIB_STATS in dest
Total nr_ra = 61
Total nr_bytes_ra = 255852544
Total nr_ra = 62
Total nr_bytes_ra = 260046848
PRINT_GLOBAL_STATS in dest
PRINT_GLOBAL_LIB_STATS in dest
DESTRUCTOR GETTING CALLED 
PRINT_GLOBAL_STATS in dest
PRINT_GLOBAL_LIB_STATS in dest
Total nr_ra = 62
Total nr_bytes_ra = 260046848
Total nr_ra = 62
Total nr_bytes_ra = 260046848
DESTRUCTOR GETTING CALLED 
PRINT_GLOBAL_STATS in dest
PRINT_GLOBAL_LIB_STATS in dest
Total nr_ra = 62
Total nr_bytes_ra = 260046848
DESTRUCTOR GETTING CALLED 
PRINT_GLOBAL_STATS in dest
PRINT_GLOBAL_LIB_STATS in dest
[31109.455086] sh (13193): drop_caches: 3
[31109.519556] sh (13198): drop_caches: 3
[31109.564040] write_proc_unbounded: Value of write = 1
[31109.564055] write_proc_unbounded: Value of write = 1
[31109.564070] write_proc_2mb_limit: Value of write = 1
[31109.564078] write_proc_2mb_limit: Value of write = 1
[31109.564079] write_proc_unbounded: Value of write = 1
[31109.564084] write_proc_bitmap_shift: Value of write = 37
[31109.564088] write_proc_bitmap_shift: Value of write = 37
[31109.564090] write_proc_2mb_limit: Value of write = 1
[31109.564098] write_proc_bitmap_shift: Value of write = 37
[31109.564103] write_proc_unbounded: Value of write = 1
[31109.564116] write_proc_2mb_limit: Value of write = 1
[31109.564116] write_proc_unbounded: Value of write = 1
[31109.564121] write_proc_unbounded: Value of write = 1
[31109.564122] write_proc_bitmap_shift: Value of write = 37
[31109.564122] write_proc_2mb_limit: Value of write = 1
[31109.564126] write_proc_bitmap_shift: Value of write = 37
[31109.564128] write_proc_2mb_limit: Value of write = 1
[31109.564132] write_proc_bitmap_shift: Value of write = 37
[31109.564148] write_proc_unbounded: Value of write = 1
[31109.564164] write_proc_2mb_limit: Value of write = 1
[31109.564164] write_proc_unbounded: Value of write = 1
[31109.564171] write_proc_bitmap_shift: Value of write = 37
[31109.564177] write_proc_2mb_limit: Value of write = 1
[31109.564179] write_proc_unbounded: Value of write = 1
[31109.564183] write_proc_unbounded: Value of write = 1
[31109.564184] write_proc_bitmap_shift: Value of write = 37
[31109.564192] write_proc_2mb_limit: Value of write = 1
[31109.564192] write_proc_unbounded: Value of write = 1
[31109.564193] write_proc_unbounded: Value of write = 1
[31109.564197] write_proc_2mb_limit: Value of write = 1
[31109.564201] write_proc_bitmap_shift: Value of write = 37
[31109.564202] write_proc_unbounded: Value of write = 1
[31109.564208] write_proc_2mb_limit: Value of write = 1
[31109.564204] write_proc_unbounded: Value of write = 1
[31109.564210] write_proc_2mb_limit: Value of write = 1
[31109.564213] write_proc_2mb_limit: Value of write = 1
[31109.564213] write_proc_unbounded: Value of write = 1
[31109.564216] write_proc_bitmap_shift: Value of write = 37
[31109.564221] write_proc_bitmap_shift: Value of write = 37
[31109.564222] write_proc_bitmap_shift: Value of write = 37
[31109.564222] write_proc_bitmap_shift: Value of write = 37
[31109.564226] write_proc_unbounded: Value of write = 1
[31109.564229] write_proc_2mb_limit: Value of write = 1
[31109.564230] write_proc_2mb_limit: Value of write = 1
[31109.564235] write_proc_2mb_limit: Value of write = 1
[31109.564238] write_proc_bitmap_shift: Value of write = 37
[31109.564238] write_proc_bitmap_shift: Value of write = 37
[31109.564242] write_proc_bitmap_shift: Value of write = 37
[31113.111600] write_proc_unbounded: Value of write = 0
[31113.111611] write_proc_2mb_limit: Value of write = 0
[31113.112467] write_proc_unbounded: Value of write = 0
[31113.112475] write_proc_2mb_limit: Value of write = 0
[31113.112913] write_proc_unbounded: Value of write = 0
[31113.112921] write_proc_2mb_limit: Value of write = 0
[31113.113034] write_proc_unbounded: Value of write = 0
[31113.113041] write_proc_2mb_limit: Value of write = 0
[31113.113106] write_proc_unbounded: Value of write = 0
[31113.113112] write_proc_2mb_limit: Value of write = 0
[31113.113258] write_proc_unbounded: Value of write = 0
[31113.113275] write_proc_2mb_limit: Value of write = 0
[31113.113379] write_proc_unbounded: Value of write = 0
[31113.113387] write_proc_unbounded: Value of write = 0
[31113.113401] write_proc_2mb_limit: Value of write = 0
[31113.113402] write_proc_2mb_limit: Value of write = 0
[31113.113507] write_proc_unbounded: Value of write = 0
[31113.113524] write_proc_2mb_limit: Value of write = 0
[31113.113626] write_proc_unbounded: Value of write = 0
[31113.113636] write_proc_2mb_limit: Value of write = 0
[31113.113655] write_proc_unbounded: Value of write = 0
[31113.113663] write_proc_2mb_limit: Value of write = 0
[31113.113756] write_proc_unbounded: Value of write = 0
[31113.113785] write_proc_2mb_limit: Value of write = 0
[31113.113786] write_proc_unbounded: Value of write = 0
[31113.113795] write_proc_2mb_limit: Value of write = 0
[31113.113903] write_proc_unbounded: Value of write = 0
[31113.113912] write_proc_2mb_limit: Value of write = 0
[31113.113922] write_proc_unbounded: Value of write = 0
[31113.113930] write_proc_2mb_limit: Value of write = 0
[31113.113985] write_proc_unbounded: Value of write = 0
[31113.113993] write_proc_2mb_limit: Value of write = 0
