Received signal 11 (Segmentation fault)
Command terminated by signal 11
	Command being timed: "./db_bench --db=/users/kannan11/ssd/prefetching/appbench/apps/rocksdb/DATA --value_size=4096 --wal_dir=/users/kannan11/ssd/prefetching/appbench/apps/rocksdb/DATA/WAL_LOG --sync=0 --key_size=1000 --write_buffer_size=67108864 --num=20000000 --seed=1576170874 --benchmarks=readrandom --use_existing_db=1 --mmap_read=0 --threads=8"
	User time (seconds): 0.07
	System time (seconds): 1.09
	Percent of CPU this job got: 439%
	Elapsed (wall clock) time (h:mm:ss or m:ss): 0:00.26
	Average shared text size (kbytes): 0
	Average unshared data size (kbytes): 0
	Average stack size (kbytes): 0
	Average total size (kbytes): 0
	Maximum resident set size (kbytes): 40144
	Average resident set size (kbytes): 0
	Major (requiring I/O) page faults: 80
	Minor (reclaiming a frame) page faults: 8895
	Voluntary context switches: 547
	Involuntary context switches: 15
	Swaps: 0
	File system inputs: 606960
	File system outputs: 64
	Socket messages sent: 0
	Socket messages received: 0
	Signals delivered: 0
	Page size (bytes): 4096
	Exit status: 0
DESTRUCTOR GETTING CALLED 
PRINT_GLOBAL_LIB_STATS in dest
Total nr_ra = 0
Total nr_bytes_ra = 0
[69500.795031] sh (54052): drop_caches: 3
[69500.841329] sh (54057): drop_caches: 3
[69505.875452] write_proc_unbounded: Value of write = 0
[69505.875466] write_proc_2mb_limit: Value of write = 0
[69505.875471] write_proc_bitmap_shift: Value of write = 38
[69505.883359] write_proc_unbounded: Value of write = 0
[69505.883374] write_proc_2mb_limit: Value of write = 0
[69505.883380] write_proc_bitmap_shift: Value of write = 38
[69506.129274] traps: db_bench[54128] general protection fault ip:7f8ff06f4250 sp:7f8fde9d8aa0 error:0
[69506.129280] traps: db_bench[54129] general protection fault ip:7f8ff06f4250 sp:7f8fde113aa0 error:0
[69506.129287]  in lib_Cross_Blind.so[7f8ff06ef000+a000]
[69506.129295]  in lib_Cross_Blind.so[7f8ff06ef000+a000]
[69506.145423] write_proc_unbounded: Value of write = 0
[69506.145429] write_proc_2mb_limit: Value of write = 0
