ENABLE_FILE_STATS in con
ENABLE_FILE_STATS in per_thread_ds
ENABLE_FILE_STATS in con
ENABLE_FILE_STATS in per_thread_ds
ENABLE_FILE_STATS in per_thread_ds
ENABLE_FILE_STATS in per_thread_ds
ENABLE_FILE_STATS in per_thread_ds
Received signal 11 (Segmentation fault)
ENABLE_FILE_STATS in per_thread_ds
ENABLE_FILE_STATS in per_thread_ds
ENABLE_FILE_STATS in per_thread_ds
Command terminated by signal 11
	Command being timed: "./db_bench --db=/users/kannan11/ssd/prefetching/appbench/apps/rocksdb/DATA --value_size=4096 --wal_dir=/users/kannan11/ssd/prefetching/appbench/apps/rocksdb/DATA/WAL_LOG --sync=0 --key_size=1000 --write_buffer_size=67108864 --num=5000000 --seed=1576170874 --benchmarks=readseq --use_existing_db=1 --mmap_read=0 --threads=16"
	User time (seconds): 0.01
	System time (seconds): 0.00
	Percent of CPU this job got: 75%
	Elapsed (wall clock) time (h:mm:ss or m:ss): 0:00.02
	Average shared text size (kbytes): 0
	Average unshared data size (kbytes): 0
	Average stack size (kbytes): 0
	Average total size (kbytes): 0
	Maximum resident set size (kbytes): 13308
	Average resident set size (kbytes): 0
	Major (requiring I/O) page faults: 77
	Minor (reclaiming a frame) page faults: 1341
	Voluntary context switches: 188
	Involuntary context switches: 0
	Swaps: 0
	File system inputs: 24480
	File system outputs: 8
	Socket messages sent: 0
	Socket messages received: 0
	Signals delivered: 0
	Page size (bytes): 4096
	Exit status: 0
DESTRUCTOR GETTING CALLED 
PRINT_GLOBAL_STATS in dest
PRINT_GLOBAL_LIB_STATS in dest
Total nr_ra = 0
Total nr_bytes_ra = 0
[100852.164412] sh (3050): drop_caches: 3
[100852.195268] sh (3055): drop_caches: 3
[100857.219580] write_proc_unbounded: Value of write = 0
[100857.219588] write_proc_2mb_limit: Value of write = 0
[100857.219593] write_proc_bitmap_shift: Value of write = 28
[100857.226560] write_proc_unbounded: Value of write = 0
[100857.226568] write_proc_2mb_limit: Value of write = 0
[100857.226573] write_proc_bitmap_shift: Value of write = 28
[100857.239630] thread-pool-0[3068]: segfault at 0 ip 00007f94fd7393b4 sp 00007f94fb4bd940 error 4
[100857.239637] thread-pool-3[3071]: segfault at 0 ip 00007f94fd7393b4 sp 00007f94f9cba940 error 4
[100857.239638] thread-pool-2[3070]: segfault at 0 ip 00007f94fd7393b4 sp 00007f94fa4bb940 error 4
[100857.239640]  in lib_Cross_Blind.so[7f94fd734000+b000]

[100857.239646] Code: 89 c7 e8 bf ee ff ff 48 89 45 98 48 8b 85 68 ff ff ff 48 89 c7 e8 fc e9 ff ff 48 8b 45 90 4c 8b 50 40 48 8b 45 90 48 8b 40 40 <44> 8b 08 48 8b 45 98 4c 8b 00 48 8b 45 90 48 8b 78 28 48 8b 45 90

[100857.239649] Code: 89 c7 e8 bf ee ff ff 48 89 45 98 48 8b 85 68 ff ff ff 48 89 c7 e8 fc e9 ff ff 48 8b 45 90 4c 8b 50 40 48 8b 45 90 48 8b 40 40 <44> 8b 08 48 8b 45 98 4c 8b 00 48 8b 45 90 48 8b 78 28 48 8b 45 90
[100857.239650] Code: 89 c7 e8 bf ee ff ff 48 89 45 98 48 8b 85 68 ff ff ff 48 89 c7 e8 fc e9 ff ff 48 8b 45 90 4c 8b 50 40 48 8b 45 90 48 8b 40 40 <44> 8b 08 48 8b 45 98 4c 8b 00 48 8b 45 90 48 8b 78 28 48 8b 45 90
[100857.241183] write_proc_unbounded: Value of write = 0
[100857.241189] write_proc_2mb_limit: Value of write = 0
