ENABLE_FILE_STATS in con
ENABLE_FILE_STATS in per_thread_ds
ENABLE_FILE_STATS in con
ENABLE_FILE_STATS in per_thread_ds
Received signal 11 (Segmentation fault)
ENABLE_FILE_STATS in per_thread_ds
ENABLE_FILE_STATS in per_thread_ds
ENABLE_FILE_STATS in per_thread_ds
ENABLE_FILE_STATS in per_thread_ds
ENABLE_FILE_STATS in per_thread_ds
ENABLE_FILE_STATS in per_thread_ds
ENABLE_FILE_STATS in per_thread_ds
ENABLE_FILE_STATS in per_thread_ds
Command terminated by signal 11
	Command being timed: "./db_bench --db=/users/kannan11/ssd/prefetching/appbench/apps/rocksdb/DATA --value_size=4096 --wal_dir=/users/kannan11/ssd/prefetching/appbench/apps/rocksdb/DATA/WAL_LOG --sync=0 --key_size=1000 --write_buffer_size=67108864 --num=5000000 --seed=1576170874 --benchmarks=fillrandom --use_existing_db=1 --mmap_read=0 --threads=4"
	User time (seconds): 0.00
	System time (seconds): 0.01
	Percent of CPU this job got: 76%
	Elapsed (wall clock) time (h:mm:ss or m:ss): 0:00.02
	Average shared text size (kbytes): 0
	Average unshared data size (kbytes): 0
	Average stack size (kbytes): 0
	Average total size (kbytes): 0
	Maximum resident set size (kbytes): 14272
	Average resident set size (kbytes): 0
	Major (requiring I/O) page faults: 77
	Minor (reclaiming a frame) page faults: 1829
	Voluntary context switches: 184
	Involuntary context switches: 2
	Swaps: 0
	File system inputs: 26352
	File system outputs: 8
	Socket messages sent: 0
	Socket messages received: 0
	Signals delivered: 0
	Page size (bytes): 4096
	Exit status: 0
DESTRUCTOR GETTING CALLED 
PRINT_GLOBAL_STATS in dest
PRINT_GLOBAL_LIB_STATS in dest
Total nr_ra = 0
Total nr_bytes_ra = 0
[102797.218254] sh (8677): drop_caches: 3
[102797.248317] sh (8682): drop_caches: 3
[102802.273196] write_proc_unbounded: Value of write = 0
[102802.273204] write_proc_2mb_limit: Value of write = 0
[102802.273208] write_proc_bitmap_shift: Value of write = 28
[102802.280311] write_proc_unbounded: Value of write = 0
[102802.280319] write_proc_2mb_limit: Value of write = 0
[102802.280322] write_proc_bitmap_shift: Value of write = 28
[102802.294294] thread-pool-2[8697]: segfault at 0 ip 00007f10756dc3b4 sp 00007f107245e940 error 4
[102802.294300] thread-pool-1[8696]: segfault at 0 ip 00007f10756dc3b4 sp 00007f1072c5f940 error 4
[102802.294304]  in lib_Cross_Blind.so[7f10756d7000+b000]
[102802.294304] thread-pool-3[8698]: segfault at 0 ip 00007f10756dc3b4 sp 00007f1071c5d940 error 4

[102802.294311] Code: 89 c7 e8 bf ee ff ff 48 89 45 98 48 8b 85 68 ff ff ff 48 89 c7 e8 fc e9 ff ff 48 8b 45 90 4c 8b 50 40 48 8b 45 90 48 8b 40 40 <44> 8b 08 48 8b 45 98 4c 8b 00 48 8b 45 90 48 8b 78 28 48 8b 45 90

[102802.294315] Code: 89 c7 e8 bf ee ff ff 48 89 45 98 48 8b 85 68 ff ff ff 48 89 c7 e8 fc e9 ff ff 48 8b 45 90 4c 8b 50 40 48 8b 45 90 48 8b 40 40 <44> 8b 08 48 8b 45 98 4c 8b 00 48 8b 45 90 48 8b 78 28 48 8b 45 90
[102802.294318]  in lib_Cross_Blind.so[7f10756d7000+b000]
[102802.294327] Code: 89 c7 e8 bf ee ff ff 48 89 45 98 48 8b 85 68 ff ff ff 48 89 c7 e8 fc e9 ff ff 48 8b 45 90 4c 8b 50 40 48 8b 45 90 48 8b 40 40 <44> 8b 08 48 8b 45 98 4c 8b 00 48 8b 45 90 48 8b 78 28 48 8b 45 90
[102802.295956] write_proc_unbounded: Value of write = 0
[102802.295963] write_proc_2mb_limit: Value of write = 0
