RocksDB:    version 7.6.0
Date:       Sat Oct  8 00:09:45 2022
CPU:        128 * AMD EPYC 7543 32-Core Processor
CPUCache:   512 KB
Initializing RocksDB Options from the specified file
Initializing RocksDB Options from command-line flags
Integrated BlobDB: blob cache disabled
Keys:       1000 bytes each (+ 0 bytes user-defined timestamp)
Values:     4096 bytes each (2048 bytes after compression)
Entries:    0
Prefix:    0 bytes
Keys per prefix:    0
RawSize:    0.0 MB (estimated)
FileSize:   0.0 MB (estimated)
Write rate: 0 bytes/second
Read rate: 0 ops/second
Compression: Snappy
Compression sampling rate: 0
Memtablerep: SkipListFactory
Perf Level: 1
------------------------------------------------
DB path: [/users/kannan11/ssd/prefetching/appbench/apps/rocksdb/DATA]
readseq      :     125.000 micros/op 7633 ops/sec 0.000 seconds 1 operations;
DESTRUCTOR GETTING CALLED 
PRINT_GLOBAL_LIB_STATS in dest
Total nr_ra = 36907
Total nr_bytes_ra = 154799177728
	Command being timed: "./db_bench --db=/users/kannan11/ssd/prefetching/appbench/apps/rocksdb/DATA --value_size=4096 --wal_dir=/users/kannan11/ssd/prefetching/appbench/apps/rocksdb/DATA/WAL_LOG --sync=0 --key_size=1000 --write_buffer_size=67108864 --num=0 --seed=1576170874 --benchmarks=readseq --use_existing_db=1 --mmap_read=0 --threads=1"
	User time (seconds): 0.91
	System time (seconds): 11.99
	Percent of CPU this job got: 115%
	Elapsed (wall clock) time (h:mm:ss or m:ss): 0:11.15
	Average shared text size (kbytes): 0
	Average unshared data size (kbytes): 0
	Average stack size (kbytes): 0
	Average total size (kbytes): 0
	Maximum resident set size (kbytes): 13150276
	Average resident set size (kbytes): 0
	Major (requiring I/O) page faults: 83
	Minor (reclaiming a frame) page faults: 3288018
	Voluntary context switches: 11541
	Involuntary context switches: 312
	Swaps: 0
	File system inputs: 74700832
	File system outputs: 6632
	Socket messages sent: 0
	Socket messages received: 0
	Signals delivered: 0
	Page size (bytes): 4096
	Exit status: 0
DESTRUCTOR GETTING CALLED 
PRINT_GLOBAL_LIB_STATS in dest
Total nr_ra = 0
Total nr_bytes_ra = 0
[35089.596203] sh (41660): drop_caches: 3
[35089.644697] sh (41665): drop_caches: 3
[35094.676789] write_proc_unbounded: Value of write = 0
[35094.676803] write_proc_2mb_limit: Value of write = 0
[35094.676808] write_proc_bitmap_shift: Value of write = 38
[35094.684514] write_proc_unbounded: Value of write = 0
[35094.684528] write_proc_2mb_limit: Value of write = 0
[35094.684533] write_proc_bitmap_shift: Value of write = 38
[35105.571013] write_proc_unbounded: Value of write = 0
[35105.571025] write_proc_2mb_limit: Value of write = 0
[35105.836224] write_proc_unbounded: Value of write = 0
[35105.836244] write_proc_2mb_limit: Value of write = 0
