RocksDB:    version 7.6.0
Date:       Fri Oct  7 23:59:16 2022
CPU:        128 * AMD EPYC 7543 32-Core Processor
CPUCache:   512 KB
Initializing RocksDB Options from the specified file
Initializing RocksDB Options from command-line flags
Integrated BlobDB: blob cache disabled
Keys:       1000 bytes each (+ 0 bytes user-defined timestamp)
Values:     4096 bytes each (2048 bytes after compression)
Entries:    0
Prefix:    0 bytes
Keys per prefix:    0
RawSize:    0.0 MB (estimated)
FileSize:   0.0 MB (estimated)
Write rate: 0 bytes/second
Read rate: 0 ops/second
Compression: Snappy
Compression sampling rate: 0
Memtablerep: SkipListFactory
Perf Level: 1
------------------------------------------------
DB path: [/users/kannan11/ssd/prefetching/appbench/apps/rocksdb/DATA]
readseq      :     573.000 micros/op 6329 ops/sec 0.000 seconds 1 operations;
DESTRUCTOR GETTING CALLED 
PRINT_GLOBAL_LIB_STATS in dest
Total nr_ra = 36906
Total nr_bytes_ra = 154794983424
	Command being timed: "./db_bench --db=/users/kannan11/ssd/prefetching/appbench/apps/rocksdb/DATA --value_size=4096 --wal_dir=/users/kannan11/ssd/prefetching/appbench/apps/rocksdb/DATA/WAL_LOG --sync=0 --key_size=1000 --write_buffer_size=67108864 --num=0 --seed=1576170874 --benchmarks=readseq --use_existing_db=1 --mmap_read=0 --threads=4"
	User time (seconds): 0.84
	System time (seconds): 7.08
	Percent of CPU this job got: 74%
	Elapsed (wall clock) time (h:mm:ss or m:ss): 0:10.63
	Average shared text size (kbytes): 0
	Average unshared data size (kbytes): 0
	Average stack size (kbytes): 0
	Average total size (kbytes): 0
	Maximum resident set size (kbytes): 13150368
	Average resident set size (kbytes): 0
	Major (requiring I/O) page faults: 92
	Minor (reclaiming a frame) page faults: 3287932
	Voluntary context switches: 4849
	Involuntary context switches: 147
	Swaps: 0
	File system inputs: 74698640
	File system outputs: 6616
	Socket messages sent: 0
	Socket messages received: 0
	Signals delivered: 0
	Page size (bytes): 4096
	Exit status: 0
DESTRUCTOR GETTING CALLED 
PRINT_GLOBAL_LIB_STATS in dest
Total nr_ra = 0
Total nr_bytes_ra = 0
[34461.104790] sh (38075): drop_caches: 3
[34461.148279] sh (38080): drop_caches: 3
[34466.182135] write_proc_unbounded: Value of write = 0
[34466.182151] write_proc_2mb_limit: Value of write = 0
[34466.182156] write_proc_bitmap_shift: Value of write = 38
[34466.189323] write_proc_unbounded: Value of write = 0
[34466.189337] write_proc_2mb_limit: Value of write = 0
[34466.189342] write_proc_bitmap_shift: Value of write = 38
[34476.556336] write_proc_unbounded: Value of write = 0
[34476.556348] write_proc_2mb_limit: Value of write = 0
[34476.815814] write_proc_unbounded: Value of write = 0
[34476.815830] write_proc_2mb_limit: Value of write = 0
