RocksDB:    version 7.6.0
Date:       Fri Oct  7 23:57:47 2022
CPU:        128 * AMD EPYC 7543 32-Core Processor
CPUCache:   512 KB
Initializing RocksDB Options from the specified file
Initializing RocksDB Options from command-line flags
Integrated BlobDB: blob cache disabled
Keys:       1000 bytes each (+ 0 bytes user-defined timestamp)
Values:     4096 bytes each (2048 bytes after compression)
Entries:    0
Prefix:    0 bytes
Keys per prefix:    0
RawSize:    0.0 MB (estimated)
FileSize:   0.0 MB (estimated)
Write rate: 0 bytes/second
Read rate: 0 ops/second
Compression: Snappy
Compression sampling rate: 0
Memtablerep: SkipListFactory
Perf Level: 1
------------------------------------------------
DB path: [/users/kannan11/ssd/prefetching/appbench/apps/rocksdb/DATA]
readseq      :     502.000 micros/op 7246 ops/sec 0.000 seconds 1 operations;
DESTRUCTOR GETTING CALLED 
PRINT_GLOBAL_LIB_STATS in dest
Total nr_ra = 36906
Total nr_bytes_ra = 154794983424
	Command being timed: "./db_bench --db=/users/kannan11/ssd/prefetching/appbench/apps/rocksdb/DATA --value_size=4096 --wal_dir=/users/kannan11/ssd/prefetching/appbench/apps/rocksdb/DATA/WAL_LOG --sync=0 --key_size=1000 --write_buffer_size=67108864 --num=0 --seed=1576170874 --benchmarks=readseq --use_existing_db=1 --mmap_read=0 --threads=4"
	User time (seconds): 0.83
	System time (seconds): 12.51
	Percent of CPU this job got: 119%
	Elapsed (wall clock) time (h:mm:ss or m:ss): 0:11.14
	Average shared text size (kbytes): 0
	Average unshared data size (kbytes): 0
	Average stack size (kbytes): 0
	Average total size (kbytes): 0
	Maximum resident set size (kbytes): 13149792
	Average resident set size (kbytes): 0
	Major (requiring I/O) page faults: 82
	Minor (reclaiming a frame) page faults: 3287914
	Voluntary context switches: 5892
	Involuntary context switches: 285
	Swaps: 0
	File system inputs: 74698104
	File system outputs: 6632
	Socket messages sent: 0
	Socket messages received: 0
	Signals delivered: 0
	Page size (bytes): 4096
	Exit status: 0
DESTRUCTOR GETTING CALLED 
PRINT_GLOBAL_LIB_STATS in dest
Total nr_ra = 0
Total nr_bytes_ra = 0
[34371.556590] sh (37457): drop_caches: 3
[34371.602337] sh (37462): drop_caches: 3
[34376.636678] write_proc_unbounded: Value of write = 0
[34376.636693] write_proc_2mb_limit: Value of write = 0
[34376.636698] write_proc_bitmap_shift: Value of write = 38
[34376.644270] write_proc_unbounded: Value of write = 0
[34376.644283] write_proc_2mb_limit: Value of write = 0
[34376.644288] write_proc_bitmap_shift: Value of write = 38
[34387.522518] write_proc_unbounded: Value of write = 0
[34387.522525] write_proc_2mb_limit: Value of write = 0
[34387.782126] write_proc_unbounded: Value of write = 0
[34387.782143] write_proc_2mb_limit: Value of write = 0
