ENABLE_FILE_STATS in con
ENABLE_FILE_STATS in con
ENABLE_FILE_STATS in con
ENABLE_FILE_STATS in con
ENABLE_FILE_STATS in con
ENABLE_FILE_STATS in con
ENABLE_FILE_STATS in con
ENABLE_FILE_STATS in con
ENABLE_FILE_STATS in per_thread_ds
ENABLE_FILE_STATS in per_thread_ds
ENABLE_FILE_STATS in per_thread_ds
ENABLE_FILE_STATS in per_thread_ds
ENABLE_FILE_STATS in per_thread_ds
ENABLE_FILE_STATS in per_thread_ds
ENABLE_FILE_STATS in per_thread_ds
ENABLE_FILE_STATS in per_thread_ds
-------- Aggregate Performance --------
 READ Restart Perf: 3294.11 BW[MB/s] 12361326592 Bytes 3.57871 MaxTime[sec] 
Total nr_ra = 0
Total nr_bytes_ra = 0
Total nr_ra = 0
Total nr_bytes_ra = 0
Total nr_ra = 0
Total nr_bytes_ra = 0
Total nr_ra = 0
Total nr_bytes_ra = 0
DESTRUCTOR GETTING CALLED 
PRINT_GLOBAL_STATS in dest
PRINT_GLOBAL_LIB_STATS in dest
DESTRUCTOR GETTING CALLED 
PRINT_GLOBAL_STATS in dest
PRINT_GLOBAL_LIB_STATS in dest
DESTRUCTOR GETTING CALLED 
PRINT_GLOBAL_STATS in dest
PRINT_GLOBAL_LIB_STATS in dest
DESTRUCTOR GETTING CALLED 
PRINT_GLOBAL_STATS in dest
PRINT_GLOBAL_LIB_STATS in dest
DESTRUCTOR GETTING CALLED 
PRINT_GLOBAL_STATS in dest
PRINT_GLOBAL_LIB_STATS in dest
Total nr_ra = 0
Total nr_bytes_ra = 0
DESTRUCTOR GETTING CALLED 
PRINT_GLOBAL_STATS in dest
PRINT_GLOBAL_LIB_STATS in dest
Total nr_ra = 0
Total nr_bytes_ra = 0
DESTRUCTOR GETTING CALLED 
PRINT_GLOBAL_STATS in dest
PRINT_GLOBAL_LIB_STATS in dest
Total nr_ra = 0
Total nr_bytes_ra = 0
DESTRUCTOR GETTING CALLED 
PRINT_GLOBAL_STATS in dest
Total nr_ra = 0
Total nr_bytes_ra = 0
PRINT_GLOBAL_LIB_STATS in dest
[33130.504859] sh (14249): drop_caches: 3
[33130.566173] sh (14254): drop_caches: 3
[33130.609696] write_proc_unbounded: Value of write = 0
[33130.609700] write_proc_unbounded: Value of write = 0
[33130.609703] write_proc_unbounded: Value of write = 0
[33130.609706] write_proc_unbounded: Value of write = 0
[33130.609712] write_proc_2mb_limit: Value of write = 0
[33130.609710] write_proc_unbounded: Value of write = 0
[33130.609717] write_proc_2mb_limit: Value of write = 0
[33130.609720] write_proc_2mb_limit: Value of write = 0
[33130.609723] write_proc_bitmap_shift: Value of write = 37
[33130.609726] write_proc_2mb_limit: Value of write = 0
[33130.609728] write_proc_2mb_limit: Value of write = 0
[33130.609730] write_proc_bitmap_shift: Value of write = 37
[33130.609732] write_proc_bitmap_shift: Value of write = 37
[33130.609735] write_proc_bitmap_shift: Value of write = 37
[33130.609740] write_proc_bitmap_shift: Value of write = 37
[33130.609765] write_proc_unbounded: Value of write = 0
[33130.609782] write_proc_2mb_limit: Value of write = 0
[33130.609782] write_proc_unbounded: Value of write = 0
[33130.609785] write_proc_unbounded: Value of write = 0
[33130.609789] write_proc_bitmap_shift: Value of write = 37
[33130.609799] write_proc_2mb_limit: Value of write = 0
[33130.609804] write_proc_2mb_limit: Value of write = 0
[33130.609806] write_proc_bitmap_shift: Value of write = 37
[33130.609812] write_proc_bitmap_shift: Value of write = 37
[33134.349220] write_proc_unbounded: Value of write = 0
[33134.349220] write_proc_unbounded: Value of write = 0
[33134.349230] write_proc_unbounded: Value of write = 0
[33134.349236] write_proc_2mb_limit: Value of write = 0
[33134.349236] write_proc_2mb_limit: Value of write = 0
[33134.349238] write_proc_2mb_limit: Value of write = 0
[33134.349305] write_proc_unbounded: Value of write = 0
[33134.349312] write_proc_2mb_limit: Value of write = 0
[33134.349396] write_proc_unbounded: Value of write = 0
[33134.349400] write_proc_2mb_limit: Value of write = 0
[33134.349412] write_proc_unbounded: Value of write = 0
[33134.349416] write_proc_2mb_limit: Value of write = 0
[33134.349452] write_proc_unbounded: Value of write = 0
[33134.349456] write_proc_2mb_limit: Value of write = 0
[33134.349492] write_proc_unbounded: Value of write = 0
[33134.349497] write_proc_2mb_limit: Value of write = 0
