ENABLE_FILE_STATS in con
ENABLE_FILE_STATS in con
ENABLE_FILE_STATS in con
ENABLE_FILE_STATS in con
ENABLE_FILE_STATS in con
ENABLE_FILE_STATS in con
ENABLE_FILE_STATS in con
ENABLE_FILE_STATS in con
ENABLE_FILE_STATS in per_thread_ds
ENABLE_FILE_STATS in per_thread_ds
ENABLE_FILE_STATS in per_thread_ds
ENABLE_FILE_STATS in per_thread_ds
ENABLE_FILE_STATS in per_thread_ds
ENABLE_FILE_STATS in per_thread_ds
ENABLE_FILE_STATS in per_thread_ds
ENABLE_FILE_STATS in per_thread_ds
-------- Aggregate Performance --------
 READ Restart Perf: 3362.05 BW[MB/s] 12361326592 Bytes 3.5064 MaxTime[sec] 
Total nr_ra = 0
Total nr_bytes_ra = 0
DESTRUCTOR GETTING CALLED 
PRINT_GLOBAL_STATS in dest
PRINT_GLOBAL_LIB_STATS in dest
DESTRUCTOR GETTING CALLED 
PRINT_GLOBAL_STATS in dest
PRINT_GLOBAL_LIB_STATS in dest
Total nr_ra = 0
Total nr_bytes_ra = 0
DESTRUCTOR GETTING CALLED 
PRINT_GLOBAL_STATS in dest
PRINT_GLOBAL_LIB_STATS in dest
Total nr_ra = 0
Total nr_bytes_ra = 0
DESTRUCTOR GETTING CALLED 
PRINT_GLOBAL_STATS in dest
PRINT_GLOBAL_LIB_STATS in dest
Total nr_ra = 0
Total nr_bytes_ra = 0
DESTRUCTOR GETTING CALLED 
PRINT_GLOBAL_STATS in dest
PRINT_GLOBAL_LIB_STATS in dest
Total nr_ra = 0
Total nr_bytes_ra = 0
DESTRUCTOR GETTING CALLED 
PRINT_GLOBAL_STATS in dest
PRINT_GLOBAL_LIB_STATS in dest
Total nr_ra = 0
Total nr_bytes_ra = 0
Total nr_ra = 0
Total nr_bytes_ra = 0
DESTRUCTOR GETTING CALLED 
PRINT_GLOBAL_STATS in dest
PRINT_GLOBAL_LIB_STATS in dest
DESTRUCTOR GETTING CALLED 
PRINT_GLOBAL_STATS in dest
PRINT_GLOBAL_LIB_STATS in dest
Total nr_ra = 0
Total nr_bytes_ra = 0
[33134.964754] sh (14275): drop_caches: 3
[33135.025403] sh (14280): drop_caches: 3
[33135.068768] write_proc_unbounded: Value of write = 0
[33135.068774] write_proc_unbounded: Value of write = 0
[33135.068777] write_proc_unbounded: Value of write = 0
[33135.068784] write_proc_2mb_limit: Value of write = 0
[33135.068784] write_proc_unbounded: Value of write = 0
[33135.068791] write_proc_2mb_limit: Value of write = 0
[33135.068801] write_proc_bitmap_shift: Value of write = 37
[33135.068802] write_proc_2mb_limit: Value of write = 0
[33135.068803] write_proc_bitmap_shift: Value of write = 37
[33135.068805] write_proc_2mb_limit: Value of write = 0
[33135.068816] write_proc_bitmap_shift: Value of write = 37
[33135.068818] write_proc_bitmap_shift: Value of write = 37
[33135.068830] write_proc_unbounded: Value of write = 0
[33135.068838] write_proc_unbounded: Value of write = 0
[33135.068846] write_proc_2mb_limit: Value of write = 0
[33135.068855] write_proc_bitmap_shift: Value of write = 37
[33135.068856] write_proc_2mb_limit: Value of write = 0
[33135.068858] write_proc_unbounded: Value of write = 0
[33135.068867] write_proc_bitmap_shift: Value of write = 37
[33135.068868] write_proc_unbounded: Value of write = 0
[33135.068878] write_proc_2mb_limit: Value of write = 0
[33135.068881] write_proc_2mb_limit: Value of write = 0
[33135.068886] write_proc_bitmap_shift: Value of write = 37
[33135.068889] write_proc_bitmap_shift: Value of write = 37
[33138.788468] write_proc_unbounded: Value of write = 0
[33138.788489] write_proc_2mb_limit: Value of write = 0
[33138.788690] write_proc_unbounded: Value of write = 0
[33138.788699] write_proc_2mb_limit: Value of write = 0
[33138.788739] write_proc_unbounded: Value of write = 0
[33138.788745] write_proc_2mb_limit: Value of write = 0
[33138.788758] write_proc_unbounded: Value of write = 0
[33138.788764] write_proc_2mb_limit: Value of write = 0
[33138.788799] write_proc_unbounded: Value of write = 0
[33138.788802] write_proc_2mb_limit: Value of write = 0
[33138.788852] write_proc_unbounded: Value of write = 0
[33138.788856] write_proc_2mb_limit: Value of write = 0
[33138.788903] write_proc_unbounded: Value of write = 0
[33138.788907] write_proc_2mb_limit: Value of write = 0
[33138.789634] write_proc_unbounded: Value of write = 0
[33138.789645] write_proc_2mb_limit: Value of write = 0
