RocksDB:    version 7.6.0
Date:       Sat Oct  8 00:15:35 2022
CPU:        128 * AMD EPYC 7543 32-Core Processor
CPUCache:   512 KB
Initializing RocksDB Options from the specified file
Initializing RocksDB Options from command-line flags
Integrated BlobDB: blob cache disabled
Keys:       1000 bytes each (+ 0 bytes user-defined timestamp)
Values:     4096 bytes each (2048 bytes after compression)
Entries:    0
Prefix:    0 bytes
Keys per prefix:    0
RawSize:    0.0 MB (estimated)
FileSize:   0.0 MB (estimated)
Write rate: 0 bytes/second
Read rate: 0 ops/second
Compression: Snappy
Compression sampling rate: 0
Memtablerep: SkipListFactory
Perf Level: 1
------------------------------------------------
DB path: [/users/kannan11/ssd/prefetching/appbench/apps/rocksdb/DATA]
readreverse  :     132.000 micros/op 7194 ops/sec 0.000 seconds 1 operations;
DESTRUCTOR GETTING CALLED 
PRINT_GLOBAL_LIB_STATS in dest
Total nr_ra = 36906
Total nr_bytes_ra = 154794983424
	Command being timed: "./db_bench --db=/users/kannan11/ssd/prefetching/appbench/apps/rocksdb/DATA --value_size=4096 --wal_dir=/users/kannan11/ssd/prefetching/appbench/apps/rocksdb/DATA/WAL_LOG --sync=0 --key_size=1000 --write_buffer_size=67108864 --num=0 --seed=1576170874 --benchmarks=readreverse --use_existing_db=1 --mmap_read=0 --threads=1"
	User time (seconds): 0.75
	System time (seconds): 5.39
	Percent of CPU this job got: 56%
	Elapsed (wall clock) time (h:mm:ss or m:ss): 0:10.87
	Average shared text size (kbytes): 0
	Average unshared data size (kbytes): 0
	Average stack size (kbytes): 0
	Average total size (kbytes): 0
	Maximum resident set size (kbytes): 13149536
	Average resident set size (kbytes): 0
	Major (requiring I/O) page faults: 88
	Minor (reclaiming a frame) page faults: 3287760
	Voluntary context switches: 2513
	Involuntary context switches: 128
	Swaps: 0
	File system inputs: 74703160
	File system outputs: 6648
	Socket messages sent: 0
	Socket messages received: 0
	Signals delivered: 0
	Page size (bytes): 4096
	Exit status: 0
DESTRUCTOR GETTING CALLED 
PRINT_GLOBAL_LIB_STATS in dest
Total nr_ra = 0
Total nr_bytes_ra = 0
[35439.625354] sh (43516): drop_caches: 3
[35439.664969] sh (43521): drop_caches: 3
[35444.697725] write_proc_unbounded: Value of write = 0
[35444.697738] write_proc_2mb_limit: Value of write = 0
[35444.697744] write_proc_bitmap_shift: Value of write = 38
[35444.708118] write_proc_unbounded: Value of write = 0
[35444.708130] write_proc_2mb_limit: Value of write = 0
[35444.708135] write_proc_bitmap_shift: Value of write = 38
[35455.314971] write_proc_unbounded: Value of write = 0
[35455.314984] write_proc_2mb_limit: Value of write = 0
[35455.573564] write_proc_unbounded: Value of write = 0
[35455.573586] write_proc_2mb_limit: Value of write = 0
