Received signal 11 (Segmentation fault)
#0   /usr/lib/lib_Cross_Blind.so(_Z13prefetcher_thPv+0x20) [0x7f8dc64ad250] Command terminated by signal 11
	Command being timed: "./db_bench --db=/users/kannan11/ssd/prefetching/appbench/apps/rocksdb/DATA --value_size=4096 --wal_dir=/users/kannan11/ssd/prefetching/appbench/apps/rocksdb/DATA/WAL_LOG --sync=0 --key_size=1000 --write_buffer_size=67108864 --num=0 --seed=1576170874 --benchmarks=readwhilescanning --use_existing_db=1 --mmap_read=0 --threads=1"
	User time (seconds): 0.09
	System time (seconds): 1.28
	Percent of CPU this job got: 698%
	Elapsed (wall clock) time (h:mm:ss or m:ss): 0:00.19
	Average shared text size (kbytes): 0
	Average unshared data size (kbytes): 0
	Average stack size (kbytes): 0
	Average total size (kbytes): 0
	Maximum resident set size (kbytes): 50748
	Average resident set size (kbytes): 0
	Major (requiring I/O) page faults: 85
	Minor (reclaiming a frame) page faults: 12553
	Voluntary context switches: 1103
	Involuntary context switches: 49
	Swaps: 0
	File system inputs: 601816
	File system outputs: 72
	Socket messages sent: 0
	Socket messages received: 0
	Signals delivered: 0
	Page size (bytes): 4096
	Exit status: 0
DESTRUCTOR GETTING CALLED 
PRINT_GLOBAL_LIB_STATS in dest
Total nr_ra = 0
Total nr_bytes_ra = 0
[35327.201704] sh (42807): drop_caches: 3
[35327.246672] sh (42812): drop_caches: 3
[35332.280856] write_proc_unbounded: Value of write = 0
[35332.280871] write_proc_2mb_limit: Value of write = 0
[35332.280876] write_proc_bitmap_shift: Value of write = 38
[35332.288690] write_proc_unbounded: Value of write = 0
[35332.288721] write_proc_2mb_limit: Value of write = 0
[35332.288728] write_proc_bitmap_shift: Value of write = 38
[35332.475451] write_proc_unbounded: Value of write = 0
[35332.475460] write_proc_2mb_limit: Value of write = 0
[35332.475465] write_proc_bitmap_shift: Value of write = 38
[35332.475710] db_bench[42864]: segfault at 200 ip 00007f8dc64ad250 sp 00007f8dbee30aa0 error 4 in lib_Cross_Blind.so[7f8dc64a8000+a000]
[35332.475723] Code: 66 2e 0f 1f 84 00 00 00 00 00 41 56 41 55 31 c0 41 54 55 53 48 89 fb bf ba 00 00 00 e8 e9 eb ff ff 48 8b 43 40 48 85 c0 74 0f <0f> b6 80 60 01 00 00 84 c0 0f 85 81 00 00 00 48 89 df e8 a9 ef ff
[35332.479267] write_proc_unbounded: Value of write = 0
[35332.479276] write_proc_2mb_limit: Value of write = 0
[35332.479280] write_proc_bitmap_shift: Value of write = 38
[35332.481453] write_proc_unbounded: Value of write = 0
[35332.481464] write_proc_2mb_limit: Value of write = 0
