RocksDB:    version 7.6.0
Date:       Fri Oct  7 23:40:41 2022
CPU:        128 * AMD EPYC 7543 32-Core Processor
CPUCache:   512 KB
num reads to do 0
Initializing RocksDB Options from the specified file
Initializing RocksDB Options from command-line flags
Integrated BlobDB: blob cache disabled
Keys:       1000 bytes each (+ 0 bytes user-defined timestamp)
Values:     4096 bytes each (2048 bytes after compression)
Entries:    0
Prefix:    0 bytes
Keys per prefix:    0
RawSize:    0.0 MB (estimated)
FileSize:   0.0 MB (estimated)
Write rate: 0 bytes/second
Read rate: 0 ops/second
Compression: Snappy
Compression sampling rate: 0
Memtablerep: SkipListFactory
Perf Level: 1
------------------------------------------------
DB path: [/users/kannan11/ssd/prefetching/appbench/apps/rocksdb/DATA]
readwhilescanning :     291.000 micros/op 5208 ops/sec 0.000 seconds 1 operations; (0 of 0 found)

DESTRUCTOR GETTING CALLED 
PRINT_GLOBAL_LIB_STATS in dest
Total nr_ra = 1538
Total nr_bytes_ra = 249052469
	Command being timed: "./db_bench --db=/users/kannan11/ssd/prefetching/appbench/apps/rocksdb/DATA --value_size=4096 --wal_dir=/users/kannan11/ssd/prefetching/appbench/apps/rocksdb/DATA/WAL_LOG --sync=0 --key_size=1000 --write_buffer_size=67108864 --num=0 --seed=1576170874 --benchmarks=readwhilescanning --use_existing_db=1 --mmap_read=0 --threads=32"
	User time (seconds): 0.36
	System time (seconds): 0.82
	Percent of CPU this job got: 260%
	Elapsed (wall clock) time (h:mm:ss or m:ss): 0:00.46
	Average shared text size (kbytes): 0
	Average unshared data size (kbytes): 0
	Average stack size (kbytes): 0
	Average total size (kbytes): 0
	Maximum resident set size (kbytes): 430948
	Average resident set size (kbytes): 0
	Major (requiring I/O) page faults: 83
	Minor (reclaiming a frame) page faults: 107735
	Voluntary context switches: 4846
	Involuntary context switches: 13
	Swaps: 0
	File system inputs: 519536
	File system outputs: 6536
	Socket messages sent: 0
	Socket messages received: 0
	Signals delivered: 0
	Page size (bytes): 4096
	Exit status: 0
DESTRUCTOR GETTING CALLED 
PRINT_GLOBAL_LIB_STATS in dest
Total nr_ra = 0
Total nr_bytes_ra = 0
[33356.517979] sh (30403): drop_caches: 3
[33356.561248] sh (30408): drop_caches: 3
[33361.595145] write_proc_unbounded: Value of write = 0
[33361.595159] write_proc_2mb_limit: Value of write = 0
[33361.595164] write_proc_bitmap_shift: Value of write = 38
[33361.602515] write_proc_unbounded: Value of write = 0
[33361.602529] write_proc_2mb_limit: Value of write = 0
[33361.602534] write_proc_bitmap_shift: Value of write = 38
[33362.049526] write_proc_unbounded: Value of write = 0
[33362.049539] write_proc_2mb_limit: Value of write = 0
[33362.057503] write_proc_unbounded: Value of write = 0
[33362.057519] write_proc_2mb_limit: Value of write = 0
