Received signal 11 (Segmentation fault)
#0   /usr/lib/lib_Cross_Blind.so(_Z13prefetcher_thPv+0x20) [0x7f1dd7f63250] ??	??:0	DESTRUCTOR GETTING CALLED 	PRINT_GLOBAL_LIB_STATS in dest	Total nr_ra = 0	Total nr_bytes_ra = 0	
#1   /usr/lib/lib_Cross_Blind.so(+0x7ab9) [0x7f1dd7f65ab9] Command terminated by signal 11
	Command being timed: "./db_bench --db=/users/kannan11/ssd/prefetching/appbench/apps/rocksdb/DATA --value_size=4096 --wal_dir=/users/kannan11/ssd/prefetching/appbench/apps/rocksdb/DATA/WAL_LOG --sync=0 --key_size=1000 --write_buffer_size=67108864 --num=0 --seed=1576170874 --benchmarks=multireadrandom --use_existing_db=1 --mmap_read=0 --threads=8"
	User time (seconds): 0.00
	System time (seconds): 0.71
	Percent of CPU this job got: 306%
	Elapsed (wall clock) time (h:mm:ss or m:ss): 0:00.23
	Average shared text size (kbytes): 0
	Average unshared data size (kbytes): 0
	Average stack size (kbytes): 0
	Average total size (kbytes): 0
	Maximum resident set size (kbytes): 41388
	Average resident set size (kbytes): 0
	Major (requiring I/O) page faults: 100
	Minor (reclaiming a frame) page faults: 11884
	Voluntary context switches: 705
	Involuntary context switches: 52
	Swaps: 0
	File system inputs: 592328
	File system outputs: 80
	Socket messages sent: 0
	Socket messages received: 0
	Signals delivered: 0
	Page size (bytes): 4096
	Exit status: 0
DESTRUCTOR GETTING CALLED 
PRINT_GLOBAL_LIB_STATS in dest
Total nr_ra = 0
Total nr_bytes_ra = 0
[34288.472185] sh (36839): drop_caches: 3
[34288.516774] sh (36844): drop_caches: 3
[34293.551874] write_proc_unbounded: Value of write = 0
[34293.551890] write_proc_2mb_limit: Value of write = 0
[34293.551895] write_proc_bitmap_shift: Value of write = 38
[34293.559364] write_proc_unbounded: Value of write = 0
[34293.559379] write_proc_2mb_limit: Value of write = 0
[34293.559384] write_proc_bitmap_shift: Value of write = 38
[34293.760966] write_proc_unbounded: Value of write = 0
[34293.760976] write_proc_2mb_limit: Value of write = 0
[34293.760980] write_proc_bitmap_shift: Value of write = 38
[34293.764838] write_proc_unbounded: Value of write = 0
[34293.764848] write_proc_2mb_limit: Value of write = 0
[34293.764852] write_proc_bitmap_shift: Value of write = 38
[34293.772160] write_proc_unbounded: Value of write = 0
[34293.772165] write_proc_2mb_limit: Value of write = 0
[34293.787305] traps: db_bench[36913] general protection fault ip:7f1dd7f63250 sp:7f1dc73d1aa0 error:0 in lib_Cross_Blind.so[7f1dd7f5e000+a000]
[34293.789374] write_proc_unbounded: Value of write = 0
[34293.789384] write_proc_2mb_limit: Value of write = 0
[34293.789387] write_proc_bitmap_shift: Value of write = 38
[34293.790829] write_proc_unbounded: Value of write = 0
[34293.790835] write_proc_2mb_limit: Value of write = 0
[34293.791743] write_proc_unbounded: Value of write = 0
[34293.791754] write_proc_2mb_limit: Value of write = 0
[34293.791758] write_proc_bitmap_shift: Value of write = 38
