ENABLE_FILE_STATS in con
ENABLE_FILE_STATS in con
RocksDB:    version 6.20
Date:       Wed Aug 10 18:35:25 2022
CPU:        48 * AMD EPYC 7402P 24-Core Processor
CPUCache:   512 KB
Initializing RocksDB Options from the specified file
Initializing RocksDB Options from command-line flags
Keys:       1000 bytes each (+ 0 bytes user-defined timestamp)
Values:     4096 bytes each (2048 bytes after compression)
Entries:    2000000
Prefix:    0 bytes
Keys per prefix:    0
RawSize:    9719.8 MB (estimated)
FileSize:   5813.6 MB (estimated)
Write rate: 0 bytes/second
Read rate: 0 ops/second
Compression: Snappy
Compression sampling rate: 0
Memtablerep: skip_list
Perf Level: 1
------------------------------------------------
DB path: [/users/kannan11/ssd/sudarsun/prefetching/appbench/apps/rocksdb/DATA]
compact      :    2934.000 micros/op 1631 ops/sec;
DESTRUCTOR GETTING CALLED 
PRINT_GLOBAL_STATS in dest
	Command being timed: "./db_bench --db=/users/kannan11/ssd/sudarsun/prefetching/appbench/apps/rocksdb/DATA --value_size=4096 --wal_dir=/users/kannan11/ssd/sudarsun/prefetching/appbench/apps/rocksdb/DATA/WAL_LOG --sync=0 --key_size=1000 --write_buffer_size=67108864 --num=2000000 --benchmarks=compact --use_existing_db=1 --mmap_read=0 --threads=32"
	User time (seconds): 0.33
	System time (seconds): 5.51
	Percent of CPU this job got: 142%
	Elapsed (wall clock) time (h:mm:ss or m:ss): 0:04.10
	Average shared text size (kbytes): 0
	Average unshared data size (kbytes): 0
	Average stack size (kbytes): 0
	Average total size (kbytes): 0
	Maximum resident set size (kbytes): 310860
	Average resident set size (kbytes): 0
	Major (requiring I/O) page faults: 73
	Minor (reclaiming a frame) page faults: 1550270
	Voluntary context switches: 3309
	Involuntary context switches: 32
	Swaps: 0
	File system inputs: 21075384
	File system outputs: 1664
	Socket messages sent: 0
	Socket messages received: 0
	Signals delivered: 0
	Page size (bytes): 4096
	Exit status: 0
DESTRUCTOR GETTING CALLED 
PRINT_GLOBAL_STATS in dest
[ 9404.809814] free_cross_bitmap: releasing mem for inode with i_count 2
[ 9404.818425] free_cross_bitmap: releasing mem for inode with i_count 2
[ 9404.829006] free_cross_bitmap: releasing mem for inode with i_count 2
[ 9404.839672] free_cross_bitmap: releasing mem for inode with i_count 2
[ 9404.847965] free_cross_bitmap: releasing mem for inode with i_count 2
[ 9404.858378] free_cross_bitmap: releasing mem for inode with i_count 2
[ 9404.868699] free_cross_bitmap: releasing mem for inode with i_count 2
[ 9404.876586] free_cross_bitmap: releasing mem for inode with i_count 2
[ 9404.887135] free_cross_bitmap: releasing mem for inode with i_count 2
[ 9404.896155] free_cross_bitmap: releasing mem for inode with i_count 2
[ 9404.906707] free_cross_bitmap: releasing mem for inode with i_count 2
[ 9404.915569] free_cross_bitmap: releasing mem for inode with i_count 2
[ 9404.923402] free_cross_bitmap: releasing mem for inode with i_count 2
[ 9404.932532] free_cross_bitmap: releasing mem for inode with i_count 2
[ 9404.941191] free_cross_bitmap: releasing mem for inode with i_count 2
[ 9404.950200] free_cross_bitmap: releasing mem for inode with i_count 2
[ 9404.960847] free_cross_bitmap: releasing mem for inode with i_count 2
[ 9404.969695] free_cross_bitmap: releasing mem for inode with i_count 2
[ 9404.978340] free_cross_bitmap: releasing mem for inode with i_count 2
[ 9404.987015] free_cross_bitmap: releasing mem for inode with i_count 2
[ 9404.995840] free_cross_bitmap: releasing mem for inode with i_count 2
[ 9405.007656] free_cross_bitmap: releasing mem for inode with i_count 2
[ 9405.016344] free_cross_bitmap: releasing mem for inode with i_count 2
[ 9405.024601] free_cross_bitmap: releasing mem for inode with i_count 2
[ 9405.033315] free_cross_bitmap: releasing mem for inode with i_count 2
[ 9405.041912] free_cross_bitmap: releasing mem for inode with i_count 2
[ 9405.050555] free_cross_bitmap: releasing mem for inode with i_count 2
[ 9405.061713] free_cross_bitmap: releasing mem for inode with i_count 2
[ 9405.070523] free_cross_bitmap: releasing mem for inode with i_count 2
[ 9405.079154] free_cross_bitmap: releasing mem for inode with i_count 2
[ 9405.088210] free_cross_bitmap: releasing mem for inode with i_count 2
[ 9405.098948] free_cross_bitmap: releasing mem for inode with i_count 2
[ 9405.107947] free_cross_bitmap: releasing mem for inode with i_count 2
[ 9405.117050] free_cross_bitmap: releasing mem for inode with i_count 2
[ 9405.126039] free_cross_bitmap: releasing mem for inode with i_count 2
[ 9405.135611] free_cross_bitmap: releasing mem for inode with i_count 2
[ 9405.144552] free_cross_bitmap: releasing mem for inode with i_count 2
[ 9405.155079] free_cross_bitmap: releasing mem for inode with i_count 2
[ 9405.165907] free_cross_bitmap: releasing mem for inode with i_count 2
[ 9405.177228] free_cross_bitmap: releasing mem for inode with i_count 2
[ 9405.187920] free_cross_bitmap: releasing mem for inode with i_count 2
[ 9405.198686] free_cross_bitmap: releasing mem for inode with i_count 2
[ 9405.208332] free_cross_bitmap: releasing mem for inode with i_count 2
[ 9405.219064] free_cross_bitmap: releasing mem for inode with i_count 2
[ 9405.229718] free_cross_bitmap: releasing mem for inode with i_count 2
[ 9405.240664] free_cross_bitmap: releasing mem for inode with i_count 2
[ 9405.251283] free_cross_bitmap: releasing mem for inode with i_count 2
[ 9405.261772] free_cross_bitmap: releasing mem for inode with i_count 2
[ 9405.272259] free_cross_bitmap: releasing mem for inode with i_count 2
[ 9405.282742] free_cross_bitmap: releasing mem for inode with i_count 2
[ 9405.293226] free_cross_bitmap: releasing mem for inode with i_count 2
[ 9405.302990] free_cross_bitmap: releasing mem for inode with i_count 2
[ 9405.312078] free_cross_bitmap: releasing mem for inode with i_count 2
[ 9405.323224] free_cross_bitmap: releasing mem for inode with i_count 2
[ 9405.334682] free_cross_bitmap: releasing mem for inode with i_count 2
[ 9405.345927] free_cross_bitmap: releasing mem for inode with i_count 2
[ 9405.356972] free_cross_bitmap: releasing mem for inode with i_count 2
[ 9405.368239] free_cross_bitmap: releasing mem for inode with i_count 2
[ 9405.379205] free_cross_bitmap: releasing mem for inode with i_count 2
[ 9405.390104] free_cross_bitmap: releasing mem for inode with i_count 2
[ 9405.398926] free_cross_bitmap: releasing mem for inode with i_count 2
[ 9405.409769] free_cross_bitmap: releasing mem for inode with i_count 2
[ 9405.420400] free_cross_bitmap: releasing mem for inode with i_count 2
[ 9405.431565] free_cross_bitmap: releasing mem for inode with i_count 2
[ 9405.442117] free_cross_bitmap: releasing mem for inode with i_count 2
[ 9405.450259] free_cross_bitmap: releasing mem for inode with i_count 2
[ 9405.460813] free_cross_bitmap: releasing mem for inode with i_count 2
[ 9405.471826] free_cross_bitmap: releasing mem for inode with i_count 2
[ 9405.479768] free_cross_bitmap: releasing mem for inode with i_count 2
[ 9405.490693] free_cross_bitmap: releasing mem for inode with i_count 2
[ 9405.501323] free_cross_bitmap: releasing mem for inode with i_count 2
[ 9405.511854] free_cross_bitmap: releasing mem for inode with i_count 2
[ 9405.523094] free_cross_bitmap: releasing mem for inode with i_count 2
[ 9405.533178] free_cross_bitmap: releasing mem for inode with i_count 2
[ 9405.543800] free_cross_bitmap: releasing mem for inode with i_count 2
[ 9405.552412] free_cross_bitmap: releasing mem for inode with i_count 2
[ 9405.563203] free_cross_bitmap: releasing mem for inode with i_count 2
[ 9405.573898] free_cross_bitmap: releasing mem for inode with i_count 2
[ 9405.582061] free_cross_bitmap: releasing mem for inode with i_count 2
[ 9405.592348] free_cross_bitmap: releasing mem for inode with i_count 2
[ 9405.602657] free_cross_bitmap: releasing mem for inode with i_count 2
[ 9405.613070] free_cross_bitmap: releasing mem for inode with i_count 2
[ 9405.623581] free_cross_bitmap: releasing mem for inode with i_count 2
[ 9405.634141] free_cross_bitmap: releasing mem for inode with i_count 2
[ 9405.644918] free_cross_bitmap: releasing mem for inode with i_count 2
[ 9405.652803] free_cross_bitmap: releasing mem for inode with i_count 2
[ 9405.663290] free_cross_bitmap: releasing mem for inode with i_count 2
[ 9405.674143] free_cross_bitmap: releasing mem for inode with i_count 2
[ 9405.684695] free_cross_bitmap: releasing mem for inode with i_count 2
[ 9405.695384] free_cross_bitmap: releasing mem for inode with i_count 2
[ 9405.706364] free_cross_bitmap: releasing mem for inode with i_count 2
[ 9405.716968] free_cross_bitmap: releasing mem for inode with i_count 2
[ 9405.727841] free_cross_bitmap: releasing mem for inode with i_count 2
[ 9405.739007] free_cross_bitmap: releasing mem for inode with i_count 2
[ 9405.750601] free_cross_bitmap: releasing mem for inode with i_count 2
[ 9405.761201] free_cross_bitmap: releasing mem for inode with i_count 2
[ 9405.769420] free_cross_bitmap: releasing mem for inode with i_count 2
[ 9405.780675] free_cross_bitmap: releasing mem for inode with i_count 2
[ 9405.792380] free_cross_bitmap: releasing mem for inode with i_count 2
[ 9405.802292] free_cross_bitmap: releasing mem for inode with i_count 2
[ 9405.812985] free_cross_bitmap: releasing mem for inode with i_count 2
[ 9405.823646] free_cross_bitmap: releasing mem for inode with i_count 2
[ 9405.834269] free_cross_bitmap: releasing mem for inode with i_count 2
[ 9405.845309] free_cross_bitmap: releasing mem for inode with i_count 2
[ 9405.853598] free_cross_bitmap: releasing mem for inode with i_count 2
[ 9405.864988] free_cross_bitmap: releasing mem for inode with i_count 2
[ 9405.875627] free_cross_bitmap: releasing mem for inode with i_count 2
[ 9405.886408] free_cross_bitmap: releasing mem for inode with i_count 2
[ 9405.894830] free_cross_bitmap: releasing mem for inode with i_count 2
[ 9405.905706] free_cross_bitmap: releasing mem for inode with i_count 2
[ 9405.913860] free_cross_bitmap: releasing mem for inode with i_count 2
[ 9405.925530] free_cross_bitmap: releasing mem for inode with i_count 2
[ 9405.936680] free_cross_bitmap: releasing mem for inode with i_count 2
[ 9405.945243] free_cross_bitmap: releasing mem for inode with i_count 2
[ 9405.953564] free_cross_bitmap: releasing mem for inode with i_count 2
[ 9405.964354] free_cross_bitmap: releasing mem for inode with i_count 2
[ 9405.975929] free_cross_bitmap: releasing mem for inode with i_count 2
[ 9405.986816] free_cross_bitmap: releasing mem for inode with i_count 2
[ 9405.997406] free_cross_bitmap: releasing mem for inode with i_count 2
[ 9406.007885] free_cross_bitmap: releasing mem for inode with i_count 2
[ 9406.018226] free_cross_bitmap: releasing mem for inode with i_count 2
[ 9406.028618] free_cross_bitmap: releasing mem for inode with i_count 2
[ 9406.039051] free_cross_bitmap: releasing mem for inode with i_count 2
[ 9406.049899] free_cross_bitmap: releasing mem for inode with i_count 2
[ 9406.060196] free_cross_bitmap: releasing mem for inode with i_count 2
[ 9406.070580] free_cross_bitmap: releasing mem for inode with i_count 2
[ 9406.080888] free_cross_bitmap: releasing mem for inode with i_count 2
[ 9406.091397] free_cross_bitmap: releasing mem for inode with i_count 2
[ 9406.101778] free_cross_bitmap: releasing mem for inode with i_count 2
[ 9406.112933] free_cross_bitmap: releasing mem for inode with i_count 2
[ 9406.123963] free_cross_bitmap: releasing mem for inode with i_count 2
[ 9406.134410] free_cross_bitmap: releasing mem for inode with i_count 2
[ 9406.144803] free_cross_bitmap: releasing mem for inode with i_count 2
[ 9406.155345] free_cross_bitmap: releasing mem for inode with i_count 2
[ 9406.165802] free_cross_bitmap: releasing mem for inode with i_count 2
[ 9406.177019] free_cross_bitmap: releasing mem for inode with i_count 2
[ 9406.187429] free_cross_bitmap: releasing mem for inode with i_count 2
[ 9406.197764] free_cross_bitmap: releasing mem for inode with i_count 2
[ 9406.208146] free_cross_bitmap: releasing mem for inode with i_count 2
[ 9406.218607] free_cross_bitmap: releasing mem for inode with i_count 2
[ 9406.228971] free_cross_bitmap: releasing mem for inode with i_count 2
[ 9406.239921] free_cross_bitmap: releasing mem for inode with i_count 2
[ 9406.250342] free_cross_bitmap: releasing mem for inode with i_count 2
[ 9406.260761] free_cross_bitmap: releasing mem for inode with i_count 2
[ 9406.271170] free_cross_bitmap: releasing mem for inode with i_count 2
[ 9406.281519] free_cross_bitmap: releasing mem for inode with i_count 2
[ 9406.291845] free_cross_bitmap: releasing mem for inode with i_count 2
[ 9406.302530] free_cross_bitmap: releasing mem for inode with i_count 2
[ 9406.312923] free_cross_bitmap: releasing mem for inode with i_count 2
[ 9406.323693] free_cross_bitmap: releasing mem for inode with i_count 2
[ 9406.334018] free_cross_bitmap: releasing mem for inode with i_count 2
[ 9406.344520] free_cross_bitmap: releasing mem for inode with i_count 2
[ 9406.355063] free_cross_bitmap: releasing mem for inode with i_count 2
[ 9406.365778] free_cross_bitmap: releasing mem for inode with i_count 2
[ 9406.376078] free_cross_bitmap: releasing mem for inode with i_count 2
[ 9406.386354] free_cross_bitmap: releasing mem for inode with i_count 2
[ 9406.396710] free_cross_bitmap: releasing mem for inode with i_count 2
[ 9406.407456] free_cross_bitmap: releasing mem for inode with i_count 2
[ 9406.417949] free_cross_bitmap: releasing mem for inode with i_count 2
[ 9406.428601] free_cross_bitmap: releasing mem for inode with i_count 2
[ 9406.438966] free_cross_bitmap: releasing mem for inode with i_count 2
[ 9406.449279] free_cross_bitmap: releasing mem for inode with i_count 2
[ 9406.459847] free_cross_bitmap: releasing mem for inode with i_count 2
[ 9406.470371] free_cross_bitmap: releasing mem for inode with i_count 2
[ 9406.480844] free_cross_bitmap: releasing mem for inode with i_count 2
[ 9406.491739] free_cross_bitmap: releasing mem for inode with i_count 2
[ 9406.502270] free_cross_bitmap: releasing mem for inode with i_count 2
[ 9406.512619] free_cross_bitmap: releasing mem for inode with i_count 2
[ 9406.522932] free_cross_bitmap: releasing mem for inode with i_count 2
[ 9406.533300] free_cross_bitmap: releasing mem for inode with i_count 2
[ 9406.544017] free_cross_bitmap: releasing mem for inode with i_count 2
[ 9406.554687] free_cross_bitmap: releasing mem for inode with i_count 2
[ 9406.565081] free_cross_bitmap: releasing mem for inode with i_count 2
[ 9406.576139] free_cross_bitmap: releasing mem for inode with i_count 2
[ 9406.587000] free_cross_bitmap: releasing mem for inode with i_count 2
[ 9406.597441] free_cross_bitmap: releasing mem for inode with i_count 2
[ 9406.608082] free_cross_bitmap: releasing mem for inode with i_count 2
[ 9406.618822] free_cross_bitmap: releasing mem for inode with i_count 2
[ 9406.629116] free_cross_bitmap: releasing mem for inode with i_count 2
[ 9406.639431] free_cross_bitmap: releasing mem for inode with i_count 2
[ 9406.649795] free_cross_bitmap: releasing mem for inode with i_count 2
[ 9406.660122] free_cross_bitmap: releasing mem for inode with i_count 2
[ 9406.670535] free_cross_bitmap: releasing mem for inode with i_count 2
[ 9406.681609] free_cross_bitmap: releasing mem for inode with i_count 2
[ 9406.691961] free_cross_bitmap: releasing mem for inode with i_count 2
[ 9406.700693] free_cross_bitmap: releasing mem for inode with i_count 2
[ 9406.707864] sh (14223): drop_caches: 3
[ 9406.741100] sh (14414): drop_caches: 3
[ 9411.767590] Enabled file stats for time:14421
[ 9411.767765] write_proc: Value of write = 1
[ 9411.773631] Enabled file stats for db_bench:14430
[ 9411.773822] write_proc: Value of write = 1
[ 9411.800763] alloc_cross_bitmap: preallocate 268435456 pg, nr_longs=4194304 in 16 millisec
[ 9411.801662] alloc_cross_bitmap: preallocate 268435456 pg, nr_longs=4194304 in 16 millisec
[ 9411.801817] alloc_cross_bitmap: preallocate 268435456 pg, nr_longs=4194304 in 16 millisec
[ 9411.801907] alloc_cross_bitmap: preallocate 268435456 pg, nr_longs=4194304 in 16 millisec
[ 9411.802208] alloc_cross_bitmap: preallocate 268435456 pg, nr_longs=4194304 in 20 millisec
[ 9411.802265] alloc_cross_bitmap: preallocate 268435456 pg, nr_longs=4194304 in 20 millisec
[ 9411.802299] alloc_cross_bitmap: preallocate 268435456 pg, nr_longs=4194304 in 20 millisec
[ 9411.802327] alloc_cross_bitmap: preallocate 268435456 pg, nr_longs=4194304 in 20 millisec
[ 9411.802361] alloc_cross_bitmap: preallocate 268435456 pg, nr_longs=4194304 in 20 millisec
[ 9411.802428] alloc_cross_bitmap: preallocate 268435456 pg, nr_longs=4194304 in 20 millisec
[ 9411.802579] alloc_cross_bitmap: preallocate 268435456 pg, nr_longs=4194304 in 20 millisec
[ 9411.802609] alloc_cross_bitmap: preallocate 268435456 pg, nr_longs=4194304 in 20 millisec
[ 9411.802666] alloc_cross_bitmap: preallocate 268435456 pg, nr_longs=4194304 in 20 millisec
[ 9411.802668] alloc_cross_bitmap: preallocate 268435456 pg, nr_longs=4194304 in 20 millisec
[ 9411.802672] alloc_cross_bitmap: preallocate 268435456 pg, nr_longs=4194304 in 20 millisec
[ 9411.802746] alloc_cross_bitmap: preallocate 268435456 pg, nr_longs=4194304 in 20 millisec
[ 9411.806128] alloc_cross_bitmap: preallocate 268435456 pg, nr_longs=4194304 in 0 millisec
[ 9411.811500] alloc_cross_bitmap: preallocate 268435456 pg, nr_longs=4194304 in 4 millisec
[ 9411.811866] alloc_cross_bitmap: preallocate 268435456 pg, nr_longs=4194304 in 8 millisec
[ 9411.811936] alloc_cross_bitmap: preallocate 268435456 pg, nr_longs=4194304 in 8 millisec
[ 9411.814083] alloc_cross_bitmap: preallocate 268435456 pg, nr_longs=4194304 in 8 millisec
[ 9411.818005] alloc_cross_bitmap: preallocate 268435456 pg, nr_longs=4194304 in 12 millisec
[ 9411.818409] alloc_cross_bitmap: preallocate 268435456 pg, nr_longs=4194304 in 16 millisec
[ 9411.818529] alloc_cross_bitmap: preallocate 268435456 pg, nr_longs=4194304 in 16 millisec
[ 9411.819508] alloc_cross_bitmap: preallocate 268435456 pg, nr_longs=4194304 in 16 millisec
[ 9411.819707] alloc_cross_bitmap: preallocate 268435456 pg, nr_longs=4194304 in 16 millisec
[ 9411.819843] alloc_cross_bitmap: preallocate 268435456 pg, nr_longs=4194304 in 16 millisec
[ 9411.819934] alloc_cross_bitmap: preallocate 268435456 pg, nr_longs=4194304 in 12 millisec
[ 9411.821282] alloc_cross_bitmap: preallocate 268435456 pg, nr_longs=4194304 in 8 millisec
[ 9411.821297] alloc_cross_bitmap: preallocate 268435456 pg, nr_longs=4194304 in 8 millisec
[ 9411.821486] alloc_cross_bitmap: preallocate 268435456 pg, nr_longs=4194304 in 16 millisec
[ 9411.821533] alloc_cross_bitmap: preallocate 268435456 pg, nr_longs=4194304 in 16 millisec
[ 9411.821565] alloc_cross_bitmap: preallocate 268435456 pg, nr_longs=4194304 in 16 millisec
[ 9411.823671] alloc_cross_bitmap: preallocate 268435456 pg, nr_longs=4194304 in 8 millisec
[ 9411.824624] alloc_cross_bitmap: preallocate 268435456 pg, nr_longs=4194304 in 4 millisec
[ 9411.824813] alloc_cross_bitmap: preallocate 268435456 pg, nr_longs=4194304 in 4 millisec
[ 9411.824890] alloc_cross_bitmap: preallocate 268435456 pg, nr_longs=4194304 in 4 millisec
[ 9411.827691] alloc_cross_bitmap: preallocate 268435456 pg, nr_longs=4194304 in 4 millisec
[ 9411.832121] alloc_cross_bitmap: preallocate 268435456 pg, nr_longs=4194304 in 8 millisec
[ 9411.834215] alloc_cross_bitmap: preallocate 268435456 pg, nr_longs=4194304 in 12 millisec
[ 9411.834730] alloc_cross_bitmap: preallocate 268435456 pg, nr_longs=4194304 in 12 millisec
[ 9411.834895] alloc_cross_bitmap: preallocate 268435456 pg, nr_longs=4194304 in 12 millisec
[ 9411.835170] alloc_cross_bitmap: preallocate 268435456 pg, nr_longs=4194304 in 12 millisec
[ 9411.835303] alloc_cross_bitmap: preallocate 268435456 pg, nr_longs=4194304 in 12 millisec
[ 9411.835632] alloc_cross_bitmap: preallocate 268435456 pg, nr_longs=4194304 in 12 millisec
[ 9411.836990] alloc_cross_bitmap: preallocate 268435456 pg, nr_longs=4194304 in 12 millisec
[ 9411.837314] alloc_cross_bitmap: preallocate 268435456 pg, nr_longs=4194304 in 12 millisec
[ 9411.837428] alloc_cross_bitmap: preallocate 268435456 pg, nr_longs=4194304 in 8 millisec
[ 9411.837535] alloc_cross_bitmap: preallocate 268435456 pg, nr_longs=4194304 in 12 millisec
[ 9411.837556] alloc_cross_bitmap: preallocate 268435456 pg, nr_longs=4194304 in 8 millisec
[ 9411.838137] alloc_cross_bitmap: preallocate 268435456 pg, nr_longs=4194304 in 12 millisec
[ 9411.855056] alloc_cross_bitmap: preallocate 268435456 pg, nr_longs=4194304 in 4 millisec
[ 9411.867763] alloc_cross_bitmap: preallocate 268435456 pg, nr_longs=4194304 in 4 millisec
[ 9411.918123] alloc_cross_bitmap: preallocate 268435456 pg, nr_longs=4194304 in 8 millisec
[ 9411.918295] alloc_cross_bitmap: preallocate 268435456 pg, nr_longs=4194304 in 12 millisec
[ 9411.918671] alloc_cross_bitmap: preallocate 268435456 pg, nr_longs=4194304 in 12 millisec
[ 9411.919025] alloc_cross_bitmap: preallocate 268435456 pg, nr_longs=4194304 in 12 millisec
[ 9411.919033] alloc_cross_bitmap: preallocate 268435456 pg, nr_longs=4194304 in 12 millisec
[ 9411.919059] alloc_cross_bitmap: preallocate 268435456 pg, nr_longs=4194304 in 12 millisec
[ 9411.920278] alloc_cross_bitmap: preallocate 268435456 pg, nr_longs=4194304 in 12 millisec
[ 9411.920284] alloc_cross_bitmap: preallocate 268435456 pg, nr_longs=4194304 in 12 millisec
[ 9411.920293] alloc_cross_bitmap: preallocate 268435456 pg, nr_longs=4194304 in 12 millisec
[ 9411.920301] alloc_cross_bitmap: preallocate 268435456 pg, nr_longs=4194304 in 12 millisec
[ 9411.920346] alloc_cross_bitmap: preallocate 268435456 pg, nr_longs=4194304 in 12 millisec
[ 9411.920380] alloc_cross_bitmap: preallocate 268435456 pg, nr_longs=4194304 in 12 millisec
[ 9411.920398] alloc_cross_bitmap: preallocate 268435456 pg, nr_longs=4194304 in 12 millisec
[ 9411.920490] alloc_cross_bitmap: preallocate 268435456 pg, nr_longs=4194304 in 12 millisec
[ 9411.933793] alloc_cross_bitmap: preallocate 268435456 pg, nr_longs=4194304 in 0 millisec
[ 9412.057851] alloc_cross_bitmap: preallocate 268435456 pg, nr_longs=4194304 in 4 millisec
[ 9412.061920] alloc_cross_bitmap: preallocate 268435456 pg, nr_longs=4194304 in 8 millisec
[ 9412.062524] alloc_cross_bitmap: preallocate 268435456 pg, nr_longs=4194304 in 12 millisec
[ 9412.063236] alloc_cross_bitmap: preallocate 268435456 pg, nr_longs=4194304 in 12 millisec
[ 9412.063494] alloc_cross_bitmap: preallocate 268435456 pg, nr_longs=4194304 in 12 millisec
[ 9412.063499] alloc_cross_bitmap: preallocate 268435456 pg, nr_longs=4194304 in 12 millisec
[ 9412.063717] alloc_cross_bitmap: preallocate 268435456 pg, nr_longs=4194304 in 12 millisec
[ 9412.064538] alloc_cross_bitmap: preallocate 268435456 pg, nr_longs=4194304 in 12 millisec
[ 9412.064831] alloc_cross_bitmap: preallocate 268435456 pg, nr_longs=4194304 in 12 millisec
[ 9412.065445] alloc_cross_bitmap: preallocate 268435456 pg, nr_longs=4194304 in 8 millisec
[ 9412.065497] alloc_cross_bitmap: preallocate 268435456 pg, nr_longs=4194304 in 8 millisec
[ 9412.065507] alloc_cross_bitmap: preallocate 268435456 pg, nr_longs=4194304 in 8 millisec
[ 9412.065620] alloc_cross_bitmap: preallocate 268435456 pg, nr_longs=4194304 in 8 millisec
[ 9412.065903] alloc_cross_bitmap: preallocate 268435456 pg, nr_longs=4194304 in 8 millisec
[ 9412.303586] alloc_cross_bitmap: preallocate 268435456 pg, nr_longs=4194304 in 4 millisec
[ 9412.304715] alloc_cross_bitmap: preallocate 268435456 pg, nr_longs=4194304 in 4 millisec
[ 9412.308200] alloc_cross_bitmap: preallocate 268435456 pg, nr_longs=4194304 in 4 millisec
[ 9412.308589] alloc_cross_bitmap: preallocate 268435456 pg, nr_longs=4194304 in 4 millisec
[ 9412.309173] alloc_cross_bitmap: preallocate 268435456 pg, nr_longs=4194304 in 4 millisec
[ 9412.309555] alloc_cross_bitmap: preallocate 268435456 pg, nr_longs=4194304 in 4 millisec
[ 9412.311468] alloc_cross_bitmap: preallocate 268435456 pg, nr_longs=4194304 in 4 millisec
[ 9412.314428] alloc_cross_bitmap: preallocate 268435456 pg, nr_longs=4194304 in 4 millisec
[ 9412.314545] alloc_cross_bitmap: preallocate 268435456 pg, nr_longs=4194304 in 4 millisec
[ 9412.317244] alloc_cross_bitmap: preallocate 268435456 pg, nr_longs=4194304 in 4 millisec
[ 9412.324024] alloc_cross_bitmap: preallocate 268435456 pg, nr_longs=4194304 in 4 millisec
[ 9412.326325] alloc_cross_bitmap: preallocate 268435456 pg, nr_longs=4194304 in 8 millisec
[ 9412.326898] alloc_cross_bitmap: preallocate 268435456 pg, nr_longs=4194304 in 4 millisec
[ 9412.347238] alloc_cross_bitmap: preallocate 268435456 pg, nr_longs=4194304 in 4 millisec
[ 9412.543010] alloc_cross_bitmap: preallocate 268435456 pg, nr_longs=4194304 in 4 millisec
[ 9412.546288] alloc_cross_bitmap: preallocate 268435456 pg, nr_longs=4194304 in 4 millisec
[ 9412.559452] alloc_cross_bitmap: preallocate 268435456 pg, nr_longs=4194304 in 4 millisec
[ 9412.567277] alloc_cross_bitmap: preallocate 268435456 pg, nr_longs=4194304 in 4 millisec
[ 9412.567480] alloc_cross_bitmap: preallocate 268435456 pg, nr_longs=4194304 in 4 millisec
[ 9412.568395] alloc_cross_bitmap: preallocate 268435456 pg, nr_longs=4194304 in 4 millisec
[ 9412.586282] alloc_cross_bitmap: preallocate 268435456 pg, nr_longs=4194304 in 4 millisec
[ 9412.589355] alloc_cross_bitmap: preallocate 268435456 pg, nr_longs=4194304 in 4 millisec
[ 9412.589395] alloc_cross_bitmap: preallocate 268435456 pg, nr_longs=4194304 in 4 millisec
[ 9412.599255] alloc_cross_bitmap: preallocate 268435456 pg, nr_longs=4194304 in 4 millisec
[ 9412.599334] alloc_cross_bitmap: preallocate 268435456 pg, nr_longs=4194304 in 4 millisec
[ 9412.793325] alloc_cross_bitmap: preallocate 268435456 pg, nr_longs=4194304 in 4 millisec
[ 9412.818167] alloc_cross_bitmap: preallocate 268435456 pg, nr_longs=4194304 in 0 millisec
[ 9412.842866] alloc_cross_bitmap: preallocate 268435456 pg, nr_longs=4194304 in 4 millisec
[ 9412.845311] alloc_cross_bitmap: preallocate 268435456 pg, nr_longs=4194304 in 4 millisec
[ 9413.008568] alloc_cross_bitmap: preallocate 268435456 pg, nr_longs=4194304 in 4 millisec
[ 9413.008575] alloc_cross_bitmap: preallocate 268435456 pg, nr_longs=4194304 in 4 millisec
[ 9413.083166] alloc_cross_bitmap: preallocate 268435456 pg, nr_longs=4194304 in 4 millisec
[ 9413.137374] alloc_cross_bitmap: preallocate 268435456 pg, nr_longs=4194304 in 0 millisec
[ 9413.252163] alloc_cross_bitmap: preallocate 268435456 pg, nr_longs=4194304 in 4 millisec
[ 9413.255158] alloc_cross_bitmap: preallocate 268435456 pg, nr_longs=4194304 in 4 millisec
[ 9413.255278] alloc_cross_bitmap: preallocate 268435456 pg, nr_longs=4194304 in 4 millisec
[ 9413.256043] alloc_cross_bitmap: preallocate 268435456 pg, nr_longs=4194304 in 4 millisec
[ 9413.262879] alloc_cross_bitmap: preallocate 268435456 pg, nr_longs=4194304 in 4 millisec
[ 9413.262997] alloc_cross_bitmap: preallocate 268435456 pg, nr_longs=4194304 in 4 millisec
[ 9413.293243] alloc_cross_bitmap: preallocate 268435456 pg, nr_longs=4194304 in 4 millisec
[ 9413.379912] alloc_cross_bitmap: preallocate 268435456 pg, nr_longs=4194304 in 4 millisec
[ 9413.389656] alloc_cross_bitmap: preallocate 268435456 pg, nr_longs=4194304 in 0 millisec
[ 9413.409001] alloc_cross_bitmap: preallocate 268435456 pg, nr_longs=4194304 in 4 millisec
[ 9413.418642] alloc_cross_bitmap: preallocate 268435456 pg, nr_longs=4194304 in 4 millisec
[ 9413.418763] alloc_cross_bitmap: preallocate 268435456 pg, nr_longs=4194304 in 4 millisec
[ 9413.489478] alloc_cross_bitmap: preallocate 268435456 pg, nr_longs=4194304 in 0 millisec
[ 9413.498595] alloc_cross_bitmap: preallocate 268435456 pg, nr_longs=4194304 in 4 millisec
[ 9413.500168] alloc_cross_bitmap: preallocate 268435456 pg, nr_longs=4194304 in 4 millisec
[ 9413.500590] alloc_cross_bitmap: preallocate 268435456 pg, nr_longs=4194304 in 4 millisec
[ 9413.501081] alloc_cross_bitmap: preallocate 268435456 pg, nr_longs=4194304 in 4 millisec
[ 9413.502904] alloc_cross_bitmap: preallocate 268435456 pg, nr_longs=4194304 in 4 millisec
[ 9413.623220] alloc_cross_bitmap: preallocate 268435456 pg, nr_longs=4194304 in 4 millisec
[ 9413.641480] alloc_cross_bitmap: preallocate 268435456 pg, nr_longs=4194304 in 4 millisec
[ 9413.642513] alloc_cross_bitmap: preallocate 268435456 pg, nr_longs=4194304 in 4 millisec
[ 9413.650422] alloc_cross_bitmap: preallocate 268435456 pg, nr_longs=4194304 in 4 millisec
[ 9413.653858] alloc_cross_bitmap: preallocate 268435456 pg, nr_longs=4194304 in 0 millisec
[ 9413.701584] alloc_cross_bitmap: preallocate 268435456 pg, nr_longs=4194304 in 0 millisec
[ 9413.728928] alloc_cross_bitmap: preallocate 268435456 pg, nr_longs=4194304 in 4 millisec
[ 9413.737548] alloc_cross_bitmap: preallocate 268435456 pg, nr_longs=4194304 in 0 millisec
[ 9413.745643] alloc_cross_bitmap: preallocate 268435456 pg, nr_longs=4194304 in 0 millisec
[ 9413.747129] alloc_cross_bitmap: preallocate 268435456 pg, nr_longs=4194304 in 4 millisec
[ 9413.753638] alloc_cross_bitmap: preallocate 268435456 pg, nr_longs=4194304 in 0 millisec
[ 9413.754934] alloc_cross_bitmap: preallocate 268435456 pg, nr_longs=4194304 in 4 millisec
[ 9413.771050] alloc_cross_bitmap: preallocate 268435456 pg, nr_longs=4194304 in 4 millisec
[ 9413.772757] alloc_cross_bitmap: preallocate 268435456 pg, nr_longs=4194304 in 4 millisec
[ 9413.858250] alloc_cross_bitmap: preallocate 268435456 pg, nr_longs=4194304 in 4 millisec
[ 9413.864323] alloc_cross_bitmap: preallocate 268435456 pg, nr_longs=4194304 in 4 millisec
[ 9413.864424] alloc_cross_bitmap: preallocate 268435456 pg, nr_longs=4194304 in 4 millisec
[ 9413.873469] alloc_cross_bitmap: preallocate 268435456 pg, nr_longs=4194304 in 4 millisec
[ 9413.883694] alloc_cross_bitmap: preallocate 268435456 pg, nr_longs=4194304 in 4 millisec
[ 9413.886288] alloc_cross_bitmap: preallocate 268435456 pg, nr_longs=4194304 in 4 millisec
[ 9413.969067] alloc_cross_bitmap: preallocate 268435456 pg, nr_longs=4194304 in 4 millisec
[ 9413.977448] alloc_cross_bitmap: preallocate 268435456 pg, nr_longs=4194304 in 4 millisec
[ 9413.978965] alloc_cross_bitmap: preallocate 268435456 pg, nr_longs=4194304 in 4 millisec
[ 9413.983569] alloc_cross_bitmap: preallocate 268435456 pg, nr_longs=4194304 in 4 millisec
[ 9413.990719] alloc_cross_bitmap: preallocate 268435456 pg, nr_longs=4194304 in 4 millisec
[ 9414.006451] alloc_cross_bitmap: preallocate 268435456 pg, nr_longs=4194304 in 4 millisec
[ 9414.015274] alloc_cross_bitmap: preallocate 268435456 pg, nr_longs=4194304 in 4 millisec
[ 9414.087636] alloc_cross_bitmap: preallocate 268435456 pg, nr_longs=4194304 in 4 millisec
[ 9414.103380] alloc_cross_bitmap: preallocate 268435456 pg, nr_longs=4194304 in 4 millisec
[ 9414.103814] alloc_cross_bitmap: preallocate 268435456 pg, nr_longs=4194304 in 4 millisec
[ 9414.134611] alloc_cross_bitmap: preallocate 268435456 pg, nr_longs=4194304 in 4 millisec
[ 9414.158661] alloc_cross_bitmap: preallocate 268435456 pg, nr_longs=4194304 in 4 millisec
[ 9414.163469] alloc_cross_bitmap: preallocate 268435456 pg, nr_longs=4194304 in 4 millisec
[ 9414.227808] alloc_cross_bitmap: preallocate 268435456 pg, nr_longs=4194304 in 4 millisec
[ 9414.261608] alloc_cross_bitmap: preallocate 268435456 pg, nr_longs=4194304 in 0 millisec
[ 9414.265563] alloc_cross_bitmap: preallocate 268435456 pg, nr_longs=4194304 in 0 millisec
[ 9414.269769] alloc_cross_bitmap: preallocate 268435456 pg, nr_longs=4194304 in 4 millisec
[ 9414.269824] alloc_cross_bitmap: preallocate 268435456 pg, nr_longs=4194304 in 4 millisec
[ 9414.342763] alloc_cross_bitmap: preallocate 268435456 pg, nr_longs=4194304 in 4 millisec
[ 9414.403161] alloc_cross_bitmap: preallocate 268435456 pg, nr_longs=4194304 in 4 millisec
[ 9414.403457] alloc_cross_bitmap: preallocate 268435456 pg, nr_longs=4194304 in 4 millisec
[ 9414.408292] alloc_cross_bitmap: preallocate 268435456 pg, nr_longs=4194304 in 4 millisec
[ 9414.408340] alloc_cross_bitmap: preallocate 268435456 pg, nr_longs=4194304 in 4 millisec
[ 9414.465856] alloc_cross_bitmap: preallocate 268435456 pg, nr_longs=4194304 in 0 millisec
[ 9414.484368] alloc_cross_bitmap: preallocate 268435456 pg, nr_longs=4194304 in 4 millisec
[ 9414.492669] alloc_cross_bitmap: preallocate 268435456 pg, nr_longs=4194304 in 4 millisec
[ 9414.499829] alloc_cross_bitmap: preallocate 268435456 pg, nr_longs=4194304 in 4 millisec
[ 9414.499951] alloc_cross_bitmap: preallocate 268435456 pg, nr_longs=4194304 in 4 millisec
[ 9414.506357] alloc_cross_bitmap: preallocate 268435456 pg, nr_longs=4194304 in 4 millisec
[ 9414.506563] alloc_cross_bitmap: preallocate 268435456 pg, nr_longs=4194304 in 4 millisec
[ 9414.509691] alloc_cross_bitmap: preallocate 268435456 pg, nr_longs=4194304 in 0 millisec
[ 9414.518862] alloc_cross_bitmap: preallocate 268435456 pg, nr_longs=4194304 in 4 millisec
[ 9414.594753] alloc_cross_bitmap: preallocate 268435456 pg, nr_longs=4194304 in 4 millisec
[ 9415.869842] write_proc: Value of write = 0
[ 9415.869856] __do_sys_start_cross_trace: PRINT_GLOBAL_STATS 
[ 9415.869857] Final GlobalReport: nr_pages_read:13203181960, nr_pages_hit:12916823653, nr_do_read_fault:7039200, nr_pages_miss:103915898
[ 9415.869901] FinalTaskReport: db_bench:14430 - ra_orig_nr_pages:0, ra_final_nr_pages:0
                                        async_pages:1116, final_async_pages:1836
                                        full_pfetches:0, less256_pfetches:0, partial_pfetches:0
                                        failed_pfetches:0, total_pfetches:0, os_pfetches:86
                                        nr_pages_read:1869, nr_pages_hit:1020, nr_do_read_fault:161
[ 9415.873011] write_proc: Value of write = 0
[ 9415.873027] __do_sys_start_cross_trace: PRINT_GLOBAL_STATS 
[ 9415.873028] Final GlobalReport: nr_pages_read:13203181960, nr_pages_hit:12916823653, nr_do_read_fault:7039208, nr_pages_miss:103915898
[ 9415.873073] FinalTaskReport: time:14421 - ra_orig_nr_pages:0, ra_final_nr_pages:0
                                        async_pages:0, final_async_pages:25
                                        full_pfetches:0, less256_pfetches:0, partial_pfetches:0
                                        failed_pfetches:0, total_pfetches:0, os_pfetches:1
                                        nr_pages_read:0, nr_pages_hit:0, nr_do_read_fault:17
