ENABLE_FILE_STATS in con
ENABLE_FILE_STATS in con
RocksDB:    version 6.20
Date:       Wed Aug 10 18:34:27 2022
CPU:        48 * AMD EPYC 7402P 24-Core Processor
CPUCache:   512 KB
Initializing RocksDB Options from the specified file
Initializing RocksDB Options from command-line flags
Keys:       1000 bytes each (+ 0 bytes user-defined timestamp)
Values:     4096 bytes each (2048 bytes after compression)
Entries:    2000000
Prefix:    0 bytes
Keys per prefix:    0
RawSize:    9719.8 MB (estimated)
FileSize:   5813.6 MB (estimated)
Write rate: 0 bytes/second
Read rate: 0 ops/second
Compression: Snappy
Compression sampling rate: 0
Memtablerep: skip_list
Perf Level: 1
------------------------------------------------
DB path: [/users/kannan11/ssd/sudarsun/prefetching/appbench/apps/rocksdb/DATA]
compact      :    2199.000 micros/op 1862 ops/sec;
DESTRUCTOR GETTING CALLED 
PRINT_GLOBAL_STATS in dest
	Command being timed: "./db_bench --db=/users/kannan11/ssd/sudarsun/prefetching/appbench/apps/rocksdb/DATA --value_size=4096 --wal_dir=/users/kannan11/ssd/sudarsun/prefetching/appbench/apps/rocksdb/DATA/WAL_LOG --sync=0 --key_size=1000 --write_buffer_size=67108864 --num=2000000 --benchmarks=compact --use_existing_db=1 --mmap_read=0 --threads=32"
	User time (seconds): 0.22
	System time (seconds): 6.02
	Percent of CPU this job got: 372%
	Elapsed (wall clock) time (h:mm:ss or m:ss): 0:01.67
	Average shared text size (kbytes): 0
	Average unshared data size (kbytes): 0
	Average stack size (kbytes): 0
	Average total size (kbytes): 0
	Maximum resident set size (kbytes): 6206480
	Average resident set size (kbytes): 0
	Major (requiring I/O) page faults: 76
	Minor (reclaiming a frame) page faults: 1550399
	Voluntary context switches: 4516
	Involuntary context switches: 9
	Swaps: 0
	File system inputs: 127432
	File system outputs: 1664
	Socket messages sent: 0
	Socket messages received: 0
	Signals delivered: 0
	Page size (bytes): 4096
	Exit status: 0
DESTRUCTOR GETTING CALLED 
PRINT_GLOBAL_STATS in dest
[ 9350.890006] free_cross_bitmap: releasing mem for inode with i_count 2
[ 9350.897281] free_cross_bitmap: releasing mem for inode with i_count 2
[ 9350.904490] free_cross_bitmap: releasing mem for inode with i_count 2
[ 9350.911554] free_cross_bitmap: releasing mem for inode with i_count 2
[ 9350.918463] free_cross_bitmap: releasing mem for inode with i_count 2
[ 9350.925373] free_cross_bitmap: releasing mem for inode with i_count 2
[ 9350.932333] free_cross_bitmap: releasing mem for inode with i_count 2
[ 9350.939281] free_cross_bitmap: releasing mem for inode with i_count 2
[ 9350.946233] free_cross_bitmap: releasing mem for inode with i_count 2
[ 9350.953552] free_cross_bitmap: releasing mem for inode with i_count 2
[ 9350.960524] free_cross_bitmap: releasing mem for inode with i_count 2
[ 9350.967754] free_cross_bitmap: releasing mem for inode with i_count 2
[ 9350.974709] free_cross_bitmap: releasing mem for inode with i_count 2
[ 9350.981877] free_cross_bitmap: releasing mem for inode with i_count 2
[ 9350.988846] free_cross_bitmap: releasing mem for inode with i_count 2
[ 9350.996653] free_cross_bitmap: releasing mem for inode with i_count 2
[ 9351.003685] free_cross_bitmap: releasing mem for inode with i_count 2
[ 9351.010856] free_cross_bitmap: releasing mem for inode with i_count 2
[ 9351.017824] free_cross_bitmap: releasing mem for inode with i_count 2
[ 9351.024864] free_cross_bitmap: releasing mem for inode with i_count 2
[ 9351.032029] free_cross_bitmap: releasing mem for inode with i_count 2
[ 9351.039284] free_cross_bitmap: releasing mem for inode with i_count 2
[ 9351.046294] free_cross_bitmap: releasing mem for inode with i_count 2
[ 9351.053224] free_cross_bitmap: releasing mem for inode with i_count 2
[ 9351.060229] free_cross_bitmap: releasing mem for inode with i_count 2
[ 9351.067154] free_cross_bitmap: releasing mem for inode with i_count 2
[ 9351.074141] free_cross_bitmap: releasing mem for inode with i_count 2
[ 9351.082104] free_cross_bitmap: releasing mem for inode with i_count 2
[ 9351.089186] free_cross_bitmap: releasing mem for inode with i_count 2
[ 9351.096134] free_cross_bitmap: releasing mem for inode with i_count 2
[ 9351.103297] free_cross_bitmap: releasing mem for inode with i_count 2
[ 9351.110460] free_cross_bitmap: releasing mem for inode with i_count 2
[ 9351.117644] free_cross_bitmap: releasing mem for inode with i_count 2
[ 9351.124984] free_cross_bitmap: releasing mem for inode with i_count 2
[ 9351.132127] free_cross_bitmap: releasing mem for inode with i_count 2
[ 9351.139278] free_cross_bitmap: releasing mem for inode with i_count 2
[ 9351.146377] free_cross_bitmap: releasing mem for inode with i_count 2
[ 9351.153341] free_cross_bitmap: releasing mem for inode with i_count 2
[ 9351.160486] free_cross_bitmap: releasing mem for inode with i_count 2
[ 9351.167712] free_cross_bitmap: releasing mem for inode with i_count 2
[ 9351.174685] free_cross_bitmap: releasing mem for inode with i_count 2
[ 9351.181686] free_cross_bitmap: releasing mem for inode with i_count 2
[ 9351.188689] free_cross_bitmap: releasing mem for inode with i_count 2
[ 9351.195622] free_cross_bitmap: releasing mem for inode with i_count 2
[ 9351.202623] free_cross_bitmap: releasing mem for inode with i_count 2
[ 9351.209950] free_cross_bitmap: releasing mem for inode with i_count 2
[ 9351.216893] free_cross_bitmap: releasing mem for inode with i_count 2
[ 9351.223865] free_cross_bitmap: releasing mem for inode with i_count 2
[ 9351.230854] free_cross_bitmap: releasing mem for inode with i_count 2
[ 9351.237814] free_cross_bitmap: releasing mem for inode with i_count 2
[ 9351.244789] free_cross_bitmap: releasing mem for inode with i_count 2
[ 9351.252058] free_cross_bitmap: releasing mem for inode with i_count 2
[ 9351.259067] free_cross_bitmap: releasing mem for inode with i_count 2
[ 9351.266125] free_cross_bitmap: releasing mem for inode with i_count 2
[ 9351.273067] free_cross_bitmap: releasing mem for inode with i_count 2
[ 9351.280050] free_cross_bitmap: releasing mem for inode with i_count 2
[ 9351.287068] free_cross_bitmap: releasing mem for inode with i_count 2
[ 9351.294392] free_cross_bitmap: releasing mem for inode with i_count 2
[ 9351.301358] free_cross_bitmap: releasing mem for inode with i_count 2
[ 9351.308361] free_cross_bitmap: releasing mem for inode with i_count 2
[ 9351.315342] free_cross_bitmap: releasing mem for inode with i_count 2
[ 9351.322357] free_cross_bitmap: releasing mem for inode with i_count 2
[ 9351.329313] free_cross_bitmap: releasing mem for inode with i_count 2
[ 9351.336639] free_cross_bitmap: releasing mem for inode with i_count 2
[ 9351.343582] free_cross_bitmap: releasing mem for inode with i_count 2
[ 9351.350595] free_cross_bitmap: releasing mem for inode with i_count 2
[ 9351.357569] free_cross_bitmap: releasing mem for inode with i_count 2
[ 9351.364521] free_cross_bitmap: releasing mem for inode with i_count 2
[ 9351.371488] free_cross_bitmap: releasing mem for inode with i_count 2
[ 9351.378741] free_cross_bitmap: releasing mem for inode with i_count 2
[ 9351.385714] free_cross_bitmap: releasing mem for inode with i_count 2
[ 9351.392710] free_cross_bitmap: releasing mem for inode with i_count 2
[ 9351.399614] free_cross_bitmap: releasing mem for inode with i_count 2
[ 9351.406588] free_cross_bitmap: releasing mem for inode with i_count 2
[ 9351.413486] free_cross_bitmap: releasing mem for inode with i_count 2
[ 9351.420722] free_cross_bitmap: releasing mem for inode with i_count 2
[ 9351.427697] free_cross_bitmap: releasing mem for inode with i_count 2
[ 9351.434642] free_cross_bitmap: releasing mem for inode with i_count 2
[ 9351.441628] free_cross_bitmap: releasing mem for inode with i_count 2
[ 9351.448578] free_cross_bitmap: releasing mem for inode with i_count 2
[ 9351.455563] free_cross_bitmap: releasing mem for inode with i_count 2
[ 9351.462928] free_cross_bitmap: releasing mem for inode with i_count 2
[ 9351.469823] free_cross_bitmap: releasing mem for inode with i_count 2
[ 9351.476739] free_cross_bitmap: releasing mem for inode with i_count 2
[ 9351.483660] free_cross_bitmap: releasing mem for inode with i_count 2
[ 9351.490610] free_cross_bitmap: releasing mem for inode with i_count 2
[ 9351.497536] free_cross_bitmap: releasing mem for inode with i_count 2
[ 9351.504790] free_cross_bitmap: releasing mem for inode with i_count 2
[ 9351.511760] free_cross_bitmap: releasing mem for inode with i_count 2
[ 9351.518687] free_cross_bitmap: releasing mem for inode with i_count 2
[ 9351.525669] free_cross_bitmap: releasing mem for inode with i_count 2
[ 9351.532596] free_cross_bitmap: releasing mem for inode with i_count 2
[ 9351.539546] free_cross_bitmap: releasing mem for inode with i_count 2
[ 9351.546890] free_cross_bitmap: releasing mem for inode with i_count 2
[ 9351.553823] free_cross_bitmap: releasing mem for inode with i_count 2
[ 9351.560907] free_cross_bitmap: releasing mem for inode with i_count 2
[ 9351.567880] free_cross_bitmap: releasing mem for inode with i_count 2
[ 9351.574820] free_cross_bitmap: releasing mem for inode with i_count 2
[ 9351.581765] free_cross_bitmap: releasing mem for inode with i_count 2
[ 9351.589031] free_cross_bitmap: releasing mem for inode with i_count 2
[ 9351.595983] free_cross_bitmap: releasing mem for inode with i_count 2
[ 9351.602908] free_cross_bitmap: releasing mem for inode with i_count 2
[ 9351.609829] free_cross_bitmap: releasing mem for inode with i_count 2
[ 9351.616822] free_cross_bitmap: releasing mem for inode with i_count 2
[ 9351.623756] free_cross_bitmap: releasing mem for inode with i_count 2
[ 9351.631128] free_cross_bitmap: releasing mem for inode with i_count 2
[ 9351.638120] free_cross_bitmap: releasing mem for inode with i_count 2
[ 9351.645063] free_cross_bitmap: releasing mem for inode with i_count 2
[ 9351.652054] free_cross_bitmap: releasing mem for inode with i_count 2
[ 9351.659015] free_cross_bitmap: releasing mem for inode with i_count 2
[ 9351.665980] free_cross_bitmap: releasing mem for inode with i_count 2
[ 9351.673282] free_cross_bitmap: releasing mem for inode with i_count 2
[ 9351.680188] free_cross_bitmap: releasing mem for inode with i_count 2
[ 9351.687179] free_cross_bitmap: releasing mem for inode with i_count 2
[ 9351.694089] free_cross_bitmap: releasing mem for inode with i_count 2
[ 9351.701026] free_cross_bitmap: releasing mem for inode with i_count 2
[ 9351.708022] free_cross_bitmap: releasing mem for inode with i_count 2
[ 9351.715349] free_cross_bitmap: releasing mem for inode with i_count 2
[ 9351.722329] free_cross_bitmap: releasing mem for inode with i_count 2
[ 9351.729261] free_cross_bitmap: releasing mem for inode with i_count 2
[ 9351.736235] free_cross_bitmap: releasing mem for inode with i_count 2
[ 9351.743188] free_cross_bitmap: releasing mem for inode with i_count 2
[ 9351.750097] free_cross_bitmap: releasing mem for inode with i_count 2
[ 9351.757438] free_cross_bitmap: releasing mem for inode with i_count 2
[ 9351.764375] free_cross_bitmap: releasing mem for inode with i_count 2
[ 9351.771335] free_cross_bitmap: releasing mem for inode with i_count 2
[ 9351.778282] free_cross_bitmap: releasing mem for inode with i_count 2
[ 9351.785206] free_cross_bitmap: releasing mem for inode with i_count 2
[ 9351.792148] free_cross_bitmap: releasing mem for inode with i_count 2
[ 9351.799429] free_cross_bitmap: releasing mem for inode with i_count 2
[ 9351.806364] free_cross_bitmap: releasing mem for inode with i_count 2
[ 9351.813276] free_cross_bitmap: releasing mem for inode with i_count 2
[ 9351.820162] free_cross_bitmap: releasing mem for inode with i_count 2
[ 9351.827098] free_cross_bitmap: releasing mem for inode with i_count 2
[ 9351.834033] free_cross_bitmap: releasing mem for inode with i_count 2
[ 9351.841282] free_cross_bitmap: releasing mem for inode with i_count 2
[ 9351.848200] free_cross_bitmap: releasing mem for inode with i_count 2
[ 9351.855128] free_cross_bitmap: releasing mem for inode with i_count 2
[ 9351.862058] free_cross_bitmap: releasing mem for inode with i_count 2
[ 9351.868995] free_cross_bitmap: releasing mem for inode with i_count 2
[ 9351.875911] free_cross_bitmap: releasing mem for inode with i_count 2
[ 9351.883195] free_cross_bitmap: releasing mem for inode with i_count 2
[ 9351.890116] free_cross_bitmap: releasing mem for inode with i_count 2
[ 9351.897067] free_cross_bitmap: releasing mem for inode with i_count 2
[ 9351.904000] free_cross_bitmap: releasing mem for inode with i_count 2
[ 9351.910895] free_cross_bitmap: releasing mem for inode with i_count 2
[ 9351.917819] free_cross_bitmap: releasing mem for inode with i_count 2
[ 9351.925071] free_cross_bitmap: releasing mem for inode with i_count 2
[ 9351.931991] free_cross_bitmap: releasing mem for inode with i_count 2
[ 9351.938894] free_cross_bitmap: releasing mem for inode with i_count 2
[ 9351.945825] free_cross_bitmap: releasing mem for inode with i_count 2
[ 9351.952765] free_cross_bitmap: releasing mem for inode with i_count 2
[ 9351.959699] free_cross_bitmap: releasing mem for inode with i_count 2
[ 9351.967060] free_cross_bitmap: releasing mem for inode with i_count 2
[ 9351.973989] free_cross_bitmap: releasing mem for inode with i_count 2
[ 9351.980895] free_cross_bitmap: releasing mem for inode with i_count 2
[ 9351.987816] free_cross_bitmap: releasing mem for inode with i_count 2
[ 9351.994737] free_cross_bitmap: releasing mem for inode with i_count 2
[ 9352.001664] free_cross_bitmap: releasing mem for inode with i_count 2
[ 9352.009018] free_cross_bitmap: releasing mem for inode with i_count 2
[ 9352.015951] free_cross_bitmap: releasing mem for inode with i_count 2
[ 9352.022897] free_cross_bitmap: releasing mem for inode with i_count 2
[ 9352.029835] free_cross_bitmap: releasing mem for inode with i_count 2
[ 9352.036762] free_cross_bitmap: releasing mem for inode with i_count 2
[ 9352.043667] free_cross_bitmap: releasing mem for inode with i_count 2
[ 9352.050908] free_cross_bitmap: releasing mem for inode with i_count 2
[ 9352.057788] free_cross_bitmap: releasing mem for inode with i_count 2
[ 9352.064691] free_cross_bitmap: releasing mem for inode with i_count 2
[ 9352.071568] free_cross_bitmap: releasing mem for inode with i_count 2
[ 9352.078476] free_cross_bitmap: releasing mem for inode with i_count 2
[ 9352.085425] free_cross_bitmap: releasing mem for inode with i_count 2
[ 9352.092636] free_cross_bitmap: releasing mem for inode with i_count 2
[ 9352.099587] free_cross_bitmap: releasing mem for inode with i_count 2
[ 9352.106472] free_cross_bitmap: releasing mem for inode with i_count 2
[ 9352.113378] free_cross_bitmap: releasing mem for inode with i_count 2
[ 9352.120292] free_cross_bitmap: releasing mem for inode with i_count 2
[ 9352.127192] free_cross_bitmap: releasing mem for inode with i_count 2
[ 9352.134480] free_cross_bitmap: releasing mem for inode with i_count 2
[ 9352.141370] free_cross_bitmap: releasing mem for inode with i_count 2
[ 9352.148279] free_cross_bitmap: releasing mem for inode with i_count 2
[ 9352.155176] free_cross_bitmap: releasing mem for inode with i_count 2
[ 9352.162058] free_cross_bitmap: releasing mem for inode with i_count 2
[ 9352.168969] free_cross_bitmap: releasing mem for inode with i_count 2
[ 9352.176327] free_cross_bitmap: releasing mem for inode with i_count 2
[ 9352.183233] free_cross_bitmap: releasing mem for inode with i_count 2
[ 9352.192044] free_cross_bitmap: releasing mem for inode with i_count 2
[ 9352.199283] sh (12602): drop_caches: 3
[ 9352.232081] sh (12793): drop_caches: 3
[ 9357.258337] Enabled file stats for time:12800
[ 9357.258548] write_proc: Value of write = 1
[ 9357.264167] Enabled file stats for db_bench:12809
[ 9357.264364] write_proc: Value of write = 1
[ 9357.313900] alloc_cross_bitmap: preallocate 268435456 pg, nr_longs=4194304 in 4 millisec
[ 9357.315696] alloc_cross_bitmap: preallocate 268435456 pg, nr_longs=4194304 in 8 millisec
[ 9357.320433] alloc_cross_bitmap: preallocate 268435456 pg, nr_longs=4194304 in 12 millisec
[ 9357.320726] alloc_cross_bitmap: preallocate 268435456 pg, nr_longs=4194304 in 12 millisec
[ 9357.320937] alloc_cross_bitmap: preallocate 268435456 pg, nr_longs=4194304 in 12 millisec
[ 9357.321629] alloc_cross_bitmap: preallocate 268435456 pg, nr_longs=4194304 in 12 millisec
[ 9357.322080] alloc_cross_bitmap: preallocate 268435456 pg, nr_longs=4194304 in 12 millisec
[ 9357.322627] alloc_cross_bitmap: preallocate 268435456 pg, nr_longs=4194304 in 16 millisec
[ 9357.322680] alloc_cross_bitmap: preallocate 268435456 pg, nr_longs=4194304 in 16 millisec
[ 9357.322708] alloc_cross_bitmap: preallocate 268435456 pg, nr_longs=4194304 in 16 millisec
[ 9357.323032] alloc_cross_bitmap: preallocate 268435456 pg, nr_longs=4194304 in 16 millisec
[ 9357.323058] alloc_cross_bitmap: preallocate 268435456 pg, nr_longs=4194304 in 16 millisec
[ 9357.323106] alloc_cross_bitmap: preallocate 268435456 pg, nr_longs=4194304 in 16 millisec
[ 9357.323223] alloc_cross_bitmap: preallocate 268435456 pg, nr_longs=4194304 in 16 millisec
[ 9357.324235] alloc_cross_bitmap: preallocate 268435456 pg, nr_longs=4194304 in 16 millisec
[ 9357.324246] alloc_cross_bitmap: preallocate 268435456 pg, nr_longs=4194304 in 16 millisec
[ 9357.334651] alloc_cross_bitmap: preallocate 268435456 pg, nr_longs=4194304 in 4 millisec
[ 9357.338428] alloc_cross_bitmap: preallocate 268435456 pg, nr_longs=4194304 in 4 millisec
[ 9357.350971] alloc_cross_bitmap: preallocate 268435456 pg, nr_longs=4194304 in 4 millisec
[ 9357.351324] alloc_cross_bitmap: preallocate 268435456 pg, nr_longs=4194304 in 4 millisec
[ 9357.351725] alloc_cross_bitmap: preallocate 268435456 pg, nr_longs=4194304 in 4 millisec
[ 9357.352594] alloc_cross_bitmap: preallocate 268435456 pg, nr_longs=4194304 in 4 millisec
[ 9357.355128] alloc_cross_bitmap: preallocate 268435456 pg, nr_longs=4194304 in 8 millisec
[ 9357.357361] alloc_cross_bitmap: preallocate 268435456 pg, nr_longs=4194304 in 8 millisec
[ 9357.357461] alloc_cross_bitmap: preallocate 268435456 pg, nr_longs=4194304 in 8 millisec
[ 9357.357478] alloc_cross_bitmap: preallocate 268435456 pg, nr_longs=4194304 in 8 millisec
[ 9357.357713] alloc_cross_bitmap: preallocate 268435456 pg, nr_longs=4194304 in 8 millisec
[ 9357.359948] alloc_cross_bitmap: preallocate 268435456 pg, nr_longs=4194304 in 12 millisec
[ 9357.360010] alloc_cross_bitmap: preallocate 268435456 pg, nr_longs=4194304 in 12 millisec
[ 9357.360024] alloc_cross_bitmap: preallocate 268435456 pg, nr_longs=4194304 in 4 millisec
[ 9357.360045] alloc_cross_bitmap: preallocate 268435456 pg, nr_longs=4194304 in 12 millisec
[ 9357.361587] alloc_cross_bitmap: preallocate 268435456 pg, nr_longs=4194304 in 4 millisec
[ 9357.376406] alloc_cross_bitmap: preallocate 268435456 pg, nr_longs=4194304 in 4 millisec
[ 9357.377857] alloc_cross_bitmap: preallocate 268435456 pg, nr_longs=4194304 in 4 millisec
[ 9357.380396] alloc_cross_bitmap: preallocate 268435456 pg, nr_longs=4194304 in 4 millisec
[ 9357.382265] alloc_cross_bitmap: preallocate 268435456 pg, nr_longs=4194304 in 4 millisec
[ 9357.383004] alloc_cross_bitmap: preallocate 268435456 pg, nr_longs=4194304 in 4 millisec
[ 9357.388022] alloc_cross_bitmap: preallocate 268435456 pg, nr_longs=4194304 in 4 millisec
[ 9357.388238] alloc_cross_bitmap: preallocate 268435456 pg, nr_longs=4194304 in 4 millisec
[ 9357.388562] alloc_cross_bitmap: preallocate 268435456 pg, nr_longs=4194304 in 4 millisec
[ 9357.390126] alloc_cross_bitmap: preallocate 268435456 pg, nr_longs=4194304 in 4 millisec
[ 9357.392761] alloc_cross_bitmap: preallocate 268435456 pg, nr_longs=4194304 in 8 millisec
[ 9357.393275] alloc_cross_bitmap: preallocate 268435456 pg, nr_longs=4194304 in 4 millisec
[ 9357.394497] alloc_cross_bitmap: preallocate 268435456 pg, nr_longs=4194304 in 12 millisec
[ 9357.394589] alloc_cross_bitmap: preallocate 268435456 pg, nr_longs=4194304 in 12 millisec
[ 9357.394838] alloc_cross_bitmap: preallocate 268435456 pg, nr_longs=4194304 in 8 millisec
[ 9357.400163] alloc_cross_bitmap: preallocate 268435456 pg, nr_longs=4194304 in 4 millisec
[ 9357.401106] alloc_cross_bitmap: preallocate 268435456 pg, nr_longs=4194304 in 4 millisec
[ 9357.401285] alloc_cross_bitmap: preallocate 268435456 pg, nr_longs=4194304 in 4 millisec
[ 9357.401986] alloc_cross_bitmap: preallocate 268435456 pg, nr_longs=4194304 in 0 millisec
[ 9357.403197] alloc_cross_bitmap: preallocate 268435456 pg, nr_longs=4194304 in 4 millisec
[ 9357.406088] alloc_cross_bitmap: preallocate 268435456 pg, nr_longs=4194304 in 0 millisec
[ 9357.406241] alloc_cross_bitmap: preallocate 268435456 pg, nr_longs=4194304 in 4 millisec
[ 9357.454574] alloc_cross_bitmap: preallocate 268435456 pg, nr_longs=4194304 in 4 millisec
[ 9357.460545] alloc_cross_bitmap: preallocate 268435456 pg, nr_longs=4194304 in 8 millisec
[ 9357.461196] alloc_cross_bitmap: preallocate 268435456 pg, nr_longs=4194304 in 8 millisec
[ 9357.461557] alloc_cross_bitmap: preallocate 268435456 pg, nr_longs=4194304 in 8 millisec
[ 9357.461973] alloc_cross_bitmap: preallocate 268435456 pg, nr_longs=4194304 in 8 millisec
[ 9357.462308] alloc_cross_bitmap: preallocate 268435456 pg, nr_longs=4194304 in 12 millisec
[ 9357.462941] alloc_cross_bitmap: preallocate 268435456 pg, nr_longs=4194304 in 12 millisec
[ 9357.463586] alloc_cross_bitmap: preallocate 268435456 pg, nr_longs=4194304 in 12 millisec
[ 9357.464001] alloc_cross_bitmap: preallocate 268435456 pg, nr_longs=4194304 in 12 millisec
[ 9357.464107] alloc_cross_bitmap: preallocate 268435456 pg, nr_longs=4194304 in 12 millisec
[ 9357.464110] alloc_cross_bitmap: preallocate 268435456 pg, nr_longs=4194304 in 12 millisec
[ 9357.464114] alloc_cross_bitmap: preallocate 268435456 pg, nr_longs=4194304 in 12 millisec
[ 9357.464183] alloc_cross_bitmap: preallocate 268435456 pg, nr_longs=4194304 in 12 millisec
[ 9357.464204] alloc_cross_bitmap: preallocate 268435456 pg, nr_longs=4194304 in 12 millisec
[ 9357.464210] alloc_cross_bitmap: preallocate 268435456 pg, nr_longs=4194304 in 12 millisec
[ 9357.477354] alloc_cross_bitmap: preallocate 268435456 pg, nr_longs=4194304 in 4 millisec
[ 9357.489977] alloc_cross_bitmap: preallocate 268435456 pg, nr_longs=4194304 in 4 millisec
[ 9357.490699] alloc_cross_bitmap: preallocate 268435456 pg, nr_longs=4194304 in 8 millisec
[ 9357.492047] alloc_cross_bitmap: preallocate 268435456 pg, nr_longs=4194304 in 4 millisec
[ 9357.492919] alloc_cross_bitmap: preallocate 268435456 pg, nr_longs=4194304 in 4 millisec
[ 9357.495340] alloc_cross_bitmap: preallocate 268435456 pg, nr_longs=4194304 in 8 millisec
[ 9357.497775] alloc_cross_bitmap: preallocate 268435456 pg, nr_longs=4194304 in 8 millisec
[ 9357.498410] alloc_cross_bitmap: preallocate 268435456 pg, nr_longs=4194304 in 12 millisec
[ 9357.499013] alloc_cross_bitmap: preallocate 268435456 pg, nr_longs=4194304 in 8 millisec
[ 9357.499668] alloc_cross_bitmap: preallocate 268435456 pg, nr_longs=4194304 in 8 millisec
[ 9357.500660] alloc_cross_bitmap: preallocate 268435456 pg, nr_longs=4194304 in 8 millisec
[ 9357.500761] alloc_cross_bitmap: preallocate 268435456 pg, nr_longs=4194304 in 8 millisec
[ 9357.501324] alloc_cross_bitmap: preallocate 268435456 pg, nr_longs=4194304 in 8 millisec
[ 9357.501540] alloc_cross_bitmap: preallocate 268435456 pg, nr_longs=4194304 in 8 millisec
[ 9357.501582] alloc_cross_bitmap: preallocate 268435456 pg, nr_longs=4194304 in 8 millisec
[ 9357.501616] alloc_cross_bitmap: preallocate 268435456 pg, nr_longs=4194304 in 8 millisec
[ 9357.502979] alloc_cross_bitmap: preallocate 268435456 pg, nr_longs=4194304 in 4 millisec
[ 9357.512704] alloc_cross_bitmap: preallocate 268435456 pg, nr_longs=4194304 in 4 millisec
[ 9357.512999] alloc_cross_bitmap: preallocate 268435456 pg, nr_longs=4194304 in 4 millisec
[ 9357.517501] alloc_cross_bitmap: preallocate 268435456 pg, nr_longs=4194304 in 4 millisec
[ 9357.517589] alloc_cross_bitmap: preallocate 268435456 pg, nr_longs=4194304 in 4 millisec
[ 9357.528109] alloc_cross_bitmap: preallocate 268435456 pg, nr_longs=4194304 in 4 millisec
[ 9357.529202] alloc_cross_bitmap: preallocate 268435456 pg, nr_longs=4194304 in 4 millisec
[ 9357.529376] alloc_cross_bitmap: preallocate 268435456 pg, nr_longs=4194304 in 4 millisec
[ 9357.530945] alloc_cross_bitmap: preallocate 268435456 pg, nr_longs=4194304 in 8 millisec
[ 9357.532771] alloc_cross_bitmap: preallocate 268435456 pg, nr_longs=4194304 in 4 millisec
[ 9357.533015] alloc_cross_bitmap: preallocate 268435456 pg, nr_longs=4194304 in 4 millisec
[ 9357.533797] alloc_cross_bitmap: preallocate 268435456 pg, nr_longs=4194304 in 4 millisec
[ 9357.534419] alloc_cross_bitmap: preallocate 268435456 pg, nr_longs=4194304 in 8 millisec
[ 9357.535366] alloc_cross_bitmap: preallocate 268435456 pg, nr_longs=4194304 in 8 millisec
[ 9357.535815] alloc_cross_bitmap: preallocate 268435456 pg, nr_longs=4194304 in 8 millisec
[ 9357.535854] alloc_cross_bitmap: preallocate 268435456 pg, nr_longs=4194304 in 8 millisec
[ 9357.538614] alloc_cross_bitmap: preallocate 268435456 pg, nr_longs=4194304 in 8 millisec
[ 9357.539403] alloc_cross_bitmap: preallocate 268435456 pg, nr_longs=4194304 in 8 millisec
[ 9357.539433] alloc_cross_bitmap: preallocate 268435456 pg, nr_longs=4194304 in 8 millisec
[ 9357.550958] alloc_cross_bitmap: preallocate 268435456 pg, nr_longs=4194304 in 4 millisec
[ 9357.552455] alloc_cross_bitmap: preallocate 268435456 pg, nr_longs=4194304 in 4 millisec
[ 9357.552843] alloc_cross_bitmap: preallocate 268435456 pg, nr_longs=4194304 in 4 millisec
[ 9357.554559] alloc_cross_bitmap: preallocate 268435456 pg, nr_longs=4194304 in 4 millisec
[ 9357.557551] alloc_cross_bitmap: preallocate 268435456 pg, nr_longs=4194304 in 4 millisec
[ 9357.557618] alloc_cross_bitmap: preallocate 268435456 pg, nr_longs=4194304 in 4 millisec
[ 9357.557630] alloc_cross_bitmap: preallocate 268435456 pg, nr_longs=4194304 in 4 millisec
[ 9357.558306] alloc_cross_bitmap: preallocate 268435456 pg, nr_longs=4194304 in 8 millisec
[ 9357.558555] alloc_cross_bitmap: preallocate 268435456 pg, nr_longs=4194304 in 8 millisec
[ 9357.558587] alloc_cross_bitmap: preallocate 268435456 pg, nr_longs=4194304 in 8 millisec
[ 9357.558770] alloc_cross_bitmap: preallocate 268435456 pg, nr_longs=4194304 in 8 millisec
[ 9357.600246] alloc_cross_bitmap: preallocate 268435456 pg, nr_longs=4194304 in 8 millisec
[ 9357.601906] alloc_cross_bitmap: preallocate 268435456 pg, nr_longs=4194304 in 8 millisec
[ 9357.601988] alloc_cross_bitmap: preallocate 268435456 pg, nr_longs=4194304 in 8 millisec
[ 9357.602102] alloc_cross_bitmap: preallocate 268435456 pg, nr_longs=4194304 in 8 millisec
[ 9357.602360] alloc_cross_bitmap: preallocate 268435456 pg, nr_longs=4194304 in 12 millisec
[ 9357.602487] alloc_cross_bitmap: preallocate 268435456 pg, nr_longs=4194304 in 12 millisec
[ 9357.602953] alloc_cross_bitmap: preallocate 268435456 pg, nr_longs=4194304 in 12 millisec
[ 9357.603501] alloc_cross_bitmap: preallocate 268435456 pg, nr_longs=4194304 in 12 millisec
[ 9357.603680] alloc_cross_bitmap: preallocate 268435456 pg, nr_longs=4194304 in 12 millisec
[ 9357.603710] alloc_cross_bitmap: preallocate 268435456 pg, nr_longs=4194304 in 12 millisec
[ 9357.603845] alloc_cross_bitmap: preallocate 268435456 pg, nr_longs=4194304 in 12 millisec
[ 9357.604025] alloc_cross_bitmap: preallocate 268435456 pg, nr_longs=4194304 in 12 millisec
[ 9357.604040] alloc_cross_bitmap: preallocate 268435456 pg, nr_longs=4194304 in 12 millisec
[ 9357.604544] alloc_cross_bitmap: preallocate 268435456 pg, nr_longs=4194304 in 12 millisec
[ 9357.604548] alloc_cross_bitmap: preallocate 268435456 pg, nr_longs=4194304 in 12 millisec
[ 9357.628275] alloc_cross_bitmap: preallocate 268435456 pg, nr_longs=4194304 in 4 millisec
[ 9357.631461] alloc_cross_bitmap: preallocate 268435456 pg, nr_longs=4194304 in 4 millisec
[ 9357.634352] alloc_cross_bitmap: preallocate 268435456 pg, nr_longs=4194304 in 8 millisec
[ 9357.636317] alloc_cross_bitmap: preallocate 268435456 pg, nr_longs=4194304 in 8 millisec
[ 9357.638793] alloc_cross_bitmap: preallocate 268435456 pg, nr_longs=4194304 in 12 millisec
[ 9357.639924] alloc_cross_bitmap: preallocate 268435456 pg, nr_longs=4194304 in 8 millisec
[ 9357.640367] alloc_cross_bitmap: preallocate 268435456 pg, nr_longs=4194304 in 8 millisec
[ 9357.640707] alloc_cross_bitmap: preallocate 268435456 pg, nr_longs=4194304 in 8 millisec
[ 9357.641686] alloc_cross_bitmap: preallocate 268435456 pg, nr_longs=4194304 in 8 millisec
[ 9357.642131] alloc_cross_bitmap: preallocate 268435456 pg, nr_longs=4194304 in 8 millisec
[ 9357.642218] alloc_cross_bitmap: preallocate 268435456 pg, nr_longs=4194304 in 12 millisec
[ 9357.642255] alloc_cross_bitmap: preallocate 268435456 pg, nr_longs=4194304 in 12 millisec
[ 9357.642397] alloc_cross_bitmap: preallocate 268435456 pg, nr_longs=4194304 in 12 millisec
[ 9357.642458] alloc_cross_bitmap: preallocate 268435456 pg, nr_longs=4194304 in 12 millisec
[ 9357.642481] alloc_cross_bitmap: preallocate 268435456 pg, nr_longs=4194304 in 12 millisec
[ 9357.642510] alloc_cross_bitmap: preallocate 268435456 pg, nr_longs=4194304 in 12 millisec
[ 9357.647861] alloc_cross_bitmap: preallocate 268435456 pg, nr_longs=4194304 in 4 millisec
[ 9357.652925] alloc_cross_bitmap: preallocate 268435456 pg, nr_longs=4194304 in 4 millisec
[ 9357.661802] alloc_cross_bitmap: preallocate 268435456 pg, nr_longs=4194304 in 4 millisec
[ 9357.663498] alloc_cross_bitmap: preallocate 268435456 pg, nr_longs=4194304 in 4 millisec
[ 9357.668132] alloc_cross_bitmap: preallocate 268435456 pg, nr_longs=4194304 in 4 millisec
[ 9357.671629] alloc_cross_bitmap: preallocate 268435456 pg, nr_longs=4194304 in 4 millisec
[ 9357.674226] alloc_cross_bitmap: preallocate 268435456 pg, nr_longs=4194304 in 8 millisec
[ 9357.674820] alloc_cross_bitmap: preallocate 268435456 pg, nr_longs=4194304 in 8 millisec
[ 9357.676122] alloc_cross_bitmap: preallocate 268435456 pg, nr_longs=4194304 in 8 millisec
[ 9357.677090] alloc_cross_bitmap: preallocate 268435456 pg, nr_longs=4194304 in 8 millisec
[ 9357.678079] alloc_cross_bitmap: preallocate 268435456 pg, nr_longs=4194304 in 8 millisec
[ 9357.678209] alloc_cross_bitmap: preallocate 268435456 pg, nr_longs=4194304 in 12 millisec
[ 9357.678516] alloc_cross_bitmap: preallocate 268435456 pg, nr_longs=4194304 in 8 millisec
[ 9357.679449] alloc_cross_bitmap: preallocate 268435456 pg, nr_longs=4194304 in 8 millisec
[ 9357.679613] alloc_cross_bitmap: preallocate 268435456 pg, nr_longs=4194304 in 8 millisec
[ 9357.679666] alloc_cross_bitmap: preallocate 268435456 pg, nr_longs=4194304 in 8 millisec
[ 9357.679680] alloc_cross_bitmap: preallocate 268435456 pg, nr_longs=4194304 in 8 millisec
[ 9357.680521] alloc_cross_bitmap: preallocate 268435456 pg, nr_longs=4194304 in 4 millisec
[ 9357.686406] alloc_cross_bitmap: preallocate 268435456 pg, nr_longs=4194304 in 4 millisec
[ 9357.687024] alloc_cross_bitmap: preallocate 268435456 pg, nr_longs=4194304 in 4 millisec
[ 9357.691606] alloc_cross_bitmap: preallocate 268435456 pg, nr_longs=4194304 in 4 millisec
[ 9357.697047] alloc_cross_bitmap: preallocate 268435456 pg, nr_longs=4194304 in 4 millisec
[ 9357.702463] alloc_cross_bitmap: preallocate 268435456 pg, nr_longs=4194304 in 4 millisec
[ 9357.702784] alloc_cross_bitmap: preallocate 268435456 pg, nr_longs=4194304 in 4 millisec
[ 9357.704537] alloc_cross_bitmap: preallocate 268435456 pg, nr_longs=4194304 in 4 millisec
[ 9357.705990] alloc_cross_bitmap: preallocate 268435456 pg, nr_longs=4194304 in 4 millisec
[ 9357.707514] alloc_cross_bitmap: preallocate 268435456 pg, nr_longs=4194304 in 4 millisec
[ 9357.707732] alloc_cross_bitmap: preallocate 268435456 pg, nr_longs=4194304 in 4 millisec
[ 9357.709706] alloc_cross_bitmap: preallocate 268435456 pg, nr_longs=4194304 in 4 millisec
[ 9357.710937] alloc_cross_bitmap: preallocate 268435456 pg, nr_longs=4194304 in 8 millisec
[ 9357.710950] alloc_cross_bitmap: preallocate 268435456 pg, nr_longs=4194304 in 8 millisec
[ 9357.714278] alloc_cross_bitmap: preallocate 268435456 pg, nr_longs=4194304 in 4 millisec
[ 9357.714380] alloc_cross_bitmap: preallocate 268435456 pg, nr_longs=4194304 in 8 millisec
[ 9357.717424] alloc_cross_bitmap: preallocate 268435456 pg, nr_longs=4194304 in 4 millisec
[ 9357.721001] alloc_cross_bitmap: preallocate 268435456 pg, nr_longs=4194304 in 4 millisec
[ 9357.725196] alloc_cross_bitmap: preallocate 268435456 pg, nr_longs=4194304 in 4 millisec
[ 9357.725867] alloc_cross_bitmap: preallocate 268435456 pg, nr_longs=4194304 in 4 millisec
[ 9357.725928] alloc_cross_bitmap: preallocate 268435456 pg, nr_longs=4194304 in 4 millisec
[ 9357.726302] alloc_cross_bitmap: preallocate 268435456 pg, nr_longs=4194304 in 4 millisec
[ 9357.726432] alloc_cross_bitmap: preallocate 268435456 pg, nr_longs=4194304 in 4 millisec
[ 9357.728241] alloc_cross_bitmap: preallocate 268435456 pg, nr_longs=4194304 in 4 millisec
[ 9358.936964] write_proc: Value of write = 0
[ 9358.936983] __do_sys_start_cross_trace: PRINT_GLOBAL_STATS 
[ 9358.936985] Final GlobalReport: nr_pages_read:13202995675, nr_pages_hit:12916720581, nr_do_read_fault:7026296, nr_pages_miss:103905756
[ 9358.937035] FinalTaskReport: db_bench:12809 - ra_orig_nr_pages:0, ra_final_nr_pages:0
                                        async_pages:1180, final_async_pages:2117
                                        full_pfetches:0, less256_pfetches:0, partial_pfetches:0
                                        failed_pfetches:0, total_pfetches:0, os_pfetches:95
                                        nr_pages_read:1878, nr_pages_hit:978, nr_do_read_fault:169
[ 9358.939422] write_proc: Value of write = 0
[ 9358.939434] __do_sys_start_cross_trace: PRINT_GLOBAL_STATS 
[ 9358.939436] Final GlobalReport: nr_pages_read:13202995675, nr_pages_hit:12916720581, nr_do_read_fault:7026302, nr_pages_miss:103905756
[ 9358.939474] FinalTaskReport: time:12800 - ra_orig_nr_pages:0, ra_final_nr_pages:0
                                        async_pages:0, final_async_pages:25
                                        full_pfetches:0, less256_pfetches:0, partial_pfetches:0
                                        failed_pfetches:0, total_pfetches:0, os_pfetches:1
                                        nr_pages_read:0, nr_pages_hit:0, nr_do_read_fault:17
