Received signal 11 (Segmentation fault)
Command terminated by signal 11
	Command being timed: "./db_bench --db=/users/kannan11/ssd/prefetching/appbench/apps/rocksdb/DATA --value_size=4096 --wal_dir=/users/kannan11/ssd/prefetching/appbench/apps/rocksdb/DATA/WAL_LOG --sync=0 --key_size=1000 --write_buffer_size=67108864 --num=20000000 --seed=1576170874 --benchmarks=readrandom --use_existing_db=1 --mmap_read=0 --threads=32"
	User time (seconds): 0.02
	System time (seconds): 1.16
	Percent of CPU this job got: 467%
	Elapsed (wall clock) time (h:mm:ss or m:ss): 0:00.25
	Average shared text size (kbytes): 0
	Average unshared data size (kbytes): 0
	Average stack size (kbytes): 0
	Average total size (kbytes): 0
	Maximum resident set size (kbytes): 40532
	Average resident set size (kbytes): 0
	Major (requiring I/O) page faults: 78
	Minor (reclaiming a frame) page faults: 9025
	Voluntary context switches: 709
	Involuntary context switches: 12
	Swaps: 0
	File system inputs: 557912
	File system outputs: 72
	Socket messages sent: 0
	Socket messages received: 0
	Signals delivered: 0
	Page size (bytes): 4096
	Exit status: 0
DESTRUCTOR GETTING CALLED 
PRINT_GLOBAL_LIB_STATS in dest
Total nr_ra = 0
Total nr_bytes_ra = 0
[43300.627673] sh (47773): drop_caches: 3
[43300.676310] sh (47778): drop_caches: 3
[43305.710446] write_proc_unbounded: Value of write = 0
[43305.710464] write_proc_2mb_limit: Value of write = 0
[43305.710469] write_proc_bitmap_shift: Value of write = 38
[43305.718849] write_proc_unbounded: Value of write = 0
[43305.718865] write_proc_2mb_limit: Value of write = 0
[43305.718870] write_proc_bitmap_shift: Value of write = 38
[43305.962526] traps: db_bench[47823] general protection fault ip:7f9d12256250 sp:7f9d0e93caa0 error:0 in lib_Cross_Blind.so[7f9d12251000+a000]
[43305.966674] write_proc_unbounded: Value of write = 0
[43305.966680] write_proc_2mb_limit: Value of write = 0
