readahead_info: failed TID:20331 
readahead_info: failed TID:20257 
readahead_info: failed TID:20316 
readahead_info: failed TID:20265 
readahead_info: failed TID:20300 
readahead_info: failed TID:20279 
readahead_info: failed TID:20299 
readahead_info: failed TID:20264 
readahead_info: failed TID:20242 
readahead_info: failed TID:20276 
readahead_info: failed TID:20288 
readahead_info: failed TID:20248 
readahead_info: failed TID:20364 
readahead_info: failed TID:20310 
readahead_info: failed TID:20261 
readahead_info: failed TID:20286 
readahead_info: failed TID:20281 
readahead_info: failed TID:20304 
readahead_info: failed TID:20324 
readahead_info: failed TID:20256 
readahead_info: failed TID:20253 
readahead_info: failed TID:20297 
readahead_info: failed TID:20291 
readahead_info: failed TID:20318 
readahead_info: failed TID:20336 
readahead_info: failed TID:20250 
readahead_info: failed TID:20277 
readahead_info: failed TID:20254 
readahead_info: failed TID:20284 
readahead_info: failed TID:20263 
readahead_info: failed TID:20293 
readahead_info: failed TID:20303 
readahead_info: failed TID:20267 
readahead_info: failed TID:20325 
readahead_info: failed TID:20295 
readahead_info: failed TID:20269 
readahead_info: failed TID:20334 
readahead_info: failed TID:20245 
readahead_info: failed TID:20302 
readahead_info: failed TID:20296 
readahead_info: failed TID:20273 
readahead_info: failed TID:20301 
readahead_info: failed TID:20280 
readahead_info: failed TID:20252 
readahead_info: failed TID:20241 
readahead_info: failed TID:20243 
readahead_info: failed TID:20275 
readahead_info: failed TID:20282 
readahead_info: failed TID:20306 
readahead_info: failed TID:20255 
readahead_info: failed TID:20287 
readahead_info: failed TID:20258 
readahead_info: failed TID:20307 
readahead_info: failed TID:20289 
readahead_info: failed TID:20308 
readahead_info: failed TID:20268 
readahead_info: failed TID:20290 
readahead_info: failed TID:20309 
readahead_info: failed TID:20260 
readahead_info: failed TID:20278 
readahead_info: failed TID:20329 
readahead_info: failed TID:20335 
ERR:prefetcher_th, pg_diff==0
ERR:prefetcher_th, pg_diff==0
ERR:prefetcher_th, pg_diff==0
ERR:prefetcher_th, pg_diff==0
ERR:prefetcher_th, pg_diff==0
ERR:prefetcher_th, pg_diff==0
ERR:prefetcher_th, pg_diff==0
ERR:prefetcher_th, pg_diff==0
ERR:prefetcher_th, pg_diff==0
ERR:prefetcher_th, pg_diff==0
ERR:prefetcher_th, pg_diff==0
ERR:prefetcher_th, pg_diff==0
ERR:prefetcher_th, pg_diff==0
ERR:prefetcher_th, pg_diff==0
ERR:prefetcher_th, pg_diff==0
ERR:prefetcher_th, pg_diff==0
ERR:prefetcher_th, pg_diff==0
ERR:prefetcher_th, pg_diff==0
ERR:prefetcher_th, pg_diff==0
ERR:prefetcher_th, pg_diff==0
ERR:prefetcher_th, pg_diff==0
ERR:prefetcher_th, pg_diff==0
ERR:prefetcher_th, pg_diff==0
ERR:prefetcher_th, pg_diff==0
ERR:prefetcher_th, pg_diff==0
ERR:prefetcher_th, pg_diff==0
ERR:prefetcher_th, pg_diff==0
ERR:prefetcher_th, pg_diff==0
ERR:prefetcher_th, pg_diff==0
ERR:prefetcher_th, pg_diff==0
ERR:prefetcher_th, pg_diff==0
ERR:prefetcher_th, pg_diff==0
ERR:prefetcher_th, pg_diff==0
ERR:prefetcher_th, pg_diff==0
ERR:prefetcher_th, pg_diff==0
ERR:prefetcher_th, pg_diff==0
ERR:prefetcher_th, pg_diff==0
ERR:prefetcher_th, pg_diff==0
ERR:prefetcher_th, pg_diff==0
ERR:prefetcher_th, pg_diff==0
ERR:prefetcher_th, pg_diff==0
ERR:prefetcher_th, pg_diff==0
ERR:prefetcher_th, pg_diff==0
ERR:prefetcher_th, pg_diff==0
ERR:prefetcher_th, pg_diff==0
ERR:prefetcher_th, pg_diff==0
ERR:prefetcher_th, pg_diff==0
ERR:prefetcher_th, pg_diff==0
ERR:prefetcher_th, pg_diff==0
ERR:prefetcher_th, pg_diff==0
ERR:prefetcher_th, pg_diff==0
ERR:prefetcher_th, pg_diff==0
ERR:prefetcher_th, pg_diff==0
ERR:prefetcher_th, pg_diff==0
ERR:prefetcher_th, pg_diff==0
ERR:prefetcher_th, pg_diff==0
ERR:prefetcher_th, pg_diff==0
ERR:prefetcher_th, pg_diff==0
ERR:prefetcher_th, pg_diff==0
ERR:prefetcher_th, pg_diff==0
ERR:prefetcher_th, pg_diff==0
ERR:prefetcher_th, pg_diff==0
-------- Aggregate Performance --------
 READ Restart Perf: 4531.27 BW[MB/s] 25125306368 Bytes 5.288 MaxTime[sec] 
DESTRUCTOR GETTING CALLED 
DESTRUCTOR GETTING CALLED 
DESTRUCTOR GETTING CALLED 
DESTRUCTOR GETTING CALLED 
DESTRUCTOR GETTING CALLED 
DESTRUCTOR GETTING CALLED 
DESTRUCTOR GETTING CALLED 
DESTRUCTOR GETTING CALLED 
DESTRUCTOR GETTING CALLED 
DESTRUCTOR GETTING CALLED 
DESTRUCTOR GETTING CALLED 
DESTRUCTOR GETTING CALLED 
DESTRUCTOR GETTING CALLED 
DESTRUCTOR GETTING CALLED 
DESTRUCTOR GETTING CALLED 
DESTRUCTOR GETTING CALLED 
DESTRUCTOR GETTING CALLED 
DESTRUCTOR GETTING CALLED 
DESTRUCTOR GETTING CALLED 
DESTRUCTOR GETTING CALLED 
DESTRUCTOR GETTING CALLED 
DESTRUCTOR GETTING CALLED 
DESTRUCTOR GETTING CALLED 
DESTRUCTOR GETTING CALLED 
DESTRUCTOR GETTING CALLED 
DESTRUCTOR GETTING CALLED 
DESTRUCTOR GETTING CALLED 
DESTRUCTOR GETTING CALLED 
DESTRUCTOR GETTING CALLED 
DESTRUCTOR GETTING CALLED 
DESTRUCTOR GETTING CALLED 
DESTRUCTOR GETTING CALLED 
[proxy:0:0@node-0.sudarsunkannan.lsm-pg0.clemson.cloudlab.us] HYDU_sock_write (utils/sock/sock.c:286): write error (Broken pipe)
[proxy:0:0@node-0.sudarsunkannan.lsm-pg0.clemson.cloudlab.us] HYD_pmcd_pmip_control_cmd_cb (pm/pmiserv/pmip_cb.c:928): unable to write to downstream stdin
[proxy:0:0@node-0.sudarsunkannan.lsm-pg0.clemson.cloudlab.us] HYDT_dmxu_poll_wait_for_event (tools/demux/demux_poll.c:77): callback returned error status
[proxy:0:0@node-0.sudarsunkannan.lsm-pg0.clemson.cloudlab.us] main (pm/pmiserv/pmip.c:202): demux engine error waiting for event
[mpiexec@node-0.sudarsunkannan.lsm-pg0.clemson.cloudlab.us] Sending Ctrl-C to processes as requested
[mpiexec@node-0.sudarsunkannan.lsm-pg0.clemson.cloudlab.us] Press Ctrl-C again to force abort
Ctrl-C caught... cleaning up processes
[mpiexec@node-0.sudarsunkannan.lsm-pg0.clemson.cloudlab.us] HYDT_bscu_wait_for_completion (tools/bootstrap/utils/bscu_wait.c:76): one of the processes terminated badly; aborting
[mpiexec@node-0.sudarsunkannan.lsm-pg0.clemson.cloudlab.us] HYDT_bsci_wait_for_completion (tools/bootstrap/src/bsci_wait.c:23): launcher returned error waiting for completion
[mpiexec@node-0.sudarsunkannan.lsm-pg0.clemson.cloudlab.us] HYD_pmci_wait_for_completion (pm/pmiserv/pmiserv_pmci.c:218): launcher returned error waiting for completion
[mpiexec@node-0.sudarsunkannan.lsm-pg0.clemson.cloudlab.us] main (ui/mpich/mpiexec.c:340): process manager error waiting for completion
[93977.707388] sh (20194): drop_caches: 3
[93977.755174] sh (20199): drop_caches: 3
[93977.796837] write_proc_unbounded: Value of write = 1
[93977.796851] write_proc_2mb_limit: Value of write = 1
[93977.796858] write_proc_bitmap_shift: Value of write = 36
[93977.798100] write_proc_unbounded: Value of write = 1
[93977.798107] write_proc_unbounded: Value of write = 1
[93977.798113] write_proc_2mb_limit: Value of write = 1
[93977.798118] write_proc_2mb_limit: Value of write = 1
[93977.798120] write_proc_bitmap_shift: Value of write = 36
[93977.798125] write_proc_bitmap_shift: Value of write = 36
[93977.798160] write_proc_unbounded: Value of write = 1
[93977.798172] write_proc_2mb_limit: Value of write = 1
[93977.798178] write_proc_bitmap_shift: Value of write = 36
[93977.798258] write_proc_unbounded: Value of write = 1
[93977.798265] write_proc_2mb_limit: Value of write = 1
[93977.798268] write_proc_bitmap_shift: Value of write = 36
[93977.798372] write_proc_unbounded: Value of write = 1
[93977.798382] write_proc_2mb_limit: Value of write = 1
[93977.798389] write_proc_bitmap_shift: Value of write = 36
[93977.798455] write_proc_unbounded: Value of write = 1
[93977.798464] write_proc_2mb_limit: Value of write = 1
[93977.798469] write_proc_bitmap_shift: Value of write = 36
[93977.798731] write_proc_unbounded: Value of write = 1
[93977.798740] write_proc_2mb_limit: Value of write = 1
[93977.798745] write_proc_bitmap_shift: Value of write = 36
[93977.798775] write_proc_unbounded: Value of write = 1
[93977.798782] write_proc_2mb_limit: Value of write = 1
[93977.798785] write_proc_bitmap_shift: Value of write = 36
[93977.799058] write_proc_unbounded: Value of write = 1
[93977.799065] write_proc_2mb_limit: Value of write = 1
[93977.799068] write_proc_bitmap_shift: Value of write = 36
[93977.799096] write_proc_unbounded: Value of write = 1
[93977.799103] write_proc_2mb_limit: Value of write = 1
[93977.799104] write_proc_unbounded: Value of write = 1
[93977.799106] write_proc_bitmap_shift: Value of write = 36
[93977.799115] write_proc_2mb_limit: Value of write = 1
[93977.799119] write_proc_bitmap_shift: Value of write = 36
[93977.799146] write_proc_unbounded: Value of write = 1
[93977.799153] write_proc_2mb_limit: Value of write = 1
[93977.799156] write_proc_bitmap_shift: Value of write = 36
[93977.799208] write_proc_unbounded: Value of write = 1
[93977.799211] write_proc_unbounded: Value of write = 1
[93977.799217] write_proc_2mb_limit: Value of write = 1
[93977.799221] write_proc_2mb_limit: Value of write = 1
[93977.799222] write_proc_bitmap_shift: Value of write = 36
[93977.799227] write_proc_bitmap_shift: Value of write = 36
[93977.799236] write_proc_unbounded: Value of write = 1
[93977.799243] write_proc_2mb_limit: Value of write = 1
[93977.799246] write_proc_bitmap_shift: Value of write = 36
[93977.799260] write_proc_unbounded: Value of write = 1
[93977.799263] write_proc_unbounded: Value of write = 1
[93977.799264] write_proc_unbounded: Value of write = 1
[93977.799269] write_proc_2mb_limit: Value of write = 1
[93977.799271] write_proc_unbounded: Value of write = 1
[93977.799273] write_proc_2mb_limit: Value of write = 1
[93977.799274] write_proc_unbounded: Value of write = 1
[93977.799274] write_proc_bitmap_shift: Value of write = 36
[93977.799276] write_proc_2mb_limit: Value of write = 1
[93977.799278] write_proc_bitmap_shift: Value of write = 36
[93977.799279] write_proc_2mb_limit: Value of write = 1
[93977.799282] write_proc_bitmap_shift: Value of write = 36
[93977.799285] write_proc_2mb_limit: Value of write = 1
[93977.799285] write_proc_bitmap_shift: Value of write = 36
[93977.799287] write_proc_unbounded: Value of write = 1
[93977.799290] write_proc_bitmap_shift: Value of write = 36
[93977.799296] write_proc_2mb_limit: Value of write = 1
[93977.799302] write_proc_bitmap_shift: Value of write = 36
[93977.799304] write_proc_unbounded: Value of write = 1
[93977.799306] write_proc_unbounded: Value of write = 1
[93977.799308] write_proc_unbounded: Value of write = 1
[93977.799314] write_proc_unbounded: Value of write = 1
[93977.799315] write_proc_2mb_limit: Value of write = 1
[93977.799315] write_proc_2mb_limit: Value of write = 1
[93977.799319] write_proc_2mb_limit: Value of write = 1
[93977.799321] write_proc_bitmap_shift: Value of write = 36
[93977.799321] write_proc_bitmap_shift: Value of write = 36
[93977.799322] write_proc_2mb_limit: Value of write = 1
[93977.799325] write_proc_bitmap_shift: Value of write = 36
[93977.799326] write_proc_bitmap_shift: Value of write = 36
[93977.799331] write_proc_unbounded: Value of write = 1
[93977.799333] write_proc_unbounded: Value of write = 1
[93977.799335] write_proc_unbounded: Value of write = 1
[93977.799337] write_proc_unbounded: Value of write = 1
[93977.799339] write_proc_2mb_limit: Value of write = 1
[93977.799341] write_proc_unbounded: Value of write = 1
[93977.799344] write_proc_bitmap_shift: Value of write = 36
[93977.799347] write_proc_2mb_limit: Value of write = 1
[93977.799347] write_proc_2mb_limit: Value of write = 1
[93977.799348] write_proc_2mb_limit: Value of write = 1
[93977.799349] write_proc_2mb_limit: Value of write = 1
[93977.799349] write_proc_unbounded: Value of write = 1
[93977.799352] write_proc_bitmap_shift: Value of write = 36
[93977.799352] write_proc_bitmap_shift: Value of write = 36
[93977.799356] write_proc_bitmap_shift: Value of write = 36
[93977.799357] write_proc_bitmap_shift: Value of write = 36
[93977.799358] write_proc_2mb_limit: Value of write = 1
[93977.799362] write_proc_bitmap_shift: Value of write = 36
[93977.814331] __do_sys_readahead_info: couldnt copy data back to user
[93977.814334] __do_sys_readahead_info: couldnt copy data back to user
[93977.814336] __do_sys_readahead_info: couldnt copy data back to user
[93977.814337] __do_sys_readahead_info: couldnt copy data back to user
[93977.814345] __do_sys_readahead_info: couldnt copy data back to user
[93983.267949] write_proc_unbounded: Value of write = 0
[93983.267968] write_proc_2mb_limit: Value of write = 0
[93983.268161] write_proc_unbounded: Value of write = 0
[93983.268178] write_proc_2mb_limit: Value of write = 0
[93983.268479] write_proc_unbounded: Value of write = 0
[93983.268491] write_proc_2mb_limit: Value of write = 0
[93983.268522] write_proc_unbounded: Value of write = 0
[93983.268537] write_proc_2mb_limit: Value of write = 0
[93983.268578] write_proc_unbounded: Value of write = 0
[93983.268588] write_proc_2mb_limit: Value of write = 0
[93983.268615] write_proc_unbounded: Value of write = 0
[93983.268624] write_proc_2mb_limit: Value of write = 0
[93983.268629] write_proc_unbounded: Value of write = 0
[93983.268642] write_proc_2mb_limit: Value of write = 0
[93983.268682] write_proc_unbounded: Value of write = 0
[93983.268690] write_proc_2mb_limit: Value of write = 0
[93983.268709] write_proc_unbounded: Value of write = 0
[93983.268727] write_proc_unbounded: Value of write = 0
[93983.268737] write_proc_2mb_limit: Value of write = 0
[93983.268741] write_proc_unbounded: Value of write = 0
[93983.268746] write_proc_2mb_limit: Value of write = 0
[93983.268751] write_proc_2mb_limit: Value of write = 0
[93983.268794] write_proc_unbounded: Value of write = 0
[93983.268803] write_proc_2mb_limit: Value of write = 0
[93983.268804] write_proc_unbounded: Value of write = 0
[93983.268812] write_proc_2mb_limit: Value of write = 0
[93983.268825] write_proc_unbounded: Value of write = 0
[93983.268836] write_proc_2mb_limit: Value of write = 0
[93983.268883] write_proc_unbounded: Value of write = 0
[93983.268902] write_proc_unbounded: Value of write = 0
[93983.268905] write_proc_2mb_limit: Value of write = 0
[93983.268910] write_proc_2mb_limit: Value of write = 0
[93983.269198] write_proc_unbounded: Value of write = 0
[93983.269216] write_proc_2mb_limit: Value of write = 0
[93983.269365] write_proc_unbounded: Value of write = 0
[93983.269376] write_proc_2mb_limit: Value of write = 0
[93983.269673] write_proc_unbounded: Value of write = 0
[93983.269683] write_proc_2mb_limit: Value of write = 0
[93983.269957] write_proc_unbounded: Value of write = 0
[93983.269966] write_proc_2mb_limit: Value of write = 0
[93983.270012] write_proc_unbounded: Value of write = 0
[93983.270026] write_proc_unbounded: Value of write = 0
[93983.270036] write_proc_2mb_limit: Value of write = 0
[93983.270036] write_proc_2mb_limit: Value of write = 0
[93983.270090] write_proc_unbounded: Value of write = 0
[93983.270098] write_proc_2mb_limit: Value of write = 0
[93983.270250] write_proc_unbounded: Value of write = 0
[93983.270271] write_proc_2mb_limit: Value of write = 0
[93983.270275] write_proc_unbounded: Value of write = 0
[93983.270275] write_proc_unbounded: Value of write = 0
[93983.270293] write_proc_2mb_limit: Value of write = 0
[93983.270293] write_proc_2mb_limit: Value of write = 0
[93983.270374] write_proc_unbounded: Value of write = 0
[93983.270573] write_proc_unbounded: Value of write = 0
[93983.270577] write_proc_2mb_limit: Value of write = 0
[93983.270582] write_proc_2mb_limit: Value of write = 0
[93983.270639] write_proc_unbounded: Value of write = 0
[93983.270648] write_proc_2mb_limit: Value of write = 0
[93983.270662] write_proc_unbounded: Value of write = 0
[93983.270672] write_proc_2mb_limit: Value of write = 0
[93983.270683] write_proc_unbounded: Value of write = 0
[93983.270691] write_proc_2mb_limit: Value of write = 0
[93983.275664] write_proc_unbounded: Value of write = 0
[93983.275674] write_proc_2mb_limit: Value of write = 0
[94131.325419] INFO: task thread-pool-1:20266 blocked for more than 120 seconds.
[94131.332692]       Tainted: G           OE     5.14.0 #2
[94131.337921] "echo 0 > /proc/sys/kernel/hung_task_timeout_secs" disables this message.
[94131.345757] task:thread-pool-1   state:D stack:    0 pid:20266 ppid: 20206 flags:0x00004004
[94131.345764] Call Trace:
[94131.345768]  __schedule+0x2c7/0x8b0
[94131.345774]  schedule+0x3e/0xb0
[94131.345775]  rwsem_down_write_slowpath+0x209/0x590
[94131.345779]  down_write+0x3d/0x40
[94131.345780]  ? down_write+0x3d/0x40
[94131.345782]  alloc_cross_bitmap+0x58/0x100
[94131.345784]  __x64_sys_readahead_info+0x20e/0x2d0
[94131.345786]  do_syscall_64+0x3a/0xb0
[94131.345788]  entry_SYSCALL_64_after_hwframe+0x44/0xae
[94131.345789] RIP: 0033:0x7f189c9a1539
[94131.345792] RSP: 002b:00007f189b4afc98 EFLAGS: 00000206 ORIG_RAX: 00000000000001c3
[94131.345794] RAX: ffffffffffffffda RBX: 0000000000000000 RCX: 00007f189c9a1539
[94131.345795] RDX: 0000000000100000 RSI: 0000000000000000 RDI: 0000000000000006
[94131.345796] RBP: 00007f189b4afcc0 R08: 0000563bbcbb7f60 R09: 00007f189b4afd30
[94131.345796] R10: 00007f189b4afd30 R11: 0000000000000206 R12: 00007f189b4aff80
[94131.345797] R13: 0000000000000000 R14: 0000563bbcbb8160 R15: 00007fffbd93f8f0
[94252.156897] INFO: task thread-pool-1:20266 blocked for more than 241 seconds.
[94252.164231]       Tainted: G           OE     5.14.0 #2
[94252.169464] "echo 0 > /proc/sys/kernel/hung_task_timeout_secs" disables this message.
[94252.177299] task:thread-pool-1   state:D stack:    0 pid:20266 ppid: 20206 flags:0x00004004
[94252.177306] Call Trace:
[94252.177310]  __schedule+0x2c7/0x8b0
[94252.177315]  schedule+0x3e/0xb0
[94252.177316]  rwsem_down_write_slowpath+0x209/0x590
[94252.177320]  down_write+0x3d/0x40
[94252.177321]  ? down_write+0x3d/0x40
[94252.177322]  alloc_cross_bitmap+0x58/0x100
[94252.177324]  __x64_sys_readahead_info+0x20e/0x2d0
[94252.177326]  do_syscall_64+0x3a/0xb0
[94252.177328]  entry_SYSCALL_64_after_hwframe+0x44/0xae
[94252.177330] RIP: 0033:0x7f189c9a1539
[94252.177332] RSP: 002b:00007f189b4afc98 EFLAGS: 00000206 ORIG_RAX: 00000000000001c3
[94252.177334] RAX: ffffffffffffffda RBX: 0000000000000000 RCX: 00007f189c9a1539
[94252.177335] RDX: 0000000000100000 RSI: 0000000000000000 RDI: 0000000000000006
[94252.177335] RBP: 00007f189b4afcc0 R08: 0000563bbcbb7f60 R09: 00007f189b4afd30
[94252.177336] R10: 00007f189b4afd30 R11: 0000000000000206 R12: 00007f189b4aff80
[94252.177337] R13: 0000000000000000 R14: 0000563bbcbb8160 R15: 00007fffbd93f8f0
[94372.988357] INFO: task thread-pool-1:20266 blocked for more than 362 seconds.
[94372.995657]       Tainted: G           OE     5.14.0 #2
[94373.000885] "echo 0 > /proc/sys/kernel/hung_task_timeout_secs" disables this message.
[94373.008721] task:thread-pool-1   state:D stack:    0 pid:20266 ppid: 20206 flags:0x00004004
[94373.008727] Call Trace:
[94373.008730]  __schedule+0x2c7/0x8b0
[94373.008735]  schedule+0x3e/0xb0
[94373.008737]  rwsem_down_write_slowpath+0x209/0x590
[94373.008740]  down_write+0x3d/0x40
[94373.008742]  ? down_write+0x3d/0x40
[94373.008743]  alloc_cross_bitmap+0x58/0x100
[94373.008745]  __x64_sys_readahead_info+0x20e/0x2d0
[94373.008747]  do_syscall_64+0x3a/0xb0
[94373.008749]  entry_SYSCALL_64_after_hwframe+0x44/0xae
[94373.008750] RIP: 0033:0x7f189c9a1539
[94373.008752] RSP: 002b:00007f189b4afc98 EFLAGS: 00000206 ORIG_RAX: 00000000000001c3
[94373.008753] RAX: ffffffffffffffda RBX: 0000000000000000 RCX: 00007f189c9a1539
[94373.008753] RDX: 0000000000100000 RSI: 0000000000000000 RDI: 0000000000000006
[94373.008754] RBP: 00007f189b4afcc0 R08: 0000563bbcbb7f60 R09: 00007f189b4afd30
[94373.008755] R10: 00007f189b4afd30 R11: 0000000000000206 R12: 00007f189b4aff80
[94373.008755] R13: 0000000000000000 R14: 0000563bbcbb8160 R15: 00007fffbd93f8f0
[94493.819852] INFO: task thread-pool-1:20266 blocked for more than 483 seconds.
[94493.827117]       Tainted: G           OE     5.14.0 #2
[94493.832345] "echo 0 > /proc/sys/kernel/hung_task_timeout_secs" disables this message.
[94493.840183] task:thread-pool-1   state:D stack:    0 pid:20266 ppid: 20206 flags:0x00004004
[94493.840190] Call Trace:
[94493.840195]  __schedule+0x2c7/0x8b0
[94493.840200]  schedule+0x3e/0xb0
[94493.840201]  rwsem_down_write_slowpath+0x209/0x590
[94493.840205]  down_write+0x3d/0x40
[94493.840206]  ? down_write+0x3d/0x40
[94493.840207]  alloc_cross_bitmap+0x58/0x100
[94493.840209]  __x64_sys_readahead_info+0x20e/0x2d0
[94493.840211]  do_syscall_64+0x3a/0xb0
[94493.840213]  entry_SYSCALL_64_after_hwframe+0x44/0xae
[94493.840215] RIP: 0033:0x7f189c9a1539
[94493.840217] RSP: 002b:00007f189b4afc98 EFLAGS: 00000206 ORIG_RAX: 00000000000001c3
[94493.840219] RAX: ffffffffffffffda RBX: 0000000000000000 RCX: 00007f189c9a1539
[94493.840219] RDX: 0000000000100000 RSI: 0000000000000000 RDI: 0000000000000006
[94493.840220] RBP: 00007f189b4afcc0 R08: 0000563bbcbb7f60 R09: 00007f189b4afd30
[94493.840221] R10: 00007f189b4afd30 R11: 0000000000000206 R12: 00007f189b4aff80
[94493.840221] R13: 0000000000000000 R14: 0000563bbcbb8160 R15: 00007fffbd93f8f0
[94614.651353] INFO: task thread-pool-1:20266 blocked for more than 604 seconds.
[94614.658682]       Tainted: G           OE     5.14.0 #2
[94614.663908] "echo 0 > /proc/sys/kernel/hung_task_timeout_secs" disables this message.
[94614.671737] task:thread-pool-1   state:D stack:    0 pid:20266 ppid: 20206 flags:0x00004004
[94614.671742] Call Trace:
[94614.671748]  __schedule+0x2c7/0x8b0
[94614.671754]  schedule+0x3e/0xb0
[94614.671755]  rwsem_down_write_slowpath+0x209/0x590
[94614.671759]  down_write+0x3d/0x40
[94614.671764]  ? down_write+0x3d/0x40
[94614.671769]  alloc_cross_bitmap+0x58/0x100
[94614.671772]  __x64_sys_readahead_info+0x20e/0x2d0
[94614.671774]  do_syscall_64+0x3a/0xb0
[94614.671778]  entry_SYSCALL_64_after_hwframe+0x44/0xae
[94614.671780] RIP: 0033:0x7f189c9a1539
[94614.671783] RSP: 002b:00007f189b4afc98 EFLAGS: 00000206 ORIG_RAX: 00000000000001c3
[94614.671791] RAX: ffffffffffffffda RBX: 0000000000000000 RCX: 00007f189c9a1539
[94614.671792] RDX: 0000000000100000 RSI: 0000000000000000 RDI: 0000000000000006
[94614.671794] RBP: 00007f189b4afcc0 R08: 0000563bbcbb7f60 R09: 00007f189b4afd30
[94614.671795] R10: 00007f189b4afd30 R11: 0000000000000206 R12: 00007f189b4aff80
[94614.671797] R13: 0000000000000000 R14: 0000563bbcbb8160 R15: 00007fffbd93f8f0
[94735.482843] INFO: task thread-pool-1:20266 blocked for more than 724 seconds.
[94735.490113]       Tainted: G           OE     5.14.0 #2
[94735.495339] "echo 0 > /proc/sys/kernel/hung_task_timeout_secs" disables this message.
[94735.503168] task:thread-pool-1   state:D stack:    0 pid:20266 ppid: 20206 flags:0x00004004
[94735.503175] Call Trace:
[94735.503177]  __schedule+0x2c7/0x8b0
[94735.503182]  schedule+0x3e/0xb0
[94735.503183]  rwsem_down_write_slowpath+0x209/0x590
[94735.503186]  down_write+0x3d/0x40
[94735.503187]  ? down_write+0x3d/0x40
[94735.503188]  alloc_cross_bitmap+0x58/0x100
[94735.503191]  __x64_sys_readahead_info+0x20e/0x2d0
[94735.503193]  do_syscall_64+0x3a/0xb0
[94735.503194]  entry_SYSCALL_64_after_hwframe+0x44/0xae
[94735.503196] RIP: 0033:0x7f189c9a1539
[94735.503197] RSP: 002b:00007f189b4afc98 EFLAGS: 00000206 ORIG_RAX: 00000000000001c3
[94735.503198] RAX: ffffffffffffffda RBX: 0000000000000000 RCX: 00007f189c9a1539
[94735.503199] RDX: 0000000000100000 RSI: 0000000000000000 RDI: 0000000000000006
[94735.503200] RBP: 00007f189b4afcc0 R08: 0000563bbcbb7f60 R09: 00007f189b4afd30
[94735.503201] R10: 00007f189b4afd30 R11: 0000000000000206 R12: 00007f189b4aff80
[94735.503201] R13: 0000000000000000 R14: 0000563bbcbb8160 R15: 00007fffbd93f8f0
[94856.314324] INFO: task thread-pool-1:20266 blocked for more than 845 seconds.
[94856.321607]       Tainted: G           OE     5.14.0 #2
[94856.326840] "echo 0 > /proc/sys/kernel/hung_task_timeout_secs" disables this message.
[94856.334672] task:thread-pool-1   state:D stack:    0 pid:20266 ppid: 20206 flags:0x00004004
[94856.334679] Call Trace:
[94856.334682]  __schedule+0x2c7/0x8b0
[94856.334688]  schedule+0x3e/0xb0
[94856.334689]  rwsem_down_write_slowpath+0x209/0x590
[94856.334692]  down_write+0x3d/0x40
[94856.334693]  ? down_write+0x3d/0x40
[94856.334694]  alloc_cross_bitmap+0x58/0x100
[94856.334697]  __x64_sys_readahead_info+0x20e/0x2d0
[94856.334699]  do_syscall_64+0x3a/0xb0
[94856.334701]  entry_SYSCALL_64_after_hwframe+0x44/0xae
[94856.334703] RIP: 0033:0x7f189c9a1539
[94856.334705] RSP: 002b:00007f189b4afc98 EFLAGS: 00000206 ORIG_RAX: 00000000000001c3
[94856.334707] RAX: ffffffffffffffda RBX: 0000000000000000 RCX: 00007f189c9a1539
[94856.334708] RDX: 0000000000100000 RSI: 0000000000000000 RDI: 0000000000000006
[94856.334708] RBP: 00007f189b4afcc0 R08: 0000563bbcbb7f60 R09: 00007f189b4afd30
[94856.334709] R10: 00007f189b4afd30 R11: 0000000000000206 R12: 00007f189b4aff80
[94856.334709] R13: 0000000000000000 R14: 0000563bbcbb8160 R15: 00007fffbd93f8f0
[94977.145782] INFO: task thread-pool-1:20266 blocked for more than 966 seconds.
[94977.153086]       Tainted: G           OE     5.14.0 #2
[94977.158309] "echo 0 > /proc/sys/kernel/hung_task_timeout_secs" disables this message.
[94977.166142] task:thread-pool-1   state:D stack:    0 pid:20266 ppid: 20206 flags:0x00004004
[94977.166148] Call Trace:
[94977.166151]  __schedule+0x2c7/0x8b0
[94977.166156]  schedule+0x3e/0xb0
[94977.166157]  rwsem_down_write_slowpath+0x209/0x590
[94977.166161]  down_write+0x3d/0x40
[94977.166162]  ? down_write+0x3d/0x40
[94977.166164]  alloc_cross_bitmap+0x58/0x100
[94977.166165]  __x64_sys_readahead_info+0x20e/0x2d0
[94977.166168]  do_syscall_64+0x3a/0xb0
[94977.166170]  entry_SYSCALL_64_after_hwframe+0x44/0xae
[94977.166171] RIP: 0033:0x7f189c9a1539
[94977.166172] RSP: 002b:00007f189b4afc98 EFLAGS: 00000206 ORIG_RAX: 00000000000001c3
[94977.166174] RAX: ffffffffffffffda RBX: 0000000000000000 RCX: 00007f189c9a1539
[94977.166175] RDX: 0000000000100000 RSI: 0000000000000000 RDI: 0000000000000006
[94977.166176] RBP: 00007f189b4afcc0 R08: 0000563bbcbb7f60 R09: 00007f189b4afd30
[94977.166176] R10: 00007f189b4afd30 R11: 0000000000000206 R12: 00007f189b4aff80
[94977.166177] R13: 0000000000000000 R14: 0000563bbcbb8160 R15: 00007fffbd93f8f0
[95097.977293] INFO: task thread-pool-1:20266 blocked for more than 1087 seconds.
[95097.984636]       Tainted: G           OE     5.14.0 #2
[95097.989863] "echo 0 > /proc/sys/kernel/hung_task_timeout_secs" disables this message.
[95097.997692] task:thread-pool-1   state:D stack:    0 pid:20266 ppid: 20206 flags:0x00004004
[95097.997700] Call Trace:
[95097.997704]  __schedule+0x2c7/0x8b0
[95097.997710]  schedule+0x3e/0xb0
[95097.997711]  rwsem_down_write_slowpath+0x209/0x590
[95097.997714]  down_write+0x3d/0x40
[95097.997715]  ? down_write+0x3d/0x40
[95097.997716]  alloc_cross_bitmap+0x58/0x100
[95097.997719]  __x64_sys_readahead_info+0x20e/0x2d0
[95097.997721]  do_syscall_64+0x3a/0xb0
[95097.997722]  entry_SYSCALL_64_after_hwframe+0x44/0xae
[95097.997724] RIP: 0033:0x7f189c9a1539
[95097.997726] RSP: 002b:00007f189b4afc98 EFLAGS: 00000206 ORIG_RAX: 00000000000001c3
[95097.997727] RAX: ffffffffffffffda RBX: 0000000000000000 RCX: 00007f189c9a1539
[95097.997728] RDX: 0000000000100000 RSI: 0000000000000000 RDI: 0000000000000006
[95097.997729] RBP: 00007f189b4afcc0 R08: 0000563bbcbb7f60 R09: 00007f189b4afd30
[95097.997730] R10: 00007f189b4afd30 R11: 0000000000000206 R12: 00007f189b4aff80
[95097.997730] R13: 0000000000000000 R14: 0000563bbcbb8160 R15: 00007fffbd93f8f0
[95218.808789] INFO: task thread-pool-1:20266 blocked for more than 1208 seconds.
[95218.816119]       Tainted: G           OE     5.14.0 #2
[95218.821347] "echo 0 > /proc/sys/kernel/hung_task_timeout_secs" disables this message.
[95218.829175] task:thread-pool-1   state:D stack:    0 pid:20266 ppid: 20206 flags:0x00004004
[95218.829182] Call Trace:
[95218.829184]  __schedule+0x2c7/0x8b0
[95218.829189]  schedule+0x3e/0xb0
[95218.829190]  rwsem_down_write_slowpath+0x209/0x590
[95218.829193]  down_write+0x3d/0x40
[95218.829194]  ? down_write+0x3d/0x40
[95218.829195]  alloc_cross_bitmap+0x58/0x100
[95218.829197]  __x64_sys_readahead_info+0x20e/0x2d0
[95218.829199]  do_syscall_64+0x3a/0xb0
[95218.829201]  entry_SYSCALL_64_after_hwframe+0x44/0xae
[95218.829202] RIP: 0033:0x7f189c9a1539
[95218.829204] RSP: 002b:00007f189b4afc98 EFLAGS: 00000206 ORIG_RAX: 00000000000001c3
[95218.829205] RAX: ffffffffffffffda RBX: 0000000000000000 RCX: 00007f189c9a1539
[95218.829205] RDX: 0000000000100000 RSI: 0000000000000000 RDI: 0000000000000006
[95218.829206] RBP: 00007f189b4afcc0 R08: 0000563bbcbb7f60 R09: 00007f189b4afd30
[95218.829206] R10: 00007f189b4afd30 R11: 0000000000000206 R12: 00007f189b4aff80
[95218.829207] R13: 0000000000000000 R14: 0000563bbcbb8160 R15: 00007fffbd93f8f0
