readahead_info: failed TID:21741 
readahead_info: failed TID:21766 
readahead_info: failed TID:21659 
readahead_info: failed TID:21669 
readahead_info: failed TID:21662 
readahead_info: failed TID:21665 
readahead_info: failed TID:21691 
readahead_info: failed TID:21701 
readahead_info: failed TID:21747 
readahead_info: failed TID:21702 
readahead_info: failed TID:21682 
readahead_info: failed TID:21754 
readahead_info: failed TID:21696 
ERR: prefetcher_th: No bits are set - giving up
ERR:prefetcher_th, pg_diff==0
readahead_info: failed TID:21715 
readahead_info: failed TID:21761 
ERR: prefetcher_th: No bits are set - giving up
ERR:prefetcher_th, pg_diff==0
readahead_info: failed TID:21680 
ERR: prefetcher_th: No bits are set - giving up
ERR:prefetcher_th, pg_diff==0
readahead_info: failed TID:21756 
ERR: prefetcher_th: No bits are set - giving up
ERR:prefetcher_th, pg_diff==0
readahead_info: failed TID:21706 
ERR: prefetcher_th: No bits are set - giving up
ERR:prefetcher_th, pg_diff==0
readahead_info: failed TID:21674 
ERR: prefetcher_th: No bits are set - giving up
ERR:prefetcher_th, pg_diff==0
readahead_info: failed TID:21664 
ERR: prefetcher_th: No bits are set - giving up
ERR:prefetcher_th, pg_diff==0
readahead_info: failed TID:21693 
ERR: prefetcher_th: No bits are set - giving up
ERR:prefetcher_th, pg_diff==0
readahead_info: failed TID:21755 
ERR: prefetcher_th: No bits are set - giving up
ERR:prefetcher_th, pg_diff==0
readahead_info: failed TID:21683 
ERR: prefetcher_th: No bits are set - giving up
ERR:prefetcher_th, pg_diff==0
readahead_info: failed TID:21685 
readahead_info: failed TID:21668 
readahead_info: failed TID:21725 
readahead_info: failed TID:21676 
readahead_info: failed TID:21657 
readahead_info: failed TID:21687 
readahead_info: failed TID:21718 
readahead_info: failed TID:21698 
readahead_info: failed TID:21746 
readahead_info: failed TID:21700 
readahead_info: failed TID:21673 
readahead_info: failed TID:21719 
readahead_info: failed TID:21710 
readahead_info: failed TID:21737 
readahead_info: failed TID:21751 
ERR: prefetcher_th: No bits are set - giving up
ERR:prefetcher_th, pg_diff==0
readahead_info: failed TID:21778 
ERR: prefetcher_th: No bits are set - giving up
ERR:prefetcher_th, pg_diff==0
ERR: prefetcher_th: No bits are set - giving up
ERR:prefetcher_th, pg_diff==0
ERR: prefetcher_th: No bits are set - giving up
ERR:prefetcher_th, pg_diff==0
readahead_info: failed TID:21671 
ERR: prefetcher_th: No bits are set - giving up
ERR:prefetcher_th, pg_diff==0
readahead_info: failed TID:21653 
readahead_info: failed TID:21704 
readahead_info: failed TID:21694 
readahead_info: failed TID:21774 
readahead_info: failed TID:21775 
ERR: prefetcher_th: No bits are set - giving up
ERR:prefetcher_th, pg_diff==0
readahead_info: failed TID:21736 
-------- Aggregate Performance --------
 READ Restart Perf: 5261.65 BW[MB/s] 12965306368 Bytes 2.34996 MaxTime[sec] 
DESTRUCTOR GETTING CALLED 
DESTRUCTOR GETTING CALLED 
DESTRUCTOR GETTING CALLED 
DESTRUCTOR GETTING CALLED 
DESTRUCTOR GETTING CALLED 
DESTRUCTOR GETTING CALLED 
DESTRUCTOR GETTING CALLED 
DESTRUCTOR GETTING CALLED 
DESTRUCTOR GETTING CALLED 
DESTRUCTOR GETTING CALLED 
DESTRUCTOR GETTING CALLED 
DESTRUCTOR GETTING CALLED 
DESTRUCTOR GETTING CALLED 
DESTRUCTOR GETTING CALLED 
DESTRUCTOR GETTING CALLED 
DESTRUCTOR GETTING CALLED 
DESTRUCTOR GETTING CALLED 
DESTRUCTOR GETTING CALLED 
DESTRUCTOR GETTING CALLED 
DESTRUCTOR GETTING CALLED 
DESTRUCTOR GETTING CALLED 
DESTRUCTOR GETTING CALLED 
DESTRUCTOR GETTING CALLED 
DESTRUCTOR GETTING CALLED 
DESTRUCTOR GETTING CALLED 
DESTRUCTOR GETTING CALLED 
DESTRUCTOR GETTING CALLED 
DESTRUCTOR GETTING CALLED 
DESTRUCTOR GETTING CALLED 
DESTRUCTOR GETTING CALLED 
DESTRUCTOR GETTING CALLED 
DESTRUCTOR GETTING CALLED 
[104569.956463] sh (21608): drop_caches: 3
[104570.002992] sh (21613): drop_caches: 3
[104570.043087] write_proc_unbounded: Value of write = 0
[104570.043098] write_proc_2mb_limit: Value of write = 0
[104570.043103] write_proc_bitmap_shift: Value of write = 36
[104570.043200] write_proc_unbounded: Value of write = 0
[104570.043204] write_proc_unbounded: Value of write = 0
[104570.043209] write_proc_2mb_limit: Value of write = 0
[104570.043213] write_proc_2mb_limit: Value of write = 0
[104570.043214] write_proc_bitmap_shift: Value of write = 36
[104570.043219] write_proc_bitmap_shift: Value of write = 36
[104570.043228] write_proc_unbounded: Value of write = 0
[104570.043236] write_proc_2mb_limit: Value of write = 0
[104570.043239] write_proc_bitmap_shift: Value of write = 36
[104570.043301] write_proc_unbounded: Value of write = 0
[104570.043309] write_proc_2mb_limit: Value of write = 0
[104570.043312] write_proc_bitmap_shift: Value of write = 36
[104570.043358] write_proc_unbounded: Value of write = 0
[104570.043365] write_proc_unbounded: Value of write = 0
[104570.043366] write_proc_2mb_limit: Value of write = 0
[104570.043365] write_proc_unbounded: Value of write = 0
[104570.043372] write_proc_bitmap_shift: Value of write = 36
[104570.043374] write_proc_2mb_limit: Value of write = 0
[104570.043383] write_proc_bitmap_shift: Value of write = 36
[104570.043386] write_proc_2mb_limit: Value of write = 0
[104570.043395] write_proc_bitmap_shift: Value of write = 36
[104570.043469] write_proc_unbounded: Value of write = 0
[104570.043475] write_proc_unbounded: Value of write = 0
[104570.043480] write_proc_2mb_limit: Value of write = 0
[104570.043483] write_proc_2mb_limit: Value of write = 0
[104570.043487] write_proc_bitmap_shift: Value of write = 36
[104570.043489] write_proc_bitmap_shift: Value of write = 36
[104570.043585] write_proc_unbounded: Value of write = 0
[104570.043594] write_proc_2mb_limit: Value of write = 0
[104570.043599] write_proc_bitmap_shift: Value of write = 36
[104570.043637] write_proc_unbounded: Value of write = 0
[104570.043645] write_proc_2mb_limit: Value of write = 0
[104570.043649] write_proc_bitmap_shift: Value of write = 36
[104570.043667] write_proc_unbounded: Value of write = 0
[104570.043673] write_proc_2mb_limit: Value of write = 0
[104570.043676] write_proc_bitmap_shift: Value of write = 36
[104570.043708] write_proc_unbounded: Value of write = 0
[104570.043722] write_proc_2mb_limit: Value of write = 0
[104570.043729] write_proc_bitmap_shift: Value of write = 36
[104570.043998] write_proc_unbounded: Value of write = 0
[104570.044008] write_proc_2mb_limit: Value of write = 0
[104570.044012] write_proc_bitmap_shift: Value of write = 36
[104570.044038] write_proc_unbounded: Value of write = 0
[104570.044046] write_proc_2mb_limit: Value of write = 0
[104570.044050] write_proc_bitmap_shift: Value of write = 36
[104570.044059] write_proc_unbounded: Value of write = 0
[104570.044060] write_proc_unbounded: Value of write = 0
[104570.044068] write_proc_2mb_limit: Value of write = 0
[104570.044070] write_proc_2mb_limit: Value of write = 0
[104570.044073] write_proc_bitmap_shift: Value of write = 36
[104570.044076] write_proc_bitmap_shift: Value of write = 36
[104570.044078] write_proc_unbounded: Value of write = 0
[104570.044086] write_proc_2mb_limit: Value of write = 0
[104570.044088] write_proc_bitmap_shift: Value of write = 36
[104570.044108] write_proc_unbounded: Value of write = 0
[104570.044115] write_proc_2mb_limit: Value of write = 0
[104570.044119] write_proc_bitmap_shift: Value of write = 36
[104570.044119] write_proc_unbounded: Value of write = 0
[104570.044126] write_proc_2mb_limit: Value of write = 0
[104570.044130] write_proc_bitmap_shift: Value of write = 36
[104570.044150] write_proc_unbounded: Value of write = 0
[104570.044155] write_proc_unbounded: Value of write = 0
[104570.044158] write_proc_2mb_limit: Value of write = 0
[104570.044162] write_proc_bitmap_shift: Value of write = 36
[104570.044164] write_proc_2mb_limit: Value of write = 0
[104570.044163] write_proc_unbounded: Value of write = 0
[104570.044167] write_proc_bitmap_shift: Value of write = 36
[104570.044170] write_proc_2mb_limit: Value of write = 0
[104570.044173] write_proc_bitmap_shift: Value of write = 36
[104570.044180] write_proc_unbounded: Value of write = 0
[104570.044188] write_proc_2mb_limit: Value of write = 0
[104570.044189] write_proc_unbounded: Value of write = 0
[104570.044190] write_proc_unbounded: Value of write = 0
[104570.044192] write_proc_bitmap_shift: Value of write = 36
[104570.044195] write_proc_unbounded: Value of write = 0
[104570.044198] write_proc_2mb_limit: Value of write = 0
[104570.044198] write_proc_2mb_limit: Value of write = 0
[104570.044201] write_proc_unbounded: Value of write = 0
[104570.044203] write_proc_2mb_limit: Value of write = 0
[104570.044203] write_proc_bitmap_shift: Value of write = 36
[104570.044203] write_proc_bitmap_shift: Value of write = 36
[104570.044204] write_proc_unbounded: Value of write = 0
[104570.044205] write_proc_unbounded: Value of write = 0
[104570.044208] write_proc_bitmap_shift: Value of write = 36
[104570.044211] write_proc_2mb_limit: Value of write = 0
[104570.044214] write_proc_2mb_limit: Value of write = 0
[104570.044215] write_proc_2mb_limit: Value of write = 0
[104570.044216] write_proc_bitmap_shift: Value of write = 36
[104570.044220] write_proc_bitmap_shift: Value of write = 36
[104570.044221] write_proc_bitmap_shift: Value of write = 36
[104570.044235] write_proc_unbounded: Value of write = 0
[104570.044241] write_proc_2mb_limit: Value of write = 0
[104570.044243] write_proc_bitmap_shift: Value of write = 36
[104572.570353] write_proc_unbounded: Value of write = 0
[104572.570363] write_proc_2mb_limit: Value of write = 0
[104572.570527] write_proc_unbounded: Value of write = 0
[104572.570551] write_proc_2mb_limit: Value of write = 0
[104572.570819] write_proc_unbounded: Value of write = 0
[104572.570831] write_proc_2mb_limit: Value of write = 0
[104572.570845] write_proc_unbounded: Value of write = 0
[104572.570851] write_proc_2mb_limit: Value of write = 0
[104572.570918] write_proc_unbounded: Value of write = 0
[104572.570920] write_proc_unbounded: Value of write = 0
[104572.570930] write_proc_2mb_limit: Value of write = 0
[104572.570930] write_proc_2mb_limit: Value of write = 0
[104572.570942] write_proc_unbounded: Value of write = 0
[104572.570972] write_proc_2mb_limit: Value of write = 0
[104572.571085] write_proc_unbounded: Value of write = 0
[104572.571093] write_proc_2mb_limit: Value of write = 0
[104572.571109] write_proc_unbounded: Value of write = 0
[104572.571110] write_proc_unbounded: Value of write = 0
[104572.571116] write_proc_2mb_limit: Value of write = 0
[104572.571117] write_proc_2mb_limit: Value of write = 0
[104572.571137] write_proc_unbounded: Value of write = 0
[104572.571145] write_proc_2mb_limit: Value of write = 0
[104572.571171] write_proc_unbounded: Value of write = 0
[104572.571176] write_proc_unbounded: Value of write = 0
[104572.571177] write_proc_2mb_limit: Value of write = 0
[104572.571181] write_proc_2mb_limit: Value of write = 0
[104572.571363] write_proc_unbounded: Value of write = 0
[104572.571381] write_proc_2mb_limit: Value of write = 0
[104572.571389] write_proc_unbounded: Value of write = 0
[104572.571399] write_proc_2mb_limit: Value of write = 0
[104572.571524] write_proc_unbounded: Value of write = 0
[104572.571544] write_proc_2mb_limit: Value of write = 0
[104572.571562] write_proc_unbounded: Value of write = 0
[104572.571569] write_proc_2mb_limit: Value of write = 0
[104572.571980] write_proc_unbounded: Value of write = 0
[104572.571987] write_proc_2mb_limit: Value of write = 0
[104572.572074] write_proc_unbounded: Value of write = 0
[104572.572086] write_proc_unbounded: Value of write = 0
[104572.572093] write_proc_2mb_limit: Value of write = 0
[104572.572097] write_proc_2mb_limit: Value of write = 0
[104572.572200] write_proc_unbounded: Value of write = 0
[104572.572209] write_proc_2mb_limit: Value of write = 0
[104572.572238] write_proc_unbounded: Value of write = 0
[104572.572246] write_proc_2mb_limit: Value of write = 0
[104572.572266] write_proc_unbounded: Value of write = 0
[104572.572270] write_proc_2mb_limit: Value of write = 0
[104572.572327] write_proc_unbounded: Value of write = 0
[104572.572345] write_proc_2mb_limit: Value of write = 0
[104572.572360] write_proc_unbounded: Value of write = 0
[104572.572372] write_proc_2mb_limit: Value of write = 0
[104572.572462] write_proc_unbounded: Value of write = 0
[104572.572470] write_proc_2mb_limit: Value of write = 0
[104572.572471] write_proc_unbounded: Value of write = 0
[104572.572478] write_proc_unbounded: Value of write = 0
[104572.572484] write_proc_2mb_limit: Value of write = 0
[104572.572490] write_proc_2mb_limit: Value of write = 0
[104572.572494] write_proc_unbounded: Value of write = 0
[104572.572514] write_proc_2mb_limit: Value of write = 0
[104572.572514] write_proc_unbounded: Value of write = 0
[104572.572524] write_proc_2mb_limit: Value of write = 0
[104572.572563] write_proc_unbounded: Value of write = 0
[104572.572581] write_proc_2mb_limit: Value of write = 0
[104572.572607] write_proc_unbounded: Value of write = 0
[104572.572616] write_proc_2mb_limit: Value of write = 0
