Received signal 11 (Segmentation fault)
#0   /usr/lib/lib_Cross_Blind.so(_Z13prefetcher_thPv+0x20) [0x7fd1a127a250] ??	??:0	DESTRUCTOR GETTING CALLED 	PRINT_GLOBAL_LIB_STATS in dest	Total nr_ra = 0	Total nr_bytes_ra = 0	
#1   /usr/lib/lib_Cross_Blind.so(+0x7ab9) [0x7fd1a127cab9] Command terminated by signal 11
	Command being timed: "./db_bench --db=/users/kannan11/ssd/prefetching/appbench/apps/rocksdb/DATA --value_size=4096 --wal_dir=/users/kannan11/ssd/prefetching/appbench/apps/rocksdb/DATA/WAL_LOG --sync=0 --key_size=1000 --write_buffer_size=67108864 --num=0 --seed=1576170874 --benchmarks=readrandom --use_existing_db=1 --mmap_read=0 --threads=8"
	User time (seconds): 0.01
	System time (seconds): 0.49
	Percent of CPU this job got: 285%
	Elapsed (wall clock) time (h:mm:ss or m:ss): 0:00.18
	Average shared text size (kbytes): 0
	Average unshared data size (kbytes): 0
	Average stack size (kbytes): 0
	Average total size (kbytes): 0
	Maximum resident set size (kbytes): 40744
	Average resident set size (kbytes): 0
	Major (requiring I/O) page faults: 89
	Minor (reclaiming a frame) page faults: 11824
	Voluntary context switches: 627
	Involuntary context switches: 49
	Swaps: 0
	File system inputs: 575760
	File system outputs: 72
	Socket messages sent: 0
	Socket messages received: 0
	Signals delivered: 0
	Page size (bytes): 4096
	Exit status: 0
DESTRUCTOR GETTING CALLED 
PRINT_GLOBAL_LIB_STATS in dest
Total nr_ra = 0
Total nr_bytes_ra = 0
[33897.977585] sh (34360): drop_caches: 3
[33898.016914] sh (34366): drop_caches: 3
[33903.050217] write_proc_unbounded: Value of write = 0
[33903.050232] write_proc_2mb_limit: Value of write = 0
[33903.050237] write_proc_bitmap_shift: Value of write = 38
[33903.058091] write_proc_unbounded: Value of write = 0
[33903.058106] write_proc_2mb_limit: Value of write = 0
[33903.058111] write_proc_bitmap_shift: Value of write = 38
[33903.209835] write_proc_unbounded: Value of write = 0
[33903.209846] write_proc_2mb_limit: Value of write = 0
[33903.209850] write_proc_bitmap_shift: Value of write = 38
[33903.213638] write_proc_unbounded: Value of write = 0
[33903.213647] write_proc_2mb_limit: Value of write = 0
[33903.213651] write_proc_bitmap_shift: Value of write = 38
[33903.222186] write_proc_unbounded: Value of write = 0
[33903.222192] write_proc_2mb_limit: Value of write = 0
[33903.228958] traps: db_bench[34434] general protection fault ip:7fd1a127a250 sp:7fd190fadaa0 error:0 in lib_Cross_Blind.so[7fd1a1275000+a000]
[33903.230887] write_proc_unbounded: Value of write = 0
[33903.230894] write_proc_2mb_limit: Value of write = 0
[33903.230897] write_proc_bitmap_shift: Value of write = 38
[33903.232280] write_proc_unbounded: Value of write = 0
[33903.232287] write_proc_2mb_limit: Value of write = 0
[33903.233228] write_proc_unbounded: Value of write = 0
[33903.233237] write_proc_2mb_limit: Value of write = 0
[33903.233241] write_proc_bitmap_shift: Value of write = 38
