/users/kannan11/ssd/ioopt/appbench/apps/snappy-c/SNAPPY/result-ext4dax
Created 32 bg_threads
Total time: 169.54 s
Average throughput: 2554.73 MB/s
tot input sz 454164480000 outsz 21510732672
	Command being timed: "/users/kannan11/ssd/ioopt/appbench/apps/snappy-c/snappy /users/kannan11/ssd/ioopt/appbench/apps/snappy-c/DATA 32"
	User time (seconds): 599.15
	System time (seconds): 1232.48
	Percent of CPU this job got: 1080%
	Elapsed (wall clock) time (h:mm:ss or m:ss): 2:49.54
	Average shared text size (kbytes): 0
	Average unshared data size (kbytes): 0
	Average stack size (kbytes): 0
	Average total size (kbytes): 0
	Maximum resident set size (kbytes): 4512264
	Average resident set size (kbytes): 0
	Major (requiring I/O) page faults: 13
	Minor (reclaiming a frame) page faults: 120621670
	Voluntary context switches: 475048
	Involuntary context switches: 12571
	Swaps: 0
	File system inputs: 887094120
	File system outputs: 42020360
	Socket messages sent: 0
	Socket messages received: 0
	Signals delivered: 0
	Page size (bytes): 4096
	Exit status: 0
