ENABLE_FILE_STATS in con
ENABLE_FILE_STATS in per_thread_ds
ENABLE_FILE_STATS in con
ENABLE_FILE_STATS in per_thread_ds
Received signal 11 (Segmentation fault)
ENABLE_FILE_STATS in per_thread_ds
ENABLE_FILE_STATS in per_thread_ds
ENABLE_FILE_STATS in per_thread_ds
ENABLE_FILE_STATS in per_thread_ds
ENABLE_FILE_STATS in per_thread_ds
ENABLE_FILE_STATS in per_thread_ds
Command terminated by signal 11
	Command being timed: "./db_bench --db=/users/kannan11/ssd/prefetching/appbench/apps/rocksdb/DATA --value_size=4096 --wal_dir=/users/kannan11/ssd/prefetching/appbench/apps/rocksdb/DATA/WAL_LOG --sync=0 --key_size=1000 --write_buffer_size=67108864 --num=5000000 --seed=1576170874 --benchmarks=readwhilescanning --use_existing_db=1 --mmap_read=0 --threads=4"
	User time (seconds): 0.00
	System time (seconds): 0.00
	Percent of CPU this job got: 60%
	Elapsed (wall clock) time (h:mm:ss or m:ss): 0:00.02
	Average shared text size (kbytes): 0
	Average unshared data size (kbytes): 0
	Average stack size (kbytes): 0
	Average total size (kbytes): 0
	Maximum resident set size (kbytes): 13208
	Average resident set size (kbytes): 0
	Major (requiring I/O) page faults: 76
	Minor (reclaiming a frame) page faults: 1331
	Voluntary context switches: 171
	Involuntary context switches: 0
	Swaps: 0
	File system inputs: 22256
	File system outputs: 8
	Socket messages sent: 0
	Socket messages received: 0
	Signals delivered: 0
	Page size (bytes): 4096
	Exit status: 0
DESTRUCTOR GETTING CALLED 
PRINT_GLOBAL_STATS in dest
PRINT_GLOBAL_LIB_STATS in dest
Total nr_ra = 0
Total nr_bytes_ra = 0
[99761.670707] sh (1806): drop_caches: 3
[99761.702718] sh (1812): drop_caches: 3
[99766.727873] write_proc_unbounded: Value of write = 0
[99766.727884] write_proc_2mb_limit: Value of write = 0
[99766.727889] write_proc_bitmap_shift: Value of write = 28
[99766.734969] write_proc_unbounded: Value of write = 0
[99766.734976] write_proc_2mb_limit: Value of write = 0
[99766.734979] write_proc_bitmap_shift: Value of write = 28
[99766.748110] thread-pool-1[1826]: segfault at 0 ip 00007f0106f0e3b4 sp 00007f0104491940 error 4
[99766.748118] thread-pool-0[1825]: segfault at 0 ip 00007f0106f0e3b4 sp 00007f0104c92940 error 4 in lib_Cross_Blind.so[7f0106f09000+b000]
[99766.748124]  in lib_Cross_Blind.so[7f0106f09000+b000]

[99766.748129] Code: 89 c7 e8 bf ee ff ff 48 89 45 98 48 8b 85 68 ff ff ff 48 89 c7 e8 fc e9 ff ff 48 8b 45 90 4c 8b 50 40 48 8b 45 90 48 8b 40 40 <44> 8b 08 48 8b 45 98 4c 8b 00 48 8b 45 90 48 8b 78 28 48 8b 45 90
[99766.748129] Code: 89 c7 e8 bf ee ff ff 48 89 45 98 48 8b 85 68 ff ff ff 48 89 c7 e8 fc e9 ff ff 48 8b 45 90 4c 8b 50 40 48 8b 45 90 48 8b 40 40 <44> 8b 08 48 8b 45 98 4c 8b 00 48 8b 45 90 48 8b 78 28 48 8b 45 90
[99766.748215] thread-pool-3[1828]: segfault at 0 ip 00007f0106f0e3b4 sp 00007f010348f940 error 4 in lib_Cross_Blind.so[7f0106f09000+b000]
[99766.748232] Code: 89 c7 e8 bf ee ff ff 48 89 45 98 48 8b 85 68 ff ff ff 48 89 c7 e8 fc e9 ff ff 48 8b 45 90 4c 8b 50 40 48 8b 45 90 48 8b 40 40 <44> 8b 08 48 8b 45 98 4c 8b 00 48 8b 45 90 48 8b 78 28 48 8b 45 90
[99766.750082] write_proc_unbounded: Value of write = 0
[99766.750088] write_proc_2mb_limit: Value of write = 0
