ENABLE_FILE_STATS in con
ENABLE_FILE_STATS in per_thread_ds
ENABLE_FILE_STATS in con
ENABLE_FILE_STATS in per_thread_ds
ENABLE_FILE_STATS in per_thread_ds
ENABLE_FILE_STATS in per_thread_ds
ENABLE_FILE_STATS in per_thread_ds
ENABLE_FILE_STATS in per_thread_ds
ENABLE_FILE_STATS in per_thread_ds
ENABLE_FILE_STATS in per_thread_ds
ENABLE_FILE_STATS in per_thread_ds
ENABLE_FILE_STATS in per_thread_ds
ENABLE_FILE_STATS in per_thread_ds
ENABLE_FILE_STATS in per_thread_ds
ENABLE_FILE_STATS in per_thread_ds
ENABLE_FILE_STATS in per_thread_ds
ENABLE_FILE_STATS in per_thread_ds
ENABLE_FILE_STATS in per_thread_ds
ERR:handle_open unable to add to uinode
ERR:handle_open unable to add to uinode
ERR:handle_open unable to add to uinode
Initializing RocksDB Options from the specified file
Initializing RocksDB Options from command-line flags
Integrated BlobDB: blob cache disabled
prefetcher_th: TID:1737: going to fetch from 0 for size 30890350 on file 8 total size=30890350,rasize = 1048576, stride = 0 bytes, ptr=0x7f61dc000e50, ino=24641983, inode=0x7f61dc000cc0
prefetcher_th: TID:1738: going to fetch from 0 for size 30890514 on file 9 total size=30890514,rasize = 1048576, stride = 0 bytes, ptr=0x7f61d4000e50, ino=24641979, inode=0x7f61d4000cc0
prefetcher_th: TID:1741: going to fetch from 0 for size 30890335 on file 10 total size=30890335,rasize = 1048576, stride = 0 bytes, ptr=0x7f61c8000e50, ino=24641973, inode=0x7f61c8000cc0
prefetcher_th: TID:1742: going to fetch from 0 for size 30890399 on file 13 total size=30890399,rasize = 1048576, stride = 0 bytes, ptr=0x7f61c0000e50, ino=24641975, inode=0x7f61c0000cc0
prefetcher_th: TID:1743: going to fetch from 0 for size 30890376 on file 14 total size=30890376,rasize = 1048576, stride = 0 bytes, ptr=0x7f61c4000e50, ino=24641976, inode=0x7f61c4000cc0
prefetcher_th: TID:1747: going to fetch from 0 for size 30890470 on file 16 total size=30890470,rasize = 1048576, stride = 0 bytes, ptr=0x7f61bc000e50, ino=24641978, inode=0x7f61bc000cc0
prefetcher_th: TID:1734: going to fetch from 0 for size 30890308 on file 17 total size=30890308,rasize = 1048576, stride = 0 bytes, ptr=0x5562cf9efd70, ino=24641972, inode=0x5562cf9cc330
prefetcher_th: TID:1739: going to fetch from 0 for size 30890450 on file 12 total size=30890450,rasize = 1048576, stride = 0 bytes, ptr=0x7f61d8000e50, ino=24641974, inode=0x7f61d8000cc0
prefetcher_th: TID:1744: going to fetch from 0 for size 30890422 on file 15 total size=30890422,rasize = 1048576, stride = 0 bytes, ptr=0x7f61b8000e50, ino=24641977, inode=0x7f61b8000cc0
prefetcher_th: TID:1746: going to fetch from 0 for size 30890475 on file 19 total size=30890475,rasize = 1048576, stride = 0 bytes, ptr=0x7f6190000e50, ino=24641967, inode=0x7f6190000cc0
prefetcher_th: TID:1749: going to fetch from 0 for size 30890900 on file 18 total size=30890900,rasize = 1048576, stride = 0 bytes, ptr=0x7f61b0000e50, ino=24641970, inode=0x7f61b0000cc0
prefetcher_th: TID:1745: going to fetch from 0 for size 30890586 on file 21 total size=30890586,rasize = 1048576, stride = 0 bytes, ptr=0x7f6198000e50, ino=24641968, inode=0x7f6198000cc0
prefetcher_th: TID:1750: going to fetch from 0 for size 30890594 on file 20 total size=30890594,rasize = 1048576, stride = 0 bytes, ptr=0x7f61a0000e50, ino=24641969, inode=0x7f61a0000cc0
prefetcher_th: TID:1751: going to fetch from 0 for size 30890532 on file 22 total size=30890532,rasize = 1048576, stride = 0 bytes, ptr=0x7f6188000e50, ino=24641924, inode=0x7f6188000cc0
prefetcher_th: TID:1748: going to fetch from 0 for size 30890311 on file 23 total size=30890311,rasize = 1048576, stride = 0 bytes, ptr=0x7f61a8000e50, ino=24641971, inode=0x7f61a8000cc0
prefetcher_th: TID:1740: going to fetch from 0 for size 30890329 on file 24 total size=30890329,rasize = 1048576, stride = 0 bytes, ptr=0x7f61cc005630, ino=24641923, inode=0x7f61cc0044c0
prefetcher_th: TID:1737: going to fetch from 0 for size 30890376 on file 25 total size=30890376,rasize = 1048576, stride = 0 bytes, ptr=0x7f61dc005360, ino=24641922, inode=0x7f61dc004520
prefetcher_th: TID:1741: going to fetch from 0 for size 30890280 on file 26 total size=30890280,rasize = 1048576, stride = 0 bytes, ptr=0x7f61c8005380, ino=24641921, inode=0x7f61c8004540
prefetcher_th: TID:1738: going to fetch from 0 for size 30890310 on file 27 total size=30890310,rasize = 1048576, stride = 0 bytes, ptr=0x7f61d4005380, ino=24641920, inode=0x7f61d4004540
prefetcher_th: TID:1742: going to fetch from 0 for size 30890409 on file 28 total size=30890409,rasize = 1048576, stride = 0 bytes, ptr=0x7f61c0005380, ino=24641919, inode=0x7f61c0004540
prefetcher_th: TID:1747: going to fetch from 0 for size 30890255 on file 29 total size=30890255,rasize = 1048576, stride = 0 bytes, ptr=0x7f61bc005380, ino=24641918, inode=0x7f61bc004540
prefetcher_th: TID:1744: going to fetch from 0 for size 30890310 on file 30 total size=30890310,rasize = 1048576, stride = 0 bytes, ptr=0x7f61b8005380, ino=24641916, inode=0x7f61b8004540
prefetcher_th: TID:1750: going to fetch from 0 for size 30890269 on file 31 total size=30890269,rasize = 1048576, stride = 0 bytes, ptr=0x7f61a0005380, ino=24641915, inode=0x7f61a0004540
prefetcher_th: TID:1745: going to fetch from 0 for size 30890367 on file 32 total size=30890367,rasize = 1048576, stride = 0 bytes, ptr=0x7f6198005380, ino=24641914, inode=0x7f6198004540
prefetcher_th: TID:1739: going to fetch from 0 for size 30890438 on file 33 total size=30890438,rasize = 1048576, stride = 0 bytes, ptr=0x7f61d8005380, ino=24641913, inode=0x7f61d8004540
prefetcher_th: TID:1743: going to fetch from 0 for size 30890513 on file 34 total size=30890513,rasize = 1048576, stride = 0 bytes, ptr=0x7f61c4005380, ino=24641912, inode=0x7f61c4004540
prefetcher_th: TID:1748: going to fetch from 0 for size 30890502 on file 35 total size=30890502,rasize = 1048576, stride = 0 bytes, ptr=0x7f61a8005380, ino=24641911, inode=0x7f61a8004540
prefetcher_th: TID:1734: going to fetch from 0 for size 30890427 on file 36 total size=30890427,rasize = 1048576, stride = 0 bytes, ptr=0x5562cf9aa080, ino=24641910, inode=0x5562cf9a8c50
prefetcher_th: TID:1749: going to fetch from 0 for size 30890444 on file 37 total size=30890444,rasize = 1048576, stride = 0 bytes, ptr=0x7f61b0005380, ino=24641909, inode=0x7f61b0004540
prefetcher_th: TID:1740: going to fetch from 0 for size 30890117 on file 38 total size=30890117,rasize = 1048576, stride = 0 bytes, ptr=0x7f61cc008e00, ino=24641908, inode=0x7f61cc0080d0
prefetcher_th: TID:1751: going to fetch from 0 for size 30890171 on file 39 total size=30890171,rasize = 1048576, stride = 0 bytes, ptr=0x7f6188005380, ino=24641907, inode=0x7f6188004540
prefetcher_th: TID:1746: going to fetch from 0 for size 30890305 on file 40 total size=30890305,rasize = 1048576, stride = 0 bytes, ptr=0x7f6190005380, ino=24641917, inode=0x7f6190004540
prefetcher_th: TID:1741: going to fetch from 0 for size 30890235 on file 41 total size=30890235,rasize = 1048576, stride = 0 bytes, ptr=0x7f61c8008590, ino=24641906, inode=0x7f61c8007920
prefetcher_th: TID:1737: going to fetch from 0 for size 30890117 on file 42 total size=30890117,rasize = 1048576, stride = 0 bytes, ptr=0x7f61dc008990, ino=24641905, inode=0x7f61dc007d20
prefetcher_th: TID:1738: going to fetch from 0 for size 30890508 on file 43 total size=30890508,rasize = 1048576, stride = 0 bytes, ptr=0x7f61d4008590, ino=24641894, inode=0x7f61d4007920
prefetcher_th: TID:1742: going to fetch from 0 for size 30890365 on file 44 total size=30890365,rasize = 1048576, stride = 0 bytes, ptr=0x7f61c0008590, ino=24641893, inode=0x7f61c0007950
prefetcher_th: TID:1747: going to fetch from 0 for size 30890468 on file 45 total size=30890468,rasize = 1048576, stride = 0 bytes, ptr=0x7f61bc008630, ino=24641892, inode=0x7f61bc007980
prefetcher_th: TID:1744: going to fetch from 0 for size 30890514 on file 46 total size=30890514,rasize = 1048576, stride = 0 bytes, ptr=0x7f61b8008630, ino=24641891, inode=0x7f61b8007980
prefetcher_th: TID:1739: going to fetch from 0 for size 30890543 on file 47 total size=30890543,rasize = 1048576, stride = 0 bytes, ptr=0x7f61d8008630, ino=24641889, inode=0x7f61d8007980
prefetcher_th: TID:1745: going to fetch from 0 for size 30890400 on file 48 total size=30890400,rasize = 1048576, stride = 0 bytes, ptr=0x7f6198008630, ino=24641890, inode=0x7f6198007980
prefetcher_th: TID:1750: going to fetch from 0 for size 30890430 on file 49 total size=30890430,rasize = 1048576, stride = 0 bytes, ptr=0x7f61a0008630, ino=24641895, inode=0x7f61a0007980
prefetcher_th: TID:1734: going to fetch from 0 for size 30890434 on file 50 total size=30890434,rasize = 1048576, stride = 0 bytes, ptr=0x5562cf9ad300, ino=24641897, inode=0x5562cf9ac650
prefetcher_th: TID:1748: going to fetch from 0 for size 30890400 on file 51 total size=30890400,rasize = 1048576, stride = 0 bytes, ptr=0x7f61a8008630, ino=24641898, inode=0x7f61a8007980
prefetcher_th: TID:1749: going to fetch from 0 for size 30890644 on file 52 total size=30890644,rasize = 1048576, stride = 0 bytes, ptr=0x7f61b0008630, ino=24641899, inode=0x7f61b0007980
prefetcher_th: TID:1746: going to fetch from 0 for size 30890581 on file 53 total size=30890581,rasize = 1048576, stride = 0 bytes, ptr=0x7f6190008630, ino=24641900, inode=0x7f6190007980
prefetcher_th: TID:1740: going to fetch from 0 for size 30890638 on file 54 total size=30890638,rasize = 1048576, stride = 0 bytes, ptr=0x7f61cc00c030, ino=24641901, inode=0x7f61cc00b3c0
prefetcher_th: TID:1743: going to fetch from 0 for size 30890433 on file 55 total size=30890433,rasize = 1048576, stride = 0 bytes, ptr=0x7f61c4008630, ino=24641896, inode=0x7f61c4007980
prefetcher_th: TID:1737: going to fetch from 0 for size 30890569 on file 56 total size=30890569,rasize = 1048576, stride = 0 bytes, ptr=0x7f61dc00bef0, ino=24641903, inode=0x7f61dc007ff0
prefetcher_th: TID:1741: going to fetch from 0 for size 30890652 on file 57 total size=30890652,rasize = 1048576, stride = 0 bytes, ptr=0x7f61c800ba70, ino=24641904, inode=0x7f61c8007bf0
prefetcher_th: TID:1738: going to fetch from 0 for size 30890118 on file 58 total size=30890118,rasize = 1048576, stride = 0 bytes, ptr=0x7f61d400ba70, ino=24641925, inode=0x7f61d4007bf0
prefetcher_th: TID:1742: going to fetch from 0 for size 30890153 on file 59 total size=30890153,rasize = 1048576, stride = 0 bytes, ptr=0x7f61c000bbb0, ino=24641926, inode=0x7f61c0007c60
prefetcher_th: TID:1747: going to fetch from 0 for size 30890134 on file 60 total size=30890134,rasize = 1048576, stride = 0 bytes, ptr=0x7f61bc00bbf0, ino=24641927, inode=0x7f61bc00b1b0
prefetcher_th: TID:1744: going to fetch from 0 for size 30890211 on file 61 total size=30890211,rasize = 1048576, stride = 0 bytes, ptr=0x7f61b800bbf0, ino=24641928, inode=0x7f61b800b1b0
prefetcher_th: TID:1739: going to fetch from 0 for size 30890260 on file 62 total size=30890260,rasize = 1048576, stride = 0 bytes, ptr=0x7f61d800bbf0, ino=24641929, inode=0x7f61d8007c90
prefetcher_th: TID:1750: going to fetch from 0 for size 30889973 on file 63 total size=30889973,rasize = 1048576, stride = 0 bytes, ptr=0x7f61a000bbf0, ino=24641930, inode=0x7f61a000b1b0
prefetcher_th: TID:1745: going to fetch from 0 for size 30890005 on file 64 total size=30890005,rasize = 1048576, stride = 0 bytes, ptr=0x7f619800bbf0, ino=24641931, inode=0x7f619800b1b0
prefetcher_th: TID:1751: going to fetch from 0 for size 30890591 on file 65 total size=30890591,rasize = 1048576, stride = 0 bytes, ptr=0x7f6188008630, ino=24641902, inode=0x7f6188007980
prefetcher_th: TID:1734: going to fetch from 0 for size 30890096 on file 66 total size=30890096,rasize = 1048576, stride = 0 bytes, ptr=0x5562cf9b08f0, ino=24641932, inode=0x5562cf9ac960
prefetcher_th: TID:1749: going to fetch from 0 for size 30890067 on file 67 total size=30890067,rasize = 1048576, stride = 0 bytes, ptr=0x7f61b000bbf0, ino=24641933, inode=0x7f61b000b1b0
prefetcher_th: TID:1748: going to fetch from 0 for size 30890051 on file 68 total size=30890051,rasize = 1048576, stride = 0 bytes, ptr=0x7f61a800bbf0, ino=24641934, inode=0x7f61a800b1b0
prefetcher_th: TID:1746: going to fetch from 0 for size 30890155 on file 69 total size=30890155,rasize = 1048576, stride = 0 bytes, ptr=0x7f619000bbf0, ino=24641935, inode=0x7f619000b1b0
prefetcher_th: TID:1743: going to fetch from 0 for size 30890238 on file 70 total size=30890238,rasize = 1048576, stride = 0 bytes, ptr=0x7f61c400bbf0, ino=24641936, inode=0x7f61c400b1b0
prefetcher_th: TID:1740: going to fetch from 0 for size 30890251 on file 71 total size=30890251,rasize = 1048576, stride = 0 bytes, ptr=0x7f61cc00f530, ino=24641937, inode=0x7f61cc00b6c0
prefetcher_th: TID:1741: going to fetch from 0 for size 30890240 on file 72 total size=30890240,rasize = 1048576, stride = 0 bytes, ptr=0x7f61c800eeb0, ino=24641938, inode=0x7f61c800b170
prefetcher_th: TID:1738: going to fetch from 0 for size 30890271 on file 73 total size=30890271,rasize = 1048576, stride = 0 bytes, ptr=0x7f61d400eeb0, ino=24641939, inode=0x7f61d400b170
prefetcher_th: TID:1737: going to fetch from 0 for size 30890509 on file 74 total size=30890509,rasize = 1048576, stride = 0 bytes, ptr=0x7f61dc00f330, ino=24641940, inode=0x7f61dc00b5f0
prefetcher_th: TID:1742: going to fetch from 0 for size 30890486 on file 75 total size=30890486,rasize = 1048576, stride = 0 bytes, ptr=0x7f61c000ec60, ino=24641941, inode=0x7f61c000e280
prefetcher_th: TID:1747: going to fetch from 0 for size 30890539 on file 76 total size=30890539,rasize = 1048576, stride = 0 bytes, ptr=0x7f61bc00efa0, ino=24641942, inode=0x7f61bc00e700
prefetcher_th: TID:1744: going to fetch from 0 for size 30890510 on file 77 total size=30890510,rasize = 1048576, stride = 0 bytes, ptr=0x7f61b800efa0, ino=24641943, inode=0x7f61b800e700
prefetcher_th: TID:1739: going to fetch from 0 for size 30890585 on file 78 total size=30890585,rasize = 1048576, stride = 0 bytes, ptr=0x7f61d800efd0, ino=24641944, inode=0x7f61d800b2c0
prefetcher_th: TID:1750: going to fetch from 0 for size 30890771 on file 79 total size=30890771,rasize = 1048576, stride = 0 bytes, ptr=0x7f61a000efd0, ino=24641945, inode=0x7f61a000e730
prefetcher_th: TID:1745: going to fetch from 0 for size 30890548 on file 80 total size=30890548,rasize = 1048576, stride = 0 bytes, ptr=0x7f619800efd0, ino=24641946, inode=0x7f619800e730
prefetcher_th: TID:1734: going to fetch from 0 for size 30890619 on file 81 total size=30890619,rasize = 1048576, stride = 0 bytes, ptr=0x5562cf9b39e0, ino=24641947, inode=0x5562cf9b3000
prefetcher_th: TID:1749: going to fetch from 0 for size 30890644 on file 82 total size=30890644,rasize = 1048576, stride = 0 bytes, ptr=0x7f61b000efd0, ino=24641948, inode=0x7f61b000e730
prefetcher_th: TID:1751: going to fetch from 0 for size 30890601 on file 83 total size=30890601,rasize = 1048576, stride = 0 bytes, ptr=0x7f618800bbf0, ino=24641949, inode=0x7f618800b1b0
prefetcher_th: TID:1748: going to fetch from 0 for size 30890444 on file 84 total size=30890444,rasize = 1048576, stride = 0 bytes, ptr=0x7f61a800efd0, ino=24641950, inode=0x7f61a800e730
prefetcher_th: TID:1746: going to fetch from 0 for size 30890399 on file 85 total size=30890399,rasize = 1048576, stride = 0 bytes, ptr=0x7f619000efd0, ino=24641951, inode=0x7f619000e730
prefetcher_th: TID:1743: going to fetch from 0 for size 30890479 on file 86 total size=30890479,rasize = 1048576, stride = 0 bytes, ptr=0x7f61c400efd0, ino=24641952, inode=0x7f61c400e730
prefetcher_th: TID:1740: going to fetch from 0 for size 30890409 on file 87 total size=30890409,rasize = 1048576, stride = 0 bytes, ptr=0x7f61cc012880, ino=24641953, inode=0x7f61cc00eb70
prefetcher_th: TID:1741: going to fetch from 0 for size 30890535 on file 88 total size=30890535,rasize = 1048576, stride = 0 bytes, ptr=0x7f61c80121a0, ino=24641954, inode=0x7f61c80119b0
prefetcher_th: TID:1737: going to fetch from 0 for size 30890564 on file 89 total size=30890564,rasize = 1048576, stride = 0 bytes, ptr=0x7f61dc012620, ino=24641955, inode=0x7f61dc011e30
prefetcher_th: TID:1738: going to fetch from 0 for size 30890587 on file 90 total size=30890587,rasize = 1048576, stride = 0 bytes, ptr=0x7f61d40121a0, ino=24641956, inode=0x7f61d40119b0
prefetcher_th: TID:1747: going to fetch from 0 for size 30890611 on file 91 total size=30890611,rasize = 1048576, stride = 0 bytes, ptr=0x7f61bc012410, ino=24641958, inode=0x7f61bc0122a0
prefetcher_th: TID:1744: going to fetch from 0 for size 30890586 on file 92 total size=30890586,rasize = 1048576, stride = 0 bytes, ptr=0x7f61b8012410, ino=24641959, inode=0x7f61b80122a0
prefetcher_th: TID:1739: going to fetch from 0 for size 30890181 on file 93 total size=30890181,rasize = 1048576, stride = 0 bytes, ptr=0x7f61d8012240, ino=24641960, inode=0x7f61d800e730
prefetcher_th: TID:1750: going to fetch from 0 for size 30890251 on file 94 total size=30890251,rasize = 1048576, stride = 0 bytes, ptr=0x7f61a0012440, ino=24641961, inode=0x7f61a00122d0
prefetcher_th: TID:1734: going to fetch from 0 for size 30890223 on file 95 total size=30890223,rasize = 1048576, stride = 0 bytes, ptr=0x5562cf9b6ef0, ino=24641962, inode=0x5562cf9b3170
prefetcher_th: TID:1745: going to fetch from 0 for size 30890351 on file 96 total size=30890351,rasize = 1048576, stride = 0 bytes, ptr=0x7f6198012440, ino=24641963, inode=0x7f61980122d0
prefetcher_th: TID:1748: going to fetch from 0 for size 30890669 on file 97 total size=30890669,rasize = 1048576, stride = 0 bytes, ptr=0x7f61a8012440, ino=24641965, inode=0x7f61a80122d0
prefetcher_th: TID:1746: going to fetch from 0 for size 30890369 on file 98 total size=30890369,rasize = 1048576, stride = 0 bytes, ptr=0x7f6190012440, ino=24641888, inode=0x7f61900122d0
prefetcher_th: TID:1743: going to fetch from 0 for size 30890392 on file 99 total size=30890392,rasize = 1048576, stride = 0 bytes, ptr=0x7f61c4012440, ino=24641887, inode=0x7f61c40122d0
prefetcher_th: TID:1740: going to fetch from 0 for size 30890402 on file 100 total size=30890402,rasize = 1048576, stride = 0 bytes, ptr=0x7f61cc031af0, ino=24641886, inode=0x7f61cc015b40
prefetcher_th: TID:1742: going to fetch from 0 for size 30890638 on file 101 total size=30890638,rasize = 1048576, stride = 0 bytes, ptr=0x7f61c00120d0, ino=24641957, inode=0x7f61c000e3f0
prefetcher_th: TID:1741: going to fetch from 0 for size 30890361 on file 102 total size=30890361,rasize = 1048576, stride = 0 bytes, ptr=0x7f61c80154a0, ino=24641885, inode=0x7f61c800e5d0
prefetcher_th: TID:1737: going to fetch from 0 for size 30890480 on file 103 total size=30890480,rasize = 1048576, stride = 0 bytes, ptr=0x7f61dc015920, ino=24641884, inode=0x7f61dc00ea50
prefetcher_th: TID:1749: going to fetch from 0 for size 30890506 on file 104 total size=30890506,rasize = 1048576, stride = 0 bytes, ptr=0x7f61b0012440, ino=24641966, inode=0x7f61b00122d0
prefetcher_th: TID:1738: going to fetch from 0 for size 30890673 on file 105 total size=30890673,rasize = 1048576, stride = 0 bytes, ptr=0x7f61d40154a0, ino=24641883, inode=0x7f61d400e5d0
prefetcher_th: TID:1747: going to fetch from 0 for size 30890487 on file 106 total size=30890487,rasize = 1048576, stride = 0 bytes, ptr=0x7f61bc0157c0, ino=24641882, inode=0x7f61bc015650
prefetcher_th: TID:1744: going to fetch from 0 for size 30890567 on file 107 total size=30890567,rasize = 1048576, stride = 0 bytes, ptr=0x7f61b80157c0, ino=24641881, inode=0x7f61b8015650
prefetcher_th: TID:1739: going to fetch from 0 for size 30890515 on file 108 total size=30890515,rasize = 1048576, stride = 0 bytes, ptr=0x7f61d8015610, ino=24641880, inode=0x7f61d80154a0
prefetcher_th: TID:1751: going to fetch from 0 for size 30890374 on file 109 total size=30890374,rasize = 1048576, stride = 0 bytes, ptr=0x7f618800efd0, ino=24641964, inode=0x7f618800e730
prefetcher_th: TID:1750: going to fetch from 0 for size 30890574 on file 110 total size=30890574,rasize = 1048576, stride = 0 bytes, ptr=0x7f61a00157f0, ino=24641879, inode=0x7f61a0015680
prefetcher_th: TID:1734: going to fetch from 0 for size 30890521 on file 111 total size=30890521,rasize = 1048576, stride = 0 bytes, ptr=0x5562cf9ba2b0, ino=24641878, inode=0x5562cf9b6530
prefetcher_th: TID:1745: going to fetch from 0 for size 30890428 on file 112 total size=30890428,rasize = 1048576, stride = 0 bytes, ptr=0x7f61980157f0, ino=24641877, inode=0x7f6198015680
prefetcher_th: TID:1748: going to fetch from 0 for size 30890463 on file 113 total size=30890463,rasize = 1048576, stride = 0 bytes, ptr=0x7f61a80157f0, ino=24641876, inode=0x7f61a8015680
prefetcher_th: TID:1746: going to fetch from 0 for size 30890422 on file 114 total size=30890422,rasize = 1048576, stride = 0 bytes, ptr=0x7f61900157f0, ino=24641875, inode=0x7f6190015680
prefetcher_th: TID:1743: going to fetch from 0 for size 30890440 on file 115 total size=30890440,rasize = 1048576, stride = 0 bytes, ptr=0x7f61c40157f0, ino=24641874, inode=0x7f61c4015680
prefetcher_th: TID:1742: going to fetch from 0 for size 30890035 on file 116 total size=30890035,rasize = 1048576, stride = 0 bytes, ptr=0x7f61c0015410, ino=24641873, inode=0x7f61c0011790
prefetcher_th: TID:1741: going to fetch from 0 for size 30890092 on file 117 total size=30890092,rasize = 1048576, stride = 0 bytes, ptr=0x7f61c8018890, ino=24641871, inode=0x7f61c8018720
prefetcher_th: TID:1749: going to fetch from 0 for size 30890070 on file 118 total size=30890070,rasize = 1048576, stride = 0 bytes, ptr=0x7f61b00157f0, ino=24641870, inode=0x7f61b0015680
prefetcher_th: TID:1738: going to fetch from 0 for size 30890195 on file 119 total size=30890195,rasize = 1048576, stride = 0 bytes, ptr=0x7f61d4018890, ino=24641869, inode=0x7f61d4018720
prefetcher_th: TID:1747: going to fetch from 0 for size 30890463 on file 120 total size=30890463,rasize = 1048576, stride = 0 bytes, ptr=0x7f61bc018b10, ino=24641868, inode=0x7f61bc0189a0
prefetcher_th: TID:1737: going to fetch from 0 for size 30890431 on file 121 total size=30890431,rasize = 1048576, stride = 0 bytes, ptr=0x7f61dc018d10, ino=24641867, inode=0x7f61dc018ba0
prefetcher_th: TID:1744: going to fetch from 0 for size 30890459 on file 122 total size=30890459,rasize = 1048576, stride = 0 bytes, ptr=0x7f61b8018b10, ino=24641866, inode=0x7f61b80189a0
prefetcher_th: TID:1739: going to fetch from 0 for size 30890516 on file 123 total size=30890516,rasize = 1048576, stride = 0 bytes, ptr=0x7f61d8018960, ino=24641865, inode=0x7f61d80187f0
prefetcher_th: TID:1751: going to fetch from 0 for size 30890560 on file 124 total size=30890560,rasize = 1048576, stride = 0 bytes, ptr=0x7f6188012440, ino=24641864, inode=0x7f61880122d0
prefetcher_th: TID:1740: going to fetch from 0 for size 30890016 on file 125 total size=30890016,rasize = 1048576, stride = 0 bytes, ptr=0x7f61cc0349b0, ino=24641872, inode=0x7f61cc034840
prefetcher_th: TID:1750: going to fetch from 0 for size 30890608 on file 126 total size=30890608,rasize = 1048576, stride = 0 bytes, ptr=0x7f61a0018b40, ino=24641863, inode=0x7f61a00189d0
prefetcher_th: TID:1734: going to fetch from 0 for size 30890367 on file 127 total size=30890367,rasize = 1048576, stride = 0 bytes, ptr=0x5562cf9bd6e0, ino=24641862, inode=0x5562cf9bd570
prefetcher_th: TID:1745: going to fetch from 0 for size 30890418 on file 128 total size=30890418,rasize = 1048576, stride = 0 bytes, ptr=0x7f6198018b40, ino=24641861, inode=0x7f61980189d0
prefetcher_th: TID:1748: going to fetch from 0 for size 30890517 on file 129 total size=30890517,rasize = 1048576, stride = 0 bytes, ptr=0x7f61a8018b40, ino=24641860, inode=0x7f61a80189d0
prefetcher_th: TID:1743: going to fetch from 0 for size 30890608 on file 130 total size=30890608,rasize = 1048576, stride = 0 bytes, ptr=0x7f61c4018b40, ino=24641858, inode=0x7f61c40189d0
prefetcher_th: TID:1742: going to fetch from 0 for size 30890404 on file 131 total size=30890404,rasize = 1048576, stride = 0 bytes, ptr=0x7f61c00187e0, ino=24641857, inode=0x7f61c0018670
prefetcher_th: TID:1741: going to fetch from 0 for size 30890442 on file 132 total size=30890442,rasize = 1048576, stride = 0 bytes, ptr=0x7f61c801bbe0, ino=24641856, inode=0x7f61c801ba70
prefetcher_th: TID:1746: going to fetch from 0 for size 30890478 on file 133 total size=30890478,rasize = 1048576, stride = 0 bytes, ptr=0x7f6190018b40, ino=24641859, inode=0x7f61900189d0
prefetcher_th: TID:1749: going to fetch from 0 for size 30890510 on file 134 total size=30890510,rasize = 1048576, stride = 0 bytes, ptr=0x7f61b0018b40, ino=24641855, inode=0x7f61b00189d0
prefetcher_th: TID:1747: going to fetch from 0 for size 30890420 on file 135 total size=30890420,rasize = 1048576, stride = 0 bytes, ptr=0x7f61bc01be00, ino=24641854, inode=0x7f61bc01bc90
prefetcher_th: TID:1738: going to fetch from 0 for size 30890335 on file 136 total size=30890335,rasize = 1048576, stride = 0 bytes, ptr=0x7f61d401bbe0, ino=24641853, inode=0x7f61d401ba70
prefetcher_th: TID:1737: going to fetch from 0 for size 30890330 on file 137 total size=30890330,rasize = 1048576, stride = 0 bytes, ptr=0x7f61dc01c060, ino=24641852, inode=0x7f61dc01bef0
prefetcher_th: TID:1744: going to fetch from 0 for size 30890379 on file 138 total size=30890379,rasize = 1048576, stride = 0 bytes, ptr=0x7f61b801be00, ino=24641851, inode=0x7f61b801bc90
prefetcher_th: TID:1751: going to fetch from 0 for size 30890345 on file 139 total size=30890345,rasize = 1048576, stride = 0 bytes, ptr=0x7f61880157f0, ino=24641850, inode=0x7f6188015680
prefetcher_th: TID:1739: going to fetch from 0 for size 30890338 on file 140 total size=30890338,rasize = 1048576, stride = 0 bytes, ptr=0x7f61d801bc50, ino=24641849, inode=0x7f61d801bae0
prefetcher_th: TID:1740: going to fetch from 0 for size 30890363 on file 141 total size=30890363,rasize = 1048576, stride = 0 bytes, ptr=0x7f61cc037d00, ino=24641848, inode=0x7f61cc037b90
prefetcher_th: TID:1750: going to fetch from 0 for size 30890377 on file 142 total size=30890377,rasize = 1048576, stride = 0 bytes, ptr=0x7f61a001be30, ino=24641847, inode=0x7f61a001bcc0
prefetcher_th: TID:1734: going to fetch from 0 for size 30890394 on file 143 total size=30890394,rasize = 1048576, stride = 0 bytes, ptr=0x5562cf9c0a30, ino=24641846, inode=0x5562cf9c08c0
prefetcher_th: TID:1745: going to fetch from 0 for size 30890467 on file 144 total size=30890467,rasize = 1048576, stride = 0 bytes, ptr=0x7f619801be30, ino=24641845, inode=0x7f619801bcc0
prefetcher_th: TID:1743: going to fetch from 0 for size 30890476 on file 145 total size=30890476,rasize = 1048576, stride = 0 bytes, ptr=0x7f61c401be30, ino=24641843, inode=0x7f61c401bcc0
prefetcher_th: TID:1748: going to fetch from 0 for size 30890361 on file 146 total size=30890361,rasize = 1048576, stride = 0 bytes, ptr=0x7f61a801be30, ino=24641844, inode=0x7f61a801bcc0
prefetcher_th: TID:1742: going to fetch from 0 for size 30890483 on file 147 total size=30890483,rasize = 1048576, stride = 0 bytes, ptr=0x7f61c001bad0, ino=24641842, inode=0x7f61c001b960
prefetcher_th: TID:1741: going to fetch from 0 for size 30890440 on file 148 total size=30890440,rasize = 1048576, stride = 0 bytes, ptr=0x7f61c801ef30, ino=24641841, inode=0x7f61c801edc0
prefetcher_th: TID:1746: going to fetch from 0 for size 30890441 on file 149 total size=30890441,rasize = 1048576, stride = 0 bytes, ptr=0x7f619001be30, ino=24641840, inode=0x7f619001bcc0
prefetcher_th: TID:1749: going to fetch from 0 for size 30890405 on file 150 total size=30890405,rasize = 1048576, stride = 0 bytes, ptr=0x7f61b001be30, ino=24641839, inode=0x7f61b001bcc0
prefetcher_th: TID:1747: going to fetch from 0 for size 30890514 on file 151 total size=30890514,rasize = 1048576, stride = 0 bytes, ptr=0x7f61bc01f150, ino=24641838, inode=0x7f61bc01efe0
prefetcher_th: TID:1737: going to fetch from 0 for size 30890414 on file 152 total size=30890414,rasize = 1048576, stride = 0 bytes, ptr=0x7f61dc01f3b0, ino=24641836, inode=0x7f61dc01f240
prefetcher_th: TID:1744: going to fetch from 0 for size 30890427 on file 153 total size=30890427,rasize = 1048576, stride = 0 bytes, ptr=0x7f61b801f150, ino=24641835, inode=0x7f61b801efe0
prefetcher_th: TID:1751: going to fetch from 0 for size 30890421 on file 154 total size=30890421,rasize = 1048576, stride = 0 bytes, ptr=0x7f6188018b40, ino=24641834, inode=0x7f61880189d0
prefetcher_th: TID:1750: going to fetch from 0 for size 30890134 on file 155 total size=30890134,rasize = 1048576, stride = 0 bytes, ptr=0x7f61a001f180, ino=24641831, inode=0x7f61a001f010
prefetcher_th: TID:1734: going to fetch from 0 for size 30890276 on file 156 total size=30890276,rasize = 1048576, stride = 0 bytes, ptr=0x5562cf9c3d80, ino=24641830, inode=0x5562cf9c3c10
prefetcher_th: TID:1745: going to fetch from 0 for size 30890251 on file 157 total size=30890251,rasize = 1048576, stride = 0 bytes, ptr=0x7f619801f180, ino=24641829, inode=0x7f619801f010
prefetcher_th: TID:1739: going to fetch from 0 for size 30890314 on file 158 total size=30890314,rasize = 1048576, stride = 0 bytes, ptr=0x7f61d801efa0, ino=24641833, inode=0x7f61d801ee30
prefetcher_th: TID:1748: going to fetch from 0 for size 30890102 on file 159 total size=30890102,rasize = 1048576, stride = 0 bytes, ptr=0x7f61a801f180, ino=24641827, inode=0x7f61a801f010
prefetcher_th: TID:1738: going to fetch from 0 for size 30890583 on file 160 total size=30890583,rasize = 1048576, stride = 0 bytes, ptr=0x7f61d401ef30, ino=24641837, inode=0x7f61d401edc0
prefetcher_th: TID:1741: going to fetch from 0 for size 30890192 on file 161 total size=30890192,rasize = 1048576, stride = 0 bytes, ptr=0x7f61c8022280, ino=24641825, inode=0x7f61c8022110
prefetcher_th: TID:1740: going to fetch from 0 for size 30890199 on file 162 total size=30890199,rasize = 1048576, stride = 0 bytes, ptr=0x7f61cc03b0b0, ino=24641832, inode=0x7f61cc03af40
prefetcher_th: TID:1746: going to fetch from 0 for size 30890194 on file 163 total size=30890194,rasize = 1048576, stride = 0 bytes, ptr=0x7f619001f180, ino=24641824, inode=0x7f619001f010
prefetcher_th: TID:1747: going to fetch from 0 for size 30890651 on file 164 total size=30890651,rasize = 1048576, stride = 0 bytes, ptr=0x7f61bc0224a0, ino=24641822, inode=0x7f61bc022330
prefetcher_th: TID:1743: going to fetch from 0 for size 30890261 on file 165 total size=30890261,rasize = 1048576, stride = 0 bytes, ptr=0x7f61c401f180, ino=24641828, inode=0x7f61c401f010
prefetcher_th: TID:1737: going to fetch from 0 for size 30890533 on file 166 total size=30890533,rasize = 1048576, stride = 0 bytes, ptr=0x7f61dc022700, ino=24641821, inode=0x7f61dc022590
prefetcher_th: TID:1742: going to fetch from 0 for size 30890030 on file 167 total size=30890030,rasize = 1048576, stride = 0 bytes, ptr=0x7f61c001edc0, ino=24641826, inode=0x7f61c001ec50
prefetcher_th: TID:1751: going to fetch from 0 for size 30890667 on file 168 total size=30890667,rasize = 1048576, stride = 0 bytes, ptr=0x7f618801be30, ino=24641819, inode=0x7f618801bcc0
prefetcher_th: TID:1744: going to fetch from 0 for size 30890624 on file 169 total size=30890624,rasize = 1048576, stride = 0 bytes, ptr=0x7f61b80224a0, ino=24641820, inode=0x7f61b8022330
prefetcher_th: TID:1734: going to fetch from 0 for size 30890677 on file 170 total size=30890677,rasize = 1048576, stride = 0 bytes, ptr=0x5562cf9cdd70, ino=24641817, inode=0x5562cf9c6f60
prefetcher_th: TID:1745: going to fetch from 0 for size 30890507 on file 171 total size=30890507,rasize = 1048576, stride = 0 bytes, ptr=0x7f61980224d0, ino=24641816, inode=0x7f6198022360
prefetcher_th: TID:1749: going to fetch from 0 for size 30890528 on file 172 total size=30890528,rasize = 1048576, stride = 0 bytes, ptr=0x7f61b001f180, ino=24641823, inode=0x7f61b001f010
prefetcher_th: TID:1739: going to fetch from 0 for size 30890485 on file 173 total size=30890485,rasize = 1048576, stride = 0 bytes, ptr=0x7f61d80222f0, ino=24641815, inode=0x7f61d8022180
prefetcher_th: TID:1748: going to fetch from 0 for size 30890546 on file 174 total size=30890546,rasize = 1048576, stride = 0 bytes, ptr=0x7f61a80224d0, ino=24641814, inode=0x7f61a8022360
prefetcher_th: TID:1750: going to fetch from 0 for size 30890668 on file 175 total size=30890668,rasize = 1048576, stride = 0 bytes, ptr=0x7f61a00224d0, ino=24641818, inode=0x7f61a0022360
prefetcher_th: TID:1738: going to fetch from 0 for size 30890520 on file 176 total size=30890520,rasize = 1048576, stride = 0 bytes, ptr=0x7f61d4022280, ino=24641813, inode=0x7f61d4022110
prefetcher_th: TID:1741: going to fetch from 0 for size 30890390 on file 177 total size=30890390,rasize = 1048576, stride = 0 bytes, ptr=0x7f61c80255d0, ino=24641812, inode=0x7f61c8025460
prefetcher_th: TID:1746: going to fetch from 0 for size 30890361 on file 178 total size=30890361,rasize = 1048576, stride = 0 bytes, ptr=0x7f61900224d0, ino=24641810, inode=0x7f6190022360
prefetcher_th: TID:1747: going to fetch from 0 for size 30890344 on file 179 total size=30890344,rasize = 1048576, stride = 0 bytes, ptr=0x7f61bc0257f0, ino=24641809, inode=0x7f61bc025680
prefetcher_th: TID:1743: going to fetch from 0 for size 30890409 on file 180 total size=30890409,rasize = 1048576, stride = 0 bytes, ptr=0x7f61c40224d0, ino=24641808, inode=0x7f61c4022360
prefetcher_th: TID:1740: going to fetch from 0 for size 30890324 on file 181 total size=30890324,rasize = 1048576, stride = 0 bytes, ptr=0x7f61cc03e400, ino=24641811, inode=0x7f61cc03e290
prefetcher_th: TID:1742: going to fetch from 0 for size 30890515 on file 182 total size=30890515,rasize = 1048576, stride = 0 bytes, ptr=0x7f61c0022110, ino=24641807, inode=0x7f61c0021fa0
prefetcher_th: TID:1751: going to fetch from 0 for size 30890492 on file 183 total size=30890492,rasize = 1048576, stride = 0 bytes, ptr=0x7f618801f180, ino=24641805, inode=0x7f618801f010
prefetcher_th: TID:1734: going to fetch from 0 for size 30890673 on file 184 total size=30890673,rasize = 1048576, stride = 0 bytes, ptr=0x5562cf9d0c20, ino=24641803, inode=0x5562cf9d0ab0
prefetcher_th: TID:1745: going to fetch from 0 for size 30890576 on file 185 total size=30890576,rasize = 1048576, stride = 0 bytes, ptr=0x7f6198025820, ino=24641802, inode=0x7f61980256b0
prefetcher_th: TID:1749: going to fetch from 0 for size 30890638 on file 186 total size=30890638,rasize = 1048576, stride = 0 bytes, ptr=0x7f61b00224d0, ino=24641801, inode=0x7f61b0022360
prefetcher_th: TID:1739: going to fetch from 0 for size 30890605 on file 187 total size=30890605,rasize = 1048576, stride = 0 bytes, ptr=0x7f61d8025640, ino=24641800, inode=0x7f61d80254d0
prefetcher_th: TID:1748: going to fetch from 0 for size 30890591 on file 188 total size=30890591,rasize = 1048576, stride = 0 bytes, ptr=0x7f61a8025820, ino=24641799, inode=0x7f61a80256b0
prefetcher_th: TID:1738: going to fetch from 0 for size 30890010 on file 189 total size=30890010,rasize = 1048576, stride = 0 bytes, ptr=0x7f61d40255d0, ino=24641797, inode=0x7f61d4025460
prefetcher_th: TID:1741: going to fetch from 0 for size 30890184 on file 190 total size=30890184,rasize = 1048576, stride = 0 bytes, ptr=0x7f61c8028920, ino=24641796, inode=0x7f61c80287b0
prefetcher_th: TID:1737: going to fetch from 0 for size 30890406 on file 191 total size=30890406,rasize = 1048576, stride = 0 bytes, ptr=0x7f61dc025a50, ino=24641806, inode=0x7f61dc0258e0
prefetcher_th: TID:1746: going to fetch from 0 for size 30890037 on file 192 total size=30890037,rasize = 1048576, stride = 0 bytes, ptr=0x7f6190025820, ino=24641795, inode=0x7f61900256b0
prefetcher_th: TID:1747: going to fetch from 0 for size 30890037 on file 193 total size=30890037,rasize = 1048576, stride = 0 bytes, ptr=0x7f61bc028ae0, ino=24641794, inode=0x7f61bc028970
prefetcher_th: TID:1744: going to fetch from 0 for size 30890612 on file 194 total size=30890612,rasize = 1048576, stride = 0 bytes, ptr=0x7f61b80257f0, ino=24641804, inode=0x7f61b8025680
prefetcher_th: TID:1750: going to fetch from 0 for size 30890336 on file 195 total size=30890336,rasize = 1048576, stride = 0 bytes, ptr=0x7f61a0025820, ino=24641798, inode=0x7f61a00256b0
prefetcher_th: TID:1742: going to fetch from 0 for size 30890221 on file 196 total size=30890221,rasize = 1048576, stride = 0 bytes, ptr=0x7f61c0025460, ino=24641791, inode=0x7f61c00252f0
prefetcher_th: TID:1751: going to fetch from 0 for size 30890183 on file 197 total size=30890183,rasize = 1048576, stride = 0 bytes, ptr=0x7f61880224d0, ino=24641790, inode=0x7f6188022360
prefetcher_th: TID:1739: going to fetch from 0 for size 30890517 on file 198 total size=30890517,rasize = 1048576, stride = 0 bytes, ptr=0x7f61d8028990, ino=24641786, inode=0x7f61d8028820
prefetcher_th: TID:1748: going to fetch from 0 for size 30890594 on file 199 total size=30890594,rasize = 1048576, stride = 0 bytes, ptr=0x7f61a8028b20, ino=24641785, inode=0x7f61a80289b0
prefetcher_th: TID:1738: going to fetch from 0 for size 30890614 on file 200 total size=30890614,rasize = 1048576, stride = 0 bytes, ptr=0x7f61d4028920, ino=24641784, inode=0x7f61d40287b0
prefetcher_th: TID:1737: going to fetch from 0 for size 30890688 on file 201 total size=30890688,rasize = 1048576, stride = 0 bytes, ptr=0x7f61dc028da0, ino=24641783, inode=0x7f61dc028c30
prefetcher_th: TID:1743: going to fetch from 0 for size 30890182 on file 202 total size=30890182,rasize = 1048576, stride = 0 bytes, ptr=0x7f61c4025820, ino=24641792, inode=0x7f61c40256b0
prefetcher_th: TID:1741: going to fetch from 0 for size 30890465 on file 203 total size=30890465,rasize = 1048576, stride = 0 bytes, ptr=0x7f61c806afa0, ino=24641782, inode=0x7f61c806ae30
prefetcher_th: TID:1746: going to fetch from 0 for size 30890537 on file 204 total size=30890537,rasize = 1048576, stride = 0 bytes, ptr=0x7f6190028b50, ino=24641781, inode=0x7f61900289e0
prefetcher_th: TID:1747: going to fetch from 0 for size 30890457 on file 205 total size=30890457,rasize = 1048576, stride = 0 bytes, ptr=0x7f61bc06af60, ino=24641780, inode=0x7f61bc06adf0
prefetcher_th: TID:1749: going to fetch from 0 for size 30890455 on file 206 total size=30890455,rasize = 1048576, stride = 0 bytes, ptr=0x7f61b0025820, ino=24641788, inode=0x7f61b00256b0
prefetcher_th: TID:1744: going to fetch from 0 for size 30890502 on file 207 total size=30890502,rasize = 1048576, stride = 0 bytes, ptr=0x7f61b8028b20, ino=24641779, inode=0x7f61b80289b0
prefetcher_th: TID:1750: going to fetch from 0 for size 30890516 on file 208 total size=30890516,rasize = 1048576, stride = 0 bytes, ptr=0x7f61a0028b50, ino=24641778, inode=0x7f61a00289e0
prefetcher_th: TID:1740: going to fetch from 0 for size 30890641 on file 209 total size=30890641,rasize = 1048576, stride = 0 bytes, ptr=0x7f61cc0416f0, ino=24641793, inode=0x7f61cc041580
prefetcher_th: TID:1742: going to fetch from 0 for size 30890150 on file 210 total size=30890150,rasize = 1048576, stride = 0 bytes, ptr=0x7f61c0028790, ino=24641777, inode=0x7f61c0028620
prefetcher_th: TID:1751: going to fetch from 0 for size 30890320 on file 211 total size=30890320,rasize = 1048576, stride = 0 bytes, ptr=0x7f6188025820, ino=24641776, inode=0x7f61880256b0
prefetcher_th: TID:1739: going to fetch from 0 for size 30890111 on file 212 total size=30890111,rasize = 1048576, stride = 0 bytes, ptr=0x7f61d806afc0, ino=24641775, inode=0x7f61d806ae50
prefetcher_th: TID:1748: going to fetch from 0 for size 30890085 on file 213 total size=30890085,rasize = 1048576, stride = 0 bytes, ptr=0x7f61a806af80, ino=24641774, inode=0x7f61a806ae10
prefetcher_th: TID:1738: going to fetch from 0 for size 30890257 on file 214 total size=30890257,rasize = 1048576, stride = 0 bytes, ptr=0x7f61d406af80, ino=24641773, inode=0x7f61d406ae10
prefetcher_th: TID:1743: going to fetch from 0 for size 30890023 on file 215 total size=30890023,rasize = 1048576, stride = 0 bytes, ptr=0x7f61c4028b50, ino=24641772, inode=0x7f61c40289e0
prefetcher_th: TID:1734: going to fetch from 0 for size 30890258 on file 216 total size=30890258,rasize = 1048576, stride = 0 bytes, ptr=0x5562cf9d3f40, ino=24641789, inode=0x5562cf9d3dd0
prefetcher_th: TID:1737: going to fetch from 0 for size 30890141 on file 217 total size=30890141,rasize = 1048576, stride = 0 bytes, ptr=0x7f61dc06af00, ino=24641771, inode=0x7f61dc06ad90
prefetcher_th: TID:1746: going to fetch from 0 for size 30890014 on file 218 total size=30890014,rasize = 1048576, stride = 0 bytes, ptr=0x7f619006af50, ino=24641770, inode=0x7f619006ade0
prefetcher_th: TID:1741: going to fetch from 0 for size 30890104 on file 219 total size=30890104,rasize = 1048576, stride = 0 bytes, ptr=0x7f61c806e2d0, ino=24641769, inode=0x7f61c806e160
prefetcher_th: TID:1747: going to fetch from 0 for size 30890299 on file 220 total size=30890299,rasize = 1048576, stride = 0 bytes, ptr=0x7f61bc06e1e0, ino=24641768, inode=0x7f61bc06e070
prefetcher_th: TID:1744: going to fetch from 0 for size 30890381 on file 221 total size=30890381,rasize = 1048576, stride = 0 bytes, ptr=0x7f61b806af30, ino=24641767, inode=0x7f61b806adc0
prefetcher_th: TID:1740: going to fetch from 0 for size 30890373 on file 222 total size=30890373,rasize = 1048576, stride = 0 bytes, ptr=0x7f61cc044a20, ino=24641764, inode=0x7f61cc0448b0
prefetcher_th: TID:1742: going to fetch from 0 for size 30886779 on file 223 total size=30886779,rasize = 1048576, stride = 0 bytes, ptr=0x7f61c006af20, ino=24641763, inode=0x7f61c006adb0
prefetcher_th: TID:1751: going to fetch from 0 for size 30890552 on file 224 total size=30890552,rasize = 1048576, stride = 0 bytes, ptr=0x7f6188028b50, ino=24641674, inode=0x7f61880289e0
prefetcher_th: TID:1739: going to fetch from 0 for size 30890666 on file 225 total size=30890666,rasize = 1048576, stride = 0 bytes, ptr=0x7f61d806e2f0, ino=24641673, inode=0x7f61d806e180
prefetcher_th: TID:1749: going to fetch from 0 for size 30890308 on file 226 total size=30890308,rasize = 1048576, stride = 0 bytes, ptr=0x7f61b0028b50, ino=24641766, inode=0x7f61b00289e0
prefetcher_th: TID:1748: going to fetch from 0 for size 30890711 on file 227 total size=30890711,rasize = 1048576, stride = 0 bytes, ptr=0x7f61a806e180, ino=24641672, inode=0x7f61a806e010
prefetcher_th: TID:1738: going to fetch from 0 for size 30890642 on file 228 total size=30890642,rasize = 1048576, stride = 0 bytes, ptr=0x7f61d406e2b0, ino=24641671, inode=0x7f61d406e140
prefetcher_th: TID:1745: going to fetch from 0 for size 30890601 on file 229 total size=30890601,rasize = 1048576, stride = 0 bytes, ptr=0x7f6198028b50, ino=24641787, inode=0x7f61980289e0
prefetcher_th: TID:1743: going to fetch from 0 for size 30890586 on file 230 total size=30890586,rasize = 1048576, stride = 0 bytes, ptr=0x7f61c406af00, ino=24641669, inode=0x7f61c406ad90
prefetcher_th: TID:1737: going to fetch from 0 for size 30890742 on file 231 total size=30890742,rasize = 1048576, stride = 0 bytes, ptr=0x7f61dc06e010, ino=24641668, inode=0x7f61dc06dea0
prefetcher_th: TID:1746: going to fetch from 0 for size 30890631 on file 232 total size=30890631,rasize = 1048576, stride = 0 bytes, ptr=0x7f619006e0a0, ino=24641667, inode=0x7f619006df30
prefetcher_th: TID:1741: going to fetch from 0 for size 30890676 on file 233 total size=30890676,rasize = 1048576, stride = 0 bytes, ptr=0x7f61c8071680, ino=24641666, inode=0x7f61c8071510
prefetcher_th: TID:1747: going to fetch from 0 for size 30890601 on file 234 total size=30890601,rasize = 1048576, stride = 0 bytes, ptr=0x7f61bc071510, ino=24641665, inode=0x7f61bc0713a0
prefetcher_th: TID:1744: going to fetch from 0 for size 30890603 on file 235 total size=30890603,rasize = 1048576, stride = 0 bytes, ptr=0x7f61b806e190, ino=24641664, inode=0x7f61b806e020
prefetcher_th: TID:1740: going to fetch from 0 for size 30890572 on file 236 total size=30890572,rasize = 1048576, stride = 0 bytes, ptr=0x7f61cc047d50, ino=24641663, inode=0x7f61cc047be0
prefetcher_th: TID:1742: going to fetch from 0 for size 30890630 on file 237 total size=30890630,rasize = 1048576, stride = 0 bytes, ptr=0x7f61c006e250, ino=24641662, inode=0x7f61c006e0e0
prefetcher_th: TID:1734: going to fetch from 0 for size 30890522 on file 238 total size=30890522,rasize = 1048576, stride = 0 bytes, ptr=0x5562cf9d72d0, ino=24641670, inode=0x5562cf9d7160
prefetcher_th: TID:1751: going to fetch from 0 for size 30890662 on file 239 total size=30890662,rasize = 1048576, stride = 0 bytes, ptr=0x7f618806afc0, ino=24641661, inode=0x7f618806ae50
prefetcher_th: TID:1739: going to fetch from 0 for size 30890578 on file 240 total size=30890578,rasize = 1048576, stride = 0 bytes, ptr=0x7f61d8071620, ino=24641660, inode=0x7f61d80714b0
prefetcher_th: TID:1749: going to fetch from 0 for size 30890536 on file 241 total size=30890536,rasize = 1048576, stride = 0 bytes, ptr=0x7f61b006af70, ino=24641659, inode=0x7f61b006ae00
prefetcher_th: TID:1748: going to fetch from 0 for size 30890552 on file 242 total size=30890552,rasize = 1048576, stride = 0 bytes, ptr=0x7f61a8071490, ino=24641658, inode=0x7f61a8071320
prefetcher_th: TID:1738: going to fetch from 0 for size 30890648 on file 243 total size=30890648,rasize = 1048576, stride = 0 bytes, ptr=0x7f61d4071660, ino=24641657, inode=0x7f61d40714f0
prefetcher_th: TID:1750: going to fetch from 0 for size 30890303 on file 244 total size=30890303,rasize = 1048576, stride = 0 bytes, ptr=0x7f61a006aff0, ino=24641765, inode=0x7f61a006ae80
prefetcher_th: TID:1743: going to fetch from 0 for size 30890636 on file 245 total size=30890636,rasize = 1048576, stride = 0 bytes, ptr=0x7f61c406e0b0, ino=24641656, inode=0x7f61c406df40
prefetcher_th: TID:1745: going to fetch from 0 for size 30890632 on file 246 total size=30890632,rasize = 1048576, stride = 0 bytes, ptr=0x7f619806afc0, ino=24641655, inode=0x7f619806ae50
prefetcher_th: TID:1737: going to fetch from 0 for size 30890542 on file 247 total size=30890542,rasize = 1048576, stride = 0 bytes, ptr=0x7f61dc0712e0, ino=24641654, inode=0x7f61dc071170
prefetcher_th: TID:1746: going to fetch from 0 for size 30890642 on file 248 total size=30890642,rasize = 1048576, stride = 0 bytes, ptr=0x7f6190071380, ino=24641653, inode=0x7f6190071210
prefetcher_th: TID:1741: going to fetch from 0 for size 30890682 on file 249 total size=30890682,rasize = 1048576, stride = 0 bytes, ptr=0x7f61c80749d0, ino=24641652, inode=0x7f61c8074860
prefetcher_th: TID:1747: going to fetch from 0 for size 30890647 on file 250 total size=30890647,rasize = 1048576, stride = 0 bytes, ptr=0x7f61bc074840, ino=24641651, inode=0x7f61bc0746d0
prefetcher_th: TID:1744: going to fetch from 0 for size 30890611 on file 251 total size=30890611,rasize = 1048576, stride = 0 bytes, ptr=0x7f61b80714a0, ino=24641650, inode=0x7f61b8071330
prefetcher_th: TID:1740: going to fetch from 0 for size 30890574 on file 252 total size=30890574,rasize = 1048576, stride = 0 bytes, ptr=0x7f61cc04b080, ino=24641649, inode=0x7f61cc04af10
prefetcher_th: TID:1742: going to fetch from 0 for size 30890770 on file 253 total size=30890770,rasize = 1048576, stride = 0 bytes, ptr=0x7f61c0071580, ino=24641648, inode=0x7f61c0071410
prefetcher_th: TID:1751: going to fetch from 0 for size 30890617 on file 254 total size=30890617,rasize = 1048576, stride = 0 bytes, ptr=0x7f618806e250, ino=24641647, inode=0x7f618806e0e0
prefetcher_th: TID:1734: going to fetch from 0 for size 30890606 on file 255 total size=30890606,rasize = 1048576, stride = 0 bytes, ptr=0x5562cf9da620, ino=24641646, inode=0x5562cf9da4b0
prefetcher_th: TID:1749: going to fetch from 0 for size 30890646 on file 256 total size=30890646,rasize = 1048576, stride = 0 bytes, ptr=0x7f61b006e140, ino=24641645, inode=0x7f61b006dfd0
prefetcher_th: TID:1739: going to fetch from 0 for size 30890590 on file 257 total size=30890590,rasize = 1048576, stride = 0 bytes, ptr=0x7f61d8074950, ino=24641644, inode=0x7f61d80747e0
prefetcher_th: TID:1748: going to fetch from 0 for size 30890617 on file 258 total size=30890617,rasize = 1048576, stride = 0 bytes, ptr=0x7f61a80747c0, ino=24641643, inode=0x7f61a8074650
prefetcher_th: TID:1750: going to fetch from 0 for size 30890668 on file 259 total size=30890668,rasize = 1048576, stride = 0 bytes, ptr=0x7f61a006e0e0, ino=24641642, inode=0x7f61a002b880
prefetcher_th: TID:1745: going to fetch from 0 for size 30890654 on file 260 total size=30890654,rasize = 1048576, stride = 0 bytes, ptr=0x7f619806e250, ino=24641641, inode=0x7f619806e0e0
prefetcher_th: TID:1738: going to fetch from 0 for size 30890601 on file 261 total size=30890601,rasize = 1048576, stride = 0 bytes, ptr=0x7f61d4074980, ino=24641640, inode=0x7f61d4074810
prefetcher_th: TID:1737: going to fetch from 0 for size 30890578 on file 262 total size=30890578,rasize = 1048576, stride = 0 bytes, ptr=0x7f61dc074610, ino=24641639, inode=0x7f61dc0744a0
prefetcher_th: TID:1743: going to fetch from 0 for size 30890565 on file 263 total size=30890565,rasize = 1048576, stride = 0 bytes, ptr=0x7f61c4071320, ino=24641638, inode=0x7f61c40711b0
prefetcher_th: TID:1746: going to fetch from 0 for size 30890558 on file 264 total size=30890558,rasize = 1048576, stride = 0 bytes, ptr=0x7f61900746f0, ino=24641637, inode=0x7f6190074580
prefetcher_th: TID:1741: going to fetch from 0 for size 30890630 on file 265 total size=30890630,rasize = 1048576, stride = 0 bytes, ptr=0x7f61c8077cd0, ino=24641636, inode=0x7f61c8077b60
prefetcher_th: TID:1744: going to fetch from 0 for size 30890601 on file 266 total size=30890601,rasize = 1048576, stride = 0 bytes, ptr=0x7f61b80747d0, ino=24641634, inode=0x7f61b8074660
prefetcher_th: TID:1740: going to fetch from 0 for size 30890568 on file 267 total size=30890568,rasize = 1048576, stride = 0 bytes, ptr=0x7f61cc04e3b0, ino=24641633, inode=0x7f61cc04e240
prefetcher_th: TID:1747: going to fetch from 0 for size 30890609 on file 268 total size=30890609,rasize = 1048576, stride = 0 bytes, ptr=0x7f61bc077b70, ino=24641635, inode=0x7f61bc077a00
prefetcher_th: TID:1742: going to fetch from 0 for size 30890659 on file 269 total size=30890659,rasize = 1048576, stride = 0 bytes, ptr=0x7f61c00748b0, ino=24641612, inode=0x7f61c0074740
prefetcher_th: TID:1751: going to fetch from 0 for size 30890577 on file 270 total size=30890577,rasize = 1048576, stride = 0 bytes, ptr=0x7f6188071580, ino=24641611, inode=0x7f6188071410
prefetcher_th: TID:1734: going to fetch from 0 for size 30890620 on file 271 total size=30890620,rasize = 1048576, stride = 0 bytes, ptr=0x5562cf9dd970, ino=24641610, inode=0x5562cf9dd800
prefetcher_th: TID:1748: going to fetch from 0 for size 30890647 on file 272 total size=30890647,rasize = 1048576, stride = 0 bytes, ptr=0x7f61a8077af0, ino=24641609, inode=0x7f61a8077980
prefetcher_th: TID:1750: going to fetch from 0 for size 30890557 on file 273 total size=30890557,rasize = 1048576, stride = 0 bytes, ptr=0x7f61a00713d0, ino=24641608, inode=0x7f61a0071260
prefetcher_th: TID:1739: going to fetch from 0 for size 30890889 on file 274 total size=30890889,rasize = 1048576, stride = 0 bytes, ptr=0x7f61d8077c80, ino=24641607, inode=0x7f61d8077b10
prefetcher_th: TID:1745: going to fetch from 0 for size 30890583 on file 275 total size=30890583,rasize = 1048576, stride = 0 bytes, ptr=0x7f6198071550, ino=24641605, inode=0x7f61980713e0
prefetcher_th: TID:1738: going to fetch from 0 for size 30890671 on file 276 total size=30890671,rasize = 1048576, stride = 0 bytes, ptr=0x7f61d4077c80, ino=24641604, inode=0x7f61d4077b10
prefetcher_th: TID:1737: going to fetch from 0 for size 30890625 on file 277 total size=30890625,rasize = 1048576, stride = 0 bytes, ptr=0x7f61dc0779c0, ino=24641603, inode=0x7f61dc077850
prefetcher_th: TID:1749: going to fetch from 0 for size 30890577 on file 278 total size=30890577,rasize = 1048576, stride = 0 bytes, ptr=0x7f61b0071450, ino=24641606, inode=0x7f61b00712e0
prefetcher_th: TID:1746: going to fetch from 0 for size 30863660 on file 279 total size=30863660,rasize = 1048576, stride = 0 bytes, ptr=0x7f61900779f0, ino=24641599, inode=0x7f6190077880
prefetcher_th: TID:1741: going to fetch from 0 for size 30864444 on file 280 total size=30864444,rasize = 1048576, stride = 0 bytes, ptr=0x7f61c807b000, ino=24641591, inode=0x7f61c807ae90
prefetcher_th: TID:1743: going to fetch from 0 for size 30864366 on file 281 total size=30864366,rasize = 1048576, stride = 0 bytes, ptr=0x7f61c4074650, ino=24641596, inode=0x7f61c40744e0
prefetcher_th: TID:1744: going to fetch from 0 for size 30864639 on file 282 total size=30864639,rasize = 1048576, stride = 0 bytes, ptr=0x7f61b8077b00, ino=24641600, inode=0x7f61b8077990
prefetcher_th: TID:1747: going to fetch from 0 for size 30864543 on file 283 total size=30864543,rasize = 1048576, stride = 0 bytes, ptr=0x7f61bc07aea0, ino=24641601, inode=0x7f61bc07ad30
prefetcher_th: TID:1742: going to fetch from 0 for size 30889745 on file 284 total size=30889745,rasize = 1048576, stride = 0 bytes, ptr=0x7f61c0077be0, ino=24641602, inode=0x7f61c0077a70
prefetcher_th: TID:1751: going to fetch from 0 for size 30890614 on file 285 total size=30890614,rasize = 1048576, stride = 0 bytes, ptr=0x7f61880748b0, ino=24641614, inode=0x7f6188074740
prefetcher_th: TID:1734: going to fetch from 0 for size 30890624 on file 286 total size=30890624,rasize = 1048576, stride = 0 bytes, ptr=0x5562cf9e0ca0, ino=24641615, inode=0x5562cf9e0b30
prefetcher_th: TID:1748: going to fetch from 0 for size 30891071 on file 287 total size=30891071,rasize = 1048576, stride = 0 bytes, ptr=0x7f61a807ae20, ino=24641616, inode=0x7f61a807acb0
prefetcher_th: TID:1739: going to fetch from 0 for size 30890548 on file 288 total size=30890548,rasize = 1048576, stride = 0 bytes, ptr=0x7f61d807afb0, ino=24641618, inode=0x7f61d807ae40
prefetcher_th: TID:1738: going to fetch from 0 for size 30890583 on file 289 total size=30890583,rasize = 1048576, stride = 0 bytes, ptr=0x7f61d407b0c0, ino=24641620, inode=0x7f61d407af50
prefetcher_th: TID:1737: going to fetch from 0 for size 30890618 on file 290 total size=30890618,rasize = 1048576, stride = 0 bytes, ptr=0x7f61dc07acf0, ino=24641621, inode=0x7f61dc07ab80
prefetcher_th: TID:1749: going to fetch from 0 for size 30890750 on file 291 total size=30890750,rasize = 1048576, stride = 0 bytes, ptr=0x7f61b0074750, ino=24641622, inode=0x7f61b00745e0
prefetcher_th: TID:1750: going to fetch from 0 for size 30890622 on file 292 total size=30890622,rasize = 1048576, stride = 0 bytes, ptr=0x7f61a0074700, ino=24641617, inode=0x7f61a0074590
prefetcher_th: TID:1746: going to fetch from 0 for size 30890604 on file 293 total size=30890604,rasize = 1048576, stride = 0 bytes, ptr=0x7f619007ae30, ino=24641623, inode=0x7f619007acc0
prefetcher_th: TID:1741: going to fetch from 0 for size 30890591 on file 294 total size=30890591,rasize = 1048576, stride = 0 bytes, ptr=0x7f61c807e330, ino=24641624, inode=0x7f61c807e1c0
prefetcher_th: TID:1743: going to fetch from 0 for size 30890645 on file 295 total size=30890645,rasize = 1048576, stride = 0 bytes, ptr=0x7f61c4077980, ino=24641625, inode=0x7f61c4077810
prefetcher_th: TID:1740: going to fetch from 0 for size 30890566 on file 296 total size=30890566,rasize = 1048576, stride = 0 bytes, ptr=0x7f61cc0516e0, ino=24641613, inode=0x7f61cc051570
prefetcher_th: TID:1744: going to fetch from 0 for size 30890592 on file 297 total size=30890592,rasize = 1048576, stride = 0 bytes, ptr=0x7f61b807ae30, ino=24641626, inode=0x7f61b807acc0
prefetcher_th: TID:1742: going to fetch from 0 for size 30890563 on file 298 total size=30890563,rasize = 1048576, stride = 0 bytes, ptr=0x7f61c007af10, ino=24641628, inode=0x7f61c007ada0
prefetcher_th: TID:1751: going to fetch from 0 for size 30890530 on file 299 total size=30890530,rasize = 1048576, stride = 0 bytes, ptr=0x7f6188077be0, ino=24641629, inode=0x7f6188077a70
prefetcher_th: TID:1745: going to fetch from 0 for size 30890604 on file 300 total size=30890604,rasize = 1048576, stride = 0 bytes, ptr=0x7f6198074880, ino=24641619, inode=0x7f6198074710
prefetcher_th: TID:1748: going to fetch from 0 for size 30890626 on file 301 total size=30890626,rasize = 1048576, stride = 0 bytes, ptr=0x7f61a807e150, ino=24641631, inode=0x7f61a807dfe0
prefetcher_th: TID:1739: going to fetch from 0 for size 30890587 on file 302 total size=30890587,rasize = 1048576, stride = 0 bytes, ptr=0x7f61d807e2e0, ino=24641632, inode=0x7f61d807e170
prefetcher_th: TID:1738: going to fetch from 0 for size 30890556 on file 303 total size=30890556,rasize = 1048576, stride = 0 bytes, ptr=0x7f61d407e3f0, ino=24641675, inode=0x7f61d407e280
prefetcher_th: TID:1747: going to fetch from 0 for size 30890811 on file 304 total size=30890811,rasize = 1048576, stride = 0 bytes, ptr=0x7f61bc07e1d0, ino=24641627, inode=0x7f61bc07e060
prefetcher_th: TID:1749: going to fetch from 0 for size 30890650 on file 305 total size=30890650,rasize = 1048576, stride = 0 bytes, ptr=0x7f61b0077b90, ino=24641676, inode=0x7f61b0077a20
prefetcher_th: TID:1737: going to fetch from 0 for size 30890600 on file 306 total size=30890600,rasize = 1048576, stride = 0 bytes, ptr=0x7f61dc07e020, ino=24641677, inode=0x7f61dc07deb0
prefetcher_th: TID:1750: going to fetch from 0 for size 30890467 on file 307 total size=30890467,rasize = 1048576, stride = 0 bytes, ptr=0x7f61a0077a30, ino=24641678, inode=0x7f61a00778c0
prefetcher_th: TID:1746: going to fetch from 0 for size 30890559 on file 308 total size=30890559,rasize = 1048576, stride = 0 bytes, ptr=0x7f619007e160, ino=24641679, inode=0x7f619007dff0
prefetcher_th: TID:1741: going to fetch from 0 for size 30890602 on file 309 total size=30890602,rasize = 1048576, stride = 0 bytes, ptr=0x7f61c8081660, ino=24641680, inode=0x7f61c80814f0
prefetcher_th: TID:1734: going to fetch from 0 for size 30890696 on file 310 total size=30890696,rasize = 1048576, stride = 0 bytes, ptr=0x5562cf9e3fd0, ino=24641630, inode=0x5562cf9e3e60
prefetcher_th: TID:1743: going to fetch from 0 for size 30890617 on file 311 total size=30890617,rasize = 1048576, stride = 0 bytes, ptr=0x7f61c407acb0, ino=24641681, inode=0x7f61c407ab40
prefetcher_th: TID:1740: going to fetch from 0 for size 30890663 on file 312 total size=30890663,rasize = 1048576, stride = 0 bytes, ptr=0x7f61cc054a10, ino=24641682, inode=0x7f61cc0548a0
prefetcher_th: TID:1744: going to fetch from 0 for size 30890529 on file 313 total size=30890529,rasize = 1048576, stride = 0 bytes, ptr=0x7f61b807e160, ino=24641683, inode=0x7f61b807dff0
prefetcher_th: TID:1742: going to fetch from 0 for size 30890558 on file 314 total size=30890558,rasize = 1048576, stride = 0 bytes, ptr=0x7f61c007e240, ino=24641684, inode=0x7f61c007e0d0
prefetcher_th: TID:1751: going to fetch from 0 for size 30890556 on file 315 total size=30890556,rasize = 1048576, stride = 0 bytes, ptr=0x7f618807af10, ino=24641685, inode=0x7f618807ada0
prefetcher_th: TID:1745: going to fetch from 0 for size 30890671 on file 316 total size=30890671,rasize = 1048576, stride = 0 bytes, ptr=0x7f6198077bb0, ino=24641686, inode=0x7f6198077a40
prefetcher_th: TID:1748: going to fetch from 0 for size 30890696 on file 317 total size=30890696,rasize = 1048576, stride = 0 bytes, ptr=0x7f61a8081480, ino=24641687, inode=0x7f61a8081310
prefetcher_th: TID:1739: going to fetch from 0 for size 30890577 on file 318 total size=30890577,rasize = 1048576, stride = 0 bytes, ptr=0x7f61d8081610, ino=24641688, inode=0x7f61d80814a0
prefetcher_th: TID:1738: going to fetch from 0 for size 30890785 on file 319 total size=30890785,rasize = 1048576, stride = 0 bytes, ptr=0x7f61d4081830, ino=24641689, inode=0x7f61d40816c0
prefetcher_th: TID:1747: going to fetch from 0 for size 30890553 on file 320 total size=30890553,rasize = 1048576, stride = 0 bytes, ptr=0x7f61bc081500, ino=24641690, inode=0x7f61bc081390
prefetcher_th: TID:1737: going to fetch from 0 for size 30890627 on file 321 total size=30890627,rasize = 1048576, stride = 0 bytes, ptr=0x7f61dc081350, ino=24641691, inode=0x7f61dc0811e0
prefetcher_th: TID:1749: going to fetch from 0 for size 30890715 on file 322 total size=30890715,rasize = 1048576, stride = 0 bytes, ptr=0x7f61b007aec0, ino=24641692, inode=0x7f61b007ad50
prefetcher_th: TID:1750: going to fetch from 0 for size 30890567 on file 323 total size=30890567,rasize = 1048576, stride = 0 bytes, ptr=0x7f61a007ad60, ino=24641693, inode=0x7f61a007abf0
prefetcher_th: TID:1746: going to fetch from 0 for size 30890728 on file 324 total size=30890728,rasize = 1048576, stride = 0 bytes, ptr=0x7f6190081490, ino=24641694, inode=0x7f6190081320
prefetcher_th: TID:1741: going to fetch from 0 for size 30890659 on file 325 total size=30890659,rasize = 1048576, stride = 0 bytes, ptr=0x7f61c8084990, ino=24641695, inode=0x7f61c8084820
prefetcher_th: TID:1734: going to fetch from 0 for size 30890661 on file 326 total size=30890661,rasize = 1048576, stride = 0 bytes, ptr=0x5562cf9e7300, ino=24641696, inode=0x5562cf9e7190
prefetcher_th: TID:1743: going to fetch from 0 for size 30890760 on file 327 total size=30890760,rasize = 1048576, stride = 0 bytes, ptr=0x7f61c407dfe0, ino=24641697, inode=0x7f61c407de70
prefetcher_th: TID:1740: going to fetch from 0 for size 30890545 on file 328 total size=30890545,rasize = 1048576, stride = 0 bytes, ptr=0x7f61cc097520, ino=24641698, inode=0x7f61cc057bd0
prefetcher_th: TID:1751: going to fetch from 0 for size 30890585 on file 329 total size=30890585,rasize = 1048576, stride = 0 bytes, ptr=0x7f618807e240, ino=24641700, inode=0x7f618807e0d0
prefetcher_th: TID:1742: going to fetch from 0 for size 30890609 on file 330 total size=30890609,rasize = 1048576, stride = 0 bytes, ptr=0x7f61c0081570, ino=24641701, inode=0x7f61c0081400
prefetcher_th: TID:1744: going to fetch from 0 for size 30890521 on file 331 total size=30890521,rasize = 1048576, stride = 0 bytes, ptr=0x7f61b8081490, ino=24641699, inode=0x7f61b8081320
prefetcher_th: TID:1745: going to fetch from 0 for size 30890710 on file 332 total size=30890710,rasize = 1048576, stride = 0 bytes, ptr=0x7f619807aee0, ino=24641702, inode=0x7f619807ad70
prefetcher_th: TID:1739: going to fetch from 0 for size 30890529 on file 333 total size=30890529,rasize = 1048576, stride = 0 bytes, ptr=0x7f61d8084940, ino=24641704, inode=0x7f61d80847d0
prefetcher_th: TID:1738: going to fetch from 0 for size 30890591 on file 334 total size=30890591,rasize = 1048576, stride = 0 bytes, ptr=0x7f61d4084b60, ino=24641705, inode=0x7f61d40849f0
prefetcher_th: TID:1747: going to fetch from 0 for size 30890577 on file 335 total size=30890577,rasize = 1048576, stride = 0 bytes, ptr=0x7f61bc084830, ino=24641706, inode=0x7f61bc0846c0
prefetcher_th: TID:1737: going to fetch from 0 for size 30890754 on file 336 total size=30890754,rasize = 1048576, stride = 0 bytes, ptr=0x7f61dc084680, ino=24641707, inode=0x7f61dc084510
prefetcher_th: TID:1749: going to fetch from 0 for size 30890648 on file 337 total size=30890648,rasize = 1048576, stride = 0 bytes, ptr=0x7f61b007e300, ino=24641708, inode=0x7f61b007e190
prefetcher_th: TID:1750: going to fetch from 0 for size 30890792 on file 338 total size=30890792,rasize = 1048576, stride = 0 bytes, ptr=0x7f61a007e090, ino=24641709, inode=0x7f61a007df20
prefetcher_th: TID:1746: going to fetch from 0 for size 30890585 on file 339 total size=30890585,rasize = 1048576, stride = 0 bytes, ptr=0x7f61900847c0, ino=24641710, inode=0x7f6190084650
prefetcher_th: TID:1741: going to fetch from 0 for size 30890599 on file 340 total size=30890599,rasize = 1048576, stride = 0 bytes, ptr=0x7f61c8087cc0, ino=24641711, inode=0x7f61c8087b50
prefetcher_th: TID:1734: going to fetch from 0 for size 30890762 on file 341 total size=30890762,rasize = 1048576, stride = 0 bytes, ptr=0x5562cf9ea630, ino=24641712, inode=0x5562cf9ea4c0
prefetcher_th: TID:1743: going to fetch from 0 for size 30890592 on file 342 total size=30890592,rasize = 1048576, stride = 0 bytes, ptr=0x7f61c4081310, ino=24641713, inode=0x7f61c40811a0
prefetcher_th: TID:1744: going to fetch from 0 for size 30890578 on file 343 total size=30890578,rasize = 1048576, stride = 0 bytes, ptr=0x7f61b80847c0, ino=24641715, inode=0x7f61b8084650
prefetcher_th: TID:1751: going to fetch from 0 for size 30890517 on file 344 total size=30890517,rasize = 1048576, stride = 0 bytes, ptr=0x7f6188081570, ino=24641716, inode=0x7f6188081400
prefetcher_th: TID:1748: going to fetch from 0 for size 30890556 on file 345 total size=30890556,rasize = 1048576, stride = 0 bytes, ptr=0x7f61a80847b0, ino=24641703, inode=0x7f61a8084640
prefetcher_th: TID:1742: going to fetch from 0 for size 30890667 on file 346 total size=30890667,rasize = 1048576, stride = 0 bytes, ptr=0x7f61c00848a0, ino=24641717, inode=0x7f61c0084730
prefetcher_th: TID:1745: going to fetch from 0 for size 30890602 on file 347 total size=30890602,rasize = 1048576, stride = 0 bytes, ptr=0x7f619807e210, ino=24641718, inode=0x7f619807e0a0
prefetcher_th: TID:1738: going to fetch from 0 for size 30890569 on file 348 total size=30890569,rasize = 1048576, stride = 0 bytes, ptr=0x7f61d4087e90, ino=24641720, inode=0x7f61d4087d20
prefetcher_th: TID:1747: going to fetch from 0 for size 30890582 on file 349 total size=30890582,rasize = 1048576, stride = 0 bytes, ptr=0x7f61bc087b60, ino=24641721, inode=0x7f61bc0879f0
prefetcher_th: TID:1740: going to fetch from 0 for size 30890709 on file 350 total size=30890709,rasize = 1048576, stride = 0 bytes, ptr=0x7f61cc09a340, ino=24641714, inode=0x7f61cc09a1d0
prefetcher_th: TID:1737: going to fetch from 0 for size 30890715 on file 351 total size=30890715,rasize = 1048576, stride = 0 bytes, ptr=0x7f61dc0879b0, ino=24641722, inode=0x7f61dc087840
prefetcher_th: TID:1750: going to fetch from 0 for size 30890536 on file 352 total size=30890536,rasize = 1048576, stride = 0 bytes, ptr=0x7f61a00813c0, ino=24641724, inode=0x7f61a0081250
prefetcher_th: TID:1746: going to fetch from 0 for size 30890548 on file 353 total size=30890548,rasize = 1048576, stride = 0 bytes, ptr=0x7f6190087af0, ino=24641725, inode=0x7f6190087980
prefetcher_th: TID:1741: going to fetch from 0 for size 30890619 on file 354 total size=30890619,rasize = 1048576, stride = 0 bytes, ptr=0x7f61c808aff0, ino=24641726, inode=0x7f61c808ae80
prefetcher_th: TID:1739: going to fetch from 0 for size 30890558 on file 355 total size=30890558,rasize = 1048576, stride = 0 bytes, ptr=0x7f61d8087c70, ino=24641719, inode=0x7f61d8087b00
prefetcher_th: TID:1734: going to fetch from 0 for size 30890658 on file 356 total size=30890658,rasize = 1048576, stride = 0 bytes, ptr=0x5562cfa43d90, ino=24641727, inode=0x5562cf9ed7f0
prefetcher_th: TID:1749: going to fetch from 0 for size 30890653 on file 357 total size=30890653,rasize = 1048576, stride = 0 bytes, ptr=0x7f61b0081630, ino=24641723, inode=0x7f61b00814c0
prefetcher_th: TID:1743: going to fetch from 0 for size 30890665 on file 358 total size=30890665,rasize = 1048576, stride = 0 bytes, ptr=0x7f61c4084640, ino=24641728, inode=0x7f61c40844d0
prefetcher_th: TID:1744: going to fetch from 0 for size 30890558 on file 359 total size=30890558,rasize = 1048576, stride = 0 bytes, ptr=0x7f61b8087af0, ino=24641729, inode=0x7f61b8087980
prefetcher_th: TID:1751: going to fetch from 0 for size 30890706 on file 360 total size=30890706,rasize = 1048576, stride = 0 bytes, ptr=0x7f61880848a0, ino=24641730, inode=0x7f6188084730
prefetcher_th: TID:1748: going to fetch from 0 for size 30890617 on file 361 total size=30890617,rasize = 1048576, stride = 0 bytes, ptr=0x7f61a8087bf0, ino=24641731, inode=0x7f61a8087a80
prefetcher_th: TID:1742: going to fetch from 0 for size 30890696 on file 362 total size=30890696,rasize = 1048576, stride = 0 bytes, ptr=0x7f61c0087bd0, ino=24641732, inode=0x7f61c0087a60
prefetcher_th: TID:1745: going to fetch from 0 for size 30890683 on file 363 total size=30890683,rasize = 1048576, stride = 0 bytes, ptr=0x7f6198081540, ino=24641733, inode=0x7f61980813d0
prefetcher_th: TID:1738: going to fetch from 0 for size 30890562 on file 364 total size=30890562,rasize = 1048576, stride = 0 bytes, ptr=0x7f61d408b1c0, ino=24641734, inode=0x7f61d408b050
prefetcher_th: TID:1747: going to fetch from 0 for size 30890728 on file 365 total size=30890728,rasize = 1048576, stride = 0 bytes, ptr=0x7f61bc08ae90, ino=24641735, inode=0x7f61bc08ad20
prefetcher_th: TID:1740: going to fetch from 0 for size 30890591 on file 366 total size=30890591,rasize = 1048576, stride = 0 bytes, ptr=0x7f61cc09d660, ino=24641736, inode=0x7f61cc09d4f0
prefetcher_th: TID:1737: going to fetch from 0 for size 30890648 on file 367 total size=30890648,rasize = 1048576, stride = 0 bytes, ptr=0x7f61dc08ace0, ino=24641737, inode=0x7f61dc08ab70
prefetcher_th: TID:1750: going to fetch from 0 for size 30890722 on file 368 total size=30890722,rasize = 1048576, stride = 0 bytes, ptr=0x7f61a00846f0, ino=24641738, inode=0x7f61a0084580
prefetcher_th: TID:1746: going to fetch from 0 for size 30890592 on file 369 total size=30890592,rasize = 1048576, stride = 0 bytes, ptr=0x7f619008ae20, ino=24641739, inode=0x7f619008acb0
prefetcher_th: TID:1739: going to fetch from 0 for size 30890566 on file 370 total size=30890566,rasize = 1048576, stride = 0 bytes, ptr=0x7f61d808afa0, ino=24641740, inode=0x7f61d808ae30
prefetcher_th: TID:1749: going to fetch from 0 for size 30890653 on file 371 total size=30890653,rasize = 1048576, stride = 0 bytes, ptr=0x7f61b0084960, ino=24641742, inode=0x7f61b00847f0
prefetcher_th: TID:1734: going to fetch from 0 for size 30890740 on file 372 total size=30890740,rasize = 1048576, stride = 0 bytes, ptr=0x5562cfa46ba0, ino=24641743, inode=0x5562cfa46a30
prefetcher_th: TID:1743: going to fetch from 0 for size 30890575 on file 373 total size=30890575,rasize = 1048576, stride = 0 bytes, ptr=0x7f61c4087970, ino=24641744, inode=0x7f61c4087800
prefetcher_th: TID:1744: going to fetch from 0 for size 30890563 on file 374 total size=30890563,rasize = 1048576, stride = 0 bytes, ptr=0x7f61b808ae20, ino=24641745, inode=0x7f61b808acb0
prefetcher_th: TID:1751: going to fetch from 0 for size 30890556 on file 375 total size=30890556,rasize = 1048576, stride = 0 bytes, ptr=0x7f6188087bd0, ino=24641746, inode=0x7f6188087a60
prefetcher_th: TID:1748: going to fetch from 0 for size 30890586 on file 376 total size=30890586,rasize = 1048576, stride = 0 bytes, ptr=0x7f61a808af20, ino=24641747, inode=0x7f61a808adb0
prefetcher_th: TID:1741: going to fetch from 0 for size 30890599 on file 377 total size=30890599,rasize = 1048576, stride = 0 bytes, ptr=0x7f61c808e320, ino=24641741, inode=0x7f61c808e1b0
prefetcher_th: TID:1742: going to fetch from 0 for size 30890702 on file 378 total size=RocksDB:    version 7.6.0
Date:       Thu Sep 15 17:23:08 2022
CPU:        48 * AMD EPYC 7402P 24-Core Processor
CPUCache:   512 KB
num reads to do 5000000
... finished 100 ops                              ... finished 200 ops                              ... finished 100 ops                              ... finished 100 ops                              ... finished 100 ops                              ... finished 100 ops                              ... finished 300 ops                              ... finished 200 ops                              ... finished 200 ops                              ... finished 200 ops                              ... finished 400 ops                              ... finished 200 ops                              ... finished 500 ops                              ... finished 300 ops                              ... finished 300 ops                              ... finished 300 ops                              ... finished 600 ops                              ... finished 300 ops                              ... finished 700 ops                              ... finished 400 ops                              ... finished 400 ops                              ... finished 400 ops                              ... finished 400 ops                              ... finished 800 ops                              ... finished 900 ops                              ... finished 500 ops                              ... finished 500 ops                              ... finished 500 ops                              ... finished 500 ops                              ... finished 1000 ops                              ... finished 600 ops                              ... finished 600 ops                              ... finished 600 ops                              ... finished 600 ops                              ... finished 700 ops                              ... finished 700 ops                              ... finished 700 ops                              ... finished 700 ops                              ... finished 800 ops                              ... finished 1500 ops                              ... finished 800 ops                              ... finished 800 ops                              ... finished 800 ops                              ... finished 900 ops                              ... finished 900 ops                              ... finished 900 ops                              ... finished 900 ops                              ... finished 1000 ops                              ... finished 1000 ops                              ... finished 1000 ops                              ... finished 1000 ops                              ... finished 2000 ops                              ... finished 2500 ops                              ... finished 1500 ops                              ... finished 1500 ops                              ... finished 1500 ops                              ... finished 1500 ops                              ... finished 3000 ops                              ... finished 3500 ops                              ... finished 2000 ops                              ... finished 2000 ops                              ... finished 2000 ops                              ... finished 2000 ops                              ... finished 4000 ops                              ... finished 4500 ops                              ... finished 2500 ops                              ... finished 2500 ops                              ... finished 2500 ops                              ... finished 2500 ops                              ... finished 5000 ops                              ... finished 3000 ops                              ... finished 3000 ops                              ... finished 3000 ops                              ... finished 3000 ops                              ... finished 6000 ops                              ... finished 3500 ops                              ... finished 3500 ops                              ... finished 3500 ops                              ... finished 3500 ops                              ... finished 7000 ops                              ... finished 4000 ops                              ... finished 4000 ops                              ... finished 4000 ops                              ... finished 4000 ops                              ... finished 4500 ops                              ... finished 4500 ops                              ... finished 4500 ops                              ... finished 8000 ops                              ... finished 4500 ops                              ... finished 5000 ops                              ... finished 5000 ops                              ... finished 5000 ops                              ... finished 5000 ops                              ... finished 9000 ops                              ... finished 10000 ops                              ... finished 6000 ops                              ... finished 6000 ops                              ... finished 6000 ops                              ... finished 6000 ops                              ... finished 7000 ops                              ... finished 7000 ops                              ... finished 7000 ops                              ... finished 7000 ops                              ... finished 8000 ops                              ... finished 8000 ops                              ... finished 8000 ops                              ... finished 8000 ops                              ... finished 15000 ops                              ... finished 9000 ops                              ... finished 9000 ops                              ... finished 9000 ops                              ... finished 9000 ops                              ... finished 10000 ops                              ... finished 10000 ops                              ... finished 10000 ops                              ... finished 10000 ops                              ... finished 20000 ops                              ... finished 25000 ops                              ... finished 15000 ops                              ... finished 15000 ops                              ... finished 15000 ops                              ... finished 15000 ops                              ... finished 30000 ops                              ... finished 20000 ops                              ... finished 20000 ops                              ... finished 20000 ops                              ... finished 20000 ops                              ... finished 35000 ops                              ... finished 40000 ops                              ... finished 25000 ops                              ... finished 25000 ops                              ... finished 25000 ops                              ... finished 25000 ops                              ... finished 45000 ops                              ... finished 50000 ops                              ... finished 30000 ops                              ... finished 30000 ops                              ... finished 30000 ops                              ... finished 30000 ops                              ... finished 35000 ops                              ... finished 60000 ops                              ... finished 35000 ops                              ... finished 35000 ops                              ... finished 35000 ops                              ... finished 40000 ops                              ... finished 40000 ops                              ... finished 40000 ops                              ... finished 40000 ops                              ... finished 70000 ops                              ... finished 45000 ops                              ... finished 45000 ops                              ... finished 45000 ops                              ... finished 45000 ops                              ... finished 80000 ops                              ... finished 50000 ops                              ... finished 50000 ops                              ... finished 50000 ops                              ... finished 50000 ops                              ... finished 90000 ops                              ... finished 100000 ops                              ... finished 60000 ops                              ... finished 60000 ops                              ... finished 60000 ops                              ... finished 60000 ops                              ... finished 70000 ops                              ... finished 70000 ops                              ... finished 70000 ops                              ... finished 70000 ops                              ... finished 80000 ops                              ... finished 80000 ops                              ... finished 80000 ops                              ... finished 80000 ops                              ... finished 150000 ops                              ... finished 90000 ops                              ... finished 90000 ops                              ... finished 90000 ops                              ... finished 90000 ops                              ... finished 100000 ops                              ... finished 100000 ops                              ... finished 100000 ops                              ... finished 100000 ops                              ... finished 200000 ops                              ... finished 250000 ops                              ... finished 150000 ops                              ... finished 150000 ops                              ... finished 150000 ops                              ... finished 150000 ops                              ... finished 300000 ops                              ... finished 200000 ops                              ... finished 200000 ops                              ... finished 200000 ops                              ... finished 200000 ops                              ... finished 350000 ops                              ... finished 400000 ops                              ... finished 250000 ops                              ... finished 250000 ops                              ... finished 250000 ops                              ... finished 250000 ops                              ... finished 450000 ops                              ... finished 500000 ops                              ... finished 300000 ops                              ... finished 300000 ops                              ... finished 300000 ops                              ... finished 300000 ops                              ... finished 600000 ops                              ... finished 350000 ops                              ... finished 350000 ops                              ... finished 350000 ops                              ... finished 350000 ops                              ... finished 400000 ops                              ... finished 400000 ops                              ... finished 400000 ops                              ... finished 400000 ops                              ... finished 700000 ops                              ... finished 450000 ops                              ... finished 450000 ops                              ... finished 450000 ops                              ... finished 450000 ops                              ... finished 800000 ops                              ... finished 500000 ops                              ... finished 500000 ops                              ... finished 500000 ops                              ... finished 500000 ops                              ... finished 900000 ops                              ... finished 1000000 ops                              ... finished 600000 ops                              ... finished 600000 ops                              ... finished 600000 ops                              ... finished 600000 ops                              ... finished 1100000 ops                              ... finished 1200000 ops                              ... finished 700000 ops                              ... finished 700000 ops                              ... finished 700000 ops                              ... finished 700000 ops                              ... finished 1300000 ops                              ... finished 800000 ops                              ... finished 800000 ops                              ... finished 800000 ops                              ... finished 800000 ops                              ... finished 1400000 ops                              ... finished 1500000 ops                              ... finished 900000 ops                              ... finished 900000 ops                              ... finished 900000 ops                              ... finished 900000 ops                              ... finished 1600000 ops                              ... finished 1700000 ops                              ... finished 1000000 ops                              ... finished 1000000 ops                              ... finished 1000000 ops                              ... finished 1000000 ops                              ... finished 1800000 ops                              ... finished 1100000 ops                              ... finished 1100000 ops                              ... finished 1100000 ops                              ... finished 1100000 ops                              ... finished 1900000 ops                              ... finished 2000000 ops                              ... finished 1200000 ops                              ... finished 1200000 ops                              ... finished 1200000 ops                              ... finished 1200000 ops                              ... finished 2100000 ops                              ... finished 2200000 ops                              ... finished 1300000 ops                              ... finished 1300000 ops                              ... finished 1300000 ops                              ... finished 1300000 ops                              ... finished 2300000 ops                              ... finished 1400000 ops                              ... finished 1400000 ops                              ... finished 1400000 ops                              ... finished 2400000 ops                              ... finished 1400000 ops                              ... finished 2500000 ops                              ... finished 1500000 ops                              ... finished 1500000 ops                              ... finished 1500000 ops                              ... finished 1500000 ops                              ... finished 2600000 ops                              ... finished 2700000 ops                              ... finished 1600000 ops                              ... finished 1600000 ops                              ... finished 1600000 ops                              ... finished 1600000 ops                              ... finished 2800000 ops                              ... finished 1700000 ops                              ... finished 1700000 ops                              ... finished 1700000 ops                              ... finished 2900000 ops                              ... finished 1700000 ops                              ... finished 3000000 ops                              ... finished 1800000 ops                              ... finished 1800000 ops                              ... finished 1800000 ops                              ... finished 1800000 ops                              ... finished 3100000 ops                              ... finished 3200000 ops                              ... finished 1900000 ops                              ... finished 1900000 ops                              ... finished 1900000 ops                              ... finished 1900000 ops                              ... finished 3300000 ops                              ... finished 2000000 ops                              ... finished 2000000 ops                              ... finished 3400000 ops                              ... finished 2000000 ops                              ... finished 2000000 ops                              ... finished 3500000 ops                              ... finished 2100000 ops                              ... finished 2100000 ops                              ... finished 2100000 ops                              ... finished 2100000 ops                              ... finished 3600000 ops                              ... finished 3700000 ops                              ... finished 2200000 ops                              ... finished 2200000 ops                              ... finished 2200000 ops                              ... finished 2200000 ops                              ... finished 3800000 ops                              ... finished 3900000 ops                              ... finished 2300000 ops                              ... finished 2300000 ops                              ... finished 2300000 ops                              ... finished 2300000 ops                              ... finished 4000000 ops                              ... finished 2400000 ops                              ... finished 2400000 ops                              ... finished 2400000 ops                              ... finished 2400000 ops                              ... finished 4100000 ops                              ... finished 4200000 ops                              ... finished 2500000 ops                              ... finished 2500000 ops                              ... finished 2500000 ops                              ... finished 2500000 ops                              ... finished 4300000 ops                              ... finished 4400000 ops                              ... finished 2600000 ops                              ... finished 2600000 ops                              ... finished 2600000 ops                              ... finished 2600000 ops                              ... finished 4500000 ops                              ... finished 2700000 ops                              ... finished 2700000 ops                              ... finished 2700000 ops                              ... finished 2700000 ops                              ... finished 4600000 ops                              ... finished 4700000 ops                              ... finished 2800000 ops                              ... finished 2800000 ops                              ... finished 2800000 ops                              ... finished 2800000 ops                              ... finished 4800000 ops                              ... finished 4900000 ops                              ... finished 2900000 ops                              ... finished 2900000 ops                              ... finished 2900000 ops                              ... finished 2900000 ops                              ... finished 5000000 ops                              ... finished 3000000 ops                              ... finished 3000000 ops                              ... finished 3000000 ops                              ... finished 3000000 ops                              ... finished 3100000 ops                              ... finished 3100000 ops                              ... finished 3100000 ops                              ... finished 3100000 ops                              ... finished 3200000 ops                              ... finished 3200000 ops                              ... finished 3200000 ops                              ... finished 3200000 ops                              ... finished 3300000 ops                              ... finished 3300000 ops                              ... finished 3300000 ops                              ... finished 3300000 ops                              ... finished 3400000 ops                              ... finished 3400000 ops                              ... finished 3400000 ops                              ... finished 3400000 ops                              ... finished 3500000 ops                              ... finished 3500000 ops                              ... finished 3500000 ops                              ... finished 3500000 ops                              ... finished 3600000 ops                              ... finished 3600000 ops                              ... finished 3600000 ops                              ... finished 3600000 ops                              ... finished 3700000 ops                              ... finished 3700000 ops                              ... finished 3700000 ops                              ... finished 3700000 ops                              ... finished 3800000 ops                              ... finished 3800000 ops                              ... finished 3800000 ops                              ... finished 3800000 ops                              ... finished 3900000 ops                              ... finished 3900000 ops                              ... finished 3900000 ops                              ... finished 3900000 ops                              ... finished 4000000 ops                              ... finished 4000000 ops                              ... finished 4000000 ops                              ... finished 4000000 ops                              ... finished 4100000 ops                              ... finished 4100000 ops                              ... finished 4100000 ops                              ... finished 4100000 ops                              ... finished 4200000 ops                              ... finished 4200000 ops                              ... finished 4200000 ops                              ... finished 4200000 ops                              ... finished 4300000 ops                              ... finished 4300000 ops                              ... finished 4300000 ops                              ... finished 4300000 ops                              ... finished 4400000 ops                              ... finished 4400000 ops                              ... finished 4400000 ops                              ... finished 4400000 ops                              ... finished 4500000 ops                              ... finished 4500000 ops                              ... finished 4500000 ops                              ... finished 4500000 ops                              ... finished 4600000 ops                              ... finished 4600000 ops                              ... finished 4600000 ops                              ... finished 4600000 ops                              ... finished 4700000 ops                              ... finished 4700000 ops                              ... finished 4700000 ops                              ... finished 4700000 ops                              ... finished 4800000 ops                              ... finished 4800000 ops                              ... finished 4800000 ops                              ... finished 4800000 ops                              ... finished 4900000 ops                              ... finished 4900000 ops                              ... finished 4900000 ops                              ... finished 4900000 ops                              ... finished 5000000 ops                              ... finished 5000000 ops                              ... finished 5000000 ops                              ... finished 5000000 ops                              30890702,rasize = 1048576, stride = 0 bytes, ptr=0x7f61c008af00, ino=24641748, inode=0x7f61c008ad90
prefetcher_th: TID:1745: going to fetch from 0 for size 30890591 on file 379 total size=30890591,rasize = 1048576, stride = 0 bytes, ptr=0x7f6198084870, ino=24641749, inode=0x7f6198084700
prefetcher_th: TID:1738: going to fetch from 0 for size 30890659 on file 380 total size=30890659,rasize = 1048576, stride = 0 bytes, ptr=0x7f61d408e4f0, ino=24641750, inode=0x7f61d408e380
prefetcher_th: TID:1740: going to fetch from 0 for size 30890529 on file 381 total size=30890529,rasize = 1048576, stride = 0 bytes, ptr=0x7f61cc0a0950, ino=24641751, inode=0x7f61cc0a07e0
prefetcher_th: TID:1747: going to fetch from 0 for size 30890622 on file 382 total size=30890622,rasize = 1048576, stride = 0 bytes, ptr=0x7f61bc08e1c0, ino=24641752, inode=0x7f61bc08e050
prefetcher_th: TID:1737: going to fetch from 0 for size 30890729 on file 383 total size=30890729,rasize = 1048576, stride = 0 bytes, ptr=0x7f61dc08e010, ino=24641753, inode=0x7f61dc08dea0
prefetcher_th: TID:1750: going to fetch from 0 for size 30890601 on file 384 total size=30890601,rasize = 1048576, stride = 0 bytes, ptr=0x7f61a0087a20, ino=24641754, inode=0x7f61a00878b0
prefetcher_th: TID:1746: going to fetch from 0 for size 30890678 on file 385 total size=30890678,rasize = 1048576, stride = 0 bytes, ptr=0x7f619008e150, ino=24641755, inode=0x7f619008dfe0
prefetcher_th: TID:1739: going to fetch from 0 for size 30890540 on file 386 total size=30890540,rasize = 1048576, stride = 0 bytes, ptr=0x7f61d808e2d0, ino=24641756, inode=0x7f61d808e160
prefetcher_th: TID:1749: going to fetch from 0 for size 30890584 on file 387 total size=30890584,rasize = 1048576, stride = 0 bytes, ptr=0x7f61b0087c90, ino=24641757, inode=0x7f61b0087b20
prefetcher_th: TID:1734: going to fetch from 0 for size 30880873 on file 388 total size=30880873,rasize = 1048576, stride = 0 bytes, ptr=0x5562cfa49ec0, ino=24641758, inode=0x5562cfa49d50
prefetcher_th: TID:1743: going to fetch from 0 for size 30877554 on file 389 total size=30877554,rasize = 1048576, stride = 0 bytes, ptr=0x7f61c408aca0, ino=24641759, inode=0x7f61c408ab30
prefetcher_th: TID:1744: going to fetch from 0 for size 30877325 on file 390 total size=30877325,rasize = 1048576, stride = 0 bytes, ptr=0x7f61b808e150, ino=24641760, inode=0x7f61b808dfe0
prefetcher_th: TID:1751: going to fetch from 0 for size 30877569 on file 391 total size=30877569,rasize = 1048576, stride = 0 bytes, ptr=0x7f618808af00, ino=24641761, inode=0x7f618808ad90
prefetcher_th: TID:1748: going to fetch from 0 for size 30877622 on file 392 total size=30877622,rasize = 1048576, stride = 0 bytes, ptr=0x7f61a808e250, ino=24641762, inode=0x7f61a808e0e0
Keys:       1000 bytes each (+ 0 bytes user-defined timestamp)
Values:     4096 bytes each (2048 bytes after compression)
Entries:    5000000
Prefix:    0 bytes
Keys per prefix:    0
RawSize:    24299.6 MB (estimated)
FileSize:   14534.0 MB (estimated)
Write rate: 0 bytes/second
Read rate: 0 ops/second
Compression: Snappy
Compression sampling rate: 0
Memtablerep: SkipListFactory
Perf Level: 1
------------------------------------------------
DB path: [/users/kannan11/ssd/prefetching/appbench/apps/rocksdb/DATA]
readwhilescanning :       8.228 micros/op 555531 ops/sec 45.002 seconds 25000000 operations; 2159.9 MB/s (5000000 of 5000000 found)

DESTRUCTOR GETTING CALLED 
PRINT_GLOBAL_STATS in dest
PRINT_GLOBAL_LIB_STATS in dest
Total nr_ra = 11904
Total nr_bytes_ra = 12482248704
	Command being timed: "./db_bench --db=/users/kannan11/ssd/prefetching/appbench/apps/rocksdb/DATA --value_size=4096 --wal_dir=/users/kannan11/ssd/prefetching/appbench/apps/rocksdb/DATA/WAL_LOG --sync=0 --key_size=1000 --write_buffer_size=67108864 --num=5000000 --seed=1576170874 --benchmarks=readwhilescanning --use_existing_db=1 --mmap_read=0 --threads=4"
	User time (seconds): 165.41
	System time (seconds): 39.94
	Percent of CPU this job got: 424%
	Elapsed (wall clock) time (h:mm:ss or m:ss): 0:48.37
	Average shared text size (kbytes): 0
	Average unshared data size (kbytes): 0
	Average stack size (kbytes): 0
	Average total size (kbytes): 0
	Maximum resident set size (kbytes): 141204
	Average resident set size (kbytes): 0
	Major (requiring I/O) page faults: 90
	Minor (reclaiming a frame) page faults: 33783
	Voluntary context switches: 761879
	Involuntary context switches: 260
	Swaps: 0
	File system inputs: 23209920
	File system outputs: 1960
	Socket messages sent: 0
	Socket messages received: 0
	Signals delivered: 0
	Page size (bytes): 4096
	Exit status: 0
DESTRUCTOR GETTING CALLED 
PRINT_GLOBAL_STATS in dest
PRINT_GLOBAL_LIB_STATS in dest
Total nr_ra = 0
Total nr_bytes_ra = 0
[99664.960572] sh (1721): drop_caches: 3
[99664.989081] sh (1726): drop_caches: 3
[99670.015964] write_proc_unbounded: Value of write = 0
[99670.015971] write_proc_2mb_limit: Value of write = 0
[99670.015976] write_proc_bitmap_shift: Value of write = 28
[99670.023205] write_proc_unbounded: Value of write = 0
[99670.023211] write_proc_2mb_limit: Value of write = 0
[99670.023214] write_proc_bitmap_shift: Value of write = 28
[99718.391290] write_proc_unbounded: Value of write = 0
[99718.391298] write_proc_2mb_limit: Value of write = 0
[99718.395996] write_proc_unbounded: Value of write = 0
[99718.396007] write_proc_2mb_limit: Value of write = 0
