Received signal 11 (Segmentation fault)
#0   /usr/lib/lib_Cross_Blind.so(_Z13prefetcher_thPv+0x20) [0x7ffae7b18250] Command terminated by signal 11
	Command being timed: "./db_bench --db=/users/kannan11/ssd/prefetching/appbench/apps/rocksdb/DATA --value_size=4096 --wal_dir=/users/kannan11/ssd/prefetching/appbench/apps/rocksdb/DATA/WAL_LOG --sync=0 --key_size=1000 --write_buffer_size=67108864 --num=20000000 --seed=1576170874 --benchmarks=readseq --use_existing_db=1 --mmap_read=0 --threads=8"
	User time (seconds): 0.00
	System time (seconds): 0.09
	Percent of CPU this job got: 73%
	Elapsed (wall clock) time (h:mm:ss or m:ss): 0:00.14
	Average shared text size (kbytes): 0
	Average unshared data size (kbytes): 0
	Average stack size (kbytes): 0
	Average total size (kbytes): 0
	Maximum resident set size (kbytes): 36456
	Average resident set size (kbytes): 0
	Major (requiring I/O) page faults: 91
	Minor (reclaiming a frame) page faults: 8386
	Voluntary context switches: 563
	Involuntary context switches: 12
	Swaps: 0
	File system inputs: 558720
	File system outputs: 72
	Socket messages sent: 0
	Socket messages received: 0
	Signals delivered: 0
	Page size (bytes): 4096
	Exit status: 0
DESTRUCTOR GETTING CALLED 
PRINT_GLOBAL_LIB_STATS in dest
Total nr_ra = 0
Total nr_bytes_ra = 0
[67603.538721] sh (52994): drop_caches: 3
[67603.584733] sh (52999): drop_caches: 3
[67608.617990] write_proc_unbounded: Value of write = 0
[67608.618002] write_proc_2mb_limit: Value of write = 0
[67608.618007] write_proc_bitmap_shift: Value of write = 38
[67608.625596] write_proc_unbounded: Value of write = 0
[67608.625612] write_proc_2mb_limit: Value of write = 0
[67608.625617] write_proc_bitmap_shift: Value of write = 38
[67608.719544] write_proc_unbounded: Value of write = 0
[67608.719551] write_proc_2mb_limit: Value of write = 0
[67608.719555] write_proc_bitmap_shift: Value of write = 38
[67608.723392] write_proc_unbounded: Value of write = 0
[67608.723404] write_proc_2mb_limit: Value of write = 0
[67608.723408] write_proc_bitmap_shift: Value of write = 38
[67608.756280] traps: db_bench[53065] general protection fault ip:7ffae7b18250 sp:7ffad929aaa0 error:0 in lib_Cross_Blind.so[7ffae7b13000+a000]
[67608.759797] write_proc_unbounded: Value of write = 0
[67608.759808] write_proc_2mb_limit: Value of write = 0
