ENABLE_FILE_STATS in con
ENABLE_FILE_STATS in con
ENABLE_FILE_STATS in con
ENABLE_FILE_STATS in con
ENABLE_FILE_STATS in con
ENABLE_FILE_STATS in con
ENABLE_FILE_STATS in con
ENABLE_FILE_STATS in con
ENABLE_FILE_STATS in con
ENABLE_FILE_STATS in con
ENABLE_FILE_STATS in con
ENABLE_FILE_STATS in con
ENABLE_FILE_STATS in con
ENABLE_FILE_STATS in con
ENABLE_FILE_STATS in con
ENABLE_FILE_STATS in con
ENABLE_FILE_STATS in con
ENABLE_FILE_STATS in con
ENABLE_FILE_STATS in con
ENABLE_FILE_STATS in con
ENABLE_FILE_STATS in con
ENABLE_FILE_STATS in con
ENABLE_FILE_STATS in con
ENABLE_FILE_STATS in con
ENABLE_FILE_STATS in con
ENABLE_FILE_STATS in con
ENABLE_FILE_STATS in con
ENABLE_FILE_STATS in con
ENABLE_FILE_STATS in con
ENABLE_FILE_STATS in con
ENABLE_FILE_STATS in con
ENABLE_FILE_STATS in con
ENABLE_FILE_STATS in per_thread_ds
ENABLE_FILE_STATS in per_thread_ds
ENABLE_FILE_STATS in per_thread_ds
ENABLE_FILE_STATS in per_thread_ds
ENABLE_FILE_STATS in per_thread_ds
ENABLE_FILE_STATS in per_thread_ds
ERR:prefetcher_th, pg_diff==0
ENABLE_FILE_STATS in per_thread_ds
ENABLE_FILE_STATS in per_thread_ds
ENABLE_FILE_STATS in per_thread_ds
ENABLE_FILE_STATS in per_thread_ds
ENABLE_FILE_STATS in per_thread_ds
ENABLE_FILE_STATS in per_thread_ds
ENABLE_FILE_STATS in per_thread_ds
ENABLE_FILE_STATS in per_thread_ds
ENABLE_FILE_STATS in per_thread_ds
ENABLE_FILE_STATS in per_thread_ds
ENABLE_FILE_STATS in per_thread_ds
ENABLE_FILE_STATS in per_thread_ds
ENABLE_FILE_STATS in per_thread_ds
ENABLE_FILE_STATS in per_thread_ds
ENABLE_FILE_STATS in per_thread_ds
ENABLE_FILE_STATS in per_thread_ds
ENABLE_FILE_STATS in per_thread_ds
ENABLE_FILE_STATS in per_thread_ds
ERR:prefetcher_th, pg_diff==0
readahead_info: failed fd:6 TID:12985 err:-1
ERR:prefetcher_th, pg_diff==0
ERR:prefetcher_th, pg_diff==0
ENABLE_FILE_STATS in per_thread_ds
ENABLE_FILE_STATS in per_thread_ds
ENABLE_FILE_STATS in per_thread_ds
ERR:prefetcher_th, pg_diff==0
ERR:prefetcher_th, pg_diff==0
ERR:prefetcher_th, pg_diff==0
ERR:prefetcher_th, pg_diff==0
ERR:prefetcher_th, pg_diff==0
ERR:prefetcher_th, pg_diff==0
ERR:prefetcher_th, pg_diff==0
ERR:prefetcher_th, pg_diff==0
ERR:prefetcher_th, pg_diff==0
ERR:prefetcher_th, pg_diff==0
ERR:prefetcher_th, pg_diff==0
ERR:prefetcher_th, pg_diff==0
readahead_info: failed fd:6 TID:12982 err:-1
ENABLE_FILE_STATS in per_thread_ds
ENABLE_FILE_STATS in per_thread_ds
ENABLE_FILE_STATS in per_thread_ds
ERR:prefetcher_th, pg_diff==0
ERR:prefetcher_th, pg_diff==0
ENABLE_FILE_STATS in per_thread_ds
ERR:prefetcher_th, pg_diff==0
ERR:prefetcher_th, pg_diff==0
ENABLE_FILE_STATS in per_thread_ds
record_open: fd=8 filesize=214 is smaller than 5242880 bytes
record_open: fd=8 filesize=214 is smaller than 5242880 bytes
record_open: fd=12 filesize=214 is smaller than 5242880 bytes
record_open: fd=8 filesize=214 is smaller than 5242880 bytes
record_open: fd=8 filesize=214 is smaller than 5242880 bytes
record_open: fd=8 filesize=214 is smaller than 5242880 bytes
record_open: fd=8 filesize=214 is smaller than 5242880 bytes
record_open: fd=8 filesize=214 is smaller than 5242880 bytes
record_open: fd=8 filesize=214 is smaller than 5242880 bytes
record_open: fd=8 filesize=214 is smaller than 5242880 bytes
record_open: fd=8 filesize=214 is smaller than 5242880 bytes
record_open: fd=8 filesize=214 is smaller than 5242880 bytes
record_open: fd=8 filesize=214 is smaller than 5242880 bytes
record_open: fd=8 filesize=214 is smaller than 5242880 bytes
record_open: fd=8 filesize=214 is smaller than 5242880 bytes
record_open: fd=10 filesize=214 is smaller than 5242880 bytes
record_open: fd=8 filesize=214 is smaller than 5242880 bytes
record_open: fd=8 filesize=214 is smaller than 5242880 bytes
record_open: fd=8 filesize=214 is smaller than 5242880 bytes
record_open: fd=8 filesize=214 is smaller than 5242880 bytes
record_open: fd=8 filesize=214 is smaller than 5242880 bytes
record_open: fd=8 filesize=214 is smaller than 5242880 bytes
record_open: fd=8 filesize=214 is smaller than 5242880 bytes
record_open: fd=8 filesize=214 is smaller than 5242880 bytes
record_open: fd=8 filesize=214 is smaller than 5242880 bytes
record_open: fd=8 filesize=214 is smaller than 5242880 bytes
record_open: fd=8 filesize=214 is smaller than 5242880 bytes
record_open: fd=8 filesize=214 is smaller than 5242880 bytes
record_open: fd=8 filesize=214 is smaller than 5242880 bytes
record_open: fd=8 filesize=214 is smaller than 5242880 bytes
record_open: fd=8 filesize=214 is smaller than 5242880 bytes
record_open: fd=8 filesize=214 is smaller than 5242880 bytes
readahead_info: failed fd:12 TID:12998 err:-1
-------- Aggregate Performance --------
 READ Restart Perf: 2719.47 BW[MB/s] 25125306368 Bytes 8.81105 MaxTime[sec] 
Total nr_ra = 68
Total nr_bytes_ra = 285212672
Total nr_ra = 61
Total nr_bytes_ra = 255852544
Total nr_ra = 61
Total nr_bytes_ra = 255852544
Total nr_ra = 62
Total nr_bytes_ra = 260046848
Total nr_ra = 62
Total nr_bytes_ra = 260046848
Total nr_ra = 62
Total nr_bytes_ra = 260046848
Total nr_ra = 62
Total nr_bytes_ra = 260046848
Total nr_ra = 62
Total nr_bytes_ra = 260046848
DESTRUCTOR GETTING CALLED 
PRINT_GLOBAL_STATS in dest
PRINT_GLOBAL_LIB_STATS in dest
DESTRUCTOR GETTING CALLED 
PRINT_GLOBAL_STATS in dest
PRINT_GLOBAL_LIB_STATS in dest
DESTRUCTOR GETTING CALLED 
PRINT_GLOBAL_STATS in dest
PRINT_GLOBAL_LIB_STATS in dest
DESTRUCTOR GETTING CALLED 
PRINT_GLOBAL_STATS in dest
PRINT_GLOBAL_LIB_STATS in dest
DESTRUCTOR GETTING CALLED 
PRINT_GLOBAL_STATS in dest
PRINT_GLOBAL_LIB_STATS in dest
DESTRUCTOR GETTING CALLED 
PRINT_GLOBAL_STATS in dest
PRINT_GLOBAL_LIB_STATS in dest
DESTRUCTOR GETTING CALLED 
PRINT_GLOBAL_STATS in dest
PRINT_GLOBAL_LIB_STATS in dest
DESTRUCTOR GETTING CALLED 
PRINT_GLOBAL_STATS in dest
PRINT_GLOBAL_LIB_STATS in dest
DESTRUCTOR GETTING CALLED 
PRINT_GLOBAL_STATS in dest
PRINT_GLOBAL_LIB_STATS in dest
Total nr_ra = 61
Total nr_bytes_ra = 255852544
DESTRUCTOR GETTING CALLED 
Total nr_ra = 62
Total nr_bytes_ra = 260046848
PRINT_GLOBAL_STATS in dest
PRINT_GLOBAL_LIB_STATS in dest
Total nr_ra = 62
Total nr_bytes_ra = 260046848
DESTRUCTOR GETTING CALLED 
PRINT_GLOBAL_STATS in dest
PRINT_GLOBAL_LIB_STATS in dest
DESTRUCTOR GETTING CALLED 
PRINT_GLOBAL_STATS in dest
PRINT_GLOBAL_LIB_STATS in dest
Total nr_ra = 61
Total nr_bytes_ra = 255852544
Total nr_ra = 61
Total nr_bytes_ra = 255852544
DESTRUCTOR GETTING CALLED 
PRINT_GLOBAL_STATS in dest
PRINT_GLOBAL_LIB_STATS in dest
DESTRUCTOR GETTING CALLED 
PRINT_GLOBAL_STATS in dest
PRINT_GLOBAL_LIB_STATS in dest
DESTRUCTOR GETTING CALLED 
PRINT_GLOBAL_STATS in dest
PRINT_GLOBAL_LIB_STATS in dest
Total nr_ra = 62
Total nr_bytes_ra = 260046848
Total nr_ra = 62
Total nr_bytes_ra = 260046848
Total nr_ra = 61
Total nr_bytes_ra = 255852544
DESTRUCTOR GETTING CALLED 
PRINT_GLOBAL_STATS in dest
PRINT_GLOBAL_LIB_STATS in dest
DESTRUCTOR GETTING CALLED 
DESTRUCTOR GETTING CALLED 
PRINT_GLOBAL_STATS in dest
PRINT_GLOBAL_LIB_STATS in dest
Total nr_ra = 62
Total nr_bytes_ra = 260046848
PRINT_GLOBAL_STATS in dest
PRINT_GLOBAL_LIB_STATS in dest
DESTRUCTOR GETTING CALLED 
DESTRUCTOR GETTING CALLED 
PRINT_GLOBAL_STATS in dest
PRINT_GLOBAL_LIB_STATS in dest
Total nr_ra = 61
Total nr_bytes_ra = 255852544
Total nr_ra = 62
Total nr_bytes_ra = 260046848
PRINT_GLOBAL_STATS in dest
PRINT_GLOBAL_LIB_STATS in dest
Total nr_ra = 62
Total nr_bytes_ra = 260046848
DESTRUCTOR GETTING CALLED 
PRINT_GLOBAL_STATS in dest
DESTRUCTOR GETTING CALLED 
PRINT_GLOBAL_STATS in dest
PRINT_GLOBAL_LIB_STATS in dest
Total nr_ra = 62
Total nr_bytes_ra = 260046848
PRINT_GLOBAL_LIB_STATS in dest
Total nr_ra = 61
Total nr_bytes_ra = 255852544
DESTRUCTOR GETTING CALLED 
PRINT_GLOBAL_STATS in dest
DESTRUCTOR GETTING CALLED 
PRINT_GLOBAL_LIB_STATS in dest
DESTRUCTOR GETTING CALLED 
PRINT_GLOBAL_STATS in dest
PRINT_GLOBAL_LIB_STATS in dest
Total nr_ra = 61
Total nr_bytes_ra = 255852544
Total nr_ra = 62
Total nr_bytes_ra = 260046848
DESTRUCTOR GETTING CALLED 
PRINT_GLOBAL_STATS in dest
PRINT_GLOBAL_LIB_STATS in dest
PRINT_GLOBAL_STATS in dest
PRINT_GLOBAL_LIB_STATS in dest
Total nr_ra = 61
Total nr_bytes_ra = 255852544
Total nr_ra = 62
Total nr_bytes_ra = 260046848
DESTRUCTOR GETTING CALLED 
PRINT_GLOBAL_STATS in dest
PRINT_GLOBAL_LIB_STATS in dest
Total nr_ra = 61
Total nr_bytes_ra = 255852544
DESTRUCTOR GETTING CALLED 
PRINT_GLOBAL_STATS in dest
PRINT_GLOBAL_LIB_STATS in dest
Total nr_ra = 62
Total nr_bytes_ra = 260046848
Total nr_ra = 62
Total nr_bytes_ra = 260046848
DESTRUCTOR GETTING CALLED 
PRINT_GLOBAL_STATS in dest
PRINT_GLOBAL_LIB_STATS in dest
DESTRUCTOR GETTING CALLED 
PRINT_GLOBAL_STATS in dest
PRINT_GLOBAL_LIB_STATS in dest
Total nr_ra = 62
Total nr_bytes_ra = 260046848
DESTRUCTOR GETTING CALLED 
PRINT_GLOBAL_STATS in dest
PRINT_GLOBAL_LIB_STATS in dest
Total nr_ra = 62
Total nr_bytes_ra = 260046848
DESTRUCTOR GETTING CALLED 
PRINT_GLOBAL_STATS in dest
PRINT_GLOBAL_LIB_STATS in dest
Total nr_ra = 62
Total nr_bytes_ra = 260046848
[31037.700738] sh (12935): drop_caches: 3
[31037.757816] sh (12940): drop_caches: 3
[31037.798222] write_proc_unbounded: Value of write = 1
[31037.798236] write_proc_unbounded: Value of write = 1
[31037.798245] write_proc_2mb_limit: Value of write = 1
[31037.798255] write_proc_2mb_limit: Value of write = 1
[31037.798257] write_proc_unbounded: Value of write = 1
[31037.798260] write_proc_bitmap_shift: Value of write = 37
[31037.798262] write_proc_bitmap_shift: Value of write = 37
[31037.798265] write_proc_2mb_limit: Value of write = 1
[31037.798266] write_proc_unbounded: Value of write = 1
[31037.798270] write_proc_bitmap_shift: Value of write = 37
[31037.798272] write_proc_unbounded: Value of write = 1
[31037.798274] write_proc_unbounded: Value of write = 1
[31037.798276] write_proc_2mb_limit: Value of write = 1
[31037.798280] write_proc_unbounded: Value of write = 1
[31037.798281] write_proc_2mb_limit: Value of write = 1
[31037.798282] write_proc_bitmap_shift: Value of write = 37
[31037.798286] write_proc_2mb_limit: Value of write = 1
[31037.798290] write_proc_2mb_limit: Value of write = 1
[31037.798295] write_proc_bitmap_shift: Value of write = 37
[31037.798296] write_proc_unbounded: Value of write = 1
[31037.798296] write_proc_bitmap_shift: Value of write = 37
[31037.798296] write_proc_bitmap_shift: Value of write = 37
[31037.798305] write_proc_2mb_limit: Value of write = 1
[31037.798308] write_proc_bitmap_shift: Value of write = 37
[31037.798320] write_proc_unbounded: Value of write = 1
[31037.798327] write_proc_unbounded: Value of write = 1
[31037.798329] write_proc_2mb_limit: Value of write = 1
[31037.798334] write_proc_bitmap_shift: Value of write = 37
[31037.798336] write_proc_unbounded: Value of write = 1
[31037.798337] write_proc_unbounded: Value of write = 1
[31037.798337] write_proc_unbounded: Value of write = 1
[31037.798337] write_proc_unbounded: Value of write = 1
[31037.798337] write_proc_2mb_limit: Value of write = 1
[31037.798347] write_proc_bitmap_shift: Value of write = 37
[31037.798349] write_proc_2mb_limit: Value of write = 1
[31037.798349] write_proc_unbounded: Value of write = 1
[31037.798350] write_proc_2mb_limit: Value of write = 1
[31037.798350] write_proc_2mb_limit: Value of write = 1
[31037.798350] write_proc_2mb_limit: Value of write = 1
[31037.798353] write_proc_bitmap_shift: Value of write = 37
[31037.798354] write_proc_unbounded: Value of write = 1
[31037.798357] write_proc_bitmap_shift: Value of write = 37
[31037.798357] write_proc_bitmap_shift: Value of write = 37
[31037.798358] write_proc_2mb_limit: Value of write = 1
[31037.798359] write_proc_bitmap_shift: Value of write = 37
[31037.798363] write_proc_2mb_limit: Value of write = 1
[31037.798365] write_proc_bitmap_shift: Value of write = 37
[31037.798369] write_proc_bitmap_shift: Value of write = 37
[31037.798371] write_proc_unbounded: Value of write = 1
[31037.798378] write_proc_2mb_limit: Value of write = 1
[31037.798379] write_proc_unbounded: Value of write = 1
[31037.798383] write_proc_bitmap_shift: Value of write = 37
[31037.798385] write_proc_unbounded: Value of write = 1
[31037.798386] write_proc_unbounded: Value of write = 1
[31037.798386] write_proc_2mb_limit: Value of write = 1
[31037.798391] write_proc_bitmap_shift: Value of write = 37
[31037.798392] write_proc_2mb_limit: Value of write = 1
[31037.798394] write_proc_2mb_limit: Value of write = 1
[31037.798397] write_proc_bitmap_shift: Value of write = 37
[31037.798399] write_proc_bitmap_shift: Value of write = 37
[31037.798409] write_proc_unbounded: Value of write = 1
[31037.798417] write_proc_unbounded: Value of write = 1
[31037.798427] write_proc_2mb_limit: Value of write = 1
[31037.798427] write_proc_2mb_limit: Value of write = 1
[31037.798429] write_proc_unbounded: Value of write = 1
[31037.798434] write_proc_bitmap_shift: Value of write = 37
[31037.798436] write_proc_2mb_limit: Value of write = 1
[31037.798437] write_proc_bitmap_shift: Value of write = 37
[31037.798437] write_proc_unbounded: Value of write = 1
[31037.798439] write_proc_bitmap_shift: Value of write = 37
[31037.798446] write_proc_2mb_limit: Value of write = 1
[31037.798451] write_proc_bitmap_shift: Value of write = 37
[31037.798457] write_proc_unbounded: Value of write = 1
[31037.798459] write_proc_unbounded: Value of write = 1
[31037.798461] write_proc_unbounded: Value of write = 1
[31037.798463] write_proc_2mb_limit: Value of write = 1
[31037.798466] write_proc_2mb_limit: Value of write = 1
[31037.798467] write_proc_bitmap_shift: Value of write = 37
[31037.798468] write_proc_2mb_limit: Value of write = 1
[31037.798470] write_proc_bitmap_shift: Value of write = 37
[31037.798472] write_proc_bitmap_shift: Value of write = 37
[31037.798479] write_proc_unbounded: Value of write = 1
[31037.798481] write_proc_unbounded: Value of write = 1
[31037.798485] write_proc_2mb_limit: Value of write = 1
[31037.798488] write_proc_2mb_limit: Value of write = 1
[31037.798489] write_proc_bitmap_shift: Value of write = 37
[31037.798491] write_proc_unbounded: Value of write = 1
[31037.798491] write_proc_bitmap_shift: Value of write = 37
[31037.798499] write_proc_2mb_limit: Value of write = 1
[31037.798502] write_proc_unbounded: Value of write = 1
[31037.798502] write_proc_bitmap_shift: Value of write = 37
[31037.798508] write_proc_2mb_limit: Value of write = 1
[31037.798511] write_proc_bitmap_shift: Value of write = 37
[31037.798542] write_proc_unbounded: Value of write = 1
[31037.798546] write_proc_2mb_limit: Value of write = 1
[31037.798549] write_proc_bitmap_shift: Value of write = 37
[31046.813239] write_proc_unbounded: Value of write = 0
[31046.813248] write_proc_2mb_limit: Value of write = 0
[31046.813709] write_proc_unbounded: Value of write = 0
[31046.813714] write_proc_2mb_limit: Value of write = 0
[31046.813742] write_proc_unbounded: Value of write = 0
[31046.813751] write_proc_2mb_limit: Value of write = 0
[31046.813756] write_proc_unbounded: Value of write = 0
[31046.813780] write_proc_2mb_limit: Value of write = 0
[31046.813875] write_proc_unbounded: Value of write = 0
[31046.813884] write_proc_2mb_limit: Value of write = 0
[31046.814049] write_proc_unbounded: Value of write = 0
[31046.814071] write_proc_2mb_limit: Value of write = 0
[31046.814098] write_proc_unbounded: Value of write = 0
[31046.814113] write_proc_2mb_limit: Value of write = 0
[31046.814162] write_proc_unbounded: Value of write = 0
[31046.814173] write_proc_2mb_limit: Value of write = 0
[31046.814226] write_proc_unbounded: Value of write = 0
[31046.814236] write_proc_2mb_limit: Value of write = 0
[31046.814704] write_proc_unbounded: Value of write = 0
[31046.814723] write_proc_2mb_limit: Value of write = 0
[31046.814755] write_proc_unbounded: Value of write = 0
[31046.814765] write_proc_2mb_limit: Value of write = 0
[31046.814818] write_proc_unbounded: Value of write = 0
[31046.814829] write_proc_2mb_limit: Value of write = 0
[31046.814910] write_proc_unbounded: Value of write = 0
[31046.814923] write_proc_2mb_limit: Value of write = 0
[31046.814929] write_proc_unbounded: Value of write = 0
[31046.814951] write_proc_2mb_limit: Value of write = 0
[31046.814959] write_proc_unbounded: Value of write = 0
[31046.814968] write_proc_2mb_limit: Value of write = 0
[31046.815024] write_proc_unbounded: Value of write = 0
[31046.815033] write_proc_2mb_limit: Value of write = 0
[31046.815120] write_proc_unbounded: Value of write = 0
[31046.815126] write_proc_unbounded: Value of write = 0
[31046.815139] write_proc_unbounded: Value of write = 0
[31046.815144] write_proc_2mb_limit: Value of write = 0
[31046.815146] write_proc_2mb_limit: Value of write = 0
[31046.815153] write_proc_unbounded: Value of write = 0
[31046.815171] write_proc_2mb_limit: Value of write = 0
[31046.815172] write_proc_2mb_limit: Value of write = 0
[31046.815278] write_proc_unbounded: Value of write = 0
[31046.815295] write_proc_2mb_limit: Value of write = 0
[31046.815300] write_proc_unbounded: Value of write = 0
[31046.815315] write_proc_2mb_limit: Value of write = 0
[31046.815322] write_proc_unbounded: Value of write = 0
[31046.815333] write_proc_unbounded: Value of write = 0
[31046.815352] write_proc_unbounded: Value of write = 0
[31046.815355] write_proc_2mb_limit: Value of write = 0
[31046.815356] write_proc_2mb_limit: Value of write = 0
[31046.815370] write_proc_2mb_limit: Value of write = 0
[31046.815384] write_proc_unbounded: Value of write = 0
[31046.815394] write_proc_2mb_limit: Value of write = 0
[31046.815406] write_proc_unbounded: Value of write = 0
[31046.815416] write_proc_2mb_limit: Value of write = 0
[31046.815444] write_proc_unbounded: Value of write = 0
[31046.815454] write_proc_2mb_limit: Value of write = 0
[31046.815544] write_proc_unbounded: Value of write = 0
[31046.815554] write_proc_2mb_limit: Value of write = 0
[31046.815596] write_proc_unbounded: Value of write = 0
[31046.815614] write_proc_2mb_limit: Value of write = 0
[31046.815706] write_proc_unbounded: Value of write = 0
[31046.815712] write_proc_2mb_limit: Value of write = 0
[31046.815866] write_proc_unbounded: Value of write = 0
[31046.815874] write_proc_2mb_limit: Value of write = 0
