ERR: prefetcher_th: No bits are set - giving up
ERR:prefetcher_th, pg_diff==0
ERR: prefetcher_th: No bits are set - giving up
ERR:prefetcher_th, pg_diff==0
ERR: prefetcher_th: No bits are set - giving up
ERR:prefetcher_th, pg_diff==0
ERR: prefetcher_th: No bits are set - giving up
ERR:prefetcher_th, pg_diff==0
ERR: prefetcher_th: No bits are set - giving up
ERR:prefetcher_th, pg_diff==0
ERR: prefetcher_th: No bits are set - giving up
ERR:prefetcher_th, pg_diff==0
ERR: prefetcher_th: No bits are set - giving up
ERR:prefetcher_th, pg_diff==0
ERR: prefetcher_th: No bits are set - giving up
ERR:prefetcher_th, pg_diff==0
ERR: prefetcher_th: No bits are set - giving up
ERR:prefetcher_th, pg_diff==0
ERR: prefetcher_th: No bits are set - giving up
ERR:prefetcher_th, pg_diff==0
ERR: prefetcher_th: No bits are set - giving up
ERR:prefetcher_th, pg_diff==0
ERR: prefetcher_th: No bits are set - giving up
ERR:prefetcher_th, pg_diff==0
ERR: prefetcher_th: No bits are set - giving up
ERR:prefetcher_th, pg_diff==0
ERR: prefetcher_th: No bits are set - giving up
ERR:prefetcher_th, pg_diff==0
ERR: prefetcher_th: No bits are set - giving up
ERR:prefetcher_th, pg_diff==0
ERR: prefetcher_th: No bits are set - giving up
ERR:prefetcher_th, pg_diff==0
ERR: prefetcher_th: No bits are set - giving up
ERR:prefetcher_th, pg_diff==0
ERR: prefetcher_th: No bits are set - giving up
ERR:prefetcher_th, pg_diff==0
ERR: prefetcher_th: No bits are set - giving up
ERR:prefetcher_th, pg_diff==0
ERR: prefetcher_th: No bits are set - giving up
ERR:prefetcher_th, pg_diff==0
ERR: prefetcher_th: No bits are set - giving up
ERR:prefetcher_th, pg_diff==0
ERR: prefetcher_th: No bits are set - giving up
ERR:prefetcher_th, pg_diff==0
ERR: prefetcher_th: No bits are set - giving up
ERR:prefetcher_th, pg_diff==0
ERR: prefetcher_th: No bits are set - giving up
ERR:prefetcher_th, pg_diff==0
ERR: prefetcher_th: No bits are set - giving up
ERR:prefetcher_th, pg_diff==0
ERR: prefetcher_th: No bits are set - giving up
ERR:prefetcher_th, pg_diff==0
ERR: prefetcher_th: No bits are set - giving up
ERR:prefetcher_th, pg_diff==0
ERR: prefetcher_th: No bits are set - giving up
ERR:prefetcher_th, pg_diff==0
ERR: prefetcher_th: No bits are set - giving up
ERR:prefetcher_th, pg_diff==0
ERR: prefetcher_th: No bits are set - giving up
ERR:prefetcher_th, pg_diff==0
ERR: prefetcher_th: No bits are set - giving up
ERR:prefetcher_th, pg_diff==0
ERR: prefetcher_th: No bits are set - giving up
ERR:prefetcher_th, pg_diff==0
ERR: prefetcher_th: No bits are set - giving up
ERR:prefetcher_th, pg_diff==0
ERR: prefetcher_th: No bits are set - giving up
ERR:prefetcher_th, pg_diff==0
ERR: prefetcher_th: No bits are set - giving up
ERR:prefetcher_th, pg_diff==0
ERR: prefetcher_th: No bits are set - giving up
ERR:prefetcher_th, pg_diff==0
ERR: prefetcher_th: No bits are set - giving up
ERR:prefetcher_th, pg_diff==0
ERR: prefetcher_th: No bits are set - giving up
ERR:prefetcher_th, pg_diff==0
ERR: prefetcher_th: No bits are set - giving up
ERR:prefetcher_th, pg_diff==0
ERR: prefetcher_th: No bits are set - giving up
ERR:prefetcher_th, pg_diff==0
ERR: prefetcher_th: No bits are set - giving up
ERR:prefetcher_th, pg_diff==0
ERR: prefetcher_th: No bits are set - giving up
ERR:prefetcher_th, pg_diff==0
ERR: prefetcher_th: No bits are set - giving up
ERR:prefetcher_th, pg_diff==0
ERR: prefetcher_th: No bits are set - giving up
ERR:prefetcher_th, pg_diff==0
ERR: prefetcher_th: No bits are set - giving up
ERR:prefetcher_th, pg_diff==0
ERR: prefetcher_th: No bits are set - giving up
ERR:prefetcher_th, pg_diff==0
ERR: prefetcher_th: No bits are set - giving up
ERR:prefetcher_th, pg_diff==0
ERR: prefetcher_th: No bits are set - giving up
ERR:prefetcher_th, pg_diff==0
ERR: prefetcher_th: No bits are set - giving up
ERR:prefetcher_th, pg_diff==0
ERR: prefetcher_th: No bits are set - giving up
ERR:prefetcher_th, pg_diff==0
ERR: prefetcher_th: No bits are set - giving up
ERR:prefetcher_th, pg_diff==0
ERR: prefetcher_th: No bits are set - giving up
ERR:prefetcher_th, pg_diff==0
ERR: prefetcher_th: No bits are set - giving up
ERR:prefetcher_th, pg_diff==0
ERR: prefetcher_th: No bits are set - giving up
ERR:prefetcher_th, pg_diff==0
ERR: prefetcher_th: No bits are set - giving up
ERR:prefetcher_th, pg_diff==0
ERR: prefetcher_th: No bits are set - giving up
ERR:prefetcher_th, pg_diff==0
ERR: prefetcher_th: No bits are set - giving up
ERR:prefetcher_th, pg_diff==0
ERR: prefetcher_th: No bits are set - giving up
ERR:prefetcher_th, pg_diff==0
ERR: prefetcher_th: No bits are set - giving up
ERR:prefetcher_th, pg_diff==0
ERR: prefetcher_th: No bits are set - giving up
ERR:prefetcher_th, pg_diff==0
ERR: prefetcher_th: No bits are set - giving up
ERR:prefetcher_th, pg_diff==0
ERR: prefetcher_th: No bits are set - giving up
ERR:prefetcher_th, pg_diff==0
ERR:prefetcher_th, pg_diff==0
ERR:prefetcher_th, pg_diff==0
ERR:prefetcher_th, pg_diff==0
ERR:prefetcher_th, pg_diff==0
ERR:prefetcher_th, pg_diff==0
ERR:prefetcher_th, pg_diff==0
ERR:prefetcher_th, pg_diff==0
ERR:prefetcher_th, pg_diff==0
ERR:prefetcher_th, pg_diff==0
ERR:prefetcher_th, pg_diff==0
ERR:prefetcher_th, pg_diff==0
ERR:prefetcher_th, pg_diff==0
ERR:prefetcher_th, pg_diff==0
ERR:prefetcher_th, pg_diff==0
ERR:prefetcher_th, pg_diff==0
ERR:prefetcher_th, pg_diff==0
ERR:prefetcher_th, pg_diff==0
ERR:prefetcher_th, pg_diff==0
ERR:prefetcher_th, pg_diff==0
ERR:prefetcher_th, pg_diff==0
ERR:prefetcher_th, pg_diff==0
ERR:prefetcher_th, pg_diff==0
ERR:prefetcher_th, pg_diff==0
ERR:prefetcher_th, pg_diff==0
ERR:prefetcher_th, pg_diff==0
ERR:prefetcher_th, pg_diff==0
ERR:prefetcher_th, pg_diff==0
ERR:prefetcher_th, pg_diff==0
ERR:prefetcher_th, pg_diff==0
ERR:prefetcher_th, pg_diff==0
ERR:prefetcher_th, pg_diff==0
ERR:prefetcher_th, pg_diff==0
ERR:prefetcher_th, pg_diff==0
ERR:prefetcher_th, pg_diff==0
ERR:prefetcher_th, pg_diff==0
ERR:prefetcher_th, pg_diff==0
ERR:prefetcher_th, pg_diff==0
ERR:prefetcher_th, pg_diff==0
ERR:prefetcher_th, pg_diff==0
ERR:prefetcher_th, pg_diff==0
ERR:prefetcher_th, pg_diff==0
ERR:prefetcher_th, pg_diff==0
ERR:prefetcher_th, pg_diff==0
ERR:prefetcher_th, pg_diff==0
ERR:prefetcher_th, pg_diff==0
ERR:prefetcher_th, pg_diff==0
ERR:prefetcher_th, pg_diff==0
ERR:prefetcher_th, pg_diff==0
ERR:prefetcher_th, pg_diff==0
ERR:prefetcher_th, pg_diff==0
ERR:prefetcher_th, pg_diff==0
ERR:prefetcher_th, pg_diff==0
ERR:prefetcher_th, pg_diff==0
ERR:prefetcher_th, pg_diff==0
ERR:prefetcher_th, pg_diff==0
ERR:prefetcher_th, pg_diff==0
ERR:prefetcher_th, pg_diff==0
ERR:prefetcher_th, pg_diff==0
ERR:prefetcher_th, pg_diff==0
ERR:prefetcher_th, pg_diff==0
ERR:prefetcher_th, pg_diff==0
ERR:prefetcher_th, pg_diff==0
ERR:prefetcher_th, pg_diff==0
ERR:prefetcher_th, pg_diff==0
-------- Aggregate Performance --------
 READ Restart Perf: 2151.78 BW[MB/s] 25125306368 Bytes 11.1356 MaxTime[sec] 
DESTRUCTOR GETTING CALLED 
DESTRUCTOR GETTING CALLED 
DESTRUCTOR GETTING CALLED 
DESTRUCTOR GETTING CALLED 
DESTRUCTOR GETTING CALLED 
DESTRUCTOR GETTING CALLED 
DESTRUCTOR GETTING CALLED 
DESTRUCTOR GETTING CALLED 
DESTRUCTOR GETTING CALLED 
DESTRUCTOR GETTING CALLED 
DESTRUCTOR GETTING CALLED 
DESTRUCTOR GETTING CALLED 
DESTRUCTOR GETTING CALLED 
DESTRUCTOR GETTING CALLED 
DESTRUCTOR GETTING CALLED 
DESTRUCTOR GETTING CALLED 
DESTRUCTOR GETTING CALLED 
DESTRUCTOR GETTING CALLED 
DESTRUCTOR GETTING CALLED 
DESTRUCTOR GETTING CALLED 
DESTRUCTOR GETTING CALLED 
DESTRUCTOR GETTING CALLED 
DESTRUCTOR GETTING CALLED 
DESTRUCTOR GETTING CALLED 
DESTRUCTOR GETTING CALLED 
DESTRUCTOR GETTING CALLED 
DESTRUCTOR GETTING CALLED 
DESTRUCTOR GETTING CALLED 
DESTRUCTOR GETTING CALLED 
DESTRUCTOR GETTING CALLED 
DESTRUCTOR GETTING CALLED 
DESTRUCTOR GETTING CALLED 
[93957.672589] sh (19965): drop_caches: 3
[93957.719177] sh (19970): drop_caches: 3
[93957.762342] write_proc_unbounded: Value of write = 0
[93957.762351] write_proc_2mb_limit: Value of write = 0
[93957.762355] write_proc_bitmap_shift: Value of write = 36
[93957.762514] write_proc_unbounded: Value of write = 0
[93957.762523] write_proc_2mb_limit: Value of write = 0
[93957.762528] write_proc_bitmap_shift: Value of write = 36
[93957.762842] write_proc_unbounded: Value of write = 0
[93957.762852] write_proc_2mb_limit: Value of write = 0
[93957.762858] write_proc_bitmap_shift: Value of write = 36
[93957.762989] write_proc_unbounded: Value of write = 0
[93957.762996] write_proc_2mb_limit: Value of write = 0
[93957.762999] write_proc_bitmap_shift: Value of write = 36
[93957.763025] write_proc_unbounded: Value of write = 0
[93957.763032] write_proc_2mb_limit: Value of write = 0
[93957.763036] write_proc_bitmap_shift: Value of write = 36
[93957.763060] write_proc_unbounded: Value of write = 0
[93957.763068] write_proc_2mb_limit: Value of write = 0
[93957.763073] write_proc_bitmap_shift: Value of write = 36
[93957.763204] write_proc_unbounded: Value of write = 0
[93957.763211] write_proc_2mb_limit: Value of write = 0
[93957.763211] write_proc_unbounded: Value of write = 0
[93957.763215] write_proc_bitmap_shift: Value of write = 36
[93957.763220] write_proc_2mb_limit: Value of write = 0
[93957.763225] write_proc_bitmap_shift: Value of write = 36
[93957.763325] write_proc_unbounded: Value of write = 0
[93957.763331] write_proc_2mb_limit: Value of write = 0
[93957.763334] write_proc_bitmap_shift: Value of write = 36
[93957.763468] write_proc_unbounded: Value of write = 0
[93957.763475] write_proc_2mb_limit: Value of write = 0
[93957.763480] write_proc_unbounded: Value of write = 0
[93957.763481] write_proc_bitmap_shift: Value of write = 36
[93957.763489] write_proc_2mb_limit: Value of write = 0
[93957.763494] write_proc_bitmap_shift: Value of write = 36
[93957.763640] write_proc_unbounded: Value of write = 0
[93957.763647] write_proc_2mb_limit: Value of write = 0
[93957.763650] write_proc_bitmap_shift: Value of write = 36
[93957.763682] write_proc_unbounded: Value of write = 0
[93957.763686] write_proc_2mb_limit: Value of write = 0
[93957.763689] write_proc_bitmap_shift: Value of write = 36
[93957.763712] write_proc_unbounded: Value of write = 0
[93957.763718] write_proc_unbounded: Value of write = 0
[93957.763721] write_proc_2mb_limit: Value of write = 0
[93957.763725] write_proc_2mb_limit: Value of write = 0
[93957.763726] write_proc_bitmap_shift: Value of write = 36
[93957.763729] write_proc_bitmap_shift: Value of write = 36
[93957.763775] write_proc_unbounded: Value of write = 0
[93957.763781] write_proc_2mb_limit: Value of write = 0
[93957.763785] write_proc_bitmap_shift: Value of write = 36
[93957.763812] write_proc_unbounded: Value of write = 0
[93957.763817] write_proc_unbounded: Value of write = 0
[93957.763820] write_proc_2mb_limit: Value of write = 0
[93957.763824] write_proc_2mb_limit: Value of write = 0
[93957.763824] write_proc_bitmap_shift: Value of write = 36
[93957.763829] write_proc_bitmap_shift: Value of write = 36
[93957.763857] write_proc_unbounded: Value of write = 0
[93957.763885] write_proc_2mb_limit: Value of write = 0
[93957.763895] write_proc_bitmap_shift: Value of write = 36
[93957.763935] write_proc_unbounded: Value of write = 0
[93957.763941] write_proc_2mb_limit: Value of write = 0
[93957.763944] write_proc_bitmap_shift: Value of write = 36
[93957.763943] write_proc_unbounded: Value of write = 0
[93957.763959] write_proc_2mb_limit: Value of write = 0
[93957.763966] write_proc_bitmap_shift: Value of write = 36
[93957.763968] write_proc_unbounded: Value of write = 0
[93957.763973] write_proc_2mb_limit: Value of write = 0
[93957.763977] write_proc_bitmap_shift: Value of write = 36
[93957.763983] write_proc_unbounded: Value of write = 0
[93957.763989] write_proc_2mb_limit: Value of write = 0
[93957.763991] write_proc_bitmap_shift: Value of write = 36
[93957.764003] write_proc_unbounded: Value of write = 0
[93957.764005] write_proc_unbounded: Value of write = 0
[93957.764009] write_proc_2mb_limit: Value of write = 0
[93957.764011] write_proc_2mb_limit: Value of write = 0
[93957.764011] write_proc_unbounded: Value of write = 0
[93957.764015] write_proc_bitmap_shift: Value of write = 36
[93957.764015] write_proc_bitmap_shift: Value of write = 36
[93957.764022] write_proc_unbounded: Value of write = 0
[93957.764030] write_proc_2mb_limit: Value of write = 0
[93957.764034] write_proc_bitmap_shift: Value of write = 36
[93957.764036] write_proc_2mb_limit: Value of write = 0
[93957.764044] write_proc_bitmap_shift: Value of write = 36
[93957.764067] write_proc_unbounded: Value of write = 0
[93957.764072] write_proc_unbounded: Value of write = 0
[93957.764073] write_proc_2mb_limit: Value of write = 0
[93957.764077] write_proc_bitmap_shift: Value of write = 36
[93957.764078] write_proc_2mb_limit: Value of write = 0
[93957.764081] write_proc_bitmap_shift: Value of write = 36
[93957.764085] write_proc_unbounded: Value of write = 0
[93957.764092] write_proc_2mb_limit: Value of write = 0
[93957.764094] write_proc_bitmap_shift: Value of write = 36
[93957.764382] write_proc_unbounded: Value of write = 0
[93957.764391] write_proc_2mb_limit: Value of write = 0
[93957.764395] write_proc_bitmap_shift: Value of write = 36
[93957.764590] write_proc_unbounded: Value of write = 0
[93957.764593] write_proc_2mb_limit: Value of write = 0
[93957.764595] write_proc_bitmap_shift: Value of write = 36
[93969.201187] write_proc_unbounded: Value of write = 0
[93969.201203] write_proc_2mb_limit: Value of write = 0
[93969.201376] write_proc_unbounded: Value of write = 0
[93969.201381] write_proc_2mb_limit: Value of write = 0
[93969.201777] write_proc_unbounded: Value of write = 0
[93969.201793] write_proc_2mb_limit: Value of write = 0
[93969.201962] write_proc_unbounded: Value of write = 0
[93969.201979] write_proc_2mb_limit: Value of write = 0
[93969.202004] write_proc_unbounded: Value of write = 0
[93969.202004] write_proc_unbounded: Value of write = 0
[93969.202008] write_proc_unbounded: Value of write = 0
[93969.202016] write_proc_2mb_limit: Value of write = 0
[93969.202015] write_proc_2mb_limit: Value of write = 0
[93969.202016] write_proc_2mb_limit: Value of write = 0
[93969.202058] write_proc_unbounded: Value of write = 0
[93969.202067] write_proc_unbounded: Value of write = 0
[93969.202079] write_proc_2mb_limit: Value of write = 0
[93969.202079] write_proc_2mb_limit: Value of write = 0
[93969.202144] write_proc_unbounded: Value of write = 0
[93969.202153] write_proc_2mb_limit: Value of write = 0
[93969.202182] write_proc_unbounded: Value of write = 0
[93969.202190] write_proc_2mb_limit: Value of write = 0
[93969.202258] write_proc_unbounded: Value of write = 0
[93969.202258] write_proc_unbounded: Value of write = 0
[93969.202266] write_proc_2mb_limit: Value of write = 0
[93969.202267] write_proc_2mb_limit: Value of write = 0
[93969.202320] write_proc_unbounded: Value of write = 0
[93969.202338] write_proc_2mb_limit: Value of write = 0
[93969.202392] write_proc_unbounded: Value of write = 0
[93969.202402] write_proc_2mb_limit: Value of write = 0
[93969.202508] write_proc_unbounded: Value of write = 0
[93969.202515] write_proc_unbounded: Value of write = 0
[93969.202516] write_proc_2mb_limit: Value of write = 0
[93969.202524] write_proc_unbounded: Value of write = 0
[93969.202525] write_proc_2mb_limit: Value of write = 0
[93969.202530] write_proc_2mb_limit: Value of write = 0
[93969.202548] write_proc_unbounded: Value of write = 0
[93969.202551] write_proc_2mb_limit: Value of write = 0
[93969.202579] write_proc_unbounded: Value of write = 0
[93969.202591] write_proc_unbounded: Value of write = 0
[93969.202593] write_proc_2mb_limit: Value of write = 0
[93969.202602] write_proc_2mb_limit: Value of write = 0
[93969.202646] write_proc_unbounded: Value of write = 0
[93969.202649] write_proc_unbounded: Value of write = 0
[93969.202654] write_proc_2mb_limit: Value of write = 0
[93969.202665] write_proc_2mb_limit: Value of write = 0
[93969.202665] write_proc_unbounded: Value of write = 0
[93969.202683] write_proc_2mb_limit: Value of write = 0
[93969.202716] write_proc_unbounded: Value of write = 0
[93969.202723] write_proc_2mb_limit: Value of write = 0
[93969.202732] write_proc_unbounded: Value of write = 0
[93969.202740] write_proc_2mb_limit: Value of write = 0
[93969.202770] write_proc_unbounded: Value of write = 0
[93969.202779] write_proc_2mb_limit: Value of write = 0
[93969.202813] write_proc_unbounded: Value of write = 0
[93969.202824] write_proc_2mb_limit: Value of write = 0
[93969.202826] write_proc_unbounded: Value of write = 0
[93969.202831] write_proc_2mb_limit: Value of write = 0
[93969.202831] write_proc_unbounded: Value of write = 0
[93969.202837] write_proc_2mb_limit: Value of write = 0
[93969.203132] write_proc_unbounded: Value of write = 0
[93969.203138] write_proc_2mb_limit: Value of write = 0
[93969.210519] write_proc_unbounded: Value of write = 0
[93969.210534] write_proc_2mb_limit: Value of write = 0
