/users/kannan11/ssd/ioopt/appbench/apps/snappy-c/SNAPPY/result-ext4dax
Created 32 bg_threads
Total time: 152.59 s
Average throughput: 2838.50 MB/s
tot input sz 454164480000 outsz 21510732672
	Command being timed: "/users/kannan11/ssd/ioopt/appbench/apps/snappy-c/snappy /users/kannan11/ssd/ioopt/appbench/apps/snappy-c/DATA 32"
	User time (seconds): 512.29
	System time (seconds): 713.52
	Percent of CPU this job got: 803%
	Elapsed (wall clock) time (h:mm:ss or m:ss): 2:32.59
	Average shared text size (kbytes): 0
	Average unshared data size (kbytes): 0
	Average stack size (kbytes): 0
	Average total size (kbytes): 0
	Maximum resident set size (kbytes): 4588828
	Average resident set size (kbytes): 0
	Major (requiring I/O) page faults: 0
	Minor (reclaiming a frame) page faults: 120538992
	Voluntary context switches: 461942
	Involuntary context switches: 10208
	Swaps: 0
	File system inputs: 887050520
	File system outputs: 42020360
	Socket messages sent: 0
	Socket messages received: 0
	Signals delivered: 0
	Page size (bytes): 4096
	Exit status: 0
