ENABLE_FILE_STATS in con
ENABLE_FILE_STATS in con
RocksDB:    version 6.20
Date:       Thu Aug 11 18:39:06 2022
CPU:        48 * AMD EPYC 7402P 24-Core Processor
CPUCache:   512 KB
Initializing RocksDB Options from the specified file
Initializing RocksDB Options from command-line flags
Keys:       1000 bytes each (+ 0 bytes user-defined timestamp)
Values:     4096 bytes each (2048 bytes after compression)
Entries:    2000000
Prefix:    0 bytes
Keys per prefix:    0
RawSize:    9719.8 MB (estimated)
FileSize:   5813.6 MB (estimated)
Write rate: 0 bytes/second
Read rate: 0 ops/second
Compression: Snappy
Compression sampling rate: 0
Memtablerep: skip_list
Perf Level: 1
------------------------------------------------
DB path: [/users/kannan11/ssd/sudarsun/prefetching/appbench/apps/rocksdb/DATA]
compact      : 302027797.000 micros/op 0 ops/sec;
DESTRUCTOR GETTING CALLED 
PRINT_GLOBAL_STATS in dest
	Command being timed: "./db_bench --db=/users/kannan11/ssd/sudarsun/prefetching/appbench/apps/rocksdb/DATA --value_size=4096 --wal_dir=/users/kannan11/ssd/sudarsun/prefetching/appbench/apps/rocksdb/DATA/WAL_LOG --sync=0 --key_size=1000 --write_buffer_size=67108864 --num=2000000 --benchmarks=compact --use_existing_db=1 --mmap_read=0 --threads=8"
	User time (seconds): 27.86
	System time (seconds): 12.18
	Percent of CPU this job got: 104%
	Elapsed (wall clock) time (h:mm:ss or m:ss): 0:38.19
	Average shared text size (kbytes): 0
	Average unshared data size (kbytes): 0
	Average stack size (kbytes): 0
	Average total size (kbytes): 0
	Maximum resident set size (kbytes): 5054308
	Average resident set size (kbytes): 0
	Major (requiring I/O) page faults: 78
	Minor (reclaiming a frame) page faults: 1842361
	Voluntary context switches: 107889
	Involuntary context switches: 101
	Swaps: 0
	File system inputs: 14675992
	File system outputs: 12972504
	Socket messages sent: 0
	Socket messages received: 0
	Signals delivered: 0
	Page size (bytes): 4096
	Exit status: 0
DESTRUCTOR GETTING CALLED 
PRINT_GLOBAL_STATS in dest
[ 4796.811926] free_cross_bitmap: releasing mem for inode with i_count 2
[ 4796.824071] free_cross_bitmap: releasing mem for inode with i_count 2
[ 4796.836748] free_cross_bitmap: releasing mem for inode with i_count 2
[ 4796.848795] free_cross_bitmap: releasing mem for inode with i_count 2
[ 4796.855687] free_cross_bitmap: releasing mem for inode with i_count 2
[ 4796.873032] free_cross_bitmap: releasing mem for inode with i_count 2
[ 4796.879905] free_cross_bitmap: releasing mem for inode with i_count 2
[ 4796.896433] free_cross_bitmap: releasing mem for inode with i_count 2
[ 4796.907466] free_cross_bitmap: releasing mem for inode with i_count 2
[ 4796.918445] free_cross_bitmap: releasing mem for inode with i_count 2
[ 4796.929307] free_cross_bitmap: releasing mem for inode with i_count 2
[ 4796.940264] free_cross_bitmap: releasing mem for inode with i_count 2
[ 4796.950763] free_cross_bitmap: releasing mem for inode with i_count 2
[ 4796.965443] free_cross_bitmap: releasing mem for inode with i_count 2
[ 4796.976692] free_cross_bitmap: releasing mem for inode with i_count 2
[ 4796.987123] free_cross_bitmap: releasing mem for inode with i_count 2
[ 4797.001756] free_cross_bitmap: releasing mem for inode with i_count 2
[ 4797.013334] free_cross_bitmap: releasing mem for inode with i_count 2
[ 4797.024185] free_cross_bitmap: releasing mem for inode with i_count 2
[ 4797.035555] free_cross_bitmap: releasing mem for inode with i_count 2
[ 4797.047010] free_cross_bitmap: releasing mem for inode with i_count 2
[ 4797.057057] free_cross_bitmap: releasing mem for inode with i_count 2
[ 4797.068658] free_cross_bitmap: releasing mem for inode with i_count 2
[ 4797.080859] free_cross_bitmap: releasing mem for inode with i_count 2
[ 4797.092182] free_cross_bitmap: releasing mem for inode with i_count 2
[ 4797.102958] free_cross_bitmap: releasing mem for inode with i_count 2
[ 4797.114089] free_cross_bitmap: releasing mem for inode with i_count 2
[ 4797.124867] free_cross_bitmap: releasing mem for inode with i_count 2
[ 4797.135688] free_cross_bitmap: releasing mem for inode with i_count 2
[ 4797.146654] free_cross_bitmap: releasing mem for inode with i_count 2
[ 4797.157509] free_cross_bitmap: releasing mem for inode with i_count 2
[ 4797.164477] free_cross_bitmap: releasing mem for inode with i_count 2
[ 4797.179450] free_cross_bitmap: releasing mem for inode with i_count 2
[ 4797.190425] free_cross_bitmap: releasing mem for inode with i_count 2
[ 4797.197323] free_cross_bitmap: releasing mem for inode with i_count 2
[ 4797.212416] free_cross_bitmap: releasing mem for inode with i_count 2
[ 4797.223388] free_cross_bitmap: releasing mem for inode with i_count 2
[ 4797.234133] free_cross_bitmap: releasing mem for inode with i_count 2
[ 4797.245375] free_cross_bitmap: releasing mem for inode with i_count 2
[ 4797.256548] free_cross_bitmap: releasing mem for inode with i_count 2
[ 4797.267536] free_cross_bitmap: releasing mem for inode with i_count 2
[ 4797.279160] free_cross_bitmap: releasing mem for inode with i_count 2
[ 4797.290721] free_cross_bitmap: releasing mem for inode with i_count 2
[ 4797.301550] free_cross_bitmap: releasing mem for inode with i_count 2
[ 4797.312910] free_cross_bitmap: releasing mem for inode with i_count 2
[ 4797.324359] free_cross_bitmap: releasing mem for inode with i_count 2
[ 4797.335254] free_cross_bitmap: releasing mem for inode with i_count 2
[ 4797.345658] free_cross_bitmap: releasing mem for inode with i_count 2
[ 4797.361617] free_cross_bitmap: releasing mem for inode with i_count 2
[ 4797.372291] free_cross_bitmap: releasing mem for inode with i_count 2
[ 4797.383752] free_cross_bitmap: releasing mem for inode with i_count 2
[ 4797.390721] free_cross_bitmap: releasing mem for inode with i_count 2
[ 4797.405148] free_cross_bitmap: releasing mem for inode with i_count 2
[ 4797.416279] free_cross_bitmap: releasing mem for inode with i_count 2
[ 4797.427358] free_cross_bitmap: releasing mem for inode with i_count 2
[ 4797.434681] free_cross_bitmap: releasing mem for inode with i_count 2
[ 4797.450207] free_cross_bitmap: releasing mem for inode with i_count 2
[ 4797.462217] free_cross_bitmap: releasing mem for inode with i_count 2
[ 4797.470361] free_cross_bitmap: releasing mem for inode with i_count 2
[ 4797.485925] free_cross_bitmap: releasing mem for inode with i_count 2
[ 4797.497542] free_cross_bitmap: releasing mem for inode with i_count 2
[ 4797.509055] free_cross_bitmap: releasing mem for inode with i_count 2
[ 4797.520356] free_cross_bitmap: releasing mem for inode with i_count 2
[ 4797.531645] free_cross_bitmap: releasing mem for inode with i_count 2
[ 4797.542049] free_cross_bitmap: releasing mem for inode with i_count 2
[ 4797.557880] free_cross_bitmap: releasing mem for inode with i_count 2
[ 4797.569023] free_cross_bitmap: releasing mem for inode with i_count 2
[ 4797.579359] free_cross_bitmap: releasing mem for inode with i_count 2
[ 4797.590968] free_cross_bitmap: releasing mem for inode with i_count 2
[ 4797.601883] free_cross_bitmap: releasing mem for inode with i_count 2
[ 4797.613049] free_cross_bitmap: releasing mem for inode with i_count 2
[ 4797.624479] free_cross_bitmap: releasing mem for inode with i_count 2
[ 4797.635714] free_cross_bitmap: releasing mem for inode with i_count 2
[ 4797.646864] free_cross_bitmap: releasing mem for inode with i_count 2
[ 4797.654792] free_cross_bitmap: releasing mem for inode with i_count 2
[ 4797.675488] free_cross_bitmap: releasing mem for inode with i_count 2
[ 4797.688310] free_cross_bitmap: releasing mem for inode with i_count 2
[ 4797.699138] free_cross_bitmap: releasing mem for inode with i_count 2
[ 4797.712592] free_cross_bitmap: releasing mem for inode with i_count 2
[ 4797.728927] free_cross_bitmap: releasing mem for inode with i_count 2
[ 4797.738046] free_cross_bitmap: releasing mem for inode with i_count 2
[ 4797.749111] free_cross_bitmap: releasing mem for inode with i_count 2
[ 4797.760277] free_cross_bitmap: releasing mem for inode with i_count 2
[ 4797.767392] free_cross_bitmap: releasing mem for inode with i_count 2
[ 4797.782756] free_cross_bitmap: releasing mem for inode with i_count 2
[ 4797.789729] free_cross_bitmap: releasing mem for inode with i_count 2
[ 4797.801531] free_cross_bitmap: releasing mem for inode with i_count 2
[ 4797.812868] free_cross_bitmap: releasing mem for inode with i_count 2
[ 4797.829410] free_cross_bitmap: releasing mem for inode with i_count 2
[ 4797.836400] free_cross_bitmap: releasing mem for inode with i_count 2
[ 4797.852049] free_cross_bitmap: releasing mem for inode with i_count 2
[ 4797.859061] free_cross_bitmap: releasing mem for inode with i_count 2
[ 4797.874190] free_cross_bitmap: releasing mem for inode with i_count 2
[ 4797.889627] free_cross_bitmap: releasing mem for inode with i_count 2
[ 4797.900838] free_cross_bitmap: releasing mem for inode with i_count 2
[ 4797.911991] free_cross_bitmap: releasing mem for inode with i_count 2
[ 4797.923241] free_cross_bitmap: releasing mem for inode with i_count 2
[ 4797.934516] free_cross_bitmap: releasing mem for inode with i_count 2
[ 4797.945987] free_cross_bitmap: releasing mem for inode with i_count 2
[ 4797.953018] free_cross_bitmap: releasing mem for inode with i_count 2
[ 4797.968380] free_cross_bitmap: releasing mem for inode with i_count 2
[ 4797.979502] free_cross_bitmap: releasing mem for inode with i_count 2
[ 4797.990669] free_cross_bitmap: releasing mem for inode with i_count 2
[ 4798.001758] free_cross_bitmap: releasing mem for inode with i_count 2
[ 4798.013270] free_cross_bitmap: releasing mem for inode with i_count 2
[ 4798.020265] free_cross_bitmap: releasing mem for inode with i_count 2
[ 4798.035688] free_cross_bitmap: releasing mem for inode with i_count 2
[ 4798.047352] free_cross_bitmap: releasing mem for inode with i_count 2
[ 4798.059182] free_cross_bitmap: releasing mem for inode with i_count 2
[ 4798.070362] free_cross_bitmap: releasing mem for inode with i_count 2
[ 4798.082066] free_cross_bitmap: releasing mem for inode with i_count 2
[ 4798.093344] free_cross_bitmap: releasing mem for inode with i_count 2
[ 4798.104659] free_cross_bitmap: releasing mem for inode with i_count 2
[ 4798.111670] free_cross_bitmap: releasing mem for inode with i_count 2
[ 4798.119959] sh (28011): drop_caches: 3
[ 4798.150904] sh (28130): drop_caches: 3
[ 4803.175456] Enabled file stats for time:28137
[ 4803.175652] write_proc: Value of write = 1
[ 4803.181083] Enabled file stats for db_bench:28146
[ 4803.181261] write_proc: Value of write = 1
[ 4803.229804] alloc_cross_bitmap: preallocate 268435456 pg, nr_longs=4194304 in 4 millisec
[ 4803.232071] alloc_cross_bitmap: preallocate 268435456 pg, nr_longs=4194304 in 8 millisec
[ 4803.235265] alloc_cross_bitmap: preallocate 268435456 pg, nr_longs=4194304 in 12 millisec
[ 4803.235598] alloc_cross_bitmap: preallocate 268435456 pg, nr_longs=4194304 in 12 millisec
[ 4803.235962] alloc_cross_bitmap: preallocate 268435456 pg, nr_longs=4194304 in 12 millisec
[ 4803.236457] alloc_cross_bitmap: preallocate 268435456 pg, nr_longs=4194304 in 16 millisec
[ 4803.236732] alloc_cross_bitmap: preallocate 268435456 pg, nr_longs=4194304 in 16 millisec
[ 4803.237054] alloc_cross_bitmap: preallocate 268435456 pg, nr_longs=4194304 in 16 millisec
[ 4803.237189] alloc_cross_bitmap: preallocate 268435456 pg, nr_longs=4194304 in 16 millisec
[ 4803.237203] alloc_cross_bitmap: preallocate 268435456 pg, nr_longs=4194304 in 16 millisec
[ 4803.237400] alloc_cross_bitmap: preallocate 268435456 pg, nr_longs=4194304 in 16 millisec
[ 4803.237529] alloc_cross_bitmap: preallocate 268435456 pg, nr_longs=4194304 in 16 millisec
[ 4803.238132] alloc_cross_bitmap: preallocate 268435456 pg, nr_longs=4194304 in 16 millisec
[ 4803.238298] alloc_cross_bitmap: preallocate 268435456 pg, nr_longs=4194304 in 16 millisec
[ 4803.238322] alloc_cross_bitmap: preallocate 268435456 pg, nr_longs=4194304 in 16 millisec
[ 4803.238429] alloc_cross_bitmap: preallocate 268435456 pg, nr_longs=4194304 in 16 millisec
[ 4803.253667] alloc_cross_bitmap: preallocate 268435456 pg, nr_longs=4194304 in 4 millisec
[ 4803.257543] alloc_cross_bitmap: preallocate 268435456 pg, nr_longs=4194304 in 4 millisec
[ 4803.264774] alloc_cross_bitmap: preallocate 268435456 pg, nr_longs=4194304 in 4 millisec
[ 4803.267964] alloc_cross_bitmap: preallocate 268435456 pg, nr_longs=4194304 in 4 millisec
[ 4803.268079] alloc_cross_bitmap: preallocate 268435456 pg, nr_longs=4194304 in 4 millisec
[ 4803.270169] alloc_cross_bitmap: preallocate 268435456 pg, nr_longs=4194304 in 8 millisec
[ 4803.270693] alloc_cross_bitmap: preallocate 268435456 pg, nr_longs=4194304 in 8 millisec
[ 4803.271637] alloc_cross_bitmap: preallocate 268435456 pg, nr_longs=4194304 in 8 millisec
[ 4803.272299] alloc_cross_bitmap: preallocate 268435456 pg, nr_longs=4194304 in 8 millisec
[ 4803.272794] alloc_cross_bitmap: preallocate 268435456 pg, nr_longs=4194304 in 8 millisec
[ 4803.274867] alloc_cross_bitmap: preallocate 268435456 pg, nr_longs=4194304 in 8 millisec
[ 4803.275090] alloc_cross_bitmap: preallocate 268435456 pg, nr_longs=4194304 in 8 millisec
[ 4803.275270] alloc_cross_bitmap: preallocate 268435456 pg, nr_longs=4194304 in 8 millisec
[ 4803.275273] alloc_cross_bitmap: preallocate 268435456 pg, nr_longs=4194304 in 8 millisec
[ 4803.277991] alloc_cross_bitmap: preallocate 268435456 pg, nr_longs=4194304 in 4 millisec
[ 4803.278686] alloc_cross_bitmap: preallocate 268435456 pg, nr_longs=4194304 in 4 millisec
[ 4803.282659] alloc_cross_bitmap: preallocate 268435456 pg, nr_longs=4194304 in 4 millisec
[ 4803.290945] alloc_cross_bitmap: preallocate 268435456 pg, nr_longs=4194304 in 4 millisec
[ 4803.296045] alloc_cross_bitmap: preallocate 268435456 pg, nr_longs=4194304 in 0 millisec
[ 4803.296589] alloc_cross_bitmap: preallocate 268435456 pg, nr_longs=4194304 in 4 millisec
[ 4803.298165] alloc_cross_bitmap: preallocate 268435456 pg, nr_longs=4194304 in 4 millisec
[ 4803.299482] alloc_cross_bitmap: preallocate 268435456 pg, nr_longs=4194304 in 4 millisec
[ 4803.300381] alloc_cross_bitmap: preallocate 268435456 pg, nr_longs=4194304 in 8 millisec
[ 4803.301655] alloc_cross_bitmap: preallocate 268435456 pg, nr_longs=4194304 in 4 millisec
[ 4803.302054] alloc_cross_bitmap: preallocate 268435456 pg, nr_longs=4194304 in 4 millisec
[ 4803.303466] alloc_cross_bitmap: preallocate 268435456 pg, nr_longs=4194304 in 4 millisec
[ 4803.307822] alloc_cross_bitmap: preallocate 268435456 pg, nr_longs=4194304 in 4 millisec
[ 4803.308230] alloc_cross_bitmap: preallocate 268435456 pg, nr_longs=4194304 in 4 millisec
[ 4803.308860] alloc_cross_bitmap: preallocate 268435456 pg, nr_longs=4194304 in 8 millisec
[ 4803.309009] alloc_cross_bitmap: preallocate 268435456 pg, nr_longs=4194304 in 8 millisec
[ 4803.309093] alloc_cross_bitmap: preallocate 268435456 pg, nr_longs=4194304 in 8 millisec
[ 4803.309735] alloc_cross_bitmap: preallocate 268435456 pg, nr_longs=4194304 in 4 millisec
[ 4803.312038] alloc_cross_bitmap: preallocate 268435456 pg, nr_longs=4194304 in 0 millisec
[ 4803.314302] alloc_cross_bitmap: preallocate 268435456 pg, nr_longs=4194304 in 4 millisec
[ 4803.314733] alloc_cross_bitmap: preallocate 268435456 pg, nr_longs=4194304 in 4 millisec
[ 4803.315389] alloc_cross_bitmap: preallocate 268435456 pg, nr_longs=4194304 in 4 millisec
[ 4803.373134] alloc_cross_bitmap: preallocate 268435456 pg, nr_longs=4194304 in 8 millisec
[ 4803.374034] alloc_cross_bitmap: preallocate 268435456 pg, nr_longs=4194304 in 8 millisec
[ 4803.377135] alloc_cross_bitmap: preallocate 268435456 pg, nr_longs=4194304 in 12 millisec
[ 4803.377323] alloc_cross_bitmap: preallocate 268435456 pg, nr_longs=4194304 in 12 millisec
[ 4803.378683] alloc_cross_bitmap: preallocate 268435456 pg, nr_longs=4194304 in 12 millisec
[ 4803.378749] alloc_cross_bitmap: preallocate 268435456 pg, nr_longs=4194304 in 12 millisec
[ 4803.378784] alloc_cross_bitmap: preallocate 268435456 pg, nr_longs=4194304 in 12 millisec
[ 4803.378793] alloc_cross_bitmap: preallocate 268435456 pg, nr_longs=4194304 in 12 millisec
[ 4803.378827] alloc_cross_bitmap: preallocate 268435456 pg, nr_longs=4194304 in 12 millisec
[ 4803.378903] alloc_cross_bitmap: preallocate 268435456 pg, nr_longs=4194304 in 12 millisec
[ 4803.378950] alloc_cross_bitmap: preallocate 268435456 pg, nr_longs=4194304 in 12 millisec
[ 4803.378965] alloc_cross_bitmap: preallocate 268435456 pg, nr_longs=4194304 in 12 millisec
[ 4803.379129] alloc_cross_bitmap: preallocate 268435456 pg, nr_longs=4194304 in 12 millisec
[ 4803.379140] alloc_cross_bitmap: preallocate 268435456 pg, nr_longs=4194304 in 12 millisec
[ 4803.379152] alloc_cross_bitmap: preallocate 268435456 pg, nr_longs=4194304 in 12 millisec
[ 4803.379162] alloc_cross_bitmap: preallocate 268435456 pg, nr_longs=4194304 in 12 millisec
[ 4803.397601] alloc_cross_bitmap: preallocate 268435456 pg, nr_longs=4194304 in 4 millisec
[ 4803.400012] alloc_cross_bitmap: preallocate 268435456 pg, nr_longs=4194304 in 4 millisec
[ 4803.406392] alloc_cross_bitmap: preallocate 268435456 pg, nr_longs=4194304 in 4 millisec
[ 4803.406713] alloc_cross_bitmap: preallocate 268435456 pg, nr_longs=4194304 in 4 millisec
[ 4803.410473] alloc_cross_bitmap: preallocate 268435456 pg, nr_longs=4194304 in 4 millisec
[ 4803.411745] alloc_cross_bitmap: preallocate 268435456 pg, nr_longs=4194304 in 4 millisec
[ 4803.414577] alloc_cross_bitmap: preallocate 268435456 pg, nr_longs=4194304 in 8 millisec
[ 4803.415230] alloc_cross_bitmap: preallocate 268435456 pg, nr_longs=4194304 in 8 millisec
[ 4803.415229] alloc_cross_bitmap: preallocate 268435456 pg, nr_longs=4194304 in 8 millisec
[ 4803.415246] alloc_cross_bitmap: preallocate 268435456 pg, nr_longs=4194304 in 8 millisec
[ 4803.415473] alloc_cross_bitmap: preallocate 268435456 pg, nr_longs=4194304 in 8 millisec
[ 4803.417245] alloc_cross_bitmap: preallocate 268435456 pg, nr_longs=4194304 in 12 millisec
[ 4803.417252] alloc_cross_bitmap: preallocate 268435456 pg, nr_longs=4194304 in 12 millisec
[ 4803.417296] alloc_cross_bitmap: preallocate 268435456 pg, nr_longs=4194304 in 12 millisec
[ 4803.417324] alloc_cross_bitmap: preallocate 268435456 pg, nr_longs=4194304 in 12 millisec
[ 4803.420392] alloc_cross_bitmap: preallocate 268435456 pg, nr_longs=4194304 in 4 millisec
[ 4803.423179] alloc_cross_bitmap: preallocate 268435456 pg, nr_longs=4194304 in 4 millisec
[ 4803.424719] alloc_cross_bitmap: preallocate 268435456 pg, nr_longs=4194304 in 4 millisec
[ 4803.430395] alloc_cross_bitmap: preallocate 268435456 pg, nr_longs=4194304 in 4 millisec
[ 4803.430708] alloc_cross_bitmap: preallocate 268435456 pg, nr_longs=4194304 in 4 millisec
[ 4803.439080] alloc_cross_bitmap: preallocate 268435456 pg, nr_longs=4194304 in 4 millisec
[ 4803.440210] alloc_cross_bitmap: preallocate 268435456 pg, nr_longs=4194304 in 0 millisec
[ 4803.445540] alloc_cross_bitmap: preallocate 268435456 pg, nr_longs=4194304 in 4 millisec
[ 4803.447005] alloc_cross_bitmap: preallocate 268435456 pg, nr_longs=4194304 in 4 millisec
[ 4803.447374] alloc_cross_bitmap: preallocate 268435456 pg, nr_longs=4194304 in 4 millisec
[ 4803.448088] alloc_cross_bitmap: preallocate 268435456 pg, nr_longs=4194304 in 4 millisec
[ 4803.448154] alloc_cross_bitmap: preallocate 268435456 pg, nr_longs=4194304 in 4 millisec
[ 4803.451545] alloc_cross_bitmap: preallocate 268435456 pg, nr_longs=4194304 in 4 millisec
[ 4803.452244] alloc_cross_bitmap: preallocate 268435456 pg, nr_longs=4194304 in 4 millisec
[ 4803.452882] alloc_cross_bitmap: preallocate 268435456 pg, nr_longs=4194304 in 4 millisec
[ 4803.452933] alloc_cross_bitmap: preallocate 268435456 pg, nr_longs=4194304 in 8 millisec
[ 4803.452978] alloc_cross_bitmap: preallocate 268435456 pg, nr_longs=4194304 in 8 millisec
[ 4803.453186] alloc_cross_bitmap: preallocate 268435456 pg, nr_longs=4194304 in 8 millisec
[ 4803.453187] alloc_cross_bitmap: preallocate 268435456 pg, nr_longs=4194304 in 8 millisec
[ 4803.455329] alloc_cross_bitmap: preallocate 268435456 pg, nr_longs=4194304 in 4 millisec
[ 4803.455442] alloc_cross_bitmap: preallocate 268435456 pg, nr_longs=4194304 in 4 millisec
[ 4803.457451] alloc_cross_bitmap: preallocate 268435456 pg, nr_longs=4194304 in 4 millisec
[ 4803.499849] alloc_cross_bitmap: preallocate 268435456 pg, nr_longs=4194304 in 4 millisec
[ 4803.500033] alloc_cross_bitmap: preallocate 268435456 pg, nr_longs=4194304 in 4 millisec
[ 4803.500168] alloc_cross_bitmap: preallocate 268435456 pg, nr_longs=4194304 in 4 millisec
[ 4803.500701] alloc_cross_bitmap: preallocate 268435456 pg, nr_longs=4194304 in 8 millisec
[ 4803.500846] alloc_cross_bitmap: preallocate 268435456 pg, nr_longs=4194304 in 8 millisec
[ 4803.501004] alloc_cross_bitmap: preallocate 268435456 pg, nr_longs=4194304 in 8 millisec
[ 4803.502032] alloc_cross_bitmap: preallocate 268435456 pg, nr_longs=4194304 in 8 millisec
[ 4803.502048] alloc_cross_bitmap: preallocate 268435456 pg, nr_longs=4194304 in 8 millisec
[ 4803.511543] alloc_cross_bitmap: preallocate 268435456 pg, nr_longs=4194304 in 0 millisec
[ 4812.886222] alloc_cross_bitmap: preallocate 268435456 pg, nr_longs=4194304 in 4 millisec
[ 4812.896649] alloc_cross_bitmap: preallocate 268435456 pg, nr_longs=4194304 in 4 millisec
[ 4812.907013] alloc_cross_bitmap: preallocate 268435456 pg, nr_longs=4194304 in 4 millisec
[ 4812.917484] alloc_cross_bitmap: preallocate 268435456 pg, nr_longs=4194304 in 4 millisec
[ 4812.927880] alloc_cross_bitmap: preallocate 268435456 pg, nr_longs=4194304 in 0 millisec
[ 4812.938254] alloc_cross_bitmap: preallocate 268435456 pg, nr_longs=4194304 in 4 millisec
[ 4812.948415] alloc_cross_bitmap: preallocate 268435456 pg, nr_longs=4194304 in 4 millisec
[ 4812.958835] alloc_cross_bitmap: preallocate 268435456 pg, nr_longs=4194304 in 4 millisec
[ 4812.969161] alloc_cross_bitmap: preallocate 268435456 pg, nr_longs=4194304 in 4 millisec
[ 4812.979495] alloc_cross_bitmap: preallocate 268435456 pg, nr_longs=4194304 in 0 millisec
[ 4812.989922] alloc_cross_bitmap: preallocate 268435456 pg, nr_longs=4194304 in 4 millisec
[ 4813.000166] alloc_cross_bitmap: preallocate 268435456 pg, nr_longs=4194304 in 0 millisec
[ 4813.010717] alloc_cross_bitmap: preallocate 268435456 pg, nr_longs=4194304 in 4 millisec
[ 4813.021409] alloc_cross_bitmap: preallocate 268435456 pg, nr_longs=4194304 in 4 millisec
[ 4813.031914] alloc_cross_bitmap: preallocate 268435456 pg, nr_longs=4194304 in 0 millisec
[ 4813.042091] alloc_cross_bitmap: preallocate 268435456 pg, nr_longs=4194304 in 4 millisec
[ 4813.052359] alloc_cross_bitmap: preallocate 268435456 pg, nr_longs=4194304 in 4 millisec
[ 4813.062734] alloc_cross_bitmap: preallocate 268435456 pg, nr_longs=4194304 in 4 millisec
[ 4813.073117] alloc_cross_bitmap: preallocate 268435456 pg, nr_longs=4194304 in 4 millisec
[ 4813.083517] alloc_cross_bitmap: preallocate 268435456 pg, nr_longs=4194304 in 0 millisec
[ 4813.093820] alloc_cross_bitmap: preallocate 268435456 pg, nr_longs=4194304 in 4 millisec
[ 4813.104159] alloc_cross_bitmap: preallocate 268435456 pg, nr_longs=4194304 in 0 millisec
[ 4813.114460] alloc_cross_bitmap: preallocate 268435456 pg, nr_longs=4194304 in 4 millisec
[ 4813.124970] alloc_cross_bitmap: preallocate 268435456 pg, nr_longs=4194304 in 4 millisec
[ 4813.135651] alloc_cross_bitmap: preallocate 268435456 pg, nr_longs=4194304 in 0 millisec
[ 4813.146216] alloc_cross_bitmap: preallocate 268435456 pg, nr_longs=4194304 in 4 millisec
[ 4813.156616] alloc_cross_bitmap: preallocate 268435456 pg, nr_longs=4194304 in 4 millisec
[ 4813.166919] alloc_cross_bitmap: preallocate 268435456 pg, nr_longs=4194304 in 4 millisec
[ 4813.177148] alloc_cross_bitmap: preallocate 268435456 pg, nr_longs=4194304 in 4 millisec
[ 4813.179895] free_cross_bitmap: releasing mem for inode with i_count 2
[ 4813.188209] free_cross_bitmap: releasing mem for inode with i_count 2
[ 4813.196643] free_cross_bitmap: releasing mem for inode with i_count 2
[ 4813.204609] free_cross_bitmap: releasing mem for inode with i_count 2
[ 4813.212575] free_cross_bitmap: releasing mem for inode with i_count 2
[ 4813.220579] free_cross_bitmap: releasing mem for inode with i_count 2
[ 4813.228547] free_cross_bitmap: releasing mem for inode with i_count 2
[ 4813.236506] free_cross_bitmap: releasing mem for inode with i_count 2
[ 4813.244925] free_cross_bitmap: releasing mem for inode with i_count 2
[ 4813.253083] free_cross_bitmap: releasing mem for inode with i_count 2
[ 4813.261357] free_cross_bitmap: releasing mem for inode with i_count 2
[ 4813.270471] free_cross_bitmap: releasing mem for inode with i_count 2
[ 4813.278951] free_cross_bitmap: releasing mem for inode with i_count 2
[ 4813.286980] free_cross_bitmap: releasing mem for inode with i_count 2
[ 4813.295440] free_cross_bitmap: releasing mem for inode with i_count 2
[ 4813.303479] free_cross_bitmap: releasing mem for inode with i_count 2
[ 4813.311499] free_cross_bitmap: releasing mem for inode with i_count 2
[ 4813.319569] free_cross_bitmap: releasing mem for inode with i_count 2
[ 4813.327667] free_cross_bitmap: releasing mem for inode with i_count 2
[ 4813.335941] free_cross_bitmap: releasing mem for inode with i_count 2
[ 4813.344966] free_cross_bitmap: releasing mem for inode with i_count 2
[ 4813.353312] free_cross_bitmap: releasing mem for inode with i_count 2
[ 4813.361663] free_cross_bitmap: releasing mem for inode with i_count 2
[ 4813.369881] free_cross_bitmap: releasing mem for inode with i_count 2
[ 4813.378077] free_cross_bitmap: releasing mem for inode with i_count 2
[ 4813.386334] free_cross_bitmap: releasing mem for inode with i_count 2
[ 4813.395155] free_cross_bitmap: releasing mem for inode with i_count 2
[ 4813.403237] free_cross_bitmap: releasing mem for inode with i_count 2
[ 4813.411342] free_cross_bitmap: releasing mem for inode with i_count 2
[ 4813.419489] free_cross_bitmap: releasing mem for inode with i_count 2
[ 4813.427558] free_cross_bitmap: releasing mem for inode with i_count 2
[ 4813.435699] free_cross_bitmap: releasing mem for inode with i_count 2
[ 4813.444238] free_cross_bitmap: releasing mem for inode with i_count 2
[ 4829.066004] alloc_cross_bitmap: preallocate 268435456 pg, nr_longs=4194304 in 4 millisec
[ 4829.076591] alloc_cross_bitmap: preallocate 268435456 pg, nr_longs=4194304 in 4 millisec
[ 4829.087092] alloc_cross_bitmap: preallocate 268435456 pg, nr_longs=4194304 in 4 millisec
[ 4829.097433] alloc_cross_bitmap: preallocate 268435456 pg, nr_longs=4194304 in 4 millisec
[ 4829.107889] alloc_cross_bitmap: preallocate 268435456 pg, nr_longs=4194304 in 0 millisec
[ 4829.118263] alloc_cross_bitmap: preallocate 268435456 pg, nr_longs=4194304 in 4 millisec
[ 4829.128376] alloc_cross_bitmap: preallocate 268435456 pg, nr_longs=4194304 in 4 millisec
[ 4829.138632] alloc_cross_bitmap: preallocate 268435456 pg, nr_longs=4194304 in 4 millisec
[ 4829.148908] alloc_cross_bitmap: preallocate 268435456 pg, nr_longs=4194304 in 4 millisec
[ 4829.159091] alloc_cross_bitmap: preallocate 268435456 pg, nr_longs=4194304 in 4 millisec
[ 4829.169390] alloc_cross_bitmap: preallocate 268435456 pg, nr_longs=4194304 in 4 millisec
[ 4829.179652] alloc_cross_bitmap: preallocate 268435456 pg, nr_longs=4194304 in 0 millisec
[ 4829.190122] alloc_cross_bitmap: preallocate 268435456 pg, nr_longs=4194304 in 4 millisec
[ 4829.200725] alloc_cross_bitmap: preallocate 268435456 pg, nr_longs=4194304 in 4 millisec
[ 4829.211015] alloc_cross_bitmap: preallocate 268435456 pg, nr_longs=4194304 in 4 millisec
[ 4829.221168] alloc_cross_bitmap: preallocate 268435456 pg, nr_longs=4194304 in 4 millisec
[ 4829.231524] alloc_cross_bitmap: preallocate 268435456 pg, nr_longs=4194304 in 0 millisec
[ 4829.241805] alloc_cross_bitmap: preallocate 268435456 pg, nr_longs=4194304 in 4 millisec
[ 4829.252003] alloc_cross_bitmap: preallocate 268435456 pg, nr_longs=4194304 in 0 millisec
[ 4829.262113] alloc_cross_bitmap: preallocate 268435456 pg, nr_longs=4194304 in 4 millisec
[ 4829.272373] alloc_cross_bitmap: preallocate 268435456 pg, nr_longs=4194304 in 4 millisec
[ 4829.282705] alloc_cross_bitmap: preallocate 268435456 pg, nr_longs=4194304 in 4 millisec
[ 4829.292957] alloc_cross_bitmap: preallocate 268435456 pg, nr_longs=4194304 in 4 millisec
[ 4829.303332] alloc_cross_bitmap: preallocate 268435456 pg, nr_longs=4194304 in 4 millisec
[ 4829.313940] alloc_cross_bitmap: preallocate 268435456 pg, nr_longs=4194304 in 4 millisec
[ 4829.324319] alloc_cross_bitmap: preallocate 268435456 pg, nr_longs=4194304 in 4 millisec
[ 4829.334580] alloc_cross_bitmap: preallocate 268435456 pg, nr_longs=4194304 in 4 millisec
[ 4829.344811] alloc_cross_bitmap: preallocate 268435456 pg, nr_longs=4194304 in 4 millisec
[ 4829.355072] alloc_cross_bitmap: preallocate 268435456 pg, nr_longs=4194304 in 4 millisec
[ 4829.365276] alloc_cross_bitmap: preallocate 268435456 pg, nr_longs=4194304 in 4 millisec
[ 4829.375367] alloc_cross_bitmap: preallocate 268435456 pg, nr_longs=4194304 in 0 millisec
[ 4829.385531] alloc_cross_bitmap: preallocate 268435456 pg, nr_longs=4194304 in 4 millisec
[ 4829.395765] alloc_cross_bitmap: preallocate 268435456 pg, nr_longs=4194304 in 0 millisec
[ 4829.406097] alloc_cross_bitmap: preallocate 268435456 pg, nr_longs=4194304 in 4 millisec
[ 4829.416360] alloc_cross_bitmap: preallocate 268435456 pg, nr_longs=4194304 in 4 millisec
[ 4829.426560] alloc_cross_bitmap: preallocate 268435456 pg, nr_longs=4194304 in 4 millisec
[ 4829.436984] alloc_cross_bitmap: preallocate 268435456 pg, nr_longs=4194304 in 4 millisec
[ 4829.447463] alloc_cross_bitmap: preallocate 268435456 pg, nr_longs=4194304 in 0 millisec
[ 4829.457935] alloc_cross_bitmap: preallocate 268435456 pg, nr_longs=4194304 in 4 millisec
[ 4829.468264] alloc_cross_bitmap: preallocate 268435456 pg, nr_longs=4194304 in 0 millisec
[ 4829.478551] alloc_cross_bitmap: preallocate 268435456 pg, nr_longs=4194304 in 4 millisec
[ 4829.481345] free_cross_bitmap: releasing mem for inode with i_count 2
[ 4829.489236] free_cross_bitmap: releasing mem for inode with i_count 2
[ 4829.497107] free_cross_bitmap: releasing mem for inode with i_count 2
[ 4829.504965] free_cross_bitmap: releasing mem for inode with i_count 2
[ 4829.512825] free_cross_bitmap: releasing mem for inode with i_count 2
[ 4829.521117] free_cross_bitmap: releasing mem for inode with i_count 2
[ 4829.528978] free_cross_bitmap: releasing mem for inode with i_count 2
[ 4829.536824] free_cross_bitmap: releasing mem for inode with i_count 2
[ 4829.544682] free_cross_bitmap: releasing mem for inode with i_count 2
[ 4829.552592] free_cross_bitmap: releasing mem for inode with i_count 2
[ 4829.560445] free_cross_bitmap: releasing mem for inode with i_count 2
[ 4829.568670] free_cross_bitmap: releasing mem for inode with i_count 2
[ 4829.576519] free_cross_bitmap: releasing mem for inode with i_count 2
[ 4829.584362] free_cross_bitmap: releasing mem for inode with i_count 2
[ 4829.592186] free_cross_bitmap: releasing mem for inode with i_count 2
[ 4829.600106] free_cross_bitmap: releasing mem for inode with i_count 2
[ 4829.608031] free_cross_bitmap: releasing mem for inode with i_count 2
[ 4829.616502] free_cross_bitmap: releasing mem for inode with i_count 2
[ 4829.624332] free_cross_bitmap: releasing mem for inode with i_count 2
[ 4829.632157] free_cross_bitmap: releasing mem for inode with i_count 2
[ 4829.640028] free_cross_bitmap: releasing mem for inode with i_count 2
[ 4829.647910] free_cross_bitmap: releasing mem for inode with i_count 2
[ 4829.655835] free_cross_bitmap: releasing mem for inode with i_count 2
[ 4829.664053] free_cross_bitmap: releasing mem for inode with i_count 2
[ 4829.672344] free_cross_bitmap: releasing mem for inode with i_count 2
[ 4829.680600] free_cross_bitmap: releasing mem for inode with i_count 2
[ 4829.688733] free_cross_bitmap: releasing mem for inode with i_count 2
[ 4829.696721] free_cross_bitmap: releasing mem for inode with i_count 2
[ 4829.704888] free_cross_bitmap: releasing mem for inode with i_count 2
[ 4829.713355] free_cross_bitmap: releasing mem for inode with i_count 2
[ 4829.721498] free_cross_bitmap: releasing mem for inode with i_count 2
[ 4829.729573] free_cross_bitmap: releasing mem for inode with i_count 2
[ 4829.737574] free_cross_bitmap: releasing mem for inode with i_count 2
[ 4829.745781] free_cross_bitmap: releasing mem for inode with i_count 2
[ 4829.754019] free_cross_bitmap: releasing mem for inode with i_count 2
[ 4829.762661] free_cross_bitmap: releasing mem for inode with i_count 2
[ 4829.770629] free_cross_bitmap: releasing mem for inode with i_count 2
[ 4829.778735] free_cross_bitmap: releasing mem for inode with i_count 2
[ 4829.786704] free_cross_bitmap: releasing mem for inode with i_count 2
[ 4829.794702] free_cross_bitmap: releasing mem for inode with i_count 2
[ 4829.802710] free_cross_bitmap: releasing mem for inode with i_count 2
[ 4829.811028] free_cross_bitmap: releasing mem for inode with i_count 2
[ 4829.819005] free_cross_bitmap: releasing mem for inode with i_count 2
[ 4829.826996] free_cross_bitmap: releasing mem for inode with i_count 2
[ 4829.835177] free_cross_bitmap: releasing mem for inode with i_count 2
[ 4829.843210] free_cross_bitmap: releasing mem for inode with i_count 2
[ 4829.851430] free_cross_bitmap: releasing mem for inode with i_count 2
[ 4829.860097] free_cross_bitmap: releasing mem for inode with i_count 2
[ 4829.868134] free_cross_bitmap: releasing mem for inode with i_count 2
[ 4829.876192] free_cross_bitmap: releasing mem for inode with i_count 2
[ 4829.884185] free_cross_bitmap: releasing mem for inode with i_count 2
[ 4829.892208] free_cross_bitmap: releasing mem for inode with i_count 2
[ 4829.900236] free_cross_bitmap: releasing mem for inode with i_count 2
[ 4829.908691] free_cross_bitmap: releasing mem for inode with i_count 2
[ 4829.916697] free_cross_bitmap: releasing mem for inode with i_count 2
[ 4829.924943] free_cross_bitmap: releasing mem for inode with i_count 2
[ 4829.932938] free_cross_bitmap: releasing mem for inode with i_count 2
[ 4829.940994] free_cross_bitmap: releasing mem for inode with i_count 2
[ 4829.949020] free_cross_bitmap: releasing mem for inode with i_count 2
[ 4829.957490] free_cross_bitmap: releasing mem for inode with i_count 2
[ 4829.965519] free_cross_bitmap: releasing mem for inode with i_count 2
[ 4829.973580] free_cross_bitmap: releasing mem for inode with i_count 2
[ 4829.981656] free_cross_bitmap: releasing mem for inode with i_count 2
[ 4829.989744] free_cross_bitmap: releasing mem for inode with i_count 2
[ 4829.997767] free_cross_bitmap: releasing mem for inode with i_count 2
[ 4830.006280] free_cross_bitmap: releasing mem for inode with i_count 2
[ 4830.014319] free_cross_bitmap: releasing mem for inode with i_count 2
[ 4840.325241] alloc_cross_bitmap: preallocate 268435456 pg, nr_longs=4194304 in 4 millisec
[ 4840.335796] alloc_cross_bitmap: preallocate 268435456 pg, nr_longs=4194304 in 0 millisec
[ 4840.346239] alloc_cross_bitmap: preallocate 268435456 pg, nr_longs=4194304 in 4 millisec
[ 4840.356446] alloc_cross_bitmap: preallocate 268435456 pg, nr_longs=4194304 in 4 millisec
[ 4840.366582] alloc_cross_bitmap: preallocate 268435456 pg, nr_longs=4194304 in 4 millisec
[ 4840.376765] alloc_cross_bitmap: preallocate 268435456 pg, nr_longs=4194304 in 4 millisec
[ 4840.386842] alloc_cross_bitmap: preallocate 268435456 pg, nr_longs=4194304 in 4 millisec
[ 4840.397054] alloc_cross_bitmap: preallocate 268435456 pg, nr_longs=4194304 in 4 millisec
[ 4840.407192] alloc_cross_bitmap: preallocate 268435456 pg, nr_longs=4194304 in 4 millisec
[ 4840.417471] alloc_cross_bitmap: preallocate 268435456 pg, nr_longs=4194304 in 4 millisec
[ 4840.427624] alloc_cross_bitmap: preallocate 268435456 pg, nr_longs=4194304 in 0 millisec
[ 4840.437778] alloc_cross_bitmap: preallocate 268435456 pg, nr_longs=4194304 in 4 millisec
[ 4840.448275] alloc_cross_bitmap: preallocate 268435456 pg, nr_longs=4194304 in 0 millisec
[ 4840.458768] alloc_cross_bitmap: preallocate 268435456 pg, nr_longs=4194304 in 4 millisec
[ 4840.469142] alloc_cross_bitmap: preallocate 268435456 pg, nr_longs=4194304 in 4 millisec
[ 4840.479373] alloc_cross_bitmap: preallocate 268435456 pg, nr_longs=4194304 in 4 millisec
[ 4840.489712] alloc_cross_bitmap: preallocate 268435456 pg, nr_longs=4194304 in 4 millisec
[ 4840.499874] alloc_cross_bitmap: preallocate 268435456 pg, nr_longs=4194304 in 0 millisec
[ 4840.510090] alloc_cross_bitmap: preallocate 268435456 pg, nr_longs=4194304 in 4 millisec
[ 4840.520309] alloc_cross_bitmap: preallocate 268435456 pg, nr_longs=4194304 in 4 millisec
[ 4840.530422] alloc_cross_bitmap: preallocate 268435456 pg, nr_longs=4194304 in 4 millisec
[ 4840.540615] alloc_cross_bitmap: preallocate 268435456 pg, nr_longs=4194304 in 4 millisec
[ 4840.550818] alloc_cross_bitmap: preallocate 268435456 pg, nr_longs=4194304 in 4 millisec
[ 4840.561072] alloc_cross_bitmap: preallocate 268435456 pg, nr_longs=4194304 in 4 millisec
[ 4840.571693] alloc_cross_bitmap: preallocate 268435456 pg, nr_longs=4194304 in 0 millisec
[ 4840.582355] alloc_cross_bitmap: preallocate 268435456 pg, nr_longs=4194304 in 4 millisec
[ 4840.592910] alloc_cross_bitmap: preallocate 268435456 pg, nr_longs=4194304 in 4 millisec
[ 4840.603275] alloc_cross_bitmap: preallocate 268435456 pg, nr_longs=4194304 in 4 millisec
[ 4840.606196] free_cross_bitmap: releasing mem for inode with i_count 2
[ 4840.614078] free_cross_bitmap: releasing mem for inode with i_count 2
[ 4840.621979] free_cross_bitmap: releasing mem for inode with i_count 2
[ 4840.629824] free_cross_bitmap: releasing mem for inode with i_count 2
[ 4840.638062] free_cross_bitmap: releasing mem for inode with i_count 2
[ 4840.645897] free_cross_bitmap: releasing mem for inode with i_count 2
[ 4840.654363] free_cross_bitmap: releasing mem for inode with i_count 2
[ 4840.663330] free_cross_bitmap: releasing mem for inode with i_count 2
[ 4840.671727] free_cross_bitmap: releasing mem for inode with i_count 2
[ 4840.679846] free_cross_bitmap: releasing mem for inode with i_count 2
[ 4840.688707] free_cross_bitmap: releasing mem for inode with i_count 2
[ 4840.697072] free_cross_bitmap: releasing mem for inode with i_count 2
[ 4840.705275] free_cross_bitmap: releasing mem for inode with i_count 2
[ 4840.713355] free_cross_bitmap: releasing mem for inode with i_count 2
[ 4840.721337] free_cross_bitmap: releasing mem for inode with i_count 2
[ 4840.729418] free_cross_bitmap: releasing mem for inode with i_count 2
[ 4840.737768] free_cross_bitmap: releasing mem for inode with i_count 2
[ 4840.745927] free_cross_bitmap: releasing mem for inode with i_count 2
[ 4840.753915] free_cross_bitmap: releasing mem for inode with i_count 2
[ 4840.761900] free_cross_bitmap: releasing mem for inode with i_count 2
[ 4840.769890] free_cross_bitmap: releasing mem for inode with i_count 2
[ 4840.778039] free_cross_bitmap: releasing mem for inode with i_count 2
[ 4840.786422] free_cross_bitmap: releasing mem for inode with i_count 2
[ 4840.794620] free_cross_bitmap: releasing mem for inode with i_count 2
[ 4840.802658] free_cross_bitmap: releasing mem for inode with i_count 2
[ 4840.810732] free_cross_bitmap: releasing mem for inode with i_count 2
[ 4840.818718] free_cross_bitmap: releasing mem for inode with i_count 2
[ 4840.827266] free_cross_bitmap: releasing mem for inode with i_count 2
[ 4840.836711] free_cross_bitmap: releasing mem for inode with i_count 2
[ 4840.845117] free_cross_bitmap: releasing mem for inode with i_count 2
[ 4840.853246] free_cross_bitmap: releasing mem for inode with i_count 2
[ 4840.861487] free_cross_bitmap: releasing mem for inode with i_count 2
[ 4840.869533] free_cross_bitmap: releasing mem for inode with i_count 2
[ 4840.878036] free_cross_bitmap: releasing mem for inode with i_count 2
[ 4840.887271] free_cross_bitmap: releasing mem for inode with i_count 2
[ 4840.895974] free_cross_bitmap: releasing mem for inode with i_count 2
[ 4840.904711] free_cross_bitmap: releasing mem for inode with i_count 2
[ 4840.913366] free_cross_bitmap: releasing mem for inode with i_count 2
[ 4840.921428] free_cross_bitmap: releasing mem for inode with i_count 2
[ 4840.929516] free_cross_bitmap: releasing mem for inode with i_count 2
[ 4840.938368] free_cross_bitmap: releasing mem for inode with i_count 2
[ 4840.946493] free_cross_bitmap: releasing mem for inode with i_count 2
[ 4840.954613] free_cross_bitmap: releasing mem for inode with i_count 2
[ 4841.284928] alloc_cross_bitmap: preallocate 268435456 pg, nr_longs=4194304 in 4 millisec
[ 4841.287239] free_cross_bitmap: releasing mem for inode with i_count 2
[ 4841.364687] write_proc: Value of write = 0
[ 4841.364707] __do_sys_start_cross_trace: PRINT_GLOBAL_STATS 
[ 4841.364709] Final GlobalReport: nr_pages_read:5010488942, nr_pages_hit:4885745263, nr_do_read_fault:792436, nr_pages_miss:38761893
[ 4841.364762] FinalTaskReport: db_bench:28146 - ra_orig_nr_pages:0, ra_final_nr_pages:0
                                        async_pages:1084, final_async_pages:1939
                                        full_pfetches:0, less256_pfetches:0, partial_pfetches:0
                                        failed_pfetches:0, total_pfetches:0, os_pfetches:84
                                        nr_pages_read:1523, nr_pages_hit:784, nr_do_read_fault:166
[ 4841.367474] write_proc: Value of write = 0
[ 4841.367487] __do_sys_start_cross_trace: PRINT_GLOBAL_STATS 
[ 4841.367488] Final GlobalReport: nr_pages_read:5010488942, nr_pages_hit:4885745263, nr_do_read_fault:792440, nr_pages_miss:38761893
[ 4841.367531] FinalTaskReport: time:28137 - ra_orig_nr_pages:0, ra_final_nr_pages:0
                                        async_pages:0, final_async_pages:51
                                        full_pfetches:0, less256_pfetches:0, partial_pfetches:0
                                        failed_pfetches:0, total_pfetches:0, os_pfetches:3
                                        nr_pages_read:0, nr_pages_hit:0, nr_do_read_fault:18
