ENABLE_FILE_STATS in con
ENABLE_FILE_STATS in con
RocksDB:    version 6.20
Date:       Thu Aug 11 18:58:13 2022
CPU:        48 * AMD EPYC 7402P 24-Core Processor
CPUCache:   512 KB
Initializing RocksDB Options from the specified file
Initializing RocksDB Options from command-line flags
Keys:       1000 bytes each (+ 0 bytes user-defined timestamp)
Values:     4096 bytes each (2048 bytes after compression)
Entries:    2000000
Prefix:    0 bytes
Keys per prefix:    0
RawSize:    9719.8 MB (estimated)
FileSize:   5813.6 MB (estimated)
Write rate: 0 bytes/second
Read rate: 0 ops/second
Compression: Snappy
Compression sampling rate: 0
Memtablerep: skip_list
Perf Level: 1
------------------------------------------------
DB path: [/users/kannan11/ssd/sudarsun/prefetching/appbench/apps/rocksdb/DATA]
compact      : 284688942.000 micros/op 0 ops/sec;
DESTRUCTOR GETTING CALLED 
PRINT_GLOBAL_STATS in dest
	Command being timed: "./db_bench --db=/users/kannan11/ssd/sudarsun/prefetching/appbench/apps/rocksdb/DATA --value_size=4096 --wal_dir=/users/kannan11/ssd/sudarsun/prefetching/appbench/apps/rocksdb/DATA/WAL_LOG --sync=0 --key_size=1000 --write_buffer_size=67108864 --num=2000000 --benchmarks=compact --use_existing_db=1 --mmap_read=0 --threads=8"
	User time (seconds): 25.06
	System time (seconds): 11.93
	Percent of CPU this job got: 102%
	Elapsed (wall clock) time (h:mm:ss or m:ss): 0:36.01
	Average shared text size (kbytes): 0
	Average unshared data size (kbytes): 0
	Average stack size (kbytes): 0
	Average total size (kbytes): 0
	Maximum resident set size (kbytes): 5252676
	Average resident set size (kbytes): 0
	Major (requiring I/O) page faults: 76
	Minor (reclaiming a frame) page faults: 1745699
	Voluntary context switches: 105753
	Involuntary context switches: 82
	Swaps: 0
	File system inputs: 14548752
	File system outputs: 11508216
	Socket messages sent: 0
	Socket messages received: 0
	Signals delivered: 0
	Page size (bytes): 4096
	Exit status: 0
DESTRUCTOR GETTING CALLED 
PRINT_GLOBAL_STATS in dest
[ 5943.861794] free_cross_bitmap: releasing mem for inode with i_count 2
[ 5943.872630] free_cross_bitmap: releasing mem for inode with i_count 2
[ 5943.883330] free_cross_bitmap: releasing mem for inode with i_count 2
[ 5943.894056] free_cross_bitmap: releasing mem for inode with i_count 2
[ 5943.904836] free_cross_bitmap: releasing mem for inode with i_count 2
[ 5943.915749] free_cross_bitmap: releasing mem for inode with i_count 2
[ 5943.927396] free_cross_bitmap: releasing mem for inode with i_count 2
[ 5943.938119] free_cross_bitmap: releasing mem for inode with i_count 2
[ 5943.948929] free_cross_bitmap: releasing mem for inode with i_count 2
[ 5943.959970] free_cross_bitmap: releasing mem for inode with i_count 2
[ 5943.971314] free_cross_bitmap: releasing mem for inode with i_count 2
[ 5943.982311] free_cross_bitmap: releasing mem for inode with i_count 2
[ 5943.993582] free_cross_bitmap: releasing mem for inode with i_count 2
[ 5944.004396] free_cross_bitmap: releasing mem for inode with i_count 2
[ 5944.015134] free_cross_bitmap: releasing mem for inode with i_count 2
[ 5944.025992] free_cross_bitmap: releasing mem for inode with i_count 2
[ 5944.032960] free_cross_bitmap: releasing mem for inode with i_count 2
[ 5944.047561] free_cross_bitmap: releasing mem for inode with i_count 2
[ 5944.058602] free_cross_bitmap: releasing mem for inode with i_count 2
[ 5944.069636] free_cross_bitmap: releasing mem for inode with i_count 2
[ 5944.081048] free_cross_bitmap: releasing mem for inode with i_count 2
[ 5944.092097] free_cross_bitmap: releasing mem for inode with i_count 2
[ 5944.103095] free_cross_bitmap: releasing mem for inode with i_count 2
[ 5944.113941] free_cross_bitmap: releasing mem for inode with i_count 2
[ 5944.125281] free_cross_bitmap: releasing mem for inode with i_count 2
[ 5944.135967] free_cross_bitmap: releasing mem for inode with i_count 2
[ 5944.143936] free_cross_bitmap: releasing mem for inode with i_count 2
[ 5944.155247] free_cross_bitmap: releasing mem for inode with i_count 2
[ 5944.166325] free_cross_bitmap: releasing mem for inode with i_count 2
[ 5944.177522] free_cross_bitmap: releasing mem for inode with i_count 2
[ 5944.189310] free_cross_bitmap: releasing mem for inode with i_count 2
[ 5944.200454] free_cross_bitmap: releasing mem for inode with i_count 2
[ 5944.211305] free_cross_bitmap: releasing mem for inode with i_count 2
[ 5944.222774] free_cross_bitmap: releasing mem for inode with i_count 2
[ 5944.233864] free_cross_bitmap: releasing mem for inode with i_count 2
[ 5944.244737] free_cross_bitmap: releasing mem for inode with i_count 2
[ 5944.255968] free_cross_bitmap: releasing mem for inode with i_count 2
[ 5944.266967] free_cross_bitmap: releasing mem for inode with i_count 2
[ 5944.278049] free_cross_bitmap: releasing mem for inode with i_count 2
[ 5944.288759] free_cross_bitmap: releasing mem for inode with i_count 2
[ 5944.299573] free_cross_bitmap: releasing mem for inode with i_count 2
[ 5944.310347] free_cross_bitmap: releasing mem for inode with i_count 2
[ 5944.321946] free_cross_bitmap: releasing mem for inode with i_count 2
[ 5944.332882] free_cross_bitmap: releasing mem for inode with i_count 2
[ 5944.343732] free_cross_bitmap: releasing mem for inode with i_count 2
[ 5944.354817] free_cross_bitmap: releasing mem for inode with i_count 2
[ 5944.361852] free_cross_bitmap: releasing mem for inode with i_count 2
[ 5944.377392] free_cross_bitmap: releasing mem for inode with i_count 2
[ 5944.388544] free_cross_bitmap: releasing mem for inode with i_count 2
[ 5944.395499] free_cross_bitmap: releasing mem for inode with i_count 2
[ 5944.410776] free_cross_bitmap: releasing mem for inode with i_count 2
[ 5944.419779] free_cross_bitmap: releasing mem for inode with i_count 2
[ 5944.426811] free_cross_bitmap: releasing mem for inode with i_count 2
[ 5944.438848] free_cross_bitmap: releasing mem for inode with i_count 2
[ 5944.450385] free_cross_bitmap: releasing mem for inode with i_count 2
[ 5944.461492] free_cross_bitmap: releasing mem for inode with i_count 2
[ 5944.472611] free_cross_bitmap: releasing mem for inode with i_count 2
[ 5944.479554] free_cross_bitmap: releasing mem for inode with i_count 2
[ 5944.496090] free_cross_bitmap: releasing mem for inode with i_count 2
[ 5944.507721] free_cross_bitmap: releasing mem for inode with i_count 2
[ 5944.519186] free_cross_bitmap: releasing mem for inode with i_count 2
[ 5944.530726] free_cross_bitmap: releasing mem for inode with i_count 2
[ 5944.541982] free_cross_bitmap: releasing mem for inode with i_count 2
[ 5944.553267] free_cross_bitmap: releasing mem for inode with i_count 2
[ 5944.564578] free_cross_bitmap: releasing mem for inode with i_count 2
[ 5944.575629] free_cross_bitmap: releasing mem for inode with i_count 2
[ 5944.587295] free_cross_bitmap: releasing mem for inode with i_count 2
[ 5944.594520] free_cross_bitmap: releasing mem for inode with i_count 2
[ 5944.610107] free_cross_bitmap: releasing mem for inode with i_count 2
[ 5944.621378] free_cross_bitmap: releasing mem for inode with i_count 2
[ 5944.632414] free_cross_bitmap: releasing mem for inode with i_count 2
[ 5944.643834] free_cross_bitmap: releasing mem for inode with i_count 2
[ 5944.654379] free_cross_bitmap: releasing mem for inode with i_count 2
[ 5944.665787] free_cross_bitmap: releasing mem for inode with i_count 2
[ 5944.676898] free_cross_bitmap: releasing mem for inode with i_count 2
[ 5944.688138] free_cross_bitmap: releasing mem for inode with i_count 2
[ 5944.699230] free_cross_bitmap: releasing mem for inode with i_count 2
[ 5944.710288] free_cross_bitmap: releasing mem for inode with i_count 2
[ 5944.722966] free_cross_bitmap: releasing mem for inode with i_count 2
[ 5944.732730] free_cross_bitmap: releasing mem for inode with i_count 2
[ 5944.745655] free_cross_bitmap: releasing mem for inode with i_count 2
[ 5944.757611] free_cross_bitmap: releasing mem for inode with i_count 2
[ 5944.769265] free_cross_bitmap: releasing mem for inode with i_count 2
[ 5944.780775] free_cross_bitmap: releasing mem for inode with i_count 2
[ 5944.788100] free_cross_bitmap: releasing mem for inode with i_count 2
[ 5944.803366] free_cross_bitmap: releasing mem for inode with i_count 2
[ 5944.810527] free_cross_bitmap: releasing mem for inode with i_count 2
[ 5944.821911] free_cross_bitmap: releasing mem for inode with i_count 2
[ 5944.837376] free_cross_bitmap: releasing mem for inode with i_count 2
[ 5944.848666] free_cross_bitmap: releasing mem for inode with i_count 2
[ 5944.860310] free_cross_bitmap: releasing mem for inode with i_count 2
[ 5944.871538] free_cross_bitmap: releasing mem for inode with i_count 2
[ 5944.879174] free_cross_bitmap: releasing mem for inode with i_count 2
[ 5944.894643] free_cross_bitmap: releasing mem for inode with i_count 2
[ 5944.905877] free_cross_bitmap: releasing mem for inode with i_count 2
[ 5944.917101] free_cross_bitmap: releasing mem for inode with i_count 2
[ 5944.928651] free_cross_bitmap: releasing mem for inode with i_count 2
[ 5944.935576] free_cross_bitmap: releasing mem for inode with i_count 2
[ 5944.946888] free_cross_bitmap: releasing mem for inode with i_count 2
[ 5944.962545] free_cross_bitmap: releasing mem for inode with i_count 2
[ 5944.969498] free_cross_bitmap: releasing mem for inode with i_count 2
[ 5944.984890] free_cross_bitmap: releasing mem for inode with i_count 2
[ 5944.996521] free_cross_bitmap: releasing mem for inode with i_count 2
[ 5945.007694] free_cross_bitmap: releasing mem for inode with i_count 2
[ 5945.018851] free_cross_bitmap: releasing mem for inode with i_count 2
[ 5945.030123] free_cross_bitmap: releasing mem for inode with i_count 2
[ 5945.042096] free_cross_bitmap: releasing mem for inode with i_count 2
[ 5945.053260] free_cross_bitmap: releasing mem for inode with i_count 2
[ 5945.064815] free_cross_bitmap: releasing mem for inode with i_count 2
[ 5945.076025] free_cross_bitmap: releasing mem for inode with i_count 2
[ 5945.087295] free_cross_bitmap: releasing mem for inode with i_count 2
[ 5945.098517] free_cross_bitmap: releasing mem for inode with i_count 2
[ 5945.105485] free_cross_bitmap: releasing mem for inode with i_count 2
[ 5945.118430] free_cross_bitmap: releasing mem for inode with i_count 2
[ 5945.126171] sh (33194): drop_caches: 3
[ 5945.156825] sh (33314): drop_caches: 3
[ 5950.182106] Enabled file stats for time:33321
[ 5950.182307] write_proc: Value of write = 0
[ 5950.187834] Enabled file stats for db_bench:33330
[ 5950.188034] write_proc: Value of write = 0
[ 5950.241678] alloc_cross_bitmap: preallocate 268435456 pg, nr_longs=4194304 in 12 millisec
[ 5950.242089] alloc_cross_bitmap: preallocate 268435456 pg, nr_longs=4194304 in 12 millisec
[ 5950.242716] alloc_cross_bitmap: preallocate 268435456 pg, nr_longs=4194304 in 12 millisec
[ 5950.243292] alloc_cross_bitmap: preallocate 268435456 pg, nr_longs=4194304 in 12 millisec
[ 5950.243367] alloc_cross_bitmap: preallocate 268435456 pg, nr_longs=4194304 in 12 millisec
[ 5950.243471] alloc_cross_bitmap: preallocate 268435456 pg, nr_longs=4194304 in 12 millisec
[ 5950.244285] alloc_cross_bitmap: preallocate 268435456 pg, nr_longs=4194304 in 12 millisec
[ 5950.244587] alloc_cross_bitmap: preallocate 268435456 pg, nr_longs=4194304 in 16 millisec
[ 5950.245371] alloc_cross_bitmap: preallocate 268435456 pg, nr_longs=4194304 in 16 millisec
[ 5950.245412] alloc_cross_bitmap: preallocate 268435456 pg, nr_longs=4194304 in 16 millisec
[ 5950.245471] alloc_cross_bitmap: preallocate 268435456 pg, nr_longs=4194304 in 16 millisec
[ 5950.245602] alloc_cross_bitmap: preallocate 268435456 pg, nr_longs=4194304 in 16 millisec
[ 5950.245626] alloc_cross_bitmap: preallocate 268435456 pg, nr_longs=4194304 in 16 millisec
[ 5950.245636] alloc_cross_bitmap: preallocate 268435456 pg, nr_longs=4194304 in 16 millisec
[ 5950.245747] alloc_cross_bitmap: preallocate 268435456 pg, nr_longs=4194304 in 16 millisec
[ 5950.269746] alloc_cross_bitmap: preallocate 268435456 pg, nr_longs=4194304 in 4 millisec
[ 5950.271336] alloc_cross_bitmap: preallocate 268435456 pg, nr_longs=4194304 in 4 millisec
[ 5950.272132] alloc_cross_bitmap: preallocate 268435456 pg, nr_longs=4194304 in 0 millisec
[ 5950.275751] alloc_cross_bitmap: preallocate 268435456 pg, nr_longs=4194304 in 4 millisec
[ 5950.275874] alloc_cross_bitmap: preallocate 268435456 pg, nr_longs=4194304 in 4 millisec
[ 5950.276738] alloc_cross_bitmap: preallocate 268435456 pg, nr_longs=4194304 in 8 millisec
[ 5950.279115] alloc_cross_bitmap: preallocate 268435456 pg, nr_longs=4194304 in 8 millisec
[ 5950.280612] alloc_cross_bitmap: preallocate 268435456 pg, nr_longs=4194304 in 12 millisec
[ 5950.280789] alloc_cross_bitmap: preallocate 268435456 pg, nr_longs=4194304 in 12 millisec
[ 5950.281529] alloc_cross_bitmap: preallocate 268435456 pg, nr_longs=4194304 in 12 millisec
[ 5950.283384] alloc_cross_bitmap: preallocate 268435456 pg, nr_longs=4194304 in 8 millisec
[ 5950.283383] alloc_cross_bitmap: preallocate 268435456 pg, nr_longs=4194304 in 8 millisec
[ 5950.283775] alloc_cross_bitmap: preallocate 268435456 pg, nr_longs=4194304 in 12 millisec
[ 5950.284602] alloc_cross_bitmap: preallocate 268435456 pg, nr_longs=4194304 in 16 millisec
[ 5950.284797] alloc_cross_bitmap: preallocate 268435456 pg, nr_longs=4194304 in 12 millisec
[ 5950.293204] alloc_cross_bitmap: preallocate 268435456 pg, nr_longs=4194304 in 4 millisec
[ 5950.293766] alloc_cross_bitmap: preallocate 268435456 pg, nr_longs=4194304 in 4 millisec
[ 5950.295356] alloc_cross_bitmap: preallocate 268435456 pg, nr_longs=4194304 in 4 millisec
[ 5950.297007] alloc_cross_bitmap: preallocate 268435456 pg, nr_longs=4194304 in 4 millisec
[ 5950.302571] alloc_cross_bitmap: preallocate 268435456 pg, nr_longs=4194304 in 4 millisec
[ 5950.304212] alloc_cross_bitmap: preallocate 268435456 pg, nr_longs=4194304 in 0 millisec
[ 5950.308261] alloc_cross_bitmap: preallocate 268435456 pg, nr_longs=4194304 in 4 millisec
[ 5950.309568] alloc_cross_bitmap: preallocate 268435456 pg, nr_longs=4194304 in 4 millisec
[ 5950.309952] alloc_cross_bitmap: preallocate 268435456 pg, nr_longs=4194304 in 4 millisec
[ 5950.310394] alloc_cross_bitmap: preallocate 268435456 pg, nr_longs=4194304 in 4 millisec
[ 5950.315977] alloc_cross_bitmap: preallocate 268435456 pg, nr_longs=4194304 in 8 millisec
[ 5950.316239] alloc_cross_bitmap: preallocate 268435456 pg, nr_longs=4194304 in 4 millisec
[ 5950.317832] alloc_cross_bitmap: preallocate 268435456 pg, nr_longs=4194304 in 8 millisec
[ 5950.317893] alloc_cross_bitmap: preallocate 268435456 pg, nr_longs=4194304 in 12 millisec
[ 5950.318105] alloc_cross_bitmap: preallocate 268435456 pg, nr_longs=4194304 in 8 millisec
[ 5950.318645] alloc_cross_bitmap: preallocate 268435456 pg, nr_longs=4194304 in 4 millisec
[ 5950.319959] alloc_cross_bitmap: preallocate 268435456 pg, nr_longs=4194304 in 4 millisec
[ 5950.321062] alloc_cross_bitmap: preallocate 268435456 pg, nr_longs=4194304 in 4 millisec
[ 5950.323989] alloc_cross_bitmap: preallocate 268435456 pg, nr_longs=4194304 in 0 millisec
[ 5950.324845] alloc_cross_bitmap: preallocate 268435456 pg, nr_longs=4194304 in 4 millisec
[ 5950.327564] alloc_cross_bitmap: preallocate 268435456 pg, nr_longs=4194304 in 4 millisec
[ 5950.328147] alloc_cross_bitmap: preallocate 268435456 pg, nr_longs=4194304 in 0 millisec
[ 5950.328286] alloc_cross_bitmap: preallocate 268435456 pg, nr_longs=4194304 in 4 millisec
[ 5950.383295] alloc_cross_bitmap: preallocate 268435456 pg, nr_longs=4194304 in 8 millisec
[ 5950.383381] alloc_cross_bitmap: preallocate 268435456 pg, nr_longs=4194304 in 8 millisec
[ 5950.384858] alloc_cross_bitmap: preallocate 268435456 pg, nr_longs=4194304 in 12 millisec
[ 5950.385133] alloc_cross_bitmap: preallocate 268435456 pg, nr_longs=4194304 in 12 millisec
[ 5950.385837] alloc_cross_bitmap: preallocate 268435456 pg, nr_longs=4194304 in 12 millisec
[ 5950.386463] alloc_cross_bitmap: preallocate 268435456 pg, nr_longs=4194304 in 12 millisec
[ 5950.386504] alloc_cross_bitmap: preallocate 268435456 pg, nr_longs=4194304 in 12 millisec
[ 5950.387223] alloc_cross_bitmap: preallocate 268435456 pg, nr_longs=4194304 in 12 millisec
[ 5950.387258] alloc_cross_bitmap: preallocate 268435456 pg, nr_longs=4194304 in 12 millisec
[ 5950.387342] alloc_cross_bitmap: preallocate 268435456 pg, nr_longs=4194304 in 12 millisec
[ 5950.387340] alloc_cross_bitmap: preallocate 268435456 pg, nr_longs=4194304 in 12 millisec
[ 5950.387489] alloc_cross_bitmap: preallocate 268435456 pg, nr_longs=4194304 in 12 millisec
[ 5950.387491] alloc_cross_bitmap: preallocate 268435456 pg, nr_longs=4194304 in 12 millisec
[ 5950.388949] alloc_cross_bitmap: preallocate 268435456 pg, nr_longs=4194304 in 16 millisec
[ 5950.389110] alloc_cross_bitmap: preallocate 268435456 pg, nr_longs=4194304 in 16 millisec
[ 5950.389169] alloc_cross_bitmap: preallocate 268435456 pg, nr_longs=4194304 in 16 millisec
[ 5950.410974] alloc_cross_bitmap: preallocate 268435456 pg, nr_longs=4194304 in 4 millisec
[ 5950.412457] alloc_cross_bitmap: preallocate 268435456 pg, nr_longs=4194304 in 0 millisec
[ 5950.414759] alloc_cross_bitmap: preallocate 268435456 pg, nr_longs=4194304 in 4 millisec
[ 5950.417033] alloc_cross_bitmap: preallocate 268435456 pg, nr_longs=4194304 in 4 millisec
[ 5950.417648] alloc_cross_bitmap: preallocate 268435456 pg, nr_longs=4194304 in 4 millisec
[ 5950.418642] alloc_cross_bitmap: preallocate 268435456 pg, nr_longs=4194304 in 4 millisec
[ 5950.421539] alloc_cross_bitmap: preallocate 268435456 pg, nr_longs=4194304 in 8 millisec
[ 5950.421871] alloc_cross_bitmap: preallocate 268435456 pg, nr_longs=4194304 in 8 millisec
[ 5950.423097] alloc_cross_bitmap: preallocate 268435456 pg, nr_longs=4194304 in 8 millisec
[ 5950.423679] alloc_cross_bitmap: preallocate 268435456 pg, nr_longs=4194304 in 8 millisec
[ 5950.423945] alloc_cross_bitmap: preallocate 268435456 pg, nr_longs=4194304 in 8 millisec
[ 5950.425496] alloc_cross_bitmap: preallocate 268435456 pg, nr_longs=4194304 in 12 millisec
[ 5950.425620] alloc_cross_bitmap: preallocate 268435456 pg, nr_longs=4194304 in 12 millisec
[ 5950.427307] alloc_cross_bitmap: preallocate 268435456 pg, nr_longs=4194304 in 12 millisec
[ 5950.427427] alloc_cross_bitmap: preallocate 268435456 pg, nr_longs=4194304 in 12 millisec
[ 5950.427448] alloc_cross_bitmap: preallocate 268435456 pg, nr_longs=4194304 in 12 millisec
[ 5950.433030] alloc_cross_bitmap: preallocate 268435456 pg, nr_longs=4194304 in 4 millisec
[ 5950.436220] alloc_cross_bitmap: preallocate 268435456 pg, nr_longs=4194304 in 0 millisec
[ 5950.438790] alloc_cross_bitmap: preallocate 268435456 pg, nr_longs=4194304 in 4 millisec
[ 5950.443267] alloc_cross_bitmap: preallocate 268435456 pg, nr_longs=4194304 in 4 millisec
[ 5950.443362] alloc_cross_bitmap: preallocate 268435456 pg, nr_longs=4194304 in 4 millisec
[ 5950.445555] alloc_cross_bitmap: preallocate 268435456 pg, nr_longs=4194304 in 4 millisec
[ 5950.452030] alloc_cross_bitmap: preallocate 268435456 pg, nr_longs=4194304 in 4 millisec
[ 5950.452392] alloc_cross_bitmap: preallocate 268435456 pg, nr_longs=4194304 in 4 millisec
[ 5950.454274] alloc_cross_bitmap: preallocate 268435456 pg, nr_longs=4194304 in 4 millisec
[ 5950.454789] alloc_cross_bitmap: preallocate 268435456 pg, nr_longs=4194304 in 4 millisec
[ 5950.456162] alloc_cross_bitmap: preallocate 268435456 pg, nr_longs=4194304 in 4 millisec
[ 5950.459673] alloc_cross_bitmap: preallocate 268435456 pg, nr_longs=4194304 in 4 millisec
[ 5950.460938] alloc_cross_bitmap: preallocate 268435456 pg, nr_longs=4194304 in 8 millisec
[ 5950.460964] alloc_cross_bitmap: preallocate 268435456 pg, nr_longs=4194304 in 8 millisec
[ 5950.461981] alloc_cross_bitmap: preallocate 268435456 pg, nr_longs=4194304 in 4 millisec
[ 5950.466687] alloc_cross_bitmap: preallocate 268435456 pg, nr_longs=4194304 in 4 millisec
[ 5950.469394] alloc_cross_bitmap: preallocate 268435456 pg, nr_longs=4194304 in 4 millisec
[ 5950.470805] alloc_cross_bitmap: preallocate 268435456 pg, nr_longs=4194304 in 4 millisec
[ 5950.473034] alloc_cross_bitmap: preallocate 268435456 pg, nr_longs=4194304 in 4 millisec
[ 5950.473891] alloc_cross_bitmap: preallocate 268435456 pg, nr_longs=4194304 in 4 millisec
[ 5950.474175] alloc_cross_bitmap: preallocate 268435456 pg, nr_longs=4194304 in 4 millisec
[ 5950.474729] alloc_cross_bitmap: preallocate 268435456 pg, nr_longs=4194304 in 4 millisec
[ 5950.478247] alloc_cross_bitmap: preallocate 268435456 pg, nr_longs=4194304 in 4 millisec
[ 5950.478538] alloc_cross_bitmap: preallocate 268435456 pg, nr_longs=4194304 in 4 millisec
[ 5950.479781] alloc_cross_bitmap: preallocate 268435456 pg, nr_longs=4194304 in 4 millisec
[ 5950.480053] alloc_cross_bitmap: preallocate 268435456 pg, nr_longs=4194304 in 4 millisec
[ 5950.480309] alloc_cross_bitmap: preallocate 268435456 pg, nr_longs=4194304 in 0 millisec
[ 5950.481514] alloc_cross_bitmap: preallocate 268435456 pg, nr_longs=4194304 in 4 millisec
[ 5950.510721] alloc_cross_bitmap: preallocate 268435456 pg, nr_longs=4194304 in 4 millisec
[ 5956.891404] alloc_cross_bitmap: preallocate 268435456 pg, nr_longs=4194304 in 4 millisec
[ 5956.902055] alloc_cross_bitmap: preallocate 268435456 pg, nr_longs=4194304 in 4 millisec
[ 5956.912593] alloc_cross_bitmap: preallocate 268435456 pg, nr_longs=4194304 in 4 millisec
[ 5956.923138] alloc_cross_bitmap: preallocate 268435456 pg, nr_longs=4194304 in 4 millisec
[ 5956.933529] alloc_cross_bitmap: preallocate 268435456 pg, nr_longs=4194304 in 4 millisec
[ 5956.943865] alloc_cross_bitmap: preallocate 268435456 pg, nr_longs=4194304 in 0 millisec
[ 5956.954022] alloc_cross_bitmap: preallocate 268435456 pg, nr_longs=4194304 in 4 millisec
[ 5956.964365] alloc_cross_bitmap: preallocate 268435456 pg, nr_longs=4194304 in 0 millisec
[ 5956.974639] alloc_cross_bitmap: preallocate 268435456 pg, nr_longs=4194304 in 4 millisec
[ 5956.984957] alloc_cross_bitmap: preallocate 268435456 pg, nr_longs=4194304 in 4 millisec
[ 5956.995322] alloc_cross_bitmap: preallocate 268435456 pg, nr_longs=4194304 in 4 millisec
[ 5957.005620] alloc_cross_bitmap: preallocate 268435456 pg, nr_longs=4194304 in 4 millisec
[ 5957.016084] alloc_cross_bitmap: preallocate 268435456 pg, nr_longs=4194304 in 0 millisec
[ 5957.026673] alloc_cross_bitmap: preallocate 268435456 pg, nr_longs=4194304 in 4 millisec
[ 5957.037296] alloc_cross_bitmap: preallocate 268435456 pg, nr_longs=4194304 in 4 millisec
[ 5957.047702] alloc_cross_bitmap: preallocate 268435456 pg, nr_longs=4194304 in 0 millisec
[ 5957.058126] alloc_cross_bitmap: preallocate 268435456 pg, nr_longs=4194304 in 4 millisec
[ 5957.068531] alloc_cross_bitmap: preallocate 268435456 pg, nr_longs=4194304 in 4 millisec
[ 5957.078922] alloc_cross_bitmap: preallocate 268435456 pg, nr_longs=4194304 in 4 millisec
[ 5957.081806] free_cross_bitmap: releasing mem for inode with i_count 2
[ 5957.090228] free_cross_bitmap: releasing mem for inode with i_count 2
[ 5957.098339] free_cross_bitmap: releasing mem for inode with i_count 2
[ 5957.106369] free_cross_bitmap: releasing mem for inode with i_count 2
[ 5957.114446] free_cross_bitmap: releasing mem for inode with i_count 2
[ 5957.122733] free_cross_bitmap: releasing mem for inode with i_count 2
[ 5957.132075] free_cross_bitmap: releasing mem for inode with i_count 2
[ 5957.140281] free_cross_bitmap: releasing mem for inode with i_count 2
[ 5957.148295] free_cross_bitmap: releasing mem for inode with i_count 2
[ 5957.156314] free_cross_bitmap: releasing mem for inode with i_count 2
[ 5957.164318] free_cross_bitmap: releasing mem for inode with i_count 2
[ 5957.172351] free_cross_bitmap: releasing mem for inode with i_count 2
[ 5957.180785] free_cross_bitmap: releasing mem for inode with i_count 2
[ 5957.189473] free_cross_bitmap: releasing mem for inode with i_count 2
[ 5957.197825] free_cross_bitmap: releasing mem for inode with i_count 2
[ 5957.206348] free_cross_bitmap: releasing mem for inode with i_count 2
[ 5957.214774] free_cross_bitmap: releasing mem for inode with i_count 2
[ 5957.223219] free_cross_bitmap: releasing mem for inode with i_count 2
[ 5957.231887] free_cross_bitmap: releasing mem for inode with i_count 2
[ 5957.240186] free_cross_bitmap: releasing mem for inode with i_count 2
[ 5957.248564] free_cross_bitmap: releasing mem for inode with i_count 2
[ 5957.256793] free_cross_bitmap: releasing mem for inode with i_count 2
[ 5975.141384] alloc_cross_bitmap: preallocate 268435456 pg, nr_longs=4194304 in 4 millisec
[ 5975.152055] alloc_cross_bitmap: preallocate 268435456 pg, nr_longs=4194304 in 0 millisec
[ 5975.162622] alloc_cross_bitmap: preallocate 268435456 pg, nr_longs=4194304 in 4 millisec
[ 5975.172937] alloc_cross_bitmap: preallocate 268435456 pg, nr_longs=4194304 in 4 millisec
[ 5975.183281] alloc_cross_bitmap: preallocate 268435456 pg, nr_longs=4194304 in 4 millisec
[ 5975.193521] alloc_cross_bitmap: preallocate 268435456 pg, nr_longs=4194304 in 4 millisec
[ 5975.203829] alloc_cross_bitmap: preallocate 268435456 pg, nr_longs=4194304 in 0 millisec
[ 5975.214150] alloc_cross_bitmap: preallocate 268435456 pg, nr_longs=4194304 in 4 millisec
[ 5975.224397] alloc_cross_bitmap: preallocate 268435456 pg, nr_longs=4194304 in 0 millisec
[ 5975.234729] alloc_cross_bitmap: preallocate 268435456 pg, nr_longs=4194304 in 4 millisec
[ 5975.244966] alloc_cross_bitmap: preallocate 268435456 pg, nr_longs=4194304 in 4 millisec
[ 5975.255233] alloc_cross_bitmap: preallocate 268435456 pg, nr_longs=4194304 in 4 millisec
[ 5975.265729] alloc_cross_bitmap: preallocate 268435456 pg, nr_longs=4194304 in 4 millisec
[ 5975.276193] alloc_cross_bitmap: preallocate 268435456 pg, nr_longs=4194304 in 0 millisec
[ 5975.286509] alloc_cross_bitmap: preallocate 268435456 pg, nr_longs=4194304 in 4 millisec
[ 5975.296803] alloc_cross_bitmap: preallocate 268435456 pg, nr_longs=4194304 in 4 millisec
[ 5975.307057] alloc_cross_bitmap: preallocate 268435456 pg, nr_longs=4194304 in 4 millisec
[ 5975.317279] alloc_cross_bitmap: preallocate 268435456 pg, nr_longs=4194304 in 4 millisec
[ 5975.327535] alloc_cross_bitmap: preallocate 268435456 pg, nr_longs=4194304 in 0 millisec
[ 5975.337836] alloc_cross_bitmap: preallocate 268435456 pg, nr_longs=4194304 in 4 millisec
[ 5975.347906] alloc_cross_bitmap: preallocate 268435456 pg, nr_longs=4194304 in 0 millisec
[ 5975.358260] alloc_cross_bitmap: preallocate 268435456 pg, nr_longs=4194304 in 4 millisec
[ 5975.368601] alloc_cross_bitmap: preallocate 268435456 pg, nr_longs=4194304 in 4 millisec
[ 5975.379057] alloc_cross_bitmap: preallocate 268435456 pg, nr_longs=4194304 in 4 millisec
[ 5975.389440] alloc_cross_bitmap: preallocate 268435456 pg, nr_longs=4194304 in 4 millisec
[ 5975.399676] alloc_cross_bitmap: preallocate 268435456 pg, nr_longs=4194304 in 0 millisec
[ 5975.409951] alloc_cross_bitmap: preallocate 268435456 pg, nr_longs=4194304 in 4 millisec
[ 5975.420232] alloc_cross_bitmap: preallocate 268435456 pg, nr_longs=4194304 in 0 millisec
[ 5975.430590] alloc_cross_bitmap: preallocate 268435456 pg, nr_longs=4194304 in 4 millisec
[ 5975.440857] alloc_cross_bitmap: preallocate 268435456 pg, nr_longs=4194304 in 4 millisec
[ 5975.450914] alloc_cross_bitmap: preallocate 268435456 pg, nr_longs=4194304 in 4 millisec
[ 5975.461239] alloc_cross_bitmap: preallocate 268435456 pg, nr_longs=4194304 in 4 millisec
[ 5975.471605] alloc_cross_bitmap: preallocate 268435456 pg, nr_longs=4194304 in 4 millisec
[ 5975.481858] alloc_cross_bitmap: preallocate 268435456 pg, nr_longs=4194304 in 4 millisec
[ 5975.492407] alloc_cross_bitmap: preallocate 268435456 pg, nr_longs=4194304 in 0 millisec
[ 5975.502885] alloc_cross_bitmap: preallocate 268435456 pg, nr_longs=4194304 in 4 millisec
[ 5975.513357] alloc_cross_bitmap: preallocate 268435456 pg, nr_longs=4194304 in 4 millisec
[ 5975.523646] alloc_cross_bitmap: preallocate 268435456 pg, nr_longs=4194304 in 0 millisec
[ 5975.533960] alloc_cross_bitmap: preallocate 268435456 pg, nr_longs=4194304 in 4 millisec
[ 5975.544216] alloc_cross_bitmap: preallocate 268435456 pg, nr_longs=4194304 in 0 millisec
[ 5975.554589] alloc_cross_bitmap: preallocate 268435456 pg, nr_longs=4194304 in 4 millisec
[ 5975.564863] alloc_cross_bitmap: preallocate 268435456 pg, nr_longs=4194304 in 4 millisec
[ 5975.575254] alloc_cross_bitmap: preallocate 268435456 pg, nr_longs=4194304 in 4 millisec
[ 5975.585438] alloc_cross_bitmap: preallocate 268435456 pg, nr_longs=4194304 in 4 millisec
[ 5975.595662] alloc_cross_bitmap: preallocate 268435456 pg, nr_longs=4194304 in 0 millisec
[ 5975.606059] alloc_cross_bitmap: preallocate 268435456 pg, nr_longs=4194304 in 4 millisec
[ 5975.608811] free_cross_bitmap: releasing mem for inode with i_count 2
[ 5975.616715] free_cross_bitmap: releasing mem for inode with i_count 2
[ 5975.624997] free_cross_bitmap: releasing mem for inode with i_count 2
[ 5975.632849] free_cross_bitmap: releasing mem for inode with i_count 2
[ 5975.640689] free_cross_bitmap: releasing mem for inode with i_count 2
[ 5975.648527] free_cross_bitmap: releasing mem for inode with i_count 2
[ 5975.656383] free_cross_bitmap: releasing mem for inode with i_count 2
[ 5975.664216] free_cross_bitmap: releasing mem for inode with i_count 2
[ 5975.672431] free_cross_bitmap: releasing mem for inode with i_count 2
[ 5975.680280] free_cross_bitmap: releasing mem for inode with i_count 2
[ 5975.688130] free_cross_bitmap: releasing mem for inode with i_count 2
[ 5975.696016] free_cross_bitmap: releasing mem for inode with i_count 2
[ 5975.703909] free_cross_bitmap: releasing mem for inode with i_count 2
[ 5975.711831] free_cross_bitmap: releasing mem for inode with i_count 2
[ 5975.720251] free_cross_bitmap: releasing mem for inode with i_count 2
[ 5975.728095] free_cross_bitmap: releasing mem for inode with i_count 2
[ 5975.735968] free_cross_bitmap: releasing mem for inode with i_count 2
[ 5975.743885] free_cross_bitmap: releasing mem for inode with i_count 2
[ 5975.751847] free_cross_bitmap: releasing mem for inode with i_count 2
[ 5975.759910] free_cross_bitmap: releasing mem for inode with i_count 2
[ 5975.768436] free_cross_bitmap: releasing mem for inode with i_count 2
[ 5975.776420] free_cross_bitmap: releasing mem for inode with i_count 2
[ 5975.784401] free_cross_bitmap: releasing mem for inode with i_count 2
[ 5975.792376] free_cross_bitmap: releasing mem for inode with i_count 2
[ 5975.800377] free_cross_bitmap: releasing mem for inode with i_count 2
[ 5975.808347] free_cross_bitmap: releasing mem for inode with i_count 2
[ 5975.816708] free_cross_bitmap: releasing mem for inode with i_count 2
[ 5975.824649] free_cross_bitmap: releasing mem for inode with i_count 2
[ 5975.832602] free_cross_bitmap: releasing mem for inode with i_count 2
[ 5975.840794] free_cross_bitmap: releasing mem for inode with i_count 2
[ 5975.848738] free_cross_bitmap: releasing mem for inode with i_count 2
[ 5975.856709] free_cross_bitmap: releasing mem for inode with i_count 2
[ 5975.865099] free_cross_bitmap: releasing mem for inode with i_count 2
[ 5975.873125] free_cross_bitmap: releasing mem for inode with i_count 2
[ 5975.881125] free_cross_bitmap: releasing mem for inode with i_count 2
[ 5975.889081] free_cross_bitmap: releasing mem for inode with i_count 2
[ 5975.897113] free_cross_bitmap: releasing mem for inode with i_count 2
[ 5975.905092] free_cross_bitmap: releasing mem for inode with i_count 2
[ 5975.913742] free_cross_bitmap: releasing mem for inode with i_count 2
[ 5975.921741] free_cross_bitmap: releasing mem for inode with i_count 2
[ 5975.929684] free_cross_bitmap: releasing mem for inode with i_count 2
[ 5975.937671] free_cross_bitmap: releasing mem for inode with i_count 2
[ 5975.945608] free_cross_bitmap: releasing mem for inode with i_count 2
[ 5975.953695] free_cross_bitmap: releasing mem for inode with i_count 2
[ 5975.962078] free_cross_bitmap: releasing mem for inode with i_count 2
[ 5975.970089] free_cross_bitmap: releasing mem for inode with i_count 2
[ 5975.978133] free_cross_bitmap: releasing mem for inode with i_count 2
[ 5975.986149] free_cross_bitmap: releasing mem for inode with i_count 2
[ 5975.994295] free_cross_bitmap: releasing mem for inode with i_count 2
[ 5976.002769] free_cross_bitmap: releasing mem for inode with i_count 2
[ 5976.011484] free_cross_bitmap: releasing mem for inode with i_count 2
[ 5976.019578] free_cross_bitmap: releasing mem for inode with i_count 2
[ 5976.027714] free_cross_bitmap: releasing mem for inode with i_count 2
[ 5976.035795] free_cross_bitmap: releasing mem for inode with i_count 2
[ 5976.043766] free_cross_bitmap: releasing mem for inode with i_count 2
[ 5976.051770] free_cross_bitmap: releasing mem for inode with i_count 2
[ 5976.060178] free_cross_bitmap: releasing mem for inode with i_count 2
[ 5976.068222] free_cross_bitmap: releasing mem for inode with i_count 2
[ 5976.076248] free_cross_bitmap: releasing mem for inode with i_count 2
[ 5976.084258] free_cross_bitmap: releasing mem for inode with i_count 2
[ 5976.092278] free_cross_bitmap: releasing mem for inode with i_count 2
[ 5976.100252] free_cross_bitmap: releasing mem for inode with i_count 2
[ 5976.108599] free_cross_bitmap: releasing mem for inode with i_count 2
[ 5976.116611] free_cross_bitmap: releasing mem for inode with i_count 2
[ 5976.124544] free_cross_bitmap: releasing mem for inode with i_count 2
[ 5976.132472] free_cross_bitmap: releasing mem for inode with i_count 2
[ 5976.140543] free_cross_bitmap: releasing mem for inode with i_count 2
[ 5976.148522] free_cross_bitmap: releasing mem for inode with i_count 2
[ 5976.157185] free_cross_bitmap: releasing mem for inode with i_count 2
[ 5976.165227] free_cross_bitmap: releasing mem for inode with i_count 2
[ 5976.173304] free_cross_bitmap: releasing mem for inode with i_count 2
[ 5976.181397] free_cross_bitmap: releasing mem for inode with i_count 2
[ 5985.576539] alloc_cross_bitmap: preallocate 268435456 pg, nr_longs=4194304 in 4 millisec
[ 5985.587037] alloc_cross_bitmap: preallocate 268435456 pg, nr_longs=4194304 in 4 millisec
[ 5985.597510] alloc_cross_bitmap: preallocate 268435456 pg, nr_longs=4194304 in 4 millisec
[ 5985.607941] alloc_cross_bitmap: preallocate 268435456 pg, nr_longs=4194304 in 0 millisec
[ 5985.618291] alloc_cross_bitmap: preallocate 268435456 pg, nr_longs=4194304 in 4 millisec
[ 5985.628308] alloc_cross_bitmap: preallocate 268435456 pg, nr_longs=4194304 in 0 millisec
[ 5985.638441] alloc_cross_bitmap: preallocate 268435456 pg, nr_longs=4194304 in 4 millisec
[ 5985.648840] alloc_cross_bitmap: preallocate 268435456 pg, nr_longs=4194304 in 4 millisec
[ 5985.659080] alloc_cross_bitmap: preallocate 268435456 pg, nr_longs=4194304 in 4 millisec
[ 5985.669297] alloc_cross_bitmap: preallocate 268435456 pg, nr_longs=4194304 in 4 millisec
[ 5985.679387] alloc_cross_bitmap: preallocate 268435456 pg, nr_longs=4194304 in 4 millisec
[ 5985.689470] alloc_cross_bitmap: preallocate 268435456 pg, nr_longs=4194304 in 4 millisec
[ 5985.699755] alloc_cross_bitmap: preallocate 268435456 pg, nr_longs=4194304 in 0 millisec
[ 5985.710117] alloc_cross_bitmap: preallocate 268435456 pg, nr_longs=4194304 in 4 millisec
[ 5985.720598] alloc_cross_bitmap: preallocate 268435456 pg, nr_longs=4194304 in 4 millisec
[ 5985.730703] alloc_cross_bitmap: preallocate 268435456 pg, nr_longs=4194304 in 4 millisec
[ 5985.740817] alloc_cross_bitmap: preallocate 268435456 pg, nr_longs=4194304 in 4 millisec
[ 5985.751045] alloc_cross_bitmap: preallocate 268435456 pg, nr_longs=4194304 in 4 millisec
[ 5985.761397] alloc_cross_bitmap: preallocate 268435456 pg, nr_longs=4194304 in 4 millisec
[ 5985.771858] alloc_cross_bitmap: preallocate 268435456 pg, nr_longs=4194304 in 0 millisec
[ 5985.782319] alloc_cross_bitmap: preallocate 268435456 pg, nr_longs=4194304 in 4 millisec
[ 5985.792648] alloc_cross_bitmap: preallocate 268435456 pg, nr_longs=4194304 in 4 millisec
[ 5985.803055] alloc_cross_bitmap: preallocate 268435456 pg, nr_longs=4194304 in 4 millisec
[ 5985.805518] free_cross_bitmap: releasing mem for inode with i_count 2
[ 5985.813575] free_cross_bitmap: releasing mem for inode with i_count 2
[ 5985.822279] free_cross_bitmap: releasing mem for inode with i_count 2
[ 5985.830337] free_cross_bitmap: releasing mem for inode with i_count 2
[ 5985.838372] free_cross_bitmap: releasing mem for inode with i_count 2
[ 5985.846526] free_cross_bitmap: releasing mem for inode with i_count 2
[ 5985.854683] free_cross_bitmap: releasing mem for inode with i_count 2
[ 5985.862787] free_cross_bitmap: releasing mem for inode with i_count 2
[ 5985.871021] free_cross_bitmap: releasing mem for inode with i_count 2
[ 5985.879143] free_cross_bitmap: releasing mem for inode with i_count 2
[ 5985.887184] free_cross_bitmap: releasing mem for inode with i_count 2
[ 5985.895235] free_cross_bitmap: releasing mem for inode with i_count 2
[ 5985.903460] free_cross_bitmap: releasing mem for inode with i_count 2
[ 5985.911465] free_cross_bitmap: releasing mem for inode with i_count 2
[ 5985.919579] free_cross_bitmap: releasing mem for inode with i_count 2
[ 5985.927638] free_cross_bitmap: releasing mem for inode with i_count 2
[ 5985.935704] free_cross_bitmap: releasing mem for inode with i_count 2
[ 5985.943729] free_cross_bitmap: releasing mem for inode with i_count 2
[ 5985.951831] free_cross_bitmap: releasing mem for inode with i_count 2
[ 5985.960048] free_cross_bitmap: releasing mem for inode with i_count 2
[ 5985.968977] free_cross_bitmap: releasing mem for inode with i_count 2
[ 5985.977050] free_cross_bitmap: releasing mem for inode with i_count 2
[ 5985.985312] free_cross_bitmap: releasing mem for inode with i_count 2
[ 5985.993969] free_cross_bitmap: releasing mem for inode with i_count 2
[ 5986.002750] free_cross_bitmap: releasing mem for inode with i_count 2
[ 5986.011580] free_cross_bitmap: releasing mem for inode with i_count 2
[ 5986.020184] free_cross_bitmap: releasing mem for inode with i_count 2
[ 5986.028413] free_cross_bitmap: releasing mem for inode with i_count 2
[ 5986.036975] free_cross_bitmap: releasing mem for inode with i_count 2
[ 5986.045831] free_cross_bitmap: releasing mem for inode with i_count 2
[ 5986.054171] free_cross_bitmap: releasing mem for inode with i_count 2
[ 5986.062230] free_cross_bitmap: releasing mem for inode with i_count 2
[ 5986.070946] free_cross_bitmap: releasing mem for inode with i_count 2
[ 5986.079016] free_cross_bitmap: releasing mem for inode with i_count 2
[ 5986.087051] free_cross_bitmap: releasing mem for inode with i_count 2
[ 5986.095101] free_cross_bitmap: releasing mem for inode with i_count 2
[ 5986.103235] free_cross_bitmap: releasing mem for inode with i_count 2
[ 5986.111320] free_cross_bitmap: releasing mem for inode with i_count 2
[ 5986.120064] free_cross_bitmap: releasing mem for inode with i_count 2
[ 5986.197670] write_proc: Value of write = 0
[ 5986.197691] __do_sys_start_cross_trace: PRINT_GLOBAL_STATS 
[ 5986.197693] Final GlobalReport: nr_pages_read:7383799841, nr_pages_hit:7224444476, nr_do_read_fault:824672, nr_pages_miss:51274850
[ 5986.197745] FinalTaskReport: db_bench:33330 - ra_orig_nr_pages:0, ra_final_nr_pages:0
                                        async_pages:936, final_async_pages:1746
                                        full_pfetches:0, less256_pfetches:0, partial_pfetches:0
                                        failed_pfetches:0, total_pfetches:0, os_pfetches:78
                                        nr_pages_read:1202, nr_pages_hit:610, nr_do_read_fault:166
[ 5986.199996] write_proc: Value of write = 0
[ 5986.200009] __do_sys_start_cross_trace: PRINT_GLOBAL_STATS 
[ 5986.200010] Final GlobalReport: nr_pages_read:7383799841, nr_pages_hit:7224444476, nr_do_read_fault:824677, nr_pages_miss:51274850
[ 5986.200050] FinalTaskReport: time:33321 - ra_orig_nr_pages:0, ra_final_nr_pages:0
                                        async_pages:0, final_async_pages:51
                                        full_pfetches:0, less256_pfetches:0, partial_pfetches:0
                                        failed_pfetches:0, total_pfetches:0, os_pfetches:3
                                        nr_pages_read:0, nr_pages_hit:0, nr_do_read_fault:18
