ENABLE_FILE_STATS in con
ENABLE_FILE_STATS in con
RocksDB:    version 6.20
Date:       Thu Aug 11 19:09:05 2022
CPU:        48 * AMD EPYC 7402P 24-Core Processor
CPUCache:   512 KB
Initializing RocksDB Options from the specified file
Initializing RocksDB Options from command-line flags
Keys:       1000 bytes each (+ 0 bytes user-defined timestamp)
Values:     4096 bytes each (2048 bytes after compression)
Entries:    2000000
Prefix:    0 bytes
Keys per prefix:    0
RawSize:    9719.8 MB (estimated)
FileSize:   5813.6 MB (estimated)
Write rate: 0 bytes/second
Read rate: 0 ops/second
Compression: Snappy
Compression sampling rate: 0
Memtablerep: skip_list
Perf Level: 1
------------------------------------------------
DB path: [/users/kannan11/ssd/sudarsun/prefetching/appbench/apps/rocksdb/DATA]
compact      : 309453581.000 micros/op 0 ops/sec;
DESTRUCTOR GETTING CALLED 
PRINT_GLOBAL_STATS in dest
	Command being timed: "./db_bench --db=/users/kannan11/ssd/sudarsun/prefetching/appbench/apps/rocksdb/DATA --value_size=4096 --wal_dir=/users/kannan11/ssd/sudarsun/prefetching/appbench/apps/rocksdb/DATA/WAL_LOG --sync=0 --key_size=1000 --write_buffer_size=67108864 --num=2000000 --benchmarks=compact --use_existing_db=1 --mmap_read=0 --threads=8"
	User time (seconds): 27.24
	System time (seconds): 12.80
	Percent of CPU this job got: 102%
	Elapsed (wall clock) time (h:mm:ss or m:ss): 0:39.10
	Average shared text size (kbytes): 0
	Average unshared data size (kbytes): 0
	Average stack size (kbytes): 0
	Average total size (kbytes): 0
	Maximum resident set size (kbytes): 4882960
	Average resident set size (kbytes): 0
	Major (requiring I/O) page faults: 76
	Minor (reclaiming a frame) page faults: 1837638
	Voluntary context switches: 119695
	Involuntary context switches: 61
	Swaps: 0
	File system inputs: 14319160
	File system outputs: 12870416
	Socket messages sent: 0
	Socket messages received: 0
	Signals delivered: 0
	Page size (bytes): 4096
	Exit status: 0
DESTRUCTOR GETTING CALLED 
PRINT_GLOBAL_STATS in dest
[ 6596.255053] free_cross_bitmap: releasing mem for inode with i_count 2
[ 6596.265750] free_cross_bitmap: releasing mem for inode with i_count 2
[ 6596.276556] free_cross_bitmap: releasing mem for inode with i_count 2
[ 6596.287284] free_cross_bitmap: releasing mem for inode with i_count 2
[ 6596.297949] free_cross_bitmap: releasing mem for inode with i_count 2
[ 6596.308573] free_cross_bitmap: releasing mem for inode with i_count 2
[ 6596.319651] free_cross_bitmap: releasing mem for inode with i_count 2
[ 6596.330371] free_cross_bitmap: releasing mem for inode with i_count 2
[ 6596.337277] free_cross_bitmap: releasing mem for inode with i_count 2
[ 6596.351988] free_cross_bitmap: releasing mem for inode with i_count 2
[ 6596.362767] free_cross_bitmap: releasing mem for inode with i_count 2
[ 6596.373763] free_cross_bitmap: releasing mem for inode with i_count 2
[ 6596.384757] free_cross_bitmap: releasing mem for inode with i_count 2
[ 6596.395915] free_cross_bitmap: releasing mem for inode with i_count 2
[ 6596.407285] free_cross_bitmap: releasing mem for inode with i_count 2
[ 6596.417914] free_cross_bitmap: releasing mem for inode with i_count 2
[ 6596.428787] free_cross_bitmap: releasing mem for inode with i_count 2
[ 6596.439394] free_cross_bitmap: releasing mem for inode with i_count 2
[ 6596.450577] free_cross_bitmap: releasing mem for inode with i_count 2
[ 6596.461289] free_cross_bitmap: releasing mem for inode with i_count 2
[ 6596.471962] free_cross_bitmap: releasing mem for inode with i_count 2
[ 6596.482791] free_cross_bitmap: releasing mem for inode with i_count 2
[ 6596.493628] free_cross_bitmap: releasing mem for inode with i_count 2
[ 6596.504391] free_cross_bitmap: releasing mem for inode with i_count 2
[ 6596.515552] free_cross_bitmap: releasing mem for inode with i_count 2
[ 6596.526447] free_cross_bitmap: releasing mem for inode with i_count 2
[ 6596.537180] free_cross_bitmap: releasing mem for inode with i_count 2
[ 6596.547857] free_cross_bitmap: releasing mem for inode with i_count 2
[ 6596.558523] free_cross_bitmap: releasing mem for inode with i_count 2
[ 6596.569183] free_cross_bitmap: releasing mem for inode with i_count 2
[ 6596.578186] free_cross_bitmap: releasing mem for inode with i_count 2
[ 6596.589324] free_cross_bitmap: releasing mem for inode with i_count 2
[ 6596.596343] free_cross_bitmap: releasing mem for inode with i_count 2
[ 6596.611041] free_cross_bitmap: releasing mem for inode with i_count 2
[ 6596.621848] free_cross_bitmap: releasing mem for inode with i_count 2
[ 6596.632709] free_cross_bitmap: releasing mem for inode with i_count 2
[ 6596.643681] free_cross_bitmap: releasing mem for inode with i_count 2
[ 6596.650643] free_cross_bitmap: releasing mem for inode with i_count 2
[ 6596.665250] free_cross_bitmap: releasing mem for inode with i_count 2
[ 6596.676140] free_cross_bitmap: releasing mem for inode with i_count 2
[ 6596.687891] free_cross_bitmap: releasing mem for inode with i_count 2
[ 6596.694840] free_cross_bitmap: releasing mem for inode with i_count 2
[ 6596.710326] free_cross_bitmap: releasing mem for inode with i_count 2
[ 6596.721123] free_cross_bitmap: releasing mem for inode with i_count 2
[ 6596.732201] free_cross_bitmap: releasing mem for inode with i_count 2
[ 6596.743073] free_cross_bitmap: releasing mem for inode with i_count 2
[ 6596.754231] free_cross_bitmap: releasing mem for inode with i_count 2
[ 6596.765382] free_cross_bitmap: releasing mem for inode with i_count 2
[ 6596.775009] free_cross_bitmap: releasing mem for inode with i_count 2
[ 6596.786019] free_cross_bitmap: releasing mem for inode with i_count 2
[ 6596.796985] free_cross_bitmap: releasing mem for inode with i_count 2
[ 6596.808011] free_cross_bitmap: releasing mem for inode with i_count 2
[ 6596.816006] free_cross_bitmap: releasing mem for inode with i_count 2
[ 6596.827858] free_cross_bitmap: releasing mem for inode with i_count 2
[ 6596.839892] free_cross_bitmap: releasing mem for inode with i_count 2
[ 6596.852341] free_cross_bitmap: releasing mem for inode with i_count 2
[ 6596.859346] free_cross_bitmap: releasing mem for inode with i_count 2
[ 6596.875016] free_cross_bitmap: releasing mem for inode with i_count 2
[ 6596.886452] free_cross_bitmap: releasing mem for inode with i_count 2
[ 6596.897898] free_cross_bitmap: releasing mem for inode with i_count 2
[ 6596.909460] free_cross_bitmap: releasing mem for inode with i_count 2
[ 6596.919687] free_cross_bitmap: releasing mem for inode with i_count 2
[ 6596.930684] free_cross_bitmap: releasing mem for inode with i_count 2
[ 6596.942009] free_cross_bitmap: releasing mem for inode with i_count 2
[ 6596.953705] free_cross_bitmap: releasing mem for inode with i_count 2
[ 6596.964042] free_cross_bitmap: releasing mem for inode with i_count 2
[ 6596.975137] free_cross_bitmap: releasing mem for inode with i_count 2
[ 6596.986574] free_cross_bitmap: releasing mem for inode with i_count 2
[ 6596.993650] free_cross_bitmap: releasing mem for inode with i_count 2
[ 6597.008718] free_cross_bitmap: releasing mem for inode with i_count 2
[ 6597.019821] free_cross_bitmap: releasing mem for inode with i_count 2
[ 6597.031150] free_cross_bitmap: releasing mem for inode with i_count 2
[ 6597.041875] free_cross_bitmap: releasing mem for inode with i_count 2
[ 6597.054972] free_cross_bitmap: releasing mem for inode with i_count 2
[ 6597.068172] free_cross_bitmap: releasing mem for inode with i_count 2
[ 6597.077021] free_cross_bitmap: releasing mem for inode with i_count 2
[ 6597.084492] free_cross_bitmap: releasing mem for inode with i_count 2
[ 6597.097626] free_cross_bitmap: releasing mem for inode with i_count 2
[ 6597.113407] free_cross_bitmap: releasing mem for inode with i_count 2
[ 6597.124487] free_cross_bitmap: releasing mem for inode with i_count 2
[ 6597.135654] free_cross_bitmap: releasing mem for inode with i_count 2
[ 6597.146816] free_cross_bitmap: releasing mem for inode with i_count 2
[ 6597.158405] free_cross_bitmap: releasing mem for inode with i_count 2
[ 6597.165672] free_cross_bitmap: releasing mem for inode with i_count 2
[ 6597.181335] free_cross_bitmap: releasing mem for inode with i_count 2
[ 6597.192569] free_cross_bitmap: releasing mem for inode with i_count 2
[ 6597.203889] free_cross_bitmap: releasing mem for inode with i_count 2
[ 6597.215675] free_cross_bitmap: releasing mem for inode with i_count 2
[ 6597.226847] free_cross_bitmap: releasing mem for inode with i_count 2
[ 6597.238085] free_cross_bitmap: releasing mem for inode with i_count 2
[ 6597.249682] free_cross_bitmap: releasing mem for inode with i_count 2
[ 6597.256624] free_cross_bitmap: releasing mem for inode with i_count 2
[ 6597.271988] free_cross_bitmap: releasing mem for inode with i_count 2
[ 6597.283138] free_cross_bitmap: releasing mem for inode with i_count 2
[ 6597.294273] free_cross_bitmap: releasing mem for inode with i_count 2
[ 6597.305535] free_cross_bitmap: releasing mem for inode with i_count 2
[ 6597.317135] free_cross_bitmap: releasing mem for inode with i_count 2
[ 6597.328308] free_cross_bitmap: releasing mem for inode with i_count 2
[ 6597.339452] free_cross_bitmap: releasing mem for inode with i_count 2
[ 6597.350633] free_cross_bitmap: releasing mem for inode with i_count 2
[ 6597.361793] free_cross_bitmap: releasing mem for inode with i_count 2
[ 6597.368682] free_cross_bitmap: releasing mem for inode with i_count 2
[ 6597.385588] free_cross_bitmap: releasing mem for inode with i_count 2
[ 6597.397008] free_cross_bitmap: releasing mem for inode with i_count 2
[ 6597.408596] free_cross_bitmap: releasing mem for inode with i_count 2
[ 6597.420266] free_cross_bitmap: releasing mem for inode with i_count 2
[ 6597.427202] free_cross_bitmap: releasing mem for inode with i_count 2
[ 6597.445270] free_cross_bitmap: releasing mem for inode with i_count 2
[ 6597.457643] free_cross_bitmap: releasing mem for inode with i_count 2
[ 6597.469280] free_cross_bitmap: releasing mem for inode with i_count 2
[ 6597.480658] free_cross_bitmap: releasing mem for inode with i_count 2
[ 6597.491824] free_cross_bitmap: releasing mem for inode with i_count 2
[ 6597.503184] free_cross_bitmap: releasing mem for inode with i_count 2
[ 6597.514913] free_cross_bitmap: releasing mem for inode with i_count 2
[ 6597.523650] free_cross_bitmap: releasing mem for inode with i_count 2
[ 6597.530894] sh (35760): drop_caches: 3
[ 6597.561994] sh (35880): drop_caches: 3
[ 6602.586614] Enabled file stats for time:35887
[ 6602.586808] write_proc: Value of write = 0
[ 6602.592200] Enabled file stats for db_bench:35896
[ 6602.592388] write_proc: Value of write = 0
[ 6602.640619] alloc_cross_bitmap: preallocate 268435456 pg, nr_longs=4194304 in 8 millisec
[ 6602.644966] alloc_cross_bitmap: preallocate 268435456 pg, nr_longs=4194304 in 12 millisec
[ 6602.645078] alloc_cross_bitmap: preallocate 268435456 pg, nr_longs=4194304 in 12 millisec
[ 6602.645232] alloc_cross_bitmap: preallocate 268435456 pg, nr_longs=4194304 in 12 millisec
[ 6602.645777] alloc_cross_bitmap: preallocate 268435456 pg, nr_longs=4194304 in 12 millisec
[ 6602.646212] alloc_cross_bitmap: preallocate 268435456 pg, nr_longs=4194304 in 12 millisec
[ 6602.646516] alloc_cross_bitmap: preallocate 268435456 pg, nr_longs=4194304 in 12 millisec
[ 6602.647753] alloc_cross_bitmap: preallocate 268435456 pg, nr_longs=4194304 in 12 millisec
[ 6602.647809] alloc_cross_bitmap: preallocate 268435456 pg, nr_longs=4194304 in 12 millisec
[ 6602.647846] alloc_cross_bitmap: preallocate 268435456 pg, nr_longs=4194304 in 12 millisec
[ 6602.647846] alloc_cross_bitmap: preallocate 268435456 pg, nr_longs=4194304 in 12 millisec
[ 6602.647956] alloc_cross_bitmap: preallocate 268435456 pg, nr_longs=4194304 in 12 millisec
[ 6602.648123] alloc_cross_bitmap: preallocate 268435456 pg, nr_longs=4194304 in 12 millisec
[ 6602.648438] alloc_cross_bitmap: preallocate 268435456 pg, nr_longs=4194304 in 12 millisec
[ 6602.664576] alloc_cross_bitmap: preallocate 268435456 pg, nr_longs=4194304 in 4 millisec
[ 6602.675222] alloc_cross_bitmap: preallocate 268435456 pg, nr_longs=4194304 in 4 millisec
[ 6602.675943] alloc_cross_bitmap: preallocate 268435456 pg, nr_longs=4194304 in 4 millisec
[ 6602.678472] alloc_cross_bitmap: preallocate 268435456 pg, nr_longs=4194304 in 4 millisec
[ 6602.679375] alloc_cross_bitmap: preallocate 268435456 pg, nr_longs=4194304 in 4 millisec
[ 6602.680438] alloc_cross_bitmap: preallocate 268435456 pg, nr_longs=4194304 in 4 millisec
[ 6602.680958] alloc_cross_bitmap: preallocate 268435456 pg, nr_longs=4194304 in 8 millisec
[ 6602.683654] alloc_cross_bitmap: preallocate 268435456 pg, nr_longs=4194304 in 8 millisec
[ 6602.683996] alloc_cross_bitmap: preallocate 268435456 pg, nr_longs=4194304 in 8 millisec
[ 6602.684007] alloc_cross_bitmap: preallocate 268435456 pg, nr_longs=4194304 in 8 millisec
[ 6602.684157] alloc_cross_bitmap: preallocate 268435456 pg, nr_longs=4194304 in 8 millisec
[ 6602.685690] alloc_cross_bitmap: preallocate 268435456 pg, nr_longs=4194304 in 12 millisec
[ 6602.685724] alloc_cross_bitmap: preallocate 268435456 pg, nr_longs=4194304 in 12 millisec
[ 6602.685817] alloc_cross_bitmap: preallocate 268435456 pg, nr_longs=4194304 in 12 millisec
[ 6602.685838] alloc_cross_bitmap: preallocate 268435456 pg, nr_longs=4194304 in 12 millisec
[ 6602.687726] alloc_cross_bitmap: preallocate 268435456 pg, nr_longs=4194304 in 4 millisec
[ 6602.699044] alloc_cross_bitmap: preallocate 268435456 pg, nr_longs=4194304 in 4 millisec
[ 6602.702130] alloc_cross_bitmap: preallocate 268435456 pg, nr_longs=4194304 in 4 millisec
[ 6602.705387] alloc_cross_bitmap: preallocate 268435456 pg, nr_longs=4194304 in 4 millisec
[ 6602.708371] alloc_cross_bitmap: preallocate 268435456 pg, nr_longs=4194304 in 4 millisec
[ 6602.708484] alloc_cross_bitmap: preallocate 268435456 pg, nr_longs=4194304 in 4 millisec
[ 6602.714133] alloc_cross_bitmap: preallocate 268435456 pg, nr_longs=4194304 in 4 millisec
[ 6602.714930] alloc_cross_bitmap: preallocate 268435456 pg, nr_longs=4194304 in 4 millisec
[ 6602.715106] alloc_cross_bitmap: preallocate 268435456 pg, nr_longs=4194304 in 4 millisec
[ 6602.715118] alloc_cross_bitmap: preallocate 268435456 pg, nr_longs=4194304 in 4 millisec
[ 6602.718924] alloc_cross_bitmap: preallocate 268435456 pg, nr_longs=4194304 in 8 millisec
[ 6602.719472] alloc_cross_bitmap: preallocate 268435456 pg, nr_longs=4194304 in 4 millisec
[ 6602.721150] alloc_cross_bitmap: preallocate 268435456 pg, nr_longs=4194304 in 12 millisec
[ 6602.721179] alloc_cross_bitmap: preallocate 268435456 pg, nr_longs=4194304 in 12 millisec
[ 6602.721239] alloc_cross_bitmap: preallocate 268435456 pg, nr_longs=4194304 in 12 millisec
[ 6602.721299] alloc_cross_bitmap: preallocate 268435456 pg, nr_longs=4194304 in 8 millisec
[ 6602.725345] alloc_cross_bitmap: preallocate 268435456 pg, nr_longs=4194304 in 4 millisec
[ 6602.728169] alloc_cross_bitmap: preallocate 268435456 pg, nr_longs=4194304 in 0 millisec
[ 6602.730328] alloc_cross_bitmap: preallocate 268435456 pg, nr_longs=4194304 in 4 millisec
[ 6602.730574] alloc_cross_bitmap: preallocate 268435456 pg, nr_longs=4194304 in 4 millisec
[ 6602.734195] alloc_cross_bitmap: preallocate 268435456 pg, nr_longs=4194304 in 4 millisec
[ 6602.734209] alloc_cross_bitmap: preallocate 268435456 pg, nr_longs=4194304 in 4 millisec
[ 6602.734311] alloc_cross_bitmap: preallocate 268435456 pg, nr_longs=4194304 in 4 millisec
[ 6602.789058] alloc_cross_bitmap: preallocate 268435456 pg, nr_longs=4194304 in 12 millisec
[ 6602.789755] alloc_cross_bitmap: preallocate 268435456 pg, nr_longs=4194304 in 12 millisec
[ 6602.789858] alloc_cross_bitmap: preallocate 268435456 pg, nr_longs=4194304 in 12 millisec
[ 6602.789967] alloc_cross_bitmap: preallocate 268435456 pg, nr_longs=4194304 in 12 millisec
[ 6602.790007] alloc_cross_bitmap: preallocate 268435456 pg, nr_longs=4194304 in 12 millisec
[ 6602.790023] alloc_cross_bitmap: preallocate 268435456 pg, nr_longs=4194304 in 12 millisec
[ 6602.790229] alloc_cross_bitmap: preallocate 268435456 pg, nr_longs=4194304 in 12 millisec
[ 6602.790347] alloc_cross_bitmap: preallocate 268435456 pg, nr_longs=4194304 in 12 millisec
[ 6602.790364] alloc_cross_bitmap: preallocate 268435456 pg, nr_longs=4194304 in 12 millisec
[ 6602.791081] alloc_cross_bitmap: preallocate 268435456 pg, nr_longs=4194304 in 12 millisec
[ 6602.791131] alloc_cross_bitmap: preallocate 268435456 pg, nr_longs=4194304 in 12 millisec
[ 6602.791166] alloc_cross_bitmap: preallocate 268435456 pg, nr_longs=4194304 in 12 millisec
[ 6602.791198] alloc_cross_bitmap: preallocate 268435456 pg, nr_longs=4194304 in 12 millisec
[ 6602.792415] alloc_cross_bitmap: preallocate 268435456 pg, nr_longs=4194304 in 12 millisec
[ 6602.792451] alloc_cross_bitmap: preallocate 268435456 pg, nr_longs=4194304 in 12 millisec
[ 6602.792566] alloc_cross_bitmap: preallocate 268435456 pg, nr_longs=4194304 in 16 millisec
[ 6602.818488] alloc_cross_bitmap: preallocate 268435456 pg, nr_longs=4194304 in 4 millisec
[ 6602.821995] alloc_cross_bitmap: preallocate 268435456 pg, nr_longs=4194304 in 4 millisec
[ 6602.822395] alloc_cross_bitmap: preallocate 268435456 pg, nr_longs=4194304 in 4 millisec
[ 6602.825571] alloc_cross_bitmap: preallocate 268435456 pg, nr_longs=4194304 in 8 millisec
[ 6602.826937] alloc_cross_bitmap: preallocate 268435456 pg, nr_longs=4194304 in 8 millisec
[ 6602.827709] alloc_cross_bitmap: preallocate 268435456 pg, nr_longs=4194304 in 8 millisec
[ 6602.828034] alloc_cross_bitmap: preallocate 268435456 pg, nr_longs=4194304 in 8 millisec
[ 6602.828185] alloc_cross_bitmap: preallocate 268435456 pg, nr_longs=4194304 in 8 millisec
[ 6602.828352] alloc_cross_bitmap: preallocate 268435456 pg, nr_longs=4194304 in 8 millisec
[ 6602.829024] alloc_cross_bitmap: preallocate 268435456 pg, nr_longs=4194304 in 12 millisec
[ 6602.829228] alloc_cross_bitmap: preallocate 268435456 pg, nr_longs=4194304 in 12 millisec
[ 6602.829536] alloc_cross_bitmap: preallocate 268435456 pg, nr_longs=4194304 in 12 millisec
[ 6602.829563] alloc_cross_bitmap: preallocate 268435456 pg, nr_longs=4194304 in 12 millisec
[ 6602.830772] alloc_cross_bitmap: preallocate 268435456 pg, nr_longs=4194304 in 12 millisec
[ 6602.830818] alloc_cross_bitmap: preallocate 268435456 pg, nr_longs=4194304 in 12 millisec
[ 6602.830836] alloc_cross_bitmap: preallocate 268435456 pg, nr_longs=4194304 in 12 millisec
[ 6602.837131] alloc_cross_bitmap: preallocate 268435456 pg, nr_longs=4194304 in 4 millisec
[ 6602.845689] alloc_cross_bitmap: preallocate 268435456 pg, nr_longs=4194304 in 4 millisec
[ 6602.855156] alloc_cross_bitmap: preallocate 268435456 pg, nr_longs=4194304 in 4 millisec
[ 6602.857786] alloc_cross_bitmap: preallocate 268435456 pg, nr_longs=4194304 in 4 millisec
[ 6602.858927] alloc_cross_bitmap: preallocate 268435456 pg, nr_longs=4194304 in 4 millisec
[ 6602.859695] alloc_cross_bitmap: preallocate 268435456 pg, nr_longs=4194304 in 4 millisec
[ 6602.862878] alloc_cross_bitmap: preallocate 268435456 pg, nr_longs=4194304 in 8 millisec
[ 6602.863410] alloc_cross_bitmap: preallocate 268435456 pg, nr_longs=4194304 in 8 millisec
[ 6602.864730] alloc_cross_bitmap: preallocate 268435456 pg, nr_longs=4194304 in 8 millisec
[ 6602.864870] alloc_cross_bitmap: preallocate 268435456 pg, nr_longs=4194304 in 12 millisec
[ 6602.865549] alloc_cross_bitmap: preallocate 268435456 pg, nr_longs=4194304 in 8 millisec
[ 6602.866070] alloc_cross_bitmap: preallocate 268435456 pg, nr_longs=4194304 in 4 millisec
[ 6602.866726] alloc_cross_bitmap: preallocate 268435456 pg, nr_longs=4194304 in 8 millisec
[ 6602.866817] alloc_cross_bitmap: preallocate 268435456 pg, nr_longs=4194304 in 8 millisec
[ 6602.867515] alloc_cross_bitmap: preallocate 268435456 pg, nr_longs=4194304 in 8 millisec
[ 6602.867512] alloc_cross_bitmap: preallocate 268435456 pg, nr_longs=4194304 in 8 millisec
[ 6602.867545] alloc_cross_bitmap: preallocate 268435456 pg, nr_longs=4194304 in 8 millisec
[ 6602.869490] alloc_cross_bitmap: preallocate 268435456 pg, nr_longs=4194304 in 4 millisec
[ 6602.877692] alloc_cross_bitmap: preallocate 268435456 pg, nr_longs=4194304 in 4 millisec
[ 6602.880369] alloc_cross_bitmap: preallocate 268435456 pg, nr_longs=4194304 in 0 millisec
[ 6602.881768] alloc_cross_bitmap: preallocate 268435456 pg, nr_longs=4194304 in 4 millisec
[ 6602.882493] alloc_cross_bitmap: preallocate 268435456 pg, nr_longs=4194304 in 4 millisec
[ 6602.886071] alloc_cross_bitmap: preallocate 268435456 pg, nr_longs=4194304 in 4 millisec
[ 6602.886323] alloc_cross_bitmap: preallocate 268435456 pg, nr_longs=4194304 in 4 millisec
[ 6602.886504] alloc_cross_bitmap: preallocate 268435456 pg, nr_longs=4194304 in 4 millisec
[ 6602.889472] alloc_cross_bitmap: preallocate 268435456 pg, nr_longs=4194304 in 8 millisec
[ 6602.889752] alloc_cross_bitmap: preallocate 268435456 pg, nr_longs=4194304 in 8 millisec
[ 6602.890238] alloc_cross_bitmap: preallocate 268435456 pg, nr_longs=4194304 in 8 millisec
[ 6602.890566] alloc_cross_bitmap: preallocate 268435456 pg, nr_longs=4194304 in 4 millisec
[ 6602.917772] alloc_cross_bitmap: preallocate 268435456 pg, nr_longs=4194304 in 4 millisec
[ 6602.917791] alloc_cross_bitmap: preallocate 268435456 pg, nr_longs=4194304 in 4 millisec
[ 6613.315084] alloc_cross_bitmap: preallocate 268435456 pg, nr_longs=4194304 in 4 millisec
[ 6613.325598] alloc_cross_bitmap: preallocate 268435456 pg, nr_longs=4194304 in 4 millisec
[ 6613.336093] alloc_cross_bitmap: preallocate 268435456 pg, nr_longs=4194304 in 0 millisec
[ 6613.346520] alloc_cross_bitmap: preallocate 268435456 pg, nr_longs=4194304 in 4 millisec
[ 6613.356742] alloc_cross_bitmap: preallocate 268435456 pg, nr_longs=4194304 in 4 millisec
[ 6613.366987] alloc_cross_bitmap: preallocate 268435456 pg, nr_longs=4194304 in 4 millisec
[ 6613.377239] alloc_cross_bitmap: preallocate 268435456 pg, nr_longs=4194304 in 4 millisec
[ 6613.387175] alloc_cross_bitmap: preallocate 268435456 pg, nr_longs=4194304 in 4 millisec
[ 6613.397597] alloc_cross_bitmap: preallocate 268435456 pg, nr_longs=4194304 in 4 millisec
[ 6613.407959] alloc_cross_bitmap: preallocate 268435456 pg, nr_longs=4194304 in 0 millisec
[ 6613.418273] alloc_cross_bitmap: preallocate 268435456 pg, nr_longs=4194304 in 4 millisec
[ 6613.428459] alloc_cross_bitmap: preallocate 268435456 pg, nr_longs=4194304 in 0 millisec
[ 6613.438739] alloc_cross_bitmap: preallocate 268435456 pg, nr_longs=4194304 in 4 millisec
[ 6613.449141] alloc_cross_bitmap: preallocate 268435456 pg, nr_longs=4194304 in 4 millisec
[ 6613.459503] alloc_cross_bitmap: preallocate 268435456 pg, nr_longs=4194304 in 4 millisec
[ 6613.469707] alloc_cross_bitmap: preallocate 268435456 pg, nr_longs=4194304 in 4 millisec
[ 6613.480013] alloc_cross_bitmap: preallocate 268435456 pg, nr_longs=4194304 in 0 millisec
[ 6613.490187] alloc_cross_bitmap: preallocate 268435456 pg, nr_longs=4194304 in 4 millisec
[ 6613.500313] alloc_cross_bitmap: preallocate 268435456 pg, nr_longs=4194304 in 0 millisec
[ 6613.510572] alloc_cross_bitmap: preallocate 268435456 pg, nr_longs=4194304 in 4 millisec
[ 6613.520844] alloc_cross_bitmap: preallocate 268435456 pg, nr_longs=4194304 in 4 millisec
[ 6613.531088] alloc_cross_bitmap: preallocate 268435456 pg, nr_longs=4194304 in 4 millisec
[ 6613.541296] alloc_cross_bitmap: preallocate 268435456 pg, nr_longs=4194304 in 4 millisec
[ 6613.551676] alloc_cross_bitmap: preallocate 268435456 pg, nr_longs=4194304 in 4 millisec
[ 6613.561973] alloc_cross_bitmap: preallocate 268435456 pg, nr_longs=4194304 in 4 millisec
[ 6613.572306] alloc_cross_bitmap: preallocate 268435456 pg, nr_longs=4194304 in 0 millisec
[ 6613.582493] alloc_cross_bitmap: preallocate 268435456 pg, nr_longs=4194304 in 4 millisec
[ 6613.592672] alloc_cross_bitmap: preallocate 268435456 pg, nr_longs=4194304 in 4 millisec
[ 6613.602906] alloc_cross_bitmap: preallocate 268435456 pg, nr_longs=4194304 in 4 millisec
[ 6613.613209] alloc_cross_bitmap: preallocate 268435456 pg, nr_longs=4194304 in 4 millisec
[ 6613.623401] alloc_cross_bitmap: preallocate 268435456 pg, nr_longs=4194304 in 4 millisec
[ 6613.625946] free_cross_bitmap: releasing mem for inode with i_count 2
[ 6613.634009] free_cross_bitmap: releasing mem for inode with i_count 2
[ 6613.642328] free_cross_bitmap: releasing mem for inode with i_count 2
[ 6613.650584] free_cross_bitmap: releasing mem for inode with i_count 2
[ 6613.658896] free_cross_bitmap: releasing mem for inode with i_count 2
[ 6613.667926] free_cross_bitmap: releasing mem for inode with i_count 2
[ 6613.676145] free_cross_bitmap: releasing mem for inode with i_count 2
[ 6613.684392] free_cross_bitmap: releasing mem for inode with i_count 2
[ 6613.692519] free_cross_bitmap: releasing mem for inode with i_count 2
[ 6613.700613] free_cross_bitmap: releasing mem for inode with i_count 2
[ 6613.708692] free_cross_bitmap: releasing mem for inode with i_count 2
[ 6613.717231] free_cross_bitmap: releasing mem for inode with i_count 2
[ 6613.725853] free_cross_bitmap: releasing mem for inode with i_count 2
[ 6613.733902] free_cross_bitmap: releasing mem for inode with i_count 2
[ 6613.741927] free_cross_bitmap: releasing mem for inode with i_count 2
[ 6613.750203] free_cross_bitmap: releasing mem for inode with i_count 2
[ 6613.758670] free_cross_bitmap: releasing mem for inode with i_count 2
[ 6613.767733] free_cross_bitmap: releasing mem for inode with i_count 2
[ 6613.776044] free_cross_bitmap: releasing mem for inode with i_count 2
[ 6613.784293] free_cross_bitmap: releasing mem for inode with i_count 2
[ 6613.792532] free_cross_bitmap: releasing mem for inode with i_count 2
[ 6613.800607] free_cross_bitmap: releasing mem for inode with i_count 2
[ 6613.808640] free_cross_bitmap: releasing mem for inode with i_count 2
[ 6613.817076] free_cross_bitmap: releasing mem for inode with i_count 2
[ 6613.825348] free_cross_bitmap: releasing mem for inode with i_count 2
[ 6613.833810] free_cross_bitmap: releasing mem for inode with i_count 2
[ 6613.842291] free_cross_bitmap: releasing mem for inode with i_count 2
[ 6613.850737] free_cross_bitmap: releasing mem for inode with i_count 2
[ 6613.859193] free_cross_bitmap: releasing mem for inode with i_count 2
[ 6613.868247] free_cross_bitmap: releasing mem for inode with i_count 2
[ 6613.876391] free_cross_bitmap: releasing mem for inode with i_count 2
[ 6613.884456] free_cross_bitmap: releasing mem for inode with i_count 2
[ 6613.892644] free_cross_bitmap: releasing mem for inode with i_count 2
[ 6613.900705] free_cross_bitmap: releasing mem for inode with i_count 2
[ 6613.908785] free_cross_bitmap: releasing mem for inode with i_count 2
[ 6627.603056] alloc_cross_bitmap: preallocate 268435456 pg, nr_longs=4194304 in 4 millisec
[ 6627.613631] alloc_cross_bitmap: preallocate 268435456 pg, nr_longs=4194304 in 4 millisec
[ 6627.624088] alloc_cross_bitmap: preallocate 268435456 pg, nr_longs=4194304 in 0 millisec
[ 6627.634386] alloc_cross_bitmap: preallocate 268435456 pg, nr_longs=4194304 in 4 millisec
[ 6627.644674] alloc_cross_bitmap: preallocate 268435456 pg, nr_longs=4194304 in 4 millisec
[ 6627.655006] alloc_cross_bitmap: preallocate 268435456 pg, nr_longs=4194304 in 4 millisec
[ 6627.665274] alloc_cross_bitmap: preallocate 268435456 pg, nr_longs=4194304 in 4 millisec
[ 6627.675588] alloc_cross_bitmap: preallocate 268435456 pg, nr_longs=4194304 in 4 millisec
[ 6627.685760] alloc_cross_bitmap: preallocate 268435456 pg, nr_longs=4194304 in 4 millisec
[ 6627.695905] alloc_cross_bitmap: preallocate 268435456 pg, nr_longs=4194304 in 0 millisec
[ 6627.705909] alloc_cross_bitmap: preallocate 268435456 pg, nr_longs=4194304 in 4 millisec
[ 6627.715948] alloc_cross_bitmap: preallocate 268435456 pg, nr_longs=4194304 in 0 millisec
[ 6627.726253] alloc_cross_bitmap: preallocate 268435456 pg, nr_longs=4194304 in 4 millisec
[ 6627.736600] alloc_cross_bitmap: preallocate 268435456 pg, nr_longs=4194304 in 4 millisec
[ 6627.746890] alloc_cross_bitmap: preallocate 268435456 pg, nr_longs=4194304 in 4 millisec
[ 6627.757012] alloc_cross_bitmap: preallocate 268435456 pg, nr_longs=4194304 in 4 millisec
[ 6627.767048] alloc_cross_bitmap: preallocate 268435456 pg, nr_longs=4194304 in 4 millisec
[ 6627.777192] alloc_cross_bitmap: preallocate 268435456 pg, nr_longs=4194304 in 4 millisec
[ 6627.787269] alloc_cross_bitmap: preallocate 268435456 pg, nr_longs=4194304 in 4 millisec
[ 6627.797455] alloc_cross_bitmap: preallocate 268435456 pg, nr_longs=4194304 in 4 millisec
[ 6627.807620] alloc_cross_bitmap: preallocate 268435456 pg, nr_longs=4194304 in 0 millisec
[ 6627.817783] alloc_cross_bitmap: preallocate 268435456 pg, nr_longs=4194304 in 4 millisec
[ 6627.828021] alloc_cross_bitmap: preallocate 268435456 pg, nr_longs=4194304 in 0 millisec
[ 6627.838233] alloc_cross_bitmap: preallocate 268435456 pg, nr_longs=4194304 in 4 millisec
[ 6627.848600] alloc_cross_bitmap: preallocate 268435456 pg, nr_longs=4194304 in 4 millisec
[ 6627.858934] alloc_cross_bitmap: preallocate 268435456 pg, nr_longs=4194304 in 4 millisec
[ 6627.869072] alloc_cross_bitmap: preallocate 268435456 pg, nr_longs=4194304 in 4 millisec
[ 6627.879318] alloc_cross_bitmap: preallocate 268435456 pg, nr_longs=4194304 in 4 millisec
[ 6627.889451] alloc_cross_bitmap: preallocate 268435456 pg, nr_longs=4194304 in 4 millisec
[ 6627.899627] alloc_cross_bitmap: preallocate 268435456 pg, nr_longs=4194304 in 0 millisec
[ 6627.909637] alloc_cross_bitmap: preallocate 268435456 pg, nr_longs=4194304 in 4 millisec
[ 6627.919738] alloc_cross_bitmap: preallocate 268435456 pg, nr_longs=4194304 in 0 millisec
[ 6627.929933] alloc_cross_bitmap: preallocate 268435456 pg, nr_longs=4194304 in 4 millisec
[ 6627.940030] alloc_cross_bitmap: preallocate 268435456 pg, nr_longs=4194304 in 0 millisec
[ 6627.942793] free_cross_bitmap: releasing mem for inode with i_count 2
[ 6627.950677] free_cross_bitmap: releasing mem for inode with i_count 2
[ 6627.958578] free_cross_bitmap: releasing mem for inode with i_count 2
[ 6627.966451] free_cross_bitmap: releasing mem for inode with i_count 2
[ 6627.974327] free_cross_bitmap: releasing mem for inode with i_count 2
[ 6627.982197] free_cross_bitmap: releasing mem for inode with i_count 2
[ 6627.990510] free_cross_bitmap: releasing mem for inode with i_count 2
[ 6627.998390] free_cross_bitmap: releasing mem for inode with i_count 2
[ 6628.006280] free_cross_bitmap: releasing mem for inode with i_count 2
[ 6628.014150] free_cross_bitmap: releasing mem for inode with i_count 2
[ 6628.022026] free_cross_bitmap: releasing mem for inode with i_count 2
[ 6628.029923] free_cross_bitmap: releasing mem for inode with i_count 2
[ 6628.038156] free_cross_bitmap: releasing mem for inode with i_count 2
[ 6628.046004] free_cross_bitmap: releasing mem for inode with i_count 2
[ 6628.053950] free_cross_bitmap: releasing mem for inode with i_count 2
[ 6628.061882] free_cross_bitmap: releasing mem for inode with i_count 2
[ 6628.069821] free_cross_bitmap: releasing mem for inode with i_count 2
[ 6628.077743] free_cross_bitmap: releasing mem for inode with i_count 2
[ 6628.086094] free_cross_bitmap: releasing mem for inode with i_count 2
[ 6628.094060] free_cross_bitmap: releasing mem for inode with i_count 2
[ 6628.102044] free_cross_bitmap: releasing mem for inode with i_count 2
[ 6628.110092] free_cross_bitmap: releasing mem for inode with i_count 2
[ 6628.118099] free_cross_bitmap: releasing mem for inode with i_count 2
[ 6628.126066] free_cross_bitmap: releasing mem for inode with i_count 2
[ 6628.134448] free_cross_bitmap: releasing mem for inode with i_count 2
[ 6628.142406] free_cross_bitmap: releasing mem for inode with i_count 2
[ 6628.150967] free_cross_bitmap: releasing mem for inode with i_count 2
[ 6628.158948] free_cross_bitmap: releasing mem for inode with i_count 2
[ 6628.167130] free_cross_bitmap: releasing mem for inode with i_count 2
[ 6628.175604] free_cross_bitmap: releasing mem for inode with i_count 2
[ 6628.184367] free_cross_bitmap: releasing mem for inode with i_count 2
[ 6628.192855] free_cross_bitmap: releasing mem for inode with i_count 2
[ 6628.201216] free_cross_bitmap: releasing mem for inode with i_count 2
[ 6628.209329] free_cross_bitmap: releasing mem for inode with i_count 2
[ 6628.217400] free_cross_bitmap: releasing mem for inode with i_count 2
[ 6628.225480] free_cross_bitmap: releasing mem for inode with i_count 2
[ 6628.233950] free_cross_bitmap: releasing mem for inode with i_count 2
[ 6628.242050] free_cross_bitmap: releasing mem for inode with i_count 2
[ 6628.250157] free_cross_bitmap: releasing mem for inode with i_count 2
[ 6628.258491] free_cross_bitmap: releasing mem for inode with i_count 2
[ 6628.266466] free_cross_bitmap: releasing mem for inode with i_count 2
[ 6628.274662] free_cross_bitmap: releasing mem for inode with i_count 2
[ 6628.283265] free_cross_bitmap: releasing mem for inode with i_count 2
[ 6628.291157] free_cross_bitmap: releasing mem for inode with i_count 2
[ 6628.299405] free_cross_bitmap: releasing mem for inode with i_count 2
[ 6628.307756] free_cross_bitmap: releasing mem for inode with i_count 2
[ 6628.315996] free_cross_bitmap: releasing mem for inode with i_count 2
[ 6628.324351] free_cross_bitmap: releasing mem for inode with i_count 2
[ 6628.332802] free_cross_bitmap: releasing mem for inode with i_count 2
[ 6628.340806] free_cross_bitmap: releasing mem for inode with i_count 2
[ 6628.348815] free_cross_bitmap: releasing mem for inode with i_count 2
[ 6628.356808] free_cross_bitmap: releasing mem for inode with i_count 2
[ 6628.364792] free_cross_bitmap: releasing mem for inode with i_count 2
[ 6628.372833] free_cross_bitmap: releasing mem for inode with i_count 2
[ 6628.381488] free_cross_bitmap: releasing mem for inode with i_count 2
[ 6628.389836] free_cross_bitmap: releasing mem for inode with i_count 2
[ 6628.398082] free_cross_bitmap: releasing mem for inode with i_count 2
[ 6628.406503] free_cross_bitmap: releasing mem for inode with i_count 2
[ 6628.414922] free_cross_bitmap: releasing mem for inode with i_count 2
[ 6628.423274] free_cross_bitmap: releasing mem for inode with i_count 2
[ 6640.896211] alloc_cross_bitmap: preallocate 268435456 pg, nr_longs=4194304 in 0 millisec
[ 6640.906589] alloc_cross_bitmap: preallocate 268435456 pg, nr_longs=4194304 in 4 millisec
[ 6640.916785] alloc_cross_bitmap: preallocate 268435456 pg, nr_longs=4194304 in 4 millisec
[ 6640.927019] alloc_cross_bitmap: preallocate 268435456 pg, nr_longs=4194304 in 4 millisec
[ 6640.937104] alloc_cross_bitmap: preallocate 268435456 pg, nr_longs=4194304 in 4 millisec
[ 6640.947204] alloc_cross_bitmap: preallocate 268435456 pg, nr_longs=4194304 in 4 millisec
[ 6640.957222] alloc_cross_bitmap: preallocate 268435456 pg, nr_longs=4194304 in 4 millisec
[ 6640.967266] alloc_cross_bitmap: preallocate 268435456 pg, nr_longs=4194304 in 4 millisec
[ 6640.977307] alloc_cross_bitmap: preallocate 268435456 pg, nr_longs=4194304 in 4 millisec
[ 6640.987326] alloc_cross_bitmap: preallocate 268435456 pg, nr_longs=4194304 in 4 millisec
[ 6640.997277] alloc_cross_bitmap: preallocate 268435456 pg, nr_longs=4194304 in 4 millisec
[ 6641.007358] alloc_cross_bitmap: preallocate 268435456 pg, nr_longs=4194304 in 4 millisec
[ 6641.017463] alloc_cross_bitmap: preallocate 268435456 pg, nr_longs=4194304 in 4 millisec
[ 6641.027706] alloc_cross_bitmap: preallocate 268435456 pg, nr_longs=4194304 in 0 millisec
[ 6641.037993] alloc_cross_bitmap: preallocate 268435456 pg, nr_longs=4194304 in 4 millisec
[ 6641.047896] alloc_cross_bitmap: preallocate 268435456 pg, nr_longs=4194304 in 0 millisec
[ 6641.057983] alloc_cross_bitmap: preallocate 268435456 pg, nr_longs=4194304 in 4 millisec
[ 6641.067929] alloc_cross_bitmap: preallocate 268435456 pg, nr_longs=4194304 in 0 millisec
[ 6641.078183] alloc_cross_bitmap: preallocate 268435456 pg, nr_longs=4194304 in 4 millisec
[ 6641.088402] alloc_cross_bitmap: preallocate 268435456 pg, nr_longs=4194304 in 0 millisec
[ 6641.098573] alloc_cross_bitmap: preallocate 268435456 pg, nr_longs=4194304 in 4 millisec
[ 6641.108716] alloc_cross_bitmap: preallocate 268435456 pg, nr_longs=4194304 in 4 millisec
[ 6641.118833] alloc_cross_bitmap: preallocate 268435456 pg, nr_longs=4194304 in 4 millisec
[ 6641.128954] alloc_cross_bitmap: preallocate 268435456 pg, nr_longs=4194304 in 4 millisec
[ 6641.139459] alloc_cross_bitmap: preallocate 268435456 pg, nr_longs=4194304 in 4 millisec
[ 6641.149693] alloc_cross_bitmap: preallocate 268435456 pg, nr_longs=4194304 in 4 millisec
[ 6641.159756] alloc_cross_bitmap: preallocate 268435456 pg, nr_longs=4194304 in 0 millisec
[ 6641.169887] alloc_cross_bitmap: preallocate 268435456 pg, nr_longs=4194304 in 4 millisec
[ 6641.180617] alloc_cross_bitmap: preallocate 268435456 pg, nr_longs=4194304 in 4 millisec
[ 6641.190827] alloc_cross_bitmap: preallocate 268435456 pg, nr_longs=4194304 in 4 millisec
[ 6641.201060] alloc_cross_bitmap: preallocate 268435456 pg, nr_longs=4194304 in 4 millisec
[ 6641.211371] alloc_cross_bitmap: preallocate 268435456 pg, nr_longs=4194304 in 4 millisec
[ 6641.221964] alloc_cross_bitmap: preallocate 268435456 pg, nr_longs=4194304 in 4 millisec
[ 6641.224684] free_cross_bitmap: releasing mem for inode with i_count 2
[ 6641.232591] free_cross_bitmap: releasing mem for inode with i_count 2
[ 6641.240547] free_cross_bitmap: releasing mem for inode with i_count 2
[ 6641.248383] free_cross_bitmap: releasing mem for inode with i_count 2
[ 6641.256316] free_cross_bitmap: releasing mem for inode with i_count 2
[ 6641.264188] free_cross_bitmap: releasing mem for inode with i_count 2
[ 6641.272471] free_cross_bitmap: releasing mem for inode with i_count 2
[ 6641.280426] free_cross_bitmap: releasing mem for inode with i_count 2
[ 6641.288365] free_cross_bitmap: releasing mem for inode with i_count 2
[ 6641.296282] free_cross_bitmap: releasing mem for inode with i_count 2
[ 6641.304175] free_cross_bitmap: releasing mem for inode with i_count 2
[ 6641.312055] free_cross_bitmap: releasing mem for inode with i_count 2
[ 6641.320273] free_cross_bitmap: releasing mem for inode with i_count 2
[ 6641.328273] free_cross_bitmap: releasing mem for inode with i_count 2
[ 6641.336342] free_cross_bitmap: releasing mem for inode with i_count 2
[ 6641.344567] free_cross_bitmap: releasing mem for inode with i_count 2
[ 6641.352785] free_cross_bitmap: releasing mem for inode with i_count 2
[ 6641.360883] free_cross_bitmap: releasing mem for inode with i_count 2
[ 6641.369324] free_cross_bitmap: releasing mem for inode with i_count 2
[ 6641.377407] free_cross_bitmap: releasing mem for inode with i_count 2
[ 6641.385508] free_cross_bitmap: releasing mem for inode with i_count 2
[ 6641.393563] free_cross_bitmap: releasing mem for inode with i_count 2
[ 6641.401691] free_cross_bitmap: releasing mem for inode with i_count 2
[ 6641.409743] free_cross_bitmap: releasing mem for inode with i_count 2
[ 6641.418944] free_cross_bitmap: releasing mem for inode with i_count 2
[ 6641.427410] free_cross_bitmap: releasing mem for inode with i_count 2
[ 6641.435446] free_cross_bitmap: releasing mem for inode with i_count 2
[ 6641.443470] free_cross_bitmap: releasing mem for inode with i_count 2
[ 6641.451464] free_cross_bitmap: releasing mem for inode with i_count 2
[ 6641.459449] free_cross_bitmap: releasing mem for inode with i_count 2
[ 6641.467832] free_cross_bitmap: releasing mem for inode with i_count 2
[ 6641.475863] free_cross_bitmap: releasing mem for inode with i_count 2
[ 6641.483938] free_cross_bitmap: releasing mem for inode with i_count 2
[ 6641.491971] free_cross_bitmap: releasing mem for inode with i_count 2
[ 6641.500019] free_cross_bitmap: releasing mem for inode with i_count 2
[ 6641.508096] free_cross_bitmap: releasing mem for inode with i_count 2
[ 6641.517116] free_cross_bitmap: releasing mem for inode with i_count 2
[ 6641.525811] free_cross_bitmap: releasing mem for inode with i_count 2
[ 6641.534489] free_cross_bitmap: releasing mem for inode with i_count 2
[ 6641.542794] free_cross_bitmap: releasing mem for inode with i_count 2
[ 6641.550857] free_cross_bitmap: releasing mem for inode with i_count 2
[ 6641.558963] free_cross_bitmap: releasing mem for inode with i_count 2
[ 6641.567383] free_cross_bitmap: releasing mem for inode with i_count 2
[ 6641.575409] free_cross_bitmap: releasing mem for inode with i_count 2
[ 6641.583478] free_cross_bitmap: releasing mem for inode with i_count 2
[ 6641.591490] free_cross_bitmap: releasing mem for inode with i_count 2
[ 6641.599486] free_cross_bitmap: releasing mem for inode with i_count 2
[ 6641.607438] free_cross_bitmap: releasing mem for inode with i_count 2
[ 6641.615886] free_cross_bitmap: releasing mem for inode with i_count 2
[ 6641.692751] write_proc: Value of write = 0
[ 6641.692772] __do_sys_start_cross_trace: PRINT_GLOBAL_STATS 
[ 6641.692773] Final GlobalReport: nr_pages_read:8601563892, nr_pages_hit:8407385673, nr_do_read_fault:839711, nr_pages_miss:63823301
[ 6641.692825] FinalTaskReport: db_bench:35896 - ra_orig_nr_pages:0, ra_final_nr_pages:0
                                        async_pages:936, final_async_pages:1816
                                        full_pfetches:0, less256_pfetches:0, partial_pfetches:0
                                        failed_pfetches:0, total_pfetches:0, os_pfetches:78
                                        nr_pages_read:1336, nr_pages_hit:681, nr_do_read_fault:170
[ 6641.695337] write_proc: Value of write = 0
[ 6641.695352] __do_sys_start_cross_trace: PRINT_GLOBAL_STATS 
[ 6641.695353] Final GlobalReport: nr_pages_read:8601563892, nr_pages_hit:8407385673, nr_do_read_fault:839716, nr_pages_miss:63823301
[ 6641.695393] FinalTaskReport: time:35887 - ra_orig_nr_pages:0, ra_final_nr_pages:0
                                        async_pages:0, final_async_pages:51
                                        full_pfetches:0, less256_pfetches:0, partial_pfetches:0
                                        failed_pfetches:0, total_pfetches:0, os_pfetches:3
                                        nr_pages_read:0, nr_pages_hit:0, nr_do_read_fault:19
