RocksDB:    version 7.6.0
Date:       Sat Oct  8 00:17:21 2022
CPU:        128 * AMD EPYC 7543 32-Core Processor
CPUCache:   512 KB
entries_per_batch = 1
Initializing RocksDB Options from the specified file
Initializing RocksDB Options from command-line flags
Integrated BlobDB: blob cache disabled
Keys:       1000 bytes each (+ 0 bytes user-defined timestamp)
Values:     4096 bytes each (2048 bytes after compression)
Entries:    0
Prefix:    0 bytes
Keys per prefix:    0
RawSize:    0.0 MB (estimated)
FileSize:   0.0 MB (estimated)
Write rate: 0 bytes/second
Read rate: 0 ops/second
Compression: Snappy
Compression sampling rate: 0
Memtablerep: SkipListFactory
Perf Level: 1
------------------------------------------------
DB path: [/users/kannan11/ssd/prefetching/appbench/apps/rocksdb/DATA]
multireadrandom :       8.000 micros/op 76923 ops/sec 0.000 seconds 1 operations; (0 of 0 found)
DESTRUCTOR GETTING CALLED 
PRINT_GLOBAL_LIB_STATS in dest
Total nr_ra = 0
Total nr_bytes_ra = 0
	Command being timed: "./db_bench --db=/users/kannan11/ssd/prefetching/appbench/apps/rocksdb/DATA --value_size=4096 --wal_dir=/users/kannan11/ssd/prefetching/appbench/apps/rocksdb/DATA/WAL_LOG --sync=0 --key_size=1000 --write_buffer_size=67108864 --num=0 --seed=1576170874 --benchmarks=multireadrandom --use_existing_db=1 --mmap_read=0 --threads=1"
	User time (seconds): 0.14
	System time (seconds): 0.31
	Percent of CPU this job got: 120%
	Elapsed (wall clock) time (h:mm:ss or m:ss): 0:00.37
	Average shared text size (kbytes): 0
	Average unshared data size (kbytes): 0
	Average stack size (kbytes): 0
	Average total size (kbytes): 0
	Maximum resident set size (kbytes): 430980
	Average resident set size (kbytes): 0
	Major (requiring I/O) page faults: 86
	Minor (reclaiming a frame) page faults: 107602
	Voluntary context switches: 4938
	Involuntary context switches: 12
	Swaps: 0
	File system inputs: 502192
	File system outputs: 6576
	Socket messages sent: 0
	Socket messages received: 0
	Signals delivered: 0
	Page size (bytes): 4096
	Exit status: 0
DESTRUCTOR GETTING CALLED 
PRINT_GLOBAL_LIB_STATS in dest
Total nr_ra = 0
Total nr_bytes_ra = 0
[35556.408106] sh (44115): drop_caches: 3
[35556.454622] sh (44120): drop_caches: 3
[35561.488036] write_proc_unbounded: Value of write = 0
[35561.488049] write_proc_2mb_limit: Value of write = 0
[35561.488055] write_proc_bitmap_shift: Value of write = 34
[35561.494868] write_proc_unbounded: Value of write = 0
[35561.494884] write_proc_2mb_limit: Value of write = 0
[35561.494890] write_proc_bitmap_shift: Value of write = 34
[35561.862883] write_proc_unbounded: Value of write = 0
[35561.862896] write_proc_2mb_limit: Value of write = 0
[35561.868349] write_proc_unbounded: Value of write = 0
[35561.868360] write_proc_2mb_limit: Value of write = 0
