ENABLE_FILE_STATS in con
ENABLE_FILE_STATS in con
RocksDB:    version 6.20
Date:       Wed Aug 10 18:36:08 2022
CPU:        48 * AMD EPYC 7402P 24-Core Processor
CPUCache:   512 KB
Initializing RocksDB Options from the specified file
Initializing RocksDB Options from command-line flags
Keys:       1000 bytes each (+ 0 bytes user-defined timestamp)
Values:     4096 bytes each (2048 bytes after compression)
Entries:    2000000
Prefix:    0 bytes
Keys per prefix:    0
RawSize:    9719.8 MB (estimated)
FileSize:   5813.6 MB (estimated)
Write rate: 0 bytes/second
Read rate: 0 ops/second
Compression: Snappy
Compression sampling rate: 0
Memtablerep: skip_list
Perf Level: 1
------------------------------------------------
DB path: [/users/kannan11/ssd/sudarsun/prefetching/appbench/apps/rocksdb/DATA]
readreverse  :   53281.000 micros/op 531 ops/sec;
DESTRUCTOR GETTING CALLED 
PRINT_GLOBAL_STATS in dest
	Command being timed: "./db_bench --db=/users/kannan11/ssd/sudarsun/prefetching/appbench/apps/rocksdb/DATA --value_size=4096 --wal_dir=/users/kannan11/ssd/sudarsun/prefetching/appbench/apps/rocksdb/DATA/WAL_LOG --sync=0 --key_size=1000 --write_buffer_size=67108864 --num=2000000 --benchmarks=readreverse --use_existing_db=1 --mmap_read=0 --threads=32"
	User time (seconds): 0.23
	System time (seconds): 5.95
	Percent of CPU this job got: 365%
	Elapsed (wall clock) time (h:mm:ss or m:ss): 0:01.69
	Average shared text size (kbytes): 0
	Average unshared data size (kbytes): 0
	Average stack size (kbytes): 0
	Average total size (kbytes): 0
	Maximum resident set size (kbytes): 6208364
	Average resident set size (kbytes): 0
	Major (requiring I/O) page faults: 82
	Minor (reclaiming a frame) page faults: 1550944
	Voluntary context switches: 5412
	Involuntary context switches: 1
	Swaps: 0
	File system inputs: 126752
	File system outputs: 1664
	Socket messages sent: 0
	Socket messages received: 0
	Signals delivered: 0
	Page size (bytes): 4096
	Exit status: 0
DESTRUCTOR GETTING CALLED 
PRINT_GLOBAL_STATS in dest
[ 9451.818374] free_cross_bitmap: releasing mem for inode with i_count 2
[ 9451.825680] free_cross_bitmap: releasing mem for inode with i_count 2
[ 9451.832892] free_cross_bitmap: releasing mem for inode with i_count 2
[ 9451.840428] free_cross_bitmap: releasing mem for inode with i_count 2
[ 9451.847393] free_cross_bitmap: releasing mem for inode with i_count 2
[ 9451.854339] free_cross_bitmap: releasing mem for inode with i_count 2
[ 9451.861259] free_cross_bitmap: releasing mem for inode with i_count 2
[ 9451.868241] free_cross_bitmap: releasing mem for inode with i_count 2
[ 9451.875176] free_cross_bitmap: releasing mem for inode with i_count 2
[ 9451.882524] free_cross_bitmap: releasing mem for inode with i_count 2
[ 9451.889495] free_cross_bitmap: releasing mem for inode with i_count 2
[ 9451.896657] free_cross_bitmap: releasing mem for inode with i_count 2
[ 9451.903620] free_cross_bitmap: releasing mem for inode with i_count 2
[ 9451.910833] free_cross_bitmap: releasing mem for inode with i_count 2
[ 9451.917797] free_cross_bitmap: releasing mem for inode with i_count 2
[ 9451.925194] free_cross_bitmap: releasing mem for inode with i_count 2
[ 9451.932279] free_cross_bitmap: releasing mem for inode with i_count 2
[ 9451.939505] free_cross_bitmap: releasing mem for inode with i_count 2
[ 9451.946445] free_cross_bitmap: releasing mem for inode with i_count 2
[ 9451.953462] free_cross_bitmap: releasing mem for inode with i_count 2
[ 9451.960568] free_cross_bitmap: releasing mem for inode with i_count 2
[ 9451.968050] free_cross_bitmap: releasing mem for inode with i_count 2
[ 9451.975092] free_cross_bitmap: releasing mem for inode with i_count 2
[ 9451.981999] free_cross_bitmap: releasing mem for inode with i_count 2
[ 9451.989036] free_cross_bitmap: releasing mem for inode with i_count 2
[ 9451.995963] free_cross_bitmap: releasing mem for inode with i_count 2
[ 9452.003016] free_cross_bitmap: releasing mem for inode with i_count 2
[ 9452.010552] free_cross_bitmap: releasing mem for inode with i_count 2
[ 9452.017584] free_cross_bitmap: releasing mem for inode with i_count 2
[ 9452.024519] free_cross_bitmap: releasing mem for inode with i_count 2
[ 9452.031728] free_cross_bitmap: releasing mem for inode with i_count 2
[ 9452.038950] free_cross_bitmap: releasing mem for inode with i_count 2
[ 9452.046143] free_cross_bitmap: releasing mem for inode with i_count 2
[ 9452.053505] free_cross_bitmap: releasing mem for inode with i_count 2
[ 9452.060691] free_cross_bitmap: releasing mem for inode with i_count 2
[ 9452.067886] free_cross_bitmap: releasing mem for inode with i_count 2
[ 9452.075132] free_cross_bitmap: releasing mem for inode with i_count 2
[ 9452.082073] free_cross_bitmap: releasing mem for inode with i_count 2
[ 9452.089221] free_cross_bitmap: releasing mem for inode with i_count 2
[ 9452.096492] free_cross_bitmap: releasing mem for inode with i_count 2
[ 9452.103464] free_cross_bitmap: releasing mem for inode with i_count 2
[ 9452.110504] free_cross_bitmap: releasing mem for inode with i_count 2
[ 9452.117483] free_cross_bitmap: releasing mem for inode with i_count 2
[ 9452.124501] free_cross_bitmap: releasing mem for inode with i_count 2
[ 9452.131553] free_cross_bitmap: releasing mem for inode with i_count 2
[ 9452.138938] free_cross_bitmap: releasing mem for inode with i_count 2
[ 9452.145897] free_cross_bitmap: releasing mem for inode with i_count 2
[ 9452.152874] free_cross_bitmap: releasing mem for inode with i_count 2
[ 9452.159852] free_cross_bitmap: releasing mem for inode with i_count 2
[ 9452.166854] free_cross_bitmap: releasing mem for inode with i_count 2
[ 9452.173815] free_cross_bitmap: releasing mem for inode with i_count 2
[ 9452.181185] free_cross_bitmap: releasing mem for inode with i_count 2
[ 9452.188139] free_cross_bitmap: releasing mem for inode with i_count 2
[ 9452.195183] free_cross_bitmap: releasing mem for inode with i_count 2
[ 9452.202116] free_cross_bitmap: releasing mem for inode with i_count 2
[ 9452.209083] free_cross_bitmap: releasing mem for inode with i_count 2
[ 9452.216116] free_cross_bitmap: releasing mem for inode with i_count 2
[ 9452.223442] free_cross_bitmap: releasing mem for inode with i_count 2
[ 9452.230459] free_cross_bitmap: releasing mem for inode with i_count 2
[ 9452.237420] free_cross_bitmap: releasing mem for inode with i_count 2
[ 9452.244382] free_cross_bitmap: releasing mem for inode with i_count 2
[ 9452.251407] free_cross_bitmap: releasing mem for inode with i_count 2
[ 9452.258384] free_cross_bitmap: releasing mem for inode with i_count 2
[ 9452.265685] free_cross_bitmap: releasing mem for inode with i_count 2
[ 9452.272652] free_cross_bitmap: releasing mem for inode with i_count 2
[ 9452.279620] free_cross_bitmap: releasing mem for inode with i_count 2
[ 9452.286570] free_cross_bitmap: releasing mem for inode with i_count 2
[ 9452.293480] free_cross_bitmap: releasing mem for inode with i_count 2
[ 9452.300463] free_cross_bitmap: releasing mem for inode with i_count 2
[ 9452.307726] free_cross_bitmap: releasing mem for inode with i_count 2
[ 9452.314657] free_cross_bitmap: releasing mem for inode with i_count 2
[ 9452.321621] free_cross_bitmap: releasing mem for inode with i_count 2
[ 9452.328558] free_cross_bitmap: releasing mem for inode with i_count 2
[ 9452.335568] free_cross_bitmap: releasing mem for inode with i_count 2
[ 9452.342497] free_cross_bitmap: releasing mem for inode with i_count 2
[ 9452.349722] free_cross_bitmap: releasing mem for inode with i_count 2
[ 9452.356689] free_cross_bitmap: releasing mem for inode with i_count 2
[ 9452.363679] free_cross_bitmap: releasing mem for inode with i_count 2
[ 9452.370634] free_cross_bitmap: releasing mem for inode with i_count 2
[ 9452.377578] free_cross_bitmap: releasing mem for inode with i_count 2
[ 9452.384487] free_cross_bitmap: releasing mem for inode with i_count 2
[ 9452.391732] free_cross_bitmap: releasing mem for inode with i_count 2
[ 9452.398651] free_cross_bitmap: releasing mem for inode with i_count 2
[ 9452.405600] free_cross_bitmap: releasing mem for inode with i_count 2
[ 9452.412567] free_cross_bitmap: releasing mem for inode with i_count 2
[ 9452.419479] free_cross_bitmap: releasing mem for inode with i_count 2
[ 9452.426411] free_cross_bitmap: releasing mem for inode with i_count 2
[ 9452.433650] free_cross_bitmap: releasing mem for inode with i_count 2
[ 9452.440615] free_cross_bitmap: releasing mem for inode with i_count 2
[ 9452.447575] free_cross_bitmap: releasing mem for inode with i_count 2
[ 9452.454530] free_cross_bitmap: releasing mem for inode with i_count 2
[ 9452.461451] free_cross_bitmap: releasing mem for inode with i_count 2
[ 9452.468437] free_cross_bitmap: releasing mem for inode with i_count 2
[ 9452.475743] free_cross_bitmap: releasing mem for inode with i_count 2
[ 9452.482706] free_cross_bitmap: releasing mem for inode with i_count 2
[ 9452.489656] free_cross_bitmap: releasing mem for inode with i_count 2
[ 9452.496650] free_cross_bitmap: releasing mem for inode with i_count 2
[ 9452.503623] free_cross_bitmap: releasing mem for inode with i_count 2
[ 9452.510544] free_cross_bitmap: releasing mem for inode with i_count 2
[ 9452.517820] free_cross_bitmap: releasing mem for inode with i_count 2
[ 9452.524753] free_cross_bitmap: releasing mem for inode with i_count 2
[ 9452.531722] free_cross_bitmap: releasing mem for inode with i_count 2
[ 9452.538697] free_cross_bitmap: releasing mem for inode with i_count 2
[ 9452.545637] free_cross_bitmap: releasing mem for inode with i_count 2
[ 9452.552634] free_cross_bitmap: releasing mem for inode with i_count 2
[ 9452.559914] free_cross_bitmap: releasing mem for inode with i_count 2
[ 9452.566902] free_cross_bitmap: releasing mem for inode with i_count 2
[ 9452.573912] free_cross_bitmap: releasing mem for inode with i_count 2
[ 9452.580860] free_cross_bitmap: releasing mem for inode with i_count 2
[ 9452.587852] free_cross_bitmap: releasing mem for inode with i_count 2
[ 9452.594809] free_cross_bitmap: releasing mem for inode with i_count 2
[ 9452.602047] free_cross_bitmap: releasing mem for inode with i_count 2
[ 9452.608954] free_cross_bitmap: releasing mem for inode with i_count 2
[ 9452.615973] free_cross_bitmap: releasing mem for inode with i_count 2
[ 9452.622899] free_cross_bitmap: releasing mem for inode with i_count 2
[ 9452.629844] free_cross_bitmap: releasing mem for inode with i_count 2
[ 9452.636830] free_cross_bitmap: releasing mem for inode with i_count 2
[ 9452.644083] free_cross_bitmap: releasing mem for inode with i_count 2
[ 9452.651046] free_cross_bitmap: releasing mem for inode with i_count 2
[ 9452.657990] free_cross_bitmap: releasing mem for inode with i_count 2
[ 9452.664918] free_cross_bitmap: releasing mem for inode with i_count 2
[ 9452.671889] free_cross_bitmap: releasing mem for inode with i_count 2
[ 9452.678793] free_cross_bitmap: releasing mem for inode with i_count 2
[ 9452.686030] free_cross_bitmap: releasing mem for inode with i_count 2
[ 9452.692988] free_cross_bitmap: releasing mem for inode with i_count 2
[ 9452.699916] free_cross_bitmap: releasing mem for inode with i_count 2
[ 9452.706826] free_cross_bitmap: releasing mem for inode with i_count 2
[ 9452.713786] free_cross_bitmap: releasing mem for inode with i_count 2
[ 9452.720697] free_cross_bitmap: releasing mem for inode with i_count 2
[ 9452.728126] free_cross_bitmap: releasing mem for inode with i_count 2
[ 9452.735019] free_cross_bitmap: releasing mem for inode with i_count 2
[ 9452.741934] free_cross_bitmap: releasing mem for inode with i_count 2
[ 9452.748867] free_cross_bitmap: releasing mem for inode with i_count 2
[ 9452.755796] free_cross_bitmap: releasing mem for inode with i_count 2
[ 9452.762736] free_cross_bitmap: releasing mem for inode with i_count 2
[ 9452.770035] free_cross_bitmap: releasing mem for inode with i_count 2
[ 9452.776987] free_cross_bitmap: releasing mem for inode with i_count 2
[ 9452.783934] free_cross_bitmap: releasing mem for inode with i_count 2
[ 9452.790841] free_cross_bitmap: releasing mem for inode with i_count 2
[ 9452.797767] free_cross_bitmap: releasing mem for inode with i_count 2
[ 9452.804722] free_cross_bitmap: releasing mem for inode with i_count 2
[ 9452.812131] free_cross_bitmap: releasing mem for inode with i_count 2
[ 9452.819075] free_cross_bitmap: releasing mem for inode with i_count 2
[ 9452.825985] free_cross_bitmap: releasing mem for inode with i_count 2
[ 9452.832936] free_cross_bitmap: releasing mem for inode with i_count 2
[ 9452.839873] free_cross_bitmap: releasing mem for inode with i_count 2
[ 9452.846760] free_cross_bitmap: releasing mem for inode with i_count 2
[ 9452.854026] free_cross_bitmap: releasing mem for inode with i_count 2
[ 9452.860915] free_cross_bitmap: releasing mem for inode with i_count 2
[ 9452.867849] free_cross_bitmap: releasing mem for inode with i_count 2
[ 9452.874811] free_cross_bitmap: releasing mem for inode with i_count 2
[ 9452.881714] free_cross_bitmap: releasing mem for inode with i_count 2
[ 9452.888629] free_cross_bitmap: releasing mem for inode with i_count 2
[ 9452.895911] free_cross_bitmap: releasing mem for inode with i_count 2
[ 9452.902844] free_cross_bitmap: releasing mem for inode with i_count 2
[ 9452.909752] free_cross_bitmap: releasing mem for inode with i_count 2
[ 9452.916661] free_cross_bitmap: releasing mem for inode with i_count 2
[ 9452.923620] free_cross_bitmap: releasing mem for inode with i_count 2
[ 9452.930553] free_cross_bitmap: releasing mem for inode with i_count 2
[ 9452.937811] free_cross_bitmap: releasing mem for inode with i_count 2
[ 9452.944764] free_cross_bitmap: releasing mem for inode with i_count 2
[ 9452.951675] free_cross_bitmap: releasing mem for inode with i_count 2
[ 9452.958612] free_cross_bitmap: releasing mem for inode with i_count 2
[ 9452.965550] free_cross_bitmap: releasing mem for inode with i_count 2
[ 9452.972448] free_cross_bitmap: releasing mem for inode with i_count 2
[ 9452.979682] free_cross_bitmap: releasing mem for inode with i_count 2
[ 9452.986568] free_cross_bitmap: releasing mem for inode with i_count 2
[ 9452.993464] free_cross_bitmap: releasing mem for inode with i_count 2
[ 9453.000373] free_cross_bitmap: releasing mem for inode with i_count 2
[ 9453.007258] free_cross_bitmap: releasing mem for inode with i_count 2
[ 9453.014211] free_cross_bitmap: releasing mem for inode with i_count 2
[ 9453.021687] free_cross_bitmap: releasing mem for inode with i_count 2
[ 9453.028587] free_cross_bitmap: releasing mem for inode with i_count 2
[ 9453.035495] free_cross_bitmap: releasing mem for inode with i_count 2
[ 9453.042399] free_cross_bitmap: releasing mem for inode with i_count 2
[ 9453.049321] free_cross_bitmap: releasing mem for inode with i_count 2
[ 9453.056254] free_cross_bitmap: releasing mem for inode with i_count 2
[ 9453.063674] free_cross_bitmap: releasing mem for inode with i_count 2
[ 9453.070624] free_cross_bitmap: releasing mem for inode with i_count 2
[ 9453.077522] free_cross_bitmap: releasing mem for inode with i_count 2
[ 9453.084419] free_cross_bitmap: releasing mem for inode with i_count 2
[ 9453.091339] free_cross_bitmap: releasing mem for inode with i_count 2
[ 9453.098224] free_cross_bitmap: releasing mem for inode with i_count 2
[ 9453.105446] free_cross_bitmap: releasing mem for inode with i_count 2
[ 9453.112356] free_cross_bitmap: releasing mem for inode with i_count 2
[ 9453.121152] free_cross_bitmap: releasing mem for inode with i_count 2
[ 9453.128404] sh (15570): drop_caches: 3
[ 9453.159484] sh (15761): drop_caches: 3
[ 9458.184742] Enabled file stats for time:15768
[ 9458.184945] write_proc: Value of write = 0
[ 9458.190004] Enabled file stats for db_bench:15777
[ 9458.190179] write_proc: Value of write = 0
[ 9458.241170] alloc_cross_bitmap: preallocate 268435456 pg, nr_longs=4194304 in 8 millisec
[ 9458.243446] alloc_cross_bitmap: preallocate 268435456 pg, nr_longs=4194304 in 12 millisec
[ 9458.245156] alloc_cross_bitmap: preallocate 268435456 pg, nr_longs=4194304 in 12 millisec
[ 9458.245653] alloc_cross_bitmap: preallocate 268435456 pg, nr_longs=4194304 in 12 millisec
[ 9458.245752] alloc_cross_bitmap: preallocate 268435456 pg, nr_longs=4194304 in 12 millisec
[ 9458.247032] alloc_cross_bitmap: preallocate 268435456 pg, nr_longs=4194304 in 16 millisec
[ 9458.247598] alloc_cross_bitmap: preallocate 268435456 pg, nr_longs=4194304 in 16 millisec
[ 9458.247617] alloc_cross_bitmap: preallocate 268435456 pg, nr_longs=4194304 in 16 millisec
[ 9458.247694] alloc_cross_bitmap: preallocate 268435456 pg, nr_longs=4194304 in 16 millisec
[ 9458.247706] alloc_cross_bitmap: preallocate 268435456 pg, nr_longs=4194304 in 16 millisec
[ 9458.247762] alloc_cross_bitmap: preallocate 268435456 pg, nr_longs=4194304 in 16 millisec
[ 9458.247760] alloc_cross_bitmap: preallocate 268435456 pg, nr_longs=4194304 in 16 millisec
[ 9458.247785] alloc_cross_bitmap: preallocate 268435456 pg, nr_longs=4194304 in 16 millisec
[ 9458.248464] alloc_cross_bitmap: preallocate 268435456 pg, nr_longs=4194304 in 16 millisec
[ 9458.248584] alloc_cross_bitmap: preallocate 268435456 pg, nr_longs=4194304 in 16 millisec
[ 9458.248856] alloc_cross_bitmap: preallocate 268435456 pg, nr_longs=4194304 in 16 millisec
[ 9458.263383] alloc_cross_bitmap: preallocate 268435456 pg, nr_longs=4194304 in 4 millisec
[ 9458.267558] alloc_cross_bitmap: preallocate 268435456 pg, nr_longs=4194304 in 4 millisec
[ 9458.272578] alloc_cross_bitmap: preallocate 268435456 pg, nr_longs=4194304 in 4 millisec
[ 9458.275150] alloc_cross_bitmap: preallocate 268435456 pg, nr_longs=4194304 in 4 millisec
[ 9458.275149] alloc_cross_bitmap: preallocate 268435456 pg, nr_longs=4194304 in 4 millisec
[ 9458.275990] alloc_cross_bitmap: preallocate 268435456 pg, nr_longs=4194304 in 4 millisec
[ 9458.279213] alloc_cross_bitmap: preallocate 268435456 pg, nr_longs=4194304 in 8 millisec
[ 9458.280121] alloc_cross_bitmap: preallocate 268435456 pg, nr_longs=4194304 in 8 millisec
[ 9458.280233] alloc_cross_bitmap: preallocate 268435456 pg, nr_longs=4194304 in 8 millisec
[ 9458.280483] alloc_cross_bitmap: preallocate 268435456 pg, nr_longs=4194304 in 8 millisec
[ 9458.280883] alloc_cross_bitmap: preallocate 268435456 pg, nr_longs=4194304 in 8 millisec
[ 9458.282220] alloc_cross_bitmap: preallocate 268435456 pg, nr_longs=4194304 in 12 millisec
[ 9458.282229] alloc_cross_bitmap: preallocate 268435456 pg, nr_longs=4194304 in 12 millisec
[ 9458.282253] alloc_cross_bitmap: preallocate 268435456 pg, nr_longs=4194304 in 12 millisec
[ 9458.283909] alloc_cross_bitmap: preallocate 268435456 pg, nr_longs=4194304 in 4 millisec
[ 9458.287964] alloc_cross_bitmap: preallocate 268435456 pg, nr_longs=4194304 in 4 millisec
[ 9458.296122] alloc_cross_bitmap: preallocate 268435456 pg, nr_longs=4194304 in 4 millisec
[ 9458.301803] alloc_cross_bitmap: preallocate 268435456 pg, nr_longs=4194304 in 4 millisec
[ 9458.303763] alloc_cross_bitmap: preallocate 268435456 pg, nr_longs=4194304 in 4 millisec
[ 9458.307921] alloc_cross_bitmap: preallocate 268435456 pg, nr_longs=4194304 in 4 millisec
[ 9458.308945] alloc_cross_bitmap: preallocate 268435456 pg, nr_longs=4194304 in 4 millisec
[ 9458.311532] alloc_cross_bitmap: preallocate 268435456 pg, nr_longs=4194304 in 4 millisec
[ 9458.313141] alloc_cross_bitmap: preallocate 268435456 pg, nr_longs=4194304 in 4 millisec
[ 9458.313271] alloc_cross_bitmap: preallocate 268435456 pg, nr_longs=4194304 in 4 millisec
[ 9458.315393] alloc_cross_bitmap: preallocate 268435456 pg, nr_longs=4194304 in 8 millisec
[ 9458.316024] alloc_cross_bitmap: preallocate 268435456 pg, nr_longs=4194304 in 8 millisec
[ 9458.316283] alloc_cross_bitmap: preallocate 268435456 pg, nr_longs=4194304 in 4 millisec
[ 9458.318091] alloc_cross_bitmap: preallocate 268435456 pg, nr_longs=4194304 in 8 millisec
[ 9458.318283] alloc_cross_bitmap: preallocate 268435456 pg, nr_longs=4194304 in 12 millisec
[ 9458.318293] alloc_cross_bitmap: preallocate 268435456 pg, nr_longs=4194304 in 12 millisec
[ 9458.321983] alloc_cross_bitmap: preallocate 268435456 pg, nr_longs=4194304 in 4 millisec
[ 9458.322072] alloc_cross_bitmap: preallocate 268435456 pg, nr_longs=4194304 in 4 millisec
[ 9458.325024] alloc_cross_bitmap: preallocate 268435456 pg, nr_longs=4194304 in 4 millisec
[ 9458.325146] alloc_cross_bitmap: preallocate 268435456 pg, nr_longs=4194304 in 4 millisec
[ 9458.327391] alloc_cross_bitmap: preallocate 268435456 pg, nr_longs=4194304 in 4 millisec
[ 9458.329314] alloc_cross_bitmap: preallocate 268435456 pg, nr_longs=4194304 in 4 millisec
[ 9458.330165] alloc_cross_bitmap: preallocate 268435456 pg, nr_longs=4194304 in 0 millisec
[ 9458.391770] alloc_cross_bitmap: preallocate 268435456 pg, nr_longs=4194304 in 0 millisec
[ 9458.394474] alloc_cross_bitmap: preallocate 268435456 pg, nr_longs=4194304 in 8 millisec
[ 9458.395035] alloc_cross_bitmap: preallocate 268435456 pg, nr_longs=4194304 in 8 millisec
[ 9458.396886] alloc_cross_bitmap: preallocate 268435456 pg, nr_longs=4194304 in 8 millisec
[ 9458.397177] alloc_cross_bitmap: preallocate 268435456 pg, nr_longs=4194304 in 8 millisec
[ 9458.397343] alloc_cross_bitmap: preallocate 268435456 pg, nr_longs=4194304 in 8 millisec
[ 9458.398432] alloc_cross_bitmap: preallocate 268435456 pg, nr_longs=4194304 in 12 millisec
[ 9458.398488] alloc_cross_bitmap: preallocate 268435456 pg, nr_longs=4194304 in 12 millisec
[ 9458.399797] alloc_cross_bitmap: preallocate 268435456 pg, nr_longs=4194304 in 12 millisec
[ 9458.399826] alloc_cross_bitmap: preallocate 268435456 pg, nr_longs=4194304 in 12 millisec
[ 9458.399834] alloc_cross_bitmap: preallocate 268435456 pg, nr_longs=4194304 in 12 millisec
[ 9458.399854] alloc_cross_bitmap: preallocate 268435456 pg, nr_longs=4194304 in 12 millisec
[ 9458.400112] alloc_cross_bitmap: preallocate 268435456 pg, nr_longs=4194304 in 12 millisec
[ 9458.400664] alloc_cross_bitmap: preallocate 268435456 pg, nr_longs=4194304 in 12 millisec
[ 9458.400728] alloc_cross_bitmap: preallocate 268435456 pg, nr_longs=4194304 in 12 millisec
[ 9458.413702] alloc_cross_bitmap: preallocate 268435456 pg, nr_longs=4194304 in 4 millisec
[ 9458.420787] alloc_cross_bitmap: preallocate 268435456 pg, nr_longs=4194304 in 4 millisec
[ 9458.424338] alloc_cross_bitmap: preallocate 268435456 pg, nr_longs=4194304 in 4 millisec
[ 9458.427561] alloc_cross_bitmap: preallocate 268435456 pg, nr_longs=4194304 in 4 millisec
[ 9458.429220] alloc_cross_bitmap: preallocate 268435456 pg, nr_longs=4194304 in 4 millisec
[ 9458.429530] alloc_cross_bitmap: preallocate 268435456 pg, nr_longs=4194304 in 4 millisec
[ 9458.430905] alloc_cross_bitmap: preallocate 268435456 pg, nr_longs=4194304 in 8 millisec
[ 9458.431768] alloc_cross_bitmap: preallocate 268435456 pg, nr_longs=4194304 in 8 millisec
[ 9458.433697] alloc_cross_bitmap: preallocate 268435456 pg, nr_longs=4194304 in 4 millisec
[ 9458.435104] alloc_cross_bitmap: preallocate 268435456 pg, nr_longs=4194304 in 8 millisec
[ 9458.435781] alloc_cross_bitmap: preallocate 268435456 pg, nr_longs=4194304 in 8 millisec
[ 9458.436076] alloc_cross_bitmap: preallocate 268435456 pg, nr_longs=4194304 in 8 millisec
[ 9458.436244] alloc_cross_bitmap: preallocate 268435456 pg, nr_longs=4194304 in 8 millisec
[ 9458.437562] alloc_cross_bitmap: preallocate 268435456 pg, nr_longs=4194304 in 8 millisec
[ 9458.437624] alloc_cross_bitmap: preallocate 268435456 pg, nr_longs=4194304 in 8 millisec
[ 9458.437693] alloc_cross_bitmap: preallocate 268435456 pg, nr_longs=4194304 in 8 millisec
[ 9458.438390] alloc_cross_bitmap: preallocate 268435456 pg, nr_longs=4194304 in 4 millisec
[ 9458.443231] alloc_cross_bitmap: preallocate 268435456 pg, nr_longs=4194304 in 4 millisec
[ 9458.447875] alloc_cross_bitmap: preallocate 268435456 pg, nr_longs=4194304 in 4 millisec
[ 9458.452630] alloc_cross_bitmap: preallocate 268435456 pg, nr_longs=4194304 in 4 millisec
[ 9458.457251] alloc_cross_bitmap: preallocate 268435456 pg, nr_longs=4194304 in 4 millisec
[ 9458.457863] alloc_cross_bitmap: preallocate 268435456 pg, nr_longs=4194304 in 4 millisec
[ 9458.460379] alloc_cross_bitmap: preallocate 268435456 pg, nr_longs=4194304 in 4 millisec
[ 9458.462442] alloc_cross_bitmap: preallocate 268435456 pg, nr_longs=4194304 in 4 millisec
[ 9458.466938] alloc_cross_bitmap: preallocate 268435456 pg, nr_longs=4194304 in 8 millisec
[ 9458.468223] alloc_cross_bitmap: preallocate 268435456 pg, nr_longs=4194304 in 8 millisec
[ 9458.468317] alloc_cross_bitmap: preallocate 268435456 pg, nr_longs=4194304 in 8 millisec
[ 9458.468693] alloc_cross_bitmap: preallocate 268435456 pg, nr_longs=4194304 in 4 millisec
[ 9458.469008] alloc_cross_bitmap: preallocate 268435456 pg, nr_longs=4194304 in 8 millisec
[ 9458.470265] alloc_cross_bitmap: preallocate 268435456 pg, nr_longs=4194304 in 8 millisec
[ 9458.470538] alloc_cross_bitmap: preallocate 268435456 pg, nr_longs=4194304 in 8 millisec
[ 9458.471208] alloc_cross_bitmap: preallocate 268435456 pg, nr_longs=4194304 in 4 millisec
[ 9458.471587] alloc_cross_bitmap: preallocate 268435456 pg, nr_longs=4194304 in 8 millisec
[ 9458.471605] alloc_cross_bitmap: preallocate 268435456 pg, nr_longs=4194304 in 8 millisec
[ 9458.472806] alloc_cross_bitmap: preallocate 268435456 pg, nr_longs=4194304 in 4 millisec
[ 9458.480641] alloc_cross_bitmap: preallocate 268435456 pg, nr_longs=4194304 in 4 millisec
[ 9458.483012] alloc_cross_bitmap: preallocate 268435456 pg, nr_longs=4194304 in 4 millisec
[ 9458.486142] alloc_cross_bitmap: preallocate 268435456 pg, nr_longs=4194304 in 0 millisec
[ 9458.491709] alloc_cross_bitmap: preallocate 268435456 pg, nr_longs=4194304 in 4 millisec
[ 9458.495250] alloc_cross_bitmap: preallocate 268435456 pg, nr_longs=4194304 in 8 millisec
[ 9458.495423] alloc_cross_bitmap: preallocate 268435456 pg, nr_longs=4194304 in 8 millisec
[ 9458.495797] alloc_cross_bitmap: preallocate 268435456 pg, nr_longs=4194304 in 8 millisec
[ 9458.496073] alloc_cross_bitmap: preallocate 268435456 pg, nr_longs=4194304 in 8 millisec
[ 9458.496596] alloc_cross_bitmap: preallocate 268435456 pg, nr_longs=4194304 in 8 millisec
[ 9458.496620] alloc_cross_bitmap: preallocate 268435456 pg, nr_longs=4194304 in 8 millisec
[ 9458.496982] alloc_cross_bitmap: preallocate 268435456 pg, nr_longs=4194304 in 4 millisec
[ 9458.540514] alloc_cross_bitmap: preallocate 268435456 pg, nr_longs=4194304 in 4 millisec
[ 9458.542327] alloc_cross_bitmap: preallocate 268435456 pg, nr_longs=4194304 in 8 millisec
[ 9458.543422] alloc_cross_bitmap: preallocate 268435456 pg, nr_longs=4194304 in 8 millisec
[ 9458.544628] alloc_cross_bitmap: preallocate 268435456 pg, nr_longs=4194304 in 8 millisec
[ 9458.545617] alloc_cross_bitmap: preallocate 268435456 pg, nr_longs=4194304 in 8 millisec
[ 9458.545992] alloc_cross_bitmap: preallocate 268435456 pg, nr_longs=4194304 in 8 millisec
[ 9458.546786] alloc_cross_bitmap: preallocate 268435456 pg, nr_longs=4194304 in 12 millisec
[ 9458.546812] alloc_cross_bitmap: preallocate 268435456 pg, nr_longs=4194304 in 12 millisec
[ 9458.547324] alloc_cross_bitmap: preallocate 268435456 pg, nr_longs=4194304 in 12 millisec
[ 9458.547801] alloc_cross_bitmap: preallocate 268435456 pg, nr_longs=4194304 in 12 millisec
[ 9458.547941] alloc_cross_bitmap: preallocate 268435456 pg, nr_longs=4194304 in 12 millisec
[ 9458.547955] alloc_cross_bitmap: preallocate 268435456 pg, nr_longs=4194304 in 12 millisec
[ 9458.548655] alloc_cross_bitmap: preallocate 268435456 pg, nr_longs=4194304 in 12 millisec
[ 9458.548775] alloc_cross_bitmap: preallocate 268435456 pg, nr_longs=4194304 in 12 millisec
[ 9458.548906] alloc_cross_bitmap: preallocate 268435456 pg, nr_longs=4194304 in 12 millisec
[ 9458.563948] alloc_cross_bitmap: preallocate 268435456 pg, nr_longs=4194304 in 4 millisec
[ 9458.570856] alloc_cross_bitmap: preallocate 268435456 pg, nr_longs=4194304 in 4 millisec
[ 9458.571559] alloc_cross_bitmap: preallocate 268435456 pg, nr_longs=4194304 in 4 millisec
[ 9458.575513] alloc_cross_bitmap: preallocate 268435456 pg, nr_longs=4194304 in 4 millisec
[ 9458.577130] alloc_cross_bitmap: preallocate 268435456 pg, nr_longs=4194304 in 4 millisec
[ 9458.578231] alloc_cross_bitmap: preallocate 268435456 pg, nr_longs=4194304 in 8 millisec
[ 9458.580550] alloc_cross_bitmap: preallocate 268435456 pg, nr_longs=4194304 in 8 millisec
[ 9458.580997] alloc_cross_bitmap: preallocate 268435456 pg, nr_longs=4194304 in 8 millisec
[ 9458.581275] alloc_cross_bitmap: preallocate 268435456 pg, nr_longs=4194304 in 8 millisec
[ 9458.582988] alloc_cross_bitmap: preallocate 268435456 pg, nr_longs=4194304 in 8 millisec
[ 9458.584089] alloc_cross_bitmap: preallocate 268435456 pg, nr_longs=4194304 in 8 millisec
[ 9458.584237] alloc_cross_bitmap: preallocate 268435456 pg, nr_longs=4194304 in 8 millisec
[ 9458.584251] alloc_cross_bitmap: preallocate 268435456 pg, nr_longs=4194304 in 8 millisec
[ 9458.584551] alloc_cross_bitmap: preallocate 268435456 pg, nr_longs=4194304 in 8 millisec
[ 9458.584940] alloc_cross_bitmap: preallocate 268435456 pg, nr_longs=4194304 in 8 millisec
[ 9458.584942] alloc_cross_bitmap: preallocate 268435456 pg, nr_longs=4194304 in 8 millisec
[ 9458.587285] alloc_cross_bitmap: preallocate 268435456 pg, nr_longs=4194304 in 4 millisec
[ 9458.593514] alloc_cross_bitmap: preallocate 268435456 pg, nr_longs=4194304 in 4 millisec
[ 9458.596465] alloc_cross_bitmap: preallocate 268435456 pg, nr_longs=4194304 in 4 millisec
[ 9458.602607] alloc_cross_bitmap: preallocate 268435456 pg, nr_longs=4194304 in 4 millisec
[ 9458.603900] alloc_cross_bitmap: preallocate 268435456 pg, nr_longs=4194304 in 4 millisec
[ 9458.606387] alloc_cross_bitmap: preallocate 268435456 pg, nr_longs=4194304 in 4 millisec
[ 9458.611687] alloc_cross_bitmap: preallocate 268435456 pg, nr_longs=4194304 in 4 millisec
[ 9458.611749] alloc_cross_bitmap: preallocate 268435456 pg, nr_longs=4194304 in 4 millisec
[ 9458.612706] alloc_cross_bitmap: preallocate 268435456 pg, nr_longs=4194304 in 4 millisec
[ 9458.615111] alloc_cross_bitmap: preallocate 268435456 pg, nr_longs=4194304 in 4 millisec
[ 9458.618529] alloc_cross_bitmap: preallocate 268435456 pg, nr_longs=4194304 in 8 millisec
[ 9458.618641] alloc_cross_bitmap: preallocate 268435456 pg, nr_longs=4194304 in 8 millisec
[ 9458.618749] alloc_cross_bitmap: preallocate 268435456 pg, nr_longs=4194304 in 8 millisec
[ 9458.619430] alloc_cross_bitmap: preallocate 268435456 pg, nr_longs=4194304 in 8 millisec
[ 9458.620765] alloc_cross_bitmap: preallocate 268435456 pg, nr_longs=4194304 in 8 millisec
[ 9458.620938] alloc_cross_bitmap: preallocate 268435456 pg, nr_longs=4194304 in 8 millisec
[ 9458.621065] alloc_cross_bitmap: preallocate 268435456 pg, nr_longs=4194304 in 8 millisec
[ 9458.621091] alloc_cross_bitmap: preallocate 268435456 pg, nr_longs=4194304 in 4 millisec
[ 9458.623304] alloc_cross_bitmap: preallocate 268435456 pg, nr_longs=4194304 in 4 millisec
[ 9458.629654] alloc_cross_bitmap: preallocate 268435456 pg, nr_longs=4194304 in 4 millisec
[ 9458.629753] alloc_cross_bitmap: preallocate 268435456 pg, nr_longs=4194304 in 4 millisec
[ 9458.631533] alloc_cross_bitmap: preallocate 268435456 pg, nr_longs=4194304 in 4 millisec
[ 9458.637281] alloc_cross_bitmap: preallocate 268435456 pg, nr_longs=4194304 in 4 millisec
[ 9458.637904] alloc_cross_bitmap: preallocate 268435456 pg, nr_longs=4194304 in 4 millisec
[ 9458.639040] alloc_cross_bitmap: preallocate 268435456 pg, nr_longs=4194304 in 8 millisec
[ 9458.641686] alloc_cross_bitmap: preallocate 268435456 pg, nr_longs=4194304 in 0 millisec
[ 9458.646000] alloc_cross_bitmap: preallocate 268435456 pg, nr_longs=4194304 in 0 millisec
[ 9458.647062] alloc_cross_bitmap: preallocate 268435456 pg, nr_longs=4194304 in 4 millisec
[ 9458.647595] alloc_cross_bitmap: preallocate 268435456 pg, nr_longs=4194304 in 4 millisec
[ 9458.650135] alloc_cross_bitmap: preallocate 268435456 pg, nr_longs=4194304 in 4 millisec
[ 9458.650356] alloc_cross_bitmap: preallocate 268435456 pg, nr_longs=4194304 in 8 millisec
[ 9458.658103] alloc_cross_bitmap: preallocate 268435456 pg, nr_longs=4194304 in 4 millisec
[ 9458.658342] alloc_cross_bitmap: preallocate 268435456 pg, nr_longs=4194304 in 8 millisec
[ 9458.658451] alloc_cross_bitmap: preallocate 268435456 pg, nr_longs=4194304 in 8 millisec
[ 9458.659329] alloc_cross_bitmap: preallocate 268435456 pg, nr_longs=4194304 in 4 millisec
[ 9458.662582] alloc_cross_bitmap: preallocate 268435456 pg, nr_longs=4194304 in 4 millisec
[ 9458.663613] alloc_cross_bitmap: preallocate 268435456 pg, nr_longs=4194304 in 4 millisec
[ 9458.663695] alloc_cross_bitmap: preallocate 268435456 pg, nr_longs=4194304 in 4 millisec
[ 9458.663712] alloc_cross_bitmap: preallocate 268435456 pg, nr_longs=4194304 in 4 millisec
[ 9458.664455] alloc_cross_bitmap: preallocate 268435456 pg, nr_longs=4194304 in 4 millisec
[ 9458.666652] alloc_cross_bitmap: preallocate 268435456 pg, nr_longs=4194304 in 4 millisec
[ 9459.873386] write_proc: Value of write = 0
[ 9459.873407] __do_sys_start_cross_trace: PRINT_GLOBAL_STATS 
[ 9459.873408] Final GlobalReport: nr_pages_read:13203303560, nr_pages_hit:12916891798, nr_do_read_fault:7049589, nr_pages_miss:103923491
[ 9459.873463] FinalTaskReport: db_bench:15777 - ra_orig_nr_pages:0, ra_final_nr_pages:0
                                        async_pages:1032, final_async_pages:2087
                                        full_pfetches:0, less256_pfetches:0, partial_pfetches:0
                                        failed_pfetches:0, total_pfetches:0, os_pfetches:93
                                        nr_pages_read:1847, nr_pages_hit:975, nr_do_read_fault:167
[ 9459.876160] write_proc: Value of write = 0
[ 9459.876175] __do_sys_start_cross_trace: PRINT_GLOBAL_STATS 
[ 9459.876177] Final GlobalReport: nr_pages_read:13203303560, nr_pages_hit:12916891798, nr_do_read_fault:7049594, nr_pages_miss:103923491
[ 9459.876218] FinalTaskReport: time:15768 - ra_orig_nr_pages:0, ra_final_nr_pages:0
                                        async_pages:0, final_async_pages:25
                                        full_pfetches:0, less256_pfetches:0, partial_pfetches:0
                                        failed_pfetches:0, total_pfetches:0, os_pfetches:1
                                        nr_pages_read:0, nr_pages_hit:0, nr_do_read_fault:17
