Received signal 11 (Segmentation fault)
#0   /usr/lib/lib_Cross_Blind.so(_Z13prefetcher_thPv+0x20) [0x7f12095ff250] Command terminated by signal 11
	Command being timed: "./db_bench --db=/users/kannan11/ssd/prefetching/appbench/apps/rocksdb/DATA --value_size=4096 --wal_dir=/users/kannan11/ssd/prefetching/appbench/apps/rocksdb/DATA/WAL_LOG --sync=0 --key_size=1000 --write_buffer_size=67108864 --num=0 --seed=1576170874 --benchmarks=readrandom --use_existing_db=1 --mmap_read=0 --threads=32"
	User time (seconds): 0.01
	System time (seconds): 0.52
	Percent of CPU this job got: 223%
	Elapsed (wall clock) time (h:mm:ss or m:ss): 0:00.24
	Average shared text size (kbytes): 0
	Average unshared data size (kbytes): 0
	Average stack size (kbytes): 0
	Average total size (kbytes): 0
	Maximum resident set size (kbytes): 44884
	Average resident set size (kbytes): 0
	Major (requiring I/O) page faults: 78
	Minor (reclaiming a frame) page faults: 10375
	Voluntary context switches: 614
	Involuntary context switches: 19
	Swaps: 0
	File system inputs: 609024
	File system outputs: 88
	Socket messages sent: 0
	Socket messages received: 0
	Signals delivered: 0
	Page size (bytes): 4096
	Exit status: 0
DESTRUCTOR GETTING CALLED 
PRINT_GLOBAL_LIB_STATS in dest
Total nr_ra = 0
Total nr_bytes_ra = 0
[33253.138804] sh (29547): drop_caches: 3
[33253.184168] sh (29552): drop_caches: 3
[33258.217733] write_proc_unbounded: Value of write = 0
[33258.217748] write_proc_2mb_limit: Value of write = 0
[33258.217753] write_proc_bitmap_shift: Value of write = 38
[33258.225530] write_proc_unbounded: Value of write = 0
[33258.225544] write_proc_2mb_limit: Value of write = 0
[33258.225549] write_proc_bitmap_shift: Value of write = 38
[33258.458920] db_bench[29607]: segfault at 200 ip 00007f12095ff250 sp 00007f1200533aa0 error 4 in lib_Cross_Blind.so[7f12095fa000+a000]
[33258.458933] Code: 66 2e 0f 1f 84 00 00 00 00 00 41 56 41 55 31 c0 41 54 55 53 48 89 fb bf ba 00 00 00 e8 e9 eb ff ff 48 8b 43 40 48 85 c0 74 0f <0f> b6 80 60 01 00 00 84 c0 0f 85 81 00 00 00 48 89 df e8 a9 ef ff
[33258.459806] write_proc_unbounded: Value of write = 0
[33258.459814] write_proc_2mb_limit: Value of write = 0
[33258.459818] write_proc_bitmap_shift: Value of write = 38
[33258.462805] write_proc_unbounded: Value of write = 0
[33258.462815] write_proc_2mb_limit: Value of write = 0
[33258.464047] write_proc_unbounded: Value of write = 0
[33258.464058] write_proc_2mb_limit: Value of write = 0
[33258.464062] write_proc_bitmap_shift: Value of write = 38
