RocksDB:    version 7.6.0
Date:       Fri Oct  7 23:38:22 2022
CPU:        128 * AMD EPYC 7543 32-Core Processor
CPUCache:   512 KB
Initializing RocksDB Options from the specified file
Initializing RocksDB Options from command-line flags
Integrated BlobDB: blob cache disabled
Keys:       1000 bytes each (+ 0 bytes user-defined timestamp)
Values:     4096 bytes each (2048 bytes after compression)
Entries:    0
Prefix:    0 bytes
Keys per prefix:    0
RawSize:    0.0 MB (estimated)
FileSize:   0.0 MB (estimated)
Write rate: 0 bytes/second
Read rate: 0 ops/second
Compression: Snappy
Compression sampling rate: 0
Memtablerep: SkipListFactory
Perf Level: 1
------------------------------------------------
DB path: [/users/kannan11/ssd/prefetching/appbench/apps/rocksdb/DATA]
readrandom   :     356.000 micros/op 8333 ops/sec 0.000 seconds 1 operations; (0 of 0 found)

DESTRUCTOR GETTING CALLED 
PRINT_GLOBAL_LIB_STATS in dest
Total nr_ra = 36906
Total nr_bytes_ra = 154794983424
	Command being timed: "./db_bench --db=/users/kannan11/ssd/prefetching/appbench/apps/rocksdb/DATA --value_size=4096 --wal_dir=/users/kannan11/ssd/prefetching/appbench/apps/rocksdb/DATA/WAL_LOG --sync=0 --key_size=1000 --write_buffer_size=67108864 --num=0 --seed=1576170874 --benchmarks=readrandom --use_existing_db=1 --mmap_read=0 --threads=32"
	User time (seconds): 1.03
	System time (seconds): 12.14
	Percent of CPU this job got: 116%
	Elapsed (wall clock) time (h:mm:ss or m:ss): 0:11.29
	Average shared text size (kbytes): 0
	Average unshared data size (kbytes): 0
	Average stack size (kbytes): 0
	Average total size (kbytes): 0
	Maximum resident set size (kbytes): 13150232
	Average resident set size (kbytes): 0
	Major (requiring I/O) page faults: 81
	Minor (reclaiming a frame) page faults: 3288099
	Voluntary context switches: 6013
	Involuntary context switches: 314
	Swaps: 0
	File system inputs: 74699424
	File system outputs: 6584
	Socket messages sent: 0
	Socket messages received: 0
	Signals delivered: 0
	Page size (bytes): 4096
	Exit status: 0
DESTRUCTOR GETTING CALLED 
PRINT_GLOBAL_LIB_STATS in dest
Total nr_ra = 0
Total nr_bytes_ra = 0
[33206.371431] sh (29205): drop_caches: 3
[33206.417922] sh (29210): drop_caches: 3
[33211.452067] write_proc_unbounded: Value of write = 0
[33211.452080] write_proc_2mb_limit: Value of write = 0
[33211.452085] write_proc_bitmap_shift: Value of write = 38
[33211.459948] write_proc_unbounded: Value of write = 0
[33211.459962] write_proc_2mb_limit: Value of write = 0
[33211.459968] write_proc_bitmap_shift: Value of write = 38
[33222.488650] write_proc_unbounded: Value of write = 0
[33222.488659] write_proc_2mb_limit: Value of write = 0
[33222.749018] write_proc_unbounded: Value of write = 0
[33222.749038] write_proc_2mb_limit: Value of write = 0
