ENABLE_FILE_STATS in con
ENABLE_FILE_STATS in per_thread_ds
ENABLE_FILE_STATS in con
ENABLE_FILE_STATS in per_thread_ds
ENABLE_FILE_STATS in per_thread_ds
ENABLE_FILE_STATS in per_thread_ds
ENABLE_FILE_STATS in per_thread_ds
ENABLE_FILE_STATS in per_thread_ds
ENABLE_FILE_STATS in per_thread_ds
ENABLE_FILE_STATS in per_thread_ds
ENABLE_FILE_STATS in per_thread_ds
ENABLE_FILE_STATS in per_thread_ds
ENABLE_FILE_STATS in per_thread_ds
ENABLE_FILE_STATS in per_thread_ds
ENABLE_FILE_STATS in per_thread_ds
ENABLE_FILE_STATS in per_thread_ds
ENABLE_FILE_STATS in per_thread_ds
ENABLE_FILE_STATS in per_thread_ds
ERR:handle_open unable to add to uinode
ERR:handle_open unable to add to uinode
ERR:handle_open unable to add to uinode
Initializing RocksDB Options from the specified file
Initializing RocksDB Options from command-line flags
Integrated BlobDB: blob cache disabled
prefetcher_th: TID:1425: going to fetch from 0 for size 30890514 on file 8 total size=30890514,rasize = 1048576, stride = 0 bytes, ptr=0x7facec000e50, ino=24641979, inode=0x7facec000cc0
prefetcher_th: TID:1429: going to fetch from 0 for size 30890335 on file 9 total size=30890335,rasize = 1048576, stride = 0 bytes, ptr=0x7face8000e50, ino=24641973, inode=0x7face8000cc0
prefetcher_th: TID:1424: going to fetch from 0 for size 30890350 on file 10 total size=30890350,rasize = 1048576, stride = 0 bytes, ptr=0x7facf0000e50, ino=24641983, inode=0x7facf0000cc0
prefetcher_th: TID:1426: going to fetch from 0 for size 30890450 on file 11 total size=30890450,rasize = 1048576, stride = 0 bytes, ptr=0x7face4000e50, ino=24641974, inode=0x7face4000cc0
prefetcher_th: TID:1430: going to fetch from 0 for size 30890399 on file 13 total size=30890399,rasize = 1048576, stride = 0 bytes, ptr=0x7facd4000e50, ino=24641975, inode=0x7facd4000cc0
prefetcher_th: TID:1431: going to fetch from 0 for size 30890376 on file 14 total size=30890376,rasize = 1048576, stride = 0 bytes, ptr=0x7facd8000e50, ino=24641976, inode=0x7facd8000cc0
prefetcher_th: TID:1435: going to fetch from 0 for size 30890422 on file 15 total size=30890422,rasize = 1048576, stride = 0 bytes, ptr=0x7faccc000e50, ino=24641977, inode=0x7faccc000cc0
prefetcher_th: TID:1421: going to fetch from 0 for size 30890470 on file 16 total size=30890470,rasize = 1048576, stride = 0 bytes, ptr=0x55a02608cdf0, ino=24641978, inode=0x55a0260693b0
prefetcher_th: TID:1439: going to fetch from 0 for size 30890594 on file 19 total size=30890594,rasize = 1048576, stride = 0 bytes, ptr=0x7facb4000e50, ino=24641969, inode=0x7facb4000cc0
prefetcher_th: TID:1434: going to fetch from 0 for size 30890586 on file 20 total size=30890586,rasize = 1048576, stride = 0 bytes, ptr=0x7facac000e50, ino=24641968, inode=0x7facac000cc0
prefetcher_th: TID:1436: going to fetch from 0 for size 30890311 on file 18 total size=30890311,rasize = 1048576, stride = 0 bytes, ptr=0x7facc4000e50, ino=24641971, inode=0x7facc4000cc0
prefetcher_th: TID:1433: going to fetch from 0 for size 30890308 on file 17 total size=30890308,rasize = 1048576, stride = 0 bytes, ptr=0x7facd0000e50, ino=24641972, inode=0x7facd0000cc0
prefetcher_th: TID:1437: going to fetch from 0 for size 30890900 on file 21 total size=30890900,rasize = 1048576, stride = 0 bytes, ptr=0x7facbc000e50, ino=24641970, inode=0x7facbc000cc0
prefetcher_th: TID:1440: going to fetch from 0 for size 30890475 on file 22 total size=30890475,rasize = 1048576, stride = 0 bytes, ptr=0x7faca4000e50, ino=24641967, inode=0x7faca4000cc0
prefetcher_th: TID:1432: going to fetch from 0 for size 30890532 on file 23 total size=30890532,rasize = 1048576, stride = 0 bytes, ptr=0x7faca8000e50, ino=24641924, inode=0x7faca8000cc0
prefetcher_th: TID:1427: going to fetch from 0 for size 30890329 on file 24 total size=30890329,rasize = 1048576, stride = 0 bytes, ptr=0x7facdc005630, ino=24641923, inode=0x7facdc0044c0
prefetcher_th: TID:1426: going to fetch from 0 for size 30890376 on file 25 total size=30890376,rasize = 1048576, stride = 0 bytes, ptr=0x7face4005380, ino=24641922, inode=0x7face4004540
prefetcher_th: TID:1429: going to fetch from 0 for size 30890280 on file 26 total size=30890280,rasize = 1048576, stride = 0 bytes, ptr=0x7face8005380, ino=24641921, inode=0x7face8004540
prefetcher_th: TID:1430: going to fetch from 0 for size 30890310 on file 27 total size=30890310,rasize = 1048576, stride = 0 bytes, ptr=0x7facd4005380, ino=24641920, inode=0x7facd4004540
prefetcher_th: TID:1435: going to fetch from 0 for size 30890409 on file 28 total size=30890409,rasize = 1048576, stride = 0 bytes, ptr=0x7faccc005380, ino=24641919, inode=0x7faccc004540
prefetcher_th: TID:1432: going to fetch from 0 for size 30890310 on file 29 total size=30890310,rasize = 1048576, stride = 0 bytes, ptr=0x7faca8005380, ino=24641916, inode=0x7faca8004540
prefetcher_th: TID:1434: going to fetch from 0 for size 30890305 on file 30 total size=30890305,rasize = 1048576, stride = 0 bytes, ptr=0x7facac005380, ino=24641917, inode=0x7facac004540
prefetcher_th: TID:1431: going to fetch from 0 for size 30890269 on file 31 total size=30890269,rasize = 1048576, stride = 0 bytes, ptr=0x7facd8005380, ino=24641915, inode=0x7facd8004540
prefetcher_th: TID:1425: going to fetch from 0 for size 30890367 on file 32 total size=30890367,rasize = 1048576, stride = 0 bytes, ptr=0x7facec005380, ino=24641914, inode=0x7facec004540
prefetcher_th: TID:1421: going to fetch from 0 for size 30890438 on file 33 total size=30890438,rasize = 1048576, stride = 0 bytes, ptr=0x55a026047090, ino=24641913, inode=0x55a026045cd0
prefetcher_th: TID:1440: going to fetch from 0 for size 30890255 on file 34 total size=30890255,rasize = 1048576, stride = 0 bytes, ptr=0x7faca4005380, ino=24641918, inode=0x7faca4004540
prefetcher_th: TID:1424: going to fetch from 0 for size 30890513 on file 35 total size=30890513,rasize = 1048576, stride = 0 bytes, ptr=0x7facf0005360, ino=24641912, inode=0x7facf0004520
prefetcher_th: TID:1439: going to fetch from 0 for size 30890502 on file 36 total size=30890502,rasize = 1048576, stride = 0 bytes, ptr=0x7facb4005380, ino=24641911, inode=0x7facb4004540
prefetcher_th: TID:1437: going to fetch from 0 for size 30890427 on file 37 total size=30890427,rasize = 1048576, stride = 0 bytes, ptr=0x7facbc005380, ino=24641910, inode=0x7facbc004540
prefetcher_th: TID:1433: going to fetch from 0 for size 30890444 on file 38 total size=30890444,rasize = 1048576, stride = 0 bytes, ptr=0x7facd0005380, ino=24641909, inode=0x7facd0004540
prefetcher_th: TID:1436: going to fetch from 0 for size 30890117 on file 39 total size=30890117,rasize = 1048576, stride = 0 bytes, ptr=0x7facc4005380, ino=24641908, inode=0x7facc4004540
prefetcher_th: TID:1427: going to fetch from 0 for size 30890171 on file 40 total size=30890171,rasize = 1048576, stride = 0 bytes, ptr=0x7facdc008e00, ino=24641907, inode=0x7facdc0080d0
prefetcher_th: TID:1426: going to fetch from 0 for size 30890235 on file 41 total size=30890235,rasize = 1048576, stride = 0 bytes, ptr=0x7face4008590, ino=24641906, inode=0x7face4007920
prefetcher_th: TID:1429: going to fetch from 0 for size 30890117 on file 42 total size=30890117,rasize = 1048576, stride = 0 bytes, ptr=0x7face8008590, ino=24641905, inode=0x7face8007920
prefetcher_th: TID:1435: going to fetch from 0 for size 30890508 on file 43 total size=30890508,rasize = 1048576, stride = 0 bytes, ptr=0x7faccc008590, ino=24641894, inode=0x7faccc007920
prefetcher_th: TID:1430: going to fetch from 0 for size 30890365 on file 44 total size=30890365,rasize = 1048576, stride = 0 bytes, ptr=0x7facd4008590, ino=24641893, inode=0x7facd4007920
prefetcher_th: TID:1432: going to fetch from 0 for size 30890468 on file 45 total size=30890468,rasize = 1048576, stride = 0 bytes, ptr=0x7faca8008590, ino=24641892, inode=0x7faca8007920
prefetcher_th: TID:1434: going to fetch from 0 for size 30890514 on file 46 total size=30890514,rasize = 1048576, stride = 0 bytes, ptr=0x7facac008590, ino=24641891, inode=0x7facac007920
prefetcher_th: TID:1431: going to fetch from 0 for size 30890543 on file 47 total size=30890543,rasize = 1048576, stride = 0 bytes, ptr=0x7facd8008590, ino=24641889, inode=0x7facd8007950
prefetcher_th: TID:1425: going to fetch from 0 for size 30890400 on file 48 total size=30890400,rasize = 1048576, stride = 0 bytes, ptr=0x7facec008590, ino=24641890, inode=0x7facec007950
prefetcher_th: TID:1421: going to fetch from 0 for size 30890430 on file 49 total size=30890430,rasize = 1048576, stride = 0 bytes, ptr=0x55a02604a2f0, ino=24641895, inode=0x55a026049640
prefetcher_th: TID:1424: going to fetch from 0 for size 30890434 on file 50 total size=30890434,rasize = 1048576, stride = 0 bytes, ptr=0x7facf00089b0, ino=24641897, inode=0x7facf0007d00
prefetcher_th: TID:1436: going to fetch from 0 for size 30890400 on file 51 total size=30890400,rasize = 1048576, stride = 0 bytes, ptr=0x7facc4008630, ino=24641898, inode=0x7facc4007980
prefetcher_th: TID:1433: going to fetch from 0 for size 30890644 on file 52 total size=30890644,rasize = 1048576, stride = 0 bytes, ptr=0x7facd0008630, ino=24641899, inode=0x7facd0007980
prefetcher_th: TID:1439: going to fetch from 0 for size 30890581 on file 53 total size=30890581,rasize = 1048576, stride = 0 bytes, ptr=0x7facb4008630, ino=24641900, inode=0x7facb4007980
prefetcher_th: TID:1427: going to fetch from 0 for size 30890638 on file 54 total size=30890638,rasize = 1048576, stride = 0 bytes, ptr=0x7facdc00c030, ino=24641901, inode=0x7facdc00b3c0
prefetcher_th: TID:1440: going to fetch from 0 for size 30890433 on file 55 total size=30890433,rasize = 1048576, stride = 0 bytes, ptr=0x7faca4008610, ino=24641896, inode=0x7faca40079a0
prefetcher_th: TID:1426: going to fetch from 0 for size 30890569 on file 56 total size=30890569,rasize = 1048576, stride = 0 bytes, ptr=0x7face400ba70, ino=24641903, inode=0x7face4007bf0
prefetcher_th: TID:1435: going to fetch from 0 for size 30890652 on file 57 total size=30890652,rasize = 1048576, stride = 0 bytes, ptr=0x7faccc00ba70, ino=24641904, inode=0x7faccc007bf0
prefetcher_th: TID:1429: going to fetch from 0 for size 30890118 on file 58 total size=30890118,rasize = 1048576, stride = 0 bytes, ptr=0x7face800ba70, ino=24641925, inode=0x7face8007bf0
prefetcher_th: TID:1430: going to fetch from 0 for size 30890153 on file 59 total size=30890153,rasize = 1048576, stride = 0 bytes, ptr=0x7facd400ba70, ino=24641926, inode=0x7facd4007bf0
prefetcher_th: TID:1434: going to fetch from 0 for size 30890134 on file 60 total size=30890134,rasize = 1048576, stride = 0 bytes, ptr=0x7facac00ba70, ino=24641927, inode=0x7facac00b060
prefetcher_th: TID:1432: going to fetch from 0 for size 30890211 on file 61 total size=30890211,rasize = 1048576, stride = 0 bytes, ptr=0x7faca800ba70, ino=24641928, inode=0x7faca800b060
prefetcher_th: TID:1431: going to fetch from 0 for size 30890260 on file 62 total size=30890260,rasize = 1048576, stride = 0 bytes, ptr=0x7facd800bbb0, ino=24641929, inode=0x7facd8007c60
prefetcher_th: TID:1425: going to fetch from 0 for size 30889973 on file 63 total size=30889973,rasize = 1048576, stride = 0 bytes, ptr=0x7facec00bbb0, ino=24641930, inode=0x7facec007c60
prefetcher_th: TID:1437: going to fetch from 0 for size 30890591 on file 64 total size=30890591,rasize = 1048576, stride = 0 bytes, ptr=0x7facbc008630, ino=24641902, inode=0x7facbc007980
prefetcher_th: TID:1436: going to fetch from 0 for size 30890067 on file 65 total size=30890067,rasize = 1048576, stride = 0 bytes, ptr=0x7facc400bbf0, ino=24641933, inode=0x7facc400b1b0
prefetcher_th: TID:1424: going to fetch from 0 for size 30890096 on file 66 total size=30890096,rasize = 1048576, stride = 0 bytes, ptr=0x7facf000bf70, ino=24641932, inode=0x7facf0008010
prefetcher_th: TID:1421: going to fetch from 0 for size 30890005 on file 67 total size=30890005,rasize = 1048576, stride = 0 bytes, ptr=0x55a02604d8a0, ino=24641931, inode=0x55a02604ce60
prefetcher_th: TID:1433: going to fetch from 0 for size 30890051 on file 68 total size=30890051,rasize = 1048576, stride = 0 bytes, ptr=0x7facd000bbf0, ino=24641934, inode=0x7facd000b1b0
prefetcher_th: TID:1439: going to fetch from 0 for size 30890155 on file 69 total size=30890155,rasize = 1048576, stride = 0 bytes, ptr=0x7facb400bbf0, ino=24641935, inode=0x7facb400b1b0
prefetcher_th: TID:1427: going to fetch from 0 for size 30890238 on file 70 total size=30890238,rasize = 1048576, stride = 0 bytes, ptr=0x7facdc00f530, ino=24641936, inode=0x7facdc00b6c0
prefetcher_th: TID:1440: going to fetch from 0 for size 30890251 on file 71 total size=30890251,rasize = 1048576, stride = 0 bytes, ptr=0x7faca400bb70, ino=24641937, inode=0x7faca400b160
prefetcher_th: TID:1426: going to fetch from 0 for size 30890240 on file 72 total size=30890240,rasize = 1048576, stride = 0 bytes, ptr=0x7face400eeb0, ino=24641938, inode=0x7face400b170
prefetcher_th: TID:1435: going to fetch from 0 for size 30890271 on file 73 total size=30890271,rasize = 1048576, stride = 0 bytes, ptr=0x7faccc00eeb0, ino=24641939, inode=0x7faccc00b170
prefetcher_th: TID:1429: going to fetch from 0 for size 30890509 on file 74 total size=30890509,rasize = 1048576, stride = 0 bytes, ptr=0x7face800eeb0, ino=24641940, inode=0x7face800b170
prefetcher_th: TID:1430: going to fetch from 0 for size 30890486 on file 75 total size=30890486,rasize = 1048576, stride = 0 bytes, ptr=0x7facd400eeb0, ino=24641941, inode=0x7facd400b170
prefetcher_th: TID:1434: going to fetch from 0 for size 30890539 on file 76 total size=30890539,rasize = 1048576, stride = 0 bytes, ptr=0x7facac00ef10, ino=24641942, inode=0x7facac00b1d0
prefetcher_th: TID:1432: going to fetch from 0 for size 30890510 on file 77 total size=30890510,rasize = 1048576, stride = 0 bytes, ptr=0x7faca800ef10, ino=24641943, inode=0x7faca800b1d0
prefetcher_th: TID:1431: going to fetch from 0 for size 30890585 on file 78 total size=30890585,rasize = 1048576, stride = 0 bytes, ptr=0x7facd800ec60, ino=24641944, inode=0x7facd800e280
prefetcher_th: TID:1425: going to fetch from 0 for size 30890771 on file 79 total size=30890771,rasize = 1048576, stride = 0 bytes, ptr=0x7facec00ec60, ino=24641945, inode=0x7facec00e280
prefetcher_th: TID:1424: going to fetch from 0 for size 30890548 on file 80 total size=30890548,rasize = 1048576, stride = 0 bytes, ptr=0x7facf000f350, ino=24641946, inode=0x7facf000b640
prefetcher_th: TID:1436: going to fetch from 0 for size 30890619 on file 81 total size=30890619,rasize = 1048576, stride = 0 bytes, ptr=0x7facc400efd0, ino=24641947, inode=0x7facc400e730
prefetcher_th: TID:1437: going to fetch from 0 for size 30890644 on file 82 total size=30890644,rasize = 1048576, stride = 0 bytes, ptr=0x7facbc00bbf0, ino=24641948, inode=0x7facbc00b1b0
prefetcher_th: TID:1421: going to fetch from 0 for size 30890601 on file 83 total size=30890601,rasize = 1048576, stride = 0 bytes, ptr=0x55a026050d60, ino=24641949, inode=0x55a026050420
prefetcher_th: TID:1433: going to fetch from 0 for size 30890444 on file 84 total size=30890444,rasize = 1048576, stride = 0 bytes, ptr=0x7facd000efd0, ino=24641950, inode=0x7facd000e730
prefetcher_th: TID:1439: going to fetch from 0 for size 30890399 on file 85 total size=30890399,rasize = 1048576, stride = 0 bytes, ptr=0x7facb400efd0, ino=24641951, inode=0x7facb400e730
prefetcher_th: TID:1427: going to fetch from 0 for size 30890479 on file 86 total size=30890479,rasize = 1048576, stride = 0 bytes, ptr=0x7facdc012880, ino=24641952, inode=0x7facdc00eb70
prefetcher_th: TID:1440: going to fetch from 0 for size 30890409 on file 87 total size=30890409,rasize = 1048576, stride = 0 bytes, ptr=0x7faca400f050, ino=24641953, inode=0x7faca400b2d0
prefetcher_th: TID:1426: going to fetch from 0 for size 30890535 on file 88 total size=30890535,rasize = 1048576, stride = 0 bytes, ptr=0x7face40121a0, ino=24641954, inode=0x7face40119b0
prefetcher_th: TID:1435: going to fetch from 0 for size 30890564 on file 89 total size=30890564,rasize = 1048576, stride = 0 bytes, ptr=0x7faccc0121a0, ino=24641955, inode=0x7faccc0119b0
prefetcher_th: TID:1429: going to fetch from 0 for size 30890587 on file 90 total size=30890587,rasize = 1048576, stride = 0 bytes, ptr=0x7face80121a0, ino=24641956, inode=0x7face80119b0
prefetcher_th: TID:1434: going to fetch from 0 for size 30890611 on file 91 total size=30890611,rasize = 1048576, stride = 0 bytes, ptr=0x7facac012230, ino=24641958, inode=0x7facac00e5d0
prefetcher_th: TID:1432: going to fetch from 0 for size 30890586 on file 92 total size=30890586,rasize = 1048576, stride = 0 bytes, ptr=0x7faca8012230, ino=24641959, inode=0x7faca800e5d0
prefetcher_th: TID:1431: going to fetch from 0 for size 30890181 on file 93 total size=30890181,rasize = 1048576, stride = 0 bytes, ptr=0x7facd80120d0, ino=24641960, inode=0x7facd800e3f0
prefetcher_th: TID:1425: going to fetch from 0 for size 30890251 on file 94 total size=30890251,rasize = 1048576, stride = 0 bytes, ptr=0x7facec0120d0, ino=24641961, inode=0x7facec00e3f0
prefetcher_th: TID:1436: going to fetch from 0 for size 30890351 on file 95 total size=30890351,rasize = 1048576, stride = 0 bytes, ptr=0x7facc4012440, ino=24641963, inode=0x7facc40122d0
prefetcher_th: TID:1424: going to fetch from 0 for size 30890223 on file 96 total size=30890223,rasize = 1048576, stride = 0 bytes, ptr=0x7facf00125c0, ino=24641962, inode=0x7facf000eab0
prefetcher_th: TID:1421: going to fetch from 0 for size 30890669 on file 97 total size=30890669,rasize = 1048576, stride = 0 bytes, ptr=0x55a026054170, ino=24641965, inode=0x55a026054000
prefetcher_th: TID:1439: going to fetch from 0 for size 30890369 on file 98 total size=30890369,rasize = 1048576, stride = 0 bytes, ptr=0x7facb4012440, ino=24641888, inode=0x7facb40122d0
prefetcher_th: TID:1427: going to fetch from 0 for size 30890392 on file 99 total size=30890392,rasize = 1048576, stride = 0 bytes, ptr=0x7facdc031af0, ino=24641887, inode=0x7facdc015b40
prefetcher_th: TID:1440: going to fetch from 0 for size 30890402 on file 100 total size=30890402,rasize = 1048576, stride = 0 bytes, ptr=0x7faca40123b0, ino=24641886, inode=0x7faca4011b50
prefetcher_th: TID:1430: going to fetch from 0 for size 30890638 on file 101 total size=30890638,rasize = 1048576, stride = 0 bytes, ptr=0x7facd40121a0, ino=24641957, inode=0x7facd40119b0
prefetcher_th: TID:1426: going to fetch from 0 for size 30890361 on file 102 total size=30890361,rasize = 1048576, stride = 0 bytes, ptr=0x7face40154a0, ino=24641885, inode=0x7face400e5d0
prefetcher_th: TID:1435: going to fetch from 0 for size 30890480 on file 103 total size=30890480,rasize = 1048576, stride = 0 bytes, ptr=0x7faccc0154a0, ino=24641884, inode=0x7faccc00e5d0
prefetcher_th: TID:1433: going to fetch from 0 for size 30890506 on file 104 total size=30890506,rasize = 1048576, stride = 0 bytes, ptr=0x7facd0012440, ino=24641966, inode=0x7facd00122d0
prefetcher_th: TID:1429: going to fetch from 0 for size 30890673 on file 105 total size=30890673,rasize = 1048576, stride = 0 bytes, ptr=0x7face80154a0, ino=24641883, inode=0x7face800e5d0
prefetcher_th: TID:1434: going to fetch from 0 for size 30890487 on file 106 total size=30890487,rasize = 1048576, stride = 0 bytes, ptr=0x7facac015620, ino=24641882, inode=0x7facac0154b0
prefetcher_th: TID:1432: going to fetch from 0 for size 30890567 on file 107 total size=30890567,rasize = 1048576, stride = 0 bytes, ptr=0x7faca8015620, ino=24641881, inode=0x7faca80154b0
prefetcher_th: TID:1431: going to fetch from 0 for size 30890515 on file 108 total size=30890515,rasize = 1048576, stride = 0 bytes, ptr=0x7facd8015410, ino=24641880, inode=0x7facd8011790
prefetcher_th: TID:1437: going to fetch from 0 for size 30890374 on file 109 total size=30890374,rasize = 1048576, stride = 0 bytes, ptr=0x7facbc00efd0, ino=24641964, inode=0x7facbc00e730
prefetcher_th: TID:1425: going to fetch from 0 for size 30890574 on file 110 total size=30890574,rasize = 1048576, stride = 0 bytes, ptr=0x7facec015410, ino=24641879, inode=0x7facec011790
prefetcher_th: TID:1436: going to fetch from 0 for size 30890521 on file 111 total size=30890521,rasize = 1048576, stride = 0 bytes, ptr=0x7facc40157f0, ino=24641878, inode=0x7facc4015680
prefetcher_th: TID:1424: going to fetch from 0 for size 30890428 on file 112 total size=30890428,rasize = 1048576, stride = 0 bytes, ptr=0x7facf0015990, ino=24641877, inode=0x7facf0015820
prefetcher_th: TID:1421: going to fetch from 0 for size 30890463 on file 113 total size=30890463,rasize = 1048576, stride = 0 bytes, ptr=0x55a026057520, ino=24641876, inode=0x55a0260573b0
prefetcher_th: TID:1439: going to fetch from 0 for size 30890422 on file 114 total size=30890422,rasize = 1048576, stride = 0 bytes, ptr=0x7facb40157f0, ino=24641875, inode=0x7facb4015680
prefetcher_th: TID:1427: going to fetch from 0 for size 30890440 on file 115 total size=30890440,rasize = 1048576, stride = 0 bytes, ptr=0x7facdc0349b0, ino=24641874, inode=0x7facdc034840
prefetcher_th: TID:1430: going to fetch from 0 for size 30890035 on file 116 total size=30890035,rasize = 1048576, stride = 0 bytes, ptr=0x7facd40154a0, ino=24641873, inode=0x7facd400e5d0
prefetcher_th: TID:1426: going to fetch from 0 for size 30890092 on file 117 total size=30890092,rasize = 1048576, stride = 0 bytes, ptr=0x7face4018890, ino=24641871, inode=0x7face4018720
prefetcher_th: TID:1435: going to fetch from 0 for size 30890070 on file 118 total size=30890070,rasize = 1048576, stride = 0 bytes, ptr=0x7faccc018890, ino=24641870, inode=0x7faccc018720
prefetcher_th: TID:1433: going to fetch from 0 for size 30890195 on file 119 total size=30890195,rasize = 1048576, stride = 0 bytes, ptr=0x7facd00157f0, ino=24641869, inode=0x7facd0015680
prefetcher_th: TID:1429: going to fetch from 0 for size 30890463 on file 120 total size=30890463,rasize = 1048576, stride = 0 bytes, ptr=0x7face8018890, ino=24641868, inode=0x7face8018720
prefetcher_th: TID:1434: going to fetch from 0 for size 30890431 on file 121 total size=30890431,rasize = 1048576, stride = 0 bytes, ptr=0x7facac0189d0, ino=24641867, inode=0x7facac018860
prefetcher_th: TID:1432: going to fetch from 0 for size 30890459 on file 122 total size=30890459,rasize = 1048576, stride = 0 bytes, ptr=0x7faca80189d0, ino=24641866, inode=0x7faca8018860
prefetcher_th: TID:1431: going to fetch from 0 for size 30890516 on file 123 total size=30890516,rasize = 1048576, stride = 0 bytes, ptr=0x7facd80187e0, ino=24641865, inode=0x7facd8018670
prefetcher_th: TID:1437: going to fetch from 0 for size 30890560 on file 124 total size=30890560,rasize = 1048576, stride = 0 bytes, ptr=0x7facbc012440, ino=24641864, inode=0x7facbc0122d0
prefetcher_th: TID:1440: going to fetch from 0 for size 30890016 on file 125 total size=30890016,rasize = 1048576, stride = 0 bytes, ptr=0x7faca40156b0, ino=24641872, inode=0x7faca400e6d0
prefetcher_th: TID:1425: going to fetch from 0 for size 30890608 on file 126 total size=30890608,rasize = 1048576, stride = 0 bytes, ptr=0x7facec0187e0, ino=24641863, inode=0x7facec018670
prefetcher_th: TID:1436: going to fetch from 0 for size 30890367 on file 127 total size=30890367,rasize = 1048576, stride = 0 bytes, ptr=0x7facc4018b40, ino=24641862, inode=0x7facc40189d0
prefetcher_th: TID:1424: going to fetch from 0 for size 30890418 on file 128 total size=30890418,rasize = 1048576, stride = 0 bytes, ptr=0x7facf0018ce0, ino=24641861, inode=0x7facf0018b70
prefetcher_th: TID:1421: going to fetch from 0 for size 30890517 on file 129 total size=30890517,rasize = 1048576, stride = 0 bytes, ptr=0x55a02605a870, ino=24641860, inode=0x55a02605a700
prefetcher_th: TID:1427: going to fetch from 0 for size 30890608 on file 130 total size=30890608,rasize = 1048576, stride = 0 bytes, ptr=0x7facdc037d00, ino=24641858, inode=0x7facdc037b90
prefetcher_th: TID:1430: going to fetch from 0 for size 30890404 on file 131 total size=30890404,rasize = 1048576, stride = 0 bytes, ptr=0x7facd4018890, ino=24641857, inode=0x7facd4018720
prefetcher_th: TID:1426: going to fetch from 0 for size 30890442 on file 132 total size=30890442,rasize = 1048576, stride = 0 bytes, ptr=0x7face401bbe0, ino=24641856, inode=0x7face401ba70
prefetcher_th: TID:1439: going to fetch from 0 for size 30890478 on file 133 total size=30890478,rasize = 1048576, stride = 0 bytes, ptr=0x7facb4018b40, ino=24641859, inode=0x7facb40189d0
prefetcher_th: TID:1435: going to fetch from 0 for size 30890510 on file 134 total size=30890510,rasize = 1048576, stride = 0 bytes, ptr=0x7faccc01bbe0, ino=24641855, inode=0x7faccc01ba70
prefetcher_th: TID:1433: going to fetch from 0 for size 30890420 on file 135 total size=30890420,rasize = 1048576, stride = 0 bytes, ptr=0x7facd0018b40, ino=24641854, inode=0x7facd00189d0
prefetcher_th: TID:1429: going to fetch from 0 for size 30890335 on file 136 total size=30890335,rasize = 1048576, stride = 0 bytes, ptr=0x7face801bbe0, ino=24641853, inode=0x7face801ba70
prefetcher_th: TID:1434: going to fetch from 0 for size 30890330 on file 137 total size=30890330,rasize = 1048576, stride = 0 bytes, ptr=0x7facac01bcc0, ino=24641852, inode=0x7facac01bb50
prefetcher_th: TID:1432: going to fetch from 0 for size 30890379 on file 138 total size=30890379,rasize = 1048576, stride = 0 bytes, ptr=0x7faca801bcc0, ino=24641851, inode=0x7faca801bb50
prefetcher_th: TID:1431: going to fetch from 0 for size 30890345 on file 139 total size=30890345,rasize = 1048576, stride = 0 bytes, ptr=0x7facd801bad0, ino=24641850, inode=0x7facd801b960
prefetcher_th: TID:1440: going to fetch from 0 for size 30890338 on file 140 total size=30890338,rasize = 1048576, stride = 0 bytes, ptr=0x7faca4018a60, ino=24641849, inode=0x7faca40188f0
prefetcher_th: TID:1425: going to fetch from 0 for size 30890363 on file 141 total size=30890363,rasize = 1048576, stride = 0 bytes, ptr=0x7facec01bad0, ino=24641848, inode=0x7facec01b960
prefetcher_th: TID:1437: going to fetch from 0 for size 30890377 on file 142 total size=30890377,rasize = 1048576, stride = 0 bytes, ptr=0x7facbc0157f0, ino=24641847, inode=0x7facbc015680
prefetcher_th: TID:1436: going to fetch from 0 for size 30890394 on file 143 total size=30890394,rasize = 1048576, stride = 0 bytes, ptr=0x7facc401be30, ino=24641846, inode=0x7facc401bcc0
prefetcher_th: TID:1424: going to fetch from 0 for size 30890467 on file 144 total size=30890467,rasize = 1048576, stride = 0 bytes, ptr=0x7facf001bfd0, ino=24641845, inode=0x7facf001be60
prefetcher_th: TID:1427: going to fetch from 0 for size 30890476 on file 145 total size=30890476,rasize = 1048576, stride = 0 bytes, ptr=0x7facdc03b0b0, ino=24641843, inode=0x7facdc03af40
prefetcher_th: TID:1421: going to fetch from 0 for size 30890361 on file 146 total size=30890361,rasize = 1048576, stride = 0 bytes, ptr=0x55a02605db60, ino=24641844, inode=0x55a02605d9f0
prefetcher_th: TID:1430: going to fetch from 0 for size 30890483 on file 147 total size=30890483,rasize = 1048576, stride = 0 bytes, ptr=0x7facd401bbe0, ino=24641842, inode=0x7facd401ba70
prefetcher_th: TID:1426: going to fetch from 0 for size 30890440 on file 148 total size=30890440,rasize = 1048576, stride = 0 bytes, ptr=0x7face401ef30, ino=24641841, inode=0x7face401edc0
prefetcher_th: TID:1435: going to fetch from 0 for size 30890441 on file 149 total size=30890441,rasize = 1048576, stride = 0 bytes, ptr=0x7faccc01ef30, ino=24641840, inode=0x7faccc01edc0
prefetcher_th: TID:1439: going to fetch from 0 for size 30890405 on file 150 total size=30890405,rasize = 1048576, stride = 0 bytes, ptr=0x7facb401be30, ino=24641839, inode=0x7facb401bcc0
prefetcher_th: TID:1433: going to fetch from 0 for size 30890514 on file 151 total size=30890514,rasize = 1048576, stride = 0 bytes, ptr=0x7facd001be30, ino=24641838, inode=0x7facd001bcc0
prefetcher_th: TID:1434: going to fetch from 0 for size 30890414 on file 152 total size=30890414,rasize = 1048576, stride = 0 bytes, ptr=0x7facac01efb0, ino=24641836, inode=0x7facac01ee40
prefetcher_th: TID:1432: going to fetch from 0 for size 30890427 on file 153 total size=30890427,rasize = 1048576, stride = 0 bytes, ptr=0x7faca801efb0, ino=24641835, inode=0x7faca801ee40
prefetcher_th: TID:1431: going to fetch from 0 for size 30890421 on file 154 total size=30890421,rasize = 1048576, stride = 0 bytes, ptr=0x7facd801edc0, ino=24641834, inode=0x7facd801ec50
prefetcher_th: TID:1437: going to fetch from 0 for size 30890134 on file 155 total size=30890134,rasize = 1048576, stride = 0 bytes, ptr=0x7facbc018b40, ino=24641831, inode=0x7facbc0189d0
prefetcher_th: TID:1436: going to fetch from 0 for size 30890276 on file 156 total size=30890276,rasize = 1048576, stride = 0 bytes, ptr=0x7facc401f180, ino=24641830, inode=0x7facc401f010
prefetcher_th: TID:1424: going to fetch from 0 for size 30890251 on file 157 total size=30890251,rasize = 1048576, stride = 0 bytes, ptr=0x7facf001f320, ino=24641829, inode=0x7facf001f1b0
prefetcher_th: TID:1440: going to fetch from 0 for size 30890314 on file 158 total size=30890314,rasize = 1048576, stride = 0 bytes, ptr=0x7faca401bd50, ino=24641833, inode=0x7faca401bbe0
prefetcher_th: TID:1421: going to fetch from 0 for size 30890102 on file 159 total size=30890102,rasize = 1048576, stride = 0 bytes, ptr=0x55a026060eb0, ino=24641827, inode=0x55a026060d40
prefetcher_th: TID:1429: going to fetch from 0 for size 30890583 on file 160 total size=30890583,rasize = 1048576, stride = 0 bytes, ptr=0x7face801ef30, ino=24641837, inode=0x7face801edc0
prefetcher_th: TID:1426: going to fetch from 0 for size 30890192 on file 161 total size=30890192,rasize = 1048576, stride = 0 bytes, ptr=0x7face4022280, ino=24641825, inode=0x7face4022110
prefetcher_th: TID:1425: going to fetch from 0 for size 30890199 on file 162 total size=30890199,rasize = 1048576, stride = 0 bytes, ptr=0x7facec01edc0, ino=24641832, inode=0x7facec01ec50
prefetcher_th: TID:1435: going to fetch from 0 for size 30890194 on file 163 total size=30890194,rasize = 1048576, stride = 0 bytes, ptr=0x7faccc022280, ino=24641824, inode=0x7faccc022110
prefetcher_th: TID:1433: going to fetch from 0 for size 30890651 on file 164 total size=30890651,rasize = 1048576, stride = 0 bytes, ptr=0x7facd001f180, ino=24641822, inode=0x7facd001f010
prefetcher_th: TID:1427: going to fetch from 0 for size 30890261 on file 165 total size=30890261,rasize = 1048576, stride = 0 bytes, ptr=0x7facdc03e400, ino=24641828, inode=0x7facdc03e290
prefetcher_th: TID:1434: going to fetch from 0 for size 30890533 on file 166 total size=30890533,rasize = 1048576, stride = 0 bytes, ptr=0x7facac022300, ino=24641821, inode=0x7facac022190
prefetcher_th: TID:1430: going to fetch from 0 for size 30890030 on file 167 total size=30890030,rasize = 1048576, stride = 0 bytes, ptr=0x7facd401ef30, ino=24641826, inode=0x7facd401edc0
prefetcher_th: TID:1431: going to fetch from 0 for size 30890667 on file 168 total size=30890667,rasize = 1048576, stride = 0 bytes, ptr=0x7facd8022110, ino=24641819, inode=0x7facd8021fa0
prefetcher_th: TID:1432: going to fetch from 0 for size 30890624 on file 169 total size=30890624,rasize = 1048576, stride = 0 bytes, ptr=0x7faca8022300, ino=24641820, inode=0x7faca8022190
prefetcher_th: TID:1436: going to fetch from 0 for size 30890677 on file 170 total size=30890677,rasize = 1048576, stride = 0 bytes, ptr=0x7facc40224d0, ino=24641817, inode=0x7facc4022360
prefetcher_th: TID:1424: going to fetch from 0 for size 30890507 on file 171 total size=30890507,rasize = 1048576, stride = 0 bytes, ptr=0x7facf0022670, ino=24641816, inode=0x7facf0022500
prefetcher_th: TID:1439: going to fetch from 0 for size 30890528 on file 172 total size=30890528,rasize = 1048576, stride = 0 bytes, ptr=0x7facb401f180, ino=24641823, inode=0x7facb401f010
prefetcher_th: TID:1421: going to fetch from 0 for size 30890485 on file 173 total size=30890485,rasize = 1048576, stride = 0 bytes, ptr=0x55a02606adf0, ino=24641815, inode=0x55a026064090
prefetcher_th: TID:1437: going to fetch from 0 for size 30890668 on file 174 total size=30890668,rasize = 1048576, stride = 0 bytes, ptr=0x7facbc01be30, ino=24641818, inode=0x7facbc01bcc0
prefetcher_th: TID:1429: going to fetch from 0 for size 30890546 on file 175 total size=30890546,rasize = 1048576, stride = 0 bytes, ptr=0x7face8022280, ino=24641814, inode=0x7face8022110
prefetcher_th: TID:1440: going to fetch from 0 for size 30890520 on file 176 total size=30890520,rasize = 1048576, stride = 0 bytes, ptr=0x7faca401f040, ino=24641813, inode=0x7faca401eed0
prefetcher_th: TID:1426: going to fetch from 0 for size 30890390 on file 177 total size=30890390,rasize = 1048576, stride = 0 bytes, ptr=0x7face40255d0, ino=24641812, inode=0x7face4025460
prefetcher_th: TID:1435: going to fetch from 0 for size 30890361 on file 178 total size=30890361,rasize = 1048576, stride = 0 bytes, ptr=0x7faccc0255d0, ino=24641810, inode=0x7faccc025460
prefetcher_th: TID:1433: going to fetch from 0 for size 30890344 on file 179 total size=30890344,rasize = 1048576, stride = 0 bytes, ptr=0x7facd00224d0, ino=24641809, inode=0x7facd0022360
prefetcher_th: TID:1427: going to fetch from 0 for size 30890409 on file 180 total size=30890409,rasize = 1048576, stride = 0 bytes, ptr=0x7facdc0416f0, ino=24641808, inode=0x7facdc041580
prefetcher_th: TID:1425: going to fetch from 0 for size 30890324 on file 181 total size=30890324,rasize = 1048576, stride = 0 bytes, ptr=0x7facec022110, ino=24641811, inode=0x7facec021fa0
prefetcher_th: TID:1434: going to fetch from 0 for size 30890515 on file 182 total size=30890515,rasize = 1048576, stride = 0 bytes, ptr=0x7facac025650, ino=24641807, inode=0x7facac0254e0
prefetcher_th: TID:1431: going to fetch from 0 for size 30890492 on file 183 total size=30890492,rasize = 1048576, stride = 0 bytes, ptr=0x7facd8025460, ino=24641805, inode=0x7facd80252f0
prefetcher_th: TID:1436: going to fetch from 0 for size 30890673 on file 184 total size=30890673,rasize = 1048576, stride = 0 bytes, ptr=0x7facc4025820, ino=24641803, inode=0x7facc40256b0
prefetcher_th: TID:1424: going to fetch from 0 for size 30890576 on file 185 total size=30890576,rasize = 1048576, stride = 0 bytes, ptr=0x7facf00259c0, ino=24641802, inode=0x7facf0025850
prefetcher_th: TID:1439: going to fetch from 0 for size 30890638 on file 186 total size=30890638,rasize = 1048576, stride = 0 bytes, ptr=0x7facb40224d0, ino=24641801, inode=0x7facb4022360
prefetcher_th: TID:1421: going to fetch from 0 for size 30890605 on file 187 total size=30890605,rasize = 1048576, stride = 0 bytes, ptr=0x55a02606dcb0, ino=24641800, inode=0x55a02606db40
prefetcher_th: TID:1429: going to fetch from 0 for size 30890591 on file 188 total size=30890591,rasize = 1048576, stride = 0 bytes, ptr=0x7face80255d0, ino=24641799, inode=0x7face8025460
prefetcher_th: TID:1437: going to fetch from 0 for size 30890010 on file 189 total size=30890010,rasize = 1048576, stride = 0 bytes, ptr=0x7facbc01f180, ino=24641797, inode=0x7facbc01f010
prefetcher_th: TID:1426: going to fetch from 0 for size 30890184 on file 190 total size=30890184,rasize = 1048576, stride = 0 bytes, ptr=0x7face4028920, ino=24641796, inode=0x7face40287b0
prefetcher_th: TID:1430: going to fetch from 0 for size 30890406 on file 191 total size=30890406,rasize = 1048576, stride = 0 bytes, ptr=0x7facd4022280, ino=24641806, inode=0x7facd4022110
prefetcher_th: TID:1435: going to fetch from 0 for size 30890037 on file 192 total size=30890037,rasize = 1048576, stride = 0 bytes, ptr=0x7faccc028920, ino=24641795, inode=0x7faccc0287b0
prefetcher_th: TID:1433: going to fetch from 0 for size 30890037 on file 193 total size=30890037,rasize = 1048576, stride = 0 bytes, ptr=0x7facd00257f0, ino=24641794, inode=0x7facd0025680
prefetcher_th: TID:1432: going to fetch from 0 for size 30890612 on file 194 total size=30890612,rasize = 1048576, stride = 0 bytes, ptr=0x7faca8025650, ino=24641804, inode=0x7faca80254e0
prefetcher_th: TID:1431: going to fetch from 0 for size 30890221 on file 195 total size=30890221,rasize = 1048576, stride = 0 bytes, ptr=0x7facd80287b0, ino=24641791, inode=0x7facd8028640
prefetcher_th: TID:1427: going to fetch from 0 for size 30890183 on file 196 total size=30890183,rasize = 1048576, stride = 0 bytes, ptr=0x7facdc044a20, ino=24641790, inode=0x7facdc0448b0
prefetcher_th: TID:1440: going to fetch from 0 for size 30890336 on file 197 total size=30890336,rasize = 1048576, stride = 0 bytes, ptr=0x7faca4022390, ino=24641798, inode=0x7faca4022220
prefetcher_th: TID:1429: going to fetch from 0 for size 30890517 on file 198 total size=30890517,rasize = 1048576, stride = 0 bytes, ptr=0x7face80288f0, ino=24641786, inode=0x7face8028780
prefetcher_th: TID:1424: going to fetch from 0 for size 30890594 on file 199 total size=30890594,rasize = 1048576, stride = 0 bytes, ptr=0x7facf0028d10, ino=24641785, inode=0x7facf0028ba0
prefetcher_th: TID:1437: going to fetch from 0 for size 30890614 on file 200 total size=30890614,rasize = 1048576, stride = 0 bytes, ptr=0x7facbc0224d0, ino=24641784, inode=0x7facbc022360
prefetcher_th: TID:1426: going to fetch from 0 for size 30890688 on file 201 total size=30890688,rasize = 1048576, stride = 0 bytes, ptr=0x7face406afc0, ino=24641783, inode=0x7face406ae50
prefetcher_th: TID:1430: going to fetch from 0 for size 30890465 on file 202 total size=30890465,rasize = 1048576, stride = 0 bytes, ptr=0x7facd40255d0, ino=24641782, inode=0x7facd4025460
prefetcher_th: TID:1434: going to fetch from 0 for size 30890182 on file 203 total size=30890182,rasize = 1048576, stride = 0 bytes, ptr=0x7facac0289a0, ino=24641792, inode=0x7facac028830
prefetcher_th: TID:1435: going to fetch from 0 for size 30890537 on file 204 total size=30890537,rasize = 1048576, stride = 0 bytes, ptr=0x7faccc06af30, ino=24641781, inode=0x7faccc06adc0
prefetcher_th: TID:1432: going to fetch from 0 for size 30890457 on file 205 total size=30890457,rasize = 1048576, stride = 0 bytes, ptr=0x7faca80289a0, ino=24641780, inode=0x7faca8028830
prefetcher_th: TID:1431: going to fetch from 0 for size 30890502 on file 206 total size=30890502,rasize = 1048576, stride = 0 bytes, ptr=0x7facd806af00, ino=24641779, inode=0x7facd806ad90
prefetcher_th: TID:1427: going to fetch from 0 for size 30890516 on file 207 total size=30890516,rasize = 1048576, stride = 0 bytes, ptr=0x7facdc047d50, ino=24641778, inode=0x7facdc047be0
prefetcher_th: TID:1440: going to fetch from 0 for size 30890150 on file 208 total size=30890150,rasize = 1048576, stride = 0 bytes, ptr=0x7faca40256e0, ino=24641777, inode=0x7faca4025570
prefetcher_th: TID:1425: going to fetch from 0 for size 30890641 on file 209 total size=30890641,rasize = 1048576, stride = 0 bytes, ptr=0x7facec025460, ino=24641793, inode=0x7facec0252f0
prefetcher_th: TID:1433: going to fetch from 0 for size 30890320 on file 210 total size=30890320,rasize = 1048576, stride = 0 bytes, ptr=0x7facd0028b20, ino=24641776, inode=0x7facd00289b0
prefetcher_th: TID:1439: going to fetch from 0 for size 30890455 on file 211 total size=30890455,rasize = 1048576, stride = 0 bytes, ptr=0x7facb4025820, ino=24641788, inode=0x7facb40256b0
prefetcher_th: TID:1429: going to fetch from 0 for size 30890111 on file 212 total size=30890111,rasize = 1048576, stride = 0 bytes, ptr=0x7face806afa0, ino=24641775, inode=0x7face806ae30
prefetcher_th: TID:1424: going to fetch from 0 for size 30890085 on file 213 total size=30890085,rasize = 1048576, stride = 0 bytes, ptr=0x7facf006af00, ino=24641774, inode=0x7facf006ad90
prefetcher_th: TID:1437: going to fetch from 0 for size 30890257 on file 214 total size=30890257,rasize = 1048576, stride = 0 bytes, ptr=0x7facbc025820, ino=24641773, inode=0x7facbc0256b0
prefetcher_th: TID:1426: going to fetch from 0 for size 30890023 on file 215 total size=30890023,rasize = 1048576, stride = 0 bytes, ptr=0x7face406e310, ino=24641772, inode=0x7face406e1a0
prefetcher_th: TID:1430: going to fetch from 0 for size 30890141 on file 216 total size=30890141,rasize = 1048576, stride = 0 bytes, ptr=0x7facd4028920, ino=24641771, inode=0x7facd40287b0
prefetcher_th: TID:1434: going to fetch from 0 for size 30890014 on file 217 total size=30890014,rasize = 1048576, stride = 0 bytes, ptr=0x7facac06afc0, ino=24641770, inode=0x7facac06ae50
prefetcher_th: TID:1436: going to fetch from 0 for size 30890258 on file 218 total size=30890258,rasize = 1048576, stride = 0 bytes, ptr=0x7facc4028b50, ino=24641789, inode=0x7facc40289e0
prefetcher_th: TID:1435: going to fetch from 0 for size 30890104 on file 219 total size=30890104,rasize = 1048576, stride = 0 bytes, ptr=0x7faccc06e240, ino=24641769, inode=0x7faccc06e0d0
prefetcher_th: TID:1432: going to fetch from 0 for size 30890299 on file 220 total size=30890299,rasize = 1048576, stride = 0 bytes, ptr=0x7faca806afc0, ino=24641768, inode=0x7faca806ae50
prefetcher_th: TID:1431: going to fetch from 0 for size 30890381 on file 221 total size=30890381,rasize = 1048576, stride = 0 bytes, ptr=0x7facd806e210, ino=24641767, inode=0x7facd806e0a0
prefetcher_th: TID:1425: going to fetch from 0 for size 30890373 on file 222 total size=30890373,rasize = 1048576, stride = 0 bytes, ptr=0x7facec028790, ino=24641764, inode=0x7facec028620
prefetcher_th: TID:1439: going to fetch from 0 for size 30886779 on file 223 total size=30886779,rasize = 1048576, stride = 0 bytes, ptr=0x7facb4028b50, ino=24641763, inode=0x7facb40289e0
prefetcher_th: TID:1429: going to fetch from 0 for size 30890552 on file 224 total size=30890552,rasize = 1048576, stride = 0 bytes, ptr=0x7face806e2f0, ino=24641674, inode=0x7face806e180
prefetcher_th: TID:1427: going to fetch from 0 for size 30890308 on file 225 total size=30890308,rasize = 1048576, stride = 0 bytes, ptr=0x7facdc04b080, ino=24641766, inode=0x7facdc04af10
prefetcher_th: TID:1424: going to fetch from 0 for size 30890666 on file 226 total size=30890666,rasize = 1048576, stride = 0 bytes, ptr=0x7facf006e020, ino=24641673, inode=0x7facf006deb0
prefetcher_th: TID:1437: going to fetch from 0 for size 30890711 on file 227 total size=30890711,rasize = 1048576, stride = 0 bytes, ptr=0x7facbc028b50, ino=24641672, inode=0x7facbc0289e0
prefetcher_th: TID:1440: going to fetch from 0 for size 30890303 on file 228 total size=30890303,rasize = 1048576, stride = 0 bytes, ptr=0x7faca4028a30, ino=24641765, inode=0x7faca40288c0
prefetcher_th: TID:1430: going to fetch from 0 for size 30890586 on file 229 total size=30890586,rasize = 1048576, stride = 0 bytes, ptr=0x7facd406af20, ino=24641669, inode=0x7facd406adb0
prefetcher_th: TID:1436: going to fetch from 0 for size 30890742 on file 230 total size=30890742,rasize = 1048576, stride = 0 bytes, ptr=0x7facc406af80, ino=24641668, inode=0x7facc406ae10
prefetcher_th: TID:1421: going to fetch from 0 for size 30890601 on file 231 total size=30890601,rasize = 1048576, stride = 0 bytes, ptr=0x55a026070f50, ino=24641787, inode=0x55a026070de0
prefetcher_th: TID:1434: going to fetch from 0 for size 30890631 on file 232 total size=30890631,rasize = 1048576, stride = 0 bytes, ptr=0x7facac06e2f0, ino=24641667, inode=0x7facac06e180
prefetcher_th: TID:1435: going to fetch from 0 for size 30890676 on file 233 total size=30890676,rasize = 1048576, stride = 0 bytes, ptr=0x7faccc0715f0, ino=24641666, inode=0x7faccc071480
prefetcher_th: TID:1432: going to fetch from 0 for size 30890601 on file 234 total size=30890601,rasize = 1048576, stride = 0 bytes, ptr=0x7faca806e2f0, ino=24641665, inode=0x7faca806e180
prefetcher_th: TID:1431: going to fetch from 0 for size 30890603 on file 235 total size=30890603,rasize = 1048576, stride = 0 bytes, ptr=0x7facd8071540, ino=24641664, inode=0x7facd80713d0
prefetcher_th: TID:1439: going to fetch from 0 for size 30890572 on file 236 total size=30890572,rasize = 1048576, stride = 0 bytes, ptr=0x7facb406aff0, ino=24641663, inode=0x7facb406ae80
prefetcher_th: TID:1433: going to fetch from 0 for size 30890522 on file 237 total size=30890522,rasize = 1048576, stride = 0 bytes, ptr=0x7facd006af70, ino=24641670, inode=0x7facd006ae00
prefetcher_th: TID:1427: going to fetch from 0 for size 30890630 on file 238 total size=30890630,rasize = 1048576, stride = 0 bytes, ptr=0x7facdc04e3b0, ino=24641662, inode=0x7facdc04e240
prefetcher_th: TID:1425: going to fetch from 0 for size 30890578 on file 239 total size=30890578,rasize = 1048576, stride = 0 bytes, ptr=0x7facec06af80, ino=24641660, inode=0x7facec06ae10
prefetcher_th: TID:1440: going to fetch from 0 for size 30890536 on file 240 total size=30890536,rasize = 1048576, stride = 0 bytes, ptr=0x7faca406af50, ino=24641659, inode=0x7faca406ade0
prefetcher_th: TID:1426: going to fetch from 0 for size 30890642 on file 241 total size=30890642,rasize = 1048576, stride = 0 bytes, ptr=0x7face4071600, ino=24641671, inode=0x7face4071490
prefetcher_th: TID:1430: going to fetch from 0 for size 30890552 on file 242 total size=30890552,rasize = 1048576, stride = 0 bytes, ptr=0x7facd406e250, ino=24641658, inode=0x7facd406e0e0
prefetcher_th: TID:1429: going to fetch from 0 for size 30890648 on file 243 total size=30890648,rasize = 1048576, stride = 0 bytes, ptr=0x7face80715e0, ino=24641657, inode=0x7face8071470
prefetcher_th: TID:1424: going to fetch from 0 for size 30890662 on file 244 total size=30890662,rasize = 1048576, stride = 0 bytes, ptr=0x7facf00711e0, ino=24641661, inode=0x7facf0071070
prefetcher_th: TID:1436: going to fetch from 0 for size 30890636 on file 245 total size=30890636,rasize = 1048576, stride = 0 bytes, ptr=0x7facc406e140, ino=24641656, inode=0x7facc406dfd0
prefetcher_th: TID:1421: going to fetch from 0 for size 30890632 on file 246 total size=30890632,rasize = 1048576, stride = 0 bytes, ptr=0x55a0260742a0, ino=24641655, inode=0x55a026074130
prefetcher_th: TID:1437: going to fetch from 0 for size 30890542 on file 247 total size=30890542,rasize = 1048576, stride = 0 bytes, ptr=0x7facbc06af70, ino=24641654, inode=0x7facbc06ae00
prefetcher_th: TID:1435: going to fetch from 0 for size 30890642 on file 248 total size=30890642,rasize = 1048576, stride = 0 bytes, ptr=0x7faccc074940, ino=24641653, inode=0x7faccc0747d0
prefetcher_th: TID:1432: going to fetch from 0 for size 30890682 on file 249 total size=30890682,rasize = 1048576, stride = 0 bytes, ptr=0x7faca8071620, ino=24641652, inode=0x7faca80714b0
prefetcher_th: TID:1431: going to fetch from 0 for size 30890647 on file 250 total size=30890647,rasize = 1048576, stride = 0 bytes, ptr=0x7facd8074870, ino=24641651, inode=0x7facd8074700
prefetcher_th: TID:1434: going to fetch from 0 for size 30890611 on file 251 total size=30890611,rasize = 1048576, stride = 0 bytes, ptr=0x7facac071600, ino=24641650, inode=0x7facac071490
prefetcher_th: TID:1433: going to fetch from 0 for size 30890574 on file 252 total size=30890574,rasize = 1048576, stride = 0 bytes, ptr=0x7facd006e220, ino=24641649, inode=0x7facd006e0b0
prefetcher_th: TID:1427: going to fetch from 0 for size 30890770 on file 253 total size=30890770,rasize = 1048576, stride = 0 bytes, ptr=0x7facdc0516e0, ino=24641648, inode=0x7facdc051570
prefetcher_th: TID:1425: going to fetch from 0 for size 30890617 on file 254 total size=30890617,rasize = 1048576, stride = 0 bytes, ptr=0x7facec06e260, ino=24641647, inode=0x7facec06e0f0
prefetcher_th: TID:1426: going to fetch from 0 for size 30890606 on file 255 total size=30890606,rasize = 1048576, stride = 0 bytes, ptr=0x7face4074930, ino=24641646, inode=0x7face40747c0
prefetcher_th: TID:1439: going to fetch from 0 for size 30890646 on file 256 total size=30890646,rasize = 1048576, stride = 0 bytes, ptr=0x7facb406e0e0, ino=24641645, inode=0x7facb402b880
prefetcher_th: TID:1430: going to fetch from 0 for size 30890590 on file 258 total size=30890590,rasize = 1048576, stride = 0 bytes, ptr=0x7facd4071600, ino=24641644, inode=0x7facd4071490
prefetcher_th: TID:1424: going to fetch from 0 for size 30890617 on file 257 total size=30890617,rasize = 1048576, stride = 0 bytes, ptr=0x7facf0074510, ino=24641643, inode=0x7facf00743a0
prefetcher_th: TID:1440: going to fetch from 0 for size 30890668 on file 259 total size=30890668,rasize = 1048576, stride = 0 bytes, ptr=0x7faca406e1d0, ino=24641642, inode=0x7faca406e060
prefetcher_th: TID:1436: going to fetch from 0 for size 30890654 on file 260 total size=30890654,rasize = 1048576, stride = 0 bytes, ptr=0x7facc4071450, ino=24641641, inode=0x7facc40712e0
prefetcher_th: TID:1421: going to fetch from 0 for size 30890601 on file 261 total size=30890601,rasize = 1048576, stride = 0 bytes, ptr=0x55a0260775b0, ino=24641640, inode=0x55a026077440
prefetcher_th: TID:1437: going to fetch from 0 for size 30890578 on file 262 total size=30890578,rasize = 1048576, stride = 0 bytes, ptr=0x7facbc06e140, ino=24641639, inode=0x7facbc06dfd0
prefetcher_th: TID:1435: going to fetch from 0 for size 30890565 on file 263 total size=30890565,rasize = 1048576, stride = 0 bytes, ptr=0x7faccc077c40, ino=24641638, inode=0x7faccc077ad0
prefetcher_th: TID:1429: going to fetch from 0 for size 30890558 on file 264 total size=30890558,rasize = 1048576, stride = 0 bytes, ptr=0x7face8074910, ino=24641637, inode=0x7face80747a0
prefetcher_th: TID:1432: going to fetch from 0 for size 30890630 on file 265 total size=30890630,rasize = 1048576, stride = 0 bytes, ptr=0x7faca8074950, ino=24641636, inode=0x7faca80747e0
prefetcher_th: TID:1434: going to fetch from 0 for size 30890601 on file 266 total size=30890601,rasize = 1048576, stride = 0 bytes, ptr=0x7facac074930, ino=24641634, inode=0x7facac0747c0
prefetcher_th: TID:1433: going to fetch from 0 for size 30890568 on file 267 total size=30890568,rasize = 1048576, stride = 0 bytes, ptr=0x7facd0071570, ino=24641633, inode=0x7facd0071400
prefetcher_th: TID:1431: going to fetch from 0 for size 30890609 on file 268 total size=30890609,rasize = 1048576, stride = 0 bytes, ptr=0x7facd8077ba0, ino=24641635, inode=0x7facd8077a30
prefetcher_th: TID:1427: going to fetch from 0 for size 30890659 on file 269 total size=30890659,rasize = 1048576, stride = 0 bytes, ptr=0x7facdc054a10, ino=24641612, inode=0x7facdc0548a0
prefetcher_th: TID:1425: going to fetch from 0 for size 30890577 on file 270 total size=30890577,rasize = 1048576, stride = 0 bytes, ptr=0x7facec071590, ino=24641611, inode=0x7facec071420
prefetcher_th: TID:1426: going to fetch from 0 for size 30890620 on file 271 total size=30890620,rasize = 1048576, stride = 0 bytes, ptr=0x7face4077c60, ino=24641610, inode=0x7face4077af0
prefetcher_th: TID:1439: going to fetch from 0 for size 30890647 on file 272 total size=30890647,rasize = 1048576, stride = 0 bytes, ptr=0x7facb40713d0, ino=24641609, inode=0x7facb4071260
prefetcher_th: TID:1424: going to fetch from 0 for size 30890557 on file 273 total size=30890557,rasize = 1048576, stride = 0 bytes, ptr=0x7facf00777c0, ino=24641608, inode=0x7facf0077650
prefetcher_th: TID:1436: going to fetch from 0 for size 30890889 on file 274 total size=30890889,rasize = 1048576, stride = 0 bytes, ptr=0x7facc4074780, ino=24641607, inode=0x7facc4074610
prefetcher_th: TID:1437: going to fetch from 0 for size 30890583 on file 275 total size=30890583,rasize = 1048576, stride = 0 bytes, ptr=0x7facbc071450, ino=24641605, inode=0x7facbc0712e0
prefetcher_th: TID:1421: going to fetch from 0 for size 30890577 on file 276 total size=30890577,rasize = 1048576, stride = 0 bytes, ptr=0x55a02607a8e0, ino=24641606, inode=0x55a02607a770
prefetcher_th: TID:1430: going to fetch from 0 for size 30890671 on file 277 total size=30890671,rasize = 1048576, stride = 0 bytes, ptr=0x7facd4074950, ino=24641604, inode=0x7facd40747e0
prefetcher_th: TID:1429: going to fetch from 0 for size 30890625 on file 278 total size=30890625,rasize = 1048576, stride = 0 bytes, ptr=0x7face8077c10, ino=24641603, inode=0x7face8077aa0
prefetcher_th: TID:1432: going to fetch from 0 for size 30863660 on file 279 total size=30863660,rasize = 1048576, stride = 0 bytes, ptr=0x7faca8077c80, ino=24641599, inode=0x7faca8077b10
prefetcher_th: TID:1440: going to fetch from 0 for size 30864366 on file 280 total size=30864366,rasize = 1048576, stride = 0 bytes, ptr=0x7faca4071500, ino=24641596, inode=0x7faca4071390
prefetcher_th: TID:1434: going to fetch from 0 for size 30864444 on file 281 total size=30864444,rasize = 1048576, stride = 0 bytes, ptr=0x7facac077c60, ino=24641591, inode=0x7facac077af0
prefetcher_th: TID:1431: going to fetch from 0 for size 30864639 on file 282 total size=30864639,rasize = 1048576, stride = 0 bytes, ptr=0x7facd807aed0, ino=24641600, inode=0x7facd807ad60
prefetcher_th: TID:1433: going to fetch from 0 for size 30864543 on file 283 total size=30864543,rasize = 1048576, stride = 0 bytes, ptr=0x7facd00748a0, ino=24641601, inode=0x7facd0074730
prefetcher_th: TID:1435: going to fetch from 0 for size 30889745 on file 284 total size=30889745,rasize = 1048576, stride = 0 bytes, ptr=0x7faccc07af40, ino=24641602, inode=0x7faccc07add0
prefetcher_th: TID:1425: going to fetch from 0 for size 30890614 on file 285 total size=30890614,rasize = 1048576, stride = 0 bytes, ptr=0x7facec0748c0, ino=24641614, inode=0x7facec074750
prefetcher_th: TID:1426: going to fetch from 0 for size 30890624 on file 286 total size=30890624,rasize = 1048576, stride = 0 bytes, ptr=0x7face407af90, ino=24641615, inode=0x7face407ae20
prefetcher_th: TID:1439: going to fetch from 0 for size 30891071 on file 287 total size=30891071,rasize = 1048576, stride = 0 bytes, ptr=0x7facb40746d0, ino=24641616, inode=0x7facb4074560
prefetcher_th: TID:1436: going to fetch from 0 for size 30890548 on file 288 total size=30890548,rasize = 1048576, stride = 0 bytes, ptr=0x7facc4077ab0, ino=24641618, inode=0x7facc4077940
prefetcher_th: TID:1424: going to fetch from 0 for size 30890622 on file 289 total size=30890622,rasize = 1048576, stride = 0 bytes, ptr=0x7facf007aaf0, ino=24641617, inode=0x7facf007a980
prefetcher_th: TID:1437: going to fetch from 0 for size 30890583 on file 290 total size=30890583,rasize = 1048576, stride = 0 bytes, ptr=0x7facbc074780, ino=24641620, inode=0x7facbc074610
prefetcher_th: TID:1430: going to fetch from 0 for size 30890618 on file 291 total size=30890618,rasize = 1048576, stride = 0 bytes, ptr=0x7facd4077c80, ino=24641621, inode=0x7facd4077b10
prefetcher_th: TID:1429: going to fetch from 0 for size 30890750 on file 292 total size=30890750,rasize = 1048576, stride = 0 bytes, ptr=0x7face807b050, ino=24641622, inode=0x7face807aee0
prefetcher_th: TID:1440: going to fetch from 0 for size 30890604 on file 293 total size=30890604,rasize = 1048576, stride = 0 bytes, ptr=0x7faca4074830, ino=24641623, inode=0x7faca40746c0
prefetcher_th: TID:1427: going to fetch from 0 for size 30890566 on file 294 total size=30890566,rasize = 1048576, stride = 0 bytes, ptr=0x7facdc097520, ino=24641613, inode=0x7facdc057bd0
prefetcher_th: TID:1432: going to fetch from 0 for size 30890591 on file 295 total size=30890591,rasize = 1048576, stride = 0 bytes, ptr=0x7faca807afb0, ino=24641624, inode=0x7faca807ae40
prefetcher_th: TID:1434: going to fetch from 0 for size 30890645 on file 296 total size=30890645,rasize = 1048576, stride = 0 bytes, ptr=0x7facac07af90, ino=24641625, inode=0x7facac07ae20
prefetcher_th: TID:1431: going to fetch from 0 for size 30890592 on file 297 total size=30890592,rasize = 1048576, stride = 0 bytes, ptr=0x7facd807e200, ino=24641626, inode=0x7facd807e090
prefetcher_th: TID:1435: going to fetch from 0 for size 30890563 on file 298 total size=30890563,rasize = 1048576, stride = 0 bytes, ptr=0x7faccc07e270, ino=24641628, inode=0x7faccc07e100
prefetcher_th: TID:1425: going to fetch from 0 for size 30890530 on file 299 total size=30890530,rasize = 1048576, stride = 0 bytes, ptr=0x7facec077bf0, ino=24641629, inode=0x7facec077a80
prefetcher_th: TID:1421: going to fetch from 0 for size 30890604 on file 300 total size=30890604,rasize = 1048576, stride = 0 bytes, ptr=0x55a02607dbf0, ino=24641619, inode=0x55a02607da80
prefetcher_th: TID:1439: going to fetch from 0 for size 30890626 on file 301 total size=30890626,rasize = 1048576, stride = 0 bytes, ptr=0x7facb4077a00, ino=24641631, inode=0x7facb4077890
prefetcher_th: TID:1436: going to fetch from 0 for size 30890587 on file 302 total size=30890587,rasize = 1048576, stride = 0 bytes, ptr=0x7facc407ade0, ino=24641632, inode=0x7facc407ac70
prefetcher_th: TID:1437: going to fetch from 0 for size 30890556 on file 303 total size=30890556,rasize = 1048576, stride = 0 bytes, ptr=0x7facbc077ab0, ino=24641675, inode=0x7facbc077940
prefetcher_th: TID:1433: going to fetch from 0 for size 30890811 on file 304 total size=30890811,rasize = 1048576, stride = 0 bytes, ptr=0x7facd0077bd0, ino=24641627, inode=0x7facd0077a60
prefetcher_th: TID:1430: going to fetch from 0 for size 30890650 on file 305 total size=30890650,rasize = 1048576, stride = 0 bytes, ptr=0x7facd407afb0, ino=24641676, inode=0x7facd407ae40
prefetcher_th: TID:1429: going to fetch from 0 for size 30890600 on file 306 total size=30890600,rasize = 1048576, stride = 0 bytes, ptr=0x7face807e380, ino=24641677, inode=0x7face807e210
prefetcher_th: TID:1427: going to fetch from 0 for size 30890467 on file 307 total size=30890467,rasize = 1048576, stride = 0 bytes, ptr=0x7facdc09a340, ino=24641678, inode=0x7facdc09a1d0
prefetcher_th: TID:1424: going to fetch from 0 for size 30890559 on file 308 total size=30890559,rasize = 1048576, stride = 0 bytes, ptr=0x7facf007dde0, ino=24641679, inode=0x7facf007dc70
prefetcher_th: TID:1432: going to fetch from 0 for size 30890602 on file 309 total size=30890602,rasize = 1048576, stride = 0 bytes, ptr=0x7faca807e2e0, ino=24641680, inode=0x7faca807e170
prefetcher_th: TID:1426: going to fetch from 0 for size 30890696 on file 310 total size=30890696,rasize = 1048576, stride = 0 bytes, ptr=0x7face407e2c0, ino=24641630, inode=0x7face407e150
prefetcher_th: TID:1434: going to fetch from 0 for size 30890617 on file 311 total size=30890617,rasize = 1048576, stride = 0 bytes, ptr=0x7facac07e2c0, ino=24641681, inode=0x7facac07e150
prefetcher_th: TID:1431: going to fetch from 0 for size 30890663 on file 312 total size=30890663,rasize = 1048576, stride = 0 bytes, ptr=0x7facd8081530, ino=24641682, inode=0x7facd80813c0
prefetcher_th: TID:1435: going to fetch from 0 for size 30890529 on file 313 total size=30890529,rasize = 1048576, stride = 0 bytes, ptr=0x7faccc0815a0, ino=24641683, inode=0x7faccc081430
prefetcher_th: TID:1425: going to fetch from 0 for size 30890558 on file 314 total size=30890558,rasize = 1048576, stride = 0 bytes, ptr=0x7facec07af20, ino=24641684, inode=0x7facec07adb0
prefetcher_th: TID:1421: going to fetch from 0 for size 30890556 on file 315 total size=30890556,rasize = 1048576, stride = 0 bytes, ptr=0x55a026080ef0, ino=24641685, inode=0x55a026080d80
prefetcher_th: TID:1440: going to fetch from 0 for size 30890671 on file 316 total size=30890671,rasize = 1048576, stride = 0 bytes, ptr=0x7faca4077b60, ino=24641686, inode=0x7faca40779f0
prefetcher_th: TID:1439: going to fetch from 0 for size 30890696 on file 317 total size=30890696,rasize = 1048576, stride = 0 bytes, ptr=0x7facb407ad30, ino=24641687, inode=0x7facb407abc0
prefetcher_th: TID:1436: going to fetch from 0 for size 30890577 on file 318 total size=30890577,rasize = 1048576, stride = 0 bytes, ptr=0x7facc407e110, ino=24641688, inode=0x7facc407dfa0
prefetcher_th: TID:1433: going to fetch from 0 for size 30890785 on file 319 total size=30890785,rasize = 1048576, stride = 0 bytes, ptr=0x7facd007af00, ino=24641689, inode=0x7facd007ad90
prefetcher_th: TID:1430: going to fetch from 0 for size 30890553 on file 320 total size=30890553,rasize = 1048576, stride = 0 bytes, ptr=0x7facd407e2e0, ino=24641690, inode=0x7facd407e170
prefetcher_th: TID:1429: going to fetch from 0 for size 30890627 on file 321 total size=30890627,rasize = 1048576, stride = 0 bytes, ptr=0x7face80816b0, ino=24641691, inode=0x7face8081540
prefetcher_th: TID:1427: going to fetch from 0 for size 30890715 on file 322 total size=30890715,rasize = 1048576, stride = 0 bytes, ptr=0x7facdc09d660, ino=24641692, inode=0x7facdc09d4f0
prefetcher_th: TID:1424: going to fetch from 0 for size 30890567 on file 323 total size=30890567,rasize = 1048576, stride = 0 bytes, ptr=0x7facf0081110, ino=24641693, inode=0x7facf0080fa0
prefetcher_th: TID:1437: going to fetch from 0 for size 30890728 on file 324 total size=30890728,rasize = 1048576, stride = 0 bytes, ptr=0x7facbc07adb0, ino=24641694, inode=0x7facbc07ac40
prefetcher_th: TID:1432: going to fetch from 0 for size 30890659 on file 325 total size=30890659,rasize = 1048576, stride = 0 bytes, ptr=0x7faca8081610, ino=24641695, inode=0x7faca80814a0
prefetcher_th: TID:1426: going to fetch from 0 for size 30890661 on file 326 total size=30890661,rasize = 1048576, stride = 0 bytes, ptr=0x7face40815f0, ino=24641696, inode=0x7face4081480
prefetcher_th: TID:1434: going to fetch from 0 for size 30890760 on file 327 total size=30890760,rasize = 1048576, stride = 0 bytes, ptr=0x7facac0815f0, ino=24641697, inode=0x7facac081480
prefetcher_th: TID:1431: going to fetch from 0 for size 30890545 on file 328 total size=30890545,rasize = 1048576, stride = 0 bytes, ptr=0x7facd8084860, ino=24641698, inode=0x7facd80846f0
prefetcher_th: TID:1421: going to fetch from 0 for size 30890585 on file 329 total size=30890585,rasize = 1048576, stride = 0 bytes, ptr=0x55a026084220, ino=24641700, inode=0x55a0260840b0
prefetcher_th: TID:1440: going to fetch from 0 for size 30890609 on file 330 total size=30890609,rasize = 1048576, stride = 0 bytes, ptr=0x7faca407ae90, ino=24641701, inode=0x7faca407ad20
prefetcher_th: TID:1439: going to fetch from 0 for size 30890710 on file 331 total size=30890710,rasize = 1048576, stride = 0 bytes, ptr=0x7facb407e060, ino=24641702, inode=0x7facb407def0
prefetcher_th: TID:1433: going to fetch from 0 for size 30890529 on file 332 total size=30890529,rasize = 1048576, stride = 0 bytes, ptr=0x7facd007e230, ino=24641704, inode=0x7facd007e0c0
prefetcher_th: TID:1430: going to fetch from 0 for size 30890591 on file 333 total size=30890591,rasize = 1048576, stride = 0 bytes, ptr=0x7facd40815e0, ino=24641705, inode=0x7facd4081470
prefetcher_th: TID:1425: going to fetch from 0 for size 30890577 on file 334 total size=30890577,rasize = 1048576, stride = 0 bytes, ptr=0x7facec07e250, ino=24641706, inode=0x7facec07e0e0
prefetcher_th: TID:1435: going to fetch from 0 for size 30890521 on file 335 total size=30890521,rasize = 1048576, stride = 0 bytes, ptr=0x7faccc0848d0, ino=24641699, inode=0x7faccc084760
prefetcher_th: TID:1429: going to fetch from 0 for size 30890754 on file 336 total size=30890754,rasize = 1048576, stride = 0 bytes, ptr=0x7face80849e0, ino=24641707, inode=0x7face8084870
prefetcher_th: TID:1427: going to fetch from 0 for size 30890648 on file 337 total size=30890648,rasize = 1048576, stride = 0 bytes, ptr=0x7facdc0a0950, ino=24641708, inode=0x7facdc0a07e0
prefetcher_th: TID:1432: going to fetch from 0 for size 30890792 on file 338 total size=30890792,rasize = 1048576, stride = 0 bytes, ptr=0x7faca8084940, ino=24641709, inode=0x7faca80847d0
prefetcher_th: TID:1426: going to fetch from 0 for size 30890585 on file 339 total size=30890585,rasize = 1048576, stride = 0 bytes, ptr=0x7face4084920, ino=24641710, inode=0x7face40847b0
prefetcher_th: TID:1434: going to fetch from 0 for size 30890599 on file 340 total size=30890599,rasize = 1048576, stride = 0 bytes, ptr=0x7facac084920, ino=24641711, inode=0x7facac0847b0
prefetcher_th: TID:1431: going to fetch from 0 for size 30890762 on file 341 total size=30890762,rasize = 1048576, stride = 0 bytes, ptr=0x7facd8087b90, ino=24641712, inode=0x7facd8087a20
prefetcher_th: TID:1421: going to fetch from 0 for size 30890592 on file 342 total size=30890592,rasize = 1048576, stride = 0 bytes, ptr=0x55a026087550, ino=24641713, inode=0x55a0260873e0
prefetcher_th: TID:1436: going to fetch from 0 for size 30890556 on file 343 total size=30890556,rasize = 1048576, stride = 0 bytes, ptr=0x7facc4081440, ino=24641703, inode=0x7facc40812d0
prefetcher_th: TID:1424: going to fetch from 0 for size 30890578 on file 344 total size=30890578,rasize = 1048576, stride = 0 bytes, ptr=0x7facf0084440, ino=24641715, inode=0x7facf00842d0
prefetcher_th: TID:1439: going to fetch from 0 for size 30890517 on file 345 total size=30890517,rasize = 1048576, stride = 0 bytes, ptr=0x7facb4081390, ino=24641716, inode=0x7facb4081220
prefetcher_th: TID:1437: going to fetch from 0 for size 30890667 on file 346 total size=30890667,rasize = 1048576, stride = 0 bytes, ptr=0x7facbc07e0e0, ino=24641717, inode=0x7facbc07df70
prefetcher_th: TID:1433: going to fetch from 0 for size 30890602 on file 347 total size=30890602,rasize = 1048576, stride = 0 bytes, ptr=0x7facd0081560, ino=24641718, inode=0x7facd00813f0
prefetcher_th: TID:1425: going to fetch from 0 for size 30890569 on file 348 total size=30890569,rasize = 1048576, stride = 0 bytes, ptr=0x7facec081690, ino=24641720, inode=0x7facec081520
prefetcher_th: TID:1440: going to fetch from 0 for size 30890709 on file 349 total size=30890709,rasize = 1048576, stride = 0 bytes, ptr=0x7faca407e1c0, ino=24641714, inode=0x7faca407e050
prefetcher_th: TID:1435: going to fetch from 0 for size 30890582 on file 350 total size=30890582,rasize = 1048576, stride = 0 bytes, ptr=0x7faccc087c00, ino=24641721, inode=0x7faccc087a90
prefetcher_th: TID:1429: going to fetch from 0 for size 30890715 on file 351 total size=30890715,rasize = 1048576, stride = 0 bytes, ptr=0x7face8087d10, ino=24641722, inode=0x7face8087ba0
prefetcher_th: TID:1432: going to fetch from 0 for size 30890536 on file 352 total size=30890536,rasize = 1048576, stride = 0 bytes, ptr=0x7faca8087c70, ino=24641724, inode=0x7faca8087b00
prefetcher_th: TID:1426: going to fetch from 0 for size 30890548 on file 353 total size=30890548,rasize = 1048576, stride = 0 bytes, ptr=0x7face4087c50, ino=24641725, inode=0x7face4087ae0
prefetcher_th: TID:1434: going to fetch from 0 for size 30890619 on file 354 total size=30890619,rasize = 1048576, stride = 0 bytes, ptr=0x7facac087c50, ino=24641726, inode=0x7facac087ae0
prefetcher_th: TID:1430: going to fetch from 0 for size 30890558 on file 355 total size=30890558,rasize = 1048576, stride = 0 bytes, ptr=0x7facd4084910, ino=24641719, inode=0x7facd40847a0
prefetcher_th: TID:1431: going to fetch from 0 for size 30890658 on file 356 total size=30890658,rasize = 1048576, stride = 0 bytes, ptr=0x7facd808aec0, ino=24641727, inode=0x7facd808ad50
prefetcher_th: TID:1427: going to fetch from 0 for size 30890653 on file 357 total size=30890653,rasize = 1048576, stride = 0 bytes, ptr=0x7facdc0a3c80, ino=24641723, inode=0x7facdc0a3b10
prefetcher_th: TID:1421: going to fetch from 0 for size 30890665 on file 358 total size=30890665,rasize = 1048576, stride = 0 bytes, ptr=0x55a0260e0e10, ino=24641728, inode=0x55a02608a710
prefetcher_th: TID:1436: going to fetch from 0 for size 30890558 on file 359 total size=30890558,rasize = 1048576, stride = 0 bytes, ptr=0x7facc4084770, ino=24641729, inode=0x7facc4084600
prefetcher_th: TID:1424: going to fetch from 0 for size 30890706 on file 360 total size=30890706,rasize = 1048576, stride = 0 bytes, ptr=0x7facf0087770, ino=24641730, inode=0x7facf0087600
prefetcher_th: TID:1437: going to fetch from 0 for size 30890617 on file 361 total size=30890617,rasize = 1048576, stride = 0 bytes, ptr=0x7facbc081410, ino=24641731, inode=0x7facbc0812a0
prefetcher_th: TID:1433: going to fetch from 0 for size 30890696 on file 362 total size=30890696,rasize = 1048576, stride = 0 bytes, ptr=0x7facd0084890, ino=24641732, inode=0x7facd0084720
prefetcher_th: TID:1440: going to fetch from 0 for size 30890683 on file 363 total size=30890683,rasize = 1048576, stride = 0 bytes, ptr=0x7faca40814f0, ino=24641733, inode=0x7faca4081380
prefetcher_th: TID:1425: going to fetch from 0 for size 30890562 on file 364 total size=30890562,rasize = 1048576, stride = 0 bytes, ptr=0x7facec0849c0, ino=24641734, inode=0x7facec084850
prefetcher_th: TID:1435: going to fetch from 0 for size 30890728 on file 365 total size=30890728,rasize = 1048576, stride = 0 bytes, ptr=0x7faccc08af30, ino=24641735, inode=0x7faccc08adc0
prefetcher_th: TID:1429: going to fetch from 0 for size 30890591 on file 366 total size=30890591,rasize = 1048576, stride = 0 bytes, ptr=0x7face808b040, ino=24641736, inode=0x7face808aed0
prefetcher_th: TID:1439: going to fetch from 0 for size 30890648 on file 367 total size=30890648,rasize = 1048576, stride = 0 bytes, ptr=0x7facb40846c0, ino=24641737, inode=0x7facb4084550
prefetcher_th: TID:1432: going to fetch from 0 for size 30890722 on file 368 total size=30890722,rasize = 1048576, stride = 0 bytes, ptr=0x7faca808afa0, ino=24641738, inode=0x7faca808ae30
prefetcher_th: TID:1426: going to fetch from 0 for size 30890592 on file 369 total size=30890592,rasize = 1048576, stride = 0 bytes, ptr=0x7face408af80, ino=24641739, inode=0x7face408ae10
prefetcher_th: TID:1430: going to fetch from 0 for size 30890566 on file 370 total size=30890566,rasize = 1048576, stride = 0 bytes, ptr=0x7facd4087c40, ino=24641740, inode=0x7facd4087ad0
prefetcher_th: TID:1427: going to fetch from 0 for size 30890653 on file 371 total size=30890653,rasize = 1048576, stride = 0 bytes, ptr=0x7facdc0a6fb0, ino=24641742, inode=0x7facdc0a6e40
prefetcher_th: TID:1436: going to fetch from 0 for size 30890740 on file 372 total size=30890740,rasize = 1048576, stride = 0 bytes, ptr=0x7facc4087aa0, ino=24641743, inode=0x7facc4087930
prefetcher_th: TID:1424: going to fetch from 0 for size 30890575 on file 373 total size=30890575,rasize = 1048576, stride = 0 bytes, ptr=0x7facf008aaa0, ino=24641744, inode=0x7facf008a930
prefetcher_th: TID:1437: going to fetch from 0 for size 30890563 on file 374 total size=30890563,rasize = 1048576, stride = 0 bytes, ptr=0x7facbc084740, ino=24641745, inode=0x7facbc0845d0
prefetcher_th: TID:1431: going to fetch from 0 for size 30890599 on file 375 total size=30890599,rasize = 1048576, stride = 0 bytes, ptr=0x7facd808e1f0, ino=24641741, inode=0x7facd808e080
prefetcher_th: TID:1434: going to fetch from 0 for size 30890556 on file 376 total size=30890556,rasize = 1048576, stride = 0 bytes, ptr=0x7facac08af80, ino=24641746, inode=0x7facac08ae10
prefetcher_th: TID:1433: going to fetch from 0 for size 30890586 on file 377 total size=30890586,rasize = 1048576, stride = 0 bytes, ptr=0x7facd0087bc0, ino=24641747, inode=0x7facd0087a50
prefetcher_th: TID:1425: going to fetch from 0 for size 30890702 on file 378 total size=RocksDB:    version 7.6.0
Date:       Thu Sep 15 17:17:27 2022
CPU:        48 * AMD EPYC 7402P 24-Core Processor
CPUCache:   512 KB
... finished 100 ops                              ... finished 200 ops                              ... finished 300 ops                              ... finished 400 ops                              ... finished 500 ops                              ... finished 600 ops                              ... finished 700 ops                              ... finished 800 ops                              ... finished 900 ops                              ... finished 1000 ops                              ... finished 1500 ops                              ... finished 2000 ops                              ... finished 2500 ops                              ... finished 3000 ops                              ... finished 3500 ops                              ... finished 4000 ops                              ... finished 4500 ops                              ... finished 5000 ops                              ... finished 6000 ops                              ... finished 7000 ops                              ... finished 8000 ops                              ... finished 9000 ops                              ... finished 10000 ops                              ... finished 15000 ops                              ... finished 20000 ops                              ... finished 25000 ops                              ... finished 30000 ops                              ... finished 35000 ops                              ... finished 40000 ops                              ... finished 45000 ops                              ... finished 50000 ops                              ... finished 60000 ops                              ... finished 70000 ops                              ... finished 80000 ops                              ... finished 90000 ops                              ... finished 100000 ops                              ... finished 150000 ops                              ... finished 200000 ops                              ... finished 250000 ops                              ... finished 300000 ops                              ... finished 350000 ops                              ... finished 400000 ops                              ... finished 450000 ops                              ... finished 500000 ops                              ... finished 600000 ops                              ... finished 700000 ops                              ... finished 800000 ops                              ... finished 900000 ops                              ... finished 1000000 ops                              ... finished 1100000 ops                              ... finished 1200000 ops                              ... finished 1300000 ops                              ... finished 1400000 ops                              ... finished 1500000 ops                              ... finished 1600000 ops                              ... finished 1700000 ops                              ... finished 1800000 ops                              ... finished 1900000 ops                              ... finished 2000000 ops                              ... finished 2100000 ops                              ... finished 2200000 ops                              ... finished 2300000 ops                              ... finished 2400000 ops                              ... finished 2500000 ops                              ... finished 2600000 ops                              ... finished 2700000 ops                              ... finished 2800000 ops                              ... finished 2900000 ops                              ... finished 3000000 ops                              ... finished 3100000 ops                              ... finished 3200000 ops                              ... finished 3300000 ops                              ... finished 3400000 ops                              ... finished 3500000 ops                              ... finished 3600000 ops                              ... finished 3700000 ops                              ... finished 3800000 ops                              ... finished 3900000 ops                              ... finished 4000000 ops                              ... finished 4100000 ops                              ... finished 4200000 ops                              ... finished 4300000 ops                              ... finished 4400000 ops                              ... finished 4500000 ops                              ... finished 4600000 ops                              ... finished 4700000 ops                              ... finished 4800000 ops                              ... finished 4900000 ops                              ... finished 5000000 ops                              30890702,rasize = 1048576, stride = 0 bytes, ptr=0x7facec087cf0, ino=24641748, inode=0x7facec087b80
prefetcher_th: TID:1435: going to fetch from 0 for size 30890591 on file 379 total size=30890591,rasize = 1048576, stride = 0 bytes, ptr=0x7faccc08e260, ino=24641749, inode=0x7faccc08e0f0
prefetcher_th: TID:1421: going to fetch from 0 for size 30890659 on file 380 total size=30890659,rasize = 1048576, stride = 0 bytes, ptr=0x55a0260e3cb0, ino=24641750, inode=0x55a0260e3b40
prefetcher_th: TID:1439: going to fetch from 0 for size 30890529 on file 381 total size=30890529,rasize = 1048576, stride = 0 bytes, ptr=0x7facb40879f0, ino=24641751, inode=0x7facb4087880
prefetcher_th: TID:1432: going to fetch from 0 for size 30890622 on file 382 total size=30890622,rasize = 1048576, stride = 0 bytes, ptr=0x7faca808e2d0, ino=24641752, inode=0x7faca808e160
prefetcher_th: TID:1426: going to fetch from 0 for size 30890729 on file 383 total size=30890729,rasize = 1048576, stride = 0 bytes, ptr=0x7face408e2b0, ino=24641753, inode=0x7face408e140
prefetcher_th: TID:1430: going to fetch from 0 for size 30890601 on file 384 total size=30890601,rasize = 1048576, stride = 0 bytes, ptr=0x7facd408af70, ino=24641754, inode=0x7facd408ae00
prefetcher_th: TID:1427: going to fetch from 0 for size 30890678 on file 385 total size=30890678,rasize = 1048576, stride = 0 bytes, ptr=0x7facdc0aa2e0, ino=24641755, inode=0x7facdc0aa170
prefetcher_th: TID:1440: going to fetch from 0 for size 30890540 on file 386 total size=30890540,rasize = 1048576, stride = 0 bytes, ptr=0x7faca4084820, ino=24641756, inode=0x7faca40846b0
prefetcher_th: TID:1436: going to fetch from 0 for size 30890584 on file 387 total size=30890584,rasize = 1048576, stride = 0 bytes, ptr=0x7facc408add0, ino=24641757, inode=0x7facc408ac60
prefetcher_th: TID:1424: going to fetch from 0 for size 30880873 on file 388 total size=30880873,rasize = 1048576, stride = 0 bytes, ptr=0x7facf008ddd0, ino=24641758, inode=0x7facf008dc60
prefetcher_th: TID:1429: going to fetch from 0 for size 30877554 on file 389 total size=30877554,rasize = 1048576, stride = 0 bytes, ptr=0x7face808e370, ino=24641759, inode=0x7face808e200
prefetcher_th: TID:1431: going to fetch from 0 for size 30877325 on file 390 total size=30877325,rasize = 1048576, stride = 0 bytes, ptr=0x7facd80d0960, ino=24641760, inode=0x7facd80d07f0
prefetcher_th: TID:1433: going to fetch from 0 for size 30877569 on file 391 total size=30877569,rasize = 1048576, stride = 0 bytes, ptr=0x7facd008aef0, ino=24641761, inode=0x7facd008ad80
prefetcher_th: TID:1425: going to fetch from 0 for size 30877622 on file 392 total size=30877622,rasize = 1048576, stride = 0 bytes, ptr=0x7facec08b020, ino=24641762, inode=0x7facec08aeb0
Keys:       1000 bytes each (+ 0 bytes user-defined timestamp)
Values:     4096 bytes each (2048 bytes after compression)
Entries:    5000000
Prefix:    0 bytes
Keys per prefix:    0
RawSize:    24299.6 MB (estimated)
FileSize:   14534.0 MB (estimated)
Write rate: 0 bytes/second
Read rate: 0 ops/second
Compression: Snappy
Compression sampling rate: 0
Memtablerep: SkipListFactory
Perf Level: 1
------------------------------------------------
DB path: [/users/kannan11/ssd/prefetching/appbench/apps/rocksdb/DATA]
readseq      :       3.299 micros/op 303154 ops/sec 16.493 seconds 5000000 operations; 1473.3 MB/s
DESTRUCTOR GETTING CALLED 
PRINT_GLOBAL_STATS in dest
PRINT_GLOBAL_LIB_STATS in dest
Total nr_ra = 11904
Total nr_bytes_ra = 12482248704
	Command being timed: "./db_bench --db=/users/kannan11/ssd/prefetching/appbench/apps/rocksdb/DATA --value_size=4096 --wal_dir=/users/kannan11/ssd/prefetching/appbench/apps/rocksdb/DATA/WAL_LOG --sync=0 --key_size=1000 --write_buffer_size=67108864 --num=5000000 --seed=1576170874 --benchmarks=readseq --use_existing_db=1 --mmap_read=0 --threads=1"
	User time (seconds): 13.68
	System time (seconds): 4.22
	Percent of CPU this job got: 90%
	Elapsed (wall clock) time (h:mm:ss or m:ss): 0:19.86
	Average shared text size (kbytes): 0
	Average unshared data size (kbytes): 0
	Average stack size (kbytes): 0
	Average total size (kbytes): 0
	Maximum resident set size (kbytes): 132432
	Average resident set size (kbytes): 0
	Major (requiring I/O) page faults: 89
	Minor (reclaiming a frame) page faults: 31509
	Voluntary context switches: 655
	Involuntary context switches: 44
	Swaps: 0
	File system inputs: 23212528
	File system outputs: 1872
	Socket messages sent: 0
	Socket messages received: 0
	Signals delivered: 0
	Page size (bytes): 4096
	Exit status: 0
DESTRUCTOR GETTING CALLED 
PRINT_GLOBAL_STATS in dest
PRINT_GLOBAL_LIB_STATS in dest
Total nr_ra = 0
Total nr_bytes_ra = 0
[99323.619522] sh (1408): drop_caches: 3
[99323.651158] sh (1413): drop_caches: 3
[99328.676154] write_proc_unbounded: Value of write = 1
[99328.676161] write_proc_2mb_limit: Value of write = 1
[99328.676166] write_proc_bitmap_shift: Value of write = 28
[99328.683199] write_proc_unbounded: Value of write = 1
[99328.683206] write_proc_2mb_limit: Value of write = 1
[99328.683210] write_proc_bitmap_shift: Value of write = 28
[99348.540282] write_proc_unbounded: Value of write = 0
[99348.540291] write_proc_2mb_limit: Value of write = 0
[99348.543716] write_proc_unbounded: Value of write = 0
[99348.543726] write_proc_2mb_limit: Value of write = 0
