ENABLE_FILE_STATS in con
ENABLE_FILE_STATS in per_thread_ds
ENABLE_FILE_STATS in con
ENABLE_FILE_STATS in per_thread_ds
ENABLE_FILE_STATS in per_thread_ds
ENABLE_FILE_STATS in per_thread_ds
ENABLE_FILE_STATS in per_thread_ds
ENABLE_FILE_STATS in per_thread_ds
ENABLE_FILE_STATS in per_thread_ds
ENABLE_FILE_STATS in per_thread_ds
ENABLE_FILE_STATS in per_thread_ds
ENABLE_FILE_STATS in per_thread_ds
ENABLE_FILE_STATS in per_thread_ds
ENABLE_FILE_STATS in per_thread_ds
ENABLE_FILE_STATS in per_thread_ds
ENABLE_FILE_STATS in per_thread_ds
ENABLE_FILE_STATS in per_thread_ds
ENABLE_FILE_STATS in per_thread_ds
ERR:handle_open unable to add to uinode
ERR:handle_open unable to add to uinode
ERR:handle_open unable to add to uinode
Initializing RocksDB Options from the specified file
Initializing RocksDB Options from command-line flags
Integrated BlobDB: blob cache disabled
prefetcher_th: TID:795: going to fetch from 0 for size 30890335 on file 8 total size=30890335,rasize = 1048576, stride = 0 bytes, ptr=0x7f24bc000e50, ino=24641973, inode=0x7f24bc000cc0
prefetcher_th: TID:792: going to fetch from 0 for size 30890514 on file 10 total size=30890514,rasize = 1048576, stride = 0 bytes, ptr=0x7f24d4000e50, ino=24641979, inode=0x7f24d4000cc0
prefetcher_th: TID:791: going to fetch from 0 for size 30890350 on file 9 total size=30890350,rasize = 1048576, stride = 0 bytes, ptr=0x7f24dc000e50, ino=24641983, inode=0x7f24dc000cc0
prefetcher_th: TID:796: going to fetch from 0 for size 30890399 on file 13 total size=30890399,rasize = 1048576, stride = 0 bytes, ptr=0x7f24c0000e50, ino=24641975, inode=0x7f24c0000cc0
prefetcher_th: TID:798: going to fetch from 0 for size 30890422 on file 14 total size=30890422,rasize = 1048576, stride = 0 bytes, ptr=0x7f24b8000e50, ino=24641977, inode=0x7f24b8000cc0
prefetcher_th: TID:793: going to fetch from 0 for size 30890450 on file 12 total size=30890450,rasize = 1048576, stride = 0 bytes, ptr=0x7f24cc000e50, ino=24641974, inode=0x7f24cc000cc0
prefetcher_th: TID:799: going to fetch from 0 for size 30890470 on file 16 total size=30890470,rasize = 1048576, stride = 0 bytes, ptr=0x7f24ac000e50, ino=24641978, inode=0x7f24ac000cc0
prefetcher_th: TID:797: going to fetch from 0 for size 30890376 on file 15 total size=30890376,rasize = 1048576, stride = 0 bytes, ptr=0x7f24b4000e50, ino=24641976, inode=0x7f24b4000cc0
prefetcher_th: TID:800: going to fetch from 0 for size 30890308 on file 17 total size=30890308,rasize = 1048576, stride = 0 bytes, ptr=0x7f24b0000e50, ino=24641972, inode=0x7f24b0000cc0
prefetcher_th: TID:801: going to fetch from 0 for size 30890311 on file 18 total size=30890311,rasize = 1048576, stride = 0 bytes, ptr=0x7f24a4000e50, ino=24641971, inode=0x7f24a4000cc0
prefetcher_th: TID:802: going to fetch from 0 for size 30890900 on file 19 total size=30890900,rasize = 1048576, stride = 0 bytes, ptr=0x7f24a8000e50, ino=24641970, inode=0x7f24a8000cc0
prefetcher_th: TID:788: going to fetch from 0 for size 30890475 on file 21 total size=30890475,rasize = 1048576, stride = 0 bytes, ptr=0x562dc2f0fdb0, ino=24641967, inode=0x562dc2eec370
prefetcher_th: TID:803: going to fetch from 0 for size 30890594 on file 20 total size=30890594,rasize = 1048576, stride = 0 bytes, ptr=0x7f249c000e50, ino=24641969, inode=0x7f249c000cc0
prefetcher_th: TID:804: going to fetch from 0 for size 30890586 on file 22 total size=30890586,rasize = 1048576, stride = 0 bytes, ptr=0x7f24a0000e50, ino=24641968, inode=0x7f24a0000cc0
prefetcher_th: TID:805: going to fetch from 0 for size 30890532 on file 23 total size=30890532,rasize = 1048576, stride = 0 bytes, ptr=0x7f2494000e50, ino=24641924, inode=0x7f2494000cc0
prefetcher_th: TID:794: going to fetch from 0 for size 30890329 on file 24 total size=30890329,rasize = 1048576, stride = 0 bytes, ptr=0x7f24c4005630, ino=24641923, inode=0x7f24c40044c0
prefetcher_th: TID:796: going to fetch from 0 for size 30890376 on file 25 total size=30890376,rasize = 1048576, stride = 0 bytes, ptr=0x7f24c0005380, ino=24641922, inode=0x7f24c0004540
prefetcher_th: TID:795: going to fetch from 0 for size 30890280 on file 26 total size=30890280,rasize = 1048576, stride = 0 bytes, ptr=0x7f24bc005380, ino=24641921, inode=0x7f24bc004540
prefetcher_th: TID:802: going to fetch from 0 for size 30890310 on file 27 total size=30890310,rasize = 1048576, stride = 0 bytes, ptr=0x7f24a8005380, ino=24641920, inode=0x7f24a8004540
prefetcher_th: TID:804: going to fetch from 0 for size 30890409 on file 28 total size=30890409,rasize = 1048576, stride = 0 bytes, ptr=0x7f24a0005380, ino=24641919, inode=0x7f24a0004540
prefetcher_th: TID:799: going to fetch from 0 for size 30890310 on file 29 total size=30890310,rasize = 1048576, stride = 0 bytes, ptr=0x7f24ac005380, ino=24641916, inode=0x7f24ac004540
prefetcher_th: TID:797: going to fetch from 0 for size 30890255 on file 30 total size=30890255,rasize = 1048576, stride = 0 bytes, ptr=0x7f24b4005380, ino=24641918, inode=0x7f24b4004540
prefetcher_th: TID:794: going to fetch from 0 for size 30890269 on file 31 total size=30890269,rasize = 1048576, stride = 0 bytes, ptr=0x7f24c4008e00, ino=24641915, inode=0x7f24c40080d0
prefetcher_th: TID:792: going to fetch from 0 for size 30890367 on file 32 total size=30890367,rasize = 1048576, stride = 0 bytes, ptr=0x7f24d4005380, ino=24641914, inode=0x7f24d4004540
prefetcher_th: TID:791: going to fetch from 0 for size 30890438 on file 33 total size=30890438,rasize = 1048576, stride = 0 bytes, ptr=0x7f24dc005360, ino=24641913, inode=0x7f24dc004520
prefetcher_th: TID:800: going to fetch from 0 for size 30890513 on file 34 total size=30890513,rasize = 1048576, stride = 0 bytes, ptr=0x7f24b0005380, ino=24641912, inode=0x7f24b0004540
prefetcher_th: TID:793: going to fetch from 0 for size 30890502 on file 35 total size=30890502,rasize = 1048576, stride = 0 bytes, ptr=0x7f24cc005380, ino=24641911, inode=0x7f24cc004540
prefetcher_th: TID:805: going to fetch from 0 for size 30890427 on file 36 total size=30890427,rasize = 1048576, stride = 0 bytes, ptr=0x7f2494005380, ino=24641910, inode=0x7f2494004540
prefetcher_th: TID:801: going to fetch from 0 for size 30890305 on file 37 total size=30890305,rasize = 1048576, stride = 0 bytes, ptr=0x7f24a4005380, ino=24641917, inode=0x7f24a4004540
prefetcher_th: TID:788: going to fetch from 0 for size 30890444 on file 38 total size=30890444,rasize = 1048576, stride = 0 bytes, ptr=0x562dc2eca090, ino=24641909, inode=0x562dc2ec8c90
prefetcher_th: TID:798: going to fetch from 0 for size 30890117 on file 39 total size=30890117,rasize = 1048576, stride = 0 bytes, ptr=0x7f24b8005380, ino=24641908, inode=0x7f24b8004540
prefetcher_th: TID:803: going to fetch from 0 for size 30890171 on file 40 total size=30890171,rasize = 1048576, stride = 0 bytes, ptr=0x7f249c005380, ino=24641907, inode=0x7f249c004540
prefetcher_th: TID:796: going to fetch from 0 for size 30890235 on file 41 total size=30890235,rasize = 1048576, stride = 0 bytes, ptr=0x7f24c0008590, ino=24641906, inode=0x7f24c0007920
prefetcher_th: TID:802: going to fetch from 0 for size 30890117 on file 42 total size=30890117,rasize = 1048576, stride = 0 bytes, ptr=0x7f24a8008590, ino=24641905, inode=0x7f24a8007920
prefetcher_th: TID:804: going to fetch from 0 for size 30890508 on file 43 total size=30890508,rasize = 1048576, stride = 0 bytes, ptr=0x7f24a0008590, ino=24641894, inode=0x7f24a0007920
prefetcher_th: TID:799: going to fetch from 0 for size 30890365 on file 44 total size=30890365,rasize = 1048576, stride = 0 bytes, ptr=0x7f24ac008610, ino=24641893, inode=0x7f24ac007960
prefetcher_th: TID:795: going to fetch from 0 for size 30890468 on file 45 total size=30890468,rasize = 1048576, stride = 0 bytes, ptr=0x7f24bc008590, ino=24641892, inode=0x7f24bc007920
prefetcher_th: TID:797: going to fetch from 0 for size 30890514 on file 46 total size=30890514,rasize = 1048576, stride = 0 bytes, ptr=0x7f24b4008610, ino=24641891, inode=0x7f24b4007960
prefetcher_th: TID:794: going to fetch from 0 for size 30890543 on file 47 total size=30890543,rasize = 1048576, stride = 0 bytes, ptr=0x7f24c400c000, ino=24641889, inode=0x7f24c400b390
prefetcher_th: TID:792: going to fetch from 0 for size 30890400 on file 48 total size=30890400,rasize = 1048576, stride = 0 bytes, ptr=0x7f24d4008590, ino=24641890, inode=0x7f24d4007920
prefetcher_th: TID:791: going to fetch from 0 for size 30890430 on file 49 total size=30890430,rasize = 1048576, stride = 0 bytes, ptr=0x7f24dc008990, ino=24641895, inode=0x7f24dc007d20
prefetcher_th: TID:801: going to fetch from 0 for size 30890434 on file 50 total size=30890434,rasize = 1048576, stride = 0 bytes, ptr=0x7f24a4008630, ino=24641897, inode=0x7f24a4007980
prefetcher_th: TID:788: going to fetch from 0 for size 30890400 on file 51 total size=30890400,rasize = 1048576, stride = 0 bytes, ptr=0x562dc2ecd310, ino=24641898, inode=0x562dc2ecc660
prefetcher_th: TID:803: going to fetch from 0 for size 30890644 on file 52 total size=30890644,rasize = 1048576, stride = 0 bytes, ptr=0x7f249c008630, ino=24641899, inode=0x7f249c007980
prefetcher_th: TID:800: going to fetch from 0 for size 30890433 on file 53 total size=30890433,rasize = 1048576, stride = 0 bytes, ptr=0x7f24b0008630, ino=24641896, inode=0x7f24b0007980
prefetcher_th: TID:793: going to fetch from 0 for size 30890581 on file 54 total size=30890581,rasize = 1048576, stride = 0 bytes, ptr=0x7f24cc008630, ino=24641900, inode=0x7f24cc007980
prefetcher_th: TID:805: going to fetch from 0 for size 30890638 on file 55 total size=30890638,rasize = 1048576, stride = 0 bytes, ptr=0x7f2494008630, ino=24641901, inode=0x7f2494007980
prefetcher_th: TID:802: going to fetch from 0 for size 30890569 on file 56 total size=30890569,rasize = 1048576, stride = 0 bytes, ptr=0x7f24a800ba70, ino=24641903, inode=0x7f24a8007bf0
prefetcher_th: TID:798: going to fetch from 0 for size 30890652 on file 57 total size=30890652,rasize = 1048576, stride = 0 bytes, ptr=0x7f24b8008630, ino=24641904, inode=0x7f24b8007980
prefetcher_th: TID:804: going to fetch from 0 for size 30890118 on file 58 total size=30890118,rasize = 1048576, stride = 0 bytes, ptr=0x7f24a000ba70, ino=24641925, inode=0x7f24a0007bf0
prefetcher_th: TID:799: going to fetch from 0 for size 30890153 on file 59 total size=30890153,rasize = 1048576, stride = 0 bytes, ptr=0x7f24ac00bc40, ino=24641926, inode=0x7f24ac00b1c0
prefetcher_th: TID:797: going to fetch from 0 for size 30890134 on file 60 total size=30890134,rasize = 1048576, stride = 0 bytes, ptr=0x7f24b400bc40, ino=24641927, inode=0x7f24b400b1c0
prefetcher_th: TID:794: going to fetch from 0 for size 30890211 on file 61 total size=30890211,rasize = 1048576, stride = 0 bytes, ptr=0x7f24c400f520, ino=24641928, inode=0x7f24c400b6b0
prefetcher_th: TID:792: going to fetch from 0 for size 30890260 on file 62 total size=30890260,rasize = 1048576, stride = 0 bytes, ptr=0x7f24d400ba70, ino=24641929, inode=0x7f24d4007bf0
prefetcher_th: TID:796: going to fetch from 0 for size 30890591 on file 63 total size=30890591,rasize = 1048576, stride = 0 bytes, ptr=0x7f24c000ba70, ino=24641902, inode=0x7f24c0007bf0
prefetcher_th: TID:795: going to fetch from 0 for size 30889973 on file 64 total size=30889973,rasize = 1048576, stride = 0 bytes, ptr=0x7f24bc00ba70, ino=24641930, inode=0x7f24bc00b060
prefetcher_th: TID:801: going to fetch from 0 for size 30890096 on file 65 total size=30890096,rasize = 1048576, stride = 0 bytes, ptr=0x7f24a400bbf0, ino=24641932, inode=0x7f24a4007c90
prefetcher_th: TID:791: going to fetch from 0 for size 30890005 on file 66 total size=30890005,rasize = 1048576, stride = 0 bytes, ptr=0x7f24dc00bef0, ino=24641931, inode=0x7f24dc00b4e0
prefetcher_th: TID:788: going to fetch from 0 for size 30890067 on file 67 total size=30890067,rasize = 1048576, stride = 0 bytes, ptr=0x562dc2ed0900, ino=24641933, inode=0x562dc2ecc970
prefetcher_th: TID:802: going to fetch from 0 for size 30890051 on file 68 total size=30890051,rasize = 1048576, stride = 0 bytes, ptr=0x7f24a800eeb0, ino=24641934, inode=0x7f24a800b170
prefetcher_th: TID:793: going to fetch from 0 for size 30890155 on file 69 total size=30890155,rasize = 1048576, stride = 0 bytes, ptr=0x7f24cc00bbf0, ino=24641935, inode=0x7f24cc00b1b0
prefetcher_th: TID:798: going to fetch from 0 for size 30890238 on file 70 total size=30890238,rasize = 1048576, stride = 0 bytes, ptr=0x7f24b800bbf0, ino=24641936, inode=0x7f24b800b1b0
prefetcher_th: TID:804: going to fetch from 0 for size 30890251 on file 71 total size=30890251,rasize = 1048576, stride = 0 bytes, ptr=0x7f24a000eeb0, ino=24641937, inode=0x7f24a000b170
prefetcher_th: TID:799: going to fetch from 0 for size 30890240 on file 72 total size=30890240,rasize = 1048576, stride = 0 bytes, ptr=0x7f24ac00f080, ino=24641938, inode=0x7f24ac00e780
prefetcher_th: TID:805: going to fetch from 0 for size 30890271 on file 73 total size=30890271,rasize = 1048576, stride = 0 bytes, ptr=0x7f249400bbf0, ino=24641939, inode=0x7f249400b1b0
prefetcher_th: TID:800: going to fetch from 0 for size 30890509 on file 74 total size=30890509,rasize = 1048576, stride = 0 bytes, ptr=0x7f24b000bbf0, ino=24641940, inode=0x7f24b000b1b0
prefetcher_th: TID:797: going to fetch from 0 for size 30890486 on file 75 total size=30890486,rasize = 1048576, stride = 0 bytes, ptr=0x7f24b400f080, ino=24641941, inode=0x7f24b400e780
prefetcher_th: TID:803: going to fetch from 0 for size 30890539 on file 76 total size=30890539,rasize = 1048576, stride = 0 bytes, ptr=0x7f249c00bbf0, ino=24641942, inode=0x7f249c00b1b0
prefetcher_th: TID:794: going to fetch from 0 for size 30890510 on file 77 total size=30890510,rasize = 1048576, stride = 0 bytes, ptr=0x7f24c4012a00, ino=24641943, inode=0x7f24c4012890
prefetcher_th: TID:796: going to fetch from 0 for size 30890585 on file 78 total size=30890585,rasize = 1048576, stride = 0 bytes, ptr=0x7f24c000eeb0, ino=24641944, inode=0x7f24c000b170
prefetcher_th: TID:791: going to fetch from 0 for size 30890771 on file 79 total size=30890771,rasize = 1048576, stride = 0 bytes, ptr=0x7f24dc00f3d0, ino=24641945, inode=0x7f24dc00b650
prefetcher_th: TID:792: going to fetch from 0 for size 30890548 on file 80 total size=30890548,rasize = 1048576, stride = 0 bytes, ptr=0x7f24d400eeb0, ino=24641946, inode=0x7f24d400b170
prefetcher_th: TID:793: going to fetch from 0 for size 30890619 on file 81 total size=30890619,rasize = 1048576, stride = 0 bytes, ptr=0x7f24cc00efd0, ino=24641947, inode=0x7f24cc00e730
prefetcher_th: TID:795: going to fetch from 0 for size 30890644 on file 82 total size=30890644,rasize = 1048576, stride = 0 bytes, ptr=0x7f24bc00ef10, ino=24641948, inode=0x7f24bc00b1d0
prefetcher_th: TID:801: going to fetch from 0 for size 30890601 on file 83 total size=30890601,rasize = 1048576, stride = 0 bytes, ptr=0x7f24a400efd0, ino=24641949, inode=0x7f24a400b2c0
prefetcher_th: TID:798: going to fetch from 0 for size 30890444 on file 84 total size=30890444,rasize = 1048576, stride = 0 bytes, ptr=0x7f24b800efd0, ino=24641950, inode=0x7f24b800e730
prefetcher_th: TID:788: going to fetch from 0 for size 30890399 on file 85 total size=30890399,rasize = 1048576, stride = 0 bytes, ptr=0x562dc2ed39f0, ino=24641951, inode=0x562dc2ed3010
prefetcher_th: TID:804: going to fetch from 0 for size 30890479 on file 86 total size=30890479,rasize = 1048576, stride = 0 bytes, ptr=0x7f24a00121a0, ino=24641952, inode=0x7f24a00119b0
prefetcher_th: TID:799: going to fetch from 0 for size 30890409 on file 87 total size=30890409,rasize = 1048576, stride = 0 bytes, ptr=0x7f24ac012320, ino=24641953, inode=0x7f24ac00b330
prefetcher_th: TID:802: going to fetch from 0 for size 30890535 on file 88 total size=30890535,rasize = 1048576, stride = 0 bytes, ptr=0x7f24a80121a0, ino=24641954, inode=0x7f24a80119b0
prefetcher_th: TID:805: going to fetch from 0 for size 30890564 on file 89 total size=30890564,rasize = 1048576, stride = 0 bytes, ptr=0x7f249400efd0, ino=24641955, inode=0x7f249400e730
prefetcher_th: TID:800: going to fetch from 0 for size 30890587 on file 90 total size=30890587,rasize = 1048576, stride = 0 bytes, ptr=0x7f24b000efd0, ino=24641956, inode=0x7f24b000e730
prefetcher_th: TID:794: going to fetch from 0 for size 30890611 on file 91 total size=30890611,rasize = 1048576, stride = 0 bytes, ptr=0x7f24c4031af0, ino=24641958, inode=0x7f24c4015cc0
prefetcher_th: TID:796: going to fetch from 0 for size 30890586 on file 92 total size=30890586,rasize = 1048576, stride = 0 bytes, ptr=0x7f24c00121a0, ino=24641959, inode=0x7f24c00119b0
prefetcher_th: TID:797: going to fetch from 0 for size 30890181 on file 93 total size=30890181,rasize = 1048576, stride = 0 bytes, ptr=0x7f24b4012320, ino=24641960, inode=0x7f24b400b330
prefetcher_th: TID:792: going to fetch from 0 for size 30890251 on file 94 total size=30890251,rasize = 1048576, stride = 0 bytes, ptr=0x7f24d40121a0, ino=24641961, inode=0x7f24d40119b0
prefetcher_th: TID:793: going to fetch from 0 for size 30890223 on file 95 total size=30890223,rasize = 1048576, stride = 0 bytes, ptr=0x7f24cc012440, ino=24641962, inode=0x7f24cc0122d0
prefetcher_th: TID:791: going to fetch from 0 for size 30890351 on file 96 total size=30890351,rasize = 1048576, stride = 0 bytes, ptr=0x7f24dc012730, ino=24641963, inode=0x7f24dc011ed0
prefetcher_th: TID:801: going to fetch from 0 for size 30890669 on file 97 total size=30890669,rasize = 1048576, stride = 0 bytes, ptr=0x7f24a4012240, ino=24641965, inode=0x7f24a400e730
prefetcher_th: TID:788: going to fetch from 0 for size 30890369 on file 98 total size=30890369,rasize = 1048576, stride = 0 bytes, ptr=0x562dc2ed6f00, ino=24641888, inode=0x562dc2ed3180
prefetcher_th: TID:804: going to fetch from 0 for size 30890392 on file 99 total size=30890392,rasize = 1048576, stride = 0 bytes, ptr=0x7f24a00154a0, ino=24641887, inode=0x7f24a000e5d0
prefetcher_th: TID:799: going to fetch from 0 for size 30890402 on file 100 total size=30890402,rasize = 1048576, stride = 0 bytes, ptr=0x7f24ac015730, ino=24641886, inode=0x7f24ac0155c0
prefetcher_th: TID:803: going to fetch from 0 for size 30890638 on file 101 total size=30890638,rasize = 1048576, stride = 0 bytes, ptr=0x7f249c00efd0, ino=24641957, inode=0x7f249c00e730
prefetcher_th: TID:802: going to fetch from 0 for size 30890361 on file 102 total size=30890361,rasize = 1048576, stride = 0 bytes, ptr=0x7f24a80154a0, ino=24641885, inode=0x7f24a800e5d0
prefetcher_th: TID:805: going to fetch from 0 for size 30890480 on file 103 total size=30890480,rasize = 1048576, stride = 0 bytes, ptr=0x7f2494012440, ino=24641884, inode=0x7f24940122d0
prefetcher_th: TID:798: going to fetch from 0 for size 30890506 on file 104 total size=30890506,rasize = 1048576, stride = 0 bytes, ptr=0x7f24b8012440, ino=24641966, inode=0x7f24b80122d0
prefetcher_th: TID:800: going to fetch from 0 for size 30890673 on file 105 total size=30890673,rasize = 1048576, stride = 0 bytes, ptr=0x7f24b0012440, ino=24641883, inode=0x7f24b00122d0
prefetcher_th: TID:794: going to fetch from 0 for size 30890487 on file 106 total size=30890487,rasize = 1048576, stride = 0 bytes, ptr=0x7f24c4034a30, ino=24641882, inode=0x7f24c40348c0
prefetcher_th: TID:796: going to fetch from 0 for size 30890567 on file 107 total size=30890567,rasize = 1048576, stride = 0 bytes, ptr=0x7f24c00154a0, ino=24641881, inode=0x7f24c000e5d0
prefetcher_th: TID:797: going to fetch from 0 for size 30890515 on file 108 total size=30890515,rasize = 1048576, stride = 0 bytes, ptr=0x7f24b4015730, ino=24641880, inode=0x7f24b40155c0
prefetcher_th: TID:795: going to fetch from 0 for size 30890374 on file 109 total size=30890374,rasize = 1048576, stride = 0 bytes, ptr=0x7f24bc012230, ino=24641964, inode=0x7f24bc00e5d0
prefetcher_th: TID:792: going to fetch from 0 for size 30890574 on file 110 total size=30890574,rasize = 1048576, stride = 0 bytes, ptr=0x7f24d40154a0, ino=24641879, inode=0x7f24d400e5d0
prefetcher_th: TID:793: going to fetch from 0 for size 30890521 on file 111 total size=30890521,rasize = 1048576, stride = 0 bytes, ptr=0x7f24cc0157f0, ino=24641878, inode=0x7f24cc015680
prefetcher_th: TID:801: going to fetch from 0 for size 30890428 on file 112 total size=30890428,rasize = 1048576, stride = 0 bytes, ptr=0x7f24a4015610, ino=24641877, inode=0x7f24a40154a0
prefetcher_th: TID:788: going to fetch from 0 for size 30890463 on file 113 total size=30890463,rasize = 1048576, stride = 0 bytes, ptr=0x562dc2eda2c0, ino=24641876, inode=0x562dc2ed6540
prefetcher_th: TID:804: going to fetch from 0 for size 30890422 on file 114 total size=30890422,rasize = 1048576, stride = 0 bytes, ptr=0x7f24a0018890, ino=24641875, inode=0x7f24a0018720
prefetcher_th: TID:791: going to fetch from 0 for size 30890440 on file 115 total size=30890440,rasize = 1048576, stride = 0 bytes, ptr=0x7f24dc015a30, ino=24641874, inode=0x7f24dc00ea50
prefetcher_th: TID:803: going to fetch from 0 for size 30890035 on file 116 total size=30890035,rasize = 1048576, stride = 0 bytes, ptr=0x7f249c012440, ino=24641873, inode=0x7f249c0122d0
prefetcher_th: TID:802: going to fetch from 0 for size 30890092 on file 117 total size=30890092,rasize = 1048576, stride = 0 bytes, ptr=0x7f24a8018890, ino=24641871, inode=0x7f24a8018720
prefetcher_th: TID:805: going to fetch from 0 for size 30890070 on file 118 total size=30890070,rasize = 1048576, stride = 0 bytes, ptr=0x7f24940157f0, ino=24641870, inode=0x7f2494015680
prefetcher_th: TID:798: going to fetch from 0 for size 30890195 on file 119 total size=30890195,rasize = 1048576, stride = 0 bytes, ptr=0x7f24b80157f0, ino=24641869, inode=0x7f24b8015680
prefetcher_th: TID:800: going to fetch from 0 for size 30890463 on file 120 total size=30890463,rasize = 1048576, stride = 0 bytes, ptr=0x7f24b00157f0, ino=24641868, inode=0x7f24b0015680
prefetcher_th: TID:794: going to fetch from 0 for size 30890431 on file 121 total size=30890431,rasize = 1048576, stride = 0 bytes, ptr=0x7f24c4037d70, ino=24641867, inode=0x7f24c4037c00
prefetcher_th: TID:796: going to fetch from 0 for size 30890459 on file 122 total size=30890459,rasize = 1048576, stride = 0 bytes, ptr=0x7f24c0018890, ino=24641866, inode=0x7f24c0018720
prefetcher_th: TID:797: going to fetch from 0 for size 30890516 on file 123 total size=30890516,rasize = 1048576, stride = 0 bytes, ptr=0x7f24b4018ae0, ino=24641865, inode=0x7f24b4018970
prefetcher_th: TID:795: going to fetch from 0 for size 30890560 on file 124 total size=30890560,rasize = 1048576, stride = 0 bytes, ptr=0x7f24bc015620, ino=24641864, inode=0x7f24bc0154b0
prefetcher_th: TID:799: going to fetch from 0 for size 30890016 on file 125 total size=30890016,rasize = 1048576, stride = 0 bytes, ptr=0x7f24ac018ae0, ino=24641872, inode=0x7f24ac018970
prefetcher_th: TID:792: going to fetch from 0 for size 30890608 on file 126 total size=30890608,rasize = 1048576, stride = 0 bytes, ptr=0x7f24d4018890, ino=24641863, inode=0x7f24d4018720
prefetcher_th: TID:793: going to fetch from 0 for size 30890367 on file 127 total size=30890367,rasize = 1048576, stride = 0 bytes, ptr=0x7f24cc018b40, ino=24641862, inode=0x7f24cc0189d0
prefetcher_th: TID:801: going to fetch from 0 for size 30890418 on file 128 total size=30890418,rasize = 1048576, stride = 0 bytes, ptr=0x7f24a4018960, ino=24641861, inode=0x7f24a40187f0
prefetcher_th: TID:788: going to fetch from 0 for size 30890517 on file 129 total size=30890517,rasize = 1048576, stride = 0 bytes, ptr=0x562dc2edd6f0, ino=24641860, inode=0x562dc2edd580
prefetcher_th: TID:791: going to fetch from 0 for size 30890608 on file 130 total size=30890608,rasize = 1048576, stride = 0 bytes, ptr=0x7f24dc018de0, ino=24641858, inode=0x7f24dc018c70
prefetcher_th: TID:803: going to fetch from 0 for size 30890404 on file 131 total size=30890404,rasize = 1048576, stride = 0 bytes, ptr=0x7f249c0157f0, ino=24641857, inode=0x7f249c015680
prefetcher_th: TID:802: going to fetch from 0 for size 30890442 on file 132 total size=30890442,rasize = 1048576, stride = 0 bytes, ptr=0x7f24a801bbe0, ino=24641856, inode=0x7f24a801ba70
prefetcher_th: TID:804: going to fetch from 0 for size 30890478 on file 133 total size=30890478,rasize = 1048576, stride = 0 bytes, ptr=0x7f24a001bbe0, ino=24641859, inode=0x7f24a001ba70
prefetcher_th: TID:805: going to fetch from 0 for size 30890510 on file 134 total size=30890510,rasize = 1048576, stride = 0 bytes, ptr=0x7f2494018b40, ino=24641855, inode=0x7f24940189d0
prefetcher_th: TID:798: going to fetch from 0 for size 30890420 on file 135 total size=30890420,rasize = 1048576, stride = 0 bytes, ptr=0x7f24b8018b40, ino=24641854, inode=0x7f24b80189d0
prefetcher_th: TID:800: going to fetch from 0 for size 30890335 on file 136 total size=30890335,rasize = 1048576, stride = 0 bytes, ptr=0x7f24b0018b40, ino=24641853, inode=0x7f24b00189d0
prefetcher_th: TID:794: going to fetch from 0 for size 30890330 on file 137 total size=30890330,rasize = 1048576, stride = 0 bytes, ptr=0x7f24c403b0c0, ino=24641852, inode=0x7f24c403af50
prefetcher_th: TID:796: going to fetch from 0 for size 30890379 on file 138 total size=30890379,rasize = 1048576, stride = 0 bytes, ptr=0x7f24c001bbe0, ino=24641851, inode=0x7f24c001ba70
prefetcher_th: TID:797: going to fetch from 0 for size 30890345 on file 139 total size=30890345,rasize = 1048576, stride = 0 bytes, ptr=0x7f24b401bdd0, ino=24641850, inode=0x7f24b401bc60
prefetcher_th: TID:799: going to fetch from 0 for size 30890338 on file 140 total size=30890338,rasize = 1048576, stride = 0 bytes, ptr=0x7f24ac01bdd0, ino=24641849, inode=0x7f24ac01bc60
prefetcher_th: TID:792: going to fetch from 0 for size 30890363 on file 141 total size=30890363,rasize = 1048576, stride = 0 bytes, ptr=0x7f24d401bbe0, ino=24641848, inode=0x7f24d401ba70
prefetcher_th: TID:793: going to fetch from 0 for size 30890377 on file 142 total size=30890377,rasize = 1048576, stride = 0 bytes, ptr=0x7f24cc01be30, ino=24641847, inode=0x7f24cc01bcc0
prefetcher_th: TID:801: going to fetch from 0 for size 30890394 on file 143 total size=30890394,rasize = 1048576, stride = 0 bytes, ptr=0x7f24a401bc50, ino=24641846, inode=0x7f24a401bae0
prefetcher_th: TID:788: going to fetch from 0 for size 30890467 on file 144 total size=30890467,rasize = 1048576, stride = 0 bytes, ptr=0x562dc2ee0a40, ino=24641845, inode=0x562dc2ee08d0
prefetcher_th: TID:791: going to fetch from 0 for size 30890476 on file 145 total size=30890476,rasize = 1048576, stride = 0 bytes, ptr=0x7f24dc01c0d0, ino=24641843, inode=0x7f24dc01bf60
prefetcher_th: TID:795: going to fetch from 0 for size 30890361 on file 146 total size=30890361,rasize = 1048576, stride = 0 bytes, ptr=0x7f24bc0189d0, ino=24641844, inode=0x7f24bc018860
prefetcher_th: TID:803: going to fetch from 0 for size 30890483 on file 147 total size=30890483,rasize = 1048576, stride = 0 bytes, ptr=0x7f249c018b40, ino=24641842, inode=0x7f249c0189d0
prefetcher_th: TID:802: going to fetch from 0 for size 30890440 on file 148 total size=30890440,rasize = 1048576, stride = 0 bytes, ptr=0x7f24a801ef30, ino=24641841, inode=0x7f24a801edc0
prefetcher_th: TID:804: going to fetch from 0 for size 30890441 on file 149 total size=30890441,rasize = 1048576, stride = 0 bytes, ptr=0x7f24a001ef30, ino=24641840, inode=0x7f24a001edc0
prefetcher_th: TID:798: going to fetch from 0 for size 30890405 on file 150 total size=30890405,rasize = 1048576, stride = 0 bytes, ptr=0x7f24b801be30, ino=24641839, inode=0x7f24b801bcc0
prefetcher_th: TID:805: going to fetch from 0 for size 30890514 on file 151 total size=30890514,rasize = 1048576, stride = 0 bytes, ptr=0x7f249401be30, ino=24641838, inode=0x7f249401bcc0
prefetcher_th: TID:794: going to fetch from 0 for size 30890414 on file 152 total size=30890414,rasize = 1048576, stride = 0 bytes, ptr=0x7f24c403e410, ino=24641836, inode=0x7f24c403e2a0
prefetcher_th: TID:796: going to fetch from 0 for size 30890427 on file 153 total size=30890427,rasize = 1048576, stride = 0 bytes, ptr=0x7f24c001ef30, ino=24641835, inode=0x7f24c001edc0
prefetcher_th: TID:797: going to fetch from 0 for size 30890421 on file 154 total size=30890421,rasize = 1048576, stride = 0 bytes, ptr=0x7f24b401f0c0, ino=24641834, inode=0x7f24b401ef50
prefetcher_th: TID:793: going to fetch from 0 for size 30890134 on file 155 total size=30890134,rasize = 1048576, stride = 0 bytes, ptr=0x7f24cc01f180, ino=24641831, inode=0x7f24cc01f010
prefetcher_th: TID:801: going to fetch from 0 for size 30890276 on file 156 total size=30890276,rasize = 1048576, stride = 0 bytes, ptr=0x7f24a401efa0, ino=24641830, inode=0x7f24a401ee30
prefetcher_th: TID:788: going to fetch from 0 for size 30890251 on file 157 total size=30890251,rasize = 1048576, stride = 0 bytes, ptr=0x562dc2ee3d90, ino=24641829, inode=0x562dc2ee3c20
prefetcher_th: TID:799: going to fetch from 0 for size 30890314 on file 158 total size=30890314,rasize = 1048576, stride = 0 bytes, ptr=0x7f24ac01f0c0, ino=24641833, inode=0x7f24ac01ef50
prefetcher_th: TID:795: going to fetch from 0 for size 30890102 on file 159 total size=30890102,rasize = 1048576, stride = 0 bytes, ptr=0x7f24bc01bcc0, ino=24641827, inode=0x7f24bc01bb50
prefetcher_th: TID:800: going to fetch from 0 for size 30890583 on file 160 total size=30890583,rasize = 1048576, stride = 0 bytes, ptr=0x7f24b001be30, ino=24641837, inode=0x7f24b001bcc0
prefetcher_th: TID:804: going to fetch from 0 for size 30890192 on file 161 total size=30890192,rasize = 1048576, stride = 0 bytes, ptr=0x7f24a0022280, ino=24641825, inode=0x7f24a0022110
prefetcher_th: TID:805: going to fetch from 0 for size 30890194 on file 162 total size=30890194,rasize = 1048576, stride = 0 bytes, ptr=0x7f249401f180, ino=24641824, inode=0x7f249401f010
prefetcher_th: TID:791: going to fetch from 0 for size 30890261 on file 163 total size=30890261,rasize = 1048576, stride = 0 bytes, ptr=0x7f24dc01f3c0, ino=24641828, inode=0x7f24dc01f250
prefetcher_th: TID:803: going to fetch from 0 for size 30890030 on file 164 total size=30890030,rasize = 1048576, stride = 0 bytes, ptr=0x7f249c01be30, ino=24641826, inode=0x7f249c01bcc0
prefetcher_th: TID:802: going to fetch from 0 for size 30890651 on file 165 total size=30890651,rasize = 1048576, stride = 0 bytes, ptr=0x7f24a8022280, ino=24641822, inode=0x7f24a8022110
prefetcher_th: TID:792: going to fetch from 0 for size 30890199 on file 166 total size=30890199,rasize = 1048576, stride = 0 bytes, ptr=0x7f24d401ef30, ino=24641832, inode=0x7f24d401edc0
prefetcher_th: TID:796: going to fetch from 0 for size 30890533 on file 167 total size=30890533,rasize = 1048576, stride = 0 bytes, ptr=0x7f24c0022280, ino=24641821, inode=0x7f24c0022110
prefetcher_th: TID:798: going to fetch from 0 for size 30890667 on file 168 total size=30890667,rasize = 1048576, stride = 0 bytes, ptr=0x7f24b801f180, ino=24641819, inode=0x7f24b801f010
prefetcher_th: TID:797: going to fetch from 0 for size 30890624 on file 169 total size=30890624,rasize = 1048576, stride = 0 bytes, ptr=0x7f24b4022410, ino=24641820, inode=0x7f24b40222a0
prefetcher_th: TID:801: going to fetch from 0 for size 30890677 on file 170 total size=30890677,rasize = 1048576, stride = 0 bytes, ptr=0x7f24a40222f0, ino=24641817, inode=0x7f24a4022180
prefetcher_th: TID:788: going to fetch from 0 for size 30890507 on file 171 total size=30890507,rasize = 1048576, stride = 0 bytes, ptr=0x562dc2eeddb0, ino=24641816, inode=0x562dc2ee6f70
prefetcher_th: TID:794: going to fetch from 0 for size 30890528 on file 172 total size=30890528,rasize = 1048576, stride = 0 bytes, ptr=0x7f24c4041760, ino=24641823, inode=0x7f24c40415f0
prefetcher_th: TID:799: going to fetch from 0 for size 30890485 on file 173 total size=30890485,rasize = 1048576, stride = 0 bytes, ptr=0x7f24ac022410, ino=24641815, inode=0x7f24ac0222a0
prefetcher_th: TID:795: going to fetch from 0 for size 30890546 on file 174 total size=30890546,rasize = 1048576, stride = 0 bytes, ptr=0x7f24bc01efb0, ino=24641814, inode=0x7f24bc01ee40
prefetcher_th: TID:793: going to fetch from 0 for size 30890668 on file 175 total size=30890668,rasize = 1048576, stride = 0 bytes, ptr=0x7f24cc0224d0, ino=24641818, inode=0x7f24cc022360
prefetcher_th: TID:800: going to fetch from 0 for size 30890520 on file 176 total size=30890520,rasize = 1048576, stride = 0 bytes, ptr=0x7f24b001f180, ino=24641813, inode=0x7f24b001f010
prefetcher_th: TID:804: going to fetch from 0 for size 30890390 on file 177 total size=30890390,rasize = 1048576, stride = 0 bytes, ptr=0x7f24a00255d0, ino=24641812, inode=0x7f24a0025460
prefetcher_th: TID:791: going to fetch from 0 for size 30890361 on file 178 total size=30890361,rasize = 1048576, stride = 0 bytes, ptr=0x7f24dc022710, ino=24641810, inode=0x7f24dc0225a0
prefetcher_th: TID:805: going to fetch from 0 for size 30890324 on file 179 total size=30890324,rasize = 1048576, stride = 0 bytes, ptr=0x7f24940224d0, ino=24641811, inode=0x7f2494022360
prefetcher_th: TID:803: going to fetch from 0 for size 30890344 on file 180 total size=30890344,rasize = 1048576, stride = 0 bytes, ptr=0x7f249c01f180, ino=24641809, inode=0x7f249c01f010
prefetcher_th: TID:796: going to fetch from 0 for size 30890409 on file 181 total size=30890409,rasize = 1048576, stride = 0 bytes, ptr=0x7f24c00255d0, ino=24641808, inode=0x7f24c0025460
prefetcher_th: TID:798: going to fetch from 0 for size 30890515 on file 182 total size=30890515,rasize = 1048576, stride = 0 bytes, ptr=0x7f24b80224d0, ino=24641807, inode=0x7f24b8022360
prefetcher_th: TID:801: going to fetch from 0 for size 30890492 on file 183 total size=30890492,rasize = 1048576, stride = 0 bytes, ptr=0x7f24a4025640, ino=24641805, inode=0x7f24a40254d0
prefetcher_th: TID:792: going to fetch from 0 for size 30890673 on file 184 total size=30890673,rasize = 1048576, stride = 0 bytes, ptr=0x7f24d4022280, ino=24641803, inode=0x7f24d4022110
prefetcher_th: TID:794: going to fetch from 0 for size 30890576 on file 185 total size=30890576,rasize = 1048576, stride = 0 bytes, ptr=0x7f24c4044ab0, ino=24641802, inode=0x7f24c4044940
prefetcher_th: TID:799: going to fetch from 0 for size 30890638 on file 186 total size=30890638,rasize = 1048576, stride = 0 bytes, ptr=0x7f24ac025760, ino=24641801, inode=0x7f24ac0255f0
prefetcher_th: TID:793: going to fetch from 0 for size 30890605 on file 187 total size=30890605,rasize = 1048576, stride = 0 bytes, ptr=0x7f24cc025820, ino=24641800, inode=0x7f24cc0256b0
prefetcher_th: TID:800: going to fetch from 0 for size 30890591 on file 188 total size=30890591,rasize = 1048576, stride = 0 bytes, ptr=0x7f24b00224d0, ino=24641799, inode=0x7f24b0022360
prefetcher_th: TID:804: going to fetch from 0 for size 30890010 on file 189 total size=30890010,rasize = 1048576, stride = 0 bytes, ptr=0x7f24a0028920, ino=24641797, inode=0x7f24a00287b0
prefetcher_th: TID:797: going to fetch from 0 for size 30890406 on file 190 total size=30890406,rasize = 1048576, stride = 0 bytes, ptr=0x7f24b4025760, ino=24641806, inode=0x7f24b40255f0
prefetcher_th: TID:805: going to fetch from 0 for size 30890184 on file 191 total size=30890184,rasize = 1048576, stride = 0 bytes, ptr=0x7f2494025820, ino=24641796, inode=0x7f24940256b0
prefetcher_th: TID:803: going to fetch from 0 for size 30890037 on file 192 total size=30890037,rasize = 1048576, stride = 0 bytes, ptr=0x7f249c0224d0, ino=24641795, inode=0x7f249c022360
prefetcher_th: TID:802: going to fetch from 0 for size 30890612 on file 193 total size=30890612,rasize = 1048576, stride = 0 bytes, ptr=0x7f24a80255d0, ino=24641804, inode=0x7f24a8025460
prefetcher_th: TID:795: going to fetch from 0 for size 30890037 on file 194 total size=30890037,rasize = 1048576, stride = 0 bytes, ptr=0x7f24bc022300, ino=24641794, inode=0x7f24bc022190
prefetcher_th: TID:796: going to fetch from 0 for size 30890641 on file 195 total size=30890641,rasize = 1048576, stride = 0 bytes, ptr=0x7f24c0028920, ino=24641793, inode=0x7f24c00287b0
prefetcher_th: TID:801: going to fetch from 0 for size 30890221 on file 196 total size=30890221,rasize = 1048576, stride = 0 bytes, ptr=0x7f24a4028990, ino=24641791, inode=0x7f24a4028820
prefetcher_th: TID:792: going to fetch from 0 for size 30890183 on file 197 total size=30890183,rasize = 1048576, stride = 0 bytes, ptr=0x7f24d40255d0, ino=24641790, inode=0x7f24d4025460
prefetcher_th: TID:793: going to fetch from 0 for size 30890517 on file 198 total size=30890517,rasize = 1048576, stride = 0 bytes, ptr=0x7f24cc028b50, ino=24641786, inode=0x7f24cc0289e0
prefetcher_th: TID:800: going to fetch from 0 for size 30890594 on file 199 total size=30890594,rasize = 1048576, stride = 0 bytes, ptr=0x7f24b0025820, ino=24641785, inode=0x7f24b00256b0
prefetcher_th: TID:804: going to fetch from 0 for size 30890614 on file 200 total size=30890614,rasize = 1048576, stride = 0 bytes, ptr=0x7f24a006afc0, ino=24641784, inode=0x7f24a006ae50
prefetcher_th: TID:797: going to fetch from 0 for size 30890688 on file 201 total size=30890688,rasize = 1048576, stride = 0 bytes, ptr=0x7f24b4028a90, ino=24641783, inode=0x7f24b4028920
prefetcher_th: TID:798: going to fetch from 0 for size 30890182 on file 202 total size=30890182,rasize = 1048576, stride = 0 bytes, ptr=0x7f24b8025820, ino=24641792, inode=0x7f24b80256b0
prefetcher_th: TID:805: going to fetch from 0 for size 30890465 on file 203 total size=30890465,rasize = 1048576, stride = 0 bytes, ptr=0x7f2494028b50, ino=24641782, inode=0x7f24940289e0
prefetcher_th: TID:795: going to fetch from 0 for size 30890537 on file 204 total size=30890537,rasize = 1048576, stride = 0 bytes, ptr=0x7f24bc025630, ino=24641781, inode=0x7f24bc0254c0
prefetcher_th: TID:794: going to fetch from 0 for size 30890455 on file 205 total size=30890455,rasize = 1048576, stride = 0 bytes, ptr=0x7f24c4047e00, ino=24641788, inode=0x7f24c4047c90
prefetcher_th: TID:796: going to fetch from 0 for size 30890457 on file 206 total size=30890457,rasize = 1048576, stride = 0 bytes, ptr=0x7f24c006af20, ino=24641780, inode=0x7f24c006adb0
prefetcher_th: TID:788: going to fetch from 0 for size 30890336 on file 207 total size=30890336,rasize = 1048576, stride = 0 bytes, ptr=0x562dc2ef0cd0, ino=24641798, inode=0x562dc2ef0b60
prefetcher_th: TID:801: going to fetch from 0 for size 30890502 on file 208 total size=30890502,rasize = 1048576, stride = 0 bytes, ptr=0x7f24a406af80, ino=24641779, inode=0x7f24a406ae10
prefetcher_th: TID:792: going to fetch from 0 for size 30890516 on file 209 total size=30890516,rasize = 1048576, stride = 0 bytes, ptr=0x7f24d4028920, ino=24641778, inode=0x7f24d40287b0
prefetcher_th: TID:793: going to fetch from 0 for size 30890150 on file 210 total size=30890150,rasize = 1048576, stride = 0 bytes, ptr=0x7f24cc06afc0, ino=24641777, inode=0x7f24cc06ae50
prefetcher_th: TID:803: going to fetch from 0 for size 30890320 on file 211 total size=30890320,rasize = 1048576, stride = 0 bytes, ptr=0x7f249c025820, ino=24641776, inode=0x7f249c0256b0
prefetcher_th: TID:800: going to fetch from 0 for size 30890111 on file 212 total size=30890111,rasize = 1048576, stride = 0 bytes, ptr=0x7f24b0028b50, ino=24641775, inode=0x7f24b00289e0
prefetcher_th: TID:802: going to fetch from 0 for size 30890085 on file 213 total size=30890085,rasize = 1048576, stride = 0 bytes, ptr=0x7f24a80288f0, ino=24641774, inode=0x7f24a8028780
prefetcher_th: TID:804: going to fetch from 0 for size 30890257 on file 214 total size=30890257,rasize = 1048576, stride = 0 bytes, ptr=0x7f24a006e310, ino=24641773, inode=0x7f24a006e1a0
prefetcher_th: TID:798: going to fetch from 0 for size 30890023 on file 215 total size=30890023,rasize = 1048576, stride = 0 bytes, ptr=0x7f24b8028b50, ino=24641772, inode=0x7f24b80289e0
prefetcher_th: TID:791: going to fetch from 0 for size 30890258 on file 216 total size=30890258,rasize = 1048576, stride = 0 bytes, ptr=0x7f24dc025a60, ino=24641789, inode=0x7f24dc0258f0
prefetcher_th: TID:805: going to fetch from 0 for size 30890141 on file 217 total size=30890141,rasize = 1048576, stride = 0 bytes, ptr=0x7f249406afc0, ino=24641771, inode=0x7f249406ae50
prefetcher_th: TID:794: going to fetch from 0 for size 30890014 on file 218 total size=30890014,rasize = 1048576, stride = 0 bytes, ptr=0x7f24c404b130, ino=24641770, inode=0x7f24c404afc0
prefetcher_th: TID:795: going to fetch from 0 for size 30890104 on file 219 total size=30890104,rasize = 1048576, stride = 0 bytes, ptr=0x7f24bc028980, ino=24641769, inode=0x7f24bc028810
prefetcher_th: TID:788: going to fetch from 0 for size 30890299 on file 220 total size=30890299,rasize = 1048576, stride = 0 bytes, ptr=0x562dc2ef3fd0, ino=24641768, inode=0x562dc2ef3e60
prefetcher_th: TID:797: going to fetch from 0 for size 30890381 on file 221 total size=30890381,rasize = 1048576, stride = 0 bytes, ptr=0x7f24b406af00, ino=24641767, inode=0x7f24b406ad90
prefetcher_th: TID:793: going to fetch from 0 for size 30890373 on file 222 total size=30890373,rasize = 1048576, stride = 0 bytes, ptr=0x7f24cc06e250, ino=24641764, inode=0x7f24cc06e0e0
prefetcher_th: TID:803: going to fetch from 0 for size 30886779 on file 223 total size=30886779,rasize = 1048576, stride = 0 bytes, ptr=0x7f249c028b50, ino=24641763, inode=0x7f249c0289e0
prefetcher_th: TID:800: going to fetch from 0 for size 30890552 on file 224 total size=30890552,rasize = 1048576, stride = 0 bytes, ptr=0x7f24b006af70, ino=24641674, inode=0x7f24b006ae00
prefetcher_th: TID:801: going to fetch from 0 for size 30890308 on file 225 total size=30890308,rasize = 1048576, stride = 0 bytes, ptr=0x7f24a406e250, ino=24641766, inode=0x7f24a406e0e0
prefetcher_th: TID:796: going to fetch from 0 for size 30890666 on file 226 total size=30890666,rasize = 1048576, stride = 0 bytes, ptr=0x7f24c006e250, ino=24641673, inode=0x7f24c006e0e0
prefetcher_th: TID:802: going to fetch from 0 for size 30890711 on file 227 total size=30890711,rasize = 1048576, stride = 0 bytes, ptr=0x7f24a806af70, ino=24641672, inode=0x7f24a806ae00
prefetcher_th: TID:804: going to fetch from 0 for size 30890642 on file 228 total size=30890642,rasize = 1048576, stride = 0 bytes, ptr=0x7f24a0071600, ino=24641671, inode=0x7f24a0071490
prefetcher_th: TID:805: going to fetch from 0 for size 30890586 on file 229 total size=30890586,rasize = 1048576, stride = 0 bytes, ptr=0x7f249406e250, ino=24641669, inode=0x7f249406e0e0
prefetcher_th: TID:795: going to fetch from 0 for size 30890742 on file 230 total size=30890742,rasize = 1048576, stride = 0 bytes, ptr=0x7f24bc06afa0, ino=24641668, inode=0x7f24bc06ae30
prefetcher_th: TID:794: going to fetch from 0 for size 30890631 on file 231 total size=30890631,rasize = 1048576, stride = 0 bytes, ptr=0x7f24c404e460, ino=24641667, inode=0x7f24c404e2f0
prefetcher_th: TID:788: going to fetch from 0 for size 30890676 on file 232 total size=30890676,rasize = 1048576, stride = 0 bytes, ptr=0x562dc2ef72c0, ino=24641666, inode=0x562dc2ef7150
prefetcher_th: TID:797: going to fetch from 0 for size 30890601 on file 233 total size=30890601,rasize = 1048576, stride = 0 bytes, ptr=0x7f24b406e170, ino=24641665, inode=0x7f24b406e000
prefetcher_th: TID:791: going to fetch from 0 for size 30890603 on file 234 total size=30890603,rasize = 1048576, stride = 0 bytes, ptr=0x7f24dc028db0, ino=24641664, inode=0x7f24dc028c40
prefetcher_th: TID:799: going to fetch from 0 for size 30890601 on file 235 total size=30890601,rasize = 1048576, stride = 0 bytes, ptr=0x7f24ac028a90, ino=24641787, inode=0x7f24ac028920
prefetcher_th: TID:793: going to fetch from 0 for size 30890572 on file 236 total size=30890572,rasize = 1048576, stride = 0 bytes, ptr=0x7f24cc071580, ino=24641663, inode=0x7f24cc071410
prefetcher_th: TID:803: going to fetch from 0 for size 30890630 on file 237 total size=30890630,rasize = 1048576, stride = 0 bytes, ptr=0x7f249c06aff0, ino=24641662, inode=0x7f249c06ae80
prefetcher_th: TID:798: going to fetch from 0 for size 30890522 on file 238 total size=30890522,rasize = 1048576, stride = 0 bytes, ptr=0x7f24b806af30, ino=24641670, inode=0x7f24b806adc0
prefetcher_th: TID:800: going to fetch from 0 for size 30890662 on file 239 total size=30890662,rasize = 1048576, stride = 0 bytes, ptr=0x7f24b006e140, ino=24641661, inode=0x7f24b006dfd0
prefetcher_th: TID:801: going to fetch from 0 for size 30890578 on file 240 total size=30890578,rasize = 1048576, stride = 0 bytes, ptr=0x7f24a4071580, ino=24641660, inode=0x7f24a4071410
prefetcher_th: TID:796: going to fetch from 0 for size 30890536 on file 241 total size=30890536,rasize = 1048576, stride = 0 bytes, ptr=0x7f24c0071600, ino=24641659, inode=0x7f24c0071490
prefetcher_th: TID:802: going to fetch from 0 for size 30890552 on file 242 total size=30890552,rasize = 1048576, stride = 0 bytes, ptr=0x7f24a806e2a0, ino=24641658, inode=0x7f24a806e130
prefetcher_th: TID:804: going to fetch from 0 for size 30890648 on file 243 total size=30890648,rasize = 1048576, stride = 0 bytes, ptr=0x7f24a0074930, ino=24641657, inode=0x7f24a00747c0
prefetcher_th: TID:792: going to fetch from 0 for size 30890303 on file 244 total size=30890303,rasize = 1048576, stride = 0 bytes, ptr=0x7f24d406af80, ino=24641765, inode=0x7f24d406ae10
prefetcher_th: TID:805: going to fetch from 0 for size 30890636 on file 245 total size=30890636,rasize = 1048576, stride = 0 bytes, ptr=0x7f2494071580, ino=24641656, inode=0x7f2494071410
prefetcher_th: TID:795: going to fetch from 0 for size 30890632 on file 246 total size=30890632,rasize = 1048576, stride = 0 bytes, ptr=0x7f24bc06e2d0, ino=24641655, inode=0x7f24bc06e160
prefetcher_th: TID:794: going to fetch from 0 for size 30890542 on file 247 total size=30890542,rasize = 1048576, stride = 0 bytes, ptr=0x7f24c4051790, ino=24641654, inode=0x7f24c4051620
prefetcher_th: TID:788: going to fetch from 0 for size 30890642 on file 248 total size=30890642,rasize = 1048576, stride = 0 bytes, ptr=0x562dc2efa610, ino=24641653, inode=0x562dc2efa4a0
prefetcher_th: TID:797: going to fetch from 0 for size 30890682 on file 249 total size=30890682,rasize = 1048576, stride = 0 bytes, ptr=0x7f24b4071460, ino=24641652, inode=0x7f24b40712f0
prefetcher_th: TID:793: going to fetch from 0 for size 30890647 on file 250 total size=30890647,rasize = 1048576, stride = 0 bytes, ptr=0x7f24cc0748b0, ino=24641651, inode=0x7f24cc074740
prefetcher_th: TID:798: going to fetch from 0 for size 30890611 on file 251 total size=30890611,rasize = 1048576, stride = 0 bytes, ptr=0x7f24b806e0f0, ino=24641650, inode=0x7f24b806df80
prefetcher_th: TID:800: going to fetch from 0 for size 30890574 on file 252 total size=30890574,rasize = 1048576, stride = 0 bytes, ptr=0x7f24b0071450, ino=24641649, inode=0x7f24b00712e0
prefetcher_th: TID:801: going to fetch from 0 for size 30890770 on file 253 total size=30890770,rasize = 1048576, stride = 0 bytes, ptr=0x7f24a40748b0, ino=24641648, inode=0x7f24a4074740
prefetcher_th: TID:796: going to fetch from 0 for size 30890617 on file 254 total size=30890617,rasize = 1048576, stride = 0 bytes, ptr=0x7f24c0074950, ino=24641647, inode=0x7f24c00747e0
prefetcher_th: TID:802: going to fetch from 0 for size 30890606 on file 255 total size=30890606,rasize = 1048576, stride = 0 bytes, ptr=0x7f24a8071650, ino=24641646, inode=0x7f24a80714e0
prefetcher_th: TID:791: going to fetch from 0 for size 30890646 on file 256 total size=30890646,rasize = 1048576, stride = 0 bytes, ptr=0x7f24dc06af00, ino=24641645, inode=0x7f24dc06ad90
prefetcher_th: TID:792: going to fetch from 0 for size 30890617 on file 257 total size=30890617,rasize = 1048576, stride = 0 bytes, ptr=0x7f24d406e2b0, ino=24641643, inode=0x7f24d406e140
prefetcher_th: TID:803: going to fetch from 0 for size 30890668 on file 258 total size=30890668,rasize = 1048576, stride = 0 bytes, ptr=0x7f249c06e0e0, ino=24641642, inode=0x7f249c02b880
prefetcher_th: TID:799: going to fetch from 0 for size 30890590 on file 259 total size=30890590,rasize = 1048576, stride = 0 bytes, ptr=0x7f24ac06af60, ino=24641644, inode=0x7f24ac06adf0
prefetcher_th: TID:805: going to fetch from 0 for size 30890654 on file 260 total size=30890654,rasize = 1048576, stride = 0 bytes, ptr=0x7f24940748b0, ino=24641641, inode=0x7f2494074740
prefetcher_th: TID:795: going to fetch from 0 for size 30890601 on file 261 total size=30890601,rasize = 1048576, stride = 0 bytes, ptr=0x7f24bc071600, ino=24641640, inode=0x7f24bc071490
prefetcher_th: TID:794: going to fetch from 0 for size 30890578 on file 262 total size=30890578,rasize = 1048576, stride = 0 bytes, ptr=0x7f24c4054aa0, ino=24641639, inode=0x7f24c4054930
prefetcher_th: TID:788: going to fetch from 0 for size 30890565 on file 263 total size=30890565,rasize = 1048576, stride = 0 bytes, ptr=0x562dc2efd940, ino=24641638, inode=0x562dc2efd7d0
prefetcher_th: TID:797: going to fetch from 0 for size 30890558 on file 264 total size=30890558,rasize = 1048576, stride = 0 bytes, ptr=0x7f24b4074770, ino=24641637, inode=0x7f24b4074600
prefetcher_th: TID:793: going to fetch from 0 for size 30890630 on file 265 total size=30890630,rasize = 1048576, stride = 0 bytes, ptr=0x7f24cc077be0, ino=24641636, inode=0x7f24cc077a70
prefetcher_th: TID:798: going to fetch from 0 for size 30890601 on file 266 total size=30890601,rasize = 1048576, stride = 0 bytes, ptr=0x7f24b80713b0, ino=24641634, inode=0x7f24b8071240
prefetcher_th: TID:800: going to fetch from 0 for size 30890568 on file 267 total size=30890568,rasize = 1048576, stride = 0 bytes, ptr=0x7f24b0074780, ino=24641633, inode=0x7f24b0074610
prefetcher_th: TID:804: going to fetch from 0 for size 30890609 on file 268 total size=30890609,rasize = 1048576, stride = 0 bytes, ptr=0x7f24a0077c30, ino=24641635, inode=0x7f24a0077ac0
prefetcher_th: TID:801: going to fetch from 0 for size 30890659 on file 269 total size=30890659,rasize = 1048576, stride = 0 bytes, ptr=0x7f24a4077be0, ino=24641612, inode=0x7f24a4077a70
prefetcher_th: TID:796: going to fetch from 0 for size 30890577 on file 270 total size=30890577,rasize = 1048576, stride = 0 bytes, ptr=0x7f24c0077c80, ino=24641611, inode=0x7f24c0077b10
prefetcher_th: TID:802: going to fetch from 0 for size 30890620 on file 271 total size=30890620,rasize = 1048576, stride = 0 bytes, ptr=0x7f24a80749a0, ino=24641610, inode=0x7f24a8074830
prefetcher_th: TID:803: going to fetch from 0 for size 30890647 on file 272 total size=30890647,rasize = 1048576, stride = 0 bytes, ptr=0x7f249c0713d0, ino=24641609, inode=0x7f249c071260
prefetcher_th: TID:799: going to fetch from 0 for size 30890557 on file 273 total size=30890557,rasize = 1048576, stride = 0 bytes, ptr=0x7f24ac06e160, ino=24641608, inode=0x7f24ac06dff0
prefetcher_th: TID:805: going to fetch from 0 for size 30890889 on file 274 total size=30890889,rasize = 1048576, stride = 0 bytes, ptr=0x7f2494077be0, ino=24641607, inode=0x7f2494077a70
prefetcher_th: TID:794: going to fetch from 0 for size 30890583 on file 275 total size=30890583,rasize = 1048576, stride = 0 bytes, ptr=0x7f24c4097520, ino=24641605, inode=0x7f24c4057c60
prefetcher_th: TID:795: going to fetch from 0 for size 30890577 on file 276 total size=30890577,rasize = 1048576, stride = 0 bytes, ptr=0x7f24bc074900, ino=24641606, inode=0x7f24bc074790
prefetcher_th: TID:788: going to fetch from 0 for size 30890671 on file 277 total size=30890671,rasize = 1048576, stride = 0 bytes, ptr=0x562dc2f00c50, ino=24641604, inode=0x562dc2f00ae0
prefetcher_th: TID:797: going to fetch from 0 for size 30890625 on file 278 total size=30890625,rasize = 1048576, stride = 0 bytes, ptr=0x7f24b4077aa0, ino=24641603, inode=0x7f24b4077930
prefetcher_th: TID:793: going to fetch from 0 for size 30864366 on file 279 total size=30864366,rasize = 1048576, stride = 0 bytes, ptr=0x7f24cc07af10, ino=24641596, inode=0x7f24cc07ada0
prefetcher_th: TID:792: going to fetch from 0 for size 30863660 on file 280 total size=30863660,rasize = 1048576, stride = 0 bytes, ptr=0x7f24d4071660, ino=24641599, inode=0x7f24d40714f0
prefetcher_th: TID:798: going to fetch from 0 for size 30864444 on file 281 total size=30864444,rasize = 1048576, stride = 0 bytes, ptr=0x7f24b80746e0, ino=24641591, inode=0x7f24b8074570
prefetcher_th: TID:791: going to fetch from 0 for size 30864639 on file 282 total size=30864639,rasize = 1048576, stride = 0 bytes, ptr=0x7f24dc06e040, ino=24641600, inode=0x7f24dc06ded0
prefetcher_th: TID:800: going to fetch from 0 for size 30864543 on file 283 total size=30864543,rasize = 1048576, stride = 0 bytes, ptr=0x7f24b0077ab0, ino=24641601, inode=0x7f24b0077940
prefetcher_th: TID:804: going to fetch from 0 for size 30889745 on file 284 total size=30889745,rasize = 1048576, stride = 0 bytes, ptr=0x7f24a007af30, ino=24641602, inode=0x7f24a007adc0
prefetcher_th: TID:796: going to fetch from 0 for size 30890614 on file 285 total size=30890614,rasize = 1048576, stride = 0 bytes, ptr=0x7f24c007afb0, ino=24641614, inode=0x7f24c007ae40
prefetcher_th: TID:802: going to fetch from 0 for size 30890624 on file 286 total size=30890624,rasize = 1048576, stride = 0 bytes, ptr=0x7f24a8077cd0, ino=24641615, inode=0x7f24a8077b60
prefetcher_th: TID:803: going to fetch from 0 for size 30891071 on file 287 total size=30891071,rasize = 1048576, stride = 0 bytes, ptr=0x7f249c074700, ino=24641616, inode=0x7f249c074590
prefetcher_th: TID:805: going to fetch from 0 for size 30890548 on file 288 total size=30890548,rasize = 1048576, stride = 0 bytes, ptr=0x7f249407af10, ino=24641618, inode=0x7f249407ada0
prefetcher_th: TID:799: going to fetch from 0 for size 30890622 on file 289 total size=30890622,rasize = 1048576, stride = 0 bytes, ptr=0x7f24ac071470, ino=24641617, inode=0x7f24ac071300
prefetcher_th: TID:788: going to fetch from 0 for size 30890583 on file 290 total size=30890583,rasize = 1048576, stride = 0 bytes, ptr=0x562dc2f03f80, ino=24641620, inode=0x562dc2f03e10
prefetcher_th: TID:797: going to fetch from 0 for size 30890618 on file 291 total size=30890618,rasize = 1048576, stride = 0 bytes, ptr=0x7f24b407ada0, ino=24641621, inode=0x7f24b407ac30
prefetcher_th: TID:793: going to fetch from 0 for size 30890750 on file 292 total size=30890750,rasize = 1048576, stride = 0 bytes, ptr=0x7f24cc07e240, ino=24641622, inode=0x7f24cc07e0d0
prefetcher_th: TID:801: going to fetch from 0 for size 30890566 on file 293 total size=30890566,rasize = 1048576, stride = 0 bytes, ptr=0x7f24a407af10, ino=24641613, inode=0x7f24a407ada0
prefetcher_th: TID:792: going to fetch from 0 for size 30890604 on file 294 total size=30890604,rasize = 1048576, stride = 0 bytes, ptr=0x7f24d40749b0, ino=24641623, inode=0x7f24d4074840
prefetcher_th: TID:791: going to fetch from 0 for size 30890591 on file 295 total size=30890591,rasize = 1048576, stride = 0 bytes, ptr=0x7f24dc071270, ino=24641624, inode=0x7f24dc071100
prefetcher_th: TID:800: going to fetch from 0 for size 30890645 on file 296 total size=30890645,rasize = 1048576, stride = 0 bytes, ptr=0x7f24b007ade0, ino=24641625, inode=0x7f24b007ac70
prefetcher_th: TID:794: going to fetch from 0 for size 30890592 on file 297 total size=30890592,rasize = 1048576, stride = 0 bytes, ptr=0x7f24c409a400, ino=24641626, inode=0x7f24c409a290
prefetcher_th: TID:796: going to fetch from 0 for size 30890563 on file 298 total size=30890563,rasize = 1048576, stride = 0 bytes, ptr=0x7f24c007e2e0, ino=24641628, inode=0x7f24c007e170
prefetcher_th: TID:795: going to fetch from 0 for size 30890604 on file 299 total size=30890604,rasize = 1048576, stride = 0 bytes, ptr=0x7f24bc077d40, ino=24641619, inode=0x7f24bc077bd0
prefetcher_th: TID:802: going to fetch from 0 for size 30890530 on file 300 total size=30890530,rasize = 1048576, stride = 0 bytes, ptr=0x7f24a807b000, ino=24641629, inode=0x7f24a807ae90
prefetcher_th: TID:805: going to fetch from 0 for size 30890626 on file 301 total size=30890626,rasize = 1048576, stride = 0 bytes, ptr=0x7f249407e240, ino=24641631, inode=0x7f249407e0d0
prefetcher_th: TID:798: going to fetch from 0 for size 30890587 on file 302 total size=30890587,rasize = 1048576, stride = 0 bytes, ptr=0x7f24b8077a10, ino=24641632, inode=0x7f24b80778a0
prefetcher_th: TID:799: going to fetch from 0 for size 30890556 on file 303 total size=30890556,rasize = 1048576, stride = 0 bytes, ptr=0x7f24ac0747a0, ino=24641675, inode=0x7f24ac074630
prefetcher_th: TID:788: going to fetch from 0 for size 30890650 on file 304 total size=30890650,rasize = 1048576, stride = 0 bytes, ptr=0x562dc2f072b0, ino=24641676, inode=0x562dc2f07140
prefetcher_th: TID:804: going to fetch from 0 for size 30890811 on file 305 total size=30890811,rasize = 1048576, stride = 0 bytes, ptr=0x7f24a007e260, ino=24641627, inode=0x7f24a007e0f0
prefetcher_th: TID:797: going to fetch from 0 for size 30890600 on file 306 total size=30890600,rasize = 1048576, stride = 0 bytes, ptr=0x7f24b407e0d0, ino=24641677, inode=0x7f24b407df60
prefetcher_th: TID:793: going to fetch from 0 for size 30890467 on file 307 total size=30890467,rasize = 1048576, stride = 0 bytes, ptr=0x7f24cc081570, ino=24641678, inode=0x7f24cc081400
prefetcher_th: TID:801: going to fetch from 0 for size 30890559 on file 308 total size=30890559,rasize = 1048576, stride = 0 bytes, ptr=0x7f24a407e240, ino=24641679, inode=0x7f24a407e0d0
prefetcher_th: TID:792: going to fetch from 0 for size 30890602 on file 309 total size=30890602,rasize = 1048576, stride = 0 bytes, ptr=0x7f24d4077ce0, ino=24641680, inode=0x7f24d4077b70
prefetcher_th: TID:791: going to fetch from 0 for size 30890617 on file 310 total size=30890617,rasize = 1048576, stride = 0 bytes, ptr=0x7f24dc0745a0, ino=24641681, inode=0x7f24dc074430
prefetcher_th: TID:803: going to fetch from 0 for size 30890696 on file 311 total size=30890696,rasize = 1048576, stride = 0 bytes, ptr=0x7f249c077a30, ino=24641630, inode=0x7f249c0778c0
prefetcher_th: TID:800: going to fetch from 0 for size 30890663 on file 312 total size=30890663,rasize = 1048576, stride = 0 bytes, ptr=0x7f24b007e110, ino=24641682, inode=0x7f24b007dfa0
prefetcher_th: TID:794: going to fetch from 0 for size 30890529 on file 313 total size=30890529,rasize = 1048576, stride = 0 bytes, ptr=0x7f24c409d720, ino=24641683, inode=0x7f24c409d5b0
prefetcher_th: TID:796: going to fetch from 0 for size 30890558 on file 314 total size=30890558,rasize = 1048576, stride = 0 bytes, ptr=0x7f24c0081610, ino=24641684, inode=0x7f24c00814a0
prefetcher_th: TID:802: going to fetch from 0 for size 30890556 on file 315 total size=30890556,rasize = 1048576, stride = 0 bytes, ptr=0x7f24a807e330, ino=24641685, inode=0x7f24a807e1c0
prefetcher_th: TID:805: going to fetch from 0 for size 30890671 on file 316 total size=30890671,rasize = 1048576, stride = 0 bytes, ptr=0x7f2494081570, ino=24641686, inode=0x7f2494081400
prefetcher_th: TID:798: going to fetch from 0 for size 30890696 on file 317 total size=30890696,rasize = 1048576, stride = 0 bytes, ptr=0x7f24b807ad40, ino=24641687, inode=0x7f24b807abd0
prefetcher_th: TID:799: going to fetch from 0 for size 30890577 on file 318 total size=30890577,rasize = 1048576, stride = 0 bytes, ptr=0x7f24ac077ad0, ino=24641688, inode=0x7f24ac077960
prefetcher_th: TID:788: going to fetch from 0 for size 30890785 on file 319 total size=30890785,rasize = 1048576, stride = 0 bytes, ptr=0x562dc2f0a5b0, ino=24641689, inode=0x562dc2f0a440
prefetcher_th: TID:804: going to fetch from 0 for size 30890553 on file 320 total size=30890553,rasize = 1048576, stride = 0 bytes, ptr=0x7f24a0081590, ino=24641690, inode=0x7f24a0081420
prefetcher_th: TID:797: going to fetch from 0 for size 30890627 on file 321 total size=30890627,rasize = 1048576, stride = 0 bytes, ptr=0x7f24b4081400, ino=24641691, inode=0x7f24b4081290
prefetcher_th: TID:795: going to fetch from 0 for size 30890715 on file 322 total size=30890715,rasize = 1048576, stride = 0 bytes, ptr=0x7f24bc07b180, ino=24641692, inode=0x7f24bc07b010
prefetcher_th: TID:793: going to fetch from 0 for size 30890567 on file 323 total size=30890567,rasize = 1048576, stride = 0 bytes, ptr=0x7f24cc0848a0, ino=24641693, inode=0x7f24cc084730
prefetcher_th: TID:801: going to fetch from 0 for size 30890728 on file 324 total size=30890728,rasize = 1048576, stride = 0 bytes, ptr=0x7f24a4081570, ino=24641694, inode=0x7f24a4081400
prefetcher_th: TID:792: going to fetch from 0 for size 30890659 on file 325 total size=30890659,rasize = 1048576, stride = 0 bytes, ptr=0x7f24d407b010, ino=24641695, inode=0x7f24d407aea0
prefetcher_th: TID:791: going to fetch from 0 for size 30890661 on file 326 total size=30890661,rasize = 1048576, stride = 0 bytes, ptr=0x7f24dc0778d0, ino=24641696, inode=0x7f24dc077760
prefetcher_th: TID:803: going to fetch from 0 for size 30890760 on file 327 total size=30890760,rasize = 1048576, stride = 0 bytes, ptr=0x7f249c07ad60, ino=24641697, inode=0x7f249c07abf0
prefetcher_th: TID:800: going to fetch from 0 for size 30890545 on file 328 total size=30890545,rasize = 1048576, stride = 0 bytes, ptr=0x7f24b0081440, ino=24641698, inode=0x7f24b00812d0
prefetcher_th: TID:796: going to fetch from 0 for size 30890585 on file 329 total size=30890585,rasize = 1048576, stride = 0 bytes, ptr=0x7f24c0084940, ino=24641700, inode=0x7f24c00847d0
prefetcher_th: TID:794: going to fetch from 0 for size 30890521 on file 330 total size=30890521,rasize = 1048576, stride = 0 bytes, ptr=0x7f24c40a0ad0, ino=24641699, inode=0x7f24c40a0960
prefetcher_th: TID:802: going to fetch from 0 for size 30890609 on file 331 total size=30890609,rasize = 1048576, stride = 0 bytes, ptr=0x7f24a8081660, ino=24641701, inode=0x7f24a80814f0
prefetcher_th: TID:805: going to fetch from 0 for size 30890710 on file 332 total size=30890710,rasize = 1048576, stride = 0 bytes, ptr=0x7f24940848a0, ino=24641702, inode=0x7f2494084730
prefetcher_th: TID:798: going to fetch from 0 for size 30890529 on file 333 total size=30890529,rasize = 1048576, stride = 0 bytes, ptr=0x7f24b807e070, ino=24641704, inode=0x7f24b807df00
prefetcher_th: TID:788: going to fetch from 0 for size 30890591 on file 334 total size=30890591,rasize = 1048576, stride = 0 bytes, ptr=0x562dc2f63dd0, ino=24641705, inode=0x562dc2f0d740
prefetcher_th: TID:804: going to fetch from 0 for size 30890577 on file 335 total size=30890577,rasize = 1048576, stride = 0 bytes, ptr=0x7f24a00848c0, ino=24641706, inode=0x7f24a0084750
prefetcher_th: TID:797: going to fetch from 0 for size 30890754 on file 336 total size=30890754,rasize = 1048576, stride = 0 bytes, ptr=0x7f24b4084730, ino=24641707, inode=0x7f24b40845c0
prefetcher_th: TID:795: going to fetch from 0 for size 30890648 on file 337 total size=30890648,rasize = 1048576, stride = 0 bytes, ptr=0x7f24bc07e4b0, ino=24641708, inode=0x7f24bc07e340
prefetcher_th: TID:793: going to fetch from 0 for size 30890792 on file 338 total size=30890792,rasize = 1048576, stride = 0 bytes, ptr=0x7f24cc087bd0, ino=24641709, inode=0x7f24cc087a60
prefetcher_th: TID:801: going to fetch from 0 for size 30890585 on file 339 total size=30890585,rasize = 1048576, stride = 0 bytes, ptr=0x7f24a40848a0, ino=24641710, inode=0x7f24a4084730
prefetcher_th: TID:792: going to fetch from 0 for size 30890599 on file 340 total size=30890599,rasize = 1048576, stride = 0 bytes, ptr=0x7f24d407e340, ino=24641711, inode=0x7f24d407e1d0
prefetcher_th: TID:791: going to fetch from 0 for size 30890762 on file 341 total size=30890762,rasize = 1048576, stride = 0 bytes, ptr=0x7f24dc07ac00, ino=24641712, inode=0x7f24dc07aa90
prefetcher_th: TID:803: going to fetch from 0 for size 30890592 on file 342 total size=30890592,rasize = 1048576, stride = 0 bytes, ptr=0x7f249c07e090, ino=24641713, inode=0x7f249c07df20
prefetcher_th: TID:794: going to fetch from 0 for size 30890578 on file 343 total size=30890578,rasize = 1048576, stride = 0 bytes, ptr=0x7f24c40a3e00, ino=24641715, inode=0x7f24c40a3c90
prefetcher_th: TID:802: going to fetch from 0 for size 30890517 on file 344 total size=30890517,rasize = 1048576, stride = 0 bytes, ptr=0x7f24a8084990, ino=24641716, inode=0x7f24a8084820
prefetcher_th: TID:805: going to fetch from 0 for size 30890667 on file 345 total size=30890667,rasize = 1048576, stride = 0 bytes, ptr=0x7f2494087bd0, ino=24641717, inode=0x7f2494087a60
prefetcher_th: TID:798: going to fetch from 0 for size 30890602 on file 346 total size=30890602,rasize = 1048576, stride = 0 bytes, ptr=0x7f24b8081370, ino=24641718, inode=0x7f24b8081200
prefetcher_th: TID:804: going to fetch from 0 for size 30890569 on file 347 total size=30890569,rasize = 1048576, stride = 0 bytes, ptr=0x7f24a0087bf0, ino=24641720, inode=0x7f24a0087a80
prefetcher_th: TID:800: going to fetch from 0 for size 30890709 on file 348 total size=30890709,rasize = 1048576, stride = 0 bytes, ptr=0x7f24b0084770, ino=24641714, inode=0x7f24b0084600
prefetcher_th: TID:797: going to fetch from 0 for size 30890582 on file 349 total size=30890582,rasize = 1048576, stride = 0 bytes, ptr=0x7f24b4087a60, ino=24641721, inode=0x7f24b40878f0
prefetcher_th: TID:795: going to fetch from 0 for size 30890715 on file 350 total size=30890715,rasize = 1048576, stride = 0 bytes, ptr=0x7f24bc0817e0, ino=24641722, inode=0x7f24bc081670
prefetcher_th: TID:796: going to fetch from 0 for size 30890536 on file 351 total size=30890536,rasize = 1048576, stride = 0 bytes, ptr=0x7f24c0087c70, ino=24641724, inode=0x7f24c0087b00
prefetcher_th: TID:799: going to fetch from 0 for size 30890556 on file 352 total size=30890556,rasize = 1048576, stride = 0 bytes, ptr=0x7f24ac07ae00, ino=24641703, inode=0x7f24ac07ac90
prefetcher_th: TID:801: going to fetch from 0 for size 30890548 on file 353 total size=30890548,rasize = 1048576, stride = 0 bytes, ptr=0x7f24a4087bd0, ino=24641725, inode=0x7f24a4087a60
prefetcher_th: TID:792: going to fetch from 0 for size 30890619 on file 354 total size=30890619,rasize = 1048576, stride = 0 bytes, ptr=0x7f24d4081670, ino=24641726, inode=0x7f24d4081500
prefetcher_th: TID:788: going to fetch from 0 for size 30890558 on file 355 total size=30890558,rasize = 1048576, stride = 0 bytes, ptr=0x562dc2f66c00, ino=24641719, inode=0x562dc2f66a90
prefetcher_th: TID:791: going to fetch from 0 for size 30890658 on file 356 total size=30890658,rasize = 1048576, stride = 0 bytes, ptr=0x7f24dc07df30, ino=24641727, inode=0x7f24dc07ddc0
prefetcher_th: TID:793: going to fetch from 0 for size 30890653 on file 357 total size=30890653,rasize = 1048576, stride = 0 bytes, ptr=0x7f24cc08af00, ino=24641723, inode=0x7f24cc08ad90
prefetcher_th: TID:803: going to fetch from 0 for size 30890665 on file 358 total size=30890665,rasize = 1048576, stride = 0 bytes, ptr=0x7f249c0813c0, ino=24641728, inode=0x7f249c081250
prefetcher_th: TID:794: going to fetch from 0 for size 30890558 on file 359 total size=30890558,rasize = 1048576, stride = 0 bytes, ptr=0x7f24c40a7130, ino=24641729, inode=0x7f24c40a6fc0
prefetcher_th: TID:802: going to fetch from 0 for size 30890706 on file 360 total size=30890706,rasize = 1048576, stride = 0 bytes, ptr=0x7f24a8087cc0, ino=24641730, inode=0x7f24a8087b50
prefetcher_th: TID:805: going to fetch from 0 for size 30890617 on file 361 total size=30890617,rasize = 1048576, stride = 0 bytes, ptr=0x7f249408af00, ino=24641731, inode=0x7f249408ad90
prefetcher_th: TID:798: going to fetch from 0 for size 30890696 on file 362 total size=30890696,rasize = 1048576, stride = 0 bytes, ptr=0x7f24b80846a0, ino=24641732, inode=0x7f24b8084530
prefetcher_th: TID:804: going to fetch from 0 for size 30890683 on file 363 total size=30890683,rasize = 1048576, stride = 0 bytes, ptr=0x7f24a008af20, ino=24641733, inode=0x7f24a008adb0
prefetcher_th: TID:800: going to fetch from 0 for size 30890562 on file 364 total size=30890562,rasize = 1048576, stride = 0 bytes, ptr=0x7f24b0087aa0, ino=24641734, inode=0x7f24b0087930
prefetcher_th: TID:797: going to fetch from 0 for size 30890728 on file 365 total size=30890728,rasize = 1048576, stride = 0 bytes, ptr=0x7f24b408ad90, ino=24641735, inode=0x7f24b408ac20
prefetcher_th: TID:795: going to fetch from 0 for size 30890591 on file 366 total size=30890591,rasize = 1048576, stride = 0 bytes, ptr=0x7f24bc084b10, ino=24641736, inode=0x7f24bc0849a0
prefetcher_th: TID:796: going to fetch from 0 for size 30890648 on file 367 total size=30890648,rasize = 1048576, stride = 0 bytes, ptr=0x7f24c008afa0, ino=24641737, inode=0x7f24c008ae30
prefetcher_th: TID:799: going to fetch from 0 for size 30890722 on file 368 total size=30890722,rasize = 1048576, stride = 0 bytes, ptr=0x7f24ac07e130, ino=24641738, inode=0x7f24ac07dfc0
prefetcher_th: TID:801: going to fetch from 0 for size 30890592 on file 369 total size=30890592,rasize = 1048576, stride = 0 bytes, ptr=0x7f24a408af00, ino=24641739, inode=0x7f24a408ad90
prefetcher_th: TID:792: going to fetch from 0 for size 30890566 on file 370 total size=30890566,rasize = 1048576, stride = 0 bytes, ptr=0x7f24d40849a0, ino=24641740, inode=0x7f24d4084830
prefetcher_th: TID:791: going to fetch from 0 for size 30890653 on file 371 total size=30890653,rasize = 1048576, stride = 0 bytes, ptr=0x7f24dc081260, ino=24641742, inode=0x7f24dc0810f0
prefetcher_th: TID:793: going to fetch from 0 for size 30890740 on file 372 total size=30890740,rasize = 1048576, stride = 0 bytes, ptr=0x7f24cc08e230, ino=24641743, inode=0x7f24cc08e0c0
prefetcher_th: TID:803: going to fetch from 0 for size 30890575 on file 373 total size=30890575,rasize = 1048576, stride = 0 bytes, ptr=0x7f249c0846f0, ino=24641744, inode=0x7f249c084580
prefetcher_th: TID:794: going to fetch from 0 for size 30890563 on file 374 total size=30890563,rasize = 1048576, stride = 0 bytes, ptr=0x7f24c40aa460, ino=24641745, inode=0x7f24c40aa2f0
prefetcher_th: TID:802: going to fetch from 0 for size 30890556 on file 375 total size=30890556,rasize = 1048576, stride = 0 bytes, ptr=0x7f24a808aff0, ino=24641746, inode=0x7f24a808ae80
prefetcher_th: TID:805: going to fetch from 0 for size 30890586 on file 376 total size=30890586,rasize = 1048576, stride = 0 bytes, ptr=0x7f249408e230, ino=24641747, inode=0x7f249408e0c0
prefetcher_th: TID:788: going to fetch from 0 for size 30890599 on file 377 total size=30890599,rasize = 1048576, stride = 0 bytes, ptr=0x562dc2f69f30, ino=24641741, inode=0x562dc2f69dc0
prefetcher_th: TID:798: going to fetch from 0 for size 30890702 on file 378 total size=30890702,rasize = 1048576, stride = 0 bytes, ptr=0x7f24b80879d0, ino=24641748, inode=0x7f24b8087860
prefetcher_th: TID:800: going to fetch from 0 for size 30890591 on file 379 total size=30890591,rasize = 1048576, stride = 0 bytes, ptr=0x7f24b008add0, ino=24641749, inode=0x7f24b008ac60
prefetcher_th: TID:804: going to fetch from 0 for size 30890659 on file 380 total sRocksDB:    version 7.6.0
Date:       Thu Sep 15 17:12:01 2022
CPU:        48 * AMD EPYC 7402P 24-Core Processor
CPUCache:   512 KB
... finished 100 ops                              ... finished 200 ops                              ... finished 300 ops                              ... finished 400 ops                              ... finished 500 ops                              ... finished 600 ops                              ... finished 700 ops                              ... finished 800 ops                              ... finished 900 ops                              ... finished 1000 ops                              ... finished 1500 ops                              ... finished 2000 ops                              ... finished 2500 ops                              ... finished 3000 ops                              ... finished 3500 ops                              ... finished 4000 ops                              ... finished 4500 ops                              ... finished 5000 ops                              ... finished 6000 ops                              ... finished 7000 ops                              ... finished 8000 ops                              ... finished 9000 ops                              ... finished 10000 ops                              ... finished 15000 ops                              ... finished 20000 ops                              ... finished 25000 ops                              ... finished 30000 ops                              ... finished 35000 ops                              ... finished 40000 ops                              ... finished 45000 ops                              ... finished 50000 ops                              ... finished 60000 ops                              ... finished 70000 ops                              ... finished 80000 ops                              ... finished 90000 ops                              ... finished 100000 ops                              ... finished 150000 ops                              ... finished 200000 ops                              ... finished 250000 ops                              ... finished 300000 ops                              ... finished 350000 ops                              ... finished 400000 ops                              ... finished 450000 ops                              ... finished 500000 ops                              ... finished 600000 ops                              ... finished 700000 ops                              ... finished 800000 ops                              ... finished 900000 ops                              ... finished 1000000 ops                              ... finished 1100000 ops                              ... finished 1200000 ops                              ... finished 1300000 ops                              ... finished 1400000 ops                              ... finished 1500000 ops                              ... finished 1600000 ops                              ... finished 1700000 ops                              ... finished 1800000 ops                              ... finished 1900000 ops                              ... finished 2000000 ops                              ... finished 2100000 ops                              ... finished 2200000 ops                              ... finished 2300000 ops                              ... finished 2400000 ops                              ... finished 2500000 ops                              ... finished 2600000 ops                              ... finished 2700000 ops                              ... finished 2800000 ops                              ... finished 2900000 ops                              ... finished 3000000 ops                              ... finished 3100000 ops                              ... finished 3200000 ops                              ... finished 3300000 ops                              ... finished 3400000 ops                              ... finished 3500000 ops                              ... finished 3600000 ops                              ... finished 3700000 ops                              ... finished 3800000 ops                              ... finished 3900000 ops                              ... finished 4000000 ops                              ... finished 4100000 ops                              ... finished 4200000 ops                              ... finished 4300000 ops                              ... finished 4400000 ops                              ... finished 4500000 ops                              ... finished 4600000 ops                              ... finished 4700000 ops                              ... finished 4800000 ops                              ... finished 4900000 ops                              ... finished 5000000 ops                              ize=30890659,rasize = 1048576, stride = 0 bytes, ptr=0x7f24a008e250, ino=24641750, inode=0x7f24a008e0e0
prefetcher_th: TID:797: going to fetch from 0 for size 30890529 on file 381 total size=30890529,rasize = 1048576, stride = 0 bytes, ptr=0x7f24b408e0c0, ino=24641751, inode=0x7f24b408df50
prefetcher_th: TID:795: going to fetch from 0 for size 30890622 on file 382 total size=30890622,rasize = 1048576, stride = 0 bytes, ptr=0x7f24bc087e40, ino=24641752, inode=0x7f24bc087cd0
prefetcher_th: TID:796: going to fetch from 0 for size 30890729 on file 383 total size=30890729,rasize = 1048576, stride = 0 bytes, ptr=0x7f24c008e2d0, ino=24641753, inode=0x7f24c008e160
prefetcher_th: TID:799: going to fetch from 0 for size 30890601 on file 384 total size=30890601,rasize = 1048576, stride = 0 bytes, ptr=0x7f24ac081460, ino=24641754, inode=0x7f24ac0812f0
prefetcher_th: TID:801: going to fetch from 0 for size 30890678 on file 385 total size=30890678,rasize = 1048576, stride = 0 bytes, ptr=0x7f24a408e230, ino=24641755, inode=0x7f24a408e0c0
prefetcher_th: TID:792: going to fetch from 0 for size 30890540 on file 386 total size=30890540,rasize = 1048576, stride = 0 bytes, ptr=0x7f24d4087cd0, ino=24641756, inode=0x7f24d4087b60
prefetcher_th: TID:793: going to fetch from 0 for size 30890584 on file 387 total size=30890584,rasize = 1048576, stride = 0 bytes, ptr=0x7f24cc0d0a20, ino=24641757, inode=0x7f24cc0d08b0
prefetcher_th: TID:803: going to fetch from 0 for size 30880873 on file 388 total size=30880873,rasize = 1048576, stride = 0 bytes, ptr=0x7f249c087a20, ino=24641758, inode=0x7f249c0878b0
prefetcher_th: TID:794: going to fetch from 0 for size 30877554 on file 389 total size=30877554,rasize = 1048576, stride = 0 bytes, ptr=0x7f24c40ad790, ino=24641759, inode=0x7f24c40ad620
prefetcher_th: TID:802: going to fetch from 0 for size 30877325 on file 390 total size=30877325,rasize = 1048576, stride = 0 bytes, ptr=0x7f24a808e320, ino=24641760, inode=0x7f24a808e1b0
prefetcher_th: TID:805: going to fetch from 0 for size 30877569 on file 391 total size=30877569,rasize = 1048576, stride = 0 bytes, ptr=0x7f24940d0a10, ino=24641761, inode=0x7f24940d08a0
prefetcher_th: TID:788: going to fetch from 0 for size 30877622 on file 392 total size=30877622,rasize = 1048576, stride = 0 bytes, ptr=0x562dc2f6d2e0, ino=24641762, inode=0x562dc2f6d170
Keys:       1000 bytes each (+ 0 bytes user-defined timestamp)
Values:     4096 bytes each (2048 bytes after compression)
Entries:    5000000
Prefix:    0 bytes
Keys per prefix:    0
RawSize:    24299.6 MB (estimated)
FileSize:   14534.0 MB (estimated)
Write rate: 0 bytes/second
Read rate: 0 ops/second
Compression: Snappy
Compression sampling rate: 0
Memtablerep: SkipListFactory
Perf Level: 1
------------------------------------------------
DB path: [/users/kannan11/ssd/prefetching/appbench/apps/rocksdb/DATA]
readseq      :       3.271 micros/op 305692 ops/sec 16.356 seconds 5000000 operations; 1485.6 MB/s
DESTRUCTOR GETTING CALLED 
PRINT_GLOBAL_STATS in dest
PRINT_GLOBAL_LIB_STATS in dest
Total nr_ra = 11904
Total nr_bytes_ra = 12482248704
	Command being timed: "./db_bench --db=/users/kannan11/ssd/prefetching/appbench/apps/rocksdb/DATA --value_size=4096 --wal_dir=/users/kannan11/ssd/prefetching/appbench/apps/rocksdb/DATA/WAL_LOG --sync=0 --key_size=1000 --write_buffer_size=67108864 --num=5000000 --seed=1576170874 --benchmarks=readseq --use_existing_db=1 --mmap_read=0 --threads=1"
	User time (seconds): 13.72
	System time (seconds): 4.20
	Percent of CPU this job got: 90%
	Elapsed (wall clock) time (h:mm:ss or m:ss): 0:19.74
	Average shared text size (kbytes): 0
	Average unshared data size (kbytes): 0
	Average stack size (kbytes): 0
	Average total size (kbytes): 0
	Maximum resident set size (kbytes): 131720
	Average resident set size (kbytes): 0
	Major (requiring I/O) page faults: 87
	Minor (reclaiming a frame) page faults: 31348
	Voluntary context switches: 673
	Involuntary context switches: 46
	Swaps: 0
	File system inputs: 23212232
	File system outputs: 1872
	Socket messages sent: 0
	Socket messages received: 0
	Signals delivered: 0
	Page size (bytes): 4096
	Exit status: 0
DESTRUCTOR GETTING CALLED 
PRINT_GLOBAL_STATS in dest
PRINT_GLOBAL_LIB_STATS in dest
Total nr_ra = 0
Total nr_bytes_ra = 0
[98997.722721] sh (775): drop_caches: 3
[98997.752322] sh (780): drop_caches: 3
[99002.776976] write_proc_unbounded: Value of write = 0
[99002.776984] write_proc_2mb_limit: Value of write = 0
[99002.776988] write_proc_bitmap_shift: Value of write = 28
[99002.784405] write_proc_unbounded: Value of write = 0
[99002.784411] write_proc_2mb_limit: Value of write = 0
[99002.784415] write_proc_bitmap_shift: Value of write = 28
[99022.515658] write_proc_unbounded: Value of write = 0
[99022.515666] write_proc_2mb_limit: Value of write = 0
[99022.519412] write_proc_unbounded: Value of write = 0
[99022.519425] write_proc_2mb_limit: Value of write = 0
