ENABLE_FILE_STATS in con
ENABLE_FILE_STATS in con
ENABLE_FILE_STATS in per_thread_ds
ENABLE_FILE_STATS in per_thread_ds
ENABLE_FILE_STATS in per_thread_ds
ENABLE_FILE_STATS in per_thread_ds
Received signal 11 (Segmentation fault)
ENABLE_FILE_STATS in per_thread_ds
ENABLE_FILE_STATS in per_thread_ds
Command terminated by signal 11
	Command being timed: "./db_bench --db=/users/shaleen/ssd/prefetching/appbench/apps/rocksdb/DATA --value_size=4096 --wal_dir=/users/shaleen/ssd/prefetching/appbench/apps/rocksdb/DATA/WAL_LOG --sync=0 --key_size=1000 --write_buffer_size=67108864 --num=5000000 --seed=1576170874 --benchmarks=readwhilescanning --use_existing_db=1 --mmap_read=0 --threads=32"
	User time (seconds): 0.00
	System time (seconds): 0.01
	Percent of CPU this job got: 70%
	Elapsed (wall clock) time (h:mm:ss or m:ss): 0:00.02
	Average shared text size (kbytes): 0
	Average unshared data size (kbytes): 0
	Average stack size (kbytes): 0
	Average total size (kbytes): 0
	Maximum resident set size (kbytes): 12748
	Average resident set size (kbytes): 0
	Major (requiring I/O) page faults: 74
	Minor (reclaiming a frame) page faults: 1322
	Voluntary context switches: 143
	Involuntary context switches: 1
	Swaps: 0
	File system inputs: 17976
	File system outputs: 8
	Socket messages sent: 0
	Socket messages received: 0
	Signals delivered: 0
	Page size (bytes): 4096
	Exit status: 0
DESTRUCTOR GETTING CALLED 
PRINT_GLOBAL_STATS in dest
PRINT_GLOBAL_LIB_STATS in dest
Total nr_ra = 0
Total nr_bytes_ra = 0
PREDICTOR STATS

[94738.971689] sh (7497): drop_caches: 3
[94739.013492] sh (7503): drop_caches: 3
[94744.046499] Enabled file stats for time:7510
[94744.046760] write_proc_unbounded: Value of write = 0
[94744.046768] write_proc_2mb_limit: Value of write = 0
[94744.046774] write_proc_bitmap_shift: Value of write = 27
[94744.054018] Enabled file stats for db_bench:7515
[94744.054272] write_proc_unbounded: Value of write = 0
[94744.054281] write_proc_2mb_limit: Value of write = 0
[94744.054287] write_proc_bitmap_shift: Value of write = 27
[94744.063279] Enabled file stats for db_bench:7515
[94744.069881] Enabled file stats for db_bench:7522
[94744.069915] Enabled file stats for db_bench:7524
[94744.069950] Enabled file stats for db_bench:7523
[94744.069986] traps: db_bench[7523] general protection fault ip:7fa7aafd6a78 sp:7fa7a5f77060 error:0
[94744.070022] Enabled file stats for db_bench:7525
[94744.070052] Enabled file stats for db_bench:7526
[94744.070126] FinalTaskReport:db_bench:7526 nr_pages_read:0, nr_pages_hit:0, nr_pages_miss:0
[94744.070127] FinalTaskReport:db_bench:7524 nr_pages_read:0, nr_pages_hit:0, nr_pages_miss:0
[94744.070130] FinalTaskReport:db_bench:7522 nr_pages_read:0, nr_pages_hit:0, nr_pages_miss:0
[94744.070131] FinalTaskReport:db_bench:7515 nr_pages_read:197, nr_pages_hit:189, nr_pages_miss:8
[94744.070284] FinalTaskReport:db_bench:7525 nr_pages_read:0, nr_pages_hit:0, nr_pages_miss:0
[94744.071271] FinalTaskReport:db_bench:7523 nr_pages_read:0, nr_pages_hit:0, nr_pages_miss:0
[94744.073399] write_proc_unbounded: Value of write = 0
[94744.073407] write_proc_2mb_limit: Value of write = 0
[94744.073416] __do_sys_start_cross_trace: PRINT_GLOBAL_STATS 
[94744.073417] Final GlobalReport: nr_pages_read:197, nr_pages_hit:189, nr_pages_miss:8
[94744.073419] __do_sys_start_cross_trace: RESET_GLOBAL_STATS 
[94744.073462] FinalTaskReport:time:7510 nr_pages_read:0, nr_pages_hit:0, nr_pages_miss:0
