ENABLE_FILE_STATS in con
ENABLE_FILE_STATS in con
RocksDB:    version 6.20
Date:       Wed Aug 10 18:37:48 2022
CPU:        48 * AMD EPYC 7402P 24-Core Processor
CPUCache:   512 KB
Initializing RocksDB Options from the specified file
Initializing RocksDB Options from command-line flags
Keys:       1000 bytes each (+ 0 bytes user-defined timestamp)
Values:     4096 bytes each (2048 bytes after compression)
Entries:    2000000
Prefix:    0 bytes
Keys per prefix:    0
RawSize:    9719.8 MB (estimated)
FileSize:   5813.6 MB (estimated)
Write rate: 0 bytes/second
Read rate: 0 ops/second
Compression: Snappy
Compression sampling rate: 0
Memtablerep: skip_list
Perf Level: 1
------------------------------------------------
DB path: [/users/kannan11/ssd/sudarsun/prefetching/appbench/apps/rocksdb/DATA]
compact      :     524.000 micros/op 6578 ops/sec;
DESTRUCTOR GETTING CALLED 
PRINT_GLOBAL_STATS in dest
	Command being timed: "./db_bench --db=/users/kannan11/ssd/sudarsun/prefetching/appbench/apps/rocksdb/DATA --value_size=4096 --wal_dir=/users/kannan11/ssd/sudarsun/prefetching/appbench/apps/rocksdb/DATA/WAL_LOG --sync=0 --key_size=1000 --write_buffer_size=67108864 --num=2000000 --benchmarks=compact --use_existing_db=1 --mmap_read=0 --threads=32"
	User time (seconds): 0.27
	System time (seconds): 6.09
	Percent of CPU this job got: 378%
	Elapsed (wall clock) time (h:mm:ss or m:ss): 0:01.68
	Average shared text size (kbytes): 0
	Average unshared data size (kbytes): 0
	Average stack size (kbytes): 0
	Average total size (kbytes): 0
	Maximum resident set size (kbytes): 6206108
	Average resident set size (kbytes): 0
	Major (requiring I/O) page faults: 78
	Minor (reclaiming a frame) page faults: 1550248
	Voluntary context switches: 4062
	Involuntary context switches: 7
	Swaps: 0
	File system inputs: 127544
	File system outputs: 1664
	Socket messages sent: 0
	Socket messages received: 0
	Signals delivered: 0
	Page size (bytes): 4096
	Exit status: 0
DESTRUCTOR GETTING CALLED 
PRINT_GLOBAL_STATS in dest
[ 9551.587168] free_cross_bitmap: releasing mem for inode with i_count 2
[ 9551.594542] free_cross_bitmap: releasing mem for inode with i_count 2
[ 9551.601718] free_cross_bitmap: releasing mem for inode with i_count 2
[ 9551.608652] free_cross_bitmap: releasing mem for inode with i_count 2
[ 9551.615563] free_cross_bitmap: releasing mem for inode with i_count 2
[ 9551.622505] free_cross_bitmap: releasing mem for inode with i_count 2
[ 9551.629833] free_cross_bitmap: releasing mem for inode with i_count 2
[ 9551.636751] free_cross_bitmap: releasing mem for inode with i_count 2
[ 9551.643738] free_cross_bitmap: releasing mem for inode with i_count 2
[ 9551.650698] free_cross_bitmap: releasing mem for inode with i_count 2
[ 9551.657668] free_cross_bitmap: releasing mem for inode with i_count 2
[ 9551.664873] free_cross_bitmap: releasing mem for inode with i_count 2
[ 9551.671888] free_cross_bitmap: releasing mem for inode with i_count 2
[ 9551.679151] free_cross_bitmap: releasing mem for inode with i_count 2
[ 9551.686088] free_cross_bitmap: releasing mem for inode with i_count 2
[ 9551.693242] free_cross_bitmap: releasing mem for inode with i_count 2
[ 9551.700268] free_cross_bitmap: releasing mem for inode with i_count 2
[ 9551.707512] free_cross_bitmap: releasing mem for inode with i_count 2
[ 9551.714767] free_cross_bitmap: releasing mem for inode with i_count 2
[ 9551.721758] free_cross_bitmap: releasing mem for inode with i_count 2
[ 9551.728939] free_cross_bitmap: releasing mem for inode with i_count 2
[ 9551.736152] free_cross_bitmap: releasing mem for inode with i_count 2
[ 9551.743218] free_cross_bitmap: releasing mem for inode with i_count 2
[ 9551.750153] free_cross_bitmap: releasing mem for inode with i_count 2
[ 9551.757569] free_cross_bitmap: releasing mem for inode with i_count 2
[ 9551.764515] free_cross_bitmap: releasing mem for inode with i_count 2
[ 9551.771522] free_cross_bitmap: releasing mem for inode with i_count 2
[ 9551.778712] free_cross_bitmap: releasing mem for inode with i_count 2
[ 9551.785711] free_cross_bitmap: releasing mem for inode with i_count 2
[ 9551.792665] free_cross_bitmap: releasing mem for inode with i_count 2
[ 9551.799897] free_cross_bitmap: releasing mem for inode with i_count 2
[ 9551.807120] free_cross_bitmap: releasing mem for inode with i_count 2
[ 9551.814258] free_cross_bitmap: releasing mem for inode with i_count 2
[ 9551.821168] free_cross_bitmap: releasing mem for inode with i_count 2
[ 9551.828504] free_cross_bitmap: releasing mem for inode with i_count 2
[ 9551.835724] free_cross_bitmap: releasing mem for inode with i_count 2
[ 9551.843265] free_cross_bitmap: releasing mem for inode with i_count 2
[ 9551.850242] free_cross_bitmap: releasing mem for inode with i_count 2
[ 9551.857373] free_cross_bitmap: releasing mem for inode with i_count 2
[ 9551.864395] free_cross_bitmap: releasing mem for inode with i_count 2
[ 9551.871400] free_cross_bitmap: releasing mem for inode with i_count 2
[ 9551.878419] free_cross_bitmap: releasing mem for inode with i_count 2
[ 9551.885907] free_cross_bitmap: releasing mem for inode with i_count 2
[ 9551.892850] free_cross_bitmap: releasing mem for inode with i_count 2
[ 9551.899886] free_cross_bitmap: releasing mem for inode with i_count 2
[ 9551.906900] free_cross_bitmap: releasing mem for inode with i_count 2
[ 9551.913843] free_cross_bitmap: releasing mem for inode with i_count 2
[ 9551.920871] free_cross_bitmap: releasing mem for inode with i_count 2
[ 9551.928188] free_cross_bitmap: releasing mem for inode with i_count 2
[ 9551.935187] free_cross_bitmap: releasing mem for inode with i_count 2
[ 9551.942188] free_cross_bitmap: releasing mem for inode with i_count 2
[ 9551.949138] free_cross_bitmap: releasing mem for inode with i_count 2
[ 9551.956117] free_cross_bitmap: releasing mem for inode with i_count 2
[ 9551.963122] free_cross_bitmap: releasing mem for inode with i_count 2
[ 9551.970415] free_cross_bitmap: releasing mem for inode with i_count 2
[ 9551.977381] free_cross_bitmap: releasing mem for inode with i_count 2
[ 9551.984396] free_cross_bitmap: releasing mem for inode with i_count 2
[ 9551.991456] free_cross_bitmap: releasing mem for inode with i_count 2
[ 9551.998441] free_cross_bitmap: releasing mem for inode with i_count 2
[ 9552.005408] free_cross_bitmap: releasing mem for inode with i_count 2
[ 9552.012729] free_cross_bitmap: releasing mem for inode with i_count 2
[ 9552.019705] free_cross_bitmap: releasing mem for inode with i_count 2
[ 9552.026684] free_cross_bitmap: releasing mem for inode with i_count 2
[ 9552.033651] free_cross_bitmap: releasing mem for inode with i_count 2
[ 9552.040632] free_cross_bitmap: releasing mem for inode with i_count 2
[ 9552.047628] free_cross_bitmap: releasing mem for inode with i_count 2
[ 9552.054905] free_cross_bitmap: releasing mem for inode with i_count 2
[ 9552.061858] free_cross_bitmap: releasing mem for inode with i_count 2
[ 9552.068798] free_cross_bitmap: releasing mem for inode with i_count 2
[ 9552.075729] free_cross_bitmap: releasing mem for inode with i_count 2
[ 9552.082750] free_cross_bitmap: releasing mem for inode with i_count 2
[ 9552.089711] free_cross_bitmap: releasing mem for inode with i_count 2
[ 9552.097000] free_cross_bitmap: releasing mem for inode with i_count 2
[ 9552.103949] free_cross_bitmap: releasing mem for inode with i_count 2
[ 9552.110904] free_cross_bitmap: releasing mem for inode with i_count 2
[ 9552.117858] free_cross_bitmap: releasing mem for inode with i_count 2
[ 9552.124825] free_cross_bitmap: releasing mem for inode with i_count 2
[ 9552.131854] free_cross_bitmap: releasing mem for inode with i_count 2
[ 9552.139159] free_cross_bitmap: releasing mem for inode with i_count 2
[ 9552.146157] free_cross_bitmap: releasing mem for inode with i_count 2
[ 9552.153133] free_cross_bitmap: releasing mem for inode with i_count 2
[ 9552.160122] free_cross_bitmap: releasing mem for inode with i_count 2
[ 9552.167121] free_cross_bitmap: releasing mem for inode with i_count 2
[ 9552.174064] free_cross_bitmap: releasing mem for inode with i_count 2
[ 9552.181468] free_cross_bitmap: releasing mem for inode with i_count 2
[ 9552.188421] free_cross_bitmap: releasing mem for inode with i_count 2
[ 9552.195326] free_cross_bitmap: releasing mem for inode with i_count 2
[ 9552.202301] free_cross_bitmap: releasing mem for inode with i_count 2
[ 9552.209226] free_cross_bitmap: releasing mem for inode with i_count 2
[ 9552.216239] free_cross_bitmap: releasing mem for inode with i_count 2
[ 9552.223741] free_cross_bitmap: releasing mem for inode with i_count 2
[ 9552.230648] free_cross_bitmap: releasing mem for inode with i_count 2
[ 9552.237617] free_cross_bitmap: releasing mem for inode with i_count 2
[ 9552.244606] free_cross_bitmap: releasing mem for inode with i_count 2
[ 9552.251548] free_cross_bitmap: releasing mem for inode with i_count 2
[ 9552.258562] free_cross_bitmap: releasing mem for inode with i_count 2
[ 9552.265813] free_cross_bitmap: releasing mem for inode with i_count 2
[ 9552.272819] free_cross_bitmap: releasing mem for inode with i_count 2
[ 9552.279746] free_cross_bitmap: releasing mem for inode with i_count 2
[ 9552.286704] free_cross_bitmap: releasing mem for inode with i_count 2
[ 9552.293662] free_cross_bitmap: releasing mem for inode with i_count 2
[ 9552.300555] free_cross_bitmap: releasing mem for inode with i_count 2
[ 9552.307852] free_cross_bitmap: releasing mem for inode with i_count 2
[ 9552.314832] free_cross_bitmap: releasing mem for inode with i_count 2
[ 9552.321800] free_cross_bitmap: releasing mem for inode with i_count 2
[ 9552.328796] free_cross_bitmap: releasing mem for inode with i_count 2
[ 9552.335755] free_cross_bitmap: releasing mem for inode with i_count 2
[ 9552.342745] free_cross_bitmap: releasing mem for inode with i_count 2
[ 9552.349993] free_cross_bitmap: releasing mem for inode with i_count 2
[ 9552.356946] free_cross_bitmap: releasing mem for inode with i_count 2
[ 9552.363934] free_cross_bitmap: releasing mem for inode with i_count 2
[ 9552.370846] free_cross_bitmap: releasing mem for inode with i_count 2
[ 9552.377762] free_cross_bitmap: releasing mem for inode with i_count 2
[ 9552.384788] free_cross_bitmap: releasing mem for inode with i_count 2
[ 9552.392004] free_cross_bitmap: releasing mem for inode with i_count 2
[ 9552.398940] free_cross_bitmap: releasing mem for inode with i_count 2
[ 9552.405902] free_cross_bitmap: releasing mem for inode with i_count 2
[ 9552.412882] free_cross_bitmap: releasing mem for inode with i_count 2
[ 9552.419831] free_cross_bitmap: releasing mem for inode with i_count 2
[ 9552.426795] free_cross_bitmap: releasing mem for inode with i_count 2
[ 9552.434029] free_cross_bitmap: releasing mem for inode with i_count 2
[ 9552.440975] free_cross_bitmap: releasing mem for inode with i_count 2
[ 9552.447929] free_cross_bitmap: releasing mem for inode with i_count 2
[ 9552.454896] free_cross_bitmap: releasing mem for inode with i_count 2
[ 9552.461804] free_cross_bitmap: releasing mem for inode with i_count 2
[ 9552.468764] free_cross_bitmap: releasing mem for inode with i_count 2
[ 9552.476177] free_cross_bitmap: releasing mem for inode with i_count 2
[ 9552.483135] free_cross_bitmap: releasing mem for inode with i_count 2
[ 9552.490102] free_cross_bitmap: releasing mem for inode with i_count 2
[ 9552.497053] free_cross_bitmap: releasing mem for inode with i_count 2
[ 9552.503968] free_cross_bitmap: releasing mem for inode with i_count 2
[ 9552.510891] free_cross_bitmap: releasing mem for inode with i_count 2
[ 9552.518152] free_cross_bitmap: releasing mem for inode with i_count 2
[ 9552.525083] free_cross_bitmap: releasing mem for inode with i_count 2
[ 9552.532009] free_cross_bitmap: releasing mem for inode with i_count 2
[ 9552.538937] free_cross_bitmap: releasing mem for inode with i_count 2
[ 9552.545858] free_cross_bitmap: releasing mem for inode with i_count 2
[ 9552.552865] free_cross_bitmap: releasing mem for inode with i_count 2
[ 9552.560300] free_cross_bitmap: releasing mem for inode with i_count 2
[ 9552.567220] free_cross_bitmap: releasing mem for inode with i_count 2
[ 9552.574166] free_cross_bitmap: releasing mem for inode with i_count 2
[ 9552.581098] free_cross_bitmap: releasing mem for inode with i_count 2
[ 9552.588005] free_cross_bitmap: releasing mem for inode with i_count 2
[ 9552.594943] free_cross_bitmap: releasing mem for inode with i_count 2
[ 9552.602279] free_cross_bitmap: releasing mem for inode with i_count 2
[ 9552.609180] free_cross_bitmap: releasing mem for inode with i_count 2
[ 9552.616109] free_cross_bitmap: releasing mem for inode with i_count 2
[ 9552.623005] free_cross_bitmap: releasing mem for inode with i_count 2
[ 9552.629916] free_cross_bitmap: releasing mem for inode with i_count 2
[ 9552.636819] free_cross_bitmap: releasing mem for inode with i_count 2
[ 9552.644081] free_cross_bitmap: releasing mem for inode with i_count 2
[ 9552.651043] free_cross_bitmap: releasing mem for inode with i_count 2
[ 9552.657939] free_cross_bitmap: releasing mem for inode with i_count 2
[ 9552.664852] free_cross_bitmap: releasing mem for inode with i_count 2
[ 9552.671746] free_cross_bitmap: releasing mem for inode with i_count 2
[ 9552.678677] free_cross_bitmap: releasing mem for inode with i_count 2
[ 9552.685946] free_cross_bitmap: releasing mem for inode with i_count 2
[ 9552.692843] free_cross_bitmap: releasing mem for inode with i_count 2
[ 9552.699770] free_cross_bitmap: releasing mem for inode with i_count 2
[ 9552.706725] free_cross_bitmap: releasing mem for inode with i_count 2
[ 9552.713635] free_cross_bitmap: releasing mem for inode with i_count 2
[ 9552.720571] free_cross_bitmap: releasing mem for inode with i_count 2
[ 9552.727781] free_cross_bitmap: releasing mem for inode with i_count 2
[ 9552.734763] free_cross_bitmap: releasing mem for inode with i_count 2
[ 9552.741689] free_cross_bitmap: releasing mem for inode with i_count 2
[ 9552.748582] free_cross_bitmap: releasing mem for inode with i_count 2
[ 9552.755487] free_cross_bitmap: releasing mem for inode with i_count 2
[ 9552.762377] free_cross_bitmap: releasing mem for inode with i_count 2
[ 9552.769569] free_cross_bitmap: releasing mem for inode with i_count 2
[ 9552.776470] free_cross_bitmap: releasing mem for inode with i_count 2
[ 9552.783357] free_cross_bitmap: releasing mem for inode with i_count 2
[ 9552.790270] free_cross_bitmap: releasing mem for inode with i_count 2
[ 9552.797218] free_cross_bitmap: releasing mem for inode with i_count 2
[ 9552.804122] free_cross_bitmap: releasing mem for inode with i_count 2
[ 9552.811408] free_cross_bitmap: releasing mem for inode with i_count 2
[ 9552.818336] free_cross_bitmap: releasing mem for inode with i_count 2
[ 9552.825264] free_cross_bitmap: releasing mem for inode with i_count 2
[ 9552.832242] free_cross_bitmap: releasing mem for inode with i_count 2
[ 9552.839200] free_cross_bitmap: releasing mem for inode with i_count 2
[ 9552.846124] free_cross_bitmap: releasing mem for inode with i_count 2
[ 9552.853362] free_cross_bitmap: releasing mem for inode with i_count 2
[ 9552.860327] free_cross_bitmap: releasing mem for inode with i_count 2
[ 9552.867281] free_cross_bitmap: releasing mem for inode with i_count 2
[ 9552.874189] free_cross_bitmap: releasing mem for inode with i_count 2
[ 9552.881128] free_cross_bitmap: releasing mem for inode with i_count 2
[ 9552.889907] free_cross_bitmap: releasing mem for inode with i_count 2
[ 9552.897520] sh (19363): drop_caches: 3
[ 9552.929333] sh (19554): drop_caches: 3
[ 9557.954235] Enabled file stats for time:19561
[ 9557.954445] write_proc: Value of write = 1
[ 9557.961852] Enabled file stats for db_bench:19570
[ 9557.962080] write_proc: Value of write = 1
[ 9558.017324] alloc_cross_bitmap: preallocate 268435456 pg, nr_longs=4194304 in 12 millisec
[ 9558.017402] alloc_cross_bitmap: preallocate 268435456 pg, nr_longs=4194304 in 12 millisec
[ 9558.018016] alloc_cross_bitmap: preallocate 268435456 pg, nr_longs=4194304 in 12 millisec
[ 9558.018133] alloc_cross_bitmap: preallocate 268435456 pg, nr_longs=4194304 in 12 millisec
[ 9558.018259] alloc_cross_bitmap: preallocate 268435456 pg, nr_longs=4194304 in 16 millisec
[ 9558.018434] alloc_cross_bitmap: preallocate 268435456 pg, nr_longs=4194304 in 16 millisec
[ 9558.018438] alloc_cross_bitmap: preallocate 268435456 pg, nr_longs=4194304 in 16 millisec
[ 9558.018938] alloc_cross_bitmap: preallocate 268435456 pg, nr_longs=4194304 in 16 millisec
[ 9558.018981] alloc_cross_bitmap: preallocate 268435456 pg, nr_longs=4194304 in 16 millisec
[ 9558.018994] alloc_cross_bitmap: preallocate 268435456 pg, nr_longs=4194304 in 16 millisec
[ 9558.019069] alloc_cross_bitmap: preallocate 268435456 pg, nr_longs=4194304 in 16 millisec
[ 9558.019648] alloc_cross_bitmap: preallocate 268435456 pg, nr_longs=4194304 in 16 millisec
[ 9558.019702] alloc_cross_bitmap: preallocate 268435456 pg, nr_longs=4194304 in 16 millisec
[ 9558.020920] alloc_cross_bitmap: preallocate 268435456 pg, nr_longs=4194304 in 16 millisec
[ 9558.021259] alloc_cross_bitmap: preallocate 268435456 pg, nr_longs=4194304 in 16 millisec
[ 9558.021291] alloc_cross_bitmap: preallocate 268435456 pg, nr_longs=4194304 in 16 millisec
[ 9558.048811] alloc_cross_bitmap: preallocate 268435456 pg, nr_longs=4194304 in 4 millisec
[ 9558.049099] alloc_cross_bitmap: preallocate 268435456 pg, nr_longs=4194304 in 4 millisec
[ 9558.050820] alloc_cross_bitmap: preallocate 268435456 pg, nr_longs=4194304 in 8 millisec
[ 9558.052645] alloc_cross_bitmap: preallocate 268435456 pg, nr_longs=4194304 in 8 millisec
[ 9558.053482] alloc_cross_bitmap: preallocate 268435456 pg, nr_longs=4194304 in 8 millisec
[ 9558.053937] alloc_cross_bitmap: preallocate 268435456 pg, nr_longs=4194304 in 8 millisec
[ 9558.053994] alloc_cross_bitmap: preallocate 268435456 pg, nr_longs=4194304 in 8 millisec
[ 9558.054480] alloc_cross_bitmap: preallocate 268435456 pg, nr_longs=4194304 in 12 millisec
[ 9558.054559] alloc_cross_bitmap: preallocate 268435456 pg, nr_longs=4194304 in 12 millisec
[ 9558.055816] alloc_cross_bitmap: preallocate 268435456 pg, nr_longs=4194304 in 12 millisec
[ 9558.055902] alloc_cross_bitmap: preallocate 268435456 pg, nr_longs=4194304 in 12 millisec
[ 9558.058014] alloc_cross_bitmap: preallocate 268435456 pg, nr_longs=4194304 in 12 millisec
[ 9558.058018] alloc_cross_bitmap: preallocate 268435456 pg, nr_longs=4194304 in 12 millisec
[ 9558.058037] alloc_cross_bitmap: preallocate 268435456 pg, nr_longs=4194304 in 8 millisec
[ 9558.070456] alloc_cross_bitmap: preallocate 268435456 pg, nr_longs=4194304 in 4 millisec
[ 9558.070930] alloc_cross_bitmap: preallocate 268435456 pg, nr_longs=4194304 in 4 millisec
[ 9558.073942] alloc_cross_bitmap: preallocate 268435456 pg, nr_longs=4194304 in 0 millisec
[ 9558.080012] alloc_cross_bitmap: preallocate 268435456 pg, nr_longs=4194304 in 4 millisec
[ 9558.081276] alloc_cross_bitmap: preallocate 268435456 pg, nr_longs=4194304 in 4 millisec
[ 9558.082764] alloc_cross_bitmap: preallocate 268435456 pg, nr_longs=4194304 in 8 millisec
[ 9558.082788] alloc_cross_bitmap: preallocate 268435456 pg, nr_longs=4194304 in 8 millisec
[ 9558.083335] alloc_cross_bitmap: preallocate 268435456 pg, nr_longs=4194304 in 8 millisec
[ 9558.084828] alloc_cross_bitmap: preallocate 268435456 pg, nr_longs=4194304 in 4 millisec
[ 9558.085112] alloc_cross_bitmap: preallocate 268435456 pg, nr_longs=4194304 in 4 millisec
[ 9558.088699] alloc_cross_bitmap: preallocate 268435456 pg, nr_longs=4194304 in 8 millisec
[ 9558.088763] alloc_cross_bitmap: preallocate 268435456 pg, nr_longs=4194304 in 8 millisec
[ 9558.088915] alloc_cross_bitmap: preallocate 268435456 pg, nr_longs=4194304 in 8 millisec
[ 9558.095534] alloc_cross_bitmap: preallocate 268435456 pg, nr_longs=4194304 in 4 millisec
[ 9558.095908] alloc_cross_bitmap: preallocate 268435456 pg, nr_longs=4194304 in 4 millisec
[ 9558.097029] alloc_cross_bitmap: preallocate 268435456 pg, nr_longs=4194304 in 4 millisec
[ 9558.098820] alloc_cross_bitmap: preallocate 268435456 pg, nr_longs=4194304 in 8 millisec
[ 9558.099354] alloc_cross_bitmap: preallocate 268435456 pg, nr_longs=4194304 in 8 millisec
[ 9558.101667] alloc_cross_bitmap: preallocate 268435456 pg, nr_longs=4194304 in 4 millisec
[ 9558.104649] alloc_cross_bitmap: preallocate 268435456 pg, nr_longs=4194304 in 4 millisec
[ 9558.104723] alloc_cross_bitmap: preallocate 268435456 pg, nr_longs=4194304 in 4 millisec
[ 9558.104989] alloc_cross_bitmap: preallocate 268435456 pg, nr_longs=4194304 in 4 millisec
[ 9558.105006] alloc_cross_bitmap: preallocate 268435456 pg, nr_longs=4194304 in 4 millisec
[ 9558.157499] alloc_cross_bitmap: preallocate 268435456 pg, nr_longs=4194304 in 8 millisec
[ 9558.157887] alloc_cross_bitmap: preallocate 268435456 pg, nr_longs=4194304 in 8 millisec
[ 9558.157905] alloc_cross_bitmap: preallocate 268435456 pg, nr_longs=4194304 in 8 millisec
[ 9558.158071] alloc_cross_bitmap: preallocate 268435456 pg, nr_longs=4194304 in 8 millisec
[ 9558.158626] alloc_cross_bitmap: preallocate 268435456 pg, nr_longs=4194304 in 12 millisec
[ 9558.158690] alloc_cross_bitmap: preallocate 268435456 pg, nr_longs=4194304 in 12 millisec
[ 9558.158779] alloc_cross_bitmap: preallocate 268435456 pg, nr_longs=4194304 in 12 millisec
[ 9558.158845] alloc_cross_bitmap: preallocate 268435456 pg, nr_longs=4194304 in 12 millisec
[ 9558.159074] alloc_cross_bitmap: preallocate 268435456 pg, nr_longs=4194304 in 12 millisec
[ 9558.159103] alloc_cross_bitmap: preallocate 268435456 pg, nr_longs=4194304 in 12 millisec
[ 9558.159855] alloc_cross_bitmap: preallocate 268435456 pg, nr_longs=4194304 in 12 millisec
[ 9558.159975] alloc_cross_bitmap: preallocate 268435456 pg, nr_longs=4194304 in 12 millisec
[ 9558.161314] alloc_cross_bitmap: preallocate 268435456 pg, nr_longs=4194304 in 12 millisec
[ 9558.161527] alloc_cross_bitmap: preallocate 268435456 pg, nr_longs=4194304 in 12 millisec
[ 9558.161629] alloc_cross_bitmap: preallocate 268435456 pg, nr_longs=4194304 in 12 millisec
[ 9558.186572] alloc_cross_bitmap: preallocate 268435456 pg, nr_longs=4194304 in 4 millisec
[ 9558.192172] alloc_cross_bitmap: preallocate 268435456 pg, nr_longs=4194304 in 8 millisec
[ 9558.194971] alloc_cross_bitmap: preallocate 268435456 pg, nr_longs=4194304 in 12 millisec
[ 9558.195698] alloc_cross_bitmap: preallocate 268435456 pg, nr_longs=4194304 in 12 millisec
[ 9558.196255] alloc_cross_bitmap: preallocate 268435456 pg, nr_longs=4194304 in 12 millisec
[ 9558.196416] alloc_cross_bitmap: preallocate 268435456 pg, nr_longs=4194304 in 8 millisec
[ 9558.196496] alloc_cross_bitmap: preallocate 268435456 pg, nr_longs=4194304 in 8 millisec
[ 9558.196555] alloc_cross_bitmap: preallocate 268435456 pg, nr_longs=4194304 in 12 millisec
[ 9558.196782] alloc_cross_bitmap: preallocate 268435456 pg, nr_longs=4194304 in 12 millisec
[ 9558.196871] alloc_cross_bitmap: preallocate 268435456 pg, nr_longs=4194304 in 12 millisec
[ 9558.197253] alloc_cross_bitmap: preallocate 268435456 pg, nr_longs=4194304 in 8 millisec
[ 9558.197464] alloc_cross_bitmap: preallocate 268435456 pg, nr_longs=4194304 in 12 millisec
[ 9558.197890] alloc_cross_bitmap: preallocate 268435456 pg, nr_longs=4194304 in 8 millisec
[ 9558.199998] alloc_cross_bitmap: preallocate 268435456 pg, nr_longs=4194304 in 12 millisec
[ 9558.200009] alloc_cross_bitmap: preallocate 268435456 pg, nr_longs=4194304 in 12 millisec
[ 9558.200043] alloc_cross_bitmap: preallocate 268435456 pg, nr_longs=4194304 in 12 millisec
[ 9558.209413] alloc_cross_bitmap: preallocate 268435456 pg, nr_longs=4194304 in 4 millisec
[ 9558.218025] alloc_cross_bitmap: preallocate 268435456 pg, nr_longs=4194304 in 0 millisec
[ 9558.224039] alloc_cross_bitmap: preallocate 268435456 pg, nr_longs=4194304 in 4 millisec
[ 9558.226347] alloc_cross_bitmap: preallocate 268435456 pg, nr_longs=4194304 in 4 millisec
[ 9558.226470] alloc_cross_bitmap: preallocate 268435456 pg, nr_longs=4194304 in 8 millisec
[ 9558.229232] alloc_cross_bitmap: preallocate 268435456 pg, nr_longs=4194304 in 4 millisec
[ 9558.231071] alloc_cross_bitmap: preallocate 268435456 pg, nr_longs=4194304 in 8 millisec
[ 9558.231401] alloc_cross_bitmap: preallocate 268435456 pg, nr_longs=4194304 in 8 millisec
[ 9558.231560] alloc_cross_bitmap: preallocate 268435456 pg, nr_longs=4194304 in 8 millisec
[ 9558.231750] alloc_cross_bitmap: preallocate 268435456 pg, nr_longs=4194304 in 8 millisec
[ 9558.233351] alloc_cross_bitmap: preallocate 268435456 pg, nr_longs=4194304 in 8 millisec
[ 9558.233526] alloc_cross_bitmap: preallocate 268435456 pg, nr_longs=4194304 in 8 millisec
[ 9558.235369] alloc_cross_bitmap: preallocate 268435456 pg, nr_longs=4194304 in 4 millisec
[ 9558.235740] alloc_cross_bitmap: preallocate 268435456 pg, nr_longs=4194304 in 12 millisec
[ 9558.235813] alloc_cross_bitmap: preallocate 268435456 pg, nr_longs=4194304 in 12 millisec
[ 9558.235815] alloc_cross_bitmap: preallocate 268435456 pg, nr_longs=4194304 in 12 millisec
[ 9558.241563] alloc_cross_bitmap: preallocate 268435456 pg, nr_longs=4194304 in 4 millisec
[ 9558.241790] alloc_cross_bitmap: preallocate 268435456 pg, nr_longs=4194304 in 4 millisec
[ 9558.246604] alloc_cross_bitmap: preallocate 268435456 pg, nr_longs=4194304 in 4 millisec
[ 9558.254962] alloc_cross_bitmap: preallocate 268435456 pg, nr_longs=4194304 in 4 millisec
[ 9558.256286] alloc_cross_bitmap: preallocate 268435456 pg, nr_longs=4194304 in 4 millisec
[ 9558.258104] alloc_cross_bitmap: preallocate 268435456 pg, nr_longs=4194304 in 4 millisec
[ 9558.258959] alloc_cross_bitmap: preallocate 268435456 pg, nr_longs=4194304 in 4 millisec
[ 9558.260327] alloc_cross_bitmap: preallocate 268435456 pg, nr_longs=4194304 in 4 millisec
[ 9558.260639] alloc_cross_bitmap: preallocate 268435456 pg, nr_longs=4194304 in 4 millisec
[ 9558.260714] alloc_cross_bitmap: preallocate 268435456 pg, nr_longs=4194304 in 4 millisec
[ 9558.261747] alloc_cross_bitmap: preallocate 268435456 pg, nr_longs=4194304 in 4 millisec
[ 9558.261829] alloc_cross_bitmap: preallocate 268435456 pg, nr_longs=4194304 in 4 millisec
[ 9558.261937] alloc_cross_bitmap: preallocate 268435456 pg, nr_longs=4194304 in 4 millisec
[ 9558.261979] alloc_cross_bitmap: preallocate 268435456 pg, nr_longs=4194304 in 4 millisec
[ 9558.305365] alloc_cross_bitmap: preallocate 268435456 pg, nr_longs=4194304 in 8 millisec
[ 9558.305733] alloc_cross_bitmap: preallocate 268435456 pg, nr_longs=4194304 in 8 millisec
[ 9558.306107] alloc_cross_bitmap: preallocate 268435456 pg, nr_longs=4194304 in 8 millisec
[ 9558.306683] alloc_cross_bitmap: preallocate 268435456 pg, nr_longs=4194304 in 12 millisec
[ 9558.306730] alloc_cross_bitmap: preallocate 268435456 pg, nr_longs=4194304 in 12 millisec
[ 9558.307125] alloc_cross_bitmap: preallocate 268435456 pg, nr_longs=4194304 in 12 millisec
[ 9558.307214] alloc_cross_bitmap: preallocate 268435456 pg, nr_longs=4194304 in 12 millisec
[ 9558.307242] alloc_cross_bitmap: preallocate 268435456 pg, nr_longs=4194304 in 12 millisec
[ 9558.307494] alloc_cross_bitmap: preallocate 268435456 pg, nr_longs=4194304 in 12 millisec
[ 9558.307544] alloc_cross_bitmap: preallocate 268435456 pg, nr_longs=4194304 in 12 millisec
[ 9558.307640] alloc_cross_bitmap: preallocate 268435456 pg, nr_longs=4194304 in 12 millisec
[ 9558.307724] alloc_cross_bitmap: preallocate 268435456 pg, nr_longs=4194304 in 12 millisec
[ 9558.307744] alloc_cross_bitmap: preallocate 268435456 pg, nr_longs=4194304 in 12 millisec
[ 9558.307860] alloc_cross_bitmap: preallocate 268435456 pg, nr_longs=4194304 in 12 millisec
[ 9558.307863] alloc_cross_bitmap: preallocate 268435456 pg, nr_longs=4194304 in 12 millisec
[ 9558.335190] alloc_cross_bitmap: preallocate 268435456 pg, nr_longs=4194304 in 4 millisec
[ 9558.336377] alloc_cross_bitmap: preallocate 268435456 pg, nr_longs=4194304 in 4 millisec
[ 9558.336383] alloc_cross_bitmap: preallocate 268435456 pg, nr_longs=4194304 in 4 millisec
[ 9558.339109] alloc_cross_bitmap: preallocate 268435456 pg, nr_longs=4194304 in 8 millisec
[ 9558.342763] alloc_cross_bitmap: preallocate 268435456 pg, nr_longs=4194304 in 8 millisec
[ 9558.343241] alloc_cross_bitmap: preallocate 268435456 pg, nr_longs=4194304 in 8 millisec
[ 9558.343552] alloc_cross_bitmap: preallocate 268435456 pg, nr_longs=4194304 in 8 millisec
[ 9558.345899] alloc_cross_bitmap: preallocate 268435456 pg, nr_longs=4194304 in 8 millisec
[ 9558.345962] alloc_cross_bitmap: preallocate 268435456 pg, nr_longs=4194304 in 8 millisec
[ 9558.345994] alloc_cross_bitmap: preallocate 268435456 pg, nr_longs=4194304 in 8 millisec
[ 9558.346095] alloc_cross_bitmap: preallocate 268435456 pg, nr_longs=4194304 in 8 millisec
[ 9558.346144] alloc_cross_bitmap: preallocate 268435456 pg, nr_longs=4194304 in 8 millisec
[ 9558.346150] alloc_cross_bitmap: preallocate 268435456 pg, nr_longs=4194304 in 8 millisec
[ 9558.346359] alloc_cross_bitmap: preallocate 268435456 pg, nr_longs=4194304 in 12 millisec
[ 9558.347366] alloc_cross_bitmap: preallocate 268435456 pg, nr_longs=4194304 in 12 millisec
[ 9558.347477] alloc_cross_bitmap: preallocate 268435456 pg, nr_longs=4194304 in 12 millisec
[ 9558.356259] alloc_cross_bitmap: preallocate 268435456 pg, nr_longs=4194304 in 4 millisec
[ 9558.358447] alloc_cross_bitmap: preallocate 268435456 pg, nr_longs=4194304 in 4 millisec
[ 9558.358742] alloc_cross_bitmap: preallocate 268435456 pg, nr_longs=4194304 in 4 millisec
[ 9558.363187] alloc_cross_bitmap: preallocate 268435456 pg, nr_longs=4194304 in 4 millisec
[ 9558.370739] alloc_cross_bitmap: preallocate 268435456 pg, nr_longs=4194304 in 4 millisec
[ 9558.373132] alloc_cross_bitmap: preallocate 268435456 pg, nr_longs=4194304 in 4 millisec
[ 9558.373299] alloc_cross_bitmap: preallocate 268435456 pg, nr_longs=4194304 in 4 millisec
[ 9558.377133] alloc_cross_bitmap: preallocate 268435456 pg, nr_longs=4194304 in 4 millisec
[ 9558.377494] alloc_cross_bitmap: preallocate 268435456 pg, nr_longs=4194304 in 4 millisec
[ 9558.382263] alloc_cross_bitmap: preallocate 268435456 pg, nr_longs=4194304 in 12 millisec
[ 9558.382597] alloc_cross_bitmap: preallocate 268435456 pg, nr_longs=4194304 in 12 millisec
[ 9558.382712] alloc_cross_bitmap: preallocate 268435456 pg, nr_longs=4194304 in 12 millisec
[ 9558.382766] alloc_cross_bitmap: preallocate 268435456 pg, nr_longs=4194304 in 12 millisec
[ 9558.383323] alloc_cross_bitmap: preallocate 268435456 pg, nr_longs=4194304 in 12 millisec
[ 9558.383360] alloc_cross_bitmap: preallocate 268435456 pg, nr_longs=4194304 in 12 millisec
[ 9558.383419] alloc_cross_bitmap: preallocate 268435456 pg, nr_longs=4194304 in 12 millisec
[ 9558.384275] alloc_cross_bitmap: preallocate 268435456 pg, nr_longs=4194304 in 4 millisec
[ 9558.385131] alloc_cross_bitmap: preallocate 268435456 pg, nr_longs=4194304 in 4 millisec
[ 9558.385508] alloc_cross_bitmap: preallocate 268435456 pg, nr_longs=4194304 in 4 millisec
[ 9558.386926] alloc_cross_bitmap: preallocate 268435456 pg, nr_longs=4194304 in 4 millisec
[ 9558.392603] alloc_cross_bitmap: preallocate 268435456 pg, nr_longs=4194304 in 4 millisec
[ 9558.395817] alloc_cross_bitmap: preallocate 268435456 pg, nr_longs=4194304 in 4 millisec
[ 9558.395995] alloc_cross_bitmap: preallocate 268435456 pg, nr_longs=4194304 in 4 millisec
[ 9558.402760] alloc_cross_bitmap: preallocate 268435456 pg, nr_longs=4194304 in 8 millisec
[ 9558.402918] alloc_cross_bitmap: preallocate 268435456 pg, nr_longs=4194304 in 8 millisec
[ 9558.409713] alloc_cross_bitmap: preallocate 268435456 pg, nr_longs=4194304 in 4 millisec
[ 9558.409982] alloc_cross_bitmap: preallocate 268435456 pg, nr_longs=4194304 in 4 millisec
[ 9558.411036] alloc_cross_bitmap: preallocate 268435456 pg, nr_longs=4194304 in 8 millisec
[ 9558.412353] alloc_cross_bitmap: preallocate 268435456 pg, nr_longs=4194304 in 4 millisec
[ 9558.412605] alloc_cross_bitmap: preallocate 268435456 pg, nr_longs=4194304 in 8 millisec
[ 9558.412832] alloc_cross_bitmap: preallocate 268435456 pg, nr_longs=4194304 in 8 millisec
[ 9558.413135] alloc_cross_bitmap: preallocate 268435456 pg, nr_longs=4194304 in 4 millisec
[ 9558.413156] alloc_cross_bitmap: preallocate 268435456 pg, nr_longs=4194304 in 4 millisec
[ 9558.415999] alloc_cross_bitmap: preallocate 268435456 pg, nr_longs=4194304 in 4 millisec
[ 9558.419096] alloc_cross_bitmap: preallocate 268435456 pg, nr_longs=4194304 in 4 millisec
[ 9558.419107] alloc_cross_bitmap: preallocate 268435456 pg, nr_longs=4194304 in 4 millisec
[ 9558.422879] alloc_cross_bitmap: preallocate 268435456 pg, nr_longs=4194304 in 4 millisec
[ 9558.423640] alloc_cross_bitmap: preallocate 268435456 pg, nr_longs=4194304 in 4 millisec
[ 9558.424096] alloc_cross_bitmap: preallocate 268435456 pg, nr_longs=4194304 in 4 millisec
[ 9558.424119] alloc_cross_bitmap: preallocate 268435456 pg, nr_longs=4194304 in 4 millisec
[ 9558.426778] alloc_cross_bitmap: preallocate 268435456 pg, nr_longs=4194304 in 4 millisec
[ 9559.634592] write_proc: Value of write = 0
[ 9559.634611] __do_sys_start_cross_trace: PRINT_GLOBAL_STATS 
[ 9559.634613] Final GlobalReport: nr_pages_read:13203682688, nr_pages_hit:12917104138, nr_do_read_fault:7081562, nr_pages_miss:103924719
[ 9559.634667] FinalTaskReport: db_bench:19570 - ra_orig_nr_pages:0, ra_final_nr_pages:0
                                        async_pages:1180, final_async_pages:1929
                                        full_pfetches:0, less256_pfetches:0, partial_pfetches:0
                                        failed_pfetches:0, total_pfetches:0, os_pfetches:88
                                        nr_pages_read:1551, nr_pages_hit:781, nr_do_read_fault:169
[ 9559.637200] write_proc: Value of write = 0
[ 9559.637217] __do_sys_start_cross_trace: PRINT_GLOBAL_STATS 
[ 9559.637218] Final GlobalReport: nr_pages_read:13203682688, nr_pages_hit:12917104138, nr_do_read_fault:7081567, nr_pages_miss:103924719
[ 9559.637266] FinalTaskReport: time:19561 - ra_orig_nr_pages:0, ra_final_nr_pages:0
                                        async_pages:0, final_async_pages:25
                                        full_pfetches:0, less256_pfetches:0, partial_pfetches:0
                                        failed_pfetches:0, total_pfetches:0, os_pfetches:1
                                        nr_pages_read:0, nr_pages_hit:0, nr_do_read_fault:18
