ENABLE_FILE_STATS in con
ENABLE_FILE_STATS in con
RocksDB:    version 6.20
Date:       Thu Aug 11 09:14:11 2022
CPU:        48 * AMD EPYC 7402P 24-Core Processor
CPUCache:   512 KB
Get returned an error: Corruption: bad entry in block
Get returned an error: Corruption: bad entry in block
Get returned an error: Corruption: bad entry in block
Command terminated by signal 6
	Command being timed: "./db_bench --db=/users/kannan11/ssd/sudarsun/prefetching/appbench/apps/rocksdb/DATA --value_size=4096 --wal_dir=/users/kannan11/ssd/sudarsun/prefetching/appbench/apps/rocksdb/DATA/WAL_LOG --sync=0 --key_size=1000 --write_buffer_size=67108864 --num=2000000 --benchmarks=readrandom --use_existing_db=1 --mmap_read=0 --threads=16"
	User time (seconds): 0.01
	System time (seconds): 0.32
	Percent of CPU this job got: 510%
	Elapsed (wall clock) time (h:mm:ss or m:ss): 0:00.06
	Average shared text size (kbytes): 0
	Average unshared data size (kbytes): 0
	Average stack size (kbytes): 0
	Average total size (kbytes): 0
	Maximum resident set size (kbytes): 274588
	Average resident set size (kbytes): 0
	Major (requiring I/O) page faults: 76
	Minor (reclaiming a frame) page faults: 67732
	Voluntary context switches: 830
	Involuntary context switches: 8
	Swaps: 0
	File system inputs: 580312
	File system outputs: 192
	Socket messages sent: 0
	Socket messages received: 0
	Signals delivered: 0
	Page size (bytes): 4096
	Exit status: 0
DESTRUCTOR GETTING CALLED 
PRINT_GLOBAL_STATS in dest
[62135.764017] free_cross_bitmap: releasing mem for inode with i_count 2
[62135.771689] free_cross_bitmap: releasing mem for inode with i_count 2
[62135.779098] free_cross_bitmap: releasing mem for inode with i_count 2
[62135.786438] free_cross_bitmap: releasing mem for inode with i_count 2
[62135.793863] free_cross_bitmap: releasing mem for inode with i_count 2
[62135.801304] free_cross_bitmap: releasing mem for inode with i_count 2
[62135.808664] free_cross_bitmap: releasing mem for inode with i_count 2
[62135.816114] free_cross_bitmap: releasing mem for inode with i_count 2
[62135.825872] free_cross_bitmap: releasing mem for inode with i_count 2
[62135.833608] sh (27116): drop_caches: 3
[62135.866533] sh (27130): drop_caches: 3
[62140.893178] Enabled file stats for time:27137
[62140.893410] write_proc: Value of write = 1
[62140.898945] Enabled file stats for db_bench:27146
[62140.899142] write_proc: Value of write = 1
[62140.918276] alloc_cross_bitmap: preallocate 268435456 pg, nr_longs=4194304 in 8 millisec
[62140.918408] alloc_cross_bitmap: preallocate 268435456 pg, nr_longs=4194304 in 8 millisec
[62140.918505] alloc_cross_bitmap: preallocate 268435456 pg, nr_longs=4194304 in 8 millisec
[62140.918532] alloc_cross_bitmap: preallocate 268435456 pg, nr_longs=4194304 in 8 millisec
[62140.918559] alloc_cross_bitmap: preallocate 268435456 pg, nr_longs=4194304 in 8 millisec
[62140.918571] alloc_cross_bitmap: preallocate 268435456 pg, nr_longs=4194304 in 8 millisec
[62140.918684] alloc_cross_bitmap: preallocate 268435456 pg, nr_longs=4194304 in 12 millisec
[62140.919595] alloc_cross_bitmap: preallocate 268435456 pg, nr_longs=4194304 in 12 millisec
[62140.919740] alloc_cross_bitmap: preallocate 268435456 pg, nr_longs=4194304 in 12 millisec
[62140.959852] FinalTaskReport: db_bench:27146 - ra_orig_nr_pages:0, ra_final_nr_pages:0
                                        async_pages:1020, final_async_pages:1208
                                        full_pfetches:0, less256_pfetches:0, partial_pfetches:0
                                        failed_pfetches:0, total_pfetches:0, os_pfetches:62
                                        nr_pages_read:326, nr_pages_hit:87, nr_do_read_fault:155
[62140.961758] write_proc: Value of write = 0
[62140.961772] __do_sys_start_cross_trace: PRINT_GLOBAL_STATS 
[62140.961774] Final GlobalReport: nr_pages_read:14939237487, nr_pages_hit:14652062143, nr_do_read_fault:7702859, nr_pages_miss:104104542
[62140.961816] FinalTaskReport: time:27137 - ra_orig_nr_pages:0, ra_final_nr_pages:0
                                        async_pages:0, final_async_pages:25
                                        full_pfetches:0, less256_pfetches:0, partial_pfetches:0
                                        failed_pfetches:0, total_pfetches:0, os_pfetches:1
                                        nr_pages_read:0, nr_pages_hit:0, nr_do_read_fault:18
