ENABLE_FILE_STATS in con
ENABLE_FILE_STATS in per_thread_ds
ENABLE_FILE_STATS in con
ENABLE_FILE_STATS in per_thread_ds
ENABLE_FILE_STATS in per_thread_ds
ENABLE_FILE_STATS in per_thread_ds
ENABLE_FILE_STATS in per_thread_ds
Received signal 11 (Segmentation fault)
ENABLE_FILE_STATS in per_thread_ds
Command terminated by signal 11
	Command being timed: "./db_bench --db=/users/kannan11/ssd/prefetching/appbench/apps/rocksdb/DATA --value_size=4096 --wal_dir=/users/kannan11/ssd/prefetching/appbench/apps/rocksdb/DATA/WAL_LOG --sync=0 --key_size=1000 --write_buffer_size=67108864 --num=5000000 --seed=1576170874 --benchmarks=fillrandom --use_existing_db=1 --mmap_read=0 --threads=1"
	User time (seconds): 0.00
	System time (seconds): 0.00
	Percent of CPU this job got: 61%
	Elapsed (wall clock) time (h:mm:ss or m:ss): 0:00.02
	Average shared text size (kbytes): 0
	Average unshared data size (kbytes): 0
	Average stack size (kbytes): 0
	Average total size (kbytes): 0
	Maximum resident set size (kbytes): 13884
	Average resident set size (kbytes): 0
	Major (requiring I/O) page faults: 76
	Minor (reclaiming a frame) page faults: 1813
	Voluntary context switches: 184
	Involuntary context switches: 0
	Swaps: 0
	File system inputs: 21256
	File system outputs: 8
	Socket messages sent: 0
	Socket messages received: 0
	Signals delivered: 0
	Page size (bytes): 4096
	Exit status: 0
DESTRUCTOR GETTING CALLED 
PRINT_GLOBAL_STATS in dest
PRINT_GLOBAL_LIB_STATS in dest
Total nr_ra = 0
Total nr_bytes_ra = 0
[102570.134644] sh (7714): drop_caches: 3
[102570.164124] sh (7719): drop_caches: 3
[102575.189443] write_proc_unbounded: Value of write = 0
[102575.189451] write_proc_2mb_limit: Value of write = 0
[102575.189455] write_proc_bitmap_shift: Value of write = 28
[102575.196142] write_proc_unbounded: Value of write = 0
[102575.196149] write_proc_2mb_limit: Value of write = 0
[102575.196153] write_proc_bitmap_shift: Value of write = 28
[102575.210244] thread-pool-1[7733]: segfault at 0 ip 00007fbb56e963b4 sp 00007fbb54419940 error 4
[102575.210249] thread-pool-2[7734]: segfault at 0 ip 00007fbb56e963b4 sp 00007fbb53c18940 error 4
[102575.210253] Code: 89 c7 e8 bf ee ff ff 48 89 45 98 48 8b 85 68 ff ff ff 48 89 c7 e8 fc e9 ff ff 48 8b 45 90 4c 8b 50 40 48 8b 45 90 48 8b 40 40 <44> 8b 08 48 8b 45 98 4c 8b 00 48 8b 45 90 48 8b 78 28 48 8b 45 90
[102575.210252] thread-pool-3[7735]: segfault at 0 ip 00007fbb56e963b4 sp 00007fbb53417940 error 4


[102575.210259] Code: 89 c7 e8 bf ee ff ff 48 89 45 98 48 8b 85 68 ff ff ff 48 89 c7 e8 fc e9 ff ff 48 8b 45 90 4c 8b 50 40 48 8b 45 90 48 8b 40 40 <44> 8b 08 48 8b 45 98 4c 8b 00 48 8b 45 90 48 8b 78 28 48 8b 45 90
[102575.210263] Code: 89 c7 e8 bf ee ff ff 48 89 45 98 48 8b 85 68 ff ff ff 48 89 c7 e8 fc e9 ff ff 48 8b 45 90 4c 8b 50 40 48 8b 45 90 48 8b 40 40 <44> 8b 08 48 8b 45 98 4c 8b 00 48 8b 45 90 48 8b 78 28 48 8b 45 90
[102575.211753] write_proc_unbounded: Value of write = 0
[102575.211758] write_proc_2mb_limit: Value of write = 0
