ENABLE_FILE_STATS in con
ENABLE_FILE_STATS in per_thread_ds
ENABLE_FILE_STATS in con
ENABLE_FILE_STATS in per_thread_ds
ENABLE_FILE_STATS in per_thread_ds
ENABLE_FILE_STATS in per_thread_ds
Received signal 11 (Segmentation fault)
Command terminated by signal 11
	Command being timed: "./db_bench --db=/users/kannan11/ssd/prefetching/appbench/apps/rocksdb/DATA --value_size=4096 --wal_dir=/users/kannan11/ssd/prefetching/appbench/apps/rocksdb/DATA/WAL_LOG --sync=0 --key_size=1000 --write_buffer_size=67108864 --num=5000000 --seed=1576170874 --benchmarks=readreverse --use_existing_db=1 --mmap_read=0 --threads=4"
	User time (seconds): 0.00
	System time (seconds): 0.01
	Percent of CPU this job got: 61%
	Elapsed (wall clock) time (h:mm:ss or m:ss): 0:00.02
	Average shared text size (kbytes): 0
	Average unshared data size (kbytes): 0
	Average stack size (kbytes): 0
	Average total size (kbytes): 0
	Maximum resident set size (kbytes): 13748
	Average resident set size (kbytes): 0
	Major (requiring I/O) page faults: 76
	Minor (reclaiming a frame) page faults: 1788
	Voluntary context switches: 135
	Involuntary context switches: 0
	Swaps: 0
	File system inputs: 20272
	File system outputs: 8
	Socket messages sent: 0
	Socket messages received: 0
	Signals delivered: 0
	Page size (bytes): 4096
	Exit status: 0
DESTRUCTOR GETTING CALLED 
PRINT_GLOBAL_STATS in dest
PRINT_GLOBAL_LIB_STATS in dest
Total nr_ra = 0
Total nr_bytes_ra = 0
[102781.922368] sh (8555): drop_caches: 3
[102781.950303] sh (8560): drop_caches: 3
[102786.974912] write_proc_unbounded: Value of write = 0
[102786.974920] write_proc_2mb_limit: Value of write = 0
[102786.974924] write_proc_bitmap_shift: Value of write = 28
[102786.982255] write_proc_unbounded: Value of write = 0
[102786.982263] write_proc_2mb_limit: Value of write = 0
[102786.982267] write_proc_bitmap_shift: Value of write = 28
[102786.996111] thread-pool-2[8581]: segfault at 0 ip 00007f5d622f03b4 sp 00007f5d5f072940 error 4 in lib_Cross_Blind.so[7f5d622eb000+b000]
[102786.996126] thread-pool-1[8580]: segfault at 0 ip 00007f5d622f03b4 sp 00007f5d5f873940 error 4
[102786.996130] Code: 89 c7 e8 bf ee ff ff 48 89 45 98 48 8b 85 68 ff ff ff 48 89 c7 e8 fc e9 ff ff 48 8b 45 90 4c 8b 50 40 48 8b 45 90 48 8b 40 40 <44> 8b 08 48 8b 45 98 4c 8b 00 48 8b 45 90 48 8b 78 28 48 8b 45 90
[102786.996139]  in lib_Cross_Blind.so[7f5d622eb000+b000]
[102786.996145] Code: 89 c7 e8 bf ee ff ff 48 89 45 98 48 8b 85 68 ff ff ff 48 89 c7 e8 fc e9 ff ff 48 8b 45 90 4c 8b 50 40 48 8b 45 90 48 8b 40 40 <44> 8b 08 48 8b 45 98 4c 8b 00 48 8b 45 90 48 8b 78 28 48 8b 45 90
[102786.997780] write_proc_unbounded: Value of write = 0
[102786.997787] write_proc_2mb_limit: Value of write = 0
