ENABLE_FILE_STATS in con
ENABLE_FILE_STATS in con
RocksDB:    version 6.20
Date:       Wed Aug 10 18:35:53 2022
CPU:        48 * AMD EPYC 7402P 24-Core Processor
CPUCache:   512 KB
Get returned an error: Corruption: bad entry in block
Received signal 6 (Aborted)
Get returned an error: Corruption: bad entry in block
Get returned an error: Corruption: bad entry in block
Get returned an error: Corruption: bad entry in block
Command terminated by signal 6
	Command being timed: "./db_bench --db=/users/kannan11/ssd/sudarsun/prefetching/appbench/apps/rocksdb/DATA --value_size=4096 --wal_dir=/users/kannan11/ssd/sudarsun/prefetching/appbench/apps/rocksdb/DATA/WAL_LOG --sync=0 --key_size=1000 --write_buffer_size=67108864 --num=2000000 --benchmarks=readrandom --use_existing_db=1 --mmap_read=0 --threads=32"
	User time (seconds): 0.23
	System time (seconds): 5.97
	Percent of CPU this job got: 898%
	Elapsed (wall clock) time (h:mm:ss or m:ss): 0:00.69
	Average shared text size (kbytes): 0
	Average unshared data size (kbytes): 0
	Average stack size (kbytes): 0
	Average total size (kbytes): 0
	Maximum resident set size (kbytes): 6206464
	Average resident set size (kbytes): 0
	Major (requiring I/O) page faults: 76
	Minor (reclaiming a frame) page faults: 1550603
	Voluntary context switches: 4272
	Involuntary context switches: 13
	Swaps: 0
	File system inputs: 126344
	File system outputs: 1656
	Socket messages sent: 0
	Socket messages received: 0
	Signals delivered: 0
	Page size (bytes): 4096
	Exit status: 0
DESTRUCTOR GETTING CALLED 
PRINT_GLOBAL_STATS in dest
[ 9436.075614] free_cross_bitmap: releasing mem for inode with i_count 2
[ 9436.084391] free_cross_bitmap: releasing mem for inode with i_count 2
[ 9436.095065] free_cross_bitmap: releasing mem for inode with i_count 2
[ 9436.105770] free_cross_bitmap: releasing mem for inode with i_count 2
[ 9436.113851] free_cross_bitmap: releasing mem for inode with i_count 2
[ 9436.124335] free_cross_bitmap: releasing mem for inode with i_count 2
[ 9436.134990] free_cross_bitmap: releasing mem for inode with i_count 2
[ 9436.142863] free_cross_bitmap: releasing mem for inode with i_count 2
[ 9436.153397] free_cross_bitmap: releasing mem for inode with i_count 2
[ 9436.162997] free_cross_bitmap: releasing mem for inode with i_count 2
[ 9436.173538] free_cross_bitmap: releasing mem for inode with i_count 2
[ 9436.182620] free_cross_bitmap: releasing mem for inode with i_count 2
[ 9436.190489] free_cross_bitmap: releasing mem for inode with i_count 2
[ 9436.199464] free_cross_bitmap: releasing mem for inode with i_count 2
[ 9436.208070] free_cross_bitmap: releasing mem for inode with i_count 2
[ 9436.217371] free_cross_bitmap: releasing mem for inode with i_count 2
[ 9436.227992] free_cross_bitmap: releasing mem for inode with i_count 2
[ 9436.236888] free_cross_bitmap: releasing mem for inode with i_count 2
[ 9436.245493] free_cross_bitmap: releasing mem for inode with i_count 2
[ 9436.254366] free_cross_bitmap: releasing mem for inode with i_count 2
[ 9436.263242] free_cross_bitmap: releasing mem for inode with i_count 2
[ 9436.274382] free_cross_bitmap: releasing mem for inode with i_count 2
[ 9436.283623] free_cross_bitmap: releasing mem for inode with i_count 2
[ 9436.291688] free_cross_bitmap: releasing mem for inode with i_count 2
[ 9436.300371] free_cross_bitmap: releasing mem for inode with i_count 2
[ 9436.309554] free_cross_bitmap: releasing mem for inode with i_count 2
[ 9436.318233] free_cross_bitmap: releasing mem for inode with i_count 2
[ 9436.329545] free_cross_bitmap: releasing mem for inode with i_count 2
[ 9436.338347] free_cross_bitmap: releasing mem for inode with i_count 2
[ 9436.347129] free_cross_bitmap: releasing mem for inode with i_count 2
[ 9436.356304] free_cross_bitmap: releasing mem for inode with i_count 2
[ 9436.366996] free_cross_bitmap: releasing mem for inode with i_count 2
[ 9436.376008] free_cross_bitmap: releasing mem for inode with i_count 2
[ 9436.385104] free_cross_bitmap: releasing mem for inode with i_count 2
[ 9436.394203] free_cross_bitmap: releasing mem for inode with i_count 2
[ 9436.403660] free_cross_bitmap: releasing mem for inode with i_count 2
[ 9436.412679] free_cross_bitmap: releasing mem for inode with i_count 2
[ 9436.423356] free_cross_bitmap: releasing mem for inode with i_count 2
[ 9436.434485] free_cross_bitmap: releasing mem for inode with i_count 2
[ 9436.446865] free_cross_bitmap: releasing mem for inode with i_count 2
[ 9436.457520] free_cross_bitmap: releasing mem for inode with i_count 2
[ 9436.468210] free_cross_bitmap: releasing mem for inode with i_count 2
[ 9436.478403] free_cross_bitmap: releasing mem for inode with i_count 2
[ 9436.489295] free_cross_bitmap: releasing mem for inode with i_count 2
[ 9436.500013] free_cross_bitmap: releasing mem for inode with i_count 2
[ 9436.511020] free_cross_bitmap: releasing mem for inode with i_count 2
[ 9436.521628] free_cross_bitmap: releasing mem for inode with i_count 2
[ 9436.532333] free_cross_bitmap: releasing mem for inode with i_count 2
[ 9436.542898] free_cross_bitmap: releasing mem for inode with i_count 2
[ 9436.553629] free_cross_bitmap: releasing mem for inode with i_count 2
[ 9436.564216] free_cross_bitmap: releasing mem for inode with i_count 2
[ 9436.573273] free_cross_bitmap: releasing mem for inode with i_count 2
[ 9436.582016] free_cross_bitmap: releasing mem for inode with i_count 2
[ 9436.592853] free_cross_bitmap: releasing mem for inode with i_count 2
[ 9436.604277] free_cross_bitmap: releasing mem for inode with i_count 2
[ 9436.614771] free_cross_bitmap: releasing mem for inode with i_count 2
[ 9436.625810] free_cross_bitmap: releasing mem for inode with i_count 2
[ 9436.636925] free_cross_bitmap: releasing mem for inode with i_count 2
[ 9436.647707] free_cross_bitmap: releasing mem for inode with i_count 2
[ 9436.659263] free_cross_bitmap: releasing mem for inode with i_count 2
[ 9436.668080] free_cross_bitmap: releasing mem for inode with i_count 2
[ 9436.678573] free_cross_bitmap: releasing mem for inode with i_count 2
[ 9436.689200] free_cross_bitmap: releasing mem for inode with i_count 2
[ 9436.700019] free_cross_bitmap: releasing mem for inode with i_count 2
[ 9436.710357] free_cross_bitmap: releasing mem for inode with i_count 2
[ 9436.718369] free_cross_bitmap: releasing mem for inode with i_count 2
[ 9436.728861] free_cross_bitmap: releasing mem for inode with i_count 2
[ 9436.739505] free_cross_bitmap: releasing mem for inode with i_count 2
[ 9436.747406] free_cross_bitmap: releasing mem for inode with i_count 2
[ 9436.758611] free_cross_bitmap: releasing mem for inode with i_count 2
[ 9436.769196] free_cross_bitmap: releasing mem for inode with i_count 2
[ 9436.779731] free_cross_bitmap: releasing mem for inode with i_count 2
[ 9436.790268] free_cross_bitmap: releasing mem for inode with i_count 2
[ 9436.799743] free_cross_bitmap: releasing mem for inode with i_count 2
[ 9436.810410] free_cross_bitmap: releasing mem for inode with i_count 2
[ 9436.818931] free_cross_bitmap: releasing mem for inode with i_count 2
[ 9436.829553] free_cross_bitmap: releasing mem for inode with i_count 2
[ 9436.840843] free_cross_bitmap: releasing mem for inode with i_count 2
[ 9436.848913] free_cross_bitmap: releasing mem for inode with i_count 2
[ 9436.859827] free_cross_bitmap: releasing mem for inode with i_count 2
[ 9436.870086] free_cross_bitmap: releasing mem for inode with i_count 2
[ 9436.880317] free_cross_bitmap: releasing mem for inode with i_count 2
[ 9436.890836] free_cross_bitmap: releasing mem for inode with i_count 2
[ 9436.901239] free_cross_bitmap: releasing mem for inode with i_count 2
[ 9436.911887] free_cross_bitmap: releasing mem for inode with i_count 2
[ 9436.919814] free_cross_bitmap: releasing mem for inode with i_count 2
[ 9436.930355] free_cross_bitmap: releasing mem for inode with i_count 2
[ 9436.941123] free_cross_bitmap: releasing mem for inode with i_count 2
[ 9436.951802] free_cross_bitmap: releasing mem for inode with i_count 2
[ 9436.962440] free_cross_bitmap: releasing mem for inode with i_count 2
[ 9436.973022] free_cross_bitmap: releasing mem for inode with i_count 2
[ 9436.983632] free_cross_bitmap: releasing mem for inode with i_count 2
[ 9436.994326] free_cross_bitmap: releasing mem for inode with i_count 2
[ 9437.005180] free_cross_bitmap: releasing mem for inode with i_count 2
[ 9437.015778] free_cross_bitmap: releasing mem for inode with i_count 2
[ 9437.026361] free_cross_bitmap: releasing mem for inode with i_count 2
[ 9437.034431] free_cross_bitmap: releasing mem for inode with i_count 2
[ 9437.045033] free_cross_bitmap: releasing mem for inode with i_count 2
[ 9437.055439] free_cross_bitmap: releasing mem for inode with i_count 2
[ 9437.065265] free_cross_bitmap: releasing mem for inode with i_count 2
[ 9437.075959] free_cross_bitmap: releasing mem for inode with i_count 2
[ 9437.086365] free_cross_bitmap: releasing mem for inode with i_count 2
[ 9437.096606] free_cross_bitmap: releasing mem for inode with i_count 2
[ 9437.107237] free_cross_bitmap: releasing mem for inode with i_count 2
[ 9437.115349] free_cross_bitmap: releasing mem for inode with i_count 2
[ 9437.126497] free_cross_bitmap: releasing mem for inode with i_count 2
[ 9437.137079] free_cross_bitmap: releasing mem for inode with i_count 2
[ 9437.147640] free_cross_bitmap: releasing mem for inode with i_count 2
[ 9437.155986] free_cross_bitmap: releasing mem for inode with i_count 2
[ 9437.166663] free_cross_bitmap: releasing mem for inode with i_count 2
[ 9437.174716] free_cross_bitmap: releasing mem for inode with i_count 2
[ 9437.185583] free_cross_bitmap: releasing mem for inode with i_count 2
[ 9437.196415] free_cross_bitmap: releasing mem for inode with i_count 2
[ 9437.204742] free_cross_bitmap: releasing mem for inode with i_count 2
[ 9437.212935] free_cross_bitmap: releasing mem for inode with i_count 2
[ 9437.223471] free_cross_bitmap: releasing mem for inode with i_count 2
[ 9437.233933] free_cross_bitmap: releasing mem for inode with i_count 2
[ 9437.244787] free_cross_bitmap: releasing mem for inode with i_count 2
[ 9437.255396] free_cross_bitmap: releasing mem for inode with i_count 2
[ 9437.265731] free_cross_bitmap: releasing mem for inode with i_count 2
[ 9437.276027] free_cross_bitmap: releasing mem for inode with i_count 2
[ 9437.286543] free_cross_bitmap: releasing mem for inode with i_count 2
[ 9437.296956] free_cross_bitmap: releasing mem for inode with i_count 2
[ 9437.308373] free_cross_bitmap: releasing mem for inode with i_count 2
[ 9437.318741] free_cross_bitmap: releasing mem for inode with i_count 2
[ 9437.329148] free_cross_bitmap: releasing mem for inode with i_count 2
[ 9437.339450] free_cross_bitmap: releasing mem for inode with i_count 2
[ 9437.349925] free_cross_bitmap: releasing mem for inode with i_count 2
[ 9437.360360] free_cross_bitmap: releasing mem for inode with i_count 2
[ 9437.371262] free_cross_bitmap: releasing mem for inode with i_count 2
[ 9437.381667] free_cross_bitmap: releasing mem for inode with i_count 2
[ 9437.391997] free_cross_bitmap: releasing mem for inode with i_count 2
[ 9437.402253] free_cross_bitmap: releasing mem for inode with i_count 2
[ 9437.412629] free_cross_bitmap: releasing mem for inode with i_count 2
[ 9437.422952] free_cross_bitmap: releasing mem for inode with i_count 2
[ 9437.434113] free_cross_bitmap: releasing mem for inode with i_count 2
[ 9437.444544] free_cross_bitmap: releasing mem for inode with i_count 2
[ 9437.454841] free_cross_bitmap: releasing mem for inode with i_count 2
[ 9437.465106] free_cross_bitmap: releasing mem for inode with i_count 2
[ 9437.475341] free_cross_bitmap: releasing mem for inode with i_count 2
[ 9437.485596] free_cross_bitmap: releasing mem for inode with i_count 2
[ 9437.496341] free_cross_bitmap: releasing mem for inode with i_count 2
[ 9437.506620] free_cross_bitmap: releasing mem for inode with i_count 2
[ 9437.516873] free_cross_bitmap: releasing mem for inode with i_count 2
[ 9437.527202] free_cross_bitmap: releasing mem for inode with i_count 2
[ 9437.538505] free_cross_bitmap: releasing mem for inode with i_count 2
[ 9437.549454] free_cross_bitmap: releasing mem for inode with i_count 2
[ 9437.560355] free_cross_bitmap: releasing mem for inode with i_count 2
[ 9437.570846] free_cross_bitmap: releasing mem for inode with i_count 2
[ 9437.581556] free_cross_bitmap: releasing mem for inode with i_count 2
[ 9437.592291] free_cross_bitmap: releasing mem for inode with i_count 2
[ 9437.602924] free_cross_bitmap: releasing mem for inode with i_count 2
[ 9437.613414] free_cross_bitmap: releasing mem for inode with i_count 2
[ 9437.624104] free_cross_bitmap: releasing mem for inode with i_count 2
[ 9437.634353] free_cross_bitmap: releasing mem for inode with i_count 2
[ 9437.644789] free_cross_bitmap: releasing mem for inode with i_count 2
[ 9437.655391] free_cross_bitmap: releasing mem for inode with i_count 2
[ 9437.665712] free_cross_bitmap: releasing mem for inode with i_count 2
[ 9437.676057] free_cross_bitmap: releasing mem for inode with i_count 2
[ 9437.686724] free_cross_bitmap: releasing mem for inode with i_count 2
[ 9437.697389] free_cross_bitmap: releasing mem for inode with i_count 2
[ 9437.707677] free_cross_bitmap: releasing mem for inode with i_count 2
[ 9437.718276] free_cross_bitmap: releasing mem for inode with i_count 2
[ 9437.729023] free_cross_bitmap: releasing mem for inode with i_count 2
[ 9437.739461] free_cross_bitmap: releasing mem for inode with i_count 2
[ 9437.750363] free_cross_bitmap: releasing mem for inode with i_count 2
[ 9437.760728] free_cross_bitmap: releasing mem for inode with i_count 2
[ 9437.771059] free_cross_bitmap: releasing mem for inode with i_count 2
[ 9437.781609] free_cross_bitmap: releasing mem for inode with i_count 2
[ 9437.792555] free_cross_bitmap: releasing mem for inode with i_count 2
[ 9437.803008] free_cross_bitmap: releasing mem for inode with i_count 2
[ 9437.814432] free_cross_bitmap: releasing mem for inode with i_count 2
[ 9437.824833] free_cross_bitmap: releasing mem for inode with i_count 2
[ 9437.835366] free_cross_bitmap: releasing mem for inode with i_count 2
[ 9437.845922] free_cross_bitmap: releasing mem for inode with i_count 2
[ 9437.856366] free_cross_bitmap: releasing mem for inode with i_count 2
[ 9437.866616] free_cross_bitmap: releasing mem for inode with i_count 2
[ 9437.877528] free_cross_bitmap: releasing mem for inode with i_count 2
[ 9437.887973] free_cross_bitmap: releasing mem for inode with i_count 2
[ 9437.898268] free_cross_bitmap: releasing mem for inode with i_count 2
[ 9437.908619] free_cross_bitmap: releasing mem for inode with i_count 2
[ 9437.919193] free_cross_bitmap: releasing mem for inode with i_count 2
[ 9437.929621] free_cross_bitmap: releasing mem for inode with i_count 2
[ 9437.940593] free_cross_bitmap: releasing mem for inode with i_count 2
[ 9437.950946] free_cross_bitmap: releasing mem for inode with i_count 2
[ 9437.959755] free_cross_bitmap: releasing mem for inode with i_count 2
[ 9437.966943] sh (15032): drop_caches: 3
[ 9437.999555] sh (15223): drop_caches: 3
[ 9443.024492] Enabled file stats for time:15230
[ 9443.024695] write_proc: Value of write = 0
[ 9443.030588] Enabled file stats for db_bench:15239
[ 9443.030788] write_proc: Value of write = 0
[ 9443.076571] alloc_cross_bitmap: preallocate 268435456 pg, nr_longs=4194304 in 4 millisec
[ 9443.084536] alloc_cross_bitmap: preallocate 268435456 pg, nr_longs=4194304 in 12 millisec
[ 9443.084744] alloc_cross_bitmap: preallocate 268435456 pg, nr_longs=4194304 in 12 millisec
[ 9443.085377] alloc_cross_bitmap: preallocate 268435456 pg, nr_longs=4194304 in 12 millisec
[ 9443.085580] alloc_cross_bitmap: preallocate 268435456 pg, nr_longs=4194304 in 12 millisec
[ 9443.085714] alloc_cross_bitmap: preallocate 268435456 pg, nr_longs=4194304 in 12 millisec
[ 9443.085727] alloc_cross_bitmap: preallocate 268435456 pg, nr_longs=4194304 in 12 millisec
[ 9443.087432] alloc_cross_bitmap: preallocate 268435456 pg, nr_longs=4194304 in 16 millisec
[ 9443.087543] alloc_cross_bitmap: preallocate 268435456 pg, nr_longs=4194304 in 16 millisec
[ 9443.087768] alloc_cross_bitmap: preallocate 268435456 pg, nr_longs=4194304 in 16 millisec
[ 9443.087829] alloc_cross_bitmap: preallocate 268435456 pg, nr_longs=4194304 in 16 millisec
[ 9443.087923] alloc_cross_bitmap: preallocate 268435456 pg, nr_longs=4194304 in 16 millisec
[ 9443.087941] alloc_cross_bitmap: preallocate 268435456 pg, nr_longs=4194304 in 16 millisec
[ 9443.087944] alloc_cross_bitmap: preallocate 268435456 pg, nr_longs=4194304 in 16 millisec
[ 9443.087987] alloc_cross_bitmap: preallocate 268435456 pg, nr_longs=4194304 in 16 millisec
[ 9443.087991] alloc_cross_bitmap: preallocate 268435456 pg, nr_longs=4194304 in 16 millisec
[ 9443.101837] alloc_cross_bitmap: preallocate 268435456 pg, nr_longs=4194304 in 0 millisec
[ 9443.114139] alloc_cross_bitmap: preallocate 268435456 pg, nr_longs=4194304 in 0 millisec
[ 9443.116823] alloc_cross_bitmap: preallocate 268435456 pg, nr_longs=4194304 in 4 millisec
[ 9443.117060] alloc_cross_bitmap: preallocate 268435456 pg, nr_longs=4194304 in 4 millisec
[ 9443.117085] alloc_cross_bitmap: preallocate 268435456 pg, nr_longs=4194304 in 4 millisec
[ 9443.117618] alloc_cross_bitmap: preallocate 268435456 pg, nr_longs=4194304 in 4 millisec
[ 9443.119278] alloc_cross_bitmap: preallocate 268435456 pg, nr_longs=4194304 in 8 millisec
[ 9443.121566] alloc_cross_bitmap: preallocate 268435456 pg, nr_longs=4194304 in 8 millisec
[ 9443.121744] alloc_cross_bitmap: preallocate 268435456 pg, nr_longs=4194304 in 8 millisec
[ 9443.121904] alloc_cross_bitmap: preallocate 268435456 pg, nr_longs=4194304 in 8 millisec
[ 9443.122333] alloc_cross_bitmap: preallocate 268435456 pg, nr_longs=4194304 in 12 millisec
[ 9443.122335] alloc_cross_bitmap: preallocate 268435456 pg, nr_longs=4194304 in 12 millisec
[ 9443.122640] alloc_cross_bitmap: preallocate 268435456 pg, nr_longs=4194304 in 12 millisec
[ 9443.122686] alloc_cross_bitmap: preallocate 268435456 pg, nr_longs=4194304 in 12 millisec
[ 9443.125505] alloc_cross_bitmap: preallocate 268435456 pg, nr_longs=4194304 in 4 millisec
[ 9443.138575] alloc_cross_bitmap: preallocate 268435456 pg, nr_longs=4194304 in 4 millisec
[ 9443.146282] alloc_cross_bitmap: preallocate 268435456 pg, nr_longs=4194304 in 8 millisec
[ 9443.146410] alloc_cross_bitmap: preallocate 268435456 pg, nr_longs=4194304 in 8 millisec
[ 9443.146675] alloc_cross_bitmap: preallocate 268435456 pg, nr_longs=4194304 in 8 millisec
[ 9443.148280] alloc_cross_bitmap: preallocate 268435456 pg, nr_longs=4194304 in 4 millisec
[ 9443.148923] alloc_cross_bitmap: preallocate 268435456 pg, nr_longs=4194304 in 4 millisec
[ 9443.151902] alloc_cross_bitmap: preallocate 268435456 pg, nr_longs=4194304 in 4 millisec
[ 9443.152045] alloc_cross_bitmap: preallocate 268435456 pg, nr_longs=4194304 in 4 millisec
[ 9443.155463] alloc_cross_bitmap: preallocate 268435456 pg, nr_longs=4194304 in 8 millisec
[ 9443.155726] alloc_cross_bitmap: preallocate 268435456 pg, nr_longs=4194304 in 8 millisec
[ 9443.156735] alloc_cross_bitmap: preallocate 268435456 pg, nr_longs=4194304 in 4 millisec
[ 9443.157658] alloc_cross_bitmap: preallocate 268435456 pg, nr_longs=4194304 in 8 millisec
[ 9443.157807] alloc_cross_bitmap: preallocate 268435456 pg, nr_longs=4194304 in 8 millisec
[ 9443.158653] alloc_cross_bitmap: preallocate 268435456 pg, nr_longs=4194304 in 8 millisec
[ 9443.161809] alloc_cross_bitmap: preallocate 268435456 pg, nr_longs=4194304 in 0 millisec
[ 9443.168548] alloc_cross_bitmap: preallocate 268435456 pg, nr_longs=4194304 in 4 millisec
[ 9443.168746] alloc_cross_bitmap: preallocate 268435456 pg, nr_longs=4194304 in 4 millisec
[ 9443.169474] alloc_cross_bitmap: preallocate 268435456 pg, nr_longs=4194304 in 4 millisec
[ 9443.169775] alloc_cross_bitmap: preallocate 268435456 pg, nr_longs=4194304 in 4 millisec
[ 9443.170620] alloc_cross_bitmap: preallocate 268435456 pg, nr_longs=4194304 in 4 millisec
[ 9443.170725] alloc_cross_bitmap: preallocate 268435456 pg, nr_longs=4194304 in 8 millisec
[ 9443.172347] alloc_cross_bitmap: preallocate 268435456 pg, nr_longs=4194304 in 4 millisec
[ 9443.223498] alloc_cross_bitmap: preallocate 268435456 pg, nr_longs=4194304 in 8 millisec
[ 9443.225060] alloc_cross_bitmap: preallocate 268435456 pg, nr_longs=4194304 in 8 millisec
[ 9443.225310] alloc_cross_bitmap: preallocate 268435456 pg, nr_longs=4194304 in 8 millisec
[ 9443.225770] alloc_cross_bitmap: preallocate 268435456 pg, nr_longs=4194304 in 8 millisec
[ 9443.225965] alloc_cross_bitmap: preallocate 268435456 pg, nr_longs=4194304 in 8 millisec
[ 9443.226055] alloc_cross_bitmap: preallocate 268435456 pg, nr_longs=4194304 in 8 millisec
[ 9443.226928] alloc_cross_bitmap: preallocate 268435456 pg, nr_longs=4194304 in 12 millisec
[ 9443.226953] alloc_cross_bitmap: preallocate 268435456 pg, nr_longs=4194304 in 12 millisec
[ 9443.227695] alloc_cross_bitmap: preallocate 268435456 pg, nr_longs=4194304 in 12 millisec
[ 9443.227702] alloc_cross_bitmap: preallocate 268435456 pg, nr_longs=4194304 in 12 millisec
[ 9443.228043] alloc_cross_bitmap: preallocate 268435456 pg, nr_longs=4194304 in 12 millisec
[ 9443.228053] alloc_cross_bitmap: preallocate 268435456 pg, nr_longs=4194304 in 12 millisec
[ 9443.228946] alloc_cross_bitmap: preallocate 268435456 pg, nr_longs=4194304 in 12 millisec
[ 9443.229045] alloc_cross_bitmap: preallocate 268435456 pg, nr_longs=4194304 in 12 millisec
[ 9443.229114] alloc_cross_bitmap: preallocate 268435456 pg, nr_longs=4194304 in 12 millisec
[ 9443.252442] alloc_cross_bitmap: preallocate 268435456 pg, nr_longs=4194304 in 4 millisec
[ 9443.255985] alloc_cross_bitmap: preallocate 268435456 pg, nr_longs=4194304 in 4 millisec
[ 9443.256193] alloc_cross_bitmap: preallocate 268435456 pg, nr_longs=4194304 in 4 millisec
[ 9443.256382] alloc_cross_bitmap: preallocate 268435456 pg, nr_longs=4194304 in 4 millisec
[ 9443.257245] alloc_cross_bitmap: preallocate 268435456 pg, nr_longs=4194304 in 4 millisec
[ 9443.258954] alloc_cross_bitmap: preallocate 268435456 pg, nr_longs=4194304 in 8 millisec
[ 9443.261269] alloc_cross_bitmap: preallocate 268435456 pg, nr_longs=4194304 in 8 millisec
[ 9443.262409] alloc_cross_bitmap: preallocate 268435456 pg, nr_longs=4194304 in 12 millisec
[ 9443.262442] alloc_cross_bitmap: preallocate 268435456 pg, nr_longs=4194304 in 12 millisec
[ 9443.263015] alloc_cross_bitmap: preallocate 268435456 pg, nr_longs=4194304 in 8 millisec
[ 9443.263342] alloc_cross_bitmap: preallocate 268435456 pg, nr_longs=4194304 in 12 millisec
[ 9443.263769] alloc_cross_bitmap: preallocate 268435456 pg, nr_longs=4194304 in 8 millisec
[ 9443.263810] alloc_cross_bitmap: preallocate 268435456 pg, nr_longs=4194304 in 8 millisec
[ 9443.264574] alloc_cross_bitmap: preallocate 268435456 pg, nr_longs=4194304 in 8 millisec
[ 9443.264708] alloc_cross_bitmap: preallocate 268435456 pg, nr_longs=4194304 in 8 millisec
[ 9443.264715] alloc_cross_bitmap: preallocate 268435456 pg, nr_longs=4194304 in 8 millisec
[ 9443.276663] alloc_cross_bitmap: preallocate 268435456 pg, nr_longs=4194304 in 4 millisec
[ 9443.278812] alloc_cross_bitmap: preallocate 268435456 pg, nr_longs=4194304 in 4 millisec
[ 9443.280277] alloc_cross_bitmap: preallocate 268435456 pg, nr_longs=4194304 in 4 millisec
[ 9443.282643] alloc_cross_bitmap: preallocate 268435456 pg, nr_longs=4194304 in 4 millisec
[ 9443.282798] alloc_cross_bitmap: preallocate 268435456 pg, nr_longs=4194304 in 4 millisec
[ 9443.289397] alloc_cross_bitmap: preallocate 268435456 pg, nr_longs=4194304 in 4 millisec
[ 9443.291967] alloc_cross_bitmap: preallocate 268435456 pg, nr_longs=4194304 in 4 millisec
[ 9443.295264] alloc_cross_bitmap: preallocate 268435456 pg, nr_longs=4194304 in 8 millisec
[ 9443.295460] alloc_cross_bitmap: preallocate 268435456 pg, nr_longs=4194304 in 8 millisec
[ 9443.295536] alloc_cross_bitmap: preallocate 268435456 pg, nr_longs=4194304 in 8 millisec
[ 9443.295851] alloc_cross_bitmap: preallocate 268435456 pg, nr_longs=4194304 in 8 millisec
[ 9443.296443] alloc_cross_bitmap: preallocate 268435456 pg, nr_longs=4194304 in 8 millisec
[ 9443.297487] alloc_cross_bitmap: preallocate 268435456 pg, nr_longs=4194304 in 4 millisec
[ 9443.297530] alloc_cross_bitmap: preallocate 268435456 pg, nr_longs=4194304 in 8 millisec
[ 9443.297538] alloc_cross_bitmap: preallocate 268435456 pg, nr_longs=4194304 in 8 millisec
[ 9443.300680] alloc_cross_bitmap: preallocate 268435456 pg, nr_longs=4194304 in 4 millisec
[ 9443.301184] alloc_cross_bitmap: preallocate 268435456 pg, nr_longs=4194304 in 4 millisec
[ 9443.302074] alloc_cross_bitmap: preallocate 268435456 pg, nr_longs=4194304 in 0 millisec
[ 9443.303586] alloc_cross_bitmap: preallocate 268435456 pg, nr_longs=4194304 in 4 millisec
[ 9443.313657] alloc_cross_bitmap: preallocate 268435456 pg, nr_longs=4194304 in 0 millisec
[ 9443.317018] alloc_cross_bitmap: preallocate 268435456 pg, nr_longs=4194304 in 4 millisec
[ 9443.323290] alloc_cross_bitmap: preallocate 268435456 pg, nr_longs=4194304 in 8 millisec
[ 9443.323697] alloc_cross_bitmap: preallocate 268435456 pg, nr_longs=4194304 in 8 millisec
[ 9443.324810] alloc_cross_bitmap: preallocate 268435456 pg, nr_longs=4194304 in 4 millisec
[ 9443.324929] alloc_cross_bitmap: preallocate 268435456 pg, nr_longs=4194304 in 4 millisec
[ 9443.325080] alloc_cross_bitmap: preallocate 268435456 pg, nr_longs=4194304 in 4 millisec
[ 9443.325108] alloc_cross_bitmap: preallocate 268435456 pg, nr_longs=4194304 in 4 millisec
[ 9443.325681] alloc_cross_bitmap: preallocate 268435456 pg, nr_longs=4194304 in 4 millisec
[ 9443.326245] alloc_cross_bitmap: preallocate 268435456 pg, nr_longs=4194304 in 8 millisec
[ 9443.326244] alloc_cross_bitmap: preallocate 268435456 pg, nr_longs=4194304 in 8 millisec
[ 9443.371522] alloc_cross_bitmap: preallocate 268435456 pg, nr_longs=4194304 in 8 millisec
[ 9443.371931] alloc_cross_bitmap: preallocate 268435456 pg, nr_longs=4194304 in 8 millisec
[ 9443.373069] alloc_cross_bitmap: preallocate 268435456 pg, nr_longs=4194304 in 8 millisec
[ 9443.373517] alloc_cross_bitmap: preallocate 268435456 pg, nr_longs=4194304 in 8 millisec
[ 9443.373814] alloc_cross_bitmap: preallocate 268435456 pg, nr_longs=4194304 in 8 millisec
[ 9443.373926] alloc_cross_bitmap: preallocate 268435456 pg, nr_longs=4194304 in 8 millisec
[ 9443.374396] alloc_cross_bitmap: preallocate 268435456 pg, nr_longs=4194304 in 12 millisec
[ 9443.374488] alloc_cross_bitmap: preallocate 268435456 pg, nr_longs=4194304 in 12 millisec
[ 9443.376097] alloc_cross_bitmap: preallocate 268435456 pg, nr_longs=4194304 in 12 millisec
[ 9443.376127] alloc_cross_bitmap: preallocate 268435456 pg, nr_longs=4194304 in 12 millisec
[ 9443.376128] alloc_cross_bitmap: preallocate 268435456 pg, nr_longs=4194304 in 12 millisec
[ 9443.376199] alloc_cross_bitmap: preallocate 268435456 pg, nr_longs=4194304 in 12 millisec
[ 9443.376975] alloc_cross_bitmap: preallocate 268435456 pg, nr_longs=4194304 in 12 millisec
[ 9443.377006] alloc_cross_bitmap: preallocate 268435456 pg, nr_longs=4194304 in 12 millisec
[ 9443.377080] alloc_cross_bitmap: preallocate 268435456 pg, nr_longs=4194304 in 12 millisec
[ 9443.398221] alloc_cross_bitmap: preallocate 268435456 pg, nr_longs=4194304 in 4 millisec
[ 9443.399054] alloc_cross_bitmap: preallocate 268435456 pg, nr_longs=4194304 in 4 millisec
[ 9443.404662] alloc_cross_bitmap: preallocate 268435456 pg, nr_longs=4194304 in 4 millisec
[ 9443.405799] alloc_cross_bitmap: preallocate 268435456 pg, nr_longs=4194304 in 4 millisec
[ 9443.406661] alloc_cross_bitmap: preallocate 268435456 pg, nr_longs=4194304 in 8 millisec
[ 9443.407061] alloc_cross_bitmap: preallocate 268435456 pg, nr_longs=4194304 in 8 millisec
[ 9443.408470] alloc_cross_bitmap: preallocate 268435456 pg, nr_longs=4194304 in 8 millisec
[ 9443.408851] alloc_cross_bitmap: preallocate 268435456 pg, nr_longs=4194304 in 8 millisec
[ 9443.409313] alloc_cross_bitmap: preallocate 268435456 pg, nr_longs=4194304 in 4 millisec
[ 9443.412353] alloc_cross_bitmap: preallocate 268435456 pg, nr_longs=4194304 in 8 millisec
[ 9443.412435] alloc_cross_bitmap: preallocate 268435456 pg, nr_longs=4194304 in 8 millisec
[ 9443.412450] alloc_cross_bitmap: preallocate 268435456 pg, nr_longs=4194304 in 8 millisec
[ 9443.412610] alloc_cross_bitmap: preallocate 268435456 pg, nr_longs=4194304 in 8 millisec
[ 9443.412616] alloc_cross_bitmap: preallocate 268435456 pg, nr_longs=4194304 in 8 millisec
[ 9443.412790] alloc_cross_bitmap: preallocate 268435456 pg, nr_longs=4194304 in 8 millisec
[ 9443.412817] alloc_cross_bitmap: preallocate 268435456 pg, nr_longs=4194304 in 8 millisec
[ 9443.420340] alloc_cross_bitmap: preallocate 268435456 pg, nr_longs=4194304 in 4 millisec
[ 9443.420450] alloc_cross_bitmap: preallocate 268435456 pg, nr_longs=4194304 in 4 millisec
[ 9443.430648] alloc_cross_bitmap: preallocate 268435456 pg, nr_longs=4194304 in 4 millisec
[ 9443.433688] alloc_cross_bitmap: preallocate 268435456 pg, nr_longs=4194304 in 4 millisec
[ 9443.434695] alloc_cross_bitmap: preallocate 268435456 pg, nr_longs=4194304 in 8 millisec
[ 9443.436484] alloc_cross_bitmap: preallocate 268435456 pg, nr_longs=4194304 in 4 millisec
[ 9443.438635] alloc_cross_bitmap: preallocate 268435456 pg, nr_longs=4194304 in 8 millisec
[ 9443.439304] alloc_cross_bitmap: preallocate 268435456 pg, nr_longs=4194304 in 8 millisec
[ 9443.439389] alloc_cross_bitmap: preallocate 268435456 pg, nr_longs=4194304 in 8 millisec
[ 9443.444329] alloc_cross_bitmap: preallocate 268435456 pg, nr_longs=4194304 in 4 millisec
[ 9443.446114] alloc_cross_bitmap: preallocate 268435456 pg, nr_longs=4194304 in 4 millisec
[ 9443.446178] alloc_cross_bitmap: preallocate 268435456 pg, nr_longs=4194304 in 4 millisec
[ 9443.446972] alloc_cross_bitmap: preallocate 268435456 pg, nr_longs=4194304 in 8 millisec
[ 9443.447236] alloc_cross_bitmap: preallocate 268435456 pg, nr_longs=4194304 in 8 millisec
[ 9443.447492] alloc_cross_bitmap: preallocate 268435456 pg, nr_longs=4194304 in 8 millisec
[ 9443.447654] alloc_cross_bitmap: preallocate 268435456 pg, nr_longs=4194304 in 8 millisec
[ 9443.448967] alloc_cross_bitmap: preallocate 268435456 pg, nr_longs=4194304 in 4 millisec
[ 9443.448969] alloc_cross_bitmap: preallocate 268435456 pg, nr_longs=4194304 in 4 millisec
[ 9443.454965] alloc_cross_bitmap: preallocate 268435456 pg, nr_longs=4194304 in 4 millisec
[ 9443.457924] alloc_cross_bitmap: preallocate 268435456 pg, nr_longs=4194304 in 0 millisec
[ 9443.459953] alloc_cross_bitmap: preallocate 268435456 pg, nr_longs=4194304 in 4 millisec
[ 9443.461605] alloc_cross_bitmap: preallocate 268435456 pg, nr_longs=4194304 in 4 millisec
[ 9443.464326] alloc_cross_bitmap: preallocate 268435456 pg, nr_longs=4194304 in 4 millisec
[ 9443.465709] alloc_cross_bitmap: preallocate 268435456 pg, nr_longs=4194304 in 4 millisec
[ 9443.465709] alloc_cross_bitmap: preallocate 268435456 pg, nr_longs=4194304 in 4 millisec
[ 9443.469483] alloc_cross_bitmap: preallocate 268435456 pg, nr_longs=4194304 in 4 millisec
[ 9443.472096] alloc_cross_bitmap: preallocate 268435456 pg, nr_longs=4194304 in 4 millisec
[ 9443.477645] alloc_cross_bitmap: preallocate 268435456 pg, nr_longs=4194304 in 4 millisec
[ 9443.477696] alloc_cross_bitmap: preallocate 268435456 pg, nr_longs=4194304 in 4 millisec
[ 9443.477705] alloc_cross_bitmap: preallocate 268435456 pg, nr_longs=4194304 in 4 millisec
[ 9443.477844] alloc_cross_bitmap: preallocate 268435456 pg, nr_longs=4194304 in 4 millisec
[ 9443.483113] alloc_cross_bitmap: preallocate 268435456 pg, nr_longs=4194304 in 4 millisec
[ 9443.483634] alloc_cross_bitmap: preallocate 268435456 pg, nr_longs=4194304 in 4 millisec
[ 9443.485385] alloc_cross_bitmap: preallocate 268435456 pg, nr_longs=4194304 in 4 millisec
[ 9443.486414] alloc_cross_bitmap: preallocate 268435456 pg, nr_longs=4194304 in 4 millisec
[ 9443.488972] alloc_cross_bitmap: preallocate 268435456 pg, nr_longs=4194304 in 4 millisec
[ 9443.489472] alloc_cross_bitmap: preallocate 268435456 pg, nr_longs=4194304 in 4 millisec
[ 9443.489494] alloc_cross_bitmap: preallocate 268435456 pg, nr_longs=4194304 in 4 millisec
[ 9443.490550] alloc_cross_bitmap: preallocate 268435456 pg, nr_longs=4194304 in 8 millisec
[ 9443.491053] alloc_cross_bitmap: preallocate 268435456 pg, nr_longs=4194304 in 8 millisec
[ 9443.493840] alloc_cross_bitmap: preallocate 268435456 pg, nr_longs=4194304 in 0 millisec
[ 9443.523837] FinalTaskReport: db_bench:15239 - ra_orig_nr_pages:0, ra_final_nr_pages:0
                                        async_pages:1032, final_async_pages:2139
                                        full_pfetches:0, less256_pfetches:0, partial_pfetches:0
                                        failed_pfetches:0, total_pfetches:0, os_pfetches:96
                                        nr_pages_read:1990, nr_pages_hit:1031, nr_do_read_fault:162
[ 9443.717638] write_proc: Value of write = 0
[ 9443.717648] __do_sys_start_cross_trace: PRINT_GLOBAL_STATS 
[ 9443.717650] Final GlobalReport: nr_pages_read:13203246921, nr_pages_hit:12916860607, nr_do_read_fault:7045443, nr_pages_miss:103923307
[ 9443.717692] FinalTaskReport: time:15230 - ra_orig_nr_pages:0, ra_final_nr_pages:0
                                        async_pages:0, final_async_pages:25
                                        full_pfetches:0, less256_pfetches:0, partial_pfetches:0
                                        failed_pfetches:0, total_pfetches:0, os_pfetches:1
                                        nr_pages_read:0, nr_pages_hit:0, nr_do_read_fault:15
