ENABLE_FILE_STATS in con
ENABLE_FILE_STATS in con
RocksDB:    version 6.20
Date:       Wed Aug 10 18:33:15 2022
CPU:        48 * AMD EPYC 7402P 24-Core Processor
CPUCache:   512 KB
Get returned an error: Corruption: bad entry in block
Get returned an error: Corruption: bad entry in block
Get returned an error: Corruption: bad entry in block
Get returned an error: Corruption: bad entry in block
Get returned an error: Corruption: bad entry in block
Command terminated by signal 6
	Command being timed: "./db_bench --db=/users/kannan11/ssd/sudarsun/prefetching/appbench/apps/rocksdb/DATA --value_size=4096 --wal_dir=/users/kannan11/ssd/sudarsun/prefetching/appbench/apps/rocksdb/DATA/WAL_LOG --sync=0 --key_size=1000 --write_buffer_size=67108864 --num=2000000 --benchmarks=readrandom --use_existing_db=1 --mmap_read=0 --threads=32"
	User time (seconds): 0.29
	System time (seconds): 7.23
	Percent of CPU this job got: 455%
	Elapsed (wall clock) time (h:mm:ss or m:ss): 0:01.65
	Average shared text size (kbytes): 0
	Average unshared data size (kbytes): 0
	Average stack size (kbytes): 0
	Average total size (kbytes): 0
	Maximum resident set size (kbytes): 354460
	Average resident set size (kbytes): 0
	Major (requiring I/O) page faults: 74
	Minor (reclaiming a frame) page faults: 1550882
	Voluntary context switches: 4306
	Involuntary context switches: 13
	Swaps: 0
	File system inputs: 10624864
	File system outputs: 1656
	Socket messages sent: 0
	Socket messages received: 0
	Signals delivered: 0
	Page size (bytes): 4096
	Exit status: 0
DESTRUCTOR GETTING CALLED 
PRINT_GLOBAL_STATS in dest
[ 9276.981554] free_cross_bitmap: releasing mem for inode with i_count 2
[ 9276.988810] free_cross_bitmap: releasing mem for inode with i_count 2
[ 9276.996149] free_cross_bitmap: releasing mem for inode with i_count 2
[ 9277.003078] free_cross_bitmap: releasing mem for inode with i_count 2
[ 9277.009993] free_cross_bitmap: releasing mem for inode with i_count 2
[ 9277.017256] free_cross_bitmap: releasing mem for inode with i_count 2
[ 9277.024260] free_cross_bitmap: releasing mem for inode with i_count 2
[ 9277.031227] free_cross_bitmap: releasing mem for inode with i_count 2
[ 9277.038155] free_cross_bitmap: releasing mem for inode with i_count 2
[ 9277.045121] free_cross_bitmap: releasing mem for inode with i_count 2
[ 9277.052065] free_cross_bitmap: releasing mem for inode with i_count 2
[ 9277.059422] free_cross_bitmap: releasing mem for inode with i_count 2
[ 9277.066381] free_cross_bitmap: releasing mem for inode with i_count 2
[ 9277.073561] free_cross_bitmap: releasing mem for inode with i_count 2
[ 9277.080565] free_cross_bitmap: releasing mem for inode with i_count 2
[ 9277.087859] free_cross_bitmap: releasing mem for inode with i_count 2
[ 9277.094875] free_cross_bitmap: releasing mem for inode with i_count 2
[ 9277.102337] free_cross_bitmap: releasing mem for inode with i_count 2
[ 9277.109292] free_cross_bitmap: releasing mem for inode with i_count 2
[ 9277.116318] free_cross_bitmap: releasing mem for inode with i_count 2
[ 9277.123489] free_cross_bitmap: releasing mem for inode with i_count 2
[ 9277.130657] free_cross_bitmap: releasing mem for inode with i_count 2
[ 9277.137641] free_cross_bitmap: releasing mem for inode with i_count 2
[ 9277.145170] free_cross_bitmap: releasing mem for inode with i_count 2
[ 9277.152168] free_cross_bitmap: releasing mem for inode with i_count 2
[ 9277.159086] free_cross_bitmap: releasing mem for inode with i_count 2
[ 9277.166088] free_cross_bitmap: releasing mem for inode with i_count 2
[ 9277.173206] free_cross_bitmap: releasing mem for inode with i_count 2
[ 9277.180226] free_cross_bitmap: releasing mem for inode with i_count 2
[ 9277.187437] free_cross_bitmap: releasing mem for inode with i_count 2
[ 9277.194569] free_cross_bitmap: releasing mem for inode with i_count 2
[ 9277.201835] free_cross_bitmap: releasing mem for inode with i_count 2
[ 9277.208941] free_cross_bitmap: releasing mem for inode with i_count 2
[ 9277.215912] free_cross_bitmap: releasing mem for inode with i_count 2
[ 9277.223018] free_cross_bitmap: releasing mem for inode with i_count 2
[ 9277.230500] free_cross_bitmap: releasing mem for inode with i_count 2
[ 9277.237579] free_cross_bitmap: releasing mem for inode with i_count 2
[ 9277.244554] free_cross_bitmap: releasing mem for inode with i_count 2
[ 9277.251686] free_cross_bitmap: releasing mem for inode with i_count 2
[ 9277.258638] free_cross_bitmap: releasing mem for inode with i_count 2
[ 9277.265596] free_cross_bitmap: releasing mem for inode with i_count 2
[ 9277.273019] free_cross_bitmap: releasing mem for inode with i_count 2
[ 9277.280013] free_cross_bitmap: releasing mem for inode with i_count 2
[ 9277.287009] free_cross_bitmap: releasing mem for inode with i_count 2
[ 9277.294016] free_cross_bitmap: releasing mem for inode with i_count 2
[ 9277.301039] free_cross_bitmap: releasing mem for inode with i_count 2
[ 9277.308008] free_cross_bitmap: releasing mem for inode with i_count 2
[ 9277.315380] free_cross_bitmap: releasing mem for inode with i_count 2
[ 9277.322355] free_cross_bitmap: releasing mem for inode with i_count 2
[ 9277.329304] free_cross_bitmap: releasing mem for inode with i_count 2
[ 9277.336287] free_cross_bitmap: releasing mem for inode with i_count 2
[ 9277.343255] free_cross_bitmap: releasing mem for inode with i_count 2
[ 9277.350200] free_cross_bitmap: releasing mem for inode with i_count 2
[ 9277.357687] free_cross_bitmap: releasing mem for inode with i_count 2
[ 9277.364595] free_cross_bitmap: releasing mem for inode with i_count 2
[ 9277.371560] free_cross_bitmap: releasing mem for inode with i_count 2
[ 9277.378612] free_cross_bitmap: releasing mem for inode with i_count 2
[ 9277.385614] free_cross_bitmap: releasing mem for inode with i_count 2
[ 9277.392634] free_cross_bitmap: releasing mem for inode with i_count 2
[ 9277.399891] free_cross_bitmap: releasing mem for inode with i_count 2
[ 9277.406867] free_cross_bitmap: releasing mem for inode with i_count 2
[ 9277.413848] free_cross_bitmap: releasing mem for inode with i_count 2
[ 9277.420789] free_cross_bitmap: releasing mem for inode with i_count 2
[ 9277.427768] free_cross_bitmap: releasing mem for inode with i_count 2
[ 9277.434744] free_cross_bitmap: releasing mem for inode with i_count 2
[ 9277.442010] free_cross_bitmap: releasing mem for inode with i_count 2
[ 9277.448991] free_cross_bitmap: releasing mem for inode with i_count 2
[ 9277.455912] free_cross_bitmap: releasing mem for inode with i_count 2
[ 9277.462884] free_cross_bitmap: releasing mem for inode with i_count 2
[ 9277.469810] free_cross_bitmap: releasing mem for inode with i_count 2
[ 9277.476753] free_cross_bitmap: releasing mem for inode with i_count 2
[ 9277.484047] free_cross_bitmap: releasing mem for inode with i_count 2
[ 9277.490969] free_cross_bitmap: releasing mem for inode with i_count 2
[ 9277.497938] free_cross_bitmap: releasing mem for inode with i_count 2
[ 9277.504846] free_cross_bitmap: releasing mem for inode with i_count 2
[ 9277.511756] free_cross_bitmap: releasing mem for inode with i_count 2
[ 9277.518739] free_cross_bitmap: releasing mem for inode with i_count 2
[ 9277.526039] free_cross_bitmap: releasing mem for inode with i_count 2
[ 9277.533030] free_cross_bitmap: releasing mem for inode with i_count 2
[ 9277.540005] free_cross_bitmap: releasing mem for inode with i_count 2
[ 9277.546957] free_cross_bitmap: releasing mem for inode with i_count 2
[ 9277.553907] free_cross_bitmap: releasing mem for inode with i_count 2
[ 9277.560827] free_cross_bitmap: releasing mem for inode with i_count 2
[ 9277.568037] free_cross_bitmap: releasing mem for inode with i_count 2
[ 9277.574995] free_cross_bitmap: releasing mem for inode with i_count 2
[ 9277.581905] free_cross_bitmap: releasing mem for inode with i_count 2
[ 9277.588821] free_cross_bitmap: releasing mem for inode with i_count 2
[ 9277.595767] free_cross_bitmap: releasing mem for inode with i_count 2
[ 9277.602722] free_cross_bitmap: releasing mem for inode with i_count 2
[ 9277.610016] free_cross_bitmap: releasing mem for inode with i_count 2
[ 9277.616988] free_cross_bitmap: releasing mem for inode with i_count 2
[ 9277.623909] free_cross_bitmap: releasing mem for inode with i_count 2
[ 9277.630888] free_cross_bitmap: releasing mem for inode with i_count 2
[ 9277.637894] free_cross_bitmap: releasing mem for inode with i_count 2
[ 9277.644828] free_cross_bitmap: releasing mem for inode with i_count 2
[ 9277.652074] free_cross_bitmap: releasing mem for inode with i_count 2
[ 9277.659045] free_cross_bitmap: releasing mem for inode with i_count 2
[ 9277.665989] free_cross_bitmap: releasing mem for inode with i_count 2
[ 9277.672918] free_cross_bitmap: releasing mem for inode with i_count 2
[ 9277.679861] free_cross_bitmap: releasing mem for inode with i_count 2
[ 9277.686790] free_cross_bitmap: releasing mem for inode with i_count 2
[ 9277.694110] free_cross_bitmap: releasing mem for inode with i_count 2
[ 9277.701014] free_cross_bitmap: releasing mem for inode with i_count 2
[ 9277.708005] free_cross_bitmap: releasing mem for inode with i_count 2
[ 9277.714969] free_cross_bitmap: releasing mem for inode with i_count 2
[ 9277.721952] free_cross_bitmap: releasing mem for inode with i_count 2
[ 9277.728958] free_cross_bitmap: releasing mem for inode with i_count 2
[ 9277.736214] free_cross_bitmap: releasing mem for inode with i_count 2
[ 9277.743211] free_cross_bitmap: releasing mem for inode with i_count 2
[ 9277.750182] free_cross_bitmap: releasing mem for inode with i_count 2
[ 9277.757145] free_cross_bitmap: releasing mem for inode with i_count 2
[ 9277.764113] free_cross_bitmap: releasing mem for inode with i_count 2
[ 9277.771007] free_cross_bitmap: releasing mem for inode with i_count 2
[ 9277.778361] free_cross_bitmap: releasing mem for inode with i_count 2
[ 9277.785245] free_cross_bitmap: releasing mem for inode with i_count 2
[ 9277.792167] free_cross_bitmap: releasing mem for inode with i_count 2
[ 9277.799155] free_cross_bitmap: releasing mem for inode with i_count 2
[ 9277.806116] free_cross_bitmap: releasing mem for inode with i_count 2
[ 9277.813091] free_cross_bitmap: releasing mem for inode with i_count 2
[ 9277.820345] free_cross_bitmap: releasing mem for inode with i_count 2
[ 9277.827309] free_cross_bitmap: releasing mem for inode with i_count 2
[ 9277.834283] free_cross_bitmap: releasing mem for inode with i_count 2
[ 9277.841168] free_cross_bitmap: releasing mem for inode with i_count 2
[ 9277.848120] free_cross_bitmap: releasing mem for inode with i_count 2
[ 9277.855068] free_cross_bitmap: releasing mem for inode with i_count 2
[ 9277.862409] free_cross_bitmap: releasing mem for inode with i_count 2
[ 9277.869324] free_cross_bitmap: releasing mem for inode with i_count 2
[ 9277.876246] free_cross_bitmap: releasing mem for inode with i_count 2
[ 9277.883197] free_cross_bitmap: releasing mem for inode with i_count 2
[ 9277.890154] free_cross_bitmap: releasing mem for inode with i_count 2
[ 9277.897087] free_cross_bitmap: releasing mem for inode with i_count 2
[ 9277.904373] free_cross_bitmap: releasing mem for inode with i_count 2
[ 9277.911298] free_cross_bitmap: releasing mem for inode with i_count 2
[ 9277.918225] free_cross_bitmap: releasing mem for inode with i_count 2
[ 9277.925145] free_cross_bitmap: releasing mem for inode with i_count 2
[ 9277.932065] free_cross_bitmap: releasing mem for inode with i_count 2
[ 9277.938998] free_cross_bitmap: releasing mem for inode with i_count 2
[ 9277.946247] free_cross_bitmap: releasing mem for inode with i_count 2
[ 9277.953170] free_cross_bitmap: releasing mem for inode with i_count 2
[ 9277.960116] free_cross_bitmap: releasing mem for inode with i_count 2
[ 9277.967008] free_cross_bitmap: releasing mem for inode with i_count 2
[ 9277.973939] free_cross_bitmap: releasing mem for inode with i_count 2
[ 9277.980880] free_cross_bitmap: releasing mem for inode with i_count 2
[ 9277.988135] free_cross_bitmap: releasing mem for inode with i_count 2
[ 9277.995075] free_cross_bitmap: releasing mem for inode with i_count 2
[ 9278.001973] free_cross_bitmap: releasing mem for inode with i_count 2
[ 9278.008904] free_cross_bitmap: releasing mem for inode with i_count 2
[ 9278.015827] free_cross_bitmap: releasing mem for inode with i_count 2
[ 9278.022745] free_cross_bitmap: releasing mem for inode with i_count 2
[ 9278.030168] free_cross_bitmap: releasing mem for inode with i_count 2
[ 9278.037112] free_cross_bitmap: releasing mem for inode with i_count 2
[ 9278.044065] free_cross_bitmap: releasing mem for inode with i_count 2
[ 9278.051000] free_cross_bitmap: releasing mem for inode with i_count 2
[ 9278.057900] free_cross_bitmap: releasing mem for inode with i_count 2
[ 9278.064861] free_cross_bitmap: releasing mem for inode with i_count 2
[ 9278.072128] free_cross_bitmap: releasing mem for inode with i_count 2
[ 9278.079060] free_cross_bitmap: releasing mem for inode with i_count 2
[ 9278.085965] free_cross_bitmap: releasing mem for inode with i_count 2
[ 9278.092901] free_cross_bitmap: releasing mem for inode with i_count 2
[ 9278.099852] free_cross_bitmap: releasing mem for inode with i_count 2
[ 9278.106784] free_cross_bitmap: releasing mem for inode with i_count 2
[ 9278.113996] free_cross_bitmap: releasing mem for inode with i_count 2
[ 9278.120897] free_cross_bitmap: releasing mem for inode with i_count 2
[ 9278.127822] free_cross_bitmap: releasing mem for inode with i_count 2
[ 9278.134757] free_cross_bitmap: releasing mem for inode with i_count 2
[ 9278.141680] free_cross_bitmap: releasing mem for inode with i_count 2
[ 9278.148596] free_cross_bitmap: releasing mem for inode with i_count 2
[ 9278.156018] free_cross_bitmap: releasing mem for inode with i_count 2
[ 9278.162909] free_cross_bitmap: releasing mem for inode with i_count 2
[ 9278.169813] free_cross_bitmap: releasing mem for inode with i_count 2
[ 9278.176721] free_cross_bitmap: releasing mem for inode with i_count 2
[ 9278.183623] free_cross_bitmap: releasing mem for inode with i_count 2
[ 9278.190578] free_cross_bitmap: releasing mem for inode with i_count 2
[ 9278.198009] free_cross_bitmap: releasing mem for inode with i_count 2
[ 9278.204943] free_cross_bitmap: releasing mem for inode with i_count 2
[ 9278.211873] free_cross_bitmap: releasing mem for inode with i_count 2
[ 9278.218808] free_cross_bitmap: releasing mem for inode with i_count 2
[ 9278.225775] free_cross_bitmap: releasing mem for inode with i_count 2
[ 9278.232705] free_cross_bitmap: releasing mem for inode with i_count 2
[ 9278.240075] free_cross_bitmap: releasing mem for inode with i_count 2
[ 9278.247006] free_cross_bitmap: releasing mem for inode with i_count 2
[ 9278.253889] free_cross_bitmap: releasing mem for inode with i_count 2
[ 9278.260833] free_cross_bitmap: releasing mem for inode with i_count 2
[ 9278.267749] free_cross_bitmap: releasing mem for inode with i_count 2
[ 9278.274679] free_cross_bitmap: releasing mem for inode with i_count 2
[ 9278.283890] free_cross_bitmap: releasing mem for inode with i_count 2
[ 9278.291092] sh (9958): drop_caches: 3
[ 9278.323021] sh (10149): drop_caches: 3
[ 9283.349221] Enabled file stats for time:10156
[ 9283.349408] write_proc: Value of write = 0
[ 9283.355109] Enabled file stats for db_bench:10165
[ 9283.355300] write_proc: Value of write = 0
[ 9283.382077] alloc_cross_bitmap: preallocate 268435456 pg, nr_longs=4194304 in 12 millisec
[ 9283.383098] alloc_cross_bitmap: preallocate 268435456 pg, nr_longs=4194304 in 16 millisec
[ 9283.383302] alloc_cross_bitmap: preallocate 268435456 pg, nr_longs=4194304 in 16 millisec
[ 9283.383549] alloc_cross_bitmap: preallocate 268435456 pg, nr_longs=4194304 in 16 millisec
[ 9283.383701] alloc_cross_bitmap: preallocate 268435456 pg, nr_longs=4194304 in 16 millisec
[ 9283.383854] alloc_cross_bitmap: preallocate 268435456 pg, nr_longs=4194304 in 16 millisec
[ 9283.383876] alloc_cross_bitmap: preallocate 268435456 pg, nr_longs=4194304 in 16 millisec
[ 9283.383961] alloc_cross_bitmap: preallocate 268435456 pg, nr_longs=4194304 in 16 millisec
[ 9283.383984] alloc_cross_bitmap: preallocate 268435456 pg, nr_longs=4194304 in 16 millisec
[ 9283.384054] alloc_cross_bitmap: preallocate 268435456 pg, nr_longs=4194304 in 16 millisec
[ 9283.384215] alloc_cross_bitmap: preallocate 268435456 pg, nr_longs=4194304 in 16 millisec
[ 9283.384253] alloc_cross_bitmap: preallocate 268435456 pg, nr_longs=4194304 in 16 millisec
[ 9283.384270] alloc_cross_bitmap: preallocate 268435456 pg, nr_longs=4194304 in 16 millisec
[ 9283.384297] alloc_cross_bitmap: preallocate 268435456 pg, nr_longs=4194304 in 16 millisec
[ 9283.384313] alloc_cross_bitmap: preallocate 268435456 pg, nr_longs=4194304 in 16 millisec
[ 9283.384406] alloc_cross_bitmap: preallocate 268435456 pg, nr_longs=4194304 in 16 millisec
[ 9283.387701] alloc_cross_bitmap: preallocate 268435456 pg, nr_longs=4194304 in 4 millisec
[ 9283.389052] alloc_cross_bitmap: preallocate 268435456 pg, nr_longs=4194304 in 4 millisec
[ 9283.399399] alloc_cross_bitmap: preallocate 268435456 pg, nr_longs=4194304 in 16 millisec
[ 9283.400185] alloc_cross_bitmap: preallocate 268435456 pg, nr_longs=4194304 in 16 millisec
[ 9283.400560] alloc_cross_bitmap: preallocate 268435456 pg, nr_longs=4194304 in 16 millisec
[ 9283.401151] alloc_cross_bitmap: preallocate 268435456 pg, nr_longs=4194304 in 16 millisec
[ 9283.401456] alloc_cross_bitmap: preallocate 268435456 pg, nr_longs=4194304 in 16 millisec
[ 9283.401992] alloc_cross_bitmap: preallocate 268435456 pg, nr_longs=4194304 in 16 millisec
[ 9283.401994] alloc_cross_bitmap: preallocate 268435456 pg, nr_longs=4194304 in 16 millisec
[ 9283.402165] alloc_cross_bitmap: preallocate 268435456 pg, nr_longs=4194304 in 16 millisec
[ 9283.402273] alloc_cross_bitmap: preallocate 268435456 pg, nr_longs=4194304 in 20 millisec
[ 9283.402275] alloc_cross_bitmap: preallocate 268435456 pg, nr_longs=4194304 in 16 millisec
[ 9283.402609] alloc_cross_bitmap: preallocate 268435456 pg, nr_longs=4194304 in 16 millisec
[ 9283.402747] alloc_cross_bitmap: preallocate 268435456 pg, nr_longs=4194304 in 20 millisec
[ 9283.402757] alloc_cross_bitmap: preallocate 268435456 pg, nr_longs=4194304 in 20 millisec
[ 9283.402943] alloc_cross_bitmap: preallocate 268435456 pg, nr_longs=4194304 in 16 millisec
[ 9283.406534] alloc_cross_bitmap: preallocate 268435456 pg, nr_longs=4194304 in 8 millisec
[ 9283.407719] alloc_cross_bitmap: preallocate 268435456 pg, nr_longs=4194304 in 8 millisec
[ 9283.407916] alloc_cross_bitmap: preallocate 268435456 pg, nr_longs=4194304 in 4 millisec
[ 9283.408573] alloc_cross_bitmap: preallocate 268435456 pg, nr_longs=4194304 in 4 millisec
[ 9283.409808] alloc_cross_bitmap: preallocate 268435456 pg, nr_longs=4194304 in 4 millisec
[ 9283.410352] alloc_cross_bitmap: preallocate 268435456 pg, nr_longs=4194304 in 8 millisec
[ 9283.410641] alloc_cross_bitmap: preallocate 268435456 pg, nr_longs=4194304 in 8 millisec
[ 9283.410842] alloc_cross_bitmap: preallocate 268435456 pg, nr_longs=4194304 in 8 millisec
[ 9283.412032] alloc_cross_bitmap: preallocate 268435456 pg, nr_longs=4194304 in 4 millisec
[ 9283.412262] alloc_cross_bitmap: preallocate 268435456 pg, nr_longs=4194304 in 4 millisec
[ 9283.413527] alloc_cross_bitmap: preallocate 268435456 pg, nr_longs=4194304 in 4 millisec
[ 9283.414186] alloc_cross_bitmap: preallocate 268435456 pg, nr_longs=4194304 in 4 millisec
[ 9283.415071] alloc_cross_bitmap: preallocate 268435456 pg, nr_longs=4194304 in 8 millisec
[ 9283.416159] alloc_cross_bitmap: preallocate 268435456 pg, nr_longs=4194304 in 8 millisec
[ 9283.417575] alloc_cross_bitmap: preallocate 268435456 pg, nr_longs=4194304 in 4 millisec
[ 9283.418229] alloc_cross_bitmap: preallocate 268435456 pg, nr_longs=4194304 in 8 millisec
[ 9283.418322] alloc_cross_bitmap: preallocate 268435456 pg, nr_longs=4194304 in 8 millisec
[ 9283.418853] alloc_cross_bitmap: preallocate 268435456 pg, nr_longs=4194304 in 8 millisec
[ 9283.419163] alloc_cross_bitmap: preallocate 268435456 pg, nr_longs=4194304 in 8 millisec
[ 9283.419713] alloc_cross_bitmap: preallocate 268435456 pg, nr_longs=4194304 in 8 millisec
[ 9283.431558] alloc_cross_bitmap: preallocate 268435456 pg, nr_longs=4194304 in 20 millisec
[ 9283.459835] alloc_cross_bitmap: preallocate 268435456 pg, nr_longs=4194304 in 12 millisec
[ 9283.461226] alloc_cross_bitmap: preallocate 268435456 pg, nr_longs=4194304 in 12 millisec
[ 9283.461379] alloc_cross_bitmap: preallocate 268435456 pg, nr_longs=4194304 in 12 millisec
[ 9283.461434] alloc_cross_bitmap: preallocate 268435456 pg, nr_longs=4194304 in 12 millisec
[ 9283.461903] alloc_cross_bitmap: preallocate 268435456 pg, nr_longs=4194304 in 12 millisec
[ 9283.462283] alloc_cross_bitmap: preallocate 268435456 pg, nr_longs=4194304 in 16 millisec
[ 9283.462312] alloc_cross_bitmap: preallocate 268435456 pg, nr_longs=4194304 in 16 millisec
[ 9283.462605] alloc_cross_bitmap: preallocate 268435456 pg, nr_longs=4194304 in 16 millisec
[ 9283.462614] alloc_cross_bitmap: preallocate 268435456 pg, nr_longs=4194304 in 16 millisec
[ 9283.462698] alloc_cross_bitmap: preallocate 268435456 pg, nr_longs=4194304 in 16 millisec
[ 9283.462697] alloc_cross_bitmap: preallocate 268435456 pg, nr_longs=4194304 in 16 millisec
[ 9283.462717] alloc_cross_bitmap: preallocate 268435456 pg, nr_longs=4194304 in 16 millisec
[ 9283.462723] alloc_cross_bitmap: preallocate 268435456 pg, nr_longs=4194304 in 16 millisec
[ 9283.463111] alloc_cross_bitmap: preallocate 268435456 pg, nr_longs=4194304 in 16 millisec
[ 9283.463117] alloc_cross_bitmap: preallocate 268435456 pg, nr_longs=4194304 in 16 millisec
[ 9283.465397] alloc_cross_bitmap: preallocate 268435456 pg, nr_longs=4194304 in 4 millisec
[ 9283.471687] alloc_cross_bitmap: preallocate 268435456 pg, nr_longs=4194304 in 8 millisec
[ 9283.472992] alloc_cross_bitmap: preallocate 268435456 pg, nr_longs=4194304 in 8 millisec
[ 9283.473048] alloc_cross_bitmap: preallocate 268435456 pg, nr_longs=4194304 in 8 millisec
[ 9283.473121] alloc_cross_bitmap: preallocate 268435456 pg, nr_longs=4194304 in 8 millisec
[ 9283.474817] alloc_cross_bitmap: preallocate 268435456 pg, nr_longs=4194304 in 12 millisec
[ 9283.475288] alloc_cross_bitmap: preallocate 268435456 pg, nr_longs=4194304 in 12 millisec
[ 9283.475765] alloc_cross_bitmap: preallocate 268435456 pg, nr_longs=4194304 in 12 millisec
[ 9283.475967] alloc_cross_bitmap: preallocate 268435456 pg, nr_longs=4194304 in 12 millisec
[ 9283.476591] alloc_cross_bitmap: preallocate 268435456 pg, nr_longs=4194304 in 12 millisec
[ 9283.477323] alloc_cross_bitmap: preallocate 268435456 pg, nr_longs=4194304 in 12 millisec
[ 9283.477487] alloc_cross_bitmap: preallocate 268435456 pg, nr_longs=4194304 in 12 millisec
[ 9283.477696] alloc_cross_bitmap: preallocate 268435456 pg, nr_longs=4194304 in 4 millisec
[ 9283.478384] alloc_cross_bitmap: preallocate 268435456 pg, nr_longs=4194304 in 16 millisec
[ 9283.478455] alloc_cross_bitmap: preallocate 268435456 pg, nr_longs=4194304 in 16 millisec
[ 9283.478477] alloc_cross_bitmap: preallocate 268435456 pg, nr_longs=4194304 in 16 millisec
[ 9283.478553] alloc_cross_bitmap: preallocate 268435456 pg, nr_longs=4194304 in 16 millisec
[ 9283.505285] alloc_cross_bitmap: preallocate 268435456 pg, nr_longs=4194304 in 4 millisec
[ 9283.506170] alloc_cross_bitmap: preallocate 268435456 pg, nr_longs=4194304 in 4 millisec
[ 9283.507279] alloc_cross_bitmap: preallocate 268435456 pg, nr_longs=4194304 in 8 millisec
[ 9283.509311] alloc_cross_bitmap: preallocate 268435456 pg, nr_longs=4194304 in 4 millisec
[ 9283.512600] alloc_cross_bitmap: preallocate 268435456 pg, nr_longs=4194304 in 8 millisec
[ 9283.513382] alloc_cross_bitmap: preallocate 268435456 pg, nr_longs=4194304 in 8 millisec
[ 9283.515094] alloc_cross_bitmap: preallocate 268435456 pg, nr_longs=4194304 in 12 millisec
[ 9283.515611] alloc_cross_bitmap: preallocate 268435456 pg, nr_longs=4194304 in 12 millisec
[ 9283.515821] alloc_cross_bitmap: preallocate 268435456 pg, nr_longs=4194304 in 12 millisec
[ 9283.516862] alloc_cross_bitmap: preallocate 268435456 pg, nr_longs=4194304 in 12 millisec
[ 9283.516879] alloc_cross_bitmap: preallocate 268435456 pg, nr_longs=4194304 in 12 millisec
[ 9283.517244] alloc_cross_bitmap: preallocate 268435456 pg, nr_longs=4194304 in 12 millisec
[ 9283.517285] alloc_cross_bitmap: preallocate 268435456 pg, nr_longs=4194304 in 12 millisec
[ 9283.517546] alloc_cross_bitmap: preallocate 268435456 pg, nr_longs=4194304 in 8 millisec
[ 9283.517660] alloc_cross_bitmap: preallocate 268435456 pg, nr_longs=4194304 in 12 millisec
[ 9283.517748] alloc_cross_bitmap: preallocate 268435456 pg, nr_longs=4194304 in 12 millisec
[ 9283.518070] alloc_cross_bitmap: preallocate 268435456 pg, nr_longs=4194304 in 8 millisec
[ 9283.518807] alloc_cross_bitmap: preallocate 268435456 pg, nr_longs=4194304 in 12 millisec
[ 9283.519369] alloc_cross_bitmap: preallocate 268435456 pg, nr_longs=4194304 in 8 millisec
[ 9283.519577] alloc_cross_bitmap: preallocate 268435456 pg, nr_longs=4194304 in 4 millisec
[ 9283.521769] alloc_cross_bitmap: preallocate 268435456 pg, nr_longs=4194304 in 4 millisec
[ 9283.540756] alloc_cross_bitmap: preallocate 268435456 pg, nr_longs=4194304 in 4 millisec
[ 9283.540809] alloc_cross_bitmap: preallocate 268435456 pg, nr_longs=4194304 in 4 millisec
[ 9283.540985] alloc_cross_bitmap: preallocate 268435456 pg, nr_longs=4194304 in 4 millisec
[ 9283.541870] alloc_cross_bitmap: preallocate 268435456 pg, nr_longs=4194304 in 4 millisec
[ 9283.541906] alloc_cross_bitmap: preallocate 268435456 pg, nr_longs=4194304 in 4 millisec
[ 9283.549955] alloc_cross_bitmap: preallocate 268435456 pg, nr_longs=4194304 in 0 millisec
[ 9283.550988] alloc_cross_bitmap: preallocate 268435456 pg, nr_longs=4194304 in 4 millisec
[ 9283.555621] alloc_cross_bitmap: preallocate 268435456 pg, nr_longs=4194304 in 4 millisec
[ 9283.616529] alloc_cross_bitmap: preallocate 268435456 pg, nr_longs=4194304 in 8 millisec
[ 9283.616743] alloc_cross_bitmap: preallocate 268435456 pg, nr_longs=4194304 in 8 millisec
[ 9283.617088] alloc_cross_bitmap: preallocate 268435456 pg, nr_longs=4194304 in 8 millisec
[ 9283.617787] alloc_cross_bitmap: preallocate 268435456 pg, nr_longs=4194304 in 8 millisec
[ 9283.617928] alloc_cross_bitmap: preallocate 268435456 pg, nr_longs=4194304 in 8 millisec
[ 9283.618944] alloc_cross_bitmap: preallocate 268435456 pg, nr_longs=4194304 in 12 millisec
[ 9283.618942] alloc_cross_bitmap: preallocate 268435456 pg, nr_longs=4194304 in 12 millisec
[ 9283.619105] alloc_cross_bitmap: preallocate 268435456 pg, nr_longs=4194304 in 12 millisec
[ 9283.619191] alloc_cross_bitmap: preallocate 268435456 pg, nr_longs=4194304 in 12 millisec
[ 9283.619253] alloc_cross_bitmap: preallocate 268435456 pg, nr_longs=4194304 in 12 millisec
[ 9283.619260] alloc_cross_bitmap: preallocate 268435456 pg, nr_longs=4194304 in 12 millisec
[ 9283.619308] alloc_cross_bitmap: preallocate 268435456 pg, nr_longs=4194304 in 12 millisec
[ 9283.619315] alloc_cross_bitmap: preallocate 268435456 pg, nr_longs=4194304 in 12 millisec
[ 9283.632603] alloc_cross_bitmap: preallocate 268435456 pg, nr_longs=4194304 in 4 millisec
[ 9283.638959] alloc_cross_bitmap: preallocate 268435456 pg, nr_longs=4194304 in 4 millisec
[ 9283.709784] alloc_cross_bitmap: preallocate 268435456 pg, nr_longs=4194304 in 0 millisec
[ 9283.713057] alloc_cross_bitmap: preallocate 268435456 pg, nr_longs=4194304 in 4 millisec
[ 9283.713152] alloc_cross_bitmap: preallocate 268435456 pg, nr_longs=4194304 in 4 millisec
[ 9283.713393] alloc_cross_bitmap: preallocate 268435456 pg, nr_longs=4194304 in 4 millisec
[ 9283.714409] alloc_cross_bitmap: preallocate 268435456 pg, nr_longs=4194304 in 8 millisec
[ 9283.716401] alloc_cross_bitmap: preallocate 268435456 pg, nr_longs=4194304 in 4 millisec
[ 9283.738232] alloc_cross_bitmap: preallocate 268435456 pg, nr_longs=4194304 in 12 millisec
[ 9283.739174] alloc_cross_bitmap: preallocate 268435456 pg, nr_longs=4194304 in 12 millisec
[ 9283.739327] alloc_cross_bitmap: preallocate 268435456 pg, nr_longs=4194304 in 12 millisec
[ 9283.739329] alloc_cross_bitmap: preallocate 268435456 pg, nr_longs=4194304 in 12 millisec
[ 9283.739333] alloc_cross_bitmap: preallocate 268435456 pg, nr_longs=4194304 in 12 millisec
[ 9283.740413] alloc_cross_bitmap: preallocate 268435456 pg, nr_longs=4194304 in 12 millisec
[ 9283.740417] alloc_cross_bitmap: preallocate 268435456 pg, nr_longs=4194304 in 12 millisec
[ 9283.740442] alloc_cross_bitmap: preallocate 268435456 pg, nr_longs=4194304 in 12 millisec
[ 9283.740480] alloc_cross_bitmap: preallocate 268435456 pg, nr_longs=4194304 in 12 millisec
[ 9283.841738] alloc_cross_bitmap: preallocate 268435456 pg, nr_longs=4194304 in 4 millisec
[ 9283.844385] alloc_cross_bitmap: preallocate 268435456 pg, nr_longs=4194304 in 4 millisec
[ 9283.876515] alloc_cross_bitmap: preallocate 268435456 pg, nr_longs=4194304 in 4 millisec
[ 9283.876975] alloc_cross_bitmap: preallocate 268435456 pg, nr_longs=4194304 in 4 millisec
[ 9283.917222] alloc_cross_bitmap: preallocate 268435456 pg, nr_longs=4194304 in 8 millisec
[ 9283.917248] alloc_cross_bitmap: preallocate 268435456 pg, nr_longs=4194304 in 8 millisec
[ 9283.917361] alloc_cross_bitmap: preallocate 268435456 pg, nr_longs=4194304 in 8 millisec
[ 9283.917460] alloc_cross_bitmap: preallocate 268435456 pg, nr_longs=4194304 in 8 millisec
[ 9283.917787] alloc_cross_bitmap: preallocate 268435456 pg, nr_longs=4194304 in 8 millisec
[ 9283.918605] alloc_cross_bitmap: preallocate 268435456 pg, nr_longs=4194304 in 12 millisec
[ 9283.918610] alloc_cross_bitmap: preallocate 268435456 pg, nr_longs=4194304 in 12 millisec
[ 9283.918611] alloc_cross_bitmap: preallocate 268435456 pg, nr_longs=4194304 in 12 millisec
[ 9283.918658] alloc_cross_bitmap: preallocate 268435456 pg, nr_longs=4194304 in 12 millisec
[ 9283.918659] alloc_cross_bitmap: preallocate 268435456 pg, nr_longs=4194304 in 12 millisec
[ 9283.918935] alloc_cross_bitmap: preallocate 268435456 pg, nr_longs=4194304 in 16 millisec
[ 9283.919157] alloc_cross_bitmap: preallocate 268435456 pg, nr_longs=4194304 in 12 millisec
[ 9284.086353] alloc_cross_bitmap: preallocate 268435456 pg, nr_longs=4194304 in 4 millisec
[ 9284.100296] alloc_cross_bitmap: preallocate 268435456 pg, nr_longs=4194304 in 4 millisec
[ 9284.113176] alloc_cross_bitmap: preallocate 268435456 pg, nr_longs=4194304 in 4 millisec
[ 9284.115219] alloc_cross_bitmap: preallocate 268435456 pg, nr_longs=4194304 in 4 millisec
[ 9284.155675] alloc_cross_bitmap: preallocate 268435456 pg, nr_longs=4194304 in 4 millisec
[ 9284.161984] alloc_cross_bitmap: preallocate 268435456 pg, nr_longs=4194304 in 0 millisec
[ 9284.163088] alloc_cross_bitmap: preallocate 268435456 pg, nr_longs=4194304 in 4 millisec
[ 9284.168730] alloc_cross_bitmap: preallocate 268435456 pg, nr_longs=4194304 in 4 millisec
[ 9284.172419] alloc_cross_bitmap: preallocate 268435456 pg, nr_longs=4194304 in 4 millisec
[ 9284.176975] alloc_cross_bitmap: preallocate 268435456 pg, nr_longs=4194304 in 4 millisec
[ 9284.176976] alloc_cross_bitmap: preallocate 268435456 pg, nr_longs=4194304 in 4 millisec
[ 9284.183135] alloc_cross_bitmap: preallocate 268435456 pg, nr_longs=4194304 in 4 millisec
[ 9284.183620] alloc_cross_bitmap: preallocate 268435456 pg, nr_longs=4194304 in 4 millisec
[ 9284.183800] alloc_cross_bitmap: preallocate 268435456 pg, nr_longs=4194304 in 4 millisec
[ 9284.183810] alloc_cross_bitmap: preallocate 268435456 pg, nr_longs=4194304 in 4 millisec
[ 9284.340752] alloc_cross_bitmap: preallocate 268435456 pg, nr_longs=4194304 in 4 millisec
[ 9284.412429] alloc_cross_bitmap: preallocate 268435456 pg, nr_longs=4194304 in 4 millisec
[ 9284.413790] alloc_cross_bitmap: preallocate 268435456 pg, nr_longs=4194304 in 4 millisec
[ 9284.413856] alloc_cross_bitmap: preallocate 268435456 pg, nr_longs=4194304 in 4 millisec
[ 9284.420639] alloc_cross_bitmap: preallocate 268435456 pg, nr_longs=4194304 in 4 millisec
[ 9284.420906] alloc_cross_bitmap: preallocate 268435456 pg, nr_longs=4194304 in 4 millisec
[ 9284.422556] alloc_cross_bitmap: preallocate 268435456 pg, nr_longs=4194304 in 4 millisec
[ 9284.427788] alloc_cross_bitmap: preallocate 268435456 pg, nr_longs=4194304 in 4 millisec
[ 9284.431460] alloc_cross_bitmap: preallocate 268435456 pg, nr_longs=4194304 in 4 millisec
[ 9284.442490] alloc_cross_bitmap: preallocate 268435456 pg, nr_longs=4194304 in 4 millisec
[ 9284.876974] alloc_cross_bitmap: preallocate 268435456 pg, nr_longs=4194304 in 4 millisec
[ 9284.997364] FinalTaskReport: db_bench:10165 - ra_orig_nr_pages:0, ra_final_nr_pages:0
                                        async_pages:968, final_async_pages:2083
                                        full_pfetches:0, less256_pfetches:0, partial_pfetches:0
                                        failed_pfetches:0, total_pfetches:0, os_pfetches:88
                                        nr_pages_read:1976, nr_pages_hit:1040, nr_do_read_fault:156
[ 9285.004316] write_proc: Value of write = 0
[ 9285.004330] __do_sys_start_cross_trace: PRINT_GLOBAL_STATS 
[ 9285.004332] Final GlobalReport: nr_pages_read:13202757450, nr_pages_hit:12916584159, nr_do_read_fault:7002070, nr_pages_miss:103900084
[ 9285.004372] FinalTaskReport: time:10156 - ra_orig_nr_pages:0, ra_final_nr_pages:0
                                        async_pages:0, final_async_pages:25
                                        full_pfetches:0, less256_pfetches:0, partial_pfetches:0
                                        failed_pfetches:0, total_pfetches:0, os_pfetches:1
                                        nr_pages_read:0, nr_pages_hit:0, nr_do_read_fault:17
