RocksDB:    version 7.6.0
Date:       Sat Oct  8 00:08:14 2022
CPU:        128 * AMD EPYC 7543 32-Core Processor
CPUCache:   512 KB
entries_per_batch = 1
Initializing RocksDB Options from the specified file
Initializing RocksDB Options from command-line flags
Integrated BlobDB: blob cache disabled
Keys:       1000 bytes each (+ 0 bytes user-defined timestamp)
Values:     4096 bytes each (2048 bytes after compression)
Entries:    0
Prefix:    0 bytes
Keys per prefix:    0
RawSize:    0.0 MB (estimated)
FileSize:   0.0 MB (estimated)
Write rate: 0 bytes/second
Read rate: 0 ops/second
Compression: Snappy
Compression sampling rate: 0
Memtablerep: SkipListFactory
Perf Level: 1
------------------------------------------------
DB path: [/users/kannan11/ssd/prefetching/appbench/apps/rocksdb/DATA]
multireadrandom :      39.000 micros/op 34482 ops/sec 0.000 seconds 1 operations; (0 of 0 found)
DESTRUCTOR GETTING CALLED 
PRINT_GLOBAL_LIB_STATS in dest
Total nr_ra = 10766
Total nr_bytes_ra = 45155876864
	Command being timed: "./db_bench --db=/users/kannan11/ssd/prefetching/appbench/apps/rocksdb/DATA --value_size=4096 --wal_dir=/users/kannan11/ssd/prefetching/appbench/apps/rocksdb/DATA/WAL_LOG --sync=0 --key_size=1000 --write_buffer_size=67108864 --num=0 --seed=1576170874 --benchmarks=multireadrandom --use_existing_db=1 --mmap_read=0 --threads=4"
	User time (seconds): 1.03
	System time (seconds): 14.01
	Percent of CPU this job got: 112%
	Elapsed (wall clock) time (h:mm:ss or m:ss): 0:13.38
	Average shared text size (kbytes): 0
	Average unshared data size (kbytes): 0
	Average stack size (kbytes): 0
	Average total size (kbytes): 0
	Maximum resident set size (kbytes): 13148608
	Average resident set size (kbytes): 0
	Major (requiring I/O) page faults: 84
	Minor (reclaiming a frame) page faults: 3287590
	Voluntary context switches: 11499
	Involuntary context switches: 361
	Swaps: 0
	File system inputs: 88084880
	File system outputs: 6648
	Socket messages sent: 0
	Socket messages received: 0
	Signals delivered: 0
	Page size (bytes): 4096
	Exit status: 0
DESTRUCTOR GETTING CALLED 
PRINT_GLOBAL_LIB_STATS in dest
Total nr_ra = 0
Total nr_bytes_ra = 0
[34996.859049] sh (41129): drop_caches: 3
[34996.904603] sh (41134): drop_caches: 3
[35001.938984] write_proc_unbounded: Value of write = 1
[35001.938999] write_proc_2mb_limit: Value of write = 1
[35001.939004] write_proc_bitmap_shift: Value of write = 38
[35001.946942] write_proc_unbounded: Value of write = 1
[35001.946957] write_proc_2mb_limit: Value of write = 1
[35001.946962] write_proc_bitmap_shift: Value of write = 38
[35015.066820] write_proc_unbounded: Value of write = 0
[35015.066832] write_proc_2mb_limit: Value of write = 0
[35015.328477] write_proc_unbounded: Value of write = 0
[35015.328498] write_proc_2mb_limit: Value of write = 0
