Received signal 11 (Segmentation fault)
Command terminated by signal 11
	Command being timed: "./db_bench --db=/users/kannan11/ssd/prefetching/appbench/apps/rocksdb/DATA --value_size=4096 --wal_dir=/users/kannan11/ssd/prefetching/appbench/apps/rocksdb/DATA/WAL_LOG --sync=0 --key_size=1000 --write_buffer_size=67108864 --num=0 --seed=1576170874 --benchmarks=multireadrandom --use_existing_db=1 --mmap_read=0 --threads=4"
	User time (seconds): 0.03
	System time (seconds): 0.46
	Percent of CPU this job got: 219%
	Elapsed (wall clock) time (h:mm:ss or m:ss): 0:00.23
	Average shared text size (kbytes): 0
	Average unshared data size (kbytes): 0
	Average stack size (kbytes): 0
	Average total size (kbytes): 0
	Maximum resident set size (kbytes): 42508
	Average resident set size (kbytes): 0
	Major (requiring I/O) page faults: 80
	Minor (reclaiming a frame) page faults: 9527
	Voluntary context switches: 545
	Involuntary context switches: 16
	Swaps: 0
	File system inputs: 602232
	File system outputs: 80
	Socket messages sent: 0
	Socket messages received: 0
	Signals delivered: 0
	Page size (bytes): 4096
	Exit status: 0
DESTRUCTOR GETTING CALLED 
PRINT_GLOBAL_LIB_STATS in dest
Total nr_ra = 0
Total nr_bytes_ra = 0
[34933.907798] sh (40770): drop_caches: 3
[34933.952823] sh (40775): drop_caches: 3
[34938.987223] write_proc_unbounded: Value of write = 0
[34938.987237] write_proc_2mb_limit: Value of write = 0
[34938.987243] write_proc_bitmap_shift: Value of write = 38
[34938.994939] write_proc_unbounded: Value of write = 0
[34938.994954] write_proc_2mb_limit: Value of write = 0
[34938.994959] write_proc_bitmap_shift: Value of write = 38
[34939.215535] traps: db_bench[40828] general protection fault ip:7fd351a9d250 sp:7fd349b5baa0 error:0 in lib_Cross_Blind.so[7fd351a98000+a000]
[34939.219378] write_proc_unbounded: Value of write = 0
[34939.219389] write_proc_2mb_limit: Value of write = 0
