RocksDB:    version 7.6.0
Date:       Sat Oct  8 00:06:36 2022
CPU:        128 * AMD EPYC 7543 32-Core Processor
CPUCache:   512 KB
entries_per_batch = 1
Initializing RocksDB Options from the specified file
Initializing RocksDB Options from command-line flags
Integrated BlobDB: blob cache disabled
Keys:       1000 bytes each (+ 0 bytes user-defined timestamp)
Values:     4096 bytes each (2048 bytes after compression)
Entries:    0
Prefix:    0 bytes
Keys per prefix:    0
RawSize:    0.0 MB (estimated)
FileSize:   0.0 MB (estimated)
Write rate: 0 bytes/second
Read rate: 0 ops/second
Compression: Snappy
Compression sampling rate: 0
Memtablerep: SkipListFactory
Perf Level: 1
------------------------------------------------
DB path: [/users/kannan11/ssd/prefetching/appbench/apps/rocksdb/DATA]
multireadrandom :      32.000 micros/op 29411 ops/sec 0.000 seconds 1 operations; (0 of 0 found)
DESTRUCTOR GETTING CALLED 
PRINT_GLOBAL_LIB_STATS in dest
Total nr_ra = 1538
Total nr_bytes_ra = 249014730
	Command being timed: "./db_bench --db=/users/kannan11/ssd/prefetching/appbench/apps/rocksdb/DATA --value_size=4096 --wal_dir=/users/kannan11/ssd/prefetching/appbench/apps/rocksdb/DATA/WAL_LOG --sync=0 --key_size=1000 --write_buffer_size=67108864 --num=0 --seed=1576170874 --benchmarks=multireadrandom --use_existing_db=1 --mmap_read=0 --threads=4"
	User time (seconds): 0.42
	System time (seconds): 2.39
	Percent of CPU this job got: 511%
	Elapsed (wall clock) time (h:mm:ss or m:ss): 0:00.55
	Average shared text size (kbytes): 0
	Average unshared data size (kbytes): 0
	Average stack size (kbytes): 0
	Average total size (kbytes): 0
	Maximum resident set size (kbytes): 430704
	Average resident set size (kbytes): 0
	Major (requiring I/O) page faults: 88
	Minor (reclaiming a frame) page faults: 107570
	Voluntary context switches: 4671
	Involuntary context switches: 16
	Swaps: 0
	File system inputs: 516336
	File system outputs: 6568
	Socket messages sent: 0
	Socket messages received: 0
	Signals delivered: 0
	Page size (bytes): 4096
	Exit status: 0
DESTRUCTOR GETTING CALLED 
PRINT_GLOBAL_LIB_STATS in dest
Total nr_ra = 0
Total nr_bytes_ra = 0
[34910.832004] sh (40688): drop_caches: 3
[34910.872138] sh (40693): drop_caches: 3
[34915.906131] write_proc_unbounded: Value of write = 0
[34915.906144] write_proc_2mb_limit: Value of write = 0
[34915.906149] write_proc_bitmap_shift: Value of write = 38
[34915.912902] write_proc_unbounded: Value of write = 0
[34915.912918] write_proc_2mb_limit: Value of write = 0
[34915.912923] write_proc_bitmap_shift: Value of write = 38
[34916.453938] write_proc_unbounded: Value of write = 0
[34916.453949] write_proc_2mb_limit: Value of write = 0
[34916.458750] write_proc_unbounded: Value of write = 0
[34916.458761] write_proc_2mb_limit: Value of write = 0
