ENABLE_FILE_STATS in con
ENABLE_FILE_STATS in con
RocksDB:    version 6.20
Date:       Wed Aug 10 18:27:16 2022
CPU:        48 * AMD EPYC 7402P 24-Core Processor
CPUCache:   512 KB
Get returned an error: Corruption: bad entry in block
Received signal 6 (Aborted)
#0   Get returned an error: Corruption: bad entry in block
/lib/x86_64-linux-gnu/libc.so.6(gsignal+0xc7) [0x7fac17b64e87] Get returned an error: Corruption: bad entry in block
Command terminated by signal 6
	Command being timed: "./db_bench --db=/users/kannan11/ssd/sudarsun/prefetching/appbench/apps/rocksdb/DATA --value_size=4096 --wal_dir=/users/kannan11/ssd/sudarsun/prefetching/appbench/apps/rocksdb/DATA/WAL_LOG --sync=0 --key_size=1000 --write_buffer_size=67108864 --num=2000000 --benchmarks=readwhilewriting --use_existing_db=1 --mmap_read=0 --threads=8"
	User time (seconds): 0.22
	System time (seconds): 6.05
	Percent of CPU this job got: 911%
	Elapsed (wall clock) time (h:mm:ss or m:ss): 0:00.68
	Average shared text size (kbytes): 0
	Average unshared data size (kbytes): 0
	Average stack size (kbytes): 0
	Average total size (kbytes): 0
	Maximum resident set size (kbytes): 6206492
	Average resident set size (kbytes): 0
	Major (requiring I/O) page faults: 78
	Minor (reclaiming a frame) page faults: 1550338
	Voluntary context switches: 4192
	Involuntary context switches: 1
	Swaps: 0
	File system inputs: 126872
	File system outputs: 1656
	Socket messages sent: 0
	Socket messages received: 0
	Signals delivered: 0
	Page size (bytes): 4096
	Exit status: 0
DESTRUCTOR GETTING CALLED 
PRINT_GLOBAL_STATS in dest
[ 8919.628414] free_cross_bitmap: releasing mem for inode with i_count 2
[ 8919.635656] free_cross_bitmap: releasing mem for inode with i_count 2
[ 8919.642872] free_cross_bitmap: releasing mem for inode with i_count 2
[ 8919.649793] free_cross_bitmap: releasing mem for inode with i_count 2
[ 8919.656704] free_cross_bitmap: releasing mem for inode with i_count 2
[ 8919.663798] free_cross_bitmap: releasing mem for inode with i_count 2
[ 8919.670725] free_cross_bitmap: releasing mem for inode with i_count 2
[ 8919.677650] free_cross_bitmap: releasing mem for inode with i_count 2
[ 8919.684620] free_cross_bitmap: releasing mem for inode with i_count 2
[ 8919.691579] free_cross_bitmap: releasing mem for inode with i_count 2
[ 8919.698532] free_cross_bitmap: releasing mem for inode with i_count 2
[ 8919.706004] free_cross_bitmap: releasing mem for inode with i_count 2
[ 8919.713009] free_cross_bitmap: releasing mem for inode with i_count 2
[ 8919.720226] free_cross_bitmap: releasing mem for inode with i_count 2
[ 8919.727168] free_cross_bitmap: releasing mem for inode with i_count 2
[ 8919.734354] free_cross_bitmap: releasing mem for inode with i_count 2
[ 8919.741350] free_cross_bitmap: releasing mem for inode with i_count 2
[ 8919.748805] free_cross_bitmap: releasing mem for inode with i_count 2
[ 8919.755791] free_cross_bitmap: releasing mem for inode with i_count 2
[ 8919.762857] free_cross_bitmap: releasing mem for inode with i_count 2
[ 8919.769958] free_cross_bitmap: releasing mem for inode with i_count 2
[ 8919.777134] free_cross_bitmap: releasing mem for inode with i_count 2
[ 8919.784151] free_cross_bitmap: releasing mem for inode with i_count 2
[ 8919.791439] free_cross_bitmap: releasing mem for inode with i_count 2
[ 8919.798455] free_cross_bitmap: releasing mem for inode with i_count 2
[ 8919.805363] free_cross_bitmap: releasing mem for inode with i_count 2
[ 8919.812359] free_cross_bitmap: releasing mem for inode with i_count 2
[ 8919.819547] free_cross_bitmap: releasing mem for inode with i_count 2
[ 8919.826545] free_cross_bitmap: releasing mem for inode with i_count 2
[ 8919.833788] free_cross_bitmap: releasing mem for inode with i_count 2
[ 8919.840948] free_cross_bitmap: releasing mem for inode with i_count 2
[ 8919.848176] free_cross_bitmap: releasing mem for inode with i_count 2
[ 8919.855312] free_cross_bitmap: releasing mem for inode with i_count 2
[ 8919.862229] free_cross_bitmap: releasing mem for inode with i_count 2
[ 8919.869447] free_cross_bitmap: releasing mem for inode with i_count 2
[ 8919.876882] free_cross_bitmap: releasing mem for inode with i_count 2
[ 8919.884006] free_cross_bitmap: releasing mem for inode with i_count 2
[ 8919.890972] free_cross_bitmap: releasing mem for inode with i_count 2
[ 8919.898121] free_cross_bitmap: releasing mem for inode with i_count 2
[ 8919.905097] free_cross_bitmap: releasing mem for inode with i_count 2
[ 8919.912047] free_cross_bitmap: releasing mem for inode with i_count 2
[ 8919.919384] free_cross_bitmap: releasing mem for inode with i_count 2
[ 8919.926405] free_cross_bitmap: releasing mem for inode with i_count 2
[ 8919.933315] free_cross_bitmap: releasing mem for inode with i_count 2
[ 8919.940325] free_cross_bitmap: releasing mem for inode with i_count 2
[ 8919.947305] free_cross_bitmap: releasing mem for inode with i_count 2
[ 8919.954301] free_cross_bitmap: releasing mem for inode with i_count 2
[ 8919.961795] free_cross_bitmap: releasing mem for inode with i_count 2
[ 8919.968741] free_cross_bitmap: releasing mem for inode with i_count 2
[ 8919.975738] free_cross_bitmap: releasing mem for inode with i_count 2
[ 8919.982744] free_cross_bitmap: releasing mem for inode with i_count 2
[ 8919.989699] free_cross_bitmap: releasing mem for inode with i_count 2
[ 8919.996675] free_cross_bitmap: releasing mem for inode with i_count 2
[ 8920.003980] free_cross_bitmap: releasing mem for inode with i_count 2
[ 8920.010929] free_cross_bitmap: releasing mem for inode with i_count 2
[ 8920.017922] free_cross_bitmap: releasing mem for inode with i_count 2
[ 8920.024909] free_cross_bitmap: releasing mem for inode with i_count 2
[ 8920.031953] free_cross_bitmap: releasing mem for inode with i_count 2
[ 8920.038924] free_cross_bitmap: releasing mem for inode with i_count 2
[ 8920.046238] free_cross_bitmap: releasing mem for inode with i_count 2
[ 8920.053198] free_cross_bitmap: releasing mem for inode with i_count 2
[ 8920.060105] free_cross_bitmap: releasing mem for inode with i_count 2
[ 8920.067088] free_cross_bitmap: releasing mem for inode with i_count 2
[ 8920.074039] free_cross_bitmap: releasing mem for inode with i_count 2
[ 8920.081021] free_cross_bitmap: releasing mem for inode with i_count 2
[ 8920.088331] free_cross_bitmap: releasing mem for inode with i_count 2
[ 8920.095244] free_cross_bitmap: releasing mem for inode with i_count 2
[ 8920.102206] free_cross_bitmap: releasing mem for inode with i_count 2
[ 8920.109132] free_cross_bitmap: releasing mem for inode with i_count 2
[ 8920.116153] free_cross_bitmap: releasing mem for inode with i_count 2
[ 8920.123157] free_cross_bitmap: releasing mem for inode with i_count 2
[ 8920.130429] free_cross_bitmap: releasing mem for inode with i_count 2
[ 8920.137357] free_cross_bitmap: releasing mem for inode with i_count 2
[ 8920.144330] free_cross_bitmap: releasing mem for inode with i_count 2
[ 8920.151219] free_cross_bitmap: releasing mem for inode with i_count 2
[ 8920.158136] free_cross_bitmap: releasing mem for inode with i_count 2
[ 8920.165057] free_cross_bitmap: releasing mem for inode with i_count 2
[ 8920.172316] free_cross_bitmap: releasing mem for inode with i_count 2
[ 8920.179276] free_cross_bitmap: releasing mem for inode with i_count 2
[ 8920.186257] free_cross_bitmap: releasing mem for inode with i_count 2
[ 8920.193224] free_cross_bitmap: releasing mem for inode with i_count 2
[ 8920.200153] free_cross_bitmap: releasing mem for inode with i_count 2
[ 8920.207077] free_cross_bitmap: releasing mem for inode with i_count 2
[ 8920.214340] free_cross_bitmap: releasing mem for inode with i_count 2
[ 8920.221265] free_cross_bitmap: releasing mem for inode with i_count 2
[ 8920.228216] free_cross_bitmap: releasing mem for inode with i_count 2
[ 8920.235109] free_cross_bitmap: releasing mem for inode with i_count 2
[ 8920.242100] free_cross_bitmap: releasing mem for inode with i_count 2
[ 8920.249076] free_cross_bitmap: releasing mem for inode with i_count 2
[ 8920.256339] free_cross_bitmap: releasing mem for inode with i_count 2
[ 8920.263318] free_cross_bitmap: releasing mem for inode with i_count 2
[ 8920.270222] free_cross_bitmap: releasing mem for inode with i_count 2
[ 8920.277162] free_cross_bitmap: releasing mem for inode with i_count 2
[ 8920.284146] free_cross_bitmap: releasing mem for inode with i_count 2
[ 8920.291098] free_cross_bitmap: releasing mem for inode with i_count 2
[ 8920.298409] free_cross_bitmap: releasing mem for inode with i_count 2
[ 8920.305308] free_cross_bitmap: releasing mem for inode with i_count 2
[ 8920.312262] free_cross_bitmap: releasing mem for inode with i_count 2
[ 8920.319195] free_cross_bitmap: releasing mem for inode with i_count 2
[ 8920.326128] free_cross_bitmap: releasing mem for inode with i_count 2
[ 8920.333072] free_cross_bitmap: releasing mem for inode with i_count 2
[ 8920.340505] free_cross_bitmap: releasing mem for inode with i_count 2
[ 8920.347486] free_cross_bitmap: releasing mem for inode with i_count 2
[ 8920.354451] free_cross_bitmap: releasing mem for inode with i_count 2
[ 8920.361413] free_cross_bitmap: releasing mem for inode with i_count 2
[ 8920.368434] free_cross_bitmap: releasing mem for inode with i_count 2
[ 8920.375382] free_cross_bitmap: releasing mem for inode with i_count 2
[ 8920.382661] free_cross_bitmap: releasing mem for inode with i_count 2
[ 8920.389630] free_cross_bitmap: releasing mem for inode with i_count 2
[ 8920.396560] free_cross_bitmap: releasing mem for inode with i_count 2
[ 8920.403510] free_cross_bitmap: releasing mem for inode with i_count 2
[ 8920.410476] free_cross_bitmap: releasing mem for inode with i_count 2
[ 8920.417416] free_cross_bitmap: releasing mem for inode with i_count 2
[ 8920.424739] free_cross_bitmap: releasing mem for inode with i_count 2
[ 8920.431638] free_cross_bitmap: releasing mem for inode with i_count 2
[ 8920.438581] free_cross_bitmap: releasing mem for inode with i_count 2
[ 8920.445471] free_cross_bitmap: releasing mem for inode with i_count 2
[ 8920.452556] free_cross_bitmap: releasing mem for inode with i_count 2
[ 8920.459535] free_cross_bitmap: releasing mem for inode with i_count 2
[ 8920.466751] free_cross_bitmap: releasing mem for inode with i_count 2
[ 8920.473703] free_cross_bitmap: releasing mem for inode with i_count 2
[ 8920.480617] free_cross_bitmap: releasing mem for inode with i_count 2
[ 8920.487542] free_cross_bitmap: releasing mem for inode with i_count 2
[ 8920.494501] free_cross_bitmap: releasing mem for inode with i_count 2
[ 8920.501439] free_cross_bitmap: releasing mem for inode with i_count 2
[ 8920.508861] free_cross_bitmap: releasing mem for inode with i_count 2
[ 8920.515768] free_cross_bitmap: releasing mem for inode with i_count 2
[ 8920.522727] free_cross_bitmap: releasing mem for inode with i_count 2
[ 8920.529673] free_cross_bitmap: releasing mem for inode with i_count 2
[ 8920.536591] free_cross_bitmap: releasing mem for inode with i_count 2
[ 8920.543496] free_cross_bitmap: releasing mem for inode with i_count 2
[ 8920.550825] free_cross_bitmap: releasing mem for inode with i_count 2
[ 8920.557718] free_cross_bitmap: releasing mem for inode with i_count 2
[ 8920.564665] free_cross_bitmap: releasing mem for inode with i_count 2
[ 8920.571582] free_cross_bitmap: releasing mem for inode with i_count 2
[ 8920.578539] free_cross_bitmap: releasing mem for inode with i_count 2
[ 8920.585467] free_cross_bitmap: releasing mem for inode with i_count 2
[ 8920.592778] free_cross_bitmap: releasing mem for inode with i_count 2
[ 8920.599697] free_cross_bitmap: releasing mem for inode with i_count 2
[ 8920.606596] free_cross_bitmap: releasing mem for inode with i_count 2
[ 8920.613537] free_cross_bitmap: releasing mem for inode with i_count 2
[ 8920.620468] free_cross_bitmap: releasing mem for inode with i_count 2
[ 8920.627374] free_cross_bitmap: releasing mem for inode with i_count 2
[ 8920.634697] free_cross_bitmap: releasing mem for inode with i_count 2
[ 8920.641626] free_cross_bitmap: releasing mem for inode with i_count 2
[ 8920.648507] free_cross_bitmap: releasing mem for inode with i_count 2
[ 8920.655424] free_cross_bitmap: releasing mem for inode with i_count 2
[ 8920.662307] free_cross_bitmap: releasing mem for inode with i_count 2
[ 8920.669242] free_cross_bitmap: releasing mem for inode with i_count 2
[ 8920.676493] free_cross_bitmap: releasing mem for inode with i_count 2
[ 8920.683436] free_cross_bitmap: releasing mem for inode with i_count 2
[ 8920.690412] free_cross_bitmap: releasing mem for inode with i_count 2
[ 8920.697331] free_cross_bitmap: releasing mem for inode with i_count 2
[ 8920.704237] free_cross_bitmap: releasing mem for inode with i_count 2
[ 8920.711199] free_cross_bitmap: releasing mem for inode with i_count 2
[ 8920.718406] free_cross_bitmap: releasing mem for inode with i_count 2
[ 8920.725322] free_cross_bitmap: releasing mem for inode with i_count 2
[ 8920.732213] free_cross_bitmap: releasing mem for inode with i_count 2
[ 8920.739147] free_cross_bitmap: releasing mem for inode with i_count 2
[ 8920.746054] free_cross_bitmap: releasing mem for inode with i_count 2
[ 8920.752961] free_cross_bitmap: releasing mem for inode with i_count 2
[ 8920.760257] free_cross_bitmap: releasing mem for inode with i_count 2
[ 8920.767185] free_cross_bitmap: releasing mem for inode with i_count 2
[ 8920.774084] free_cross_bitmap: releasing mem for inode with i_count 2
[ 8920.781021] free_cross_bitmap: releasing mem for inode with i_count 2
[ 8920.787924] free_cross_bitmap: releasing mem for inode with i_count 2
[ 8920.794859] free_cross_bitmap: releasing mem for inode with i_count 2
[ 8920.802178] free_cross_bitmap: releasing mem for inode with i_count 2
[ 8920.809078] free_cross_bitmap: releasing mem for inode with i_count 2
[ 8920.815984] free_cross_bitmap: releasing mem for inode with i_count 2
[ 8920.822882] free_cross_bitmap: releasing mem for inode with i_count 2
[ 8920.829814] free_cross_bitmap: releasing mem for inode with i_count 2
[ 8920.836718] free_cross_bitmap: releasing mem for inode with i_count 2
[ 8920.843963] free_cross_bitmap: releasing mem for inode with i_count 2
[ 8920.850902] free_cross_bitmap: releasing mem for inode with i_count 2
[ 8920.857826] free_cross_bitmap: releasing mem for inode with i_count 2
[ 8920.864741] free_cross_bitmap: releasing mem for inode with i_count 2
[ 8920.871662] free_cross_bitmap: releasing mem for inode with i_count 2
[ 8920.878588] free_cross_bitmap: releasing mem for inode with i_count 2
[ 8920.885850] free_cross_bitmap: releasing mem for inode with i_count 2
[ 8920.892792] free_cross_bitmap: releasing mem for inode with i_count 2
[ 8920.899676] free_cross_bitmap: releasing mem for inode with i_count 2
[ 8920.906596] free_cross_bitmap: releasing mem for inode with i_count 2
[ 8920.913486] free_cross_bitmap: releasing mem for inode with i_count 2
[ 8920.920414] free_cross_bitmap: releasing mem for inode with i_count 2
[ 8920.929521] free_cross_bitmap: releasing mem for inode with i_count 2
[ 8920.936733] sh (46820): drop_caches: 3
[ 8920.967903] sh (47011): drop_caches: 3
[ 8925.993056] Enabled file stats for time:47018
[ 8925.993258] write_proc: Value of write = 0
[ 8925.998636] Enabled file stats for db_bench:47027
[ 8925.998839] write_proc: Value of write = 0
[ 8926.053687] alloc_cross_bitmap: preallocate 268435456 pg, nr_longs=4194304 in 12 millisec
[ 8926.053995] alloc_cross_bitmap: preallocate 268435456 pg, nr_longs=4194304 in 12 millisec
[ 8926.054315] alloc_cross_bitmap: preallocate 268435456 pg, nr_longs=4194304 in 16 millisec
[ 8926.055073] alloc_cross_bitmap: preallocate 268435456 pg, nr_longs=4194304 in 16 millisec
[ 8926.055415] alloc_cross_bitmap: preallocate 268435456 pg, nr_longs=4194304 in 16 millisec
[ 8926.055495] alloc_cross_bitmap: preallocate 268435456 pg, nr_longs=4194304 in 16 millisec
[ 8926.055700] alloc_cross_bitmap: preallocate 268435456 pg, nr_longs=4194304 in 16 millisec
[ 8926.055714] alloc_cross_bitmap: preallocate 268435456 pg, nr_longs=4194304 in 16 millisec
[ 8926.056143] alloc_cross_bitmap: preallocate 268435456 pg, nr_longs=4194304 in 16 millisec
[ 8926.056177] alloc_cross_bitmap: preallocate 268435456 pg, nr_longs=4194304 in 16 millisec
[ 8926.056288] alloc_cross_bitmap: preallocate 268435456 pg, nr_longs=4194304 in 16 millisec
[ 8926.056344] alloc_cross_bitmap: preallocate 268435456 pg, nr_longs=4194304 in 16 millisec
[ 8926.056360] alloc_cross_bitmap: preallocate 268435456 pg, nr_longs=4194304 in 16 millisec
[ 8926.057276] alloc_cross_bitmap: preallocate 268435456 pg, nr_longs=4194304 in 16 millisec
[ 8926.057586] alloc_cross_bitmap: preallocate 268435456 pg, nr_longs=4194304 in 16 millisec
[ 8926.057799] alloc_cross_bitmap: preallocate 268435456 pg, nr_longs=4194304 in 16 millisec
[ 8926.082856] alloc_cross_bitmap: preallocate 268435456 pg, nr_longs=4194304 in 4 millisec
[ 8926.084147] alloc_cross_bitmap: preallocate 268435456 pg, nr_longs=4194304 in 4 millisec
[ 8926.084842] alloc_cross_bitmap: preallocate 268435456 pg, nr_longs=4194304 in 4 millisec
[ 8926.087669] alloc_cross_bitmap: preallocate 268435456 pg, nr_longs=4194304 in 8 millisec
[ 8926.087705] alloc_cross_bitmap: preallocate 268435456 pg, nr_longs=4194304 in 8 millisec
[ 8926.089576] alloc_cross_bitmap: preallocate 268435456 pg, nr_longs=4194304 in 8 millisec
[ 8926.089737] alloc_cross_bitmap: preallocate 268435456 pg, nr_longs=4194304 in 8 millisec
[ 8926.089787] alloc_cross_bitmap: preallocate 268435456 pg, nr_longs=4194304 in 8 millisec
[ 8926.090266] alloc_cross_bitmap: preallocate 268435456 pg, nr_longs=4194304 in 8 millisec
[ 8926.090267] alloc_cross_bitmap: preallocate 268435456 pg, nr_longs=4194304 in 8 millisec
[ 8926.090898] alloc_cross_bitmap: preallocate 268435456 pg, nr_longs=4194304 in 12 millisec
[ 8926.093279] alloc_cross_bitmap: preallocate 268435456 pg, nr_longs=4194304 in 12 millisec
[ 8926.093384] alloc_cross_bitmap: preallocate 268435456 pg, nr_longs=4194304 in 12 millisec
[ 8926.093423] alloc_cross_bitmap: preallocate 268435456 pg, nr_longs=4194304 in 12 millisec
[ 8926.103130] alloc_cross_bitmap: preallocate 268435456 pg, nr_longs=4194304 in 4 millisec
[ 8926.106062] alloc_cross_bitmap: preallocate 268435456 pg, nr_longs=4194304 in 4 millisec
[ 8926.107846] alloc_cross_bitmap: preallocate 268435456 pg, nr_longs=4194304 in 4 millisec
[ 8926.112804] alloc_cross_bitmap: preallocate 268435456 pg, nr_longs=4194304 in 4 millisec
[ 8926.117488] alloc_cross_bitmap: preallocate 268435456 pg, nr_longs=4194304 in 4 millisec
[ 8926.117564] alloc_cross_bitmap: preallocate 268435456 pg, nr_longs=4194304 in 4 millisec
[ 8926.119483] alloc_cross_bitmap: preallocate 268435456 pg, nr_longs=4194304 in 8 millisec
[ 8926.120057] alloc_cross_bitmap: preallocate 268435456 pg, nr_longs=4194304 in 4 millisec
[ 8926.120510] alloc_cross_bitmap: preallocate 268435456 pg, nr_longs=4194304 in 4 millisec
[ 8926.120773] alloc_cross_bitmap: preallocate 268435456 pg, nr_longs=4194304 in 4 millisec
[ 8926.124365] alloc_cross_bitmap: preallocate 268435456 pg, nr_longs=4194304 in 8 millisec
[ 8926.124551] alloc_cross_bitmap: preallocate 268435456 pg, nr_longs=4194304 in 8 millisec
[ 8926.124622] alloc_cross_bitmap: preallocate 268435456 pg, nr_longs=4194304 in 8 millisec
[ 8926.129503] alloc_cross_bitmap: preallocate 268435456 pg, nr_longs=4194304 in 4 millisec
[ 8926.129515] alloc_cross_bitmap: preallocate 268435456 pg, nr_longs=4194304 in 4 millisec
[ 8926.131655] alloc_cross_bitmap: preallocate 268435456 pg, nr_longs=4194304 in 4 millisec
[ 8926.133392] alloc_cross_bitmap: preallocate 268435456 pg, nr_longs=4194304 in 4 millisec
[ 8926.133724] alloc_cross_bitmap: preallocate 268435456 pg, nr_longs=4194304 in 4 millisec
[ 8926.134658] alloc_cross_bitmap: preallocate 268435456 pg, nr_longs=4194304 in 4 millisec
[ 8926.138616] alloc_cross_bitmap: preallocate 268435456 pg, nr_longs=4194304 in 4 millisec
[ 8926.139093] alloc_cross_bitmap: preallocate 268435456 pg, nr_longs=4194304 in 4 millisec
[ 8926.139237] alloc_cross_bitmap: preallocate 268435456 pg, nr_longs=4194304 in 4 millisec
[ 8926.139836] alloc_cross_bitmap: preallocate 268435456 pg, nr_longs=4194304 in 4 millisec
[ 8926.190561] alloc_cross_bitmap: preallocate 268435456 pg, nr_longs=4194304 in 12 millisec
[ 8926.190640] alloc_cross_bitmap: preallocate 268435456 pg, nr_longs=4194304 in 12 millisec
[ 8926.190899] alloc_cross_bitmap: preallocate 268435456 pg, nr_longs=4194304 in 12 millisec
[ 8926.191050] alloc_cross_bitmap: preallocate 268435456 pg, nr_longs=4194304 in 12 millisec
[ 8926.191156] alloc_cross_bitmap: preallocate 268435456 pg, nr_longs=4194304 in 12 millisec
[ 8926.191470] alloc_cross_bitmap: preallocate 268435456 pg, nr_longs=4194304 in 12 millisec
[ 8926.191511] alloc_cross_bitmap: preallocate 268435456 pg, nr_longs=4194304 in 12 millisec
[ 8926.191527] alloc_cross_bitmap: preallocate 268435456 pg, nr_longs=4194304 in 12 millisec
[ 8926.191544] alloc_cross_bitmap: preallocate 268435456 pg, nr_longs=4194304 in 12 millisec
[ 8926.191924] alloc_cross_bitmap: preallocate 268435456 pg, nr_longs=4194304 in 12 millisec
[ 8926.192741] alloc_cross_bitmap: preallocate 268435456 pg, nr_longs=4194304 in 12 millisec
[ 8926.192769] alloc_cross_bitmap: preallocate 268435456 pg, nr_longs=4194304 in 12 millisec
[ 8926.194336] alloc_cross_bitmap: preallocate 268435456 pg, nr_longs=4194304 in 16 millisec
[ 8926.194424] alloc_cross_bitmap: preallocate 268435456 pg, nr_longs=4194304 in 16 millisec
[ 8926.194448] alloc_cross_bitmap: preallocate 268435456 pg, nr_longs=4194304 in 16 millisec
[ 8926.219711] alloc_cross_bitmap: preallocate 268435456 pg, nr_longs=4194304 in 4 millisec
[ 8926.221346] alloc_cross_bitmap: preallocate 268435456 pg, nr_longs=4194304 in 4 millisec
[ 8926.225277] alloc_cross_bitmap: preallocate 268435456 pg, nr_longs=4194304 in 8 millisec
[ 8926.226657] alloc_cross_bitmap: preallocate 268435456 pg, nr_longs=4194304 in 12 millisec
[ 8926.227254] alloc_cross_bitmap: preallocate 268435456 pg, nr_longs=4194304 in 12 millisec
[ 8926.227325] alloc_cross_bitmap: preallocate 268435456 pg, nr_longs=4194304 in 12 millisec
[ 8926.227456] alloc_cross_bitmap: preallocate 268435456 pg, nr_longs=4194304 in 12 millisec
[ 8926.227907] alloc_cross_bitmap: preallocate 268435456 pg, nr_longs=4194304 in 8 millisec
[ 8926.228649] alloc_cross_bitmap: preallocate 268435456 pg, nr_longs=4194304 in 8 millisec
[ 8926.229272] alloc_cross_bitmap: preallocate 268435456 pg, nr_longs=4194304 in 8 millisec
[ 8926.229394] alloc_cross_bitmap: preallocate 268435456 pg, nr_longs=4194304 in 8 millisec
[ 8926.229774] alloc_cross_bitmap: preallocate 268435456 pg, nr_longs=4194304 in 8 millisec
[ 8926.229885] alloc_cross_bitmap: preallocate 268435456 pg, nr_longs=4194304 in 8 millisec
[ 8926.231696] alloc_cross_bitmap: preallocate 268435456 pg, nr_longs=4194304 in 12 millisec
[ 8926.231832] alloc_cross_bitmap: preallocate 268435456 pg, nr_longs=4194304 in 12 millisec
[ 8926.231846] alloc_cross_bitmap: preallocate 268435456 pg, nr_longs=4194304 in 12 millisec
[ 8926.241591] alloc_cross_bitmap: preallocate 268435456 pg, nr_longs=4194304 in 4 millisec
[ 8926.246052] alloc_cross_bitmap: preallocate 268435456 pg, nr_longs=4194304 in 0 millisec
[ 8926.254699] alloc_cross_bitmap: preallocate 268435456 pg, nr_longs=4194304 in 4 millisec
[ 8926.256329] alloc_cross_bitmap: preallocate 268435456 pg, nr_longs=4194304 in 4 millisec
[ 8926.257201] alloc_cross_bitmap: preallocate 268435456 pg, nr_longs=4194304 in 4 millisec
[ 8926.258580] alloc_cross_bitmap: preallocate 268435456 pg, nr_longs=4194304 in 8 millisec
[ 8926.258636] alloc_cross_bitmap: preallocate 268435456 pg, nr_longs=4194304 in 8 millisec
[ 8926.259752] alloc_cross_bitmap: preallocate 268435456 pg, nr_longs=4194304 in 4 millisec
[ 8926.262518] alloc_cross_bitmap: preallocate 268435456 pg, nr_longs=4194304 in 8 millisec
[ 8926.263028] alloc_cross_bitmap: preallocate 268435456 pg, nr_longs=4194304 in 8 millisec
[ 8926.263161] alloc_cross_bitmap: preallocate 268435456 pg, nr_longs=4194304 in 8 millisec
[ 8926.263390] alloc_cross_bitmap: preallocate 268435456 pg, nr_longs=4194304 in 8 millisec
[ 8926.265882] alloc_cross_bitmap: preallocate 268435456 pg, nr_longs=4194304 in 8 millisec
[ 8926.266232] alloc_cross_bitmap: preallocate 268435456 pg, nr_longs=4194304 in 8 millisec
[ 8926.266332] alloc_cross_bitmap: preallocate 268435456 pg, nr_longs=4194304 in 12 millisec
[ 8926.267100] alloc_cross_bitmap: preallocate 268435456 pg, nr_longs=4194304 in 4 millisec
[ 8926.270939] alloc_cross_bitmap: preallocate 268435456 pg, nr_longs=4194304 in 4 millisec
[ 8926.271036] alloc_cross_bitmap: preallocate 268435456 pg, nr_longs=4194304 in 4 millisec
[ 8926.279142] alloc_cross_bitmap: preallocate 268435456 pg, nr_longs=4194304 in 4 millisec
[ 8926.283403] alloc_cross_bitmap: preallocate 268435456 pg, nr_longs=4194304 in 4 millisec
[ 8926.283484] alloc_cross_bitmap: preallocate 268435456 pg, nr_longs=4194304 in 4 millisec
[ 8926.285205] alloc_cross_bitmap: preallocate 268435456 pg, nr_longs=4194304 in 4 millisec
[ 8926.289773] alloc_cross_bitmap: preallocate 268435456 pg, nr_longs=4194304 in 4 millisec
[ 8926.290046] alloc_cross_bitmap: preallocate 268435456 pg, nr_longs=4194304 in 4 millisec
[ 8926.290207] alloc_cross_bitmap: preallocate 268435456 pg, nr_longs=4194304 in 4 millisec
[ 8926.290243] alloc_cross_bitmap: preallocate 268435456 pg, nr_longs=4194304 in 4 millisec
[ 8926.290457] alloc_cross_bitmap: preallocate 268435456 pg, nr_longs=4194304 in 8 millisec
[ 8926.290494] alloc_cross_bitmap: preallocate 268435456 pg, nr_longs=4194304 in 8 millisec
[ 8926.292029] alloc_cross_bitmap: preallocate 268435456 pg, nr_longs=4194304 in 4 millisec
[ 8926.292042] alloc_cross_bitmap: preallocate 268435456 pg, nr_longs=4194304 in 4 millisec
[ 8926.344067] alloc_cross_bitmap: preallocate 268435456 pg, nr_longs=4194304 in 8 millisec
[ 8926.345300] alloc_cross_bitmap: preallocate 268435456 pg, nr_longs=4194304 in 8 millisec
[ 8926.345905] alloc_cross_bitmap: preallocate 268435456 pg, nr_longs=4194304 in 8 millisec
[ 8926.345971] alloc_cross_bitmap: preallocate 268435456 pg, nr_longs=4194304 in 8 millisec
[ 8926.346208] alloc_cross_bitmap: preallocate 268435456 pg, nr_longs=4194304 in 8 millisec
[ 8926.346654] alloc_cross_bitmap: preallocate 268435456 pg, nr_longs=4194304 in 12 millisec
[ 8926.346728] alloc_cross_bitmap: preallocate 268435456 pg, nr_longs=4194304 in 12 millisec
[ 8926.346855] alloc_cross_bitmap: preallocate 268435456 pg, nr_longs=4194304 in 12 millisec
[ 8926.346857] alloc_cross_bitmap: preallocate 268435456 pg, nr_longs=4194304 in 12 millisec
[ 8926.347160] alloc_cross_bitmap: preallocate 268435456 pg, nr_longs=4194304 in 12 millisec
[ 8926.348062] alloc_cross_bitmap: preallocate 268435456 pg, nr_longs=4194304 in 12 millisec
[ 8926.348072] alloc_cross_bitmap: preallocate 268435456 pg, nr_longs=4194304 in 12 millisec
[ 8926.349388] alloc_cross_bitmap: preallocate 268435456 pg, nr_longs=4194304 in 12 millisec
[ 8926.349650] alloc_cross_bitmap: preallocate 268435456 pg, nr_longs=4194304 in 12 millisec
[ 8926.349687] alloc_cross_bitmap: preallocate 268435456 pg, nr_longs=4194304 in 12 millisec
[ 8926.372333] alloc_cross_bitmap: preallocate 268435456 pg, nr_longs=4194304 in 4 millisec
[ 8926.375952] alloc_cross_bitmap: preallocate 268435456 pg, nr_longs=4194304 in 4 millisec
[ 8926.377022] alloc_cross_bitmap: preallocate 268435456 pg, nr_longs=4194304 in 4 millisec
[ 8926.377913] alloc_cross_bitmap: preallocate 268435456 pg, nr_longs=4194304 in 4 millisec
[ 8926.380254] alloc_cross_bitmap: preallocate 268435456 pg, nr_longs=4194304 in 8 millisec
[ 8926.381275] alloc_cross_bitmap: preallocate 268435456 pg, nr_longs=4194304 in 8 millisec
[ 8926.382754] alloc_cross_bitmap: preallocate 268435456 pg, nr_longs=4194304 in 12 millisec
[ 8926.383275] alloc_cross_bitmap: preallocate 268435456 pg, nr_longs=4194304 in 12 millisec
[ 8926.383998] alloc_cross_bitmap: preallocate 268435456 pg, nr_longs=4194304 in 8 millisec
[ 8926.384556] alloc_cross_bitmap: preallocate 268435456 pg, nr_longs=4194304 in 8 millisec
[ 8926.384721] alloc_cross_bitmap: preallocate 268435456 pg, nr_longs=4194304 in 8 millisec
[ 8926.385039] alloc_cross_bitmap: preallocate 268435456 pg, nr_longs=4194304 in 8 millisec
[ 8926.385166] alloc_cross_bitmap: preallocate 268435456 pg, nr_longs=4194304 in 8 millisec
[ 8926.387057] alloc_cross_bitmap: preallocate 268435456 pg, nr_longs=4194304 in 12 millisec
[ 8926.387133] alloc_cross_bitmap: preallocate 268435456 pg, nr_longs=4194304 in 12 millisec
[ 8926.387177] alloc_cross_bitmap: preallocate 268435456 pg, nr_longs=4194304 in 12 millisec
[ 8926.394808] alloc_cross_bitmap: preallocate 268435456 pg, nr_longs=4194304 in 4 millisec
[ 8926.400226] alloc_cross_bitmap: preallocate 268435456 pg, nr_longs=4194304 in 4 millisec
[ 8926.401995] alloc_cross_bitmap: preallocate 268435456 pg, nr_longs=4194304 in 4 millisec
[ 8926.405673] alloc_cross_bitmap: preallocate 268435456 pg, nr_longs=4194304 in 4 millisec
[ 8926.408016] alloc_cross_bitmap: preallocate 268435456 pg, nr_longs=4194304 in 4 millisec
[ 8926.410382] alloc_cross_bitmap: preallocate 268435456 pg, nr_longs=4194304 in 4 millisec
[ 8926.412736] alloc_cross_bitmap: preallocate 268435456 pg, nr_longs=4194304 in 4 millisec
[ 8926.413827] alloc_cross_bitmap: preallocate 268435456 pg, nr_longs=4194304 in 4 millisec
[ 8926.417898] alloc_cross_bitmap: preallocate 268435456 pg, nr_longs=4194304 in 4 millisec
[ 8926.418541] alloc_cross_bitmap: preallocate 268435456 pg, nr_longs=4194304 in 8 millisec
[ 8926.418952] alloc_cross_bitmap: preallocate 268435456 pg, nr_longs=4194304 in 8 millisec
[ 8926.419087] alloc_cross_bitmap: preallocate 268435456 pg, nr_longs=4194304 in 8 millisec
[ 8926.419264] alloc_cross_bitmap: preallocate 268435456 pg, nr_longs=4194304 in 8 millisec
[ 8926.421675] alloc_cross_bitmap: preallocate 268435456 pg, nr_longs=4194304 in 8 millisec
[ 8926.421937] alloc_cross_bitmap: preallocate 268435456 pg, nr_longs=4194304 in 8 millisec
[ 8926.421964] alloc_cross_bitmap: preallocate 268435456 pg, nr_longs=4194304 in 8 millisec
[ 8926.422342] alloc_cross_bitmap: preallocate 268435456 pg, nr_longs=4194304 in 4 millisec
[ 8926.426492] alloc_cross_bitmap: preallocate 268435456 pg, nr_longs=4194304 in 4 millisec
[ 8926.427976] alloc_cross_bitmap: preallocate 268435456 pg, nr_longs=4194304 in 4 millisec
[ 8926.432856] alloc_cross_bitmap: preallocate 268435456 pg, nr_longs=4194304 in 4 millisec
[ 8926.433303] alloc_cross_bitmap: preallocate 268435456 pg, nr_longs=4194304 in 4 millisec
[ 8926.435488] alloc_cross_bitmap: preallocate 268435456 pg, nr_longs=4194304 in 4 millisec
[ 8926.438258] alloc_cross_bitmap: preallocate 268435456 pg, nr_longs=4194304 in 0 millisec
[ 8926.439464] alloc_cross_bitmap: preallocate 268435456 pg, nr_longs=4194304 in 4 millisec
[ 8926.446310] alloc_cross_bitmap: preallocate 268435456 pg, nr_longs=4194304 in 8 millisec
[ 8926.446819] alloc_cross_bitmap: preallocate 268435456 pg, nr_longs=4194304 in 4 millisec
[ 8926.447427] alloc_cross_bitmap: preallocate 268435456 pg, nr_longs=4194304 in 8 millisec
[ 8926.447661] alloc_cross_bitmap: preallocate 268435456 pg, nr_longs=4194304 in 8 millisec
[ 8926.451089] alloc_cross_bitmap: preallocate 268435456 pg, nr_longs=4194304 in 8 millisec
[ 8926.451293] alloc_cross_bitmap: preallocate 268435456 pg, nr_longs=4194304 in 8 millisec
[ 8926.451303] alloc_cross_bitmap: preallocate 268435456 pg, nr_longs=4194304 in 8 millisec
[ 8926.455931] alloc_cross_bitmap: preallocate 268435456 pg, nr_longs=4194304 in 4 millisec
[ 8926.457227] alloc_cross_bitmap: preallocate 268435456 pg, nr_longs=4194304 in 4 millisec
[ 8926.457529] alloc_cross_bitmap: preallocate 268435456 pg, nr_longs=4194304 in 4 millisec
[ 8926.458320] alloc_cross_bitmap: preallocate 268435456 pg, nr_longs=4194304 in 4 millisec
[ 8926.461179] alloc_cross_bitmap: preallocate 268435456 pg, nr_longs=4194304 in 4 millisec
[ 8926.461465] alloc_cross_bitmap: preallocate 268435456 pg, nr_longs=4194304 in 4 millisec
[ 8926.462231] alloc_cross_bitmap: preallocate 268435456 pg, nr_longs=4194304 in 4 millisec
[ 8926.464974] alloc_cross_bitmap: preallocate 268435456 pg, nr_longs=4194304 in 4 millisec
[ 8926.465081] alloc_cross_bitmap: preallocate 268435456 pg, nr_longs=4194304 in 4 millisec
[ 8926.466715] alloc_cross_bitmap: preallocate 268435456 pg, nr_longs=4194304 in 4 millisec
[ 8926.491680] FinalTaskReport: db_bench:47027 - ra_orig_nr_pages:0, ra_final_nr_pages:0
                                        async_pages:1032, final_async_pages:2168
                                        full_pfetches:0, less256_pfetches:0, partial_pfetches:0
                                        failed_pfetches:0, total_pfetches:0, os_pfetches:91
                                        nr_pages_read:1979, nr_pages_hit:1055, nr_do_read_fault:161
[ 8926.683938] write_proc: Value of write = 0
[ 8926.683952] __do_sys_start_cross_trace: PRINT_GLOBAL_STATS 
[ 8926.683953] Final GlobalReport: nr_pages_read:13201500957, nr_pages_hit:12915882977, nr_do_read_fault:6900660, nr_pages_miss:103874604
[ 8926.683995] FinalTaskReport: time:47018 - ra_orig_nr_pages:0, ra_final_nr_pages:0
                                        async_pages:0, final_async_pages:25
                                        full_pfetches:0, less256_pfetches:0, partial_pfetches:0
                                        failed_pfetches:0, total_pfetches:0, os_pfetches:1
                                        nr_pages_read:0, nr_pages_hit:0, nr_do_read_fault:16
