ENABLE_FILE_STATS in con
ENABLE_FILE_STATS in con
ENABLE_FILE_STATS in con
ENABLE_FILE_STATS in con
ENABLE_FILE_STATS in con
ENABLE_FILE_STATS in con
ENABLE_FILE_STATS in con
ENABLE_FILE_STATS in con
ENABLE_FILE_STATS in con
ENABLE_FILE_STATS in con
ENABLE_FILE_STATS in con
ENABLE_FILE_STATS in con
ENABLE_FILE_STATS in con
ENABLE_FILE_STATS in con
ENABLE_FILE_STATS in con
ENABLE_FILE_STATS in con
ENABLE_FILE_STATS in per_thread_ds
ENABLE_FILE_STATS in per_thread_ds
ENABLE_FILE_STATS in per_thread_ds
ENABLE_FILE_STATS in per_thread_ds
ENABLE_FILE_STATS in per_thread_ds
ENABLE_FILE_STATS in per_thread_ds
ERR:prefetcher_th, pg_diff==0
ERR:prefetcher_th, pg_diff==0
ERR:prefetcher_th, pg_diff==0
ERR:prefetcher_th, pg_diff==0
ERR:prefetcher_th, pg_diff==0
ERR:prefetcher_th, pg_diff==0
ERR:prefetcher_th, pg_diff==0
ERR:prefetcher_th, pg_diff==0
ERR:prefetcher_th, pg_diff==0
ERR:prefetcher_th, pg_diff==0
ERR:prefetcher_th, pg_diff==0
ERR:prefetcher_th, pg_diff==0
ERR:prefetcher_th, pg_diff==0
ERR:prefetcher_th, pg_diff==0
ERR:prefetcher_th, pg_diff==0
ERR:prefetcher_th, pg_diff==0
ENABLE_FILE_STATS in per_thread_ds
ENABLE_FILE_STATS in per_thread_ds
ENABLE_FILE_STATS in per_thread_ds
ENABLE_FILE_STATS in per_thread_ds
ENABLE_FILE_STATS in per_thread_ds
ENABLE_FILE_STATS in per_thread_ds
ERR:prefetcher_th, pg_diff==0
ERR:prefetcher_th, pg_diff==0
ERR:prefetcher_th, pg_diff==0
ERR:prefetcher_th, pg_diff==0
ERR:prefetcher_th, pg_diff==0
ERR:prefetcher_th, pg_diff==0
ERR:prefetcher_th, pg_diff==0
ERR:prefetcher_th, pg_diff==0
ENABLE_FILE_STATS in per_thread_ds
ENABLE_FILE_STATS in per_thread_ds
ERR:prefetcher_th, pg_diff==0
ERR:prefetcher_th, pg_diff==0
ERR:prefetcher_th, pg_diff==0
ERR:prefetcher_th, pg_diff==0
ERR:prefetcher_th, pg_diff==0
ERR:prefetcher_th, pg_diff==0
ENABLE_FILE_STATS in per_thread_ds
ENABLE_FILE_STATS in per_thread_ds
record_open: fd=8 filesize=214 is smaller than 5242880 bytes
record_open: fd=8 filesize=214 is smaller than 5242880 bytes
record_open: fd=8 filesize=214 is smaller than 5242880 bytes
record_open: fd=8 filesize=214 is smaller than 5242880 bytes
record_open: fd=8 filesize=214 is smaller than 5242880 bytes
record_open: fd=8 filesize=214 is smaller than 5242880 bytes
record_open: fd=8 filesize=214 is smaller than 5242880 bytes
record_open: fd=8 filesize=214 is smaller than 5242880 bytes
record_open: fd=8 filesize=214 is smaller than 5242880 bytes
record_open: fd=8 filesize=214 is smaller than 5242880 bytes
record_open: fd=8 filesize=214 is smaller than 5242880 bytes
record_open: fd=12 filesize=214 is smaller than 5242880 bytes
record_open: fd=10 filesize=214 is smaller than 5242880 bytes
record_open: fd=8 filesize=214 is smaller than 5242880 bytes
record_open: fd=8 filesize=214 is smaller than 5242880 bytes
record_open: fd=8 filesize=214 is smaller than 5242880 bytes
-------- Aggregate Performance --------
 READ Restart Perf: 1332.13 BW[MB/s] 12562653184 Bytes 8.99361 MaxTime[sec] 
Total nr_ra = 9297
Total nr_bytes_ra = 38994444288
Total nr_ra = 2737
Total nr_bytes_ra = 11479810048
Total nr_ra = 2737
Total nr_bytes_ra = 11479810048
Total nr_ra = 2737
Total nr_bytes_ra = 11479810048
DESTRUCTOR GETTING CALLED 
PRINT_GLOBAL_STATS in dest
PRINT_GLOBAL_LIB_STATS in dest
DESTRUCTOR GETTING CALLED 
PRINT_GLOBAL_STATS in dest
PRINT_GLOBAL_LIB_STATS in dest
DESTRUCTOR GETTING CALLED 
PRINT_GLOBAL_STATS in dest
PRINT_GLOBAL_LIB_STATS in dest
DESTRUCTOR GETTING CALLED 
PRINT_GLOBAL_STATS in dest
PRINT_GLOBAL_LIB_STATS in dest
Total nr_ra = 2737
Total nr_bytes_ra = 11479810048
Total nr_ra = 2737
Total nr_bytes_ra = 11479810048
Total nr_ra = 2737
Total nr_bytes_ra = 11479810048
DESTRUCTOR GETTING CALLED 
PRINT_GLOBAL_STATS in dest
PRINT_GLOBAL_LIB_STATS in dest
DESTRUCTOR GETTING CALLED 
PRINT_GLOBAL_STATS in dest
PRINT_GLOBAL_LIB_STATS in dest
DESTRUCTOR GETTING CALLED 
PRINT_GLOBAL_STATS in dest
PRINT_GLOBAL_LIB_STATS in dest
DESTRUCTOR GETTING CALLED 
PRINT_GLOBAL_STATS in dest
PRINT_GLOBAL_LIB_STATS in dest
Total nr_ra = 2737
Total nr_bytes_ra = 11479810048
Total nr_ra = 2737
Total nr_bytes_ra = 11479810048
DESTRUCTOR GETTING CALLED 
PRINT_GLOBAL_STATS in dest
PRINT_GLOBAL_LIB_STATS in dest
DESTRUCTOR GETTING CALLED 
PRINT_GLOBAL_STATS in dest
PRINT_GLOBAL_LIB_STATS in dest
Total nr_ra = 2737
Total nr_bytes_ra = 11479810048
DESTRUCTOR GETTING CALLED 
PRINT_GLOBAL_STATS in dest
PRINT_GLOBAL_LIB_STATS in dest
Total nr_ra = 2737
Total nr_bytes_ra = 11479810048
DESTRUCTOR GETTING CALLED 
PRINT_GLOBAL_STATS in dest
PRINT_GLOBAL_LIB_STATS in dest
Total nr_ra = 2737
Total nr_bytes_ra = 11479810048
DESTRUCTOR GETTING CALLED 
PRINT_GLOBAL_STATS in dest
PRINT_GLOBAL_LIB_STATS in dest
Total nr_ra = 2737
Total nr_bytes_ra = 11479810048
DESTRUCTOR GETTING CALLED 
PRINT_GLOBAL_STATS in dest
PRINT_GLOBAL_LIB_STATS in dest
Total nr_ra = 2737
Total nr_bytes_ra = 11479810048
Total nr_ra = 2737
Total nr_bytes_ra = 11479810048
DESTRUCTOR GETTING CALLED 
PRINT_GLOBAL_STATS in dest
PRINT_GLOBAL_LIB_STATS in dest
DESTRUCTOR GETTING CALLED 
PRINT_GLOBAL_STATS in dest
PRINT_GLOBAL_LIB_STATS in dest
Total nr_ra = 2737
Total nr_bytes_ra = 11479810048
[30657.949780] sh (12684): drop_caches: 3
[30658.006639] sh (12689): drop_caches: 3
[30658.046704] write_proc_unbounded: Value of write = 0
[30658.046709] write_proc_unbounded: Value of write = 0
[30658.046712] write_proc_unbounded: Value of write = 0
[30658.046712] write_proc_unbounded: Value of write = 0
[30658.046714] write_proc_2mb_limit: Value of write = 0
[30658.046716] write_proc_2mb_limit: Value of write = 0
[30658.046716] write_proc_unbounded: Value of write = 0
[30658.046720] write_proc_2mb_limit: Value of write = 0
[30658.046720] write_proc_2mb_limit: Value of write = 0
[30658.046721] write_proc_bitmap_shift: Value of write = 37
[30658.046720] write_proc_unbounded: Value of write = 0
[30658.046721] write_proc_unbounded: Value of write = 0
[30658.046720] write_proc_unbounded: Value of write = 0
[30658.046722] write_proc_bitmap_shift: Value of write = 37
[30658.046725] write_proc_2mb_limit: Value of write = 0
[30658.046725] write_proc_bitmap_shift: Value of write = 37
[30658.046727] write_proc_bitmap_shift: Value of write = 37
[30658.046728] write_proc_unbounded: Value of write = 0
[30658.046728] write_proc_unbounded: Value of write = 0
[30658.046729] write_proc_unbounded: Value of write = 0
[30658.046730] write_proc_2mb_limit: Value of write = 0
[30658.046730] write_proc_2mb_limit: Value of write = 0
[30658.046731] write_proc_2mb_limit: Value of write = 0
[30658.046733] write_proc_bitmap_shift: Value of write = 37
[30658.046737] write_proc_bitmap_shift: Value of write = 37
[30658.046737] write_proc_bitmap_shift: Value of write = 37
[30658.046737] write_proc_bitmap_shift: Value of write = 37
[30658.046738] write_proc_2mb_limit: Value of write = 0
[30658.046738] write_proc_2mb_limit: Value of write = 0
[30658.046738] write_proc_unbounded: Value of write = 0
[30658.046742] write_proc_unbounded: Value of write = 0
[30658.046743] write_proc_unbounded: Value of write = 0
[30658.046743] write_proc_unbounded: Value of write = 0
[30658.046744] write_proc_2mb_limit: Value of write = 0
[30658.046744] write_proc_bitmap_shift: Value of write = 37
[30658.046745] write_proc_bitmap_shift: Value of write = 37
[30658.046746] write_proc_2mb_limit: Value of write = 0
[30658.046751] write_proc_2mb_limit: Value of write = 0
[30658.046751] write_proc_2mb_limit: Value of write = 0
[30658.046753] write_proc_bitmap_shift: Value of write = 37
[30658.046753] write_proc_unbounded: Value of write = 0
[30658.046753] write_proc_bitmap_shift: Value of write = 37
[30658.046754] write_proc_2mb_limit: Value of write = 0
[30658.046757] write_proc_bitmap_shift: Value of write = 37
[30658.046757] write_proc_bitmap_shift: Value of write = 37
[30658.046759] write_proc_2mb_limit: Value of write = 0
[30658.046759] write_proc_bitmap_shift: Value of write = 37
[30658.046764] write_proc_bitmap_shift: Value of write = 37
[30667.213654] write_proc_unbounded: Value of write = 0
[30667.213662] write_proc_2mb_limit: Value of write = 0
[30667.213830] write_proc_unbounded: Value of write = 0
[30667.213840] write_proc_2mb_limit: Value of write = 0
[30667.213984] write_proc_unbounded: Value of write = 0
[30667.213992] write_proc_2mb_limit: Value of write = 0
[30667.214047] write_proc_unbounded: Value of write = 0
[30667.214054] write_proc_2mb_limit: Value of write = 0
[30667.214142] write_proc_unbounded: Value of write = 0
[30667.214149] write_proc_2mb_limit: Value of write = 0
[30667.214151] write_proc_unbounded: Value of write = 0
[30667.214155] write_proc_2mb_limit: Value of write = 0
[30667.214183] write_proc_unbounded: Value of write = 0
[30667.214188] write_proc_2mb_limit: Value of write = 0
[30667.214246] write_proc_unbounded: Value of write = 0
[30667.214251] write_proc_2mb_limit: Value of write = 0
[30667.214360] write_proc_unbounded: Value of write = 0
[30667.214368] write_proc_2mb_limit: Value of write = 0
[30667.214682] write_proc_unbounded: Value of write = 0
[30667.214701] write_proc_2mb_limit: Value of write = 0
[30667.214795] write_proc_unbounded: Value of write = 0
[30667.214812] write_proc_2mb_limit: Value of write = 0
[30667.214860] write_proc_unbounded: Value of write = 0
[30667.214869] write_proc_2mb_limit: Value of write = 0
[30667.214899] write_proc_unbounded: Value of write = 0
[30667.214918] write_proc_2mb_limit: Value of write = 0
[30667.214990] write_proc_unbounded: Value of write = 0
[30667.215009] write_proc_2mb_limit: Value of write = 0
[30667.215203] write_proc_unbounded: Value of write = 0
[30667.215223] write_proc_2mb_limit: Value of write = 0
[30667.216596] write_proc_unbounded: Value of write = 0
[30667.216603] write_proc_2mb_limit: Value of write = 0
