ENABLE_FILE_STATS in con
ENABLE_FILE_STATS in con
ENABLE_FILE_STATS in con
ENABLE_FILE_STATS in con
ENABLE_FILE_STATS in con
ENABLE_FILE_STATS in con
ENABLE_FILE_STATS in con
ENABLE_FILE_STATS in con
ENABLE_FILE_STATS in con
ENABLE_FILE_STATS in con
ENABLE_FILE_STATS in con
ENABLE_FILE_STATS in con
ENABLE_FILE_STATS in con
ENABLE_FILE_STATS in con
ENABLE_FILE_STATS in con
ENABLE_FILE_STATS in con
ENABLE_FILE_STATS in per_thread_ds
ENABLE_FILE_STATS in per_thread_ds
ENABLE_FILE_STATS in per_thread_ds
ENABLE_FILE_STATS in per_thread_ds
ENABLE_FILE_STATS in per_thread_ds
ENABLE_FILE_STATS in per_thread_ds
ENABLE_FILE_STATS in per_thread_ds
ENABLE_FILE_STATS in per_thread_ds
ENABLE_FILE_STATS in per_thread_ds
ENABLE_FILE_STATS in per_thread_ds
ENABLE_FILE_STATS in per_thread_ds
ENABLE_FILE_STATS in per_thread_ds
ENABLE_FILE_STATS in per_thread_ds
ENABLE_FILE_STATS in per_thread_ds
ENABLE_FILE_STATS in per_thread_ds
ENABLE_FILE_STATS in per_thread_ds
-------- Aggregate Performance --------
 READ Restart Perf: 2220.16 BW[MB/s] 12562653184 Bytes 5.39631 MaxTime[sec] 
Total nr_ra = 0
Total nr_bytes_ra = 0
DESTRUCTOR GETTING CALLED 
PRINT_GLOBAL_STATS in dest
PRINT_GLOBAL_LIB_STATS in dest
Total nr_ra = 0
Total nr_bytes_ra = 0
DESTRUCTOR GETTING CALLED 
PRINT_GLOBAL_STATS in dest
PRINT_GLOBAL_LIB_STATS in dest
DESTRUCTOR GETTING CALLED 
PRINT_GLOBAL_STATS in dest
PRINT_GLOBAL_LIB_STATS in dest
Total nr_ra = 0
Total nr_bytes_ra = 0
DESTRUCTOR GETTING CALLED 
PRINT_GLOBAL_STATS in dest
PRINT_GLOBAL_LIB_STATS in dest
Total nr_ra = 0
Total nr_bytes_ra = 0
DESTRUCTOR GETTING CALLED 
PRINT_GLOBAL_STATS in dest
Total nr_ra = 0
Total nr_bytes_ra = 0
PRINT_GLOBAL_LIB_STATS in dest
Total nr_ra = 0
Total nr_bytes_ra = 0
DESTRUCTOR GETTING CALLED 
PRINT_GLOBAL_STATS in dest
PRINT_GLOBAL_LIB_STATS in dest
DESTRUCTOR GETTING CALLED 
PRINT_GLOBAL_STATS in dest
PRINT_GLOBAL_LIB_STATS in dest
Total nr_ra = 0
Total nr_bytes_ra = 0
DESTRUCTOR GETTING CALLED 
PRINT_GLOBAL_STATS in dest
PRINT_GLOBAL_LIB_STATS in dest
Total nr_ra = 0
Total nr_bytes_ra = 0
DESTRUCTOR GETTING CALLED 
PRINT_GLOBAL_STATS in dest
PRINT_GLOBAL_LIB_STATS in dest
Total nr_ra = 0
Total nr_bytes_ra = 0
DESTRUCTOR GETTING CALLED 
PRINT_GLOBAL_STATS in dest
PRINT_GLOBAL_LIB_STATS in dest
Total nr_ra = 0
Total nr_bytes_ra = 0
DESTRUCTOR GETTING CALLED 
PRINT_GLOBAL_STATS in dest
PRINT_GLOBAL_LIB_STATS in dest
Total nr_ra = 0
Total nr_bytes_ra = 0
DESTRUCTOR GETTING CALLED 
PRINT_GLOBAL_STATS in dest
PRINT_GLOBAL_LIB_STATS in dest
Total nr_ra = 0
Total nr_bytes_ra = 0
DESTRUCTOR GETTING CALLED 
PRINT_GLOBAL_STATS in dest
PRINT_GLOBAL_LIB_STATS in dest
Total nr_ra = 0
Total nr_bytes_ra = 0
Total nr_ra = 0
Total nr_bytes_ra = 0
DESTRUCTOR GETTING CALLED 
PRINT_GLOBAL_STATS in dest
PRINT_GLOBAL_LIB_STATS in dest
DESTRUCTOR GETTING CALLED 
PRINT_GLOBAL_STATS in dest
PRINT_GLOBAL_LIB_STATS in dest
Total nr_ra = 0
Total nr_bytes_ra = 0
DESTRUCTOR GETTING CALLED 
PRINT_GLOBAL_STATS in dest
PRINT_GLOBAL_LIB_STATS in dest
Total nr_ra = 0
Total nr_bytes_ra = 0
[30634.084568] sh (12532): drop_caches: 3
[30634.129399] sh (12537): drop_caches: 3
[30634.168475] write_proc_unbounded: Value of write = 0
[30634.168476] write_proc_unbounded: Value of write = 0
[30634.168476] write_proc_unbounded: Value of write = 0
[30634.168477] write_proc_unbounded: Value of write = 0
[30634.168484] write_proc_unbounded: Value of write = 0
[30634.168484] write_proc_unbounded: Value of write = 0
[30634.168488] write_proc_2mb_limit: Value of write = 0
[30634.168488] write_proc_2mb_limit: Value of write = 0
[30634.168488] write_proc_2mb_limit: Value of write = 0
[30634.168488] write_proc_2mb_limit: Value of write = 0
[30634.168494] write_proc_2mb_limit: Value of write = 0
[30634.168494] write_proc_2mb_limit: Value of write = 0
[30634.168494] write_proc_bitmap_shift: Value of write = 37
[30634.168494] write_proc_unbounded: Value of write = 0
[30634.168495] write_proc_unbounded: Value of write = 0
[30634.168496] write_proc_bitmap_shift: Value of write = 37
[30634.168496] write_proc_bitmap_shift: Value of write = 37
[30634.168497] write_proc_unbounded: Value of write = 0
[30634.168497] write_proc_bitmap_shift: Value of write = 37
[30634.168497] write_proc_unbounded: Value of write = 0
[30634.168498] write_proc_unbounded: Value of write = 0
[30634.168500] write_proc_bitmap_shift: Value of write = 37
[30634.168502] write_proc_2mb_limit: Value of write = 0
[30634.168502] write_proc_unbounded: Value of write = 0
[30634.168505] write_proc_bitmap_shift: Value of write = 37
[30634.168507] write_proc_2mb_limit: Value of write = 0
[30634.168507] write_proc_2mb_limit: Value of write = 0
[30634.168507] write_proc_2mb_limit: Value of write = 0
[30634.168507] write_proc_2mb_limit: Value of write = 0
[30634.168509] write_proc_bitmap_shift: Value of write = 37
[30634.168509] write_proc_2mb_limit: Value of write = 0
[30634.168514] write_proc_bitmap_shift: Value of write = 37
[30634.168516] write_proc_unbounded: Value of write = 0
[30634.168516] write_proc_bitmap_shift: Value of write = 37
[30634.168516] write_proc_bitmap_shift: Value of write = 37
[30634.168516] write_proc_unbounded: Value of write = 0
[30634.168517] write_proc_bitmap_shift: Value of write = 37
[30634.168518] write_proc_bitmap_shift: Value of write = 37
[30634.168519] write_proc_unbounded: Value of write = 0
[30634.168526] write_proc_2mb_limit: Value of write = 0
[30634.168526] write_proc_2mb_limit: Value of write = 0
[30634.168528] write_proc_2mb_limit: Value of write = 0
[30634.168528] write_proc_unbounded: Value of write = 0
[30634.168531] write_proc_bitmap_shift: Value of write = 37
[30634.168531] write_proc_bitmap_shift: Value of write = 37
[30634.168536] write_proc_bitmap_shift: Value of write = 37
[30634.168537] write_proc_2mb_limit: Value of write = 0
[30634.168541] write_proc_bitmap_shift: Value of write = 37
[30639.759826] write_proc_unbounded: Value of write = 0
[30639.759835] write_proc_2mb_limit: Value of write = 0
[30639.759951] write_proc_unbounded: Value of write = 0
[30639.759959] write_proc_2mb_limit: Value of write = 0
[30639.760159] write_proc_unbounded: Value of write = 0
[30639.760165] write_proc_2mb_limit: Value of write = 0
[30639.760262] write_proc_unbounded: Value of write = 0
[30639.760267] write_proc_2mb_limit: Value of write = 0
[30639.760305] write_proc_unbounded: Value of write = 0
[30639.760312] write_proc_2mb_limit: Value of write = 0
[30639.760337] write_proc_unbounded: Value of write = 0
[30639.760345] write_proc_2mb_limit: Value of write = 0
[30639.760440] write_proc_unbounded: Value of write = 0
[30639.760448] write_proc_2mb_limit: Value of write = 0
[30639.760461] write_proc_unbounded: Value of write = 0
[30639.760477] write_proc_2mb_limit: Value of write = 0
[30639.760876] write_proc_unbounded: Value of write = 0
[30639.760885] write_proc_2mb_limit: Value of write = 0
[30639.760898] write_proc_unbounded: Value of write = 0
[30639.760903] write_proc_2mb_limit: Value of write = 0
[30639.760995] write_proc_unbounded: Value of write = 0
[30639.761000] write_proc_2mb_limit: Value of write = 0
[30639.761154] write_proc_unbounded: Value of write = 0
[30639.761158] write_proc_2mb_limit: Value of write = 0
[30639.761188] write_proc_unbounded: Value of write = 0
[30639.761205] write_proc_2mb_limit: Value of write = 0
[30639.761498] write_proc_unbounded: Value of write = 0
[30639.761525] write_proc_2mb_limit: Value of write = 0
[30639.762106] write_proc_unbounded: Value of write = 0
[30639.762123] write_proc_2mb_limit: Value of write = 0
[30639.762751] write_proc_unbounded: Value of write = 0
[30639.762757] write_proc_2mb_limit: Value of write = 0
