ENABLE_FILE_STATS in con
ENABLE_FILE_STATS in per_thread_ds
ENABLE_FILE_STATS in con
ENABLE_FILE_STATS in per_thread_ds
ENABLE_FILE_STATS in per_thread_ds
ENABLE_FILE_STATS in per_thread_ds
Command terminated by signal 11
	Command being timed: "./db_bench --db=/users/kannan11/ssd/prefetching/appbench/apps/rocksdb/DATA --value_size=4096 --wal_dir=/users/kannan11/ssd/prefetching/appbench/apps/rocksdb/DATA/WAL_LOG --sync=0 --key_size=1000 --write_buffer_size=67108864 --num=5000000 --seed=1576170874 --benchmarks=fillrandom --use_existing_db=1 --mmap_read=0 --threads=8"
	User time (seconds): 0.00
	System time (seconds): 0.00
	Percent of CPU this job got: 57%
	Elapsed (wall clock) time (h:mm:ss or m:ss): 0:00.02
	Average shared text size (kbytes): 0
	Average unshared data size (kbytes): 0
	Average stack size (kbytes): 0
	Average total size (kbytes): 0
	Maximum resident set size (kbytes): 13732
	Average resident set size (kbytes): 0
	Major (requiring I/O) page faults: 76
	Minor (reclaiming a frame) page faults: 1787
	Voluntary context switches: 137
	Involuntary context switches: 2
	Swaps: 0
	File system inputs: 19712
	File system outputs: 8
	Socket messages sent: 0
	Socket messages received: 0
	Signals delivered: 0
	Page size (bytes): 4096
	Exit status: 0
DESTRUCTOR GETTING CALLED 
PRINT_GLOBAL_STATS in dest
PRINT_GLOBAL_LIB_STATS in dest
Total nr_ra = 0
Total nr_bytes_ra = 0
[103024.174096] sh (9657): drop_caches: 3
[103024.204327] sh (9662): drop_caches: 3
[103029.228919] write_proc_unbounded: Value of write = 0
[103029.228927] write_proc_2mb_limit: Value of write = 0
[103029.228931] write_proc_bitmap_shift: Value of write = 28
[103029.235719] write_proc_unbounded: Value of write = 0
[103029.235726] write_proc_2mb_limit: Value of write = 0
[103029.235729] write_proc_bitmap_shift: Value of write = 28
[103029.251261] write_proc_unbounded: Value of write = 0
[103029.251267] write_proc_2mb_limit: Value of write = 0
