RocksDB:    version 7.6.0
Date:       Fri Oct  7 23:59:54 2022
CPU:        128 * AMD EPYC 7543 32-Core Processor
CPUCache:   512 KB
Initializing RocksDB Options from the specified file
Initializing RocksDB Options from command-line flags
Integrated BlobDB: blob cache disabled
Keys:       1000 bytes each (+ 0 bytes user-defined timestamp)
Values:     4096 bytes each (2048 bytes after compression)
Entries:    0
Prefix:    0 bytes
Keys per prefix:    0
RawSize:    0.0 MB (estimated)
FileSize:   0.0 MB (estimated)
Write rate: 0 bytes/second
Read rate: 0 ops/second
Compression: Snappy
Compression sampling rate: 0
Memtablerep: SkipListFactory
Perf Level: 1
------------------------------------------------
DB path: [/users/kannan11/ssd/prefetching/appbench/apps/rocksdb/DATA]
readrandom   :      23.000 micros/op 47619 ops/sec 0.000 seconds 1 operations; (0 of 0 found)

DESTRUCTOR GETTING CALLED 
PRINT_GLOBAL_LIB_STATS in dest
Total nr_ra = 36906
Total nr_bytes_ra = 154794983424
	Command being timed: "./db_bench --db=/users/kannan11/ssd/prefetching/appbench/apps/rocksdb/DATA --value_size=4096 --wal_dir=/users/kannan11/ssd/prefetching/appbench/apps/rocksdb/DATA/WAL_LOG --sync=0 --key_size=1000 --write_buffer_size=67108864 --num=0 --seed=1576170874 --benchmarks=readrandom --use_existing_db=1 --mmap_read=0 --threads=4"
	User time (seconds): 0.86
	System time (seconds): 13.00
	Percent of CPU this job got: 127%
	Elapsed (wall clock) time (h:mm:ss or m:ss): 0:10.92
	Average shared text size (kbytes): 0
	Average unshared data size (kbytes): 0
	Average stack size (kbytes): 0
	Average total size (kbytes): 0
	Maximum resident set size (kbytes): 13149232
	Average resident set size (kbytes): 0
	Major (requiring I/O) page faults: 81
	Minor (reclaiming a frame) page faults: 3287790
	Voluntary context switches: 5894
	Involuntary context switches: 355
	Swaps: 0
	File system inputs: 74696480
	File system outputs: 6624
	Socket messages sent: 0
	Socket messages received: 0
	Signals delivered: 0
	Page size (bytes): 4096
	Exit status: 0
DESTRUCTOR GETTING CALLED 
PRINT_GLOBAL_LIB_STATS in dest
Total nr_ra = 0
Total nr_bytes_ra = 0
[34498.960823] sh (38225): drop_caches: 3
[34499.005796] sh (38230): drop_caches: 3
[34504.039205] write_proc_unbounded: Value of write = 0
[34504.039221] write_proc_2mb_limit: Value of write = 0
[34504.039227] write_proc_bitmap_shift: Value of write = 38
[34504.046765] write_proc_unbounded: Value of write = 0
[34504.046779] write_proc_2mb_limit: Value of write = 0
[34504.046784] write_proc_bitmap_shift: Value of write = 38
[34514.701696] write_proc_unbounded: Value of write = 0
[34514.701707] write_proc_2mb_limit: Value of write = 0
[34514.960603] write_proc_unbounded: Value of write = 0
[34514.960621] write_proc_2mb_limit: Value of write = 0
