Received signal 11 (Segmentation fault)
#0   /usr/lib/lib_Cross_Blind.so(_Z13prefetcher_thPv+0x20) [0x7f4445f5e250] ??	??:0	DESTRUCTOR GETTING CALLED 	PRINT_GLOBAL_LIB_STATS in dest	Total nr_ra = 0	Total nr_bytes_ra = 0	
#1   /usr/lib/lib_Cross_Blind.so(+0x7ab9) [0x7f4445f60ab9] ??	??:0	DESTRUCTOR GETTING CALLED 	PRINT_GLOBAL_LIB_STATS in dest	Total nr_ra = 0	Total nr_bytes_ra = 0	
#2   /lib/x86_64-linux-gnu/libpthread.so.0(+0x76db) [0x7f4445b3d6db] ??	??:0	DESTRUCTOR GETTING CALLED 	PRINT_GLOBAL_LIB_STATS in dest	Total nr_ra = 0	Total nr_bytes_ra = 0	
#3   /lib/x86_64-linux-gnu/libc.so.6(clone+0x3f) [0x7f444402e61f] ??	??:0	DESTRUCTOR GETTING CALLED 	PRINT_GLOBAL_LIB_STATS in dest	Total nr_ra = 0	Total nr_bytes_ra = 0	
Command terminated by signal 11
	Command being timed: "./db_bench --db=/users/kannan11/ssd/prefetching/appbench/apps/rocksdb/DATA --value_size=4096 --wal_dir=/users/kannan11/ssd/prefetching/appbench/apps/rocksdb/DATA/WAL_LOG --sync=0 --key_size=1000 --write_buffer_size=67108864 --num=20000000 --seed=1576170874 --benchmarks=readreverse --use_existing_db=1 --mmap_read=0 --threads=32"
	User time (seconds): 0.04
	System time (seconds): 1.22
	Percent of CPU this job got: 664%
	Elapsed (wall clock) time (h:mm:ss or m:ss): 0:00.19
	Average shared text size (kbytes): 0
	Average unshared data size (kbytes): 0
	Average stack size (kbytes): 0
	Average total size (kbytes): 0
	Maximum resident set size (kbytes): 35904
	Average resident set size (kbytes): 0
	Major (requiring I/O) page faults: 99
	Minor (reclaiming a frame) page faults: 15663
	Voluntary context switches: 1102
	Involuntary context switches: 150
	Swaps: 0
	File system inputs: 558688
	File system outputs: 64
	Socket messages sent: 0
	Socket messages received: 0
	Signals delivered: 0
	Page size (bytes): 4096
	Exit status: 0
DESTRUCTOR GETTING CALLED 
PRINT_GLOBAL_LIB_STATS in dest
Total nr_ra = 0
Total nr_bytes_ra = 0
[49416.741760] sh (49914): drop_caches: 3
[49416.787833] sh (49920): drop_caches: 3
[49421.823293] write_proc_unbounded: Value of write = 0
[49421.823308] write_proc_2mb_limit: Value of write = 0
[49421.823313] write_proc_bitmap_shift: Value of write = 38
[49421.831247] write_proc_unbounded: Value of write = 0
[49421.831261] write_proc_2mb_limit: Value of write = 0
[49421.831266] write_proc_bitmap_shift: Value of write = 38
[49421.884297] write_proc_unbounded: Value of write = 0
[49421.884311] write_proc_2mb_limit: Value of write = 0
[49421.884316] write_proc_bitmap_shift: Value of write = 38
[49421.888267] write_proc_unbounded: Value of write = 0
[49421.888280] write_proc_2mb_limit: Value of write = 0
[49421.888285] write_proc_bitmap_shift: Value of write = 38
[49421.986824] write_proc_unbounded: Value of write = 0
[49421.986831] write_proc_2mb_limit: Value of write = 0
[49421.991059] write_proc_unbounded: Value of write = 0
[49421.991066] write_proc_2mb_limit: Value of write = 0
[49421.991069] write_proc_bitmap_shift: Value of write = 38
[49421.993138] write_proc_unbounded: Value of write = 0
[49421.993151] write_proc_2mb_limit: Value of write = 0
[49421.993157] write_proc_bitmap_shift: Value of write = 38
[49421.994968] write_proc_unbounded: Value of write = 0
[49421.994972] write_proc_2mb_limit: Value of write = 0
[49421.999264] write_proc_unbounded: Value of write = 0
[49421.999271] write_proc_2mb_limit: Value of write = 0
[49421.999274] write_proc_bitmap_shift: Value of write = 38
[49422.001285] write_proc_unbounded: Value of write = 0
[49422.001294] write_proc_2mb_limit: Value of write = 0
[49422.001298] write_proc_bitmap_shift: Value of write = 38
[49422.003040] write_proc_unbounded: Value of write = 0
[49422.003044] write_proc_2mb_limit: Value of write = 0
[49422.007297] write_proc_unbounded: Value of write = 0
[49422.007304] write_proc_2mb_limit: Value of write = 0
[49422.007307] write_proc_bitmap_shift: Value of write = 38
[49422.009299] write_proc_unbounded: Value of write = 0
[49422.009307] write_proc_2mb_limit: Value of write = 0
[49422.009310] write_proc_bitmap_shift: Value of write = 38
[49422.011006] write_proc_unbounded: Value of write = 0
[49422.011009] write_proc_2mb_limit: Value of write = 0
[49422.015969] write_proc_unbounded: Value of write = 0
[49422.015980] write_proc_2mb_limit: Value of write = 0
