ENABLE_FILE_STATS in con
ENABLE_FILE_STATS in per_thread_ds
ENABLE_FILE_STATS in con
ENABLE_FILE_STATS in per_thread_ds
ENABLE_FILE_STATS in per_thread_ds
ENABLE_FILE_STATS in per_thread_ds
Received signal 11 (Segmentation fault)
ENABLE_FILE_STATS in per_thread_ds
ENABLE_FILE_STATS in per_thread_ds
Command terminated by signal 11
	Command being timed: "./db_bench --db=/users/kannan11/ssd/prefetching/appbench/apps/rocksdb/DATA --value_size=4096 --wal_dir=/users/kannan11/ssd/prefetching/appbench/apps/rocksdb/DATA/WAL_LOG --sync=0 --key_size=1000 --write_buffer_size=67108864 --num=5000000 --seed=1576170874 --benchmarks=readseq --use_existing_db=1 --mmap_read=0 --threads=4"
	User time (seconds): 0.00
	System time (seconds): 0.00
	Percent of CPU this job got: 60%
	Elapsed (wall clock) time (h:mm:ss or m:ss): 0:00.02
	Average shared text size (kbytes): 0
	Average unshared data size (kbytes): 0
	Average stack size (kbytes): 0
	Average total size (kbytes): 0
	Maximum resident set size (kbytes): 12972
	Average resident set size (kbytes): 0
	Major (requiring I/O) page faults: 76
	Minor (reclaiming a frame) page faults: 1321
	Voluntary context switches: 159
	Involuntary context switches: 0
	Swaps: 0
	File system inputs: 19832
	File system outputs: 8
	Socket messages sent: 0
	Socket messages received: 0
	Signals delivered: 0
	Page size (bytes): 4096
	Exit status: 0
DESTRUCTOR GETTING CALLED 
PRINT_GLOBAL_STATS in dest
PRINT_GLOBAL_LIB_STATS in dest
Total nr_ra = 0
Total nr_bytes_ra = 0
[99766.770269] sh (1845): drop_caches: 3
[99766.800293] sh (1850): drop_caches: 3
[99771.827066] write_proc_unbounded: Value of write = 0
[99771.827074] write_proc_2mb_limit: Value of write = 0
[99771.827078] write_proc_bitmap_shift: Value of write = 28
[99771.833598] write_proc_unbounded: Value of write = 0
[99771.833604] write_proc_2mb_limit: Value of write = 0
[99771.833608] write_proc_bitmap_shift: Value of write = 28
[99771.848382] write_proc_unbounded: Value of write = 0
[99771.848388] write_proc_2mb_limit: Value of write = 0
