ENABLE_FILE_STATS in con
ENABLE_FILE_STATS in per_thread_ds
ENABLE_FILE_STATS in con
ENABLE_FILE_STATS in per_thread_ds
ENABLE_FILE_STATS in per_thread_ds
ENABLE_FILE_STATS in per_thread_ds
ENABLE_FILE_STATS in per_thread_ds
ENABLE_FILE_STATS in per_thread_ds
ENABLE_FILE_STATS in per_thread_ds
ENABLE_FILE_STATS in per_thread_ds
ENABLE_FILE_STATS in per_thread_ds
ENABLE_FILE_STATS in per_thread_ds
ENABLE_FILE_STATS in per_thread_ds
ENABLE_FILE_STATS in per_thread_ds
ENABLE_FILE_STATS in per_thread_ds
ENABLE_FILE_STATS in per_thread_ds
ENABLE_FILE_STATS in per_thread_ds
ENABLE_FILE_STATS in per_thread_ds
ERR:handle_open unable to add to uinode
ERR:handle_open unable to add to uinode
ERR:handle_open unable to add to uinode
Initializing RocksDB Options from the specified file
Initializing RocksDB Options from command-line flags
Integrated BlobDB: blob cache disabled
prefetcher_th: TID:1512: going to fetch from 0 for size 30890514 on file 8 total size=30890514,rasize = 1048576, stride = 0 bytes, ptr=0x7f4898000e50, ino=24641979, inode=0x7f4898000cc0
prefetcher_th: TID:1511: going to fetch from 0 for size 30890350 on file 9 total size=30890350,rasize = 1048576, stride = 0 bytes, ptr=0x7f48a0000e50, ino=24641983, inode=0x7f48a0000cc0
prefetcher_th: TID:1513: going to fetch from 0 for size 30890450 on file 10 total size=30890450,rasize = 1048576, stride = 0 bytes, ptr=0x7f4890000e50, ino=24641974, inode=0x7f4890000cc0
prefetcher_th: TID:1515: going to fetch from 0 for size 30890335 on file 12 total size=30890335,rasize = 1048576, stride = 0 bytes, ptr=0x7f4884000e50, ino=24641973, inode=0x7f4884000cc0
prefetcher_th: TID:1517: going to fetch from 0 for size 30890399 on file 13 total size=30890399,rasize = 1048576, stride = 0 bytes, ptr=0x7f4888000e50, ino=24641975, inode=0x7f4888000cc0
prefetcher_th: TID:1518: going to fetch from 0 for size 30890376 on file 14 total size=30890376,rasize = 1048576, stride = 0 bytes, ptr=0x7f487c000e50, ino=24641976, inode=0x7f487c000cc0
prefetcher_th: TID:1524: going to fetch from 0 for size 30890422 on file 15 total size=30890422,rasize = 1048576, stride = 0 bytes, ptr=0x7f4880000e50, ino=24641977, inode=0x7f4880000cc0
prefetcher_th: TID:1508: going to fetch from 0 for size 30890470 on file 16 total size=30890470,rasize = 1048576, stride = 0 bytes, ptr=0x558788304cb0, ino=24641978, inode=0x5587882e1090
prefetcher_th: TID:1522: going to fetch from 0 for size 30890594 on file 19 total size=30890594,rasize = 1048576, stride = 0 bytes, ptr=0x7f484c000e50, ino=24641969, inode=0x7f484c000cc0
prefetcher_th: TID:1525: going to fetch from 0 for size 30890311 on file 18 total size=30890311,rasize = 1048576, stride = 0 bytes, ptr=0x7f485c000e50, ino=24641971, inode=0x7f485c000cc0
prefetcher_th: TID:1529: going to fetch from 0 for size 30890532 on file 17 total size=30890532,rasize = 1048576, stride = 0 bytes, ptr=0x7f4864000e50, ino=24641924, inode=0x7f4864000cc0
prefetcher_th: TID:1523: going to fetch from 0 for size 30890900 on file 20 total size=30890900,rasize = 1048576, stride = 0 bytes, ptr=0x7f4854000e50, ino=24641970, inode=0x7f4854000cc0
prefetcher_th: TID:1527: going to fetch from 0 for size 30890308 on file 21 total size=30890308,rasize = 1048576, stride = 0 bytes, ptr=0x7f4874000e50, ino=24641972, inode=0x7f4874000cc0
prefetcher_th: TID:1528: going to fetch from 0 for size 30890475 on file 22 total size=30890475,rasize = 1048576, stride = 0 bytes, ptr=0x7f486c000e50, ino=24641967, inode=0x7f486c000cc0
prefetcher_th: TID:1521: going to fetch from 0 for size 30890586 on file 23 total size=30890586,rasize = 1048576, stride = 0 bytes, ptr=0x7f4844000e50, ino=24641968, inode=0x7f4844000cc0
prefetcher_th: TID:1514: going to fetch from 0 for size 30890329 on file 24 total size=30890329,rasize = 1048576, stride = 0 bytes, ptr=0x7f488c005630, ino=24641923, inode=0x7f488c0044c0
prefetcher_th: TID:1515: going to fetch from 0 for size 30890376 on file 25 total size=30890376,rasize = 1048576, stride = 0 bytes, ptr=0x7f4884005380, ino=24641922, inode=0x7f4884004540
prefetcher_th: TID:1525: going to fetch from 0 for size 30890280 on file 26 total size=30890280,rasize = 1048576, stride = 0 bytes, ptr=0x7f485c005380, ino=24641921, inode=0x7f485c004540
prefetcher_th: TID:1523: going to fetch from 0 for size 30890310 on file 27 total size=30890310,rasize = 1048576, stride = 0 bytes, ptr=0x7f4854005380, ino=24641920, inode=0x7f4854004540
prefetcher_th: TID:1529: going to fetch from 0 for size 30890409 on file 28 total size=30890409,rasize = 1048576, stride = 0 bytes, ptr=0x7f4864005380, ino=24641919, inode=0x7f4864004540
prefetcher_th: TID:1513: going to fetch from 0 for size 30890305 on file 29 total size=30890305,rasize = 1048576, stride = 0 bytes, ptr=0x7f4890005380, ino=24641917, inode=0x7f4890004540
prefetcher_th: TID:1517: going to fetch from 0 for size 30890310 on file 30 total size=30890310,rasize = 1048576, stride = 0 bytes, ptr=0x7f4888005380, ino=24641916, inode=0x7f4888004540
prefetcher_th: TID:1511: going to fetch from 0 for size 30890269 on file 31 total size=30890269,rasize = 1048576, stride = 0 bytes, ptr=0x7f48a0005360, ino=24641915, inode=0x7f48a0004520
prefetcher_th: TID:1512: going to fetch from 0 for size 30890367 on file 32 total size=30890367,rasize = 1048576, stride = 0 bytes, ptr=0x7f4898005380, ino=24641914, inode=0x7f4898004540
prefetcher_th: TID:1514: going to fetch from 0 for size 30890438 on file 33 total size=30890438,rasize = 1048576, stride = 0 bytes, ptr=0x7f488c008e00, ino=24641913, inode=0x7f488c0080d0
prefetcher_th: TID:1527: going to fetch from 0 for size 30890513 on file 34 total size=30890513,rasize = 1048576, stride = 0 bytes, ptr=0x7f4874005380, ino=24641912, inode=0x7f4874004540
prefetcher_th: TID:1522: going to fetch from 0 for size 30890502 on file 35 total size=30890502,rasize = 1048576, stride = 0 bytes, ptr=0x7f484c005380, ino=24641911, inode=0x7f484c004540
prefetcher_th: TID:1518: going to fetch from 0 for size 30890427 on file 36 total size=30890427,rasize = 1048576, stride = 0 bytes, ptr=0x7f487c005380, ino=24641910, inode=0x7f487c004540
prefetcher_th: TID:1521: going to fetch from 0 for size 30890444 on file 37 total size=30890444,rasize = 1048576, stride = 0 bytes, ptr=0x7f4844005380, ino=24641909, inode=0x7f4844004540
prefetcher_th: TID:1524: going to fetch from 0 for size 30890117 on file 38 total size=30890117,rasize = 1048576, stride = 0 bytes, ptr=0x7f4880005380, ino=24641908, inode=0x7f4880004540
prefetcher_th: TID:1508: going to fetch from 0 for size 30890171 on file 39 total size=30890171,rasize = 1048576, stride = 0 bytes, ptr=0x5587882bf0e0, ino=24641907, inode=0x5587882bdf80
prefetcher_th: TID:1528: going to fetch from 0 for size 30890255 on file 40 total size=30890255,rasize = 1048576, stride = 0 bytes, ptr=0x7f486c005380, ino=24641918, inode=0x7f486c004540
prefetcher_th: TID:1515: going to fetch from 0 for size 30890235 on file 41 total size=30890235,rasize = 1048576, stride = 0 bytes, ptr=0x7f4884008590, ino=24641906, inode=0x7f4884007920
prefetcher_th: TID:1523: going to fetch from 0 for size 30890117 on file 42 total size=30890117,rasize = 1048576, stride = 0 bytes, ptr=0x7f4854008610, ino=24641905, inode=0x7f4854007960
prefetcher_th: TID:1525: going to fetch from 0 for size 30890508 on file 43 total size=30890508,rasize = 1048576, stride = 0 bytes, ptr=0x7f485c008590, ino=24641894, inode=0x7f485c007920
prefetcher_th: TID:1529: going to fetch from 0 for size 30890365 on file 44 total size=30890365,rasize = 1048576, stride = 0 bytes, ptr=0x7f4864008610, ino=24641893, inode=0x7f4864007960
prefetcher_th: TID:1511: going to fetch from 0 for size 30890468 on file 45 total size=30890468,rasize = 1048576, stride = 0 bytes, ptr=0x7f48a00089b0, ino=24641892, inode=0x7f48a0007d00
prefetcher_th: TID:1517: going to fetch from 0 for size 30890514 on file 46 total size=30890514,rasize = 1048576, stride = 0 bytes, ptr=0x7f4888008630, ino=24641891, inode=0x7f4888007980
prefetcher_th: TID:1512: going to fetch from 0 for size 30890543 on file 47 total size=30890543,rasize = 1048576, stride = 0 bytes, ptr=0x7f4898008630, ino=24641889, inode=0x7f4898007980
prefetcher_th: TID:1513: going to fetch from 0 for size 30890400 on file 48 total size=30890400,rasize = 1048576, stride = 0 bytes, ptr=0x7f4890008630, ino=24641890, inode=0x7f4890007980
prefetcher_th: TID:1514: going to fetch from 0 for size 30890430 on file 49 total size=30890430,rasize = 1048576, stride = 0 bytes, ptr=0x7f488c00c030, ino=24641895, inode=0x7f488c00b3c0
prefetcher_th: TID:1522: going to fetch from 0 for size 30890434 on file 50 total size=30890434,rasize = 1048576, stride = 0 bytes, ptr=0x7f484c008630, ino=24641897, inode=0x7f484c007980
prefetcher_th: TID:1521: going to fetch from 0 for size 30890400 on file 51 total size=30890400,rasize = 1048576, stride = 0 bytes, ptr=0x7f4844008630, ino=24641898, inode=0x7f4844007980
prefetcher_th: TID:1518: going to fetch from 0 for size 30890644 on file 52 total size=30890644,rasize = 1048576, stride = 0 bytes, ptr=0x7f487c008630, ino=24641899, inode=0x7f487c007980
prefetcher_th: TID:1508: going to fetch from 0 for size 30890581 on file 53 total size=30890581,rasize = 1048576, stride = 0 bytes, ptr=0x5587882c2610, ino=24641900, inode=0x5587882bdd70
prefetcher_th: TID:1527: going to fetch from 0 for size 30890433 on file 54 total size=30890433,rasize = 1048576, stride = 0 bytes, ptr=0x7f4874008630, ino=24641896, inode=0x7f4874007980
prefetcher_th: TID:1524: going to fetch from 0 for size 30890638 on file 55 total size=30890638,rasize = 1048576, stride = 0 bytes, ptr=0x7f4880008630, ino=24641901, inode=0x7f4880007980
prefetcher_th: TID:1515: going to fetch from 0 for size 30890569 on file 56 total size=30890569,rasize = 1048576, stride = 0 bytes, ptr=0x7f488400ba70, ino=24641903, inode=0x7f4884007bf0
prefetcher_th: TID:1523: going to fetch from 0 for size 30890652 on file 57 total size=30890652,rasize = 1048576, stride = 0 bytes, ptr=0x7f485400bc40, ino=24641904, inode=0x7f4854007c70
prefetcher_th: TID:1525: going to fetch from 0 for size 30890118 on file 58 total size=30890118,rasize = 1048576, stride = 0 bytes, ptr=0x7f485c00ba70, ino=24641925, inode=0x7f485c007bf0
prefetcher_th: TID:1529: going to fetch from 0 for size 30890153 on file 59 total size=30890153,rasize = 1048576, stride = 0 bytes, ptr=0x7f486400bc40, ino=24641926, inode=0x7f4864007c70
prefetcher_th: TID:1511: going to fetch from 0 for size 30890134 on file 60 total size=30890134,rasize = 1048576, stride = 0 bytes, ptr=0x7f48a000bf70, ino=24641927, inode=0x7f48a000b530
prefetcher_th: TID:1517: going to fetch from 0 for size 30890211 on file 61 total size=30890211,rasize = 1048576, stride = 0 bytes, ptr=0x7f488800bbf0, ino=24641928, inode=0x7f4888007c90
prefetcher_th: TID:1512: going to fetch from 0 for size 30890260 on file 62 total size=30890260,rasize = 1048576, stride = 0 bytes, ptr=0x7f489800bbf0, ino=24641929, inode=0x7f4898007c90
prefetcher_th: TID:1513: going to fetch from 0 for size 30889973 on file 63 total size=30889973,rasize = 1048576, stride = 0 bytes, ptr=0x7f489000bbf0, ino=24641930, inode=0x7f4890007c90
prefetcher_th: TID:1528: going to fetch from 0 for size 30890591 on file 64 total size=30890591,rasize = 1048576, stride = 0 bytes, ptr=0x7f486c008630, ino=24641902, inode=0x7f486c007980
prefetcher_th: TID:1514: going to fetch from 0 for size 30890005 on file 65 total size=30890005,rasize = 1048576, stride = 0 bytes, ptr=0x7f488c00f530, ino=24641931, inode=0x7f488c00b690
prefetcher_th: TID:1522: going to fetch from 0 for size 30890096 on file 66 total size=30890096,rasize = 1048576, stride = 0 bytes, ptr=0x7f484c00bbf0, ino=24641932, inode=0x7f484c007c90
prefetcher_th: TID:1521: going to fetch from 0 for size 30890067 on file 67 total size=30890067,rasize = 1048576, stride = 0 bytes, ptr=0x7f484400bbf0, ino=24641933, inode=0x7f484400b1b0
prefetcher_th: TID:1518: going to fetch from 0 for size 30890051 on file 68 total size=30890051,rasize = 1048576, stride = 0 bytes, ptr=0x7f487c00bbf0, ino=24641934, inode=0x7f487c00b1b0
prefetcher_th: TID:1508: going to fetch from 0 for size 30890155 on file 69 total size=30890155,rasize = 1048576, stride = 0 bytes, ptr=0x5587882c5790, ino=24641935, inode=0x5587882c4bd0
prefetcher_th: TID:1527: going to fetch from 0 for size 30890238 on file 70 total size=30890238,rasize = 1048576, stride = 0 bytes, ptr=0x7f487400bbf0, ino=24641936, inode=0x7f487400b1b0
prefetcher_th: TID:1524: going to fetch from 0 for size 30890251 on file 71 total size=30890251,rasize = 1048576, stride = 0 bytes, ptr=0x7f488000bbf0, ino=24641937, inode=0x7f488000b1b0
prefetcher_th: TID:1515: going to fetch from 0 for size 30890240 on file 72 total size=30890240,rasize = 1048576, stride = 0 bytes, ptr=0x7f488400eeb0, ino=24641938, inode=0x7f488400b170
prefetcher_th: TID:1523: going to fetch from 0 for size 30890271 on file 73 total size=30890271,rasize = 1048576, stride = 0 bytes, ptr=0x7f485400f020, ino=24641939, inode=0x7f485400e780
prefetcher_th: TID:1525: going to fetch from 0 for size 30890509 on file 74 total size=30890509,rasize = 1048576, stride = 0 bytes, ptr=0x7f485c00eeb0, ino=24641940, inode=0x7f485c00b170
prefetcher_th: TID:1529: going to fetch from 0 for size 30890486 on file 75 total size=30890486,rasize = 1048576, stride = 0 bytes, ptr=0x7f486400f020, ino=24641941, inode=0x7f486400e780
prefetcher_th: TID:1511: going to fetch from 0 for size 30890539 on file 76 total size=30890539,rasize = 1048576, stride = 0 bytes, ptr=0x7f48a000f320, ino=24641942, inode=0x7f48a000ea80
prefetcher_th: TID:1517: going to fetch from 0 for size 30890510 on file 77 total size=30890510,rasize = 1048576, stride = 0 bytes, ptr=0x7f488800efd0, ino=24641943, inode=0x7f488800b2c0
prefetcher_th: TID:1512: going to fetch from 0 for size 30890585 on file 78 total size=30890585,rasize = 1048576, stride = 0 bytes, ptr=0x7f489800efd0, ino=24641944, inode=0x7f489800b2c0
prefetcher_th: TID:1513: going to fetch from 0 for size 30890771 on file 79 total size=30890771,rasize = 1048576, stride = 0 bytes, ptr=0x7f489000efd0, ino=24641945, inode=0x7f489000b2c0
prefetcher_th: TID:1514: going to fetch from 0 for size 30890548 on file 80 total size=30890548,rasize = 1048576, stride = 0 bytes, ptr=0x7f488c0129e0, ino=24641946, inode=0x7f488c012870
prefetcher_th: TID:1528: going to fetch from 0 for size 30890619 on file 81 total size=30890619,rasize = 1048576, stride = 0 bytes, ptr=0x7f486c00bbf0, ino=24641947, inode=0x7f486c00b1b0
prefetcher_th: TID:1522: going to fetch from 0 for size 30890644 on file 82 total size=30890644,rasize = 1048576, stride = 0 bytes, ptr=0x7f484c00efd0, ino=24641948, inode=0x7f484c00b2c0
prefetcher_th: TID:1521: going to fetch from 0 for size 30890601 on file 83 total size=30890601,rasize = 1048576, stride = 0 bytes, ptr=0x7f484400efd0, ino=24641949, inode=0x7f484400e730
prefetcher_th: TID:1518: going to fetch from 0 for size 30890444 on file 84 total size=30890444,rasize = 1048576, stride = 0 bytes, ptr=0x7f487c00efd0, ino=24641950, inode=0x7f487c00e730
prefetcher_th: TID:1508: going to fetch from 0 for size 30890399 on file 85 total size=30890399,rasize = 1048576, stride = 0 bytes, ptr=0x5587882c88a0, ino=24641951, inode=0x5587882c7e60
prefetcher_th: TID:1527: going to fetch from 0 for size 30890479 on file 86 total size=30890479,rasize = 1048576, stride = 0 bytes, ptr=0x7f487400efd0, ino=24641952, inode=0x7f487400e730
prefetcher_th: TID:1524: going to fetch from 0 for size 30890409 on file 87 total size=30890409,rasize = 1048576, stride = 0 bytes, ptr=0x7f488000efd0, ino=24641953, inode=0x7f488000e730
prefetcher_th: TID:1515: going to fetch from 0 for size 30890535 on file 88 total size=30890535,rasize = 1048576, stride = 0 bytes, ptr=0x7f48840121a0, ino=24641954, inode=0x7f48840119b0
prefetcher_th: TID:1523: going to fetch from 0 for size 30890564 on file 89 total size=30890564,rasize = 1048576, stride = 0 bytes, ptr=0x7f48540122c0, ino=24641955, inode=0x7f485400b2d0
prefetcher_th: TID:1525: going to fetch from 0 for size 30890587 on file 90 total size=30890587,rasize = 1048576, stride = 0 bytes, ptr=0x7f485c0121a0, ino=24641956, inode=0x7f485c0119b0
prefetcher_th: TID:1511: going to fetch from 0 for size 30890611 on file 91 total size=30890611,rasize = 1048576, stride = 0 bytes, ptr=0x7f48a0012790, ino=24641958, inode=0x7f48a0012620
prefetcher_th: TID:1517: going to fetch from 0 for size 30890586 on file 92 total size=30890586,rasize = 1048576, stride = 0 bytes, ptr=0x7f4888012240, ino=24641959, inode=0x7f488800e730
prefetcher_th: TID:1512: going to fetch from 0 for size 30890181 on file 93 total size=30890181,rasize = 1048576, stride = 0 bytes, ptr=0x7f4898012240, ino=24641960, inode=0x7f489800e730
prefetcher_th: TID:1513: going to fetch from 0 for size 30890251 on file 94 total size=30890251,rasize = 1048576, stride = 0 bytes, ptr=0x7f4890012240, ino=24641961, inode=0x7f489000e730
prefetcher_th: TID:1528: going to fetch from 0 for size 30890351 on file 95 total size=30890351,rasize = 1048576, stride = 0 bytes, ptr=0x7f486c00efd0, ino=24641963, inode=0x7f486c00e730
prefetcher_th: TID:1514: going to fetch from 0 for size 30890223 on file 96 total size=30890223,rasize = 1048576, stride = 0 bytes, ptr=0x7f488c031af0, ino=24641962, inode=0x7f488c015ca0
prefetcher_th: TID:1521: going to fetch from 0 for size 30890669 on file 97 total size=30890669,rasize = 1048576, stride = 0 bytes, ptr=0x7f4844012440, ino=24641965, inode=0x7f48440122d0
prefetcher_th: TID:1508: going to fetch from 0 for size 30890369 on file 98 total size=30890369,rasize = 1048576, stride = 0 bytes, ptr=0x5587882cbcd0, ino=24641888, inode=0x5587882cb3d0
prefetcher_th: TID:1527: going to fetch from 0 for size 30890392 on file 99 total size=30890392,rasize = 1048576, stride = 0 bytes, ptr=0x7f4874012440, ino=24641887, inode=0x7f48740122d0
prefetcher_th: TID:1524: going to fetch from 0 for size 30890402 on file 100 total size=30890402,rasize = 1048576, stride = 0 bytes, ptr=0x7f4880012440, ino=24641886, inode=0x7f48800122d0
prefetcher_th: TID:1529: going to fetch from 0 for size 30890638 on file 101 total size=30890638,rasize = 1048576, stride = 0 bytes, ptr=0x7f48640122c0, ino=24641957, inode=0x7f486400b2d0
prefetcher_th: TID:1515: going to fetch from 0 for size 30890361 on file 102 total size=30890361,rasize = 1048576, stride = 0 bytes, ptr=0x7f48840154a0, ino=24641885, inode=0x7f488400e5d0
prefetcher_th: TID:1523: going to fetch from 0 for size 30890480 on file 103 total size=30890480,rasize = 1048576, stride = 0 bytes, ptr=0x7f4854015660, ino=24641884, inode=0x7f48540154f0
prefetcher_th: TID:1518: going to fetch from 0 for size 30890506 on file 104 total size=30890506,rasize = 1048576, stride = 0 bytes, ptr=0x7f487c012440, ino=24641966, inode=0x7f487c0122d0
prefetcher_th: TID:1525: going to fetch from 0 for size 30890673 on file 105 total size=30890673,rasize = 1048576, stride = 0 bytes, ptr=0x7f485c0154a0, ino=24641883, inode=0x7f485c00e5d0
prefetcher_th: TID:1511: going to fetch from 0 for size 30890487 on file 106 total size=30890487,rasize = 1048576, stride = 0 bytes, ptr=0x7f48a0015b40, ino=24641882, inode=0x7f48a00159d0
prefetcher_th: TID:1517: going to fetch from 0 for size 30890567 on file 107 total size=30890567,rasize = 1048576, stride = 0 bytes, ptr=0x7f4888015610, ino=24641881, inode=0x7f48880154a0
prefetcher_th: TID:1512: going to fetch from 0 for size 30890515 on file 108 total size=30890515,rasize = 1048576, stride = 0 bytes, ptr=0x7f4898015610, ino=24641880, inode=0x7f48980154a0
prefetcher_th: TID:1522: going to fetch from 0 for size 30890374 on file 109 total size=30890374,rasize = 1048576, stride = 0 bytes, ptr=0x7f484c012240, ino=24641964, inode=0x7f484c00e730
prefetcher_th: TID:1513: going to fetch from 0 for size 30890574 on file 110 total size=30890574,rasize = 1048576, stride = 0 bytes, ptr=0x7f4890015610, ino=24641879, inode=0x7f48900154a0
prefetcher_th: TID:1528: going to fetch from 0 for size 30890521 on file 111 total size=30890521,rasize = 1048576, stride = 0 bytes, ptr=0x7f486c012440, ino=24641878, inode=0x7f486c0122d0
prefetcher_th: TID:1514: going to fetch from 0 for size 30890428 on file 112 total size=30890428,rasize = 1048576, stride = 0 bytes, ptr=0x7f488c0349f0, ino=24641877, inode=0x7f488c034880
prefetcher_th: TID:1521: going to fetch from 0 for size 30890463 on file 113 total size=30890463,rasize = 1048576, stride = 0 bytes, ptr=0x7f48440157f0, ino=24641876, inode=0x7f4844015680
prefetcher_th: TID:1508: going to fetch from 0 for size 30890422 on file 114 total size=30890422,rasize = 1048576, stride = 0 bytes, ptr=0x5587882cf0e0, ino=24641875, inode=0x5587882cef70
prefetcher_th: TID:1527: going to fetch from 0 for size 30890440 on file 115 total size=30890440,rasize = 1048576, stride = 0 bytes, ptr=0x7f48740157f0, ino=24641874, inode=0x7f4874015680
prefetcher_th: TID:1524: going to fetch from 0 for size 30890035 on file 116 total size=30890035,rasize = 1048576, stride = 0 bytes, ptr=0x7f48800157f0, ino=24641873, inode=0x7f4880015680
prefetcher_th: TID:1515: going to fetch from 0 for size 30890092 on file 117 total size=30890092,rasize = 1048576, stride = 0 bytes, ptr=0x7f4884018890, ino=24641871, inode=0x7f4884018720
prefetcher_th: TID:1523: going to fetch from 0 for size 30890070 on file 118 total size=30890070,rasize = 1048576, stride = 0 bytes, ptr=0x7f4854018a10, ino=24641870, inode=0x7f48540188a0
prefetcher_th: TID:1518: going to fetch from 0 for size 30890195 on file 119 total size=30890195,rasize = 1048576, stride = 0 bytes, ptr=0x7f487c0157f0, ino=24641869, inode=0x7f487c015680
prefetcher_th: TID:1525: going to fetch from 0 for size 30890463 on file 120 total size=30890463,rasize = 1048576, stride = 0 bytes, ptr=0x7f485c018890, ino=24641868, inode=0x7f485c018720
prefetcher_th: TID:1511: going to fetch from 0 for size 30890431 on file 121 total size=30890431,rasize = 1048576, stride = 0 bytes, ptr=0x7f48a0018e90, ino=24641867, inode=0x7f48a0018d20
prefetcher_th: TID:1517: going to fetch from 0 for size 30890459 on file 122 total size=30890459,rasize = 1048576, stride = 0 bytes, ptr=0x7f4888018960, ino=24641866, inode=0x7f48880187f0
prefetcher_th: TID:1522: going to fetch from 0 for size 30890516 on file 123 total size=30890516,rasize = 1048576, stride = 0 bytes, ptr=0x7f484c015610, ino=24641865, inode=0x7f484c0154a0
prefetcher_th: TID:1529: going to fetch from 0 for size 30890016 on file 124 total size=30890016,rasize = 1048576, stride = 0 bytes, ptr=0x7f4864015660, ino=24641872, inode=0x7f48640154f0
prefetcher_th: TID:1513: going to fetch from 0 for size 30890560 on file 125 total size=30890560,rasize = 1048576, stride = 0 bytes, ptr=0x7f4890018960, ino=24641864, inode=0x7f48900187f0
prefetcher_th: TID:1512: going to fetch from 0 for size 30890608 on file 126 total size=30890608,rasize = 1048576, stride = 0 bytes, ptr=0x7f4898018960, ino=24641863, inode=0x7f48980187f0
prefetcher_th: TID:1514: going to fetch from 0 for size 30890367 on file 127 total size=30890367,rasize = 1048576, stride = 0 bytes, ptr=0x7f488c037d30, ino=24641862, inode=0x7f488c037bc0
prefetcher_th: TID:1521: going to fetch from 0 for size 30890418 on file 128 total size=30890418,rasize = 1048576, stride = 0 bytes, ptr=0x7f4844018b40, ino=24641861, inode=0x7f48440189d0
prefetcher_th: TID:1528: going to fetch from 0 for size 30890517 on file 129 total size=30890517,rasize = 1048576, stride = 0 bytes, ptr=0x7f486c0157f0, ino=24641860, inode=0x7f486c015680
prefetcher_th: TID:1527: going to fetch from 0 for size 30890608 on file 130 total size=30890608,rasize = 1048576, stride = 0 bytes, ptr=0x7f4874018b40, ino=24641858, inode=0x7f48740189d0
prefetcher_th: TID:1524: going to fetch from 0 for size 30890404 on file 131 total size=30890404,rasize = 1048576, stride = 0 bytes, ptr=0x7f4880018b40, ino=24641857, inode=0x7f48800189d0
prefetcher_th: TID:1515: going to fetch from 0 for size 30890442 on file 132 total size=30890442,rasize = 1048576, stride = 0 bytes, ptr=0x7f488401bbe0, ino=24641856, inode=0x7f488401ba70
prefetcher_th: TID:1508: going to fetch from 0 for size 30890478 on file 133 total size=30890478,rasize = 1048576, stride = 0 bytes, ptr=0x5587882d24f0, ino=24641859, inode=0x5587882d2380
prefetcher_th: TID:1523: going to fetch from 0 for size 30890510 on file 134 total size=30890510,rasize = 1048576, stride = 0 bytes, ptr=0x7f485401bd40, ino=24641855, inode=0x7f485401bbd0
prefetcher_th: TID:1518: going to fetch from 0 for size 30890420 on file 135 total size=30890420,rasize = 1048576, stride = 0 bytes, ptr=0x7f487c018b40, ino=24641854, inode=0x7f487c0189d0
prefetcher_th: TID:1525: going to fetch from 0 for size 30890335 on file 136 total size=30890335,rasize = 1048576, stride = 0 bytes, ptr=0x7f485c01bbe0, ino=24641853, inode=0x7f485c01ba70
prefetcher_th: TID:1511: going to fetch from 0 for size 30890330 on file 137 total size=30890330,rasize = 1048576, stride = 0 bytes, ptr=0x7f48a001c180, ino=24641852, inode=0x7f48a001c010
prefetcher_th: TID:1517: going to fetch from 0 for size 30890379 on file 138 total size=30890379,rasize = 1048576, stride = 0 bytes, ptr=0x7f488801bc50, ino=24641851, inode=0x7f488801bae0
prefetcher_th: TID:1529: going to fetch from 0 for size 30890345 on file 139 total size=30890345,rasize = 1048576, stride = 0 bytes, ptr=0x7f4864018a10, ino=24641850, inode=0x7f48640188a0
prefetcher_th: TID:1522: going to fetch from 0 for size 30890338 on file 140 total size=30890338,rasize = 1048576, stride = 0 bytes, ptr=0x7f484c018960, ino=24641849, inode=0x7f484c0187f0
prefetcher_th: TID:1512: going to fetch from 0 for size 30890363 on file 141 total size=30890363,rasize = 1048576, stride = 0 bytes, ptr=0x7f489801bc50, ino=24641848, inode=0x7f489801bae0
prefetcher_th: TID:1514: going to fetch from 0 for size 30890377 on file 142 total size=30890377,rasize = 1048576, stride = 0 bytes, ptr=0x7f488c03b080, ino=24641847, inode=0x7f488c03af10
prefetcher_th: TID:1513: going to fetch from 0 for size 30890394 on file 143 total size=30890394,rasize = 1048576, stride = 0 bytes, ptr=0x7f489001bc50, ino=24641846, inode=0x7f489001bae0
prefetcher_th: TID:1521: going to fetch from 0 for size 30890467 on file 144 total size=30890467,rasize = 1048576, stride = 0 bytes, ptr=0x7f484401be30, ino=24641845, inode=0x7f484401bcc0
prefetcher_th: TID:1527: going to fetch from 0 for size 30890361 on file 145 total size=30890361,rasize = 1048576, stride = 0 bytes, ptr=0x7f487401be30, ino=24641844, inode=0x7f487401bcc0
prefetcher_th: TID:1524: going to fetch from 0 for size 30890476 on file 146 total size=30890476,rasize = 1048576, stride = 0 bytes, ptr=0x7f488001be30, ino=24641843, inode=0x7f488001bcc0
prefetcher_th: TID:1528: going to fetch from 0 for size 30890483 on file 147 total size=30890483,rasize = 1048576, stride = 0 bytes, ptr=0x7f486c018b40, ino=24641842, inode=0x7f486c0189d0
prefetcher_th: TID:1508: going to fetch from 0 for size 30890440 on file 148 total size=30890440,rasize = 1048576, stride = 0 bytes, ptr=0x5587882d5840, ino=24641841, inode=0x5587882d56d0
prefetcher_th: TID:1515: going to fetch from 0 for size 30890441 on file 149 total size=30890441,rasize = 1048576, stride = 0 bytes, ptr=0x7f488401ef30, ino=24641840, inode=0x7f488401edc0
prefetcher_th: TID:1523: going to fetch from 0 for size 30890405 on file 150 total size=30890405,rasize = 1048576, stride = 0 bytes, ptr=0x7f485401f090, ino=24641839, inode=0x7f485401ef20
prefetcher_th: TID:1518: going to fetch from 0 for size 30890514 on file 151 total size=30890514,rasize = 1048576, stride = 0 bytes, ptr=0x7f487c01be30, ino=24641838, inode=0x7f487c01bcc0
prefetcher_th: TID:1511: going to fetch from 0 for size 30890414 on file 152 total size=30890414,rasize = 1048576, stride = 0 bytes, ptr=0x7f48a001f4d0, ino=24641836, inode=0x7f48a001f360
prefetcher_th: TID:1517: going to fetch from 0 for size 30890427 on file 153 total size=30890427,rasize = 1048576, stride = 0 bytes, ptr=0x7f488801efa0, ino=24641835, inode=0x7f488801ee30
prefetcher_th: TID:1529: going to fetch from 0 for size 30890421 on file 154 total size=30890421,rasize = 1048576, stride = 0 bytes, ptr=0x7f486401bd40, ino=24641834, inode=0x7f486401bbd0
prefetcher_th: TID:1514: going to fetch from 0 for size 30890134 on file 155 total size=30890134,rasize = 1048576, stride = 0 bytes, ptr=0x7f488c03e3d0, ino=24641831, inode=0x7f488c03e260
prefetcher_th: TID:1513: going to fetch from 0 for size 30890276 on file 156 total size=30890276,rasize = 1048576, stride = 0 bytes, ptr=0x7f489001efa0, ino=24641830, inode=0x7f489001ee30
prefetcher_th: TID:1521: going to fetch from 0 for size 30890251 on file 157 total size=30890251,rasize = 1048576, stride = 0 bytes, ptr=0x7f484401f180, ino=24641829, inode=0x7f484401f010
prefetcher_th: TID:1524: going to fetch from 0 for size 30890102 on file 158 total size=30890102,rasize = 1048576, stride = 0 bytes, ptr=0x7f488001f180, ino=24641827, inode=0x7f488001f010
prefetcher_th: TID:1522: going to fetch from 0 for size 30890314 on file 159 total size=30890314,rasize = 1048576, stride = 0 bytes, ptr=0x7f484c01bc50, ino=24641833, inode=0x7f484c01bae0
prefetcher_th: TID:1525: going to fetch from 0 for size 30890583 on file 160 total size=30890583,rasize = 1048576, stride = 0 bytes, ptr=0x7f485c01ef30, ino=24641837, inode=0x7f485c01edc0
prefetcher_th: TID:1508: going to fetch from 0 for size 30890192 on file 161 total size=30890192,rasize = 1048576, stride = 0 bytes, ptr=0x5587882d8b90, ino=24641825, inode=0x5587882d8a20
prefetcher_th: TID:1512: going to fetch from 0 for size 30890199 on file 162 total size=30890199,rasize = 1048576, stride = 0 bytes, ptr=0x7f489801efa0, ino=24641832, inode=0x7f489801ee30
prefetcher_th: TID:1523: going to fetch from 0 for size 30890194 on file 163 total size=30890194,rasize = 1048576, stride = 0 bytes, ptr=0x7f4854022440, ino=24641824, inode=0x7f48540222d0
prefetcher_th: TID:1527: going to fetch from 0 for size 30890261 on file 164 total size=30890261,rasize = 1048576, stride = 0 bytes, ptr=0x7f487401f180, ino=24641828, inode=0x7f487401f010
prefetcher_th: TID:1511: going to fetch from 0 for size 30890651 on file 165 total size=30890651,rasize = 1048576, stride = 0 bytes, ptr=0x7f48a0022820, ino=24641822, inode=0x7f48a00226b0
prefetcher_th: TID:1528: going to fetch from 0 for size 30890030 on file 166 total size=30890030,rasize = 1048576, stride = 0 bytes, ptr=0x7f486c01be30, ino=24641826, inode=0x7f486c01bcc0
prefetcher_th: TID:1515: going to fetch from 0 for size 30890533 on file 167 total size=30890533,rasize = 1048576, stride = 0 bytes, ptr=0x7f4884022280, ino=24641821, inode=0x7f4884022110
prefetcher_th: TID:1529: going to fetch from 0 for size 30890667 on file 168 total size=30890667,rasize = 1048576, stride = 0 bytes, ptr=0x7f486401f090, ino=24641819, inode=0x7f486401ef20
prefetcher_th: TID:1517: going to fetch from 0 for size 30890624 on file 169 total size=30890624,rasize = 1048576, stride = 0 bytes, ptr=0x7f48880222f0, ino=24641820, inode=0x7f4888022180
prefetcher_th: TID:1513: going to fetch from 0 for size 30890677 on file 170 total size=30890677,rasize = 1048576, stride = 0 bytes, ptr=0x7f48900222f0, ino=24641817, inode=0x7f4890022180
prefetcher_th: TID:1521: going to fetch from 0 for size 30890507 on file 171 total size=30890507,rasize = 1048576, stride = 0 bytes, ptr=0x7f48440224d0, ino=24641816, inode=0x7f4844022360
prefetcher_th: TID:1518: going to fetch from 0 for size 30890528 on file 172 total size=30890528,rasize = 1048576, stride = 0 bytes, ptr=0x7f487c01f180, ino=24641823, inode=0x7f487c01f010
prefetcher_th: TID:1522: going to fetch from 0 for size 30890485 on file 173 total size=30890485,rasize = 1048576, stride = 0 bytes, ptr=0x7f484c01efa0, ino=24641815, inode=0x7f484c01ee30
prefetcher_th: TID:1525: going to fetch from 0 for size 30890546 on file 174 total size=30890546,rasize = 1048576, stride = 0 bytes, ptr=0x7f485c022280, ino=24641814, inode=0x7f485c022110
prefetcher_th: TID:1524: going to fetch from 0 for size 30890520 on file 175 total size=30890520,rasize = 1048576, stride = 0 bytes, ptr=0x7f48800224d0, ino=24641813, inode=0x7f4880022360
prefetcher_th: TID:1514: going to fetch from 0 for size 30890668 on file 176 total size=30890668,rasize = 1048576, stride = 0 bytes, ptr=0x7f488c041720, ino=24641818, inode=0x7f488c0415b0
prefetcher_th: TID:1508: going to fetch from 0 for size 30890390 on file 177 total size=30890390,rasize = 1048576, stride = 0 bytes, ptr=0x5587882e2cb0, ino=24641812, inode=0x5587882dbd70
prefetcher_th: TID:1523: going to fetch from 0 for size 30890361 on file 178 total size=30890361,rasize = 1048576, stride = 0 bytes, ptr=0x7f4854025730, ino=24641810, inode=0x7f48540255c0
prefetcher_th: TID:1527: going to fetch from 0 for size 30890344 on file 179 total size=30890344,rasize = 1048576, stride = 0 bytes, ptr=0x7f48740224d0, ino=24641809, inode=0x7f4874022360
prefetcher_th: TID:1512: going to fetch from 0 for size 30890324 on file 180 total size=30890324,rasize = 1048576, stride = 0 bytes, ptr=0x7f48980222f0, ino=24641811, inode=0x7f4898022180
prefetcher_th: TID:1528: going to fetch from 0 for size 30890409 on file 181 total size=30890409,rasize = 1048576, stride = 0 bytes, ptr=0x7f486c01f180, ino=24641808, inode=0x7f486c01f010
prefetcher_th: TID:1515: going to fetch from 0 for size 30890515 on file 182 total size=30890515,rasize = 1048576, stride = 0 bytes, ptr=0x7f48840255d0, ino=24641807, inode=0x7f4884025460
prefetcher_th: TID:1517: going to fetch from 0 for size 30890492 on file 183 total size=30890492,rasize = 1048576, stride = 0 bytes, ptr=0x7f4888025640, ino=24641805, inode=0x7f48880254d0
prefetcher_th: TID:1513: going to fetch from 0 for size 30890673 on file 184 total size=30890673,rasize = 1048576, stride = 0 bytes, ptr=0x7f4890025640, ino=24641803, inode=0x7f48900254d0
prefetcher_th: TID:1521: going to fetch from 0 for size 30890576 on file 185 total size=30890576,rasize = 1048576, stride = 0 bytes, ptr=0x7f4844025820, ino=24641802, inode=0x7f48440256b0
prefetcher_th: TID:1518: going to fetch from 0 for size 30890638 on file 186 total size=30890638,rasize = 1048576, stride = 0 bytes, ptr=0x7f487c0224d0, ino=24641801, inode=0x7f487c022360
prefetcher_th: TID:1522: going to fetch from 0 for size 30890605 on file 187 total size=30890605,rasize = 1048576, stride = 0 bytes, ptr=0x7f484c0222f0, ino=24641800, inode=0x7f484c022180
prefetcher_th: TID:1525: going to fetch from 0 for size 30890591 on file 188 total size=30890591,rasize = 1048576, stride = 0 bytes, ptr=0x7f485c0255d0, ino=24641799, inode=0x7f485c025460
prefetcher_th: TID:1508: going to fetch from 0 for size 30890010 on file 189 total size=30890010,rasize = 1048576, stride = 0 bytes, ptr=0x5587882e5b70, ino=24641797, inode=0x5587882e5a00
prefetcher_th: TID:1529: going to fetch from 0 for size 30890406 on file 190 total size=30890406,rasize = 1048576, stride = 0 bytes, ptr=0x7f4864022440, ino=24641806, inode=0x7f48640222d0
prefetcher_th: TID:1523: going to fetch from 0 for size 30890184 on file 191 total size=30890184,rasize = 1048576, stride = 0 bytes, ptr=0x7f4854028a80, ino=24641796, inode=0x7f4854028910
prefetcher_th: TID:1514: going to fetch from 0 for size 30890037 on file 192 total size=30890037,rasize = 1048576, stride = 0 bytes, ptr=0x7f488c044a50, ino=24641795, inode=0x7f488c0448e0
prefetcher_th: TID:1527: going to fetch from 0 for size 30890037 on file 193 total size=30890037,rasize = 1048576, stride = 0 bytes, ptr=0x7f4874025820, ino=24641794, inode=0x7f48740256b0
prefetcher_th: TID:1511: going to fetch from 0 for size 30890612 on file 194 total size=30890612,rasize = 1048576, stride = 0 bytes, ptr=0x7f48a0025b70, ino=24641804, inode=0x7f48a0025a00
prefetcher_th: TID:1528: going to fetch from 0 for size 30890641 on file 195 total size=30890641,rasize = 1048576, stride = 0 bytes, ptr=0x7f486c0224d0, ino=24641793, inode=0x7f486c022360
prefetcher_th: TID:1517: going to fetch from 0 for size 30890221 on file 196 total size=30890221,rasize = 1048576, stride = 0 bytes, ptr=0x7f4888028990, ino=24641791, inode=0x7f4888028820
prefetcher_th: TID:1512: going to fetch from 0 for size 30890183 on file 197 total size=30890183,rasize = 1048576, stride = 0 bytes, ptr=0x7f4898025640, ino=24641790, inode=0x7f48980254d0
prefetcher_th: TID:1525: going to fetch from 0 for size 30890517 on file 198 total size=30890517,rasize = 1048576, stride = 0 bytes, ptr=0x7f485c0288f0, ino=24641786, inode=0x7f485c028780
prefetcher_th: TID:1521: going to fetch from 0 for size 30890594 on file 199 total size=30890594,rasize = 1048576, stride = 0 bytes, ptr=0x7f4844028b50, ino=24641785, inode=0x7f48440289e0
prefetcher_th: TID:1508: going to fetch from 0 for size 30890614 on file 200 total size=30890614,rasize = 1048576, stride = 0 bytes, ptr=0x5587882e8f20, ino=24641784, inode=0x5587882e8db0
prefetcher_th: TID:1529: going to fetch from 0 for size 30890688 on file 201 total size=30890688,rasize = 1048576, stride = 0 bytes, ptr=0x7f4864025730, ino=24641783, inode=0x7f48640255c0
prefetcher_th: TID:1515: going to fetch from 0 for size 30890182 on file 202 total size=30890182,rasize = 1048576, stride = 0 bytes, ptr=0x7f4884028920, ino=24641792, inode=0x7f48840287b0
prefetcher_th: TID:1523: going to fetch from 0 for size 30890465 on file 203 total size=30890465,rasize = 1048576, stride = 0 bytes, ptr=0x7f485406af70, ino=24641782, inode=0x7f485406ae00
prefetcher_th: TID:1514: going to fetch from 0 for size 30890537 on file 204 total size=30890537,rasize = 1048576, stride = 0 bytes, ptr=0x7f488c047d80, ino=24641781, inode=0x7f488c047c10
prefetcher_th: TID:1527: going to fetch from 0 for size 30890457 on file 205 total size=30890457,rasize = 1048576, stride = 0 bytes, ptr=0x7f4874028b50, ino=24641780, inode=0x7f48740289e0
prefetcher_th: TID:1518: going to fetch from 0 for size 30890455 on file 206 total size=30890455,rasize = 1048576, stride = 0 bytes, ptr=0x7f487c025820, ino=24641788, inode=0x7f487c0256b0
prefetcher_th: TID:1511: going to fetch from 0 for size 30890502 on file 207 total size=30890502,rasize = 1048576, stride = 0 bytes, ptr=0x7f48a0028e60, ino=24641779, inode=0x7f48a0028cf0
prefetcher_th: TID:1528: going to fetch from 0 for size 30890516 on file 208 total size=30890516,rasize = 1048576, stride = 0 bytes, ptr=0x7f486c025820, ino=24641778, inode=0x7f486c0256b0
prefetcher_th: TID:1524: going to fetch from 0 for size 30890336 on file 209 total size=30890336,rasize = 1048576, stride = 0 bytes, ptr=0x7f4880025820, ino=24641798, inode=0x7f48800256b0
prefetcher_th: TID:1517: going to fetch from 0 for size 30890150 on file 210 total size=30890150,rasize = 1048576, stride = 0 bytes, ptr=0x7f488806af20, ino=24641777, inode=0x7f488806adb0
prefetcher_th: TID:1512: going to fetch from 0 for size 30890320 on file 211 total size=30890320,rasize = 1048576, stride = 0 bytes, ptr=0x7f4898028990, ino=24641776, inode=0x7f4898028820
prefetcher_th: TID:1525: going to fetch from 0 for size 30890111 on file 212 total size=30890111,rasize = 1048576, stride = 0 bytes, ptr=0x7f485c06af80, ino=24641775, inode=0x7f485c06ae10
prefetcher_th: TID:1515: going to fetch from 0 for size 30890085 on file 213 total size=30890085,rasize = 1048576, stride = 0 bytes, ptr=0x7f488406afa0, ino=24641774, inode=0x7f488406ae30
prefetcher_th: TID:1513: going to fetch from 0 for size 30890258 on file 214 total size=30890258,rasize = 1048576, stride = 0 bytes, ptr=0x7f4890028990, ino=24641789, inode=0x7f4890028820
prefetcher_th: TID:1529: going to fetch from 0 for size 30890257 on file 215 total size=30890257,rasize = 1048576, stride = 0 bytes, ptr=0x7f4864028a80, ino=24641773, inode=0x7f4864028910
prefetcher_th: TID:1523: going to fetch from 0 for size 30890023 on file 216 total size=30890023,rasize = 1048576, stride = 0 bytes, ptr=0x7f485406e210, ino=24641772, inode=0x7f485406e0a0
prefetcher_th: TID:1521: going to fetch from 0 for size 30890141 on file 217 total size=30890141,rasize = 1048576, stride = 0 bytes, ptr=0x7f484406afc0, ino=24641771, inode=0x7f484406ae50
prefetcher_th: TID:1514: going to fetch from 0 for size 30890014 on file 218 total size=30890014,rasize = 1048576, stride = 0 bytes, ptr=0x7f488c04b0b0, ino=24641770, inode=0x7f488c04af40
prefetcher_th: TID:1508: going to fetch from 0 for size 30890104 on file 219 total size=30890104,rasize = 1048576, stride = 0 bytes, ptr=0x5587882ec270, ino=24641769, inode=0x5587882ec100
prefetcher_th: TID:1518: going to fetch from 0 for size 30890299 on file 220 total size=30890299,rasize = 1048576, stride = 0 bytes, ptr=0x7f487c028b50, ino=24641768, inode=0x7f487c0289e0
prefetcher_th: TID:1511: going to fetch from 0 for size 30890381 on file 221 total size=30890381,rasize = 1048576, stride = 0 bytes, ptr=0x7f48a006af00, ino=24641767, inode=0x7f48a006ad90
prefetcher_th: TID:1517: going to fetch from 0 for size 30890373 on file 222 total size=30890373,rasize = 1048576, stride = 0 bytes, ptr=0x7f488806e1c0, ino=24641764, inode=0x7f488806e050
prefetcher_th: TID:1512: going to fetch from 0 for size 30886779 on file 223 total size=30886779,rasize = 1048576, stride = 0 bytes, ptr=0x7f489806af80, ino=24641763, inode=0x7f489806ae10
prefetcher_th: TID:1527: going to fetch from 0 for size 30890552 on file 224 total size=30890552,rasize = 1048576, stride = 0 bytes, ptr=0x7f487406af70, ino=24641674, inode=0x7f487406ae00
prefetcher_th: TID:1525: going to fetch from 0 for size 30890666 on file 225 total size=30890666,rasize = 1048576, stride = 0 bytes, ptr=0x7f485c06e280, ino=24641673, inode=0x7f485c06e110
prefetcher_th: TID:1528: going to fetch from 0 for size 30890308 on file 226 total size=30890308,rasize = 1048576, stride = 0 bytes, ptr=0x7f486c028b50, ino=24641766, inode=0x7f486c0289e0
prefetcher_th: TID:1515: going to fetch from 0 for size 30890711 on file 227 total size=30890711,rasize = 1048576, stride = 0 bytes, ptr=0x7f488406e2d0, ino=24641672, inode=0x7f488406e160
prefetcher_th: TID:1529: going to fetch from 0 for size 30890642 on file 228 total size=30890642,rasize = 1048576, stride = 0 bytes, ptr=0x7f486406afc0, ino=24641671, inode=0x7f486406ae50
prefetcher_th: TID:1514: going to fetch from 0 for size 30890586 on file 229 total size=30890586,rasize = 1048576, stride = 0 bytes, ptr=0x7f488c04e3e0, ino=24641669, inode=0x7f488c04e270
prefetcher_th: TID:1513: going to fetch from 0 for size 30890742 on file 230 total size=30890742,rasize = 1048576, stride = 0 bytes, ptr=0x7f489006afc0, ino=24641668, inode=0x7f489006ae50
prefetcher_th: TID:1522: going to fetch from 0 for size 30890601 on file 231 total size=30890601,rasize = 1048576, stride = 0 bytes, ptr=0x7f484c025640, ino=24641787, inode=0x7f484c0254d0
prefetcher_th: TID:1508: going to fetch from 0 for size 30890631 on file 232 total size=30890631,rasize = 1048576, stride = 0 bytes, ptr=0x5587882ef560, ino=24641667, inode=0x5587882ef3f0
prefetcher_th: TID:1518: going to fetch from 0 for size 30890676 on file 233 total size=30890676,rasize = 1048576, stride = 0 bytes, ptr=0x7f487c06af00, ino=24641666, inode=0x7f487c06ad90
prefetcher_th: TID:1523: going to fetch from 0 for size 30890601 on file 234 total size=30890601,rasize = 1048576, stride = 0 bytes, ptr=0x7f4854071540, ino=24641665, inode=0x7f48540713d0
prefetcher_th: TID:1511: going to fetch from 0 for size 30890603 on file 235 total size=30890603,rasize = 1048576, stride = 0 bytes, ptr=0x7f48a006e010, ino=24641664, inode=0x7f48a006dea0
prefetcher_th: TID:1517: going to fetch from 0 for size 30890572 on file 236 total size=30890572,rasize = 1048576, stride = 0 bytes, ptr=0x7f48880714f0, ino=24641663, inode=0x7f4888071380
prefetcher_th: TID:1527: going to fetch from 0 for size 30890630 on file 237 total size=30890630,rasize = 1048576, stride = 0 bytes, ptr=0x7f487406e140, ino=24641662, inode=0x7f487406dfd0
prefetcher_th: TID:1525: going to fetch from 0 for size 30890662 on file 238 total size=30890662,rasize = 1048576, stride = 0 bytes, ptr=0x7f485c071630, ino=24641661, inode=0x7f485c0714c0
prefetcher_th: TID:1515: going to fetch from 0 for size 30890578 on file 239 total size=30890578,rasize = 1048576, stride = 0 bytes, ptr=0x7f4884071680, ino=24641660, inode=0x7f4884071510
prefetcher_th: TID:1529: going to fetch from 0 for size 30890536 on file 240 total size=30890536,rasize = 1048576, stride = 0 bytes, ptr=0x7f486406e290, ino=24641659, inode=0x7f486406e120
prefetcher_th: TID:1524: going to fetch from 0 for size 30890303 on file 241 total size=30890303,rasize = 1048576, stride = 0 bytes, ptr=0x7f4880028b50, ino=24641765, inode=0x7f48800289e0
prefetcher_th: TID:1512: going to fetch from 0 for size 30890552 on file 242 total size=30890552,rasize = 1048576, stride = 0 bytes, ptr=0x7f489806e250, ino=24641658, inode=0x7f489806e0e0
prefetcher_th: TID:1521: going to fetch from 0 for size 30890522 on file 243 total size=30890522,rasize = 1048576, stride = 0 bytes, ptr=0x7f484406e250, ino=24641670, inode=0x7f484406e0e0
prefetcher_th: TID:1514: going to fetch from 0 for size 30890648 on file 244 total size=30890648,rasize = 1048576, stride = 0 bytes, ptr=0x7f488c051710, ino=24641657, inode=0x7f488c0515a0
prefetcher_th: TID:1528: going to fetch from 0 for size 30890636 on file 245 total size=30890636,rasize = 1048576, stride = 0 bytes, ptr=0x7f486c06af50, ino=24641656, inode=0x7f486c06ade0
prefetcher_th: TID:1513: going to fetch from 0 for size 30890632 on file 246 total size=30890632,rasize = 1048576, stride = 0 bytes, ptr=0x7f489006e2f0, ino=24641655, inode=0x7f489006e180
prefetcher_th: TID:1508: going to fetch from 0 for size 30890542 on file 247 total size=30890542,rasize = 1048576, stride = 0 bytes, ptr=0x5587882f28b0, ino=24641654, inode=0x5587882f2740
prefetcher_th: TID:1518: going to fetch from 0 for size 30890642 on file 248 total size=30890642,rasize = 1048576, stride = 0 bytes, ptr=0x7f487c06e0b0, ino=24641653, inode=0x7f487c06df40
prefetcher_th: TID:1523: going to fetch from 0 for size 30890682 on file 249 total size=30890682,rasize = 1048576, stride = 0 bytes, ptr=0x7f4854074870, ino=24641652, inode=0x7f4854074700
prefetcher_th: TID:1511: going to fetch from 0 for size 30890647 on file 250 total size=30890647,rasize = 1048576, stride = 0 bytes, ptr=0x7f48a0071250, ino=24641651, inode=0x7f48a00710e0
prefetcher_th: TID:1517: going to fetch from 0 for size 30890611 on file 251 total size=30890611,rasize = 1048576, stride = 0 bytes, ptr=0x7f4888074820, ino=24641650, inode=0x7f48880746b0
prefetcher_th: TID:1522: going to fetch from 0 for size 30890574 on file 252 total size=30890574,rasize = 1048576, stride = 0 bytes, ptr=0x7f484c028990, ino=24641649, inode=0x7f484c028820
prefetcher_th: TID:1527: going to fetch from 0 for size 30890770 on file 253 total size=30890770,rasize = 1048576, stride = 0 bytes, ptr=0x7f4874071450, ino=24641648, inode=0x7f48740712e0
prefetcher_th: TID:1525: going to fetch from 0 for size 30890617 on file 254 total size=30890617,rasize = 1048576, stride = 0 bytes, ptr=0x7f485c074980, ino=24641647, inode=0x7f485c074810
prefetcher_th: TID:1515: going to fetch from 0 for size 30890606 on file 255 total size=30890606,rasize = 1048576, stride = 0 bytes, ptr=0x7f48840749d0, ino=24641646, inode=0x7f4884074860
prefetcher_th: TID:1524: going to fetch from 0 for size 30890646 on file 256 total size=30890646,rasize = 1048576, stride = 0 bytes, ptr=0x7f488006af30, ino=24641645, inode=0x7f488006adc0
prefetcher_th: TID:1529: going to fetch from 0 for size 30890590 on file 257 total size=30890590,rasize = 1048576, stride = 0 bytes, ptr=0x7f4864071590, ino=24641644, inode=0x7f4864071420
prefetcher_th: TID:1512: going to fetch from 0 for size 30890617 on file 258 total size=30890617,rasize = 1048576, stride = 0 bytes, ptr=0x7f4898071580, ino=24641643, inode=0x7f4898071410
prefetcher_th: TID:1521: going to fetch from 0 for size 30890668 on file 259 total size=30890668,rasize = 1048576, stride = 0 bytes, ptr=0x7f4844071580, ino=24641642, inode=0x7f4844071410
prefetcher_th: TID:1514: going to fetch from 0 for size 30890654 on file 260 total size=30890654,rasize = 1048576, stride = 0 bytes, ptr=0x7f488c054a20, ino=24641641, inode=0x7f488c0548b0
prefetcher_th: TID:1528: going to fetch from 0 for size 30890601 on file 261 total size=30890601,rasize = 1048576, stride = 0 bytes, ptr=0x7f486c06e0a0, ino=24641640, inode=0x7f486c06df30
prefetcher_th: TID:1513: going to fetch from 0 for size 30890578 on file 262 total size=30890578,rasize = 1048576, stride = 0 bytes, ptr=0x7f4890071620, ino=24641639, inode=0x7f48900714b0
prefetcher_th: TID:1508: going to fetch from 0 for size 30890565 on file 263 total size=30890565,rasize = 1048576, stride = 0 bytes, ptr=0x5587882f5be0, ino=24641638, inode=0x5587882f5a70
prefetcher_th: TID:1518: going to fetch from 0 for size 30890558 on file 264 total size=30890558,rasize = 1048576, stride = 0 bytes, ptr=0x7f487c0712f0, ino=24641637, inode=0x7f487c071180
prefetcher_th: TID:1511: going to fetch from 0 for size 30890630 on file 265 total size=30890630,rasize = 1048576, stride = 0 bytes, ptr=0x7f48a0074640, ino=24641636, inode=0x7f48a00744d0
prefetcher_th: TID:1527: going to fetch from 0 for size 30890601 on file 266 total size=30890601,rasize = 1048576, stride = 0 bytes, ptr=0x7f4874074780, ino=24641634, inode=0x7f4874074610
prefetcher_th: TID:1525: going to fetch from 0 for size 30890568 on file 267 total size=30890568,rasize = 1048576, stride = 0 bytes, ptr=0x7f485c077cb0, ino=24641633, inode=0x7f485c077b40
prefetcher_th: TID:1515: going to fetch from 0 for size 30890659 on file 268 total size=30890659,rasize = 1048576, stride = 0 bytes, ptr=0x7f4884077d00, ino=24641612, inode=0x7f4884077b90
prefetcher_th: TID:1523: going to fetch from 0 for size 30890577 on file 269 total size=30890577,rasize = 1048576, stride = 0 bytes, ptr=0x7f4854077ba0, ino=24641611, inode=0x7f4854077a30
prefetcher_th: TID:1524: going to fetch from 0 for size 30890620 on file 270 total size=30890620,rasize = 1048576, stride = 0 bytes, ptr=0x7f488006e0f0, ino=24641610, inode=0x7f488006df80
prefetcher_th: TID:1529: going to fetch from 0 for size 30890647 on file 271 total size=30890647,rasize = 1048576, stride = 0 bytes, ptr=0x7f48640748c0, ino=24641609, inode=0x7f4864074750
prefetcher_th: TID:1522: going to fetch from 0 for size 30890557 on file 272 total size=30890557,rasize = 1048576, stride = 0 bytes, ptr=0x7f484c06aff0, ino=24641608, inode=0x7f484c06ae80
prefetcher_th: TID:1517: going to fetch from 0 for size 30890609 on file 273 total size=30890609,rasize = 1048576, stride = 0 bytes, ptr=0x7f4888077b50, ino=24641635, inode=0x7f48880779e0
prefetcher_th: TID:1521: going to fetch from 0 for size 30890889 on file 274 total size=30890889,rasize = 1048576, stride = 0 bytes, ptr=0x7f48440748b0, ino=24641607, inode=0x7f4844074740
prefetcher_th: TID:1513: going to fetch from 0 for size 30890583 on file 275 total size=30890583,rasize = 1048576, stride = 0 bytes, ptr=0x7f4890074a60, ino=24641605, inode=0x7f48900748f0
prefetcher_th: TID:1528: going to fetch from 0 for size 30890577 on file 276 total size=30890577,rasize = 1048576, stride = 0 bytes, ptr=0x7f486c0713b0, ino=24641606, inode=0x7f486c071240
prefetcher_th: TID:1508: going to fetch from 0 for size 30890671 on file 277 total size=30890671,rasize = 1048576, stride = 0 bytes, ptr=0x5587882f8f10, ino=24641604, inode=0x5587882f8da0
prefetcher_th: TID:1518: going to fetch from 0 for size 30890625 on file 278 total size=30890625,rasize = 1048576, stride = 0 bytes, ptr=0x7f487c074730, ino=24641603, inode=0x7f487c0745c0
prefetcher_th: TID:1511: going to fetch from 0 for size 30863660 on file 279 total size=30863660,rasize = 1048576, stride = 0 bytes, ptr=0x7f48a00779b0, ino=24641599, inode=0x7f48a0077840
prefetcher_th: TID:1512: going to fetch from 0 for size 30864366 on file 280 total size=30864366,rasize = 1048576, stride = 0 bytes, ptr=0x7f48980748b0, ino=24641596, inode=0x7f4898074740
prefetcher_th: TID:1527: going to fetch from 0 for size 30864444 on file 281 total size=30864444,rasize = 1048576, stride = 0 bytes, ptr=0x7f4874077ab0, ino=24641591, inode=0x7f4874077940
prefetcher_th: TID:1514: going to fetch from 0 for size 30864639 on file 282 total size=30864639,rasize = 1048576, stride = 0 bytes, ptr=0x7f488c097520, ino=24641600, inode=0x7f488c057cf0
prefetcher_th: TID:1525: going to fetch from 0 for size 30864543 on file 283 total size=30864543,rasize = 1048576, stride = 0 bytes, ptr=0x7f485c07afe0, ino=24641601, inode=0x7f485c07ae70
prefetcher_th: TID:1515: going to fetch from 0 for size 30889745 on file 284 total size=30889745,rasize = 1048576, stride = 0 bytes, ptr=0x7f488407b030, ino=24641602, inode=0x7f488407aec0
prefetcher_th: TID:1524: going to fetch from 0 for size 30890614 on file 285 total size=30890614,rasize = 1048576, stride = 0 bytes, ptr=0x7f4880071380, ino=24641614, inode=0x7f4880071210
prefetcher_th: TID:1529: going to fetch from 0 for size 30890624 on file 286 total size=30890624,rasize = 1048576, stride = 0 bytes, ptr=0x7f4864077bf0, ino=24641615, inode=0x7f4864077a80
prefetcher_th: TID:1522: going to fetch from 0 for size 30891071 on file 287 total size=30891071,rasize = 1048576, stride = 0 bytes, ptr=0x7f484c06e2e0, ino=24641616, inode=0x7f484c06e170
prefetcher_th: TID:1513: going to fetch from 0 for size 30890548 on file 288 total size=30890548,rasize = 1048576, stride = 0 bytes, ptr=0x7f4890077d90, ino=24641618, inode=0x7f4890077c20
prefetcher_th: TID:1521: going to fetch from 0 for size 30890622 on file 289 total size=30890622,rasize = 1048576, stride = 0 bytes, ptr=0x7f4844077be0, ino=24641617, inode=0x7f4844077a70
prefetcher_th: TID:1508: going to fetch from 0 for size 30890583 on file 290 total size=30890583,rasize = 1048576, stride = 0 bytes, ptr=0x5587882fc240, ino=24641620, inode=0x5587882fc0d0
prefetcher_th: TID:1518: going to fetch from 0 for size 30890618 on file 291 total size=30890618,rasize = 1048576, stride = 0 bytes, ptr=0x7f487c077b70, ino=24641621, inode=0x7f487c077a00
prefetcher_th: TID:1517: going to fetch from 0 for size 30890750 on file 292 total size=30890750,rasize = 1048576, stride = 0 bytes, ptr=0x7f488807ae80, ino=24641622, inode=0x7f488807ad10
prefetcher_th: TID:1512: going to fetch from 0 for size 30890604 on file 293 total size=30890604,rasize = 1048576, stride = 0 bytes, ptr=0x7f4898077be0, ino=24641623, inode=0x7f4898077a70
prefetcher_th: TID:1523: going to fetch from 0 for size 30890566 on file 294 total size=30890566,rasize = 1048576, stride = 0 bytes, ptr=0x7f485407aed0, ino=24641613, inode=0x7f485407ad60
prefetcher_th: TID:1514: going to fetch from 0 for size 30890591 on file 295 total size=30890591,rasize = 1048576, stride = 0 bytes, ptr=0x7f488c09a4c0, ino=24641624, inode=0x7f488c09a350
prefetcher_th: TID:1525: going to fetch from 0 for size 30890645 on file 296 total size=30890645,rasize = 1048576, stride = 0 bytes, ptr=0x7f485c07e310, ino=24641625, inode=0x7f485c07e1a0
prefetcher_th: TID:1515: going to fetch from 0 for size 30890592 on file 297 total size=30890592,rasize = 1048576, stride = 0 bytes, ptr=0x7f488407e360, ino=24641626, inode=0x7f488407e1f0
prefetcher_th: TID:1511: going to fetch from 0 for size 30890563 on file 298 total size=30890563,rasize = 1048576, stride = 0 bytes, ptr=0x7f48a007ace0, ino=24641628, inode=0x7f48a007ab70
prefetcher_th: TID:1522: going to fetch from 0 for size 30890530 on file 299 total size=30890530,rasize = 1048576, stride = 0 bytes, ptr=0x7f484c071610, ino=24641629, inode=0x7f484c0714a0
prefetcher_th: TID:1527: going to fetch from 0 for size 30890626 on file 300 total size=30890626,rasize = 1048576, stride = 0 bytes, ptr=0x7f487407ade0, ino=24641631, inode=0x7f487407ac70
prefetcher_th: TID:1521: going to fetch from 0 for size 30890587 on file 301 total size=30890587,rasize = 1048576, stride = 0 bytes, ptr=0x7f484407af10, ino=24641632, inode=0x7f484407ada0
prefetcher_th: TID:1508: going to fetch from 0 for size 30890556 on file 302 total size=30890556,rasize = 1048576, stride = 0 bytes, ptr=0x5587882ff570, ino=24641675, inode=0x5587882ff400
prefetcher_th: TID:1529: going to fetch from 0 for size 30890811 on file 303 total size=30890811,rasize = 1048576, stride = 0 bytes, ptr=0x7f486407af20, ino=24641627, inode=0x7f486407adb0
prefetcher_th: TID:1518: going to fetch from 0 for size 30890650 on file 304 total size=30890650,rasize = 1048576, stride = 0 bytes, ptr=0x7f487c07aea0, ino=24641676, inode=0x7f487c07ad30
prefetcher_th: TID:1517: going to fetch from 0 for size 30890600 on file 305 total size=30890600,rasize = 1048576, stride = 0 bytes, ptr=0x7f488807e1b0, ino=24641677, inode=0x7f488807e040
prefetcher_th: TID:1524: going to fetch from 0 for size 30890467 on file 306 total size=30890467,rasize = 1048576, stride = 0 bytes, ptr=0x7f48800746b0, ino=24641678, inode=0x7f4880074540
prefetcher_th: TID:1528: going to fetch from 0 for size 30890604 on file 307 total size=30890604,rasize = 1048576, stride = 0 bytes, ptr=0x7f486c0746f0, ino=24641619, inode=0x7f486c074580
prefetcher_th: TID:1523: going to fetch from 0 for size 30890559 on file 308 total size=30890559,rasize = 1048576, stride = 0 bytes, ptr=0x7f485407e200, ino=24641679, inode=0x7f485407e090
prefetcher_th: TID:1514: going to fetch from 0 for size 30890602 on file 309 total size=30890602,rasize = 1048576, stride = 0 bytes, ptr=0x7f488c09d860, ino=24641680, inode=0x7f488c09d6f0
prefetcher_th: TID:1513: going to fetch from 0 for size 30890696 on file 310 total size=30890696,rasize = 1048576, stride = 0 bytes, ptr=0x7f489007b0c0, ino=24641630, inode=0x7f489007af50
prefetcher_th: TID:1525: going to fetch from 0 for size 30890617 on file 311 total size=30890617,rasize = 1048576, stride = 0 bytes, ptr=0x7f485c081640, ino=24641681, inode=0x7f485c0814d0
prefetcher_th: TID:1515: going to fetch from 0 for size 30890663 on file 312 total size=30890663,rasize = 1048576, stride = 0 bytes, ptr=0x7f4884081690, ino=24641682, inode=0x7f4884081520
prefetcher_th: TID:1511: going to fetch from 0 for size 30890529 on file 313 total size=30890529,rasize = 1048576, stride = 0 bytes, ptr=0x7f48a007e010, ino=24641683, inode=0x7f48a007dea0
prefetcher_th: TID:1522: going to fetch from 0 for size 30890558 on file 314 total size=30890558,rasize = 1048576, stride = 0 bytes, ptr=0x7f484c074940, ino=24641684, inode=0x7f484c0747d0
prefetcher_th: TID:1512: going to fetch from 0 for size 30890556 on file 315 total size=30890556,rasize = 1048576, stride = 0 bytes, ptr=0x7f489807af10, ino=24641685, inode=0x7f489807ada0
prefetcher_th: TID:1521: going to fetch from 0 for size 30890671 on file 316 total size=30890671,rasize = 1048576, stride = 0 bytes, ptr=0x7f484407e240, ino=24641686, inode=0x7f484407e0d0
prefetcher_th: TID:1508: going to fetch from 0 for size 30890696 on file 317 total size=30890696,rasize = 1048576, stride = 0 bytes, ptr=0x558788358cd0, ino=24641687, inode=0x558788302730
prefetcher_th: TID:1518: going to fetch from 0 for size 30890577 on file 318 total size=30890577,rasize = 1048576, stride = 0 bytes, ptr=0x7f487c07e1d0, ino=24641688, inode=0x7f487c07e060
prefetcher_th: TID:1517: going to fetch from 0 for size 30890785 on file 319 total size=30890785,rasize = 1048576, stride = 0 bytes, ptr=0x7f48880814e0, ino=24641689, inode=0x7f4888081370
prefetcher_th: TID:1528: going to fetch from 0 for size 30890553 on file 320 total size=30890553,rasize = 1048576, stride = 0 bytes, ptr=0x7f486c0779f0, ino=24641690, inode=0x7f486c077880
prefetcher_th: TID:1527: going to fetch from 0 for size 30890627 on file 321 total size=30890627,rasize = 1048576, stride = 0 bytes, ptr=0x7f487407e110, ino=24641691, inode=0x7f487407dfa0
prefetcher_th: TID:1523: going to fetch from 0 for size 30890715 on file 322 total size=30890715,rasize = 1048576, stride = 0 bytes, ptr=0x7f4854081530, ino=24641692, inode=0x7f48540813c0
prefetcher_th: TID:1514: going to fetch from 0 for size 30890567 on file 323 total size=30890567,rasize = 1048576, stride = 0 bytes, ptr=0x7f488c0a0b90, ino=24641693, inode=0x7f488c0a0a20
prefetcher_th: TID:1513: going to fetch from 0 for size 30890728 on file 324 total size=30890728,rasize = 1048576, stride = 0 bytes, ptr=0x7f489007e3f0, ino=24641694, inode=0x7f489007e280
prefetcher_th: TID:1529: going to fetch from 0 for size 30890659 on file 325 total size=30890659,rasize = 1048576, stride = 0 bytes, ptr=0x7f486407e250, ino=24641695, inode=0x7f486407e0e0
prefetcher_th: TID:1525: going to fetch from 0 for size 30890661 on file 326 total size=30890661,rasize = 1048576, stride = 0 bytes, ptr=0x7f485c084970, ino=24641696, inode=0x7f485c084800
prefetcher_th: TID:1515: going to fetch from 0 for size 30890760 on file 327 total size=30890760,rasize = 1048576, stride = 0 bytes, ptr=0x7f48840849c0, ino=24641697, inode=0x7f4884084850
prefetcher_th: TID:1511: going to fetch from 0 for size 30890545 on file 328 total size=30890545,rasize = 1048576, stride = 0 bytes, ptr=0x7f48a0081340, ino=24641698, inode=0x7f48a00811d0
prefetcher_th: TID:1522: going to fetch from 0 for size 30890521 on file 329 total size=30890521,rasize = 1048576, stride = 0 bytes, ptr=0x7f484c077c70, ino=24641699, inode=0x7f484c077b00
prefetcher_th: TID:1524: going to fetch from 0 for size 30890585 on file 330 total size=30890585,rasize = 1048576, stride = 0 bytes, ptr=0x7f48800779e0, ino=24641700, inode=0x7f4880077870
prefetcher_th: TID:1512: going to fetch from 0 for size 30890609 on file 331 total size=30890609,rasize = 1048576, stride = 0 bytes, ptr=0x7f489807e240, ino=24641701, inode=0x7f489807e0d0
prefetcher_th: TID:1521: going to fetch from 0 for size 30890710 on file 332 total size=30890710,rasize = 1048576, stride = 0 bytes, ptr=0x7f4844081570, ino=24641702, inode=0x7f4844081400
prefetcher_th: TID:1518: going to fetch from 0 for size 30890529 on file 333 total size=30890529,rasize = 1048576, stride = 0 bytes, ptr=0x7f487c081610, ino=24641704, inode=0x7f487c0814a0
prefetcher_th: TID:1517: going to fetch from 0 for size 30890591 on file 334 total size=30890591,rasize = 1048576, stride = 0 bytes, ptr=0x7f4888084810, ino=24641705, inode=0x7f48880846a0
prefetcher_th: TID:1528: going to fetch from 0 for size 30890577 on file 335 total size=30890577,rasize = 1048576, stride = 0 bytes, ptr=0x7f486c07ad20, ino=24641706, inode=0x7f486c07abb0
prefetcher_th: TID:1527: going to fetch from 0 for size 30890754 on file 336 total size=30890754,rasize = 1048576, stride = 0 bytes, ptr=0x7f4874081440, ino=24641707, inode=0x7f48740812d0
prefetcher_th: TID:1523: going to fetch from 0 for size 30890648 on file 337 total size=30890648,rasize = 1048576, stride = 0 bytes, ptr=0x7f4854084860, ino=24641708, inode=0x7f48540846f0
prefetcher_th: TID:1513: going to fetch from 0 for size 30890792 on file 338 total size=30890792,rasize = 1048576, stride = 0 bytes, ptr=0x7f4890081720, ino=24641709, inode=0x7f48900815b0
prefetcher_th: TID:1529: going to fetch from 0 for size 30890585 on file 339 total size=30890585,rasize = 1048576, stride = 0 bytes, ptr=0x7f4864081580, ino=24641710, inode=0x7f4864081410
prefetcher_th: TID:1525: going to fetch from 0 for size 30890599 on file 340 total size=30890599,rasize = 1048576, stride = 0 bytes, ptr=0x7f485c087ca0, ino=24641711, inode=0x7f485c087b30
prefetcher_th: TID:1515: going to fetch from 0 for size 30890762 on file 341 total size=30890762,rasize = 1048576, stride = 0 bytes, ptr=0x7f4884087cf0, ino=24641712, inode=0x7f4884087b80
prefetcher_th: TID:1511: going to fetch from 0 for size 30890592 on file 342 total size=30890592,rasize = 1048576, stride = 0 bytes, ptr=0x7f48a0084670, ino=24641713, inode=0x7f48a0084500
prefetcher_th: TID:1524: going to fetch from 0 for size 30890578 on file 343 total size=30890578,rasize = 1048576, stride = 0 bytes, ptr=0x7f488007ad10, ino=24641715, inode=0x7f488007aba0
prefetcher_th: TID:1508: going to fetch from 0 for size 30890556 on file 344 total size=30890556,rasize = 1048576, stride = 0 bytes, ptr=0x55878835bae0, ino=24641703, inode=0x55878835b970
prefetcher_th: TID:1512: going to fetch from 0 for size 30890517 on file 345 total size=30890517,rasize = 1048576, stride = 0 bytes, ptr=0x7f4898081570, ino=24641716, inode=0x7f4898081400
prefetcher_th: TID:1521: going to fetch from 0 for size 30890667 on file 346 total size=30890667,rasize = 1048576, stride = 0 bytes, ptr=0x7f48440848a0, ino=24641717, inode=0x7f4844084730
prefetcher_th: TID:1514: going to fetch from 0 for size 30890602 on file 347 total size=30890602,rasize = 1048576, stride = 0 bytes, ptr=0x7f488c0a3ec0, ino=24641718, inode=0x7f488c0a3d50
prefetcher_th: TID:1517: going to fetch from 0 for size 30890569 on file 348 total size=30890569,rasize = 1048576, stride = 0 bytes, ptr=0x7f4888087b40, ino=24641720, inode=0x7f48880879d0
prefetcher_th: TID:1528: going to fetch from 0 for size 30890582 on file 349 total size=30890582,rasize = 1048576, stride = 0 bytes, ptr=0x7f486c07e050, ino=24641721, inode=0x7f486c07dee0
prefetcher_th: TID:1522: going to fetch from 0 for size 30890709 on file 350 total size=30890709,rasize = 1048576, stride = 0 bytes, ptr=0x7f484c07afa0, ino=24641714, inode=0x7f484c07ae30
prefetcher_th: TID:1527: going to fetch from 0 for size 30890715 on file 351 total size=30890715,rasize = 1048576, stride = 0 bytes, ptr=0x7f4874084770, ino=24641722, inode=0x7f4874084600
prefetcher_th: TID:1513: going to fetch from 0 for size 30890536 on file 352 total size=30890536,rasize = 1048576, stride = 0 bytes, ptr=0x7f4890084a50, ino=24641724, inode=0x7f48900848e0
prefetcher_th: TID:1529: going to fetch from 0 for size 30890548 on file 353 total size=30890548,rasize = 1048576, stride = 0 bytes, ptr=0x7f48640848b0, ino=24641725, inode=0x7f4864084740
prefetcher_th: TID:1525: going to fetch from 0 for size 30890619 on file 354 total size=30890619,rasize = 1048576, stride = 0 bytes, ptr=0x7f485c08afd0, ino=24641726, inode=0x7f485c08ae60
prefetcher_th: TID:1518: going to fetch from 0 for size 30890558 on file 355 total size=30890558,rasize = 1048576, stride = 0 bytes, ptr=0x7f487c084940, ino=24641719, inode=0x7f487c0847d0
prefetcher_th: TID:1515: going to fetch from 0 for size 30890658 on file 356 total size=30890658,rasize = 1048576, stride = 0 bytes, ptr=0x7f488408b020, ino=24641727, inode=0x7f488408aeb0
prefetcher_th: TID:1523: going to fetch from 0 for size 30890653 on file 357 total size=30890653,rasize = 1048576, stride = 0 bytes, ptr=0x7f4854087b90, ino=24641723, inode=0x7f4854087a20
prefetcher_th: TID:1511: going to fetch from 0 for size 30890665 on file 358 total size=30890665,rasize = 1048576, stride = 0 bytes, ptr=0x7f48a00879a0, ino=24641728, inode=0x7f48a0087830
prefetcher_th: TID:1508: going to fetch from 0 for size 30890558 on file 359 total size=30890558,rasize = 1048576, stride = 0 bytes, ptr=0x55878835edd0, ino=24641729, inode=0x55878835ec60
prefetcher_th: TID:1512: going to fetch from 0 for size 30890706 on file 360 total size=30890706,rasize = 1048576, stride = 0 bytes, ptr=0x7f48980848a0, ino=24641730, inode=0x7f4898084730
prefetcher_th: TID:1521: going to fetch from 0 for size 30890617 on file 361 total size=30890617,rasize = 1048576, stride = 0 bytes, ptr=0x7f4844087bd0, ino=24641731, inode=0x7f4844087a60
prefetcher_th: TID:1514: going to fetch from 0 for size 30890696 on file 362 total size=30890696,rasize = 1048576, stride = 0 bytes, ptr=0x7f488c0a71f0, ino=24641732, inode=0x7f488c0a7080
prefetcher_th: TID:1517: going to fetch from 0 for size 30890683 on file 363 total size=30890683,rasize = 1048576, stride = 0 bytes, ptr=0x7f488808ae70, ino=24641733, inode=0x7f488808ad00
prefetcher_th: TID:1528: going to fetch from 0 for size 30890562 on file 364 total size=30890562,rasize = 1048576, stride = 0 bytes, ptr=0x7f486c081380, ino=24641734, inode=0x7f486c081210
prefetcher_th: TID:1522: going to fetch from 0 for size 30890728 on file 365 total size=30890728,rasize = 1048576, stride = 0 bytes, ptr=0x7f484c07e2d0, ino=24641735, inode=0x7f484c07e160
prefetcher_th: TID:1527: going to fetch from 0 for size 30890591 on file 366 total size=30890591,rasize = 1048576, stride = 0 bytes, ptr=0x7f4874087aa0, ino=24641736, inode=0x7f4874087930
prefetcher_th: TID:1513: going to fetch from 0 for size 30890648 on file 367 total size=30890648,rasize = 1048576, stride = 0 bytes, ptr=0x7f4890087d80, ino=24641737, inode=0x7f4890087c10
prefetcher_th: TID:1524: going to fetch from 0 for size 30890722 on file 368 total size=30890722,rasize = 1048576, stride = 0 bytes, ptr=0x7f488007e040, ino=24641738, inode=0x7f488007ded0
prefetcher_th: TID:1529: going to fetch from 0 for size 30890592 on file 369 total size=30890592,rasize = 1048576, stride = 0 bytes, ptr=0x7f4864087be0, ino=24641739, inode=0x7f4864087a70
prefetcher_th: TID:1525: going to fetch from 0 for size 30890566 on file 370 total size=30890566,rasize = 1048576, stride = 0 bytes, ptr=0x7f485c08e300, ino=24641740, inode=0x7f485c08e190
prefetcher_th: TID:1523: going to fetch from 0 for size 30890653 on file 371 total size=30890653,rasize = 1048576, stride = 0 bytes, ptr=0x7f485408aec0, ino=24641742, inode=0x7f485408ad50
prefetcher_th: TID:1515: going to fetch from 0 for size 30890740 on file 372 total size=30890740,rasize = 1048576, stride = 0 bytes, ptr=0x7f488408e350, ino=24641743, inode=0x7f488408e1e0
prefetcher_th: TID:1511: going to fetch from 0 for size 30890575 on file 373 total size=30890575,rasize = 1048576, stride = 0 bytes, ptr=0x7f48a008acd0, ino=24641744, inode=0x7f48a008ab60
prefetcher_th: TID:1508: going to fetch from 0 for size 30890563 on file 374 total size=30890563,rasize = 1048576, stride = 0 bytes, ptr=0x558788362100, ino=24641745, inode=0x558788361f90
prefetcher_th: TID:1512: going to fetch from 0 for size 30890556 on file 375 total size=30890556,rasize = 1048576, stride = 0 bytes, ptr=0x7f4898087bd0, ino=24641746, inode=0x7f4898087a60
prefetcher_th: TID:1521: going to fetch from 0 for size 30890586 on file 376 total size=30890586,rasize = 1048576, stride = 0 bytes, ptr=0x7f484408af00, ino=24641747, inode=0x7f484408ad90
prefetcher_th: TID:1518: going to fetch from 0 for size 30890599 on file 377 total size=30890599,rasize = 1048576, stride = 0 bytes, ptr=0x7f487c087c70, ino=24641741, inode=0x7f487c087b00
prefetcher_th: TID:1514: going to fetch from 0 for size 30890702 on file 378 total size=RocksDB:    version 7.6.0
Date:       Thu Sep 15 17:18:47 2022
CPU:        48 * AMD EPYC 7402P 24-Core Processor
CPUCache:   512 KB
... finished 100 ops                              ... finished 100 ops                              ... finished 100 ops                              ... finished 100 ops                              ... finished 200 ops                              ... finished 200 ops                              ... finished 200 ops                              ... finished 200 ops                              ... finished 300 ops                              ... finished 300 ops                              ... finished 300 ops                              ... finished 300 ops                              ... finished 400 ops                              ... finished 400 ops                              ... finished 400 ops                              ... finished 400 ops                              ... finished 500 ops                              ... finished 500 ops                              ... finished 500 ops                              ... finished 500 ops                              ... finished 600 ops                              ... finished 600 ops                              ... finished 600 ops                              ... finished 600 ops                              ... finished 700 ops                              ... finished 700 ops                              ... finished 700 ops                              ... finished 700 ops                              ... finished 800 ops                              ... finished 800 ops                              ... finished 800 ops                              ... finished 800 ops                              ... finished 900 ops                              ... finished 900 ops                              ... finished 900 ops                              ... finished 900 ops                              ... finished 1000 ops                              ... finished 1000 ops                              ... finished 1000 ops                              ... finished 1000 ops                              ... finished 1500 ops                              ... finished 1500 ops                              ... finished 1500 ops                              ... finished 1500 ops                              ... finished 2000 ops                              ... finished 2000 ops                              ... finished 2000 ops                              ... finished 2000 ops                              ... finished 2500 ops                              ... finished 2500 ops                              ... finished 2500 ops                              ... finished 2500 ops                              ... finished 3000 ops                              ... finished 3000 ops                              ... finished 3000 ops                              ... finished 3000 ops                              ... finished 3500 ops                              ... finished 3500 ops                              ... finished 3500 ops                              ... finished 3500 ops                              ... finished 4000 ops                              ... finished 4000 ops                              ... finished 4000 ops                              ... finished 4000 ops                              ... finished 4500 ops                              ... finished 4500 ops                              ... finished 4500 ops                              ... finished 4500 ops                              ... finished 5000 ops                              ... finished 5000 ops                              ... finished 5000 ops                              ... finished 5000 ops                              ... finished 6000 ops                              ... finished 6000 ops                              ... finished 6000 ops                              ... finished 6000 ops                              ... finished 7000 ops                              ... finished 7000 ops                              ... finished 7000 ops                              ... finished 7000 ops                              ... finished 8000 ops                              ... finished 8000 ops                              ... finished 8000 ops                              ... finished 8000 ops                              ... finished 9000 ops                              ... finished 9000 ops                              ... finished 9000 ops                              ... finished 9000 ops                              ... finished 10000 ops                              ... finished 10000 ops                              ... finished 10000 ops                              ... finished 10000 ops                              ... finished 15000 ops                              ... finished 15000 ops                              ... finished 15000 ops                              ... finished 15000 ops                              ... finished 20000 ops                              ... finished 20000 ops                              ... finished 20000 ops                              ... finished 20000 ops                              ... finished 25000 ops                              ... finished 25000 ops                              ... finished 25000 ops                              ... finished 25000 ops                              ... finished 30000 ops                              ... finished 30000 ops                              ... finished 30000 ops                              ... finished 30000 ops                              ... finished 35000 ops                              ... finished 35000 ops                              ... finished 35000 ops                              ... finished 35000 ops                              ... finished 40000 ops                              ... finished 40000 ops                              ... finished 40000 ops                              ... finished 40000 ops                              ... finished 45000 ops                              ... finished 45000 ops                              ... finished 45000 ops                              ... finished 45000 ops                              ... finished 50000 ops                              ... finished 50000 ops                              ... finished 50000 ops                              ... finished 50000 ops                              ... finished 60000 ops                              ... finished 60000 ops                              ... finished 60000 ops                              ... finished 60000 ops                              ... finished 70000 ops                              ... finished 70000 ops                              ... finished 70000 ops                              ... finished 70000 ops                              ... finished 80000 ops                              ... finished 80000 ops                              ... finished 80000 ops                              ... finished 80000 ops                              ... finished 90000 ops                              ... finished 90000 ops                              ... finished 90000 ops                              ... finished 90000 ops                              ... finished 100000 ops                              ... finished 100000 ops                              ... finished 100000 ops                              ... finished 100000 ops                              ... finished 150000 ops                              ... finished 150000 ops                              ... finished 150000 ops                              ... finished 150000 ops                              ... finished 200000 ops                              ... finished 200000 ops                              ... finished 200000 ops                              ... finished 200000 ops                              ... finished 250000 ops                              ... finished 250000 ops                              ... finished 250000 ops                              ... finished 250000 ops                              ... finished 300000 ops                              ... finished 300000 ops                              ... finished 300000 ops                              ... finished 300000 ops                              ... finished 350000 ops                              ... finished 350000 ops                              ... finished 350000 ops                              ... finished 350000 ops                              ... finished 400000 ops                              ... finished 400000 ops                              ... finished 400000 ops                              ... finished 400000 ops                              ... finished 450000 ops                              ... finished 450000 ops                              ... finished 450000 ops                              ... finished 450000 ops                              ... finished 500000 ops                              ... finished 500000 ops                              ... finished 500000 ops                              ... finished 500000 ops                              ... finished 600000 ops                              ... finished 600000 ops                              ... finished 600000 ops                              ... finished 600000 ops                              ... finished 700000 ops                              ... finished 700000 ops                              ... finished 700000 ops                              ... finished 700000 ops                              ... finished 800000 ops                              ... finished 800000 ops                              ... finished 800000 ops                              ... finished 800000 ops                              ... finished 900000 ops                              ... finished 900000 ops                              ... finished 900000 ops                              ... finished 900000 ops                              ... finished 1000000 ops                              ... finished 1000000 ops                              ... finished 1000000 ops                              ... finished 1000000 ops                              ... finished 1100000 ops                              ... finished 1100000 ops                              ... finished 1100000 ops                              ... finished 1100000 ops                              ... finished 1200000 ops                              ... finished 1200000 ops                              ... finished 1200000 ops                              ... finished 1200000 ops                              ... finished 1300000 ops                              ... finished 1300000 ops                              ... finished 1300000 ops                              ... finished 1300000 ops                              ... finished 1400000 ops                              ... finished 1400000 ops                              ... finished 1400000 ops                              ... finished 1400000 ops                              ... finished 1500000 ops                              ... finished 1500000 ops                              ... finished 1500000 ops                              ... finished 1500000 ops                              ... finished 1600000 ops                              ... finished 1600000 ops                              ... finished 1600000 ops                              ... finished 1600000 ops                              ... finished 1700000 ops                              ... finished 1700000 ops                              ... finished 1700000 ops                              ... finished 1700000 ops                              ... finished 1800000 ops                              ... finished 1800000 ops                              ... finished 1800000 ops                              ... finished 1800000 ops                              ... finished 1900000 ops                              ... finished 1900000 ops                              ... finished 1900000 ops                              ... finished 1900000 ops                              ... finished 2000000 ops                              ... finished 2000000 ops                              ... finished 2000000 ops                              ... finished 2000000 ops                              ... finished 2100000 ops                              ... finished 2100000 ops                              ... finished 2100000 ops                              ... finished 2100000 ops                              ... finished 2200000 ops                              ... finished 2200000 ops                              ... finished 2200000 ops                              ... finished 2200000 ops                              ... finished 2300000 ops                              ... finished 2300000 ops                              ... finished 2300000 ops                              ... finished 2300000 ops                              ... finished 2400000 ops                              ... finished 2400000 ops                              ... finished 2400000 ops                              ... finished 2400000 ops                              ... finished 2500000 ops                              ... finished 2500000 ops                              ... finished 2500000 ops                              ... finished 2500000 ops                              ... finished 2600000 ops                              ... finished 2600000 ops                              ... finished 2600000 ops                              ... finished 2600000 ops                              ... finished 2700000 ops                              ... finished 2700000 ops                              ... finished 2700000 ops                              ... finished 2700000 ops                              ... finished 2800000 ops                              ... finished 2800000 ops                              ... finished 2800000 ops                              ... finished 2800000 ops                              ... finished 2900000 ops                              ... finished 2900000 ops                              ... finished 2900000 ops                              ... finished 2900000 ops                              ... finished 3000000 ops                              ... finished 3000000 ops                              ... finished 3000000 ops                              ... finished 3000000 ops                              ... finished 3100000 ops                              ... finished 3100000 ops                              ... finished 3100000 ops                              ... finished 3100000 ops                              ... finished 3200000 ops                              ... finished 3200000 ops                              ... finished 3200000 ops                              ... finished 3200000 ops                              ... finished 3300000 ops                              ... finished 3300000 ops                              ... finished 3300000 ops                              ... finished 3300000 ops                              ... finished 3400000 ops                              ... finished 3400000 ops                              ... finished 3400000 ops                              ... finished 3400000 ops                              ... finished 3500000 ops                              ... finished 3500000 ops                              ... finished 3500000 ops                              ... finished 3500000 ops                              ... finished 3600000 ops                              ... finished 3600000 ops                              ... finished 3600000 ops                              ... finished 3600000 ops                              ... finished 3700000 ops                              ... finished 3700000 ops                              ... finished 3700000 ops                              ... finished 3700000 ops                              ... finished 3800000 ops                              ... finished 3800000 ops                              ... finished 3800000 ops                              ... finished 3800000 ops                              ... finished 3900000 ops                              ... finished 3900000 ops                              ... finished 3900000 ops                              ... finished 3900000 ops                              ... finished 4000000 ops                              ... finished 4000000 ops                              ... finished 4000000 ops                              ... finished 4000000 ops                              ... finished 4100000 ops                              ... finished 4100000 ops                              ... finished 4100000 ops                              ... finished 4100000 ops                              ... finished 4200000 ops                              ... finished 4200000 ops                              ... finished 4200000 ops                              ... finished 4200000 ops                              ... finished 4300000 ops                              ... finished 4300000 ops                              ... finished 4300000 ops                              ... finished 4300000 ops                              ... finished 4400000 ops                              ... finished 4400000 ops                              ... finished 4400000 ops                              ... finished 4400000 ops                              ... finished 4500000 ops                              ... finished 4500000 ops                              ... finished 4500000 ops                              ... finished 4500000 ops                              ... finished 4600000 ops                              ... finished 4600000 ops                              ... finished 4600000 ops                              ... finished 4600000 ops                              ... finished 4700000 ops                              ... finished 4700000 ops                              ... finished 4700000 ops                              ... finished 4700000 ops                              ... finished 4800000 ops                              ... finished 4800000 ops                              ... finished 4800000 ops                              ... finished 4800000 ops                              ... finished 4900000 ops                              ... finished 4900000 ops                              ... finished 4900000 ops                              ... finished 4900000 ops                              ... finished 5000000 ops                              ... finished 5000000 ops                              ... finished 5000000 ops                              ... finished 5000000 ops                              30890702,rasize = 1048576, stride = 0 bytes, ptr=0x7f488c0aa520, ino=24641748, inode=0x7f488c0aa3b0
prefetcher_th: TID:1517: going to fetch from 0 for size 30890591 on file 379 total size=30890591,rasize = 1048576, stride = 0 bytes, ptr=0x7f488808e1a0, ino=24641749, inode=0x7f488808e030
prefetcher_th: TID:1522: going to fetch from 0 for size 30890659 on file 380 total size=30890659,rasize = 1048576, stride = 0 bytes, ptr=0x7f484c081600, ino=24641750, inode=0x7f484c081490
prefetcher_th: TID:1527: going to fetch from 0 for size 30890529 on file 381 total size=30890529,rasize = 1048576, stride = 0 bytes, ptr=0x7f487408add0, ino=24641751, inode=0x7f487408ac60
prefetcher_th: TID:1513: going to fetch from 0 for size 30890622 on file 382 total size=30890622,rasize = 1048576, stride = 0 bytes, ptr=0x7f489008b0b0, ino=24641752, inode=0x7f489008af40
prefetcher_th: TID:1529: going to fetch from 0 for size 30890729 on file 383 total size=30890729,rasize = 1048576, stride = 0 bytes, ptr=0x7f486408af10, ino=24641753, inode=0x7f486408ada0
prefetcher_th: TID:1525: going to fetch from 0 for size 30890601 on file 384 total size=30890601,rasize = 1048576, stride = 0 bytes, ptr=0x7f485c0d0980, ino=24641754, inode=0x7f485c0d0810
prefetcher_th: TID:1515: going to fetch from 0 for size 30890678 on file 385 total size=30890678,rasize = 1048576, stride = 0 bytes, ptr=0x7f48840d0a10, ino=24641755, inode=0x7f48840d08a0
prefetcher_th: TID:1523: going to fetch from 0 for size 30890540 on file 386 total size=30890540,rasize = 1048576, stride = 0 bytes, ptr=0x7f485408e1f0, ino=24641756, inode=0x7f485408e080
prefetcher_th: TID:1511: going to fetch from 0 for size 30890584 on file 387 total size=30890584,rasize = 1048576, stride = 0 bytes, ptr=0x7f48a008e000, ino=24641757, inode=0x7f48a008de90
prefetcher_th: TID:1528: going to fetch from 0 for size 30880873 on file 388 total size=30880873,rasize = 1048576, stride = 0 bytes, ptr=0x7f486c0846b0, ino=24641758, inode=0x7f486c084540
prefetcher_th: TID:1508: going to fetch from 0 for size 30877554 on file 389 total size=30877554,rasize = 1048576, stride = 0 bytes, ptr=0x558788365430, ino=24641759, inode=0x5587883652c0
prefetcher_th: TID:1512: going to fetch from 0 for size 30877325 on file 390 total size=30877325,rasize = 1048576, stride = 0 bytes, ptr=0x7f489808af00, ino=24641760, inode=0x7f489808ad90
prefetcher_th: TID:1518: going to fetch from 0 for size 30877569 on file 391 total size=30877569,rasize = 1048576, stride = 0 bytes, ptr=0x7f487c08afa0, ino=24641761, inode=0x7f487c08ae30
prefetcher_th: TID:1514: going to fetch from 0 for size 30877622 on file 392 total size=30877622,rasize = 1048576, stride = 0 bytes, ptr=0x7f488c0ad850, ino=24641762, inode=0x7f488c0ad6e0
Keys:       1000 bytes each (+ 0 bytes user-defined timestamp)
Values:     4096 bytes each (2048 bytes after compression)
Entries:    5000000
Prefix:    0 bytes
Keys per prefix:    0
RawSize:    24299.6 MB (estimated)
FileSize:   14534.0 MB (estimated)
Write rate: 0 bytes/second
Read rate: 0 ops/second
Compression: Snappy
Compression sampling rate: 0
Memtablerep: SkipListFactory
Perf Level: 1
------------------------------------------------
DB path: [/users/kannan11/ssd/prefetching/appbench/apps/rocksdb/DATA]
readseq      :       6.630 micros/op 603324 ops/sec 33.150 seconds 20000000 operations; 2932.1 MB/s
DESTRUCTOR GETTING CALLED 
PRINT_GLOBAL_STATS in dest
PRINT_GLOBAL_LIB_STATS in dest
Total nr_ra = 11904
Total nr_bytes_ra = 12482248704
	Command being timed: "./db_bench --db=/users/kannan11/ssd/prefetching/appbench/apps/rocksdb/DATA --value_size=4096 --wal_dir=/users/kannan11/ssd/prefetching/appbench/apps/rocksdb/DATA/WAL_LOG --sync=0 --key_size=1000 --write_buffer_size=67108864 --num=5000000 --seed=1576170874 --benchmarks=readseq --use_existing_db=1 --mmap_read=0 --threads=4"
	User time (seconds): 86.69
	System time (seconds): 39.52
	Percent of CPU this job got: 345%
	Elapsed (wall clock) time (h:mm:ss or m:ss): 0:36.52
	Average shared text size (kbytes): 0
	Average unshared data size (kbytes): 0
	Average stack size (kbytes): 0
	Average total size (kbytes): 0
	Maximum resident set size (kbytes): 132092
	Average resident set size (kbytes): 0
	Major (requiring I/O) page faults: 87
	Minor (reclaiming a frame) page faults: 31458
	Voluntary context switches: 4130025
	Involuntary context switches: 177
	Swaps: 0
	File system inputs: 23212224
	File system outputs: 1936
	Socket messages sent: 0
	Socket messages received: 0
	Signals delivered: 0
	Page size (bytes): 4096
	Exit status: 0
DESTRUCTOR GETTING CALLED 
PRINT_GLOBAL_STATS in dest
PRINT_GLOBAL_LIB_STATS in dest
Total nr_ra = 0
Total nr_bytes_ra = 0
[99403.335572] sh (1495): drop_caches: 3
[99403.365650] sh (1500): drop_caches: 3
[99408.390433] write_proc_unbounded: Value of write = 0
[99408.390442] write_proc_2mb_limit: Value of write = 0
[99408.390446] write_proc_bitmap_shift: Value of write = 28
[99408.398634] write_proc_unbounded: Value of write = 0
[99408.398641] write_proc_2mb_limit: Value of write = 0
[99408.398644] write_proc_bitmap_shift: Value of write = 28
[99444.916181] write_proc_unbounded: Value of write = 0
[99444.916189] write_proc_2mb_limit: Value of write = 0
[99444.920080] write_proc_unbounded: Value of write = 0
[99444.920091] write_proc_2mb_limit: Value of write = 0
