THREAD DIR NAME /users/kannan11/ssd/sudarsun/prefetching/dataset/snappy/1 
THREAD DIR NAME /users/kannan11/ssd/sudarsun/prefetching/dataset/snappy/2 
THREAD DIR NAME /users/kannan11/ssd/sudarsun/prefetching/dataset/snappy/3 
THREAD DIR NAME /users/kannan11/ssd/sudarsun/prefetching/dataset/snappy/4 
THREAD DIR NAME /users/kannan11/ssd/sudarsun/prefetching/dataset/snappy/5 
THREAD DIR NAME /users/kannan11/ssd/sudarsun/prefetching/dataset/snappy/6 
THREAD DIR NAME /users/kannan11/ssd/sudarsun/prefetching/dataset/snappy/8 
THREAD DIR NAME /users/kannan11/ssd/sudarsun/prefetching/dataset/snappy/7 
DESTRUCTOR GETTING CALLED 
PRINT_GLOBAL_STATS in dest
tot input sz 40960000000 outsz 1940016000
Total time: 11.48 s
Average throughput: 3401.97 MB/s
[161096.107547] sh (48608): drop_caches: 3
[161097.253667] sh (48615): drop_caches: 3
[161102.358365] Enabled file stats for snappy:48630
[161102.359499] write_proc: Value of write = 1
[161113.842200] write_proc: Value of write = 0
[161113.842216] __do_sys_start_cross_trace: PRINT_GLOBAL_STATS 
[161113.842217] Final GlobalReport: nr_pages_read:853702906, nr_pages_hit:847818787, nr_do_read_fault:1899084, nr_pages_miss:101860669
[161113.842270] FinalTaskReport: snappy:48630 - ra_orig_nr_pages:0, ra_final_nr_pages:0
                                         async_pages:1378000, final_async_pages:1250016
                                         full_pfetches:0, less256_pfetches:0, partial_pfetches:0
                                         failed_pfetches:0, total_pfetches:0, os_pfetches:502
                                         nr_pages_read:1205757, nr_pages_hit:1163171, nr_do_read_fault:20
