THREAD DIR NAME /users/kannan11/ssd/sudarsun/prefetching/dataset/snappy/1 
THREAD DIR NAME /users/kannan11/ssd/sudarsun/prefetching/dataset/snappy/2 
THREAD DIR NAME /users/kannan11/ssd/sudarsun/prefetching/dataset/snappy/3 
THREAD DIR NAME /users/kannan11/ssd/sudarsun/prefetching/dataset/snappy/4 
THREAD DIR NAME /users/kannan11/ssd/sudarsun/prefetching/dataset/snappy/5 
THREAD DIR NAME /users/kannan11/ssd/sudarsun/prefetching/dataset/snappy/6 
THREAD DIR NAME /users/kannan11/ssd/sudarsun/prefetching/dataset/snappy/7 
THREAD DIR NAME /users/kannan11/ssd/sudarsun/prefetching/dataset/snappy/8 
DESTRUCTOR GETTING CALLED 
PRINT_GLOBAL_STATS in dest
tot input sz 40960000000 outsz 1940016000
Total time: 11.61 s
Average throughput: 3365.82 MB/s
[161076.169685] sh (48563): drop_caches: 3
[161077.209729] sh (48568): drop_caches: 3
[161082.320166] Enabled file stats for snappy:48583
[161082.321230] write_proc: Value of write = 0
[161093.927266] write_proc: Value of write = 0
[161093.927291] __do_sys_start_cross_trace: PRINT_GLOBAL_STATS 
[161093.927292] Final GlobalReport: nr_pages_read:845191873, nr_pages_hit:839674542, nr_do_read_fault:1895778, nr_pages_miss:86137691
[161093.927370] FinalTaskReport: snappy:48583 - ra_orig_nr_pages:0, ra_final_nr_pages:0
                                         async_pages:7858000, final_async_pages:1250033
                                         full_pfetches:0, less256_pfetches:0, partial_pfetches:0
                                         failed_pfetches:0, total_pfetches:0, os_pfetches:5002
                                         nr_pages_read:126000, nr_pages_hit:64500, nr_do_read_fault:20
