THREAD DIR NAME /users/kannan11/ssd/sudarsun/prefetching/dataset/snappy/1 
THREAD DIR NAME /users/kannan11/ssd/sudarsun/prefetching/dataset/snappy/2 
THREAD DIR NAME /users/kannan11/ssd/sudarsun/prefetching/dataset/snappy/3 
THREAD DIR NAME /users/kannan11/ssd/sudarsun/prefetching/dataset/snappy/8 
THREAD DIR NAME /users/kannan11/ssd/sudarsun/prefetching/dataset/snappy/4 
THREAD DIR NAME /users/kannan11/ssd/sudarsun/prefetching/dataset/snappy/7 
THREAD DIR NAME /users/kannan11/ssd/sudarsun/prefetching/dataset/snappy/6 
THREAD DIR NAME /users/kannan11/ssd/sudarsun/prefetching/dataset/snappy/5 
DESTRUCTOR GETTING CALLED 
PRINT_GLOBAL_STATS in dest
tot input sz 40960000000 outsz 1940016000
Total time: 11.62 s
Average throughput: 3360.61 MB/s
[160938.387503] sh (48387): drop_caches: 3
[160939.450773] sh (48393): drop_caches: 3
[161002.734063] Enabled file stats for snappy:48421
[161002.735170] write_proc: Value of write = 0
[161014.359244] write_proc: Value of write = 0
[161014.359273] __do_sys_start_cross_trace: PRINT_GLOBAL_STATS 
[161014.359275] Final GlobalReport: nr_pages_read:823771870, nr_pages_hit:819918721, nr_do_read_fault:1884651, nr_pages_miss:52160225
[161014.359345] FinalTaskReport: snappy:48421 - ra_orig_nr_pages:0, ra_final_nr_pages:0
                                         async_pages:7858000, final_async_pages:1250033
                                         full_pfetches:0, less256_pfetches:0, partial_pfetches:0
                                         failed_pfetches:0, total_pfetches:0, os_pfetches:5002
                                         nr_pages_read:126000, nr_pages_hit:64500, nr_do_read_fault:17
