rm -rf *.so
[34m[1mtrain: [0mweights=yolov5s.pt, cfg=, data=../fire_config.yaml, hyp=data/hyps/hyp.scratch-low.yaml, epochs=1, batch_size=512, imgsz=600, rect=False, resume=False, nosave=False, noval=False, noautoanchor=False, noplots=False, evolve=None, evolve_population=data/hyps, resume_evolve=None, bucket=, cache=None, image_weights=False, device=, multi_scale=False, single_cls=False, optimizer=SGD, sync_bn=False, workers=0, project=runs/train, name=exp, exist_ok=False, quad=False, cos_lr=False, label_smoothing=0.0, patience=100, freeze=[0], save_period=-1, seed=0, local_rank=-1, entity=None, upload_dataset=False, bbox_interval=-1, artifact_alias=latest, ndjson_console=False, ndjson_file=False
[34m[1mgithub: [0mup to date with https://github.com/ultralytics/yolov5 ✅
YOLOv5 🚀 v7.0-294-gdb125a20 Python-3.10.12 torch-2.2.1+cu121 CPU

[34m[1mhyperparameters: [0mlr0=0.01, lrf=0.01, momentum=0.937, weight_decay=0.0005, warmup_epochs=3.0, warmup_momentum=0.8, warmup_bias_lr=0.1, box=0.05, cls=0.5, cls_pw=1.0, obj=1.0, obj_pw=1.0, iou_t=0.2, anchor_t=4.0, fl_gamma=0.0, hsv_h=0.015, hsv_s=0.7, hsv_v=0.4, degrees=0.0, translate=0.1, scale=0.5, shear=0.0, perspective=0.0, flipud=0.0, fliplr=0.5, mosaic=1.0, mixup=0.0, copy_paste=0.0
[34m[1mComet: [0mrun 'pip install comet_ml' to automatically track and visualize YOLOv5 🚀 runs in Comet
[34m[1mTensorBoard: [0mStart with 'tensorboard --logdir runs/train', view at http://localhost:6006/
Overriding model.yaml nc=80 with nc=1

                 from  n    params  module                                  arguments                     
  0                -1  1      3520  models.common.Conv                      [3, 32, 6, 2, 2]              
  1                -1  1     18560  models.common.Conv                      [32, 64, 3, 2]                
  2                -1  1     18816  models.common.C3                        [64, 64, 1]                   
  3                -1  1     73984  models.common.Conv                      [64, 128, 3, 2]               
  4                -1  2    115712  models.common.C3                        [128, 128, 2]                 
  5                -1  1    295424  models.common.Conv                      [128, 256, 3, 2]              
  6                -1  3    625152  models.common.C3                        [256, 256, 3]                 
  7                -1  1   1180672  models.common.Conv                      [256, 512, 3, 2]              
  8                -1  1   1182720  models.common.C3                        [512, 512, 1]                 
  9                -1  1    656896  models.common.SPPF                      [512, 512, 5]                 
 10                -1  1    131584  models.common.Conv                      [512, 256, 1, 1]              
 11                -1  1         0  torch.nn.modules.upsampling.Upsample    [None, 2, 'nearest']          
 12           [-1, 6]  1         0  models.common.Concat                    [1]                           
 13                -1  1    361984  models.common.C3                        [512, 256, 1, False]          
 14                -1  1     33024  models.common.Conv                      [256, 128, 1, 1]              
 15                -1  1         0  torch.nn.modules.upsampling.Upsample    [None, 2, 'nearest']          
 16           [-1, 4]  1         0  models.common.Concat                    [1]                           
 17                -1  1     90880  models.common.C3                        [256, 128, 1, False]          
 18                -1  1    147712  models.common.Conv                      [128, 128, 3, 2]              
 19          [-1, 14]  1         0  models.common.Concat                    [1]                           
 20                -1  1    296448  models.common.C3                        [256, 256, 1, False]          
 21                -1  1    590336  models.common.Conv                      [256, 256, 3, 2]              
 22          [-1, 10]  1         0  models.common.Concat                    [1]                           
 23                -1  1   1182720  models.common.C3                        [512, 512, 1, False]          
 24      [17, 20, 23]  1     16182  models.yolo.Detect                      [1, [[10, 13, 16, 30, 33, 23], [30, 61, 62, 45, 59, 119], [116, 90, 156, 198, 373, 326]], [128, 256, 512]]
Model summary: 214 layers, 7022326 parameters, 7022326 gradients, 15.9 GFLOPs

Transferred 343/349 items from yolov5s.pt
WARNING ⚠️ --img-size 600 must be multiple of max stride 32, updating to 608
[34m[1moptimizer:[0m SGD(lr=0.01) with parameter groups 57 weight(decay=0.0), 60 weight(decay=0.004), 60 bias
[34m[1mtrain: [0mScanning /users/kannan11/ssd/ioopt/appbench/apps/yolov5-fire-detection/datasets/fire/train/labels.cache... 3522 images, 5 backgrounds, 3 corrupt: 100%|██████████| 3527/3527 [00:00<?, ?it/s][34m[1mtrain: [0mScanning /users/kannan11/ssd/ioopt/appbench/apps/yolov5-fire-detection/datasets/fire/train/labels.cache... 3522 images, 5 backgrounds, 3 corrupt: 100%|██████████| 3527/3527 [00:00<?, ?it/s]
[34m[1mtrain: [0mWARNING ⚠️ /users/kannan11/ssd/ioopt/appbench/apps/yolov5-fire-detection/datasets/fire/train/images/new_fire_fire.108.png: ignoring corrupt image/label: non-normalized or out of bounds coordinates [     1.0026]
[34m[1mtrain: [0mWARNING ⚠️ /users/kannan11/ssd/ioopt/appbench/apps/yolov5-fire-detection/datasets/fire/train/images/new_fire_fire.420.png: ignoring corrupt image/label: non-normalized or out of bounds coordinates [     1.0048]
[34m[1mtrain: [0mWARNING ⚠️ /users/kannan11/ssd/ioopt/appbench/apps/yolov5-fire-detection/datasets/fire/train/images/new_fire_fire.512.png: ignoring corrupt image/label: non-normalized or out of bounds coordinates [     1.0005]
[34m[1mval: [0mScanning /users/kannan11/ssd/ioopt/appbench/apps/yolov5-fire-detection/datasets/fire/val/labels.cache... 150 images, 0 backgrounds, 0 corrupt: 100%|██████████| 150/150 [00:00<?, ?it/s][34m[1mval: [0mScanning /users/kannan11/ssd/ioopt/appbench/apps/yolov5-fire-detection/datasets/fire/val/labels.cache... 150 images, 0 backgrounds, 0 corrupt: 100%|██████████| 150/150 [00:00<?, ?it/s]

[34m[1mAutoAnchor: [0m4.27 anchors/target, 0.998 Best Possible Recall (BPR). Current anchors are a good fit to dataset ✅
Plotting labels to runs/train/exp51/labels.jpg... 
Image sizes 608 train, 608 val
Using 0 dataloader workers
Logging results to [1mruns/train/exp51[0m
Starting training for 1 epochs...

      Epoch    GPU_mem   box_loss   obj_loss   cls_loss  Instances       Size
  0%|          | 0/7 [00:00<?, ?it/s]        0/0         0G     0.1242     0.0351          0       2376        608:   0%|          | 0/7 [01:45<?, ?it/s]        0/0         0G     0.1242     0.0351          0       2376        608:  14%|█▍        | 1/7 [01:45<10:35, 105.85s/it]        0/0         0G      0.124    0.03476          0       2326        608:  14%|█▍        | 1/7 [03:31<10:35, 105.85s/it]        0/0         0G      0.124    0.03476          0       2326        608:  29%|██▊       | 2/7 [03:31<08:47, 105.46s/it]Terminated
