ENABLE_FILE_STATS in con
ENABLE_FILE_STATS in con
RocksDB:    version 6.20
Date:       Wed Aug 10 18:35:36 2022
CPU:        48 * AMD EPYC 7402P 24-Core Processor
CPUCache:   512 KB
Get returned an error: Corruption: bad entry in block
Get returned an error: Corruption: bad entry in block
Command terminated by signal 6
	Command being timed: "./db_bench --db=/users/kannan11/ssd/sudarsun/prefetching/appbench/apps/rocksdb/DATA --value_size=4096 --wal_dir=/users/kannan11/ssd/sudarsun/prefetching/appbench/apps/rocksdb/DATA/WAL_LOG --sync=0 --key_size=1000 --write_buffer_size=67108864 --num=2000000 --benchmarks=readwhilewriting --use_existing_db=1 --mmap_read=0 --threads=32"
	User time (seconds): 0.27
	System time (seconds): 5.43
	Percent of CPU this job got: 183%
	Elapsed (wall clock) time (h:mm:ss or m:ss): 0:03.11
	Average shared text size (kbytes): 0
	Average unshared data size (kbytes): 0
	Average stack size (kbytes): 0
	Average total size (kbytes): 0
	Maximum resident set size (kbytes): 306880
	Average resident set size (kbytes): 0
	Major (requiring I/O) page faults: 76
	Minor (reclaiming a frame) page faults: 1550337
	Voluntary context switches: 3150
	Involuntary context switches: 19
	Swaps: 0
	File system inputs: 21075528
	File system outputs: 1656
	Socket messages sent: 0
	Socket messages received: 0
	Signals delivered: 0
	Page size (bytes): 4096
	Exit status: 0
DESTRUCTOR GETTING CALLED 
PRINT_GLOBAL_STATS in dest
[ 9415.896417] free_cross_bitmap: releasing mem for inode with i_count 2
[ 9415.905079] free_cross_bitmap: releasing mem for inode with i_count 2
[ 9415.915898] free_cross_bitmap: releasing mem for inode with i_count 2
[ 9415.926470] free_cross_bitmap: releasing mem for inode with i_count 2
[ 9415.934617] free_cross_bitmap: releasing mem for inode with i_count 2
[ 9415.944965] free_cross_bitmap: releasing mem for inode with i_count 2
[ 9415.955322] free_cross_bitmap: releasing mem for inode with i_count 2
[ 9415.963262] free_cross_bitmap: releasing mem for inode with i_count 2
[ 9415.973817] free_cross_bitmap: releasing mem for inode with i_count 2
[ 9415.982953] free_cross_bitmap: releasing mem for inode with i_count 2
[ 9415.993559] free_cross_bitmap: releasing mem for inode with i_count 2
[ 9416.002444] free_cross_bitmap: releasing mem for inode with i_count 2
[ 9416.010271] free_cross_bitmap: releasing mem for inode with i_count 2
[ 9416.019222] free_cross_bitmap: releasing mem for inode with i_count 2
[ 9416.027780] free_cross_bitmap: releasing mem for inode with i_count 2
[ 9416.036934] free_cross_bitmap: releasing mem for inode with i_count 2
[ 9416.047519] free_cross_bitmap: releasing mem for inode with i_count 2
[ 9416.056314] free_cross_bitmap: releasing mem for inode with i_count 2
[ 9416.064993] free_cross_bitmap: releasing mem for inode with i_count 2
[ 9416.073826] free_cross_bitmap: releasing mem for inode with i_count 2
[ 9416.082636] free_cross_bitmap: releasing mem for inode with i_count 2
[ 9416.093881] free_cross_bitmap: releasing mem for inode with i_count 2
[ 9416.102517] free_cross_bitmap: releasing mem for inode with i_count 2
[ 9416.111219] free_cross_bitmap: releasing mem for inode with i_count 2
[ 9416.120254] free_cross_bitmap: releasing mem for inode with i_count 2
[ 9416.128787] free_cross_bitmap: releasing mem for inode with i_count 2
[ 9416.137452] free_cross_bitmap: releasing mem for inode with i_count 2
[ 9416.148524] free_cross_bitmap: releasing mem for inode with i_count 2
[ 9416.157134] free_cross_bitmap: releasing mem for inode with i_count 2
[ 9416.165950] free_cross_bitmap: releasing mem for inode with i_count 2
[ 9416.174953] free_cross_bitmap: releasing mem for inode with i_count 2
[ 9416.185841] free_cross_bitmap: releasing mem for inode with i_count 2
[ 9416.194940] free_cross_bitmap: releasing mem for inode with i_count 2
[ 9416.203972] free_cross_bitmap: releasing mem for inode with i_count 2
[ 9416.212940] free_cross_bitmap: releasing mem for inode with i_count 2
[ 9416.222430] free_cross_bitmap: releasing mem for inode with i_count 2
[ 9416.231388] free_cross_bitmap: releasing mem for inode with i_count 2
[ 9416.241796] free_cross_bitmap: releasing mem for inode with i_count 2
[ 9416.252686] free_cross_bitmap: releasing mem for inode with i_count 2
[ 9416.264179] free_cross_bitmap: releasing mem for inode with i_count 2
[ 9416.274896] free_cross_bitmap: releasing mem for inode with i_count 2
[ 9416.285623] free_cross_bitmap: releasing mem for inode with i_count 2
[ 9416.295168] free_cross_bitmap: releasing mem for inode with i_count 2
[ 9416.305745] free_cross_bitmap: releasing mem for inode with i_count 2
[ 9416.316305] free_cross_bitmap: releasing mem for inode with i_count 2
[ 9416.327247] free_cross_bitmap: releasing mem for inode with i_count 2
[ 9416.337774] free_cross_bitmap: releasing mem for inode with i_count 2
[ 9416.348442] free_cross_bitmap: releasing mem for inode with i_count 2
[ 9416.358923] free_cross_bitmap: releasing mem for inode with i_count 2
[ 9416.369473] free_cross_bitmap: releasing mem for inode with i_count 2
[ 9416.379999] free_cross_bitmap: releasing mem for inode with i_count 2
[ 9416.389306] free_cross_bitmap: releasing mem for inode with i_count 2
[ 9416.398003] free_cross_bitmap: releasing mem for inode with i_count 2
[ 9416.408585] free_cross_bitmap: releasing mem for inode with i_count 2
[ 9416.419207] free_cross_bitmap: releasing mem for inode with i_count 2
[ 9416.429764] free_cross_bitmap: releasing mem for inode with i_count 2
[ 9416.440800] free_cross_bitmap: releasing mem for inode with i_count 2
[ 9416.451817] free_cross_bitmap: releasing mem for inode with i_count 2
[ 9416.462440] free_cross_bitmap: releasing mem for inode with i_count 2
[ 9416.473089] free_cross_bitmap: releasing mem for inode with i_count 2
[ 9416.481767] free_cross_bitmap: releasing mem for inode with i_count 2
[ 9416.492518] free_cross_bitmap: releasing mem for inode with i_count 2
[ 9416.504387] free_cross_bitmap: releasing mem for inode with i_count 2
[ 9416.515343] free_cross_bitmap: releasing mem for inode with i_count 2
[ 9416.525936] free_cross_bitmap: releasing mem for inode with i_count 2
[ 9416.533917] free_cross_bitmap: releasing mem for inode with i_count 2
[ 9416.544390] free_cross_bitmap: releasing mem for inode with i_count 2
[ 9416.555084] free_cross_bitmap: releasing mem for inode with i_count 2
[ 9416.562960] free_cross_bitmap: releasing mem for inode with i_count 2
[ 9416.574320] free_cross_bitmap: releasing mem for inode with i_count 2
[ 9416.584819] free_cross_bitmap: releasing mem for inode with i_count 2
[ 9416.595239] free_cross_bitmap: releasing mem for inode with i_count 2
[ 9416.605723] free_cross_bitmap: releasing mem for inode with i_count 2
[ 9416.615280] free_cross_bitmap: releasing mem for inode with i_count 2
[ 9416.625772] free_cross_bitmap: releasing mem for inode with i_count 2
[ 9416.634368] free_cross_bitmap: releasing mem for inode with i_count 2
[ 9416.644886] free_cross_bitmap: releasing mem for inode with i_count 2
[ 9416.656090] free_cross_bitmap: releasing mem for inode with i_count 2
[ 9416.664236] free_cross_bitmap: releasing mem for inode with i_count 2
[ 9416.674559] free_cross_bitmap: releasing mem for inode with i_count 2
[ 9416.684878] free_cross_bitmap: releasing mem for inode with i_count 2
[ 9416.695267] free_cross_bitmap: releasing mem for inode with i_count 2
[ 9416.705736] free_cross_bitmap: releasing mem for inode with i_count 2
[ 9416.716134] free_cross_bitmap: releasing mem for inode with i_count 2
[ 9416.726679] free_cross_bitmap: releasing mem for inode with i_count 2
[ 9416.734550] free_cross_bitmap: releasing mem for inode with i_count 2
[ 9416.744787] free_cross_bitmap: releasing mem for inode with i_count 2
[ 9416.755751] free_cross_bitmap: releasing mem for inode with i_count 2
[ 9416.766204] free_cross_bitmap: releasing mem for inode with i_count 2
[ 9416.776707] free_cross_bitmap: releasing mem for inode with i_count 2
[ 9416.787980] free_cross_bitmap: releasing mem for inode with i_count 2
[ 9416.798525] free_cross_bitmap: releasing mem for inode with i_count 2
[ 9416.809093] free_cross_bitmap: releasing mem for inode with i_count 2
[ 9416.820182] free_cross_bitmap: releasing mem for inode with i_count 2
[ 9416.830685] free_cross_bitmap: releasing mem for inode with i_count 2
[ 9416.841306] free_cross_bitmap: releasing mem for inode with i_count 2
[ 9416.849388] free_cross_bitmap: releasing mem for inode with i_count 2
[ 9416.859918] free_cross_bitmap: releasing mem for inode with i_count 2
[ 9416.870498] free_cross_bitmap: releasing mem for inode with i_count 2
[ 9416.880499] free_cross_bitmap: releasing mem for inode with i_count 2
[ 9416.891100] free_cross_bitmap: releasing mem for inode with i_count 2
[ 9416.901477] free_cross_bitmap: releasing mem for inode with i_count 2
[ 9416.911841] free_cross_bitmap: releasing mem for inode with i_count 2
[ 9416.922408] free_cross_bitmap: releasing mem for inode with i_count 2
[ 9416.930551] free_cross_bitmap: releasing mem for inode with i_count 2
[ 9416.942196] free_cross_bitmap: releasing mem for inode with i_count 2
[ 9416.952819] free_cross_bitmap: releasing mem for inode with i_count 2
[ 9416.963370] free_cross_bitmap: releasing mem for inode with i_count 2
[ 9416.971490] free_cross_bitmap: releasing mem for inode with i_count 2
[ 9416.982214] free_cross_bitmap: releasing mem for inode with i_count 2
[ 9416.990186] free_cross_bitmap: releasing mem for inode with i_count 2
[ 9417.001523] free_cross_bitmap: releasing mem for inode with i_count 2
[ 9417.012162] free_cross_bitmap: releasing mem for inode with i_count 2
[ 9417.020613] free_cross_bitmap: releasing mem for inode with i_count 2
[ 9417.028868] free_cross_bitmap: releasing mem for inode with i_count 2
[ 9417.039369] free_cross_bitmap: releasing mem for inode with i_count 2
[ 9417.049835] free_cross_bitmap: releasing mem for inode with i_count 2
[ 9417.060683] free_cross_bitmap: releasing mem for inode with i_count 2
[ 9417.071068] free_cross_bitmap: releasing mem for inode with i_count 2
[ 9417.081564] free_cross_bitmap: releasing mem for inode with i_count 2
[ 9417.091980] free_cross_bitmap: releasing mem for inode with i_count 2
[ 9417.102229] free_cross_bitmap: releasing mem for inode with i_count 2
[ 9417.112526] free_cross_bitmap: releasing mem for inode with i_count 2
[ 9417.123431] free_cross_bitmap: releasing mem for inode with i_count 2
[ 9417.133779] free_cross_bitmap: releasing mem for inode with i_count 2
[ 9417.144155] free_cross_bitmap: releasing mem for inode with i_count 2
[ 9417.154502] free_cross_bitmap: releasing mem for inode with i_count 2
[ 9417.164835] free_cross_bitmap: releasing mem for inode with i_count 2
[ 9417.175151] free_cross_bitmap: releasing mem for inode with i_count 2
[ 9417.186460] free_cross_bitmap: releasing mem for inode with i_count 2
[ 9417.197369] free_cross_bitmap: releasing mem for inode with i_count 2
[ 9417.207700] free_cross_bitmap: releasing mem for inode with i_count 2
[ 9417.218001] free_cross_bitmap: releasing mem for inode with i_count 2
[ 9417.228271] free_cross_bitmap: releasing mem for inode with i_count 2
[ 9417.238792] free_cross_bitmap: releasing mem for inode with i_count 2
[ 9417.249597] free_cross_bitmap: releasing mem for inode with i_count 2
[ 9417.259836] free_cross_bitmap: releasing mem for inode with i_count 2
[ 9417.270054] free_cross_bitmap: releasing mem for inode with i_count 2
[ 9417.280500] free_cross_bitmap: releasing mem for inode with i_count 2
[ 9417.290822] free_cross_bitmap: releasing mem for inode with i_count 2
[ 9417.301079] free_cross_bitmap: releasing mem for inode with i_count 2
[ 9417.311836] free_cross_bitmap: releasing mem for inode with i_count 2
[ 9417.322790] free_cross_bitmap: releasing mem for inode with i_count 2
[ 9417.333095] free_cross_bitmap: releasing mem for inode with i_count 2
[ 9417.343377] free_cross_bitmap: releasing mem for inode with i_count 2
[ 9417.353706] free_cross_bitmap: releasing mem for inode with i_count 2
[ 9417.364032] free_cross_bitmap: releasing mem for inode with i_count 2
[ 9417.374787] free_cross_bitmap: releasing mem for inode with i_count 2
[ 9417.385386] free_cross_bitmap: releasing mem for inode with i_count 2
[ 9417.396255] free_cross_bitmap: releasing mem for inode with i_count 2
[ 9417.407065] free_cross_bitmap: releasing mem for inode with i_count 2
[ 9417.417601] free_cross_bitmap: releasing mem for inode with i_count 2
[ 9417.428042] free_cross_bitmap: releasing mem for inode with i_count 2
[ 9417.439048] free_cross_bitmap: releasing mem for inode with i_count 2
[ 9417.449283] free_cross_bitmap: releasing mem for inode with i_count 2
[ 9417.459599] free_cross_bitmap: releasing mem for inode with i_count 2
[ 9417.470220] free_cross_bitmap: releasing mem for inode with i_count 2
[ 9417.481066] free_cross_bitmap: releasing mem for inode with i_count 2
[ 9417.492350] free_cross_bitmap: releasing mem for inode with i_count 2
[ 9417.503357] free_cross_bitmap: releasing mem for inode with i_count 2
[ 9417.513855] free_cross_bitmap: releasing mem for inode with i_count 2
[ 9417.524487] free_cross_bitmap: releasing mem for inode with i_count 2
[ 9417.534875] free_cross_bitmap: releasing mem for inode with i_count 2
[ 9417.545488] free_cross_bitmap: releasing mem for inode with i_count 2
[ 9417.556011] free_cross_bitmap: releasing mem for inode with i_count 2
[ 9417.566780] free_cross_bitmap: releasing mem for inode with i_count 2
[ 9417.577120] free_cross_bitmap: releasing mem for inode with i_count 2
[ 9417.587329] free_cross_bitmap: releasing mem for inode with i_count 2
[ 9417.597835] free_cross_bitmap: releasing mem for inode with i_count 2
[ 9417.608093] free_cross_bitmap: releasing mem for inode with i_count 2
[ 9417.618317] free_cross_bitmap: releasing mem for inode with i_count 2
[ 9417.629103] free_cross_bitmap: releasing mem for inode with i_count 2
[ 9417.639938] free_cross_bitmap: releasing mem for inode with i_count 2
[ 9417.650224] free_cross_bitmap: releasing mem for inode with i_count 2
[ 9417.660652] free_cross_bitmap: releasing mem for inode with i_count 2
[ 9417.671022] free_cross_bitmap: releasing mem for inode with i_count 2
[ 9417.681242] free_cross_bitmap: releasing mem for inode with i_count 2
[ 9417.691965] free_cross_bitmap: releasing mem for inode with i_count 2
[ 9417.702374] free_cross_bitmap: releasing mem for inode with i_count 2
[ 9417.712637] free_cross_bitmap: releasing mem for inode with i_count 2
[ 9417.722862] free_cross_bitmap: releasing mem for inode with i_count 2
[ 9417.733122] free_cross_bitmap: releasing mem for inode with i_count 2
[ 9417.743368] free_cross_bitmap: releasing mem for inode with i_count 2
[ 9417.753983] free_cross_bitmap: releasing mem for inode with i_count 2
[ 9417.763917] free_cross_bitmap: releasing mem for inode with i_count 2
[ 9417.772715] free_cross_bitmap: releasing mem for inode with i_count 2
[ 9417.779885] sh (14492): drop_caches: 3
[ 9417.814757] sh (14683): drop_caches: 3
[ 9422.842140] Enabled file stats for time:14690
[ 9422.842355] write_proc: Value of write = 1
[ 9422.848020] Enabled file stats for db_bench:14699
[ 9422.848236] write_proc: Value of write = 1
[ 9422.873435] alloc_cross_bitmap: preallocate 268435456 pg, nr_longs=4194304 in 12 millisec
[ 9422.874473] alloc_cross_bitmap: preallocate 268435456 pg, nr_longs=4194304 in 16 millisec
[ 9422.875003] alloc_cross_bitmap: preallocate 268435456 pg, nr_longs=4194304 in 16 millisec
[ 9422.875163] alloc_cross_bitmap: preallocate 268435456 pg, nr_longs=4194304 in 16 millisec
[ 9422.875510] alloc_cross_bitmap: preallocate 268435456 pg, nr_longs=4194304 in 16 millisec
[ 9422.875595] alloc_cross_bitmap: preallocate 268435456 pg, nr_longs=4194304 in 16 millisec
[ 9422.875694] alloc_cross_bitmap: preallocate 268435456 pg, nr_longs=4194304 in 16 millisec
[ 9422.875798] alloc_cross_bitmap: preallocate 268435456 pg, nr_longs=4194304 in 16 millisec
[ 9422.875841] alloc_cross_bitmap: preallocate 268435456 pg, nr_longs=4194304 in 16 millisec
[ 9422.875932] alloc_cross_bitmap: preallocate 268435456 pg, nr_longs=4194304 in 16 millisec
[ 9422.876010] alloc_cross_bitmap: preallocate 268435456 pg, nr_longs=4194304 in 16 millisec
[ 9422.876018] alloc_cross_bitmap: preallocate 268435456 pg, nr_longs=4194304 in 16 millisec
[ 9422.876054] alloc_cross_bitmap: preallocate 268435456 pg, nr_longs=4194304 in 16 millisec
[ 9422.876109] alloc_cross_bitmap: preallocate 268435456 pg, nr_longs=4194304 in 16 millisec
[ 9422.876129] alloc_cross_bitmap: preallocate 268435456 pg, nr_longs=4194304 in 16 millisec
[ 9422.877267] alloc_cross_bitmap: preallocate 268435456 pg, nr_longs=4194304 in 8 millisec
[ 9422.879183] alloc_cross_bitmap: preallocate 268435456 pg, nr_longs=4194304 in 4 millisec
[ 9422.880574] alloc_cross_bitmap: preallocate 268435456 pg, nr_longs=4194304 in 4 millisec
[ 9422.885774] alloc_cross_bitmap: preallocate 268435456 pg, nr_longs=4194304 in 8 millisec
[ 9422.890617] alloc_cross_bitmap: preallocate 268435456 pg, nr_longs=4194304 in 16 millisec
[ 9422.891555] alloc_cross_bitmap: preallocate 268435456 pg, nr_longs=4194304 in 16 millisec
[ 9422.891622] alloc_cross_bitmap: preallocate 268435456 pg, nr_longs=4194304 in 16 millisec
[ 9422.892820] alloc_cross_bitmap: preallocate 268435456 pg, nr_longs=4194304 in 12 millisec
[ 9422.893084] alloc_cross_bitmap: preallocate 268435456 pg, nr_longs=4194304 in 16 millisec
[ 9422.893482] alloc_cross_bitmap: preallocate 268435456 pg, nr_longs=4194304 in 16 millisec
[ 9422.893879] alloc_cross_bitmap: preallocate 268435456 pg, nr_longs=4194304 in 4 millisec
[ 9422.893993] alloc_cross_bitmap: preallocate 268435456 pg, nr_longs=4194304 in 16 millisec
[ 9422.894251] alloc_cross_bitmap: preallocate 268435456 pg, nr_longs=4194304 in 20 millisec
[ 9422.894344] alloc_cross_bitmap: preallocate 268435456 pg, nr_longs=4194304 in 20 millisec
[ 9422.894460] alloc_cross_bitmap: preallocate 268435456 pg, nr_longs=4194304 in 20 millisec
[ 9422.894700] alloc_cross_bitmap: preallocate 268435456 pg, nr_longs=4194304 in 20 millisec
[ 9422.894816] alloc_cross_bitmap: preallocate 268435456 pg, nr_longs=4194304 in 16 millisec
[ 9422.895342] alloc_cross_bitmap: preallocate 268435456 pg, nr_longs=4194304 in 16 millisec
[ 9422.897364] alloc_cross_bitmap: preallocate 268435456 pg, nr_longs=4194304 in 4 millisec
[ 9422.897850] alloc_cross_bitmap: preallocate 268435456 pg, nr_longs=4194304 in 4 millisec
[ 9422.898435] alloc_cross_bitmap: preallocate 268435456 pg, nr_longs=4194304 in 4 millisec
[ 9422.902646] alloc_cross_bitmap: preallocate 268435456 pg, nr_longs=4194304 in 8 millisec
[ 9422.902766] alloc_cross_bitmap: preallocate 268435456 pg, nr_longs=4194304 in 8 millisec
[ 9422.902923] alloc_cross_bitmap: preallocate 268435456 pg, nr_longs=4194304 in 8 millisec
[ 9422.906028] alloc_cross_bitmap: preallocate 268435456 pg, nr_longs=4194304 in 8 millisec
[ 9422.907265] alloc_cross_bitmap: preallocate 268435456 pg, nr_longs=4194304 in 12 millisec
[ 9422.907274] alloc_cross_bitmap: preallocate 268435456 pg, nr_longs=4194304 in 12 millisec
[ 9422.907292] alloc_cross_bitmap: preallocate 268435456 pg, nr_longs=4194304 in 12 millisec
[ 9422.908676] alloc_cross_bitmap: preallocate 268435456 pg, nr_longs=4194304 in 12 millisec
[ 9422.909041] alloc_cross_bitmap: preallocate 268435456 pg, nr_longs=4194304 in 12 millisec
[ 9422.909135] alloc_cross_bitmap: preallocate 268435456 pg, nr_longs=4194304 in 12 millisec
[ 9422.909575] alloc_cross_bitmap: preallocate 268435456 pg, nr_longs=4194304 in 12 millisec
[ 9422.909961] alloc_cross_bitmap: preallocate 268435456 pg, nr_longs=4194304 in 8 millisec
[ 9422.910141] alloc_cross_bitmap: preallocate 268435456 pg, nr_longs=4194304 in 12 millisec
[ 9422.910198] alloc_cross_bitmap: preallocate 268435456 pg, nr_longs=4194304 in 12 millisec
[ 9422.930065] alloc_cross_bitmap: preallocate 268435456 pg, nr_longs=4194304 in 4 millisec
[ 9422.930377] alloc_cross_bitmap: preallocate 268435456 pg, nr_longs=4194304 in 8 millisec
[ 9422.932253] alloc_cross_bitmap: preallocate 268435456 pg, nr_longs=4194304 in 4 millisec
[ 9423.006288] alloc_cross_bitmap: preallocate 268435456 pg, nr_longs=4194304 in 12 millisec
[ 9423.006335] alloc_cross_bitmap: preallocate 268435456 pg, nr_longs=4194304 in 12 millisec
[ 9423.006683] alloc_cross_bitmap: preallocate 268435456 pg, nr_longs=4194304 in 12 millisec
[ 9423.008174] alloc_cross_bitmap: preallocate 268435456 pg, nr_longs=4194304 in 12 millisec
[ 9423.008182] alloc_cross_bitmap: preallocate 268435456 pg, nr_longs=4194304 in 12 millisec
[ 9423.008181] alloc_cross_bitmap: preallocate 268435456 pg, nr_longs=4194304 in 12 millisec
[ 9423.008245] alloc_cross_bitmap: preallocate 268435456 pg, nr_longs=4194304 in 12 millisec
[ 9423.008259] alloc_cross_bitmap: preallocate 268435456 pg, nr_longs=4194304 in 12 millisec
[ 9423.008260] alloc_cross_bitmap: preallocate 268435456 pg, nr_longs=4194304 in 12 millisec
[ 9423.008263] alloc_cross_bitmap: preallocate 268435456 pg, nr_longs=4194304 in 12 millisec
[ 9423.008294] alloc_cross_bitmap: preallocate 268435456 pg, nr_longs=4194304 in 12 millisec
[ 9423.008310] alloc_cross_bitmap: preallocate 268435456 pg, nr_longs=4194304 in 12 millisec
[ 9423.008349] alloc_cross_bitmap: preallocate 268435456 pg, nr_longs=4194304 in 12 millisec
[ 9423.008359] alloc_cross_bitmap: preallocate 268435456 pg, nr_longs=4194304 in 12 millisec
[ 9423.008368] alloc_cross_bitmap: preallocate 268435456 pg, nr_longs=4194304 in 12 millisec
[ 9423.136623] alloc_cross_bitmap: preallocate 268435456 pg, nr_longs=4194304 in 4 millisec
[ 9423.137042] alloc_cross_bitmap: preallocate 268435456 pg, nr_longs=4194304 in 4 millisec
[ 9423.138524] alloc_cross_bitmap: preallocate 268435456 pg, nr_longs=4194304 in 8 millisec
[ 9423.138878] alloc_cross_bitmap: preallocate 268435456 pg, nr_longs=4194304 in 8 millisec
[ 9423.139411] alloc_cross_bitmap: preallocate 268435456 pg, nr_longs=4194304 in 8 millisec
[ 9423.139993] alloc_cross_bitmap: preallocate 268435456 pg, nr_longs=4194304 in 8 millisec
[ 9423.140323] alloc_cross_bitmap: preallocate 268435456 pg, nr_longs=4194304 in 8 millisec
[ 9423.142002] alloc_cross_bitmap: preallocate 268435456 pg, nr_longs=4194304 in 4 millisec
[ 9423.143085] alloc_cross_bitmap: preallocate 268435456 pg, nr_longs=4194304 in 8 millisec
[ 9423.143272] alloc_cross_bitmap: preallocate 268435456 pg, nr_longs=4194304 in 8 millisec
[ 9423.143585] alloc_cross_bitmap: preallocate 268435456 pg, nr_longs=4194304 in 8 millisec
[ 9423.144138] alloc_cross_bitmap: preallocate 268435456 pg, nr_longs=4194304 in 8 millisec
[ 9423.144267] alloc_cross_bitmap: preallocate 268435456 pg, nr_longs=4194304 in 4 millisec
[ 9423.144799] alloc_cross_bitmap: preallocate 268435456 pg, nr_longs=4194304 in 8 millisec
[ 9423.376586] alloc_cross_bitmap: preallocate 268435456 pg, nr_longs=4194304 in 4 millisec
[ 9423.381751] alloc_cross_bitmap: preallocate 268435456 pg, nr_longs=4194304 in 0 millisec
[ 9423.389049] alloc_cross_bitmap: preallocate 268435456 pg, nr_longs=4194304 in 4 millisec
[ 9423.389812] alloc_cross_bitmap: preallocate 268435456 pg, nr_longs=4194304 in 4 millisec
[ 9423.389915] alloc_cross_bitmap: preallocate 268435456 pg, nr_longs=4194304 in 4 millisec
[ 9423.390594] alloc_cross_bitmap: preallocate 268435456 pg, nr_longs=4194304 in 8 millisec
[ 9423.390626] alloc_cross_bitmap: preallocate 268435456 pg, nr_longs=4194304 in 8 millisec
[ 9423.396799] alloc_cross_bitmap: preallocate 268435456 pg, nr_longs=4194304 in 4 millisec
[ 9423.396883] alloc_cross_bitmap: preallocate 268435456 pg, nr_longs=4194304 in 4 millisec
[ 9423.402618] alloc_cross_bitmap: preallocate 268435456 pg, nr_longs=4194304 in 4 millisec
[ 9423.404940] alloc_cross_bitmap: preallocate 268435456 pg, nr_longs=4194304 in 4 millisec
[ 9423.406033] alloc_cross_bitmap: preallocate 268435456 pg, nr_longs=4194304 in 4 millisec
[ 9423.408009] alloc_cross_bitmap: preallocate 268435456 pg, nr_longs=4194304 in 4 millisec
[ 9423.409565] alloc_cross_bitmap: preallocate 268435456 pg, nr_longs=4194304 in 4 millisec
[ 9423.624176] alloc_cross_bitmap: preallocate 268435456 pg, nr_longs=4194304 in 4 millisec
[ 9423.627955] alloc_cross_bitmap: preallocate 268435456 pg, nr_longs=4194304 in 4 millisec
[ 9423.631680] alloc_cross_bitmap: preallocate 268435456 pg, nr_longs=4194304 in 4 millisec
[ 9423.644937] alloc_cross_bitmap: preallocate 268435456 pg, nr_longs=4194304 in 4 millisec
[ 9423.655641] alloc_cross_bitmap: preallocate 268435456 pg, nr_longs=4194304 in 4 millisec
[ 9423.655788] alloc_cross_bitmap: preallocate 268435456 pg, nr_longs=4194304 in 4 millisec
[ 9423.656012] alloc_cross_bitmap: preallocate 268435456 pg, nr_longs=4194304 in 4 millisec
[ 9423.674783] alloc_cross_bitmap: preallocate 268435456 pg, nr_longs=4194304 in 4 millisec
[ 9423.674874] alloc_cross_bitmap: preallocate 268435456 pg, nr_longs=4194304 in 4 millisec
[ 9423.821247] alloc_cross_bitmap: preallocate 268435456 pg, nr_longs=4194304 in 4 millisec
[ 9423.875746] alloc_cross_bitmap: preallocate 268435456 pg, nr_longs=4194304 in 4 millisec
[ 9423.883037] alloc_cross_bitmap: preallocate 268435456 pg, nr_longs=4194304 in 4 millisec
[ 9423.902635] alloc_cross_bitmap: preallocate 268435456 pg, nr_longs=4194304 in 4 millisec
[ 9423.919756] alloc_cross_bitmap: preallocate 268435456 pg, nr_longs=4194304 in 4 millisec
[ 9424.050843] alloc_cross_bitmap: preallocate 268435456 pg, nr_longs=4194304 in 4 millisec
[ 9424.186424] alloc_cross_bitmap: preallocate 268435456 pg, nr_longs=4194304 in 4 millisec
[ 9424.239151] alloc_cross_bitmap: preallocate 268435456 pg, nr_longs=4194304 in 4 millisec
[ 9424.239208] alloc_cross_bitmap: preallocate 268435456 pg, nr_longs=4194304 in 4 millisec
[ 9424.301972] alloc_cross_bitmap: preallocate 268435456 pg, nr_longs=4194304 in 0 millisec
[ 9424.301991] alloc_cross_bitmap: preallocate 268435456 pg, nr_longs=4194304 in 0 millisec
[ 9424.305571] alloc_cross_bitmap: preallocate 268435456 pg, nr_longs=4194304 in 0 millisec
[ 9424.363327] alloc_cross_bitmap: preallocate 268435456 pg, nr_longs=4194304 in 4 millisec
[ 9424.393524] alloc_cross_bitmap: preallocate 268435456 pg, nr_longs=4194304 in 0 millisec
[ 9424.423204] alloc_cross_bitmap: preallocate 268435456 pg, nr_longs=4194304 in 4 millisec
[ 9424.428592] alloc_cross_bitmap: preallocate 268435456 pg, nr_longs=4194304 in 4 millisec
[ 9424.454608] alloc_cross_bitmap: preallocate 268435456 pg, nr_longs=4194304 in 4 millisec
[ 9424.468698] alloc_cross_bitmap: preallocate 268435456 pg, nr_longs=4194304 in 4 millisec
[ 9424.491183] alloc_cross_bitmap: preallocate 268435456 pg, nr_longs=4194304 in 4 millisec
[ 9424.498151] alloc_cross_bitmap: preallocate 268435456 pg, nr_longs=4194304 in 0 millisec
[ 9424.516776] alloc_cross_bitmap: preallocate 268435456 pg, nr_longs=4194304 in 4 millisec
[ 9424.526023] alloc_cross_bitmap: preallocate 268435456 pg, nr_longs=4194304 in 0 millisec
[ 9424.536173] alloc_cross_bitmap: preallocate 268435456 pg, nr_longs=4194304 in 4 millisec
[ 9424.542950] alloc_cross_bitmap: preallocate 268435456 pg, nr_longs=4194304 in 4 millisec
[ 9424.546418] alloc_cross_bitmap: preallocate 268435456 pg, nr_longs=4194304 in 4 millisec
[ 9424.552422] alloc_cross_bitmap: preallocate 268435456 pg, nr_longs=4194304 in 4 millisec
[ 9424.628625] alloc_cross_bitmap: preallocate 268435456 pg, nr_longs=4194304 in 4 millisec
[ 9424.650224] alloc_cross_bitmap: preallocate 268435456 pg, nr_longs=4194304 in 4 millisec
[ 9424.660697] alloc_cross_bitmap: preallocate 268435456 pg, nr_longs=4194304 in 4 millisec
[ 9424.664409] alloc_cross_bitmap: preallocate 268435456 pg, nr_longs=4194304 in 4 millisec
[ 9424.669571] alloc_cross_bitmap: preallocate 268435456 pg, nr_longs=4194304 in 0 millisec
[ 9424.729605] alloc_cross_bitmap: preallocate 268435456 pg, nr_longs=4194304 in 0 millisec
[ 9424.730641] alloc_cross_bitmap: preallocate 268435456 pg, nr_longs=4194304 in 4 millisec
[ 9424.769135] alloc_cross_bitmap: preallocate 268435456 pg, nr_longs=4194304 in 4 millisec
[ 9424.769141] alloc_cross_bitmap: preallocate 268435456 pg, nr_longs=4194304 in 4 millisec
[ 9424.779754] alloc_cross_bitmap: preallocate 268435456 pg, nr_longs=4194304 in 4 millisec
[ 9424.781039] alloc_cross_bitmap: preallocate 268435456 pg, nr_longs=4194304 in 4 millisec
[ 9424.785544] alloc_cross_bitmap: preallocate 268435456 pg, nr_longs=4194304 in 4 millisec
[ 9424.796278] alloc_cross_bitmap: preallocate 268435456 pg, nr_longs=4194304 in 4 millisec
[ 9424.866755] alloc_cross_bitmap: preallocate 268435456 pg, nr_longs=4194304 in 4 millisec
[ 9424.875794] alloc_cross_bitmap: preallocate 268435456 pg, nr_longs=4194304 in 4 millisec
[ 9424.891564] alloc_cross_bitmap: preallocate 268435456 pg, nr_longs=4194304 in 4 millisec
[ 9424.906034] alloc_cross_bitmap: preallocate 268435456 pg, nr_longs=4194304 in 0 millisec
[ 9424.910647] alloc_cross_bitmap: preallocate 268435456 pg, nr_longs=4194304 in 4 millisec
[ 9424.922804] alloc_cross_bitmap: preallocate 268435456 pg, nr_longs=4194304 in 4 millisec
[ 9424.973780] alloc_cross_bitmap: preallocate 268435456 pg, nr_longs=4194304 in 0 millisec
[ 9424.996638] alloc_cross_bitmap: preallocate 268435456 pg, nr_longs=4194304 in 4 millisec
[ 9425.005851] alloc_cross_bitmap: preallocate 268435456 pg, nr_longs=4194304 in 0 millisec
[ 9425.022056] alloc_cross_bitmap: preallocate 268435456 pg, nr_longs=4194304 in 0 millisec
[ 9425.030093] alloc_cross_bitmap: preallocate 268435456 pg, nr_longs=4194304 in 0 millisec
[ 9425.074514] alloc_cross_bitmap: preallocate 268435456 pg, nr_longs=4194304 in 4 millisec
[ 9425.115411] alloc_cross_bitmap: preallocate 268435456 pg, nr_longs=4194304 in 4 millisec
[ 9425.135131] alloc_cross_bitmap: preallocate 268435456 pg, nr_longs=4194304 in 4 millisec
[ 9425.139223] alloc_cross_bitmap: preallocate 268435456 pg, nr_longs=4194304 in 4 millisec
[ 9425.145733] alloc_cross_bitmap: preallocate 268435456 pg, nr_longs=4194304 in 0 millisec
[ 9425.147396] alloc_cross_bitmap: preallocate 268435456 pg, nr_longs=4194304 in 4 millisec
[ 9425.168905] alloc_cross_bitmap: preallocate 268435456 pg, nr_longs=4194304 in 4 millisec
[ 9425.218229] alloc_cross_bitmap: preallocate 268435456 pg, nr_longs=4194304 in 4 millisec
[ 9425.254099] alloc_cross_bitmap: preallocate 268435456 pg, nr_longs=4194304 in 0 millisec
[ 9425.254349] alloc_cross_bitmap: preallocate 268435456 pg, nr_longs=4194304 in 4 millisec
[ 9425.278603] alloc_cross_bitmap: preallocate 268435456 pg, nr_longs=4194304 in 4 millisec
[ 9425.282453] alloc_cross_bitmap: preallocate 268435456 pg, nr_longs=4194304 in 4 millisec
[ 9425.342868] alloc_cross_bitmap: preallocate 268435456 pg, nr_longs=4194304 in 4 millisec
[ 9425.357275] alloc_cross_bitmap: preallocate 268435456 pg, nr_longs=4194304 in 4 millisec
[ 9425.357336] alloc_cross_bitmap: preallocate 268435456 pg, nr_longs=4194304 in 4 millisec
[ 9425.361249] alloc_cross_bitmap: preallocate 268435456 pg, nr_longs=4194304 in 4 millisec
[ 9425.363810] alloc_cross_bitmap: preallocate 268435456 pg, nr_longs=4194304 in 4 millisec
[ 9425.375866] alloc_cross_bitmap: preallocate 268435456 pg, nr_longs=4194304 in 4 millisec
[ 9425.377372] alloc_cross_bitmap: preallocate 268435456 pg, nr_longs=4194304 in 4 millisec
[ 9425.386391] alloc_cross_bitmap: preallocate 268435456 pg, nr_longs=4194304 in 4 millisec
[ 9425.407497] alloc_cross_bitmap: preallocate 268435456 pg, nr_longs=4194304 in 4 millisec
[ 9425.496921] alloc_cross_bitmap: preallocate 268435456 pg, nr_longs=4194304 in 4 millisec
[ 9425.532051] alloc_cross_bitmap: preallocate 268435456 pg, nr_longs=4194304 in 4 millisec
[ 9425.569845] alloc_cross_bitmap: preallocate 268435456 pg, nr_longs=4194304 in 0 millisec
[ 9425.576988] alloc_cross_bitmap: preallocate 268435456 pg, nr_longs=4194304 in 4 millisec
[ 9425.577061] alloc_cross_bitmap: preallocate 268435456 pg, nr_longs=4194304 in 4 millisec
[ 9425.584614] alloc_cross_bitmap: preallocate 268435456 pg, nr_longs=4194304 in 4 millisec
[ 9425.585952] alloc_cross_bitmap: preallocate 268435456 pg, nr_longs=4194304 in 4 millisec
[ 9425.595656] alloc_cross_bitmap: preallocate 268435456 pg, nr_longs=4194304 in 4 millisec
[ 9425.596579] alloc_cross_bitmap: preallocate 268435456 pg, nr_longs=4194304 in 4 millisec
[ 9425.751624] alloc_cross_bitmap: preallocate 268435456 pg, nr_longs=4194304 in 4 millisec
[ 9425.952876] FinalTaskReport: db_bench:14699 - ra_orig_nr_pages:0, ra_final_nr_pages:0
                                        async_pages:1116, final_async_pages:1714
                                        full_pfetches:0, less256_pfetches:0, partial_pfetches:0
                                        failed_pfetches:0, total_pfetches:0, os_pfetches:85
                                        nr_pages_read:1848, nr_pages_hit:910, nr_do_read_fault:157
[ 9425.959865] write_proc: Value of write = 0
[ 9425.959882] __do_sys_start_cross_trace: PRINT_GLOBAL_STATS 
[ 9425.959884] Final GlobalReport: nr_pages_read:13203209730, nr_pages_hit:12916839093, nr_do_read_fault:7041294, nr_pages_miss:103918935
[ 9425.959931] FinalTaskReport: time:14690 - ra_orig_nr_pages:0, ra_final_nr_pages:0
                                        async_pages:0, final_async_pages:25
                                        full_pfetches:0, less256_pfetches:0, partial_pfetches:0
                                        failed_pfetches:0, total_pfetches:0, os_pfetches:1
                                        nr_pages_read:0, nr_pages_hit:0, nr_do_read_fault:17
