ENABLE_FILE_STATS in con
ENABLE_FILE_STATS in con
RocksDB:    version 6.20
Date:       Wed Aug 10 18:36:25 2022
CPU:        48 * AMD EPYC 7402P 24-Core Processor
CPUCache:   512 KB
Get returned an error: Corruption: bad entry in block
Get returned an error: Corruption: bad entry in block
Command terminated by signal 6
	Command being timed: "./db_bench --db=/users/kannan11/ssd/sudarsun/prefetching/appbench/apps/rocksdb/DATA --value_size=4096 --wal_dir=/users/kannan11/ssd/sudarsun/prefetching/appbench/apps/rocksdb/DATA/WAL_LOG --sync=0 --key_size=1000 --write_buffer_size=67108864 --num=2000000 --benchmarks=readwhilewriting --use_existing_db=1 --mmap_read=0 --threads=32"
	User time (seconds): 0.24
	System time (seconds): 6.01
	Percent of CPU this job got: 898%
	Elapsed (wall clock) time (h:mm:ss or m:ss): 0:00.69
	Average shared text size (kbytes): 0
	Average unshared data size (kbytes): 0
	Average stack size (kbytes): 0
	Average total size (kbytes): 0
	Maximum resident set size (kbytes): 6206472
	Average resident set size (kbytes): 0
	Major (requiring I/O) page faults: 76
	Minor (reclaiming a frame) page faults: 1550171
	Voluntary context switches: 4355
	Involuntary context switches: 5
	Swaps: 0
	File system inputs: 126528
	File system outputs: 1656
	Socket messages sent: 0
	Socket messages received: 0
	Signals delivered: 0
	Page size (bytes): 4096
	Exit status: 0
DESTRUCTOR GETTING CALLED 
PRINT_GLOBAL_STATS in dest
[ 9467.953491] free_cross_bitmap: releasing mem for inode with i_count 2
[ 9467.960779] free_cross_bitmap: releasing mem for inode with i_count 2
[ 9467.967927] free_cross_bitmap: releasing mem for inode with i_count 2
[ 9467.974988] free_cross_bitmap: releasing mem for inode with i_count 2
[ 9467.981878] free_cross_bitmap: releasing mem for inode with i_count 2
[ 9467.988852] free_cross_bitmap: releasing mem for inode with i_count 2
[ 9467.995786] free_cross_bitmap: releasing mem for inode with i_count 2
[ 9468.002717] free_cross_bitmap: releasing mem for inode with i_count 2
[ 9468.009642] free_cross_bitmap: releasing mem for inode with i_count 2
[ 9468.017039] free_cross_bitmap: releasing mem for inode with i_count 2
[ 9468.024025] free_cross_bitmap: releasing mem for inode with i_count 2
[ 9468.031215] free_cross_bitmap: releasing mem for inode with i_count 2
[ 9468.038138] free_cross_bitmap: releasing mem for inode with i_count 2
[ 9468.045460] free_cross_bitmap: releasing mem for inode with i_count 2
[ 9468.052395] free_cross_bitmap: releasing mem for inode with i_count 2
[ 9468.059668] free_cross_bitmap: releasing mem for inode with i_count 2
[ 9468.066667] free_cross_bitmap: releasing mem for inode with i_count 2
[ 9468.073799] free_cross_bitmap: releasing mem for inode with i_count 2
[ 9468.080800] free_cross_bitmap: releasing mem for inode with i_count 2
[ 9468.087779] free_cross_bitmap: releasing mem for inode with i_count 2
[ 9468.094919] free_cross_bitmap: releasing mem for inode with i_count 2
[ 9468.102349] free_cross_bitmap: releasing mem for inode with i_count 2
[ 9468.109345] free_cross_bitmap: releasing mem for inode with i_count 2
[ 9468.116262] free_cross_bitmap: releasing mem for inode with i_count 2
[ 9468.123275] free_cross_bitmap: releasing mem for inode with i_count 2
[ 9468.130203] free_cross_bitmap: releasing mem for inode with i_count 2
[ 9468.137191] free_cross_bitmap: releasing mem for inode with i_count 2
[ 9468.144642] free_cross_bitmap: releasing mem for inode with i_count 2
[ 9468.151683] free_cross_bitmap: releasing mem for inode with i_count 2
[ 9468.158647] free_cross_bitmap: releasing mem for inode with i_count 2
[ 9468.165788] free_cross_bitmap: releasing mem for inode with i_count 2
[ 9468.172932] free_cross_bitmap: releasing mem for inode with i_count 2
[ 9468.180268] free_cross_bitmap: releasing mem for inode with i_count 2
[ 9468.187514] free_cross_bitmap: releasing mem for inode with i_count 2
[ 9468.194672] free_cross_bitmap: releasing mem for inode with i_count 2
[ 9468.201902] free_cross_bitmap: releasing mem for inode with i_count 2
[ 9468.209074] free_cross_bitmap: releasing mem for inode with i_count 2
[ 9468.216049] free_cross_bitmap: releasing mem for inode with i_count 2
[ 9468.223317] free_cross_bitmap: releasing mem for inode with i_count 2
[ 9468.230597] free_cross_bitmap: releasing mem for inode with i_count 2
[ 9468.237555] free_cross_bitmap: releasing mem for inode with i_count 2
[ 9468.244555] free_cross_bitmap: releasing mem for inode with i_count 2
[ 9468.251632] free_cross_bitmap: releasing mem for inode with i_count 2
[ 9468.258608] free_cross_bitmap: releasing mem for inode with i_count 2
[ 9468.265623] free_cross_bitmap: releasing mem for inode with i_count 2
[ 9468.273020] free_cross_bitmap: releasing mem for inode with i_count 2
[ 9468.279970] free_cross_bitmap: releasing mem for inode with i_count 2
[ 9468.286946] free_cross_bitmap: releasing mem for inode with i_count 2
[ 9468.293887] free_cross_bitmap: releasing mem for inode with i_count 2
[ 9468.300879] free_cross_bitmap: releasing mem for inode with i_count 2
[ 9468.307871] free_cross_bitmap: releasing mem for inode with i_count 2
[ 9468.315152] free_cross_bitmap: releasing mem for inode with i_count 2
[ 9468.322110] free_cross_bitmap: releasing mem for inode with i_count 2
[ 9468.329106] free_cross_bitmap: releasing mem for inode with i_count 2
[ 9468.336072] free_cross_bitmap: releasing mem for inode with i_count 2
[ 9468.343053] free_cross_bitmap: releasing mem for inode with i_count 2
[ 9468.350069] free_cross_bitmap: releasing mem for inode with i_count 2
[ 9468.357558] free_cross_bitmap: releasing mem for inode with i_count 2
[ 9468.364536] free_cross_bitmap: releasing mem for inode with i_count 2
[ 9468.371524] free_cross_bitmap: releasing mem for inode with i_count 2
[ 9468.378510] free_cross_bitmap: releasing mem for inode with i_count 2
[ 9468.385479] free_cross_bitmap: releasing mem for inode with i_count 2
[ 9468.392465] free_cross_bitmap: releasing mem for inode with i_count 2
[ 9468.399712] free_cross_bitmap: releasing mem for inode with i_count 2
[ 9468.406661] free_cross_bitmap: releasing mem for inode with i_count 2
[ 9468.413603] free_cross_bitmap: releasing mem for inode with i_count 2
[ 9468.420518] free_cross_bitmap: releasing mem for inode with i_count 2
[ 9468.427494] free_cross_bitmap: releasing mem for inode with i_count 2
[ 9468.434431] free_cross_bitmap: releasing mem for inode with i_count 2
[ 9468.441706] free_cross_bitmap: releasing mem for inode with i_count 2
[ 9468.448666] free_cross_bitmap: releasing mem for inode with i_count 2
[ 9468.455599] free_cross_bitmap: releasing mem for inode with i_count 2
[ 9468.462556] free_cross_bitmap: releasing mem for inode with i_count 2
[ 9468.469501] free_cross_bitmap: releasing mem for inode with i_count 2
[ 9468.476443] free_cross_bitmap: releasing mem for inode with i_count 2
[ 9468.483737] free_cross_bitmap: releasing mem for inode with i_count 2
[ 9468.490687] free_cross_bitmap: releasing mem for inode with i_count 2
[ 9468.497670] free_cross_bitmap: releasing mem for inode with i_count 2
[ 9468.504630] free_cross_bitmap: releasing mem for inode with i_count 2
[ 9468.511614] free_cross_bitmap: releasing mem for inode with i_count 2
[ 9468.518574] free_cross_bitmap: releasing mem for inode with i_count 2
[ 9468.525800] free_cross_bitmap: releasing mem for inode with i_count 2
[ 9468.532757] free_cross_bitmap: releasing mem for inode with i_count 2
[ 9468.539708] free_cross_bitmap: releasing mem for inode with i_count 2
[ 9468.546697] free_cross_bitmap: releasing mem for inode with i_count 2
[ 9468.553643] free_cross_bitmap: releasing mem for inode with i_count 2
[ 9468.560532] free_cross_bitmap: releasing mem for inode with i_count 2
[ 9468.567889] free_cross_bitmap: releasing mem for inode with i_count 2
[ 9468.574820] free_cross_bitmap: releasing mem for inode with i_count 2
[ 9468.581776] free_cross_bitmap: releasing mem for inode with i_count 2
[ 9468.588753] free_cross_bitmap: releasing mem for inode with i_count 2
[ 9468.595698] free_cross_bitmap: releasing mem for inode with i_count 2
[ 9468.602687] free_cross_bitmap: releasing mem for inode with i_count 2
[ 9468.609936] free_cross_bitmap: releasing mem for inode with i_count 2
[ 9468.616901] free_cross_bitmap: releasing mem for inode with i_count 2
[ 9468.623886] free_cross_bitmap: releasing mem for inode with i_count 2
[ 9468.630849] free_cross_bitmap: releasing mem for inode with i_count 2
[ 9468.637810] free_cross_bitmap: releasing mem for inode with i_count 2
[ 9468.644706] free_cross_bitmap: releasing mem for inode with i_count 2
[ 9468.652115] free_cross_bitmap: releasing mem for inode with i_count 2
[ 9468.659069] free_cross_bitmap: releasing mem for inode with i_count 2
[ 9468.665969] free_cross_bitmap: releasing mem for inode with i_count 2
[ 9468.672931] free_cross_bitmap: releasing mem for inode with i_count 2
[ 9468.679873] free_cross_bitmap: releasing mem for inode with i_count 2
[ 9468.686870] free_cross_bitmap: releasing mem for inode with i_count 2
[ 9468.694171] free_cross_bitmap: releasing mem for inode with i_count 2
[ 9468.701144] free_cross_bitmap: releasing mem for inode with i_count 2
[ 9468.708135] free_cross_bitmap: releasing mem for inode with i_count 2
[ 9468.715100] free_cross_bitmap: releasing mem for inode with i_count 2
[ 9468.722058] free_cross_bitmap: releasing mem for inode with i_count 2
[ 9468.729025] free_cross_bitmap: releasing mem for inode with i_count 2
[ 9468.736225] free_cross_bitmap: releasing mem for inode with i_count 2
[ 9468.743138] free_cross_bitmap: releasing mem for inode with i_count 2
[ 9468.750101] free_cross_bitmap: releasing mem for inode with i_count 2
[ 9468.757023] free_cross_bitmap: releasing mem for inode with i_count 2
[ 9468.763954] free_cross_bitmap: releasing mem for inode with i_count 2
[ 9468.770928] free_cross_bitmap: releasing mem for inode with i_count 2
[ 9468.778297] free_cross_bitmap: releasing mem for inode with i_count 2
[ 9468.785218] free_cross_bitmap: releasing mem for inode with i_count 2
[ 9468.792192] free_cross_bitmap: releasing mem for inode with i_count 2
[ 9468.799172] free_cross_bitmap: releasing mem for inode with i_count 2
[ 9468.806103] free_cross_bitmap: releasing mem for inode with i_count 2
[ 9468.813076] free_cross_bitmap: releasing mem for inode with i_count 2
[ 9468.820364] free_cross_bitmap: releasing mem for inode with i_count 2
[ 9468.827310] free_cross_bitmap: releasing mem for inode with i_count 2
[ 9468.834264] free_cross_bitmap: releasing mem for inode with i_count 2
[ 9468.841155] free_cross_bitmap: releasing mem for inode with i_count 2
[ 9468.848091] free_cross_bitmap: releasing mem for inode with i_count 2
[ 9468.855064] free_cross_bitmap: releasing mem for inode with i_count 2
[ 9468.862521] free_cross_bitmap: releasing mem for inode with i_count 2
[ 9468.869427] free_cross_bitmap: releasing mem for inode with i_count 2
[ 9468.876306] free_cross_bitmap: releasing mem for inode with i_count 2
[ 9468.883262] free_cross_bitmap: releasing mem for inode with i_count 2
[ 9468.890218] free_cross_bitmap: releasing mem for inode with i_count 2
[ 9468.897114] free_cross_bitmap: releasing mem for inode with i_count 2
[ 9468.904549] free_cross_bitmap: releasing mem for inode with i_count 2
[ 9468.911457] free_cross_bitmap: releasing mem for inode with i_count 2
[ 9468.918402] free_cross_bitmap: releasing mem for inode with i_count 2
[ 9468.925334] free_cross_bitmap: releasing mem for inode with i_count 2
[ 9468.932250] free_cross_bitmap: releasing mem for inode with i_count 2
[ 9468.939193] free_cross_bitmap: releasing mem for inode with i_count 2
[ 9468.946528] free_cross_bitmap: releasing mem for inode with i_count 2
[ 9468.953437] free_cross_bitmap: releasing mem for inode with i_count 2
[ 9468.960362] free_cross_bitmap: releasing mem for inode with i_count 2
[ 9468.967267] free_cross_bitmap: releasing mem for inode with i_count 2
[ 9468.974177] free_cross_bitmap: releasing mem for inode with i_count 2
[ 9468.981107] free_cross_bitmap: releasing mem for inode with i_count 2
[ 9468.988367] free_cross_bitmap: releasing mem for inode with i_count 2
[ 9468.995280] free_cross_bitmap: releasing mem for inode with i_count 2
[ 9469.002168] free_cross_bitmap: releasing mem for inode with i_count 2
[ 9469.009126] free_cross_bitmap: releasing mem for inode with i_count 2
[ 9469.016080] free_cross_bitmap: releasing mem for inode with i_count 2
[ 9469.023012] free_cross_bitmap: releasing mem for inode with i_count 2
[ 9469.030437] free_cross_bitmap: releasing mem for inode with i_count 2
[ 9469.037308] free_cross_bitmap: releasing mem for inode with i_count 2
[ 9469.044248] free_cross_bitmap: releasing mem for inode with i_count 2
[ 9469.051191] free_cross_bitmap: releasing mem for inode with i_count 2
[ 9469.058093] free_cross_bitmap: releasing mem for inode with i_count 2
[ 9469.065035] free_cross_bitmap: releasing mem for inode with i_count 2
[ 9469.072294] free_cross_bitmap: releasing mem for inode with i_count 2
[ 9469.079236] free_cross_bitmap: releasing mem for inode with i_count 2
[ 9469.086201] free_cross_bitmap: releasing mem for inode with i_count 2
[ 9469.093073] free_cross_bitmap: releasing mem for inode with i_count 2
[ 9469.099996] free_cross_bitmap: releasing mem for inode with i_count 2
[ 9469.106907] free_cross_bitmap: releasing mem for inode with i_count 2
[ 9469.114082] free_cross_bitmap: releasing mem for inode with i_count 2
[ 9469.121012] free_cross_bitmap: releasing mem for inode with i_count 2
[ 9469.127909] free_cross_bitmap: releasing mem for inode with i_count 2
[ 9469.134845] free_cross_bitmap: releasing mem for inode with i_count 2
[ 9469.141755] free_cross_bitmap: releasing mem for inode with i_count 2
[ 9469.148679] free_cross_bitmap: releasing mem for inode with i_count 2
[ 9469.156076] free_cross_bitmap: releasing mem for inode with i_count 2
[ 9469.163003] free_cross_bitmap: releasing mem for inode with i_count 2
[ 9469.169935] free_cross_bitmap: releasing mem for inode with i_count 2
[ 9469.176877] free_cross_bitmap: releasing mem for inode with i_count 2
[ 9469.183814] free_cross_bitmap: releasing mem for inode with i_count 2
[ 9469.190747] free_cross_bitmap: releasing mem for inode with i_count 2
[ 9469.198009] free_cross_bitmap: releasing mem for inode with i_count 2
[ 9469.204913] free_cross_bitmap: releasing mem for inode with i_count 2
[ 9469.211871] free_cross_bitmap: releasing mem for inode with i_count 2
[ 9469.218766] free_cross_bitmap: releasing mem for inode with i_count 2
[ 9469.225664] free_cross_bitmap: releasing mem for inode with i_count 2
[ 9469.232577] free_cross_bitmap: releasing mem for inode with i_count 2
[ 9469.239829] free_cross_bitmap: releasing mem for inode with i_count 2
[ 9469.246767] free_cross_bitmap: releasing mem for inode with i_count 2
[ 9469.255534] free_cross_bitmap: releasing mem for inode with i_count 2
[ 9469.262824] sh (16108): drop_caches: 3
[ 9469.295781] sh (16299): drop_caches: 3
[ 9474.322222] Enabled file stats for time:16306
[ 9474.322409] write_proc: Value of write = 0
[ 9474.327487] Enabled file stats for db_bench:16315
[ 9474.327671] write_proc: Value of write = 0
[ 9474.382827] alloc_cross_bitmap: preallocate 268435456 pg, nr_longs=4194304 in 16 millisec
[ 9474.383711] alloc_cross_bitmap: preallocate 268435456 pg, nr_longs=4194304 in 16 millisec
[ 9474.384042] alloc_cross_bitmap: preallocate 268435456 pg, nr_longs=4194304 in 16 millisec
[ 9474.384246] alloc_cross_bitmap: preallocate 268435456 pg, nr_longs=4194304 in 16 millisec
[ 9474.384341] alloc_cross_bitmap: preallocate 268435456 pg, nr_longs=4194304 in 16 millisec
[ 9474.384491] alloc_cross_bitmap: preallocate 268435456 pg, nr_longs=4194304 in 16 millisec
[ 9474.384628] alloc_cross_bitmap: preallocate 268435456 pg, nr_longs=4194304 in 16 millisec
[ 9474.384631] alloc_cross_bitmap: preallocate 268435456 pg, nr_longs=4194304 in 16 millisec
[ 9474.384634] alloc_cross_bitmap: preallocate 268435456 pg, nr_longs=4194304 in 16 millisec
[ 9474.384647] alloc_cross_bitmap: preallocate 268435456 pg, nr_longs=4194304 in 16 millisec
[ 9474.384785] alloc_cross_bitmap: preallocate 268435456 pg, nr_longs=4194304 in 16 millisec
[ 9474.384807] alloc_cross_bitmap: preallocate 268435456 pg, nr_longs=4194304 in 16 millisec
[ 9474.385109] alloc_cross_bitmap: preallocate 268435456 pg, nr_longs=4194304 in 16 millisec
[ 9474.385115] alloc_cross_bitmap: preallocate 268435456 pg, nr_longs=4194304 in 16 millisec
[ 9474.385132] alloc_cross_bitmap: preallocate 268435456 pg, nr_longs=4194304 in 16 millisec
[ 9474.385132] alloc_cross_bitmap: preallocate 268435456 pg, nr_longs=4194304 in 16 millisec
[ 9474.411214] alloc_cross_bitmap: preallocate 268435456 pg, nr_longs=4194304 in 4 millisec
[ 9474.412904] alloc_cross_bitmap: preallocate 268435456 pg, nr_longs=4194304 in 4 millisec
[ 9474.415175] alloc_cross_bitmap: preallocate 268435456 pg, nr_longs=4194304 in 8 millisec
[ 9474.417312] alloc_cross_bitmap: preallocate 268435456 pg, nr_longs=4194304 in 8 millisec
[ 9474.417948] alloc_cross_bitmap: preallocate 268435456 pg, nr_longs=4194304 in 8 millisec
[ 9474.419409] alloc_cross_bitmap: preallocate 268435456 pg, nr_longs=4194304 in 8 millisec
[ 9474.419896] alloc_cross_bitmap: preallocate 268435456 pg, nr_longs=4194304 in 12 millisec
[ 9474.420834] alloc_cross_bitmap: preallocate 268435456 pg, nr_longs=4194304 in 8 millisec
[ 9474.420868] alloc_cross_bitmap: preallocate 268435456 pg, nr_longs=4194304 in 8 millisec
[ 9474.421476] alloc_cross_bitmap: preallocate 268435456 pg, nr_longs=4194304 in 8 millisec
[ 9474.421699] alloc_cross_bitmap: preallocate 268435456 pg, nr_longs=4194304 in 8 millisec
[ 9474.421827] alloc_cross_bitmap: preallocate 268435456 pg, nr_longs=4194304 in 8 millisec
[ 9474.422084] alloc_cross_bitmap: preallocate 268435456 pg, nr_longs=4194304 in 8 millisec
[ 9474.422231] alloc_cross_bitmap: preallocate 268435456 pg, nr_longs=4194304 in 12 millisec
[ 9474.431986] alloc_cross_bitmap: preallocate 268435456 pg, nr_longs=4194304 in 4 millisec
[ 9474.436071] alloc_cross_bitmap: preallocate 268435456 pg, nr_longs=4194304 in 4 millisec
[ 9474.436191] alloc_cross_bitmap: preallocate 268435456 pg, nr_longs=4194304 in 4 millisec
[ 9474.444766] alloc_cross_bitmap: preallocate 268435456 pg, nr_longs=4194304 in 4 millisec
[ 9474.447791] alloc_cross_bitmap: preallocate 268435456 pg, nr_longs=4194304 in 4 millisec
[ 9474.449875] alloc_cross_bitmap: preallocate 268435456 pg, nr_longs=4194304 in 4 millisec
[ 9474.450535] alloc_cross_bitmap: preallocate 268435456 pg, nr_longs=4194304 in 8 millisec
[ 9474.451251] alloc_cross_bitmap: preallocate 268435456 pg, nr_longs=4194304 in 4 millisec
[ 9474.453055] alloc_cross_bitmap: preallocate 268435456 pg, nr_longs=4194304 in 4 millisec
[ 9474.454212] alloc_cross_bitmap: preallocate 268435456 pg, nr_longs=4194304 in 8 millisec
[ 9474.454603] alloc_cross_bitmap: preallocate 268435456 pg, nr_longs=4194304 in 8 millisec
[ 9474.455755] alloc_cross_bitmap: preallocate 268435456 pg, nr_longs=4194304 in 8 millisec
[ 9474.455984] alloc_cross_bitmap: preallocate 268435456 pg, nr_longs=4194304 in 8 millisec
[ 9474.459256] alloc_cross_bitmap: preallocate 268435456 pg, nr_longs=4194304 in 4 millisec
[ 9474.459497] alloc_cross_bitmap: preallocate 268435456 pg, nr_longs=4194304 in 4 millisec
[ 9474.463365] alloc_cross_bitmap: preallocate 268435456 pg, nr_longs=4194304 in 4 millisec
[ 9474.463395] alloc_cross_bitmap: preallocate 268435456 pg, nr_longs=4194304 in 4 millisec
[ 9474.463515] alloc_cross_bitmap: preallocate 268435456 pg, nr_longs=4194304 in 4 millisec
[ 9474.466365] alloc_cross_bitmap: preallocate 268435456 pg, nr_longs=4194304 in 4 millisec
[ 9474.468208] alloc_cross_bitmap: preallocate 268435456 pg, nr_longs=4194304 in 4 millisec
[ 9474.470659] alloc_cross_bitmap: preallocate 268435456 pg, nr_longs=4194304 in 4 millisec
[ 9474.470688] alloc_cross_bitmap: preallocate 268435456 pg, nr_longs=4194304 in 4 millisec
[ 9474.470909] alloc_cross_bitmap: preallocate 268435456 pg, nr_longs=4194304 in 4 millisec
[ 9474.517765] alloc_cross_bitmap: preallocate 268435456 pg, nr_longs=4194304 in 4 millisec
[ 9474.524795] alloc_cross_bitmap: preallocate 268435456 pg, nr_longs=4194304 in 8 millisec
[ 9474.525702] alloc_cross_bitmap: preallocate 268435456 pg, nr_longs=4194304 in 8 millisec
[ 9474.526158] alloc_cross_bitmap: preallocate 268435456 pg, nr_longs=4194304 in 8 millisec
[ 9474.526158] alloc_cross_bitmap: preallocate 268435456 pg, nr_longs=4194304 in 8 millisec
[ 9474.526224] alloc_cross_bitmap: preallocate 268435456 pg, nr_longs=4194304 in 12 millisec
[ 9474.526696] alloc_cross_bitmap: preallocate 268435456 pg, nr_longs=4194304 in 12 millisec
[ 9474.526707] alloc_cross_bitmap: preallocate 268435456 pg, nr_longs=4194304 in 12 millisec
[ 9474.526738] alloc_cross_bitmap: preallocate 268435456 pg, nr_longs=4194304 in 12 millisec
[ 9474.527023] alloc_cross_bitmap: preallocate 268435456 pg, nr_longs=4194304 in 12 millisec
[ 9474.527027] alloc_cross_bitmap: preallocate 268435456 pg, nr_longs=4194304 in 12 millisec
[ 9474.527053] alloc_cross_bitmap: preallocate 268435456 pg, nr_longs=4194304 in 12 millisec
[ 9474.527060] alloc_cross_bitmap: preallocate 268435456 pg, nr_longs=4194304 in 12 millisec
[ 9474.527067] alloc_cross_bitmap: preallocate 268435456 pg, nr_longs=4194304 in 12 millisec
[ 9474.527071] alloc_cross_bitmap: preallocate 268435456 pg, nr_longs=4194304 in 12 millisec
[ 9474.535424] alloc_cross_bitmap: preallocate 268435456 pg, nr_longs=4194304 in 4 millisec
[ 9474.554937] alloc_cross_bitmap: preallocate 268435456 pg, nr_longs=4194304 in 4 millisec
[ 9474.556559] alloc_cross_bitmap: preallocate 268435456 pg, nr_longs=4194304 in 4 millisec
[ 9474.557644] alloc_cross_bitmap: preallocate 268435456 pg, nr_longs=4194304 in 4 millisec
[ 9474.558643] alloc_cross_bitmap: preallocate 268435456 pg, nr_longs=4194304 in 8 millisec
[ 9474.562494] alloc_cross_bitmap: preallocate 268435456 pg, nr_longs=4194304 in 12 millisec
[ 9474.563356] alloc_cross_bitmap: preallocate 268435456 pg, nr_longs=4194304 in 12 millisec
[ 9474.564591] alloc_cross_bitmap: preallocate 268435456 pg, nr_longs=4194304 in 12 millisec
[ 9474.564782] alloc_cross_bitmap: preallocate 268435456 pg, nr_longs=4194304 in 4 millisec
[ 9474.564864] alloc_cross_bitmap: preallocate 268435456 pg, nr_longs=4194304 in 8 millisec
[ 9474.564935] alloc_cross_bitmap: preallocate 268435456 pg, nr_longs=4194304 in 12 millisec
[ 9474.565134] alloc_cross_bitmap: preallocate 268435456 pg, nr_longs=4194304 in 8 millisec
[ 9474.565543] alloc_cross_bitmap: preallocate 268435456 pg, nr_longs=4194304 in 8 millisec
[ 9474.565573] alloc_cross_bitmap: preallocate 268435456 pg, nr_longs=4194304 in 8 millisec
[ 9474.565609] alloc_cross_bitmap: preallocate 268435456 pg, nr_longs=4194304 in 8 millisec
[ 9474.565786] alloc_cross_bitmap: preallocate 268435456 pg, nr_longs=4194304 in 8 millisec
[ 9474.565907] alloc_cross_bitmap: preallocate 268435456 pg, nr_longs=4194304 in 8 millisec
[ 9474.579981] alloc_cross_bitmap: preallocate 268435456 pg, nr_longs=4194304 in 4 millisec
[ 9474.580364] alloc_cross_bitmap: preallocate 268435456 pg, nr_longs=4194304 in 4 millisec
[ 9474.581539] alloc_cross_bitmap: preallocate 268435456 pg, nr_longs=4194304 in 4 millisec
[ 9474.585864] alloc_cross_bitmap: preallocate 268435456 pg, nr_longs=4194304 in 0 millisec
[ 9474.591261] alloc_cross_bitmap: preallocate 268435456 pg, nr_longs=4194304 in 4 millisec
[ 9474.594077] alloc_cross_bitmap: preallocate 268435456 pg, nr_longs=4194304 in 0 millisec
[ 9474.598196] alloc_cross_bitmap: preallocate 268435456 pg, nr_longs=4194304 in 8 millisec
[ 9474.599542] alloc_cross_bitmap: preallocate 268435456 pg, nr_longs=4194304 in 8 millisec
[ 9474.599850] alloc_cross_bitmap: preallocate 268435456 pg, nr_longs=4194304 in 8 millisec
[ 9474.599986] alloc_cross_bitmap: preallocate 268435456 pg, nr_longs=4194304 in 8 millisec
[ 9474.600783] alloc_cross_bitmap: preallocate 268435456 pg, nr_longs=4194304 in 8 millisec
[ 9474.601469] alloc_cross_bitmap: preallocate 268435456 pg, nr_longs=4194304 in 8 millisec
[ 9474.601778] alloc_cross_bitmap: preallocate 268435456 pg, nr_longs=4194304 in 8 millisec
[ 9474.601885] alloc_cross_bitmap: preallocate 268435456 pg, nr_longs=4194304 in 8 millisec
[ 9474.601924] alloc_cross_bitmap: preallocate 268435456 pg, nr_longs=4194304 in 8 millisec
[ 9474.604478] alloc_cross_bitmap: preallocate 268435456 pg, nr_longs=4194304 in 4 millisec
[ 9474.604680] alloc_cross_bitmap: preallocate 268435456 pg, nr_longs=4194304 in 4 millisec
[ 9474.605489] alloc_cross_bitmap: preallocate 268435456 pg, nr_longs=4194304 in 4 millisec
[ 9474.612161] alloc_cross_bitmap: preallocate 268435456 pg, nr_longs=4194304 in 4 millisec
[ 9474.616839] alloc_cross_bitmap: preallocate 268435456 pg, nr_longs=4194304 in 4 millisec
[ 9474.618386] alloc_cross_bitmap: preallocate 268435456 pg, nr_longs=4194304 in 8 millisec
[ 9474.623705] alloc_cross_bitmap: preallocate 268435456 pg, nr_longs=4194304 in 4 millisec
[ 9474.623829] alloc_cross_bitmap: preallocate 268435456 pg, nr_longs=4194304 in 4 millisec
[ 9474.624972] alloc_cross_bitmap: preallocate 268435456 pg, nr_longs=4194304 in 4 millisec
[ 9474.625058] alloc_cross_bitmap: preallocate 268435456 pg, nr_longs=4194304 in 4 millisec
[ 9474.625064] alloc_cross_bitmap: preallocate 268435456 pg, nr_longs=4194304 in 4 millisec
[ 9474.625492] alloc_cross_bitmap: preallocate 268435456 pg, nr_longs=4194304 in 4 millisec
[ 9474.625589] alloc_cross_bitmap: preallocate 268435456 pg, nr_longs=4194304 in 4 millisec
[ 9474.625951] alloc_cross_bitmap: preallocate 268435456 pg, nr_longs=4194304 in 4 millisec
[ 9474.669855] alloc_cross_bitmap: preallocate 268435456 pg, nr_longs=4194304 in 4 millisec
[ 9474.676235] alloc_cross_bitmap: preallocate 268435456 pg, nr_longs=4194304 in 8 millisec
[ 9474.677097] alloc_cross_bitmap: preallocate 268435456 pg, nr_longs=4194304 in 8 millisec
[ 9474.677179] alloc_cross_bitmap: preallocate 268435456 pg, nr_longs=4194304 in 8 millisec
[ 9474.677699] alloc_cross_bitmap: preallocate 268435456 pg, nr_longs=4194304 in 8 millisec
[ 9474.678142] alloc_cross_bitmap: preallocate 268435456 pg, nr_longs=4194304 in 8 millisec
[ 9474.678685] alloc_cross_bitmap: preallocate 268435456 pg, nr_longs=4194304 in 12 millisec
[ 9474.678712] alloc_cross_bitmap: preallocate 268435456 pg, nr_longs=4194304 in 12 millisec
[ 9474.678933] alloc_cross_bitmap: preallocate 268435456 pg, nr_longs=4194304 in 12 millisec
[ 9474.679001] alloc_cross_bitmap: preallocate 268435456 pg, nr_longs=4194304 in 12 millisec
[ 9474.679011] alloc_cross_bitmap: preallocate 268435456 pg, nr_longs=4194304 in 12 millisec
[ 9474.679261] alloc_cross_bitmap: preallocate 268435456 pg, nr_longs=4194304 in 12 millisec
[ 9474.679297] alloc_cross_bitmap: preallocate 268435456 pg, nr_longs=4194304 in 12 millisec
[ 9474.679319] alloc_cross_bitmap: preallocate 268435456 pg, nr_longs=4194304 in 12 millisec
[ 9474.679320] alloc_cross_bitmap: preallocate 268435456 pg, nr_longs=4194304 in 12 millisec
[ 9474.688984] alloc_cross_bitmap: preallocate 268435456 pg, nr_longs=4194304 in 4 millisec
[ 9474.706369] alloc_cross_bitmap: preallocate 268435456 pg, nr_longs=4194304 in 8 millisec
[ 9474.707799] alloc_cross_bitmap: preallocate 268435456 pg, nr_longs=4194304 in 4 millisec
[ 9474.710086] alloc_cross_bitmap: preallocate 268435456 pg, nr_longs=4194304 in 4 millisec
[ 9474.710598] alloc_cross_bitmap: preallocate 268435456 pg, nr_longs=4194304 in 8 millisec
[ 9474.711509] alloc_cross_bitmap: preallocate 268435456 pg, nr_longs=4194304 in 8 millisec
[ 9474.712819] alloc_cross_bitmap: preallocate 268435456 pg, nr_longs=4194304 in 8 millisec
[ 9474.713364] alloc_cross_bitmap: preallocate 268435456 pg, nr_longs=4194304 in 8 millisec
[ 9474.714616] alloc_cross_bitmap: preallocate 268435456 pg, nr_longs=4194304 in 8 millisec
[ 9474.716031] alloc_cross_bitmap: preallocate 268435456 pg, nr_longs=4194304 in 12 millisec
[ 9474.716095] alloc_cross_bitmap: preallocate 268435456 pg, nr_longs=4194304 in 4 millisec
[ 9474.716537] alloc_cross_bitmap: preallocate 268435456 pg, nr_longs=4194304 in 8 millisec
[ 9474.716622] alloc_cross_bitmap: preallocate 268435456 pg, nr_longs=4194304 in 8 millisec
[ 9474.716693] alloc_cross_bitmap: preallocate 268435456 pg, nr_longs=4194304 in 8 millisec
[ 9474.716700] alloc_cross_bitmap: preallocate 268435456 pg, nr_longs=4194304 in 8 millisec
[ 9474.716725] alloc_cross_bitmap: preallocate 268435456 pg, nr_longs=4194304 in 8 millisec
[ 9474.716967] alloc_cross_bitmap: preallocate 268435456 pg, nr_longs=4194304 in 8 millisec
[ 9474.730131] alloc_cross_bitmap: preallocate 268435456 pg, nr_longs=4194304 in 0 millisec
[ 9474.733547] alloc_cross_bitmap: preallocate 268435456 pg, nr_longs=4194304 in 4 millisec
[ 9474.737304] alloc_cross_bitmap: preallocate 268435456 pg, nr_longs=4194304 in 4 millisec
[ 9474.738074] alloc_cross_bitmap: preallocate 268435456 pg, nr_longs=4194304 in 4 millisec
[ 9474.739414] alloc_cross_bitmap: preallocate 268435456 pg, nr_longs=4194304 in 4 millisec
[ 9474.742202] alloc_cross_bitmap: preallocate 268435456 pg, nr_longs=4194304 in 8 millisec
[ 9474.742582] alloc_cross_bitmap: preallocate 268435456 pg, nr_longs=4194304 in 8 millisec
[ 9474.745211] alloc_cross_bitmap: preallocate 268435456 pg, nr_longs=4194304 in 4 millisec
[ 9474.748005] alloc_cross_bitmap: preallocate 268435456 pg, nr_longs=4194304 in 8 millisec
[ 9474.748431] alloc_cross_bitmap: preallocate 268435456 pg, nr_longs=4194304 in 8 millisec
[ 9474.749837] alloc_cross_bitmap: preallocate 268435456 pg, nr_longs=4194304 in 4 millisec
[ 9474.749903] alloc_cross_bitmap: preallocate 268435456 pg, nr_longs=4194304 in 4 millisec
[ 9474.751764] alloc_cross_bitmap: preallocate 268435456 pg, nr_longs=4194304 in 8 millisec
[ 9474.751805] alloc_cross_bitmap: preallocate 268435456 pg, nr_longs=4194304 in 8 millisec
[ 9474.751821] alloc_cross_bitmap: preallocate 268435456 pg, nr_longs=4194304 in 8 millisec
[ 9474.751886] alloc_cross_bitmap: preallocate 268435456 pg, nr_longs=4194304 in 8 millisec
[ 9474.755253] alloc_cross_bitmap: preallocate 268435456 pg, nr_longs=4194304 in 4 millisec
[ 9474.758602] alloc_cross_bitmap: preallocate 268435456 pg, nr_longs=4194304 in 4 millisec
[ 9474.762725] alloc_cross_bitmap: preallocate 268435456 pg, nr_longs=4194304 in 4 millisec
[ 9474.763668] alloc_cross_bitmap: preallocate 268435456 pg, nr_longs=4194304 in 4 millisec
[ 9474.764825] alloc_cross_bitmap: preallocate 268435456 pg, nr_longs=4194304 in 4 millisec
[ 9474.767290] alloc_cross_bitmap: preallocate 268435456 pg, nr_longs=4194304 in 4 millisec
[ 9474.767599] alloc_cross_bitmap: preallocate 268435456 pg, nr_longs=4194304 in 4 millisec
[ 9474.769930] alloc_cross_bitmap: preallocate 268435456 pg, nr_longs=4194304 in 0 millisec
[ 9474.774841] alloc_cross_bitmap: preallocate 268435456 pg, nr_longs=4194304 in 4 millisec
[ 9474.775265] alloc_cross_bitmap: preallocate 268435456 pg, nr_longs=4194304 in 8 millisec
[ 9474.776959] alloc_cross_bitmap: preallocate 268435456 pg, nr_longs=4194304 in 4 millisec
[ 9474.779948] alloc_cross_bitmap: preallocate 268435456 pg, nr_longs=4194304 in 4 millisec
[ 9474.781293] alloc_cross_bitmap: preallocate 268435456 pg, nr_longs=4194304 in 4 millisec
[ 9474.781324] alloc_cross_bitmap: preallocate 268435456 pg, nr_longs=4194304 in 4 millisec
[ 9474.788879] alloc_cross_bitmap: preallocate 268435456 pg, nr_longs=4194304 in 4 millisec
[ 9474.789301] alloc_cross_bitmap: preallocate 268435456 pg, nr_longs=4194304 in 4 millisec
[ 9474.790806] alloc_cross_bitmap: preallocate 268435456 pg, nr_longs=4194304 in 8 millisec
[ 9474.791593] alloc_cross_bitmap: preallocate 268435456 pg, nr_longs=4194304 in 8 millisec
[ 9474.792494] alloc_cross_bitmap: preallocate 268435456 pg, nr_longs=4194304 in 4 millisec
[ 9474.792887] alloc_cross_bitmap: preallocate 268435456 pg, nr_longs=4194304 in 4 millisec
[ 9474.792908] alloc_cross_bitmap: preallocate 268435456 pg, nr_longs=4194304 in 4 millisec
[ 9474.793441] alloc_cross_bitmap: preallocate 268435456 pg, nr_longs=4194304 in 4 millisec
[ 9474.793456] alloc_cross_bitmap: preallocate 268435456 pg, nr_longs=4194304 in 4 millisec
[ 9474.796984] alloc_cross_bitmap: preallocate 268435456 pg, nr_longs=4194304 in 4 millisec
[ 9474.828166] FinalTaskReport: db_bench:16315 - ra_orig_nr_pages:0, ra_final_nr_pages:0
                                        async_pages:1032, final_async_pages:2184
                                        full_pfetches:0, less256_pfetches:0, partial_pfetches:0
                                        failed_pfetches:0, total_pfetches:0, os_pfetches:94
                                        nr_pages_read:2052, nr_pages_hit:1077, nr_do_read_fault:166
[ 9475.020201] write_proc: Value of write = 0
[ 9475.020217] __do_sys_start_cross_trace: PRINT_GLOBAL_STATS 
[ 9475.020219] Final GlobalReport: nr_pages_read:13203362043, nr_pages_hit:12916924229, nr_do_read_fault:7053739, nr_pages_miss:103923864
[ 9475.020264] FinalTaskReport: time:16306 - ra_orig_nr_pages:0, ra_final_nr_pages:0
                                        async_pages:0, final_async_pages:25
                                        full_pfetches:0, less256_pfetches:0, partial_pfetches:0
                                        failed_pfetches:0, total_pfetches:0, os_pfetches:1
                                        nr_pages_read:0, nr_pages_hit:0, nr_do_read_fault:18
