ENABLE_FILE_STATS in con
ENABLE_FILE_STATS in con
RocksDB:    version 6.20
Date:       Wed Aug 10 18:33:51 2022
CPU:        48 * AMD EPYC 7402P 24-Core Processor
CPUCache:   512 KB
Get returned an error: Corruption: bad entry in block
Get returned an error: Corruption: bad entry in block
Get returned an error: Corruption: bad entry in block
Get returned an error: Corruption: bad entry in block
Received signal 6 (Aborted)
Command terminated by signal 6
	Command being timed: "./db_bench --db=/users/kannan11/ssd/sudarsun/prefetching/appbench/apps/rocksdb/DATA --value_size=4096 --wal_dir=/users/kannan11/ssd/sudarsun/prefetching/appbench/apps/rocksdb/DATA/WAL_LOG --sync=0 --key_size=1000 --write_buffer_size=67108864 --num=2000000 --benchmarks=readwhilewriting --use_existing_db=1 --mmap_read=0 --threads=32"
	User time (seconds): 0.27
	System time (seconds): 5.29
	Percent of CPU this job got: 344%
	Elapsed (wall clock) time (h:mm:ss or m:ss): 0:01.61
	Average shared text size (kbytes): 0
	Average unshared data size (kbytes): 0
	Average stack size (kbytes): 0
	Average total size (kbytes): 0
	Maximum resident set size (kbytes): 330064
	Average resident set size (kbytes): 0
	Major (requiring I/O) page faults: 73
	Minor (reclaiming a frame) page faults: 1550774
	Voluntary context switches: 3982
	Involuntary context switches: 41
	Swaps: 0
	File system inputs: 10625240
	File system outputs: 1656
	Socket messages sent: 0
	Socket messages received: 0
	Signals delivered: 0
	Page size (bytes): 4096
	Exit status: 0
DESTRUCTOR GETTING CALLED 
PRINT_GLOBAL_STATS in dest
[ 9312.974054] free_cross_bitmap: releasing mem for inode with i_count 2
[ 9312.982055] free_cross_bitmap: releasing mem for inode with i_count 2
[ 9312.991156] free_cross_bitmap: releasing mem for inode with i_count 2
[ 9313.000116] free_cross_bitmap: releasing mem for inode with i_count 2
[ 9313.007674] free_cross_bitmap: releasing mem for inode with i_count 2
[ 9313.016891] free_cross_bitmap: releasing mem for inode with i_count 2
[ 9313.025654] free_cross_bitmap: releasing mem for inode with i_count 2
[ 9313.033071] free_cross_bitmap: releasing mem for inode with i_count 2
[ 9313.041768] free_cross_bitmap: releasing mem for inode with i_count 2
[ 9313.049888] free_cross_bitmap: releasing mem for inode with i_count 2
[ 9313.058658] free_cross_bitmap: releasing mem for inode with i_count 2
[ 9313.067087] free_cross_bitmap: releasing mem for inode with i_count 2
[ 9313.074533] free_cross_bitmap: releasing mem for inode with i_count 2
[ 9313.082615] free_cross_bitmap: releasing mem for inode with i_count 2
[ 9313.090484] free_cross_bitmap: releasing mem for inode with i_count 2
[ 9313.098839] free_cross_bitmap: releasing mem for inode with i_count 2
[ 9313.107673] free_cross_bitmap: releasing mem for inode with i_count 2
[ 9313.116042] free_cross_bitmap: releasing mem for inode with i_count 2
[ 9313.124217] free_cross_bitmap: releasing mem for inode with i_count 2
[ 9313.132076] free_cross_bitmap: releasing mem for inode with i_count 2
[ 9313.140090] free_cross_bitmap: releasing mem for inode with i_count 2
[ 9313.149123] free_cross_bitmap: releasing mem for inode with i_count 2
[ 9313.157225] free_cross_bitmap: releasing mem for inode with i_count 2
[ 9313.165152] free_cross_bitmap: releasing mem for inode with i_count 2
[ 9313.173049] free_cross_bitmap: releasing mem for inode with i_count 2
[ 9313.181100] free_cross_bitmap: releasing mem for inode with i_count 2
[ 9313.189183] free_cross_bitmap: releasing mem for inode with i_count 2
[ 9313.198131] free_cross_bitmap: releasing mem for inode with i_count 2
[ 9313.206030] free_cross_bitmap: releasing mem for inode with i_count 2
[ 9313.214492] free_cross_bitmap: releasing mem for inode with i_count 2
[ 9313.222641] free_cross_bitmap: releasing mem for inode with i_count 2
[ 9313.231685] free_cross_bitmap: releasing mem for inode with i_count 2
[ 9313.239884] free_cross_bitmap: releasing mem for inode with i_count 2
[ 9313.247734] free_cross_bitmap: releasing mem for inode with i_count 2
[ 9313.255937] free_cross_bitmap: releasing mem for inode with i_count 2
[ 9313.264742] free_cross_bitmap: releasing mem for inode with i_count 2
[ 9313.272865] free_cross_bitmap: releasing mem for inode with i_count 2
[ 9313.281612] free_cross_bitmap: releasing mem for inode with i_count 2
[ 9313.290676] free_cross_bitmap: releasing mem for inode with i_count 2
[ 9313.299664] free_cross_bitmap: releasing mem for inode with i_count 2
[ 9313.308497] free_cross_bitmap: releasing mem for inode with i_count 2
[ 9313.317801] free_cross_bitmap: releasing mem for inode with i_count 2
[ 9313.326529] free_cross_bitmap: releasing mem for inode with i_count 2
[ 9313.335665] free_cross_bitmap: releasing mem for inode with i_count 2
[ 9313.344722] free_cross_bitmap: releasing mem for inode with i_count 2
[ 9313.353861] free_cross_bitmap: releasing mem for inode with i_count 2
[ 9313.362685] free_cross_bitmap: releasing mem for inode with i_count 2
[ 9313.372139] free_cross_bitmap: releasing mem for inode with i_count 2
[ 9313.380901] free_cross_bitmap: releasing mem for inode with i_count 2
[ 9313.389674] free_cross_bitmap: releasing mem for inode with i_count 2
[ 9313.398923] free_cross_bitmap: releasing mem for inode with i_count 2
[ 9313.406904] free_cross_bitmap: releasing mem for inode with i_count 2
[ 9313.414738] free_cross_bitmap: releasing mem for inode with i_count 2
[ 9313.424058] free_cross_bitmap: releasing mem for inode with i_count 2
[ 9313.432984] free_cross_bitmap: releasing mem for inode with i_count 2
[ 9313.441840] free_cross_bitmap: releasing mem for inode with i_count 2
[ 9313.451114] free_cross_bitmap: releasing mem for inode with i_count 2
[ 9313.460065] free_cross_bitmap: releasing mem for inode with i_count 2
[ 9313.468946] free_cross_bitmap: releasing mem for inode with i_count 2
[ 9313.478087] free_cross_bitmap: releasing mem for inode with i_count 2
[ 9313.486012] free_cross_bitmap: releasing mem for inode with i_count 2
[ 9313.494959] free_cross_bitmap: releasing mem for inode with i_count 2
[ 9313.504136] free_cross_bitmap: releasing mem for inode with i_count 2
[ 9313.512940] free_cross_bitmap: releasing mem for inode with i_count 2
[ 9313.521915] free_cross_bitmap: releasing mem for inode with i_count 2
[ 9313.529954] free_cross_bitmap: releasing mem for inode with i_count 2
[ 9313.538747] free_cross_bitmap: releasing mem for inode with i_count 2
[ 9313.547561] free_cross_bitmap: releasing mem for inode with i_count 2
[ 9313.555057] free_cross_bitmap: releasing mem for inode with i_count 2
[ 9313.563811] free_cross_bitmap: releasing mem for inode with i_count 2
[ 9313.572534] free_cross_bitmap: releasing mem for inode with i_count 2
[ 9313.581621] free_cross_bitmap: releasing mem for inode with i_count 2
[ 9313.590380] free_cross_bitmap: releasing mem for inode with i_count 2
[ 9313.598788] free_cross_bitmap: releasing mem for inode with i_count 2
[ 9313.607679] free_cross_bitmap: releasing mem for inode with i_count 2
[ 9313.615260] free_cross_bitmap: releasing mem for inode with i_count 2
[ 9313.624043] free_cross_bitmap: releasing mem for inode with i_count 2
[ 9313.633273] free_cross_bitmap: releasing mem for inode with i_count 2
[ 9313.640859] free_cross_bitmap: releasing mem for inode with i_count 2
[ 9313.649609] free_cross_bitmap: releasing mem for inode with i_count 2
[ 9313.658366] free_cross_bitmap: releasing mem for inode with i_count 2
[ 9313.666894] free_cross_bitmap: releasing mem for inode with i_count 2
[ 9313.675697] free_cross_bitmap: releasing mem for inode with i_count 2
[ 9313.684916] free_cross_bitmap: releasing mem for inode with i_count 2
[ 9313.693870] free_cross_bitmap: releasing mem for inode with i_count 2
[ 9313.701346] free_cross_bitmap: releasing mem for inode with i_count 2
[ 9313.710049] free_cross_bitmap: releasing mem for inode with i_count 2
[ 9313.718829] free_cross_bitmap: releasing mem for inode with i_count 2
[ 9313.727681] free_cross_bitmap: releasing mem for inode with i_count 2
[ 9313.737556] free_cross_bitmap: releasing mem for inode with i_count 2
[ 9313.746603] free_cross_bitmap: releasing mem for inode with i_count 2
[ 9313.755407] free_cross_bitmap: releasing mem for inode with i_count 2
[ 9313.764441] free_cross_bitmap: releasing mem for inode with i_count 2
[ 9313.773304] free_cross_bitmap: releasing mem for inode with i_count 2
[ 9313.782131] free_cross_bitmap: releasing mem for inode with i_count 2
[ 9313.791400] free_cross_bitmap: releasing mem for inode with i_count 2
[ 9313.798955] free_cross_bitmap: releasing mem for inode with i_count 2
[ 9313.808025] free_cross_bitmap: releasing mem for inode with i_count 2
[ 9313.816885] free_cross_bitmap: releasing mem for inode with i_count 2
[ 9313.825653] free_cross_bitmap: releasing mem for inode with i_count 2
[ 9313.834813] free_cross_bitmap: releasing mem for inode with i_count 2
[ 9313.844185] free_cross_bitmap: releasing mem for inode with i_count 2
[ 9313.852790] free_cross_bitmap: releasing mem for inode with i_count 2
[ 9313.861703] free_cross_bitmap: releasing mem for inode with i_count 2
[ 9313.869381] free_cross_bitmap: releasing mem for inode with i_count 2
[ 9313.878824] free_cross_bitmap: releasing mem for inode with i_count 2
[ 9313.887937] free_cross_bitmap: releasing mem for inode with i_count 2
[ 9313.897352] free_cross_bitmap: releasing mem for inode with i_count 2
[ 9313.904946] free_cross_bitmap: releasing mem for inode with i_count 2
[ 9313.913956] free_cross_bitmap: releasing mem for inode with i_count 2
[ 9313.921583] free_cross_bitmap: releasing mem for inode with i_count 2
[ 9313.930574] free_cross_bitmap: releasing mem for inode with i_count 2
[ 9313.939879] free_cross_bitmap: releasing mem for inode with i_count 2
[ 9313.948118] free_cross_bitmap: releasing mem for inode with i_count 2
[ 9313.955846] free_cross_bitmap: releasing mem for inode with i_count 2
[ 9313.964823] free_cross_bitmap: releasing mem for inode with i_count 2
[ 9313.973943] free_cross_bitmap: releasing mem for inode with i_count 2
[ 9313.983007] free_cross_bitmap: releasing mem for inode with i_count 2
[ 9313.992199] free_cross_bitmap: releasing mem for inode with i_count 2
[ 9314.001572] free_cross_bitmap: releasing mem for inode with i_count 2
[ 9314.010375] free_cross_bitmap: releasing mem for inode with i_count 2
[ 9314.019055] free_cross_bitmap: releasing mem for inode with i_count 2
[ 9314.027738] free_cross_bitmap: releasing mem for inode with i_count 2
[ 9314.036401] free_cross_bitmap: releasing mem for inode with i_count 2
[ 9314.045050] free_cross_bitmap: releasing mem for inode with i_count 2
[ 9314.054128] free_cross_bitmap: releasing mem for inode with i_count 2
[ 9314.063792] free_cross_bitmap: releasing mem for inode with i_count 2
[ 9314.072511] free_cross_bitmap: releasing mem for inode with i_count 2
[ 9314.081192] free_cross_bitmap: releasing mem for inode with i_count 2
[ 9314.089854] free_cross_bitmap: releasing mem for inode with i_count 2
[ 9314.098535] free_cross_bitmap: releasing mem for inode with i_count 2
[ 9314.107537] free_cross_bitmap: releasing mem for inode with i_count 2
[ 9314.116259] free_cross_bitmap: releasing mem for inode with i_count 2
[ 9314.124896] free_cross_bitmap: releasing mem for inode with i_count 2
[ 9314.133548] free_cross_bitmap: releasing mem for inode with i_count 2
[ 9314.142319] free_cross_bitmap: releasing mem for inode with i_count 2
[ 9314.151075] free_cross_bitmap: releasing mem for inode with i_count 2
[ 9314.160182] free_cross_bitmap: releasing mem for inode with i_count 2
[ 9314.168940] free_cross_bitmap: releasing mem for inode with i_count 2
[ 9314.177671] free_cross_bitmap: releasing mem for inode with i_count 2
[ 9314.186680] free_cross_bitmap: releasing mem for inode with i_count 2
[ 9314.195567] free_cross_bitmap: releasing mem for inode with i_count 2
[ 9314.204632] free_cross_bitmap: releasing mem for inode with i_count 2
[ 9314.214181] free_cross_bitmap: releasing mem for inode with i_count 2
[ 9314.222850] free_cross_bitmap: releasing mem for inode with i_count 2
[ 9314.231518] free_cross_bitmap: releasing mem for inode with i_count 2
[ 9314.240372] free_cross_bitmap: releasing mem for inode with i_count 2
[ 9314.248938] free_cross_bitmap: releasing mem for inode with i_count 2
[ 9314.257727] free_cross_bitmap: releasing mem for inode with i_count 2
[ 9314.267027] free_cross_bitmap: releasing mem for inode with i_count 2
[ 9314.275733] free_cross_bitmap: releasing mem for inode with i_count 2
[ 9314.284460] free_cross_bitmap: releasing mem for inode with i_count 2
[ 9314.293885] free_cross_bitmap: releasing mem for inode with i_count 2
[ 9314.302571] free_cross_bitmap: releasing mem for inode with i_count 2
[ 9314.311253] free_cross_bitmap: releasing mem for inode with i_count 2
[ 9314.320319] free_cross_bitmap: releasing mem for inode with i_count 2
[ 9314.328978] free_cross_bitmap: releasing mem for inode with i_count 2
[ 9314.337742] free_cross_bitmap: releasing mem for inode with i_count 2
[ 9314.346517] free_cross_bitmap: releasing mem for inode with i_count 2
[ 9314.355231] free_cross_bitmap: releasing mem for inode with i_count 2
[ 9314.363956] free_cross_bitmap: releasing mem for inode with i_count 2
[ 9314.373224] free_cross_bitmap: releasing mem for inode with i_count 2
[ 9314.381964] free_cross_bitmap: releasing mem for inode with i_count 2
[ 9314.390718] free_cross_bitmap: releasing mem for inode with i_count 2
[ 9314.399501] free_cross_bitmap: releasing mem for inode with i_count 2
[ 9314.408081] free_cross_bitmap: releasing mem for inode with i_count 2
[ 9314.416752] free_cross_bitmap: releasing mem for inode with i_count 2
[ 9314.425825] free_cross_bitmap: releasing mem for inode with i_count 2
[ 9314.434432] free_cross_bitmap: releasing mem for inode with i_count 2
[ 9314.443057] free_cross_bitmap: releasing mem for inode with i_count 2
[ 9314.451705] free_cross_bitmap: releasing mem for inode with i_count 2
[ 9314.460396] free_cross_bitmap: releasing mem for inode with i_count 2
[ 9314.469579] free_cross_bitmap: releasing mem for inode with i_count 2
[ 9314.478801] free_cross_bitmap: releasing mem for inode with i_count 2
[ 9314.487481] free_cross_bitmap: releasing mem for inode with i_count 2
[ 9314.496075] free_cross_bitmap: releasing mem for inode with i_count 2
[ 9314.504634] free_cross_bitmap: releasing mem for inode with i_count 2
[ 9314.513246] free_cross_bitmap: releasing mem for inode with i_count 2
[ 9314.521824] free_cross_bitmap: releasing mem for inode with i_count 2
[ 9314.530823] free_cross_bitmap: releasing mem for inode with i_count 2
[ 9314.539484] free_cross_bitmap: releasing mem for inode with i_count 2
[ 9314.548240] free_cross_bitmap: releasing mem for inode with i_count 2
[ 9314.557349] free_cross_bitmap: releasing mem for inode with i_count 2
[ 9314.566234] free_cross_bitmap: releasing mem for inode with i_count 2
[ 9314.575014] free_cross_bitmap: releasing mem for inode with i_count 2
[ 9314.584228] free_cross_bitmap: releasing mem for inode with i_count 2
[ 9314.591400] sh (11034): drop_caches: 3
[ 9314.624206] sh (11225): drop_caches: 3
[ 9319.651477] Enabled file stats for time:11232
[ 9319.651711] write_proc: Value of write = 0
[ 9319.658641] Enabled file stats for db_bench:11241
[ 9319.658852] write_proc: Value of write = 0
[ 9319.685722] alloc_cross_bitmap: preallocate 268435456 pg, nr_longs=4194304 in 12 millisec
[ 9319.686246] alloc_cross_bitmap: preallocate 268435456 pg, nr_longs=4194304 in 16 millisec
[ 9319.686780] alloc_cross_bitmap: preallocate 268435456 pg, nr_longs=4194304 in 16 millisec
[ 9319.686900] alloc_cross_bitmap: preallocate 268435456 pg, nr_longs=4194304 in 16 millisec
[ 9319.687125] alloc_cross_bitmap: preallocate 268435456 pg, nr_longs=4194304 in 16 millisec
[ 9319.687154] alloc_cross_bitmap: preallocate 268435456 pg, nr_longs=4194304 in 16 millisec
[ 9319.687262] alloc_cross_bitmap: preallocate 268435456 pg, nr_longs=4194304 in 16 millisec
[ 9319.687263] alloc_cross_bitmap: preallocate 268435456 pg, nr_longs=4194304 in 16 millisec
[ 9319.687382] alloc_cross_bitmap: preallocate 268435456 pg, nr_longs=4194304 in 16 millisec
[ 9319.687517] alloc_cross_bitmap: preallocate 268435456 pg, nr_longs=4194304 in 16 millisec
[ 9319.687608] alloc_cross_bitmap: preallocate 268435456 pg, nr_longs=4194304 in 16 millisec
[ 9319.687622] alloc_cross_bitmap: preallocate 268435456 pg, nr_longs=4194304 in 16 millisec
[ 9319.687663] alloc_cross_bitmap: preallocate 268435456 pg, nr_longs=4194304 in 16 millisec
[ 9319.687671] alloc_cross_bitmap: preallocate 268435456 pg, nr_longs=4194304 in 16 millisec
[ 9319.687770] alloc_cross_bitmap: preallocate 268435456 pg, nr_longs=4194304 in 16 millisec
[ 9319.687775] alloc_cross_bitmap: preallocate 268435456 pg, nr_longs=4194304 in 16 millisec
[ 9319.693309] alloc_cross_bitmap: preallocate 268435456 pg, nr_longs=4194304 in 4 millisec
[ 9319.699420] alloc_cross_bitmap: preallocate 268435456 pg, nr_longs=4194304 in 12 millisec
[ 9319.701587] alloc_cross_bitmap: preallocate 268435456 pg, nr_longs=4194304 in 12 millisec
[ 9319.703155] alloc_cross_bitmap: preallocate 268435456 pg, nr_longs=4194304 in 16 millisec
[ 9319.703925] alloc_cross_bitmap: preallocate 268435456 pg, nr_longs=4194304 in 16 millisec
[ 9319.704396] alloc_cross_bitmap: preallocate 268435456 pg, nr_longs=4194304 in 16 millisec
[ 9319.704782] alloc_cross_bitmap: preallocate 268435456 pg, nr_longs=4194304 in 16 millisec
[ 9319.705103] alloc_cross_bitmap: preallocate 268435456 pg, nr_longs=4194304 in 16 millisec
[ 9319.705148] alloc_cross_bitmap: preallocate 268435456 pg, nr_longs=4194304 in 16 millisec
[ 9319.705225] alloc_cross_bitmap: preallocate 268435456 pg, nr_longs=4194304 in 8 millisec
[ 9319.705282] alloc_cross_bitmap: preallocate 268435456 pg, nr_longs=4194304 in 16 millisec
[ 9319.705473] alloc_cross_bitmap: preallocate 268435456 pg, nr_longs=4194304 in 16 millisec
[ 9319.705607] alloc_cross_bitmap: preallocate 268435456 pg, nr_longs=4194304 in 16 millisec
[ 9319.706400] alloc_cross_bitmap: preallocate 268435456 pg, nr_longs=4194304 in 20 millisec
[ 9319.706467] alloc_cross_bitmap: preallocate 268435456 pg, nr_longs=4194304 in 20 millisec
[ 9319.707493] alloc_cross_bitmap: preallocate 268435456 pg, nr_longs=4194304 in 8 millisec
[ 9319.708100] alloc_cross_bitmap: preallocate 268435456 pg, nr_longs=4194304 in 4 millisec
[ 9319.710303] alloc_cross_bitmap: preallocate 268435456 pg, nr_longs=4194304 in 8 millisec
[ 9319.710323] alloc_cross_bitmap: preallocate 268435456 pg, nr_longs=4194304 in 8 millisec
[ 9319.711043] alloc_cross_bitmap: preallocate 268435456 pg, nr_longs=4194304 in 8 millisec
[ 9319.711130] alloc_cross_bitmap: preallocate 268435456 pg, nr_longs=4194304 in 4 millisec
[ 9319.712486] alloc_cross_bitmap: preallocate 268435456 pg, nr_longs=4194304 in 4 millisec
[ 9319.713296] alloc_cross_bitmap: preallocate 268435456 pg, nr_longs=4194304 in 4 millisec
[ 9319.713990] alloc_cross_bitmap: preallocate 268435456 pg, nr_longs=4194304 in 4 millisec
[ 9319.714277] alloc_cross_bitmap: preallocate 268435456 pg, nr_longs=4194304 in 8 millisec
[ 9319.714565] alloc_cross_bitmap: preallocate 268435456 pg, nr_longs=4194304 in 8 millisec
[ 9319.715474] alloc_cross_bitmap: preallocate 268435456 pg, nr_longs=4194304 in 4 millisec
[ 9319.720147] alloc_cross_bitmap: preallocate 268435456 pg, nr_longs=4194304 in 8 millisec
[ 9319.720468] alloc_cross_bitmap: preallocate 268435456 pg, nr_longs=4194304 in 8 millisec
[ 9319.720539] alloc_cross_bitmap: preallocate 268435456 pg, nr_longs=4194304 in 8 millisec
[ 9319.722255] alloc_cross_bitmap: preallocate 268435456 pg, nr_longs=4194304 in 12 millisec
[ 9319.722286] alloc_cross_bitmap: preallocate 268435456 pg, nr_longs=4194304 in 12 millisec
[ 9319.722735] alloc_cross_bitmap: preallocate 268435456 pg, nr_longs=4194304 in 12 millisec
[ 9319.722787] alloc_cross_bitmap: preallocate 268435456 pg, nr_longs=4194304 in 12 millisec
[ 9319.723054] alloc_cross_bitmap: preallocate 268435456 pg, nr_longs=4194304 in 8 millisec
[ 9319.723180] alloc_cross_bitmap: preallocate 268435456 pg, nr_longs=4194304 in 12 millisec
[ 9319.723892] alloc_cross_bitmap: preallocate 268435456 pg, nr_longs=4194304 in 8 millisec
[ 9319.752730] alloc_cross_bitmap: preallocate 268435456 pg, nr_longs=4194304 in 4 millisec
[ 9319.752920] alloc_cross_bitmap: preallocate 268435456 pg, nr_longs=4194304 in 4 millisec
[ 9319.752965] alloc_cross_bitmap: preallocate 268435456 pg, nr_longs=4194304 in 4 millisec
[ 9319.753386] alloc_cross_bitmap: preallocate 268435456 pg, nr_longs=4194304 in 4 millisec
[ 9319.753458] alloc_cross_bitmap: preallocate 268435456 pg, nr_longs=4194304 in 4 millisec
[ 9319.754676] alloc_cross_bitmap: preallocate 268435456 pg, nr_longs=4194304 in 8 millisec
[ 9319.757916] alloc_cross_bitmap: preallocate 268435456 pg, nr_longs=4194304 in 8 millisec
[ 9319.758137] alloc_cross_bitmap: preallocate 268435456 pg, nr_longs=4194304 in 8 millisec
[ 9319.759171] alloc_cross_bitmap: preallocate 268435456 pg, nr_longs=4194304 in 8 millisec
[ 9319.759750] alloc_cross_bitmap: preallocate 268435456 pg, nr_longs=4194304 in 8 millisec
[ 9319.759804] alloc_cross_bitmap: preallocate 268435456 pg, nr_longs=4194304 in 8 millisec
[ 9319.759902] alloc_cross_bitmap: preallocate 268435456 pg, nr_longs=4194304 in 8 millisec
[ 9319.759978] alloc_cross_bitmap: preallocate 268435456 pg, nr_longs=4194304 in 8 millisec
[ 9319.760561] alloc_cross_bitmap: preallocate 268435456 pg, nr_longs=4194304 in 8 millisec
[ 9319.760621] alloc_cross_bitmap: preallocate 268435456 pg, nr_longs=4194304 in 8 millisec
[ 9319.781233] alloc_cross_bitmap: preallocate 268435456 pg, nr_longs=4194304 in 4 millisec
[ 9319.781440] alloc_cross_bitmap: preallocate 268435456 pg, nr_longs=4194304 in 4 millisec
[ 9319.784727] alloc_cross_bitmap: preallocate 268435456 pg, nr_longs=4194304 in 4 millisec
[ 9319.786245] alloc_cross_bitmap: preallocate 268435456 pg, nr_longs=4194304 in 8 millisec
[ 9319.788235] alloc_cross_bitmap: preallocate 268435456 pg, nr_longs=4194304 in 4 millisec
[ 9319.788672] alloc_cross_bitmap: preallocate 268435456 pg, nr_longs=4194304 in 4 millisec
[ 9319.790807] alloc_cross_bitmap: preallocate 268435456 pg, nr_longs=4194304 in 8 millisec
[ 9319.790843] alloc_cross_bitmap: preallocate 268435456 pg, nr_longs=4194304 in 8 millisec
[ 9319.791149] alloc_cross_bitmap: preallocate 268435456 pg, nr_longs=4194304 in 8 millisec
[ 9319.793968] alloc_cross_bitmap: preallocate 268435456 pg, nr_longs=4194304 in 8 millisec
[ 9319.794764] alloc_cross_bitmap: preallocate 268435456 pg, nr_longs=4194304 in 8 millisec
[ 9319.794889] alloc_cross_bitmap: preallocate 268435456 pg, nr_longs=4194304 in 12 millisec
[ 9319.794976] alloc_cross_bitmap: preallocate 268435456 pg, nr_longs=4194304 in 12 millisec
[ 9319.795176] alloc_cross_bitmap: preallocate 268435456 pg, nr_longs=4194304 in 8 millisec
[ 9319.795542] alloc_cross_bitmap: preallocate 268435456 pg, nr_longs=4194304 in 12 millisec
[ 9319.795546] alloc_cross_bitmap: preallocate 268435456 pg, nr_longs=4194304 in 12 millisec
[ 9319.795556] alloc_cross_bitmap: preallocate 268435456 pg, nr_longs=4194304 in 12 millisec
[ 9319.809420] alloc_cross_bitmap: preallocate 268435456 pg, nr_longs=4194304 in 4 millisec
[ 9319.809699] alloc_cross_bitmap: preallocate 268435456 pg, nr_longs=4194304 in 4 millisec
[ 9319.824068] alloc_cross_bitmap: preallocate 268435456 pg, nr_longs=4194304 in 4 millisec
[ 9319.825093] alloc_cross_bitmap: preallocate 268435456 pg, nr_longs=4194304 in 4 millisec
[ 9319.829002] alloc_cross_bitmap: preallocate 268435456 pg, nr_longs=4194304 in 4 millisec
[ 9319.832401] alloc_cross_bitmap: preallocate 268435456 pg, nr_longs=4194304 in 8 millisec
[ 9319.832407] alloc_cross_bitmap: preallocate 268435456 pg, nr_longs=4194304 in 8 millisec
[ 9319.832550] alloc_cross_bitmap: preallocate 268435456 pg, nr_longs=4194304 in 8 millisec
[ 9319.832594] alloc_cross_bitmap: preallocate 268435456 pg, nr_longs=4194304 in 8 millisec
[ 9319.832838] alloc_cross_bitmap: preallocate 268435456 pg, nr_longs=4194304 in 4 millisec
[ 9319.833585] alloc_cross_bitmap: preallocate 268435456 pg, nr_longs=4194304 in 8 millisec
[ 9319.833671] alloc_cross_bitmap: preallocate 268435456 pg, nr_longs=4194304 in 8 millisec
[ 9319.846303] alloc_cross_bitmap: preallocate 268435456 pg, nr_longs=4194304 in 8 millisec
[ 9319.846453] alloc_cross_bitmap: preallocate 268435456 pg, nr_longs=4194304 in 8 millisec
[ 9319.846854] alloc_cross_bitmap: preallocate 268435456 pg, nr_longs=4194304 in 8 millisec
[ 9319.847012] alloc_cross_bitmap: preallocate 268435456 pg, nr_longs=4194304 in 8 millisec
[ 9319.847845] alloc_cross_bitmap: preallocate 268435456 pg, nr_longs=4194304 in 8 millisec
[ 9319.847861] alloc_cross_bitmap: preallocate 268435456 pg, nr_longs=4194304 in 8 millisec
[ 9319.901165] alloc_cross_bitmap: preallocate 268435456 pg, nr_longs=4194304 in 4 millisec
[ 9319.902332] alloc_cross_bitmap: preallocate 268435456 pg, nr_longs=4194304 in 8 millisec
[ 9319.904437] alloc_cross_bitmap: preallocate 268435456 pg, nr_longs=4194304 in 8 millisec
[ 9319.904791] alloc_cross_bitmap: preallocate 268435456 pg, nr_longs=4194304 in 8 millisec
[ 9319.904912] alloc_cross_bitmap: preallocate 268435456 pg, nr_longs=4194304 in 8 millisec
[ 9319.906126] alloc_cross_bitmap: preallocate 268435456 pg, nr_longs=4194304 in 8 millisec
[ 9319.906276] alloc_cross_bitmap: preallocate 268435456 pg, nr_longs=4194304 in 12 millisec
[ 9319.906355] alloc_cross_bitmap: preallocate 268435456 pg, nr_longs=4194304 in 12 millisec
[ 9319.906373] alloc_cross_bitmap: preallocate 268435456 pg, nr_longs=4194304 in 12 millisec
[ 9319.906418] alloc_cross_bitmap: preallocate 268435456 pg, nr_longs=4194304 in 12 millisec
[ 9319.907803] alloc_cross_bitmap: preallocate 268435456 pg, nr_longs=4194304 in 8 millisec
[ 9319.931789] alloc_cross_bitmap: preallocate 268435456 pg, nr_longs=4194304 in 4 millisec
[ 9319.931792] alloc_cross_bitmap: preallocate 268435456 pg, nr_longs=4194304 in 4 millisec
[ 9319.931803] alloc_cross_bitmap: preallocate 268435456 pg, nr_longs=4194304 in 4 millisec
[ 9319.932160] alloc_cross_bitmap: preallocate 268435456 pg, nr_longs=4194304 in 4 millisec
[ 9319.932276] alloc_cross_bitmap: preallocate 268435456 pg, nr_longs=4194304 in 4 millisec
[ 9320.032350] alloc_cross_bitmap: preallocate 268435456 pg, nr_longs=4194304 in 4 millisec
[ 9320.043498] alloc_cross_bitmap: preallocate 268435456 pg, nr_longs=4194304 in 4 millisec
[ 9320.043676] alloc_cross_bitmap: preallocate 268435456 pg, nr_longs=4194304 in 4 millisec
[ 9320.045455] alloc_cross_bitmap: preallocate 268435456 pg, nr_longs=4194304 in 4 millisec
[ 9320.048047] alloc_cross_bitmap: preallocate 268435456 pg, nr_longs=4194304 in 4 millisec
[ 9320.049614] alloc_cross_bitmap: preallocate 268435456 pg, nr_longs=4194304 in 4 millisec
[ 9320.049932] alloc_cross_bitmap: preallocate 268435456 pg, nr_longs=4194304 in 4 millisec
[ 9320.050262] alloc_cross_bitmap: preallocate 268435456 pg, nr_longs=4194304 in 4 millisec
[ 9320.060268] alloc_cross_bitmap: preallocate 268435456 pg, nr_longs=4194304 in 4 millisec
[ 9320.105732] alloc_cross_bitmap: preallocate 268435456 pg, nr_longs=4194304 in 4 millisec
[ 9320.107739] alloc_cross_bitmap: preallocate 268435456 pg, nr_longs=4194304 in 4 millisec
[ 9320.107824] alloc_cross_bitmap: preallocate 268435456 pg, nr_longs=4194304 in 4 millisec
[ 9320.108133] alloc_cross_bitmap: preallocate 268435456 pg, nr_longs=4194304 in 4 millisec
[ 9320.108247] alloc_cross_bitmap: preallocate 268435456 pg, nr_longs=4194304 in 4 millisec
[ 9320.258711] alloc_cross_bitmap: preallocate 268435456 pg, nr_longs=4194304 in 4 millisec
[ 9320.281937] alloc_cross_bitmap: preallocate 268435456 pg, nr_longs=4194304 in 0 millisec
[ 9320.281963] alloc_cross_bitmap: preallocate 268435456 pg, nr_longs=4194304 in 0 millisec
[ 9320.288360] alloc_cross_bitmap: preallocate 268435456 pg, nr_longs=4194304 in 4 millisec
[ 9320.296792] alloc_cross_bitmap: preallocate 268435456 pg, nr_longs=4194304 in 4 millisec
[ 9320.297452] alloc_cross_bitmap: preallocate 268435456 pg, nr_longs=4194304 in 4 millisec
[ 9320.300576] alloc_cross_bitmap: preallocate 268435456 pg, nr_longs=4194304 in 4 millisec
[ 9320.308900] alloc_cross_bitmap: preallocate 268435456 pg, nr_longs=4194304 in 4 millisec
[ 9320.313120] alloc_cross_bitmap: preallocate 268435456 pg, nr_longs=4194304 in 4 millisec
[ 9320.314202] alloc_cross_bitmap: preallocate 268435456 pg, nr_longs=4194304 in 0 millisec
[ 9320.342019] alloc_cross_bitmap: preallocate 268435456 pg, nr_longs=4194304 in 0 millisec
[ 9320.351537] alloc_cross_bitmap: preallocate 268435456 pg, nr_longs=4194304 in 4 millisec
[ 9320.354182] alloc_cross_bitmap: preallocate 268435456 pg, nr_longs=4194304 in 0 millisec
[ 9320.370706] alloc_cross_bitmap: preallocate 268435456 pg, nr_longs=4194304 in 4 millisec
[ 9320.373728] alloc_cross_bitmap: preallocate 268435456 pg, nr_longs=4194304 in 0 millisec
[ 9320.494174] alloc_cross_bitmap: preallocate 268435456 pg, nr_longs=4194304 in 0 millisec
[ 9320.586046] alloc_cross_bitmap: preallocate 268435456 pg, nr_longs=4194304 in 0 millisec
[ 9320.588170] alloc_cross_bitmap: preallocate 268435456 pg, nr_longs=4194304 in 4 millisec
[ 9320.712673] alloc_cross_bitmap: preallocate 268435456 pg, nr_longs=4194304 in 4 millisec
[ 9320.746741] alloc_cross_bitmap: preallocate 268435456 pg, nr_longs=4194304 in 4 millisec
[ 9320.753813] alloc_cross_bitmap: preallocate 268435456 pg, nr_longs=4194304 in 0 millisec
[ 9320.788844] alloc_cross_bitmap: preallocate 268435456 pg, nr_longs=4194304 in 4 millisec
[ 9320.832878] alloc_cross_bitmap: preallocate 268435456 pg, nr_longs=4194304 in 4 millisec
[ 9320.845019] alloc_cross_bitmap: preallocate 268435456 pg, nr_longs=4194304 in 4 millisec
[ 9320.851304] alloc_cross_bitmap: preallocate 268435456 pg, nr_longs=4194304 in 4 millisec
[ 9320.858822] alloc_cross_bitmap: preallocate 268435456 pg, nr_longs=4194304 in 4 millisec
[ 9320.865113] alloc_cross_bitmap: preallocate 268435456 pg, nr_longs=4194304 in 4 millisec
[ 9320.887735] alloc_cross_bitmap: preallocate 268435456 pg, nr_longs=4194304 in 4 millisec
[ 9320.893006] alloc_cross_bitmap: preallocate 268435456 pg, nr_longs=4194304 in 4 millisec
[ 9320.902951] alloc_cross_bitmap: preallocate 268435456 pg, nr_longs=4194304 in 4 millisec
[ 9320.909648] alloc_cross_bitmap: preallocate 268435456 pg, nr_longs=4194304 in 0 millisec
[ 9320.910282] alloc_cross_bitmap: preallocate 268435456 pg, nr_longs=4194304 in 4 millisec
[ 9320.912108] alloc_cross_bitmap: preallocate 268435456 pg, nr_longs=4194304 in 4 millisec
[ 9320.914139] alloc_cross_bitmap: preallocate 268435456 pg, nr_longs=4194304 in 0 millisec
[ 9320.915934] alloc_cross_bitmap: preallocate 268435456 pg, nr_longs=4194304 in 4 millisec
[ 9320.925328] alloc_cross_bitmap: preallocate 268435456 pg, nr_longs=4194304 in 4 millisec
[ 9320.927096] alloc_cross_bitmap: preallocate 268435456 pg, nr_longs=4194304 in 4 millisec
[ 9320.949687] alloc_cross_bitmap: preallocate 268435456 pg, nr_longs=4194304 in 0 millisec
[ 9320.949746] alloc_cross_bitmap: preallocate 268435456 pg, nr_longs=4194304 in 0 millisec
[ 9320.971584] alloc_cross_bitmap: preallocate 268435456 pg, nr_longs=4194304 in 4 millisec
[ 9320.972718] alloc_cross_bitmap: preallocate 268435456 pg, nr_longs=4194304 in 4 millisec
[ 9320.984130] alloc_cross_bitmap: preallocate 268435456 pg, nr_longs=4194304 in 4 millisec
[ 9320.997398] alloc_cross_bitmap: preallocate 268435456 pg, nr_longs=4194304 in 0 millisec
[ 9321.019889] alloc_cross_bitmap: preallocate 268435456 pg, nr_longs=4194304 in 4 millisec
[ 9321.021253] alloc_cross_bitmap: preallocate 268435456 pg, nr_longs=4194304 in 4 millisec
[ 9321.030390] alloc_cross_bitmap: preallocate 268435456 pg, nr_longs=4194304 in 4 millisec
[ 9321.031158] alloc_cross_bitmap: preallocate 268435456 pg, nr_longs=4194304 in 4 millisec
[ 9321.031232] alloc_cross_bitmap: preallocate 268435456 pg, nr_longs=4194304 in 4 millisec
[ 9321.046925] alloc_cross_bitmap: preallocate 268435456 pg, nr_longs=4194304 in 4 millisec
[ 9321.046968] alloc_cross_bitmap: preallocate 268435456 pg, nr_longs=4194304 in 4 millisec
[ 9321.063778] alloc_cross_bitmap: preallocate 268435456 pg, nr_longs=4194304 in 4 millisec
[ 9321.063830] alloc_cross_bitmap: preallocate 268435456 pg, nr_longs=4194304 in 4 millisec
[ 9321.138635] alloc_cross_bitmap: preallocate 268435456 pg, nr_longs=4194304 in 4 millisec
[ 9321.265347] FinalTaskReport: db_bench:11241 - ra_orig_nr_pages:0, ra_final_nr_pages:0
                                        async_pages:968, final_async_pages:1904
                                        full_pfetches:0, less256_pfetches:0, partial_pfetches:0
                                        failed_pfetches:0, total_pfetches:0, os_pfetches:87
                                        nr_pages_read:1758, nr_pages_hit:946, nr_do_read_fault:155
[ 9321.272096] write_proc: Value of write = 0
[ 9321.272111] __do_sys_start_cross_trace: PRINT_GLOBAL_STATS 
[ 9321.272112] Final GlobalReport: nr_pages_read:13202870021, nr_pages_hit:12916646670, nr_do_read_fault:7010392, nr_pages_miss:103903559
[ 9321.272154] FinalTaskReport: time:11232 - ra_orig_nr_pages:0, ra_final_nr_pages:0
                                        async_pages:0, final_async_pages:25
                                        full_pfetches:0, less256_pfetches:0, partial_pfetches:0
                                        failed_pfetches:0, total_pfetches:0, os_pfetches:1
                                        nr_pages_read:0, nr_pages_hit:0, nr_do_read_fault:15
