readahead_info: failed TID:21275 
readahead_info: failed TID:21259 
readahead_info: failed TID:21187 
readahead_info: failed TID:21198 
readahead_info: failed TID:21225 
readahead_info: failed TID:21200 
readahead_info: failed TID:21223 
readahead_info: failed TID:21189 
readahead_info: failed TID:21203 
readahead_info: failed TID:21188 
readahead_info: failed TID:21239 
readahead_info: failed TID:21269 
readahead_info: failed TID:21270 
readahead_info: failed TID:21288 
readahead_info: failed TID:21299 
readahead_info: failed TID:21293 
readahead_info: failed TID:21273 
readahead_info: failed TID:21224 
readahead_info: failed TID:21204 
readahead_info: failed TID:21221 
readahead_info: failed TID:21199 
readahead_info: failed TID:21208 
readahead_info: failed TID:21194 
readahead_info: failed TID:21213 
readahead_info: failed TID:21268 
readahead_info: failed TID:21280 
readahead_info: failed TID:21255 
readahead_info: failed TID:21192 
readahead_info: failed TID:21205 
readahead_info: failed TID:21190 
readahead_info: failed TID:21252 
readahead_info: failed TID:21184 
readahead_info: failed TID:21193 
readahead_info: failed TID:21195 
readahead_info: failed TID:21210 
readahead_info: failed TID:21250 
readahead_info: failed TID:21217 
readahead_info: failed TID:21233 
readahead_info: failed TID:21267 
readahead_info: failed TID:21214 
readahead_info: failed TID:21185 
readahead_info: failed TID:21281 
readahead_info: failed TID:21253 
readahead_info: failed TID:21276 
ERR: prefetcher_th: No bits are set - giving up
ERR:prefetcher_th, pg_diff==0
ERR: prefetcher_th: No bits are set - giving up
ERR:prefetcher_th, pg_diff==0
readahead_info: failed TID:21263 
readahead_info: failed TID:21289 
ERR: prefetcher_th: No bits are set - giving up
ERR:prefetcher_th, pg_diff==0
readahead_info: failed TID:21247 
readahead_info: failed TID:21262 
readahead_info: failed TID:21237 
readahead_info: failed TID:21274 
ERR: prefetcher_th: No bits are set - giving up
ERR:prefetcher_th, pg_diff==0
ERR: prefetcher_th: No bits are set - giving up
ERR:prefetcher_th, pg_diff==0
readahead_info: failed TID:21243 
ERR: prefetcher_th: No bits are set - giving up
ERR:prefetcher_th, pg_diff==0
readahead_info: failed TID:21235 
readahead_info: failed TID:21257 
readahead_info: failed TID:21301 
readahead_info: failed TID:21264 
readahead_info: failed TID:21279 
readahead_info: failed TID:21229 
ERR:prefetcher_th, pg_diff==0
ERR:prefetcher_th, pg_diff==0
ERR:prefetcher_th, pg_diff==0
ERR:prefetcher_th, pg_diff==0
ERR:prefetcher_th, pg_diff==0
ERR:prefetcher_th, pg_diff==0
ERR:prefetcher_th, pg_diff==0
ERR:prefetcher_th, pg_diff==0
readahead_info: failed TID:21311 
ERR:prefetcher_th, pg_diff==0
ERR:prefetcher_th, pg_diff==0
ERR:prefetcher_th, pg_diff==0
ERR:prefetcher_th, pg_diff==0
ERR:prefetcher_th, pg_diff==0
ERR:prefetcher_th, pg_diff==0
ERR:prefetcher_th, pg_diff==0
ERR:prefetcher_th, pg_diff==0
ERR:prefetcher_th, pg_diff==0
ERR:prefetcher_th, pg_diff==0
ERR:prefetcher_th, pg_diff==0
ERR:prefetcher_th, pg_diff==0
ERR:prefetcher_th, pg_diff==0
ERR:prefetcher_th, pg_diff==0
ERR:prefetcher_th, pg_diff==0
ERR:prefetcher_th, pg_diff==0
ERR:prefetcher_th, pg_diff==0
ERR:prefetcher_th, pg_diff==0
ERR:prefetcher_th, pg_diff==0
ERR:prefetcher_th, pg_diff==0
ERR:prefetcher_th, pg_diff==0
ERR:prefetcher_th, pg_diff==0
ERR:prefetcher_th, pg_diff==0
ERR:prefetcher_th, pg_diff==0
ERR:prefetcher_th, pg_diff==0
ERR:prefetcher_th, pg_diff==0
ERR:prefetcher_th, pg_diff==0
ERR:prefetcher_th, pg_diff==0
ERR:prefetcher_th, pg_diff==0
ERR:prefetcher_th, pg_diff==0
ERR:prefetcher_th, pg_diff==0
ERR:prefetcher_th, pg_diff==0
ERR:prefetcher_th, pg_diff==0
ERR:prefetcher_th, pg_diff==0
ERR:prefetcher_th, pg_diff==0
ERR:prefetcher_th, pg_diff==0
ERR:prefetcher_th, pg_diff==0
ERR:prefetcher_th, pg_diff==0
ERR:prefetcher_th, pg_diff==0
ERR:prefetcher_th, pg_diff==0
ERR:prefetcher_th, pg_diff==0
ERR:prefetcher_th, pg_diff==0
ERR:prefetcher_th, pg_diff==0
ERR:prefetcher_th, pg_diff==0
ERR:prefetcher_th, pg_diff==0
ERR:prefetcher_th, pg_diff==0
ERR:prefetcher_th, pg_diff==0
ERR:prefetcher_th, pg_diff==0
ERR:prefetcher_th, pg_diff==0
ERR:prefetcher_th, pg_diff==0
ERR:prefetcher_th, pg_diff==0
ERR:prefetcher_th, pg_diff==0
ERR:prefetcher_th, pg_diff==0
ERR:prefetcher_th, pg_diff==0
-------- Aggregate Performance --------
 READ Restart Perf: 5806.75 BW[MB/s] 25125306368 Bytes 4.12647 MaxTime[sec] 
DESTRUCTOR GETTING CALLED 
DESTRUCTOR GETTING CALLED 
DESTRUCTOR GETTING CALLED 
DESTRUCTOR GETTING CALLED 
DESTRUCTOR GETTING CALLED 
DESTRUCTOR GETTING CALLED 
DESTRUCTOR GETTING CALLED 
DESTRUCTOR GETTING CALLED 
DESTRUCTOR GETTING CALLED 
DESTRUCTOR GETTING CALLED 
DESTRUCTOR GETTING CALLED 
DESTRUCTOR GETTING CALLED 
DESTRUCTOR GETTING CALLED 
DESTRUCTOR GETTING CALLED 
DESTRUCTOR GETTING CALLED 
DESTRUCTOR GETTING CALLED 
DESTRUCTOR GETTING CALLED 
DESTRUCTOR GETTING CALLED 
DESTRUCTOR GETTING CALLED 
DESTRUCTOR GETTING CALLED 
DESTRUCTOR GETTING CALLED 
DESTRUCTOR GETTING CALLED 
DESTRUCTOR GETTING CALLED 
DESTRUCTOR GETTING CALLED 
DESTRUCTOR GETTING CALLED 
DESTRUCTOR GETTING CALLED 
DESTRUCTOR GETTING CALLED 
DESTRUCTOR GETTING CALLED 
DESTRUCTOR GETTING CALLED 
DESTRUCTOR GETTING CALLED 
DESTRUCTOR GETTING CALLED 
DESTRUCTOR GETTING CALLED 
[104516.974549] sh (21139): drop_caches: 3
[104517.019028] sh (21144): drop_caches: 3
[104517.060196] write_proc_unbounded: Value of write = 0
[104517.060206] write_proc_2mb_limit: Value of write = 0
[104517.060211] write_proc_bitmap_shift: Value of write = 36
[104517.060299] write_proc_unbounded: Value of write = 0
[104517.060309] write_proc_2mb_limit: Value of write = 0
[104517.060313] write_proc_bitmap_shift: Value of write = 36
[104517.060415] write_proc_unbounded: Value of write = 0
[104517.060425] write_proc_2mb_limit: Value of write = 0
[104517.060430] write_proc_bitmap_shift: Value of write = 36
[104517.060439] write_proc_unbounded: Value of write = 0
[104517.060449] write_proc_2mb_limit: Value of write = 0
[104517.060454] write_proc_bitmap_shift: Value of write = 36
[104517.060478] write_proc_unbounded: Value of write = 0
[104517.060486] write_proc_2mb_limit: Value of write = 0
[104517.060489] write_proc_bitmap_shift: Value of write = 36
[104517.060510] write_proc_unbounded: Value of write = 0
[104517.060518] write_proc_2mb_limit: Value of write = 0
[104517.060523] write_proc_bitmap_shift: Value of write = 36
[104517.060596] write_proc_unbounded: Value of write = 0
[104517.060603] write_proc_2mb_limit: Value of write = 0
[104517.060606] write_proc_bitmap_shift: Value of write = 36
[104517.060662] write_proc_unbounded: Value of write = 0
[104517.060669] write_proc_unbounded: Value of write = 0
[104517.060672] write_proc_2mb_limit: Value of write = 0
[104517.060677] write_proc_bitmap_shift: Value of write = 36
[104517.060679] write_proc_2mb_limit: Value of write = 0
[104517.060685] write_proc_bitmap_shift: Value of write = 36
[104517.060706] write_proc_unbounded: Value of write = 0
[104517.060715] write_proc_2mb_limit: Value of write = 0
[104517.060720] write_proc_bitmap_shift: Value of write = 36
[104517.060768] write_proc_unbounded: Value of write = 0
[104517.060774] write_proc_2mb_limit: Value of write = 0
[104517.060778] write_proc_bitmap_shift: Value of write = 36
[104517.060805] write_proc_unbounded: Value of write = 0
[104517.060813] write_proc_2mb_limit: Value of write = 0
[104517.060817] write_proc_bitmap_shift: Value of write = 36
[104517.060895] write_proc_unbounded: Value of write = 0
[104517.060899] write_proc_unbounded: Value of write = 0
[104517.060903] write_proc_2mb_limit: Value of write = 0
[104517.060907] write_proc_bitmap_shift: Value of write = 36
[104517.060911] write_proc_2mb_limit: Value of write = 0
[104517.060917] write_proc_bitmap_shift: Value of write = 36
[104517.060972] write_proc_unbounded: Value of write = 0
[104517.060974] write_proc_unbounded: Value of write = 0
[104517.060980] write_proc_2mb_limit: Value of write = 0
[104517.060981] write_proc_2mb_limit: Value of write = 0
[104517.060984] write_proc_bitmap_shift: Value of write = 36
[104517.060984] write_proc_bitmap_shift: Value of write = 36
[104517.061005] write_proc_unbounded: Value of write = 0
[104517.061014] write_proc_2mb_limit: Value of write = 0
[104517.061014] write_proc_unbounded: Value of write = 0
[104517.061015] write_proc_unbounded: Value of write = 0
[104517.061017] write_proc_bitmap_shift: Value of write = 36
[104517.061022] write_proc_2mb_limit: Value of write = 0
[104517.061023] write_proc_2mb_limit: Value of write = 0
[104517.061027] write_proc_bitmap_shift: Value of write = 36
[104517.061028] write_proc_bitmap_shift: Value of write = 36
[104517.061042] write_proc_unbounded: Value of write = 0
[104517.061050] write_proc_2mb_limit: Value of write = 0
[104517.061054] write_proc_bitmap_shift: Value of write = 36
[104517.061060] write_proc_unbounded: Value of write = 0
[104517.061067] write_proc_unbounded: Value of write = 0
[104517.061072] write_proc_2mb_limit: Value of write = 0
[104517.061073] write_proc_unbounded: Value of write = 0
[104517.061073] write_proc_unbounded: Value of write = 0
[104517.061078] write_proc_bitmap_shift: Value of write = 36
[104517.061079] write_proc_2mb_limit: Value of write = 0
[104517.061081] write_proc_2mb_limit: Value of write = 0
[104517.061084] write_proc_2mb_limit: Value of write = 0
[104517.061085] write_proc_bitmap_shift: Value of write = 36
[104517.061089] write_proc_bitmap_shift: Value of write = 36
[104517.061091] write_proc_bitmap_shift: Value of write = 36
[104517.061110] write_proc_unbounded: Value of write = 0
[104517.061117] write_proc_2mb_limit: Value of write = 0
[104517.061121] write_proc_bitmap_shift: Value of write = 36
[104517.061150] write_proc_unbounded: Value of write = 0
[104517.061161] write_proc_2mb_limit: Value of write = 0
[104517.061165] write_proc_bitmap_shift: Value of write = 36
[104517.061178] write_proc_unbounded: Value of write = 0
[104517.061185] write_proc_2mb_limit: Value of write = 0
[104517.061189] write_proc_bitmap_shift: Value of write = 36
[104517.061206] write_proc_unbounded: Value of write = 0
[104517.061208] write_proc_unbounded: Value of write = 0
[104517.061215] write_proc_2mb_limit: Value of write = 0
[104517.061216] write_proc_2mb_limit: Value of write = 0
[104517.061218] write_proc_bitmap_shift: Value of write = 36
[104517.061222] write_proc_bitmap_shift: Value of write = 36
[104517.061228] write_proc_unbounded: Value of write = 0
[104517.061229] write_proc_unbounded: Value of write = 0
[104517.061235] write_proc_2mb_limit: Value of write = 0
[104517.061238] write_proc_2mb_limit: Value of write = 0
[104517.061239] write_proc_bitmap_shift: Value of write = 36
[104517.061243] write_proc_bitmap_shift: Value of write = 36
[104517.061244] write_proc_unbounded: Value of write = 0
[104517.061252] write_proc_2mb_limit: Value of write = 0
[104517.061256] write_proc_bitmap_shift: Value of write = 36
[104521.484930] write_proc_unbounded: Value of write = 0
[104521.484946] write_proc_2mb_limit: Value of write = 0
[104521.485188] write_proc_unbounded: Value of write = 0
[104521.485201] write_proc_2mb_limit: Value of write = 0
[104521.485251] write_proc_unbounded: Value of write = 0
[104521.485266] write_proc_2mb_limit: Value of write = 0
[104521.485322] write_proc_unbounded: Value of write = 0
[104521.485329] write_proc_2mb_limit: Value of write = 0
[104521.485489] write_proc_unbounded: Value of write = 0
[104521.485495] write_proc_2mb_limit: Value of write = 0
[104521.485535] write_proc_unbounded: Value of write = 0
[104521.485535] write_proc_unbounded: Value of write = 0
[104521.485542] write_proc_2mb_limit: Value of write = 0
[104521.485542] write_proc_2mb_limit: Value of write = 0
[104521.485636] write_proc_unbounded: Value of write = 0
[104521.485642] write_proc_2mb_limit: Value of write = 0
[104521.485677] write_proc_unbounded: Value of write = 0
[104521.485682] write_proc_2mb_limit: Value of write = 0
[104521.485733] write_proc_unbounded: Value of write = 0
[104521.485749] write_proc_2mb_limit: Value of write = 0
[104521.485806] write_proc_unbounded: Value of write = 0
[104521.485816] write_proc_2mb_limit: Value of write = 0
[104521.485879] write_proc_unbounded: Value of write = 0
[104521.485887] write_proc_2mb_limit: Value of write = 0
[104521.485913] write_proc_unbounded: Value of write = 0
[104521.485919] write_proc_2mb_limit: Value of write = 0
[104521.485946] write_proc_unbounded: Value of write = 0
[104521.485952] write_proc_2mb_limit: Value of write = 0
[104521.485975] write_proc_unbounded: Value of write = 0
[104521.485985] write_proc_2mb_limit: Value of write = 0
[104521.485995] write_proc_unbounded: Value of write = 0
[104521.486004] write_proc_2mb_limit: Value of write = 0
[104521.486071] write_proc_unbounded: Value of write = 0
[104521.486082] write_proc_2mb_limit: Value of write = 0
[104521.486090] write_proc_unbounded: Value of write = 0
[104521.486098] write_proc_unbounded: Value of write = 0
[104521.486099] write_proc_2mb_limit: Value of write = 0
[104521.486107] write_proc_2mb_limit: Value of write = 0
[104521.486127] write_proc_unbounded: Value of write = 0
[104521.486135] write_proc_2mb_limit: Value of write = 0
[104521.486354] write_proc_unbounded: Value of write = 0
[104521.486360] write_proc_2mb_limit: Value of write = 0
[104521.486513] write_proc_unbounded: Value of write = 0
[104521.486516] write_proc_unbounded: Value of write = 0
[104521.486522] write_proc_2mb_limit: Value of write = 0
[104521.486527] write_proc_2mb_limit: Value of write = 0
[104521.486750] write_proc_unbounded: Value of write = 0
[104521.486760] write_proc_unbounded: Value of write = 0
[104521.486762] write_proc_2mb_limit: Value of write = 0
[104521.486769] write_proc_2mb_limit: Value of write = 0
[104521.486786] write_proc_unbounded: Value of write = 0
[104521.486795] write_proc_2mb_limit: Value of write = 0
[104521.486845] write_proc_unbounded: Value of write = 0
[104521.486854] write_proc_2mb_limit: Value of write = 0
[104521.486937] write_proc_unbounded: Value of write = 0
[104521.486937] write_proc_unbounded: Value of write = 0
[104521.486945] write_proc_2mb_limit: Value of write = 0
[104521.486945] write_proc_2mb_limit: Value of write = 0
[104521.487046] write_proc_unbounded: Value of write = 0
[104521.487052] write_proc_2mb_limit: Value of write = 0
[104521.487069] write_proc_unbounded: Value of write = 0
[104521.487082] write_proc_2mb_limit: Value of write = 0
[104521.487771] write_proc_unbounded: Value of write = 0
[104521.487777] write_proc_2mb_limit: Value of write = 0
