ENABLE_FILE_STATS in con
ENABLE_FILE_STATS in con
ENABLE_FILE_STATS in con
ENABLE_FILE_STATS in con
ENABLE_FILE_STATS in con
ENABLE_FILE_STATS in con
ENABLE_FILE_STATS in con
ENABLE_FILE_STATS in con
ENABLE_FILE_STATS in con
ENABLE_FILE_STATS in con
ENABLE_FILE_STATS in con
ENABLE_FILE_STATS in con
ENABLE_FILE_STATS in con
ENABLE_FILE_STATS in con
ENABLE_FILE_STATS in con
ENABLE_FILE_STATS in con
ENABLE_FILE_STATS in per_thread_ds
ENABLE_FILE_STATS in per_thread_ds
ENABLE_FILE_STATS in per_thread_ds
ENABLE_FILE_STATS in per_thread_ds
ENABLE_FILE_STATS in per_thread_ds
ENABLE_FILE_STATS in per_thread_ds
readahead_info: failed fd:6 TID:14807 err:-1
readahead_info: failed fd:6 TID:14808 err:-1
ERR:prefetcher_th, pg_diff==0
ENABLE_FILE_STATS in per_thread_ds
ENABLE_FILE_STATS in per_thread_ds
ENABLE_FILE_STATS in per_thread_ds
ENABLE_FILE_STATS in per_thread_ds
ENABLE_FILE_STATS in per_thread_ds
ENABLE_FILE_STATS in per_thread_ds
ENABLE_FILE_STATS in per_thread_ds
ENABLE_FILE_STATS in per_thread_ds
ERR:prefetcher_th, pg_diff==0
ERR:prefetcher_th, pg_diff==0
ERR:prefetcher_th, pg_diff==0
ERR:prefetcher_th, pg_diff==0
ERR:prefetcher_th, pg_diff==0
ERR:prefetcher_th, pg_diff==0
ERR:prefetcher_th, pg_diff==0
ERR:prefetcher_th, pg_diff==0
ERR:prefetcher_th, pg_diff==0
readahead_info: failed fd:6 TID:14812 err:-1
ENABLE_FILE_STATS in per_thread_ds
ERR:prefetcher_th, pg_diff==0
ENABLE_FILE_STATS in per_thread_ds
record_open: fd=8 filesize=214 is smaller than 5242880 bytes
record_open: fd=8 filesize=214 is smaller than 5242880 bytes
record_open: fd=8 filesize=214 is smaller than 5242880 bytes
record_open: fd=8 filesize=214 is smaller than 5242880 bytes
record_open: fd=8 filesize=214 is smaller than 5242880 bytes
record_open: fd=8 filesize=214 is smaller than 5242880 bytes
record_open: fd=12 filesize=214 is smaller than 5242880 bytes
record_open: fd=8 filesize=214 is smaller than 5242880 bytes
record_open: fd=8 filesize=214 is smaller than 5242880 bytes
record_open: fd=8 filesize=214 is smaller than 5242880 bytes
record_open: fd=10 filesize=214 is smaller than 5242880 bytes
record_open: fd=8 filesize=214 is smaller than 5242880 bytes
record_open: fd=8 filesize=214 is smaller than 5242880 bytes
record_open: fd=8 filesize=214 is smaller than 5242880 bytes
record_open: fd=8 filesize=214 is smaller than 5242880 bytes
record_open: fd=8 filesize=214 is smaller than 5242880 bytes
readahead_info: failed fd:12 TID:14820 err:-1
-------- Aggregate Performance --------
 READ Restart Perf: 3158.69 BW[MB/s] 24722653184 Bytes 7.46428 MaxTime[sec] 
Total nr_ra = 62
Total nr_bytes_ra = 260046848
Total nr_ra = 62
Total nr_bytes_ra = 260046848
DESTRUCTOR GETTING CALLED 
PRINT_GLOBAL_STATS in dest
PRINT_GLOBAL_LIB_STATS in dest
DESTRUCTOR GETTING CALLED 
PRINT_GLOBAL_STATS in dest
PRINT_GLOBAL_LIB_STATS in dest
Total nr_ra = 61
Total nr_bytes_ra = 255852544
Total nr_ra = 62
Total nr_bytes_ra = 260046848
DESTRUCTOR GETTING CALLED 
PRINT_GLOBAL_STATS in dest
PRINT_GLOBAL_LIB_STATS in dest
DESTRUCTOR GETTING CALLED 
PRINT_GLOBAL_STATS in dest
PRINT_GLOBAL_LIB_STATS in dest
DESTRUCTOR GETTING CALLED 
Total nr_ra = 62
Total nr_bytes_ra = 260046848
PRINT_GLOBAL_STATS in dest
PRINT_GLOBAL_LIB_STATS in dest
DESTRUCTOR GETTING CALLED 
PRINT_GLOBAL_STATS in dest
PRINT_GLOBAL_LIB_STATS in dest
Total nr_ra = 62
Total nr_bytes_ra = 260046848
DESTRUCTOR GETTING CALLED 
Total nr_ra = 61
Total nr_bytes_ra = 255852544
PRINT_GLOBAL_STATS in dest
PRINT_GLOBAL_LIB_STATS in dest
DESTRUCTOR GETTING CALLED 
PRINT_GLOBAL_STATS in dest
PRINT_GLOBAL_LIB_STATS in dest
Total nr_ra = 63
Total nr_bytes_ra = 264241152
DESTRUCTOR GETTING CALLED 
PRINT_GLOBAL_STATS in dest
PRINT_GLOBAL_LIB_STATS in dest
Total nr_ra = 62
Total nr_bytes_ra = 260046848
Total nr_ra = 61
Total nr_bytes_ra = 255852544
Total nr_ra = 62
Total nr_bytes_ra = 260046848
Total nr_ra = 62
Total nr_bytes_ra = 260046848
Total nr_ra = 61
Total nr_bytes_ra = 255852544
Total nr_ra = 62
Total nr_bytes_ra = 260046848
Total nr_ra = 62
Total nr_bytes_ra = 260046848
Total nr_ra = 62
Total nr_bytes_ra = 260046848
DESTRUCTOR GETTING CALLED 
PRINT_GLOBAL_STATS in dest
PRINT_GLOBAL_LIB_STATS in dest
DESTRUCTOR GETTING CALLED 
PRINT_GLOBAL_STATS in dest
PRINT_GLOBAL_LIB_STATS in dest
DESTRUCTOR GETTING CALLED 
PRINT_GLOBAL_STATS in dest
PRINT_GLOBAL_LIB_STATS in dest
DESTRUCTOR GETTING CALLED 
PRINT_GLOBAL_STATS in dest
PRINT_GLOBAL_LIB_STATS in dest
DESTRUCTOR GETTING CALLED 
PRINT_GLOBAL_STATS in dest
PRINT_GLOBAL_LIB_STATS in dest
DESTRUCTOR GETTING CALLED 
PRINT_GLOBAL_STATS in dest
PRINT_GLOBAL_LIB_STATS in dest
DESTRUCTOR GETTING CALLED 
PRINT_GLOBAL_STATS in dest
PRINT_GLOBAL_LIB_STATS in dest
[33771.844491] sh (14776): drop_caches: 3
[33771.908675] sh (14781): drop_caches: 3
[33771.950486] write_proc_unbounded: Value of write = 1
[33771.950497] write_proc_unbounded: Value of write = 1
[33771.950500] write_proc_2mb_limit: Value of write = 1
[33771.950510] write_proc_2mb_limit: Value of write = 1
[33771.950513] write_proc_bitmap_shift: Value of write = 37
[33771.950514] write_proc_unbounded: Value of write = 1
[33771.950517] write_proc_bitmap_shift: Value of write = 37
[33771.950517] write_proc_unbounded: Value of write = 1
[33771.950522] write_proc_2mb_limit: Value of write = 1
[33771.950528] write_proc_bitmap_shift: Value of write = 37
[33771.950531] write_proc_2mb_limit: Value of write = 1
[33771.950535] write_proc_unbounded: Value of write = 1
[33771.950537] write_proc_bitmap_shift: Value of write = 37
[33771.950549] write_proc_unbounded: Value of write = 1
[33771.950550] write_proc_2mb_limit: Value of write = 1
[33771.950553] write_proc_unbounded: Value of write = 1
[33771.950556] write_proc_bitmap_shift: Value of write = 37
[33771.950567] write_proc_unbounded: Value of write = 1
[33771.950570] write_proc_2mb_limit: Value of write = 1
[33771.950569] write_proc_2mb_limit: Value of write = 1
[33771.950574] write_proc_unbounded: Value of write = 1
[33771.950582] write_proc_2mb_limit: Value of write = 1
[33771.950581] write_proc_unbounded: Value of write = 1
[33771.950584] write_proc_2mb_limit: Value of write = 1
[33771.950587] write_proc_bitmap_shift: Value of write = 37
[33771.950587] write_proc_bitmap_shift: Value of write = 37
[33771.950589] write_proc_unbounded: Value of write = 1
[33771.950592] write_proc_bitmap_shift: Value of write = 37
[33771.950601] write_proc_bitmap_shift: Value of write = 37
[33771.950602] write_proc_2mb_limit: Value of write = 1
[33771.950602] write_proc_2mb_limit: Value of write = 1
[33771.950610] write_proc_unbounded: Value of write = 1
[33771.950612] write_proc_bitmap_shift: Value of write = 37
[33771.950614] write_proc_bitmap_shift: Value of write = 37
[33771.950620] write_proc_unbounded: Value of write = 1
[33771.950622] write_proc_unbounded: Value of write = 1
[33771.950623] write_proc_2mb_limit: Value of write = 1
[33771.950631] write_proc_2mb_limit: Value of write = 1
[33771.950631] write_proc_unbounded: Value of write = 1
[33771.950633] write_proc_bitmap_shift: Value of write = 37
[33771.950634] write_proc_2mb_limit: Value of write = 1
[33771.950643] write_proc_bitmap_shift: Value of write = 37
[33771.950645] write_proc_bitmap_shift: Value of write = 37
[33771.950645] write_proc_2mb_limit: Value of write = 1
[33771.950653] write_proc_bitmap_shift: Value of write = 37
[33771.950655] write_proc_unbounded: Value of write = 1
[33771.950663] write_proc_2mb_limit: Value of write = 1
[33771.950667] write_proc_bitmap_shift: Value of write = 37
[33779.646265] write_proc_unbounded: Value of write = 0
[33779.646277] write_proc_2mb_limit: Value of write = 0
[33779.646368] write_proc_unbounded: Value of write = 0
[33779.646385] write_proc_2mb_limit: Value of write = 0
[33779.646663] write_proc_unbounded: Value of write = 0
[33779.646674] write_proc_2mb_limit: Value of write = 0
[33779.646719] write_proc_unbounded: Value of write = 0
[33779.646726] write_proc_2mb_limit: Value of write = 0
[33779.646971] write_proc_unbounded: Value of write = 0
[33779.646977] write_proc_2mb_limit: Value of write = 0
[33779.647000] write_proc_unbounded: Value of write = 0
[33779.647008] write_proc_2mb_limit: Value of write = 0
[33779.647058] write_proc_unbounded: Value of write = 0
[33779.647066] write_proc_2mb_limit: Value of write = 0
[33779.647123] write_proc_unbounded: Value of write = 0
[33779.647131] write_proc_2mb_limit: Value of write = 0
[33779.647376] write_proc_unbounded: Value of write = 0
[33779.647381] write_proc_2mb_limit: Value of write = 0
[33779.647533] write_proc_unbounded: Value of write = 0
[33779.647538] write_proc_2mb_limit: Value of write = 0
[33779.647558] write_proc_unbounded: Value of write = 0
[33779.647578] write_proc_2mb_limit: Value of write = 0
[33779.647585] write_proc_unbounded: Value of write = 0
[33779.647596] write_proc_2mb_limit: Value of write = 0
[33779.647599] write_proc_unbounded: Value of write = 0
[33779.647617] write_proc_2mb_limit: Value of write = 0
[33779.647675] write_proc_unbounded: Value of write = 0
[33779.647681] write_proc_2mb_limit: Value of write = 0
[33779.647966] write_proc_unbounded: Value of write = 0
[33779.647977] write_proc_2mb_limit: Value of write = 0
[33779.647989] write_proc_unbounded: Value of write = 0
[33779.647998] write_proc_2mb_limit: Value of write = 0
