Received signal 11 (Segmentation fault)
#0   /usr/lib/lib_Cross_Blind.so(_Z13prefetcher_thPv+0x20) [0x7f5301d74250] Command terminated by signal 11
	Command being timed: "./db_bench --db=/users/kannan11/ssd/prefetching/appbench/apps/rocksdb/DATA --value_size=4096 --wal_dir=/users/kannan11/ssd/prefetching/appbench/apps/rocksdb/DATA/WAL_LOG --sync=0 --key_size=1000 --write_buffer_size=67108864 --num=20000000 --seed=1576170874 --benchmarks=readwhilescanning --use_existing_db=1 --mmap_read=0 --threads=16"
	User time (seconds): 0.05
	System time (seconds): 1.22
	Percent of CPU this job got: 490%
	Elapsed (wall clock) time (h:mm:ss or m:ss): 0:00.25
	Average shared text size (kbytes): 0
	Average unshared data size (kbytes): 0
	Average stack size (kbytes): 0
	Average total size (kbytes): 0
	Maximum resident set size (kbytes): 41168
	Average resident set size (kbytes): 0
	Major (requiring I/O) page faults: 77
	Minor (reclaiming a frame) page faults: 9085
	Voluntary context switches: 620
	Involuntary context switches: 11
	Swaps: 0
	File system inputs: 567344
	File system outputs: 64
	Socket messages sent: 0
	Socket messages received: 0
	Signals delivered: 0
	Page size (bytes): 4096
	Exit status: 0
DESTRUCTOR GETTING CALLED 
PRINT_GLOBAL_LIB_STATS in dest
Total nr_ra = 0
Total nr_bytes_ra = 0
[26017.234200] sh (25481): drop_caches: 3
[26017.278995] sh (25487): drop_caches: 3
[26022.311518] write_proc_unbounded: Value of write = 0
[26022.311532] write_proc_2mb_limit: Value of write = 0
[26022.311537] write_proc_bitmap_shift: Value of write = 38
[26022.319548] write_proc_unbounded: Value of write = 0
[26022.319563] write_proc_2mb_limit: Value of write = 0
[26022.319568] write_proc_bitmap_shift: Value of write = 38
[26022.566036] db_bench[25555]: segfault at 200 ip 00007f5301d74250 sp 00007f52f1aa7aa0 error 4 in lib_Cross_Blind.so[7f5301d6f000+a000]
[26022.566056] Code: 66 2e 0f 1f 84 00 00 00 00 00 41 56 41 55 31 c0 41 54 55 53 48 89 fb bf ba 00 00 00 e8 e9 eb ff ff 48 8b 43 40 48 85 c0 74 0f <0f> b6 80 60 01 00 00 84 c0 0f 85 81 00 00 00 48 89 df e8 a9 ef ff
[26022.572690] write_proc_unbounded: Value of write = 0
[26022.572697] write_proc_2mb_limit: Value of write = 0
