ENABLE_FILE_STATS in con
ENABLE_FILE_STATS in con
ENABLE_FILE_STATS in con
ENABLE_FILE_STATS in con
ENABLE_FILE_STATS in con
ENABLE_FILE_STATS in con
ENABLE_FILE_STATS in con
ENABLE_FILE_STATS in con
ENABLE_FILE_STATS in per_thread_ds
ENABLE_FILE_STATS in per_thread_ds
ENABLE_FILE_STATS in per_thread_ds
ENABLE_FILE_STATS in per_thread_ds
No pcbitmap
No pcbitmap
ENABLE_FILE_STATS in per_thread_ds
ENABLE_FILE_STATS in per_thread_ds
No pcbitmap
No pcbitmap
ENABLE_FILE_STATS in per_thread_ds
No pcbitmap
No pcbitmap
No pcbitmap
No pcbitmap
No pcbitmap
No pcbitmap
No pcbitmap
No pcbitmap
No pcbitmap
No pcbitmap
ENABLE_FILE_STATS in per_thread_ds
No pcbitmap
No pcbitmap
No pcbitmap
No pcbitmap
No pcbitmap
No pcbitmap
No pcbitmap
No pcbitmap
No pcbitmap
-------- Aggregate Performance --------
 READ Restart Perf: 3375.2 BW[MB/s] 3241326592 Bytes 0.915847 MaxTime[sec] 
DESTRUCTOR GETTING CALLED 
PRINT_GLOBAL_STATS in dest
PRINT_GLOBAL_LIB_STATS in dest
Total nr_ra = 731
Total nr_bytes_ra = 3066036224
DESTRUCTOR GETTING CALLED 
PRINT_GLOBAL_STATS in dest
Total nr_ra = 1462
Total nr_bytes_ra = 6132072448
PRINT_GLOBAL_LIB_STATS in dest
Total nr_ra = 731
Total nr_bytes_ra = 3066036224
DESTRUCTOR GETTING CALLED 
PRINT_GLOBAL_STATS in dest
PRINT_GLOBAL_LIB_STATS in dest
DESTRUCTOR GETTING CALLED 
PRINT_GLOBAL_STATS in dest
PRINT_GLOBAL_LIB_STATS in dest
Total nr_ra = 731
Total nr_bytes_ra = 3066036224
DESTRUCTOR GETTING CALLED 
PRINT_GLOBAL_STATS in dest
Total nr_ra = 731
Total nr_bytes_ra = 3066036224
PRINT_GLOBAL_LIB_STATS in dest
DESTRUCTOR GETTING CALLED 
PRINT_GLOBAL_STATS in dest
Total nr_ra = 731
Total nr_bytes_ra = 3066036224
PRINT_GLOBAL_LIB_STATS in dest
DESTRUCTOR GETTING CALLED 
PRINT_GLOBAL_STATS in dest
PRINT_GLOBAL_LIB_STATS in dest
Total nr_ra = 731
Total nr_bytes_ra = 3066036224
Total nr_ra = 731
Total nr_bytes_ra = 3066036224
DESTRUCTOR GETTING CALLED 
PRINT_GLOBAL_STATS in dest
PRINT_GLOBAL_LIB_STATS in dest
[32678.922134] sh (14031): drop_caches: 3
[32678.986232] sh (14036): drop_caches: 3
[32679.030037] write_proc_unbounded: Value of write = 0
[32679.030047] write_proc_unbounded: Value of write = 0
[32679.030050] write_proc_unbounded: Value of write = 0
[32679.030057] write_proc_2mb_limit: Value of write = 0
[32679.030058] write_proc_unbounded: Value of write = 0
[32679.030065] write_proc_unbounded: Value of write = 0
[32679.030067] write_proc_2mb_limit: Value of write = 0
[32679.030069] write_proc_bitmap_shift: Value of write = 37
[32679.030078] write_proc_2mb_limit: Value of write = 0
[32679.030079] write_proc_2mb_limit: Value of write = 0
[32679.030079] write_proc_bitmap_shift: Value of write = 37
[32679.030086] write_proc_2mb_limit: Value of write = 0
[32679.030091] write_proc_bitmap_shift: Value of write = 37
[32679.030091] write_proc_bitmap_shift: Value of write = 37
[32679.030094] write_proc_bitmap_shift: Value of write = 37
[32679.030093] write_proc_unbounded: Value of write = 0
[32679.030108] write_proc_unbounded: Value of write = 0
[32679.030110] write_proc_2mb_limit: Value of write = 0
[32679.030120] write_proc_bitmap_shift: Value of write = 37
[32679.030122] write_proc_2mb_limit: Value of write = 0
[32679.030129] write_proc_bitmap_shift: Value of write = 37
[32679.030169] write_proc_unbounded: Value of write = 0
[32679.030183] write_proc_2mb_limit: Value of write = 0
[32679.030188] write_proc_bitmap_shift: Value of write = 37
[32679.998322] write_proc_unbounded: Value of write = 0
[32679.998333] write_proc_2mb_limit: Value of write = 0
[32679.998531] write_proc_unbounded: Value of write = 0
[32679.998540] write_proc_2mb_limit: Value of write = 0
[32679.998559] write_proc_unbounded: Value of write = 0
[32679.998566] write_proc_2mb_limit: Value of write = 0
[32679.998614] write_proc_unbounded: Value of write = 0
[32679.998619] write_proc_2mb_limit: Value of write = 0
[32679.998668] write_proc_unbounded: Value of write = 0
[32679.998676] write_proc_2mb_limit: Value of write = 0
[32679.998737] write_proc_unbounded: Value of write = 0
[32679.998741] write_proc_2mb_limit: Value of write = 0
[32679.998755] write_proc_unbounded: Value of write = 0
[32679.998760] write_proc_2mb_limit: Value of write = 0
[32679.998783] write_proc_unbounded: Value of write = 0
[32679.998789] write_proc_2mb_limit: Value of write = 0
