ENABLE_FILE_STATS in con
ENABLE_FILE_STATS in con
ENABLE_FILE_STATS in con
ENABLE_FILE_STATS in con
ENABLE_FILE_STATS in con
ENABLE_FILE_STATS in con
ENABLE_FILE_STATS in con
ENABLE_FILE_STATS in con
ENABLE_FILE_STATS in per_thread_ds
ENABLE_FILE_STATS in per_thread_ds
ENABLE_FILE_STATS in per_thread_ds
ENABLE_FILE_STATS in per_thread_ds
ENABLE_FILE_STATS in per_thread_ds
ENABLE_FILE_STATS in per_thread_ds
ERR:prefetcher_th, pg_diff==0
ERR:prefetcher_th, pg_diff==0
ERR:prefetcher_th, pg_diff==0
ERR:prefetcher_th, pg_diff==0
ERR:prefetcher_th, pg_diff==0
ERR:prefetcher_th, pg_diff==0
ERR:prefetcher_th, pg_diff==0
ERR:prefetcher_th, pg_diff==0
ERR:prefetcher_th, pg_diff==0
ERR:prefetcher_th, pg_diff==0
ERR:prefetcher_th, pg_diff==0
ERR:prefetcher_th, pg_diff==0
ERR:prefetcher_th, pg_diff==0
ERR:prefetcher_th, pg_diff==0
ENABLE_FILE_STATS in per_thread_ds
ENABLE_FILE_STATS in per_thread_ds
record_open: fd=12 filesize=214 is smaller than 5242880 bytes
record_open: fd=10 filesize=214 is smaller than 5242880 bytes
record_open: fd=8 filesize=214 is smaller than 5242880 bytes
record_open: fd=8 filesize=214 is smaller than 5242880 bytes
record_open: fd=8 filesize=214 is smaller than 5242880 bytes
record_open: fd=8 filesize=214 is smaller than 5242880 bytes
record_open: fd=8 filesize=214 is smaller than 5242880 bytes
record_open: fd=8 filesize=214 is smaller than 5242880 bytes
-------- Aggregate Performance --------
 READ Restart Perf: 4088.22 BW[MB/s] 3241326592 Bytes 0.756116 MaxTime[sec] 
DESTRUCTOR GETTING CALLED 
PRINT_GLOBAL_STATS in dest
DESTRUCTOR GETTING CALLED 
Total nr_ra = 2339
Total nr_bytes_ra = 9810477056
PRINT_GLOBAL_LIB_STATS in dest
PRINT_GLOBAL_STATS in dest
DESTRUCTOR GETTING CALLED 
PRINT_GLOBAL_STATS in dest
PRINT_GLOBAL_LIB_STATS in dest
Total nr_ra = 690
Total nr_bytes_ra = 2894069760
PRINT_GLOBAL_LIB_STATS in dest
Total nr_ra = 690
Total nr_bytes_ra = 2894069760
Total nr_ra = 690
Total nr_bytes_ra = 2894069760
Total nr_ra = 690
Total nr_bytes_ra = 2894069760
Total nr_ra = 690
Total nr_bytes_ra = 2894069760
Total nr_ra = 690
Total nr_bytes_ra = 2894069760
Total nr_ra = 690
Total nr_bytes_ra = 2894069760
DESTRUCTOR GETTING CALLED 
PRINT_GLOBAL_STATS in dest
PRINT_GLOBAL_LIB_STATS in dest
DESTRUCTOR GETTING CALLED 
PRINT_GLOBAL_STATS in dest
PRINT_GLOBAL_LIB_STATS in dest
DESTRUCTOR GETTING CALLED 
PRINT_GLOBAL_STATS in dest
PRINT_GLOBAL_LIB_STATS in dest
DESTRUCTOR GETTING CALLED 
PRINT_GLOBAL_STATS in dest
PRINT_GLOBAL_LIB_STATS in dest
DESTRUCTOR GETTING CALLED 
PRINT_GLOBAL_STATS in dest
PRINT_GLOBAL_LIB_STATS in dest
[32681.168463] sh (14091): drop_caches: 3
[32681.236456] sh (14096): drop_caches: 3
[32681.279422] write_proc_unbounded: Value of write = 0
[32681.279424] write_proc_unbounded: Value of write = 0
[32681.279425] write_proc_unbounded: Value of write = 0
[32681.279432] write_proc_unbounded: Value of write = 0
[32681.279453] write_proc_2mb_limit: Value of write = 0
[32681.279458] write_proc_2mb_limit: Value of write = 0
[32681.279459] write_proc_2mb_limit: Value of write = 0
[32681.279459] write_proc_2mb_limit: Value of write = 0
[32681.279463] write_proc_unbounded: Value of write = 0
[32681.279464] write_proc_bitmap_shift: Value of write = 37
[32681.279466] write_proc_unbounded: Value of write = 0
[32681.279468] write_proc_bitmap_shift: Value of write = 37
[32681.279471] write_proc_bitmap_shift: Value of write = 37
[32681.279473] write_proc_bitmap_shift: Value of write = 37
[32681.279472] write_proc_unbounded: Value of write = 0
[32681.279475] write_proc_unbounded: Value of write = 0
[32681.279481] write_proc_2mb_limit: Value of write = 0
[32681.279489] write_proc_2mb_limit: Value of write = 0
[32681.279492] write_proc_2mb_limit: Value of write = 0
[32681.279492] write_proc_2mb_limit: Value of write = 0
[32681.279494] write_proc_bitmap_shift: Value of write = 37
[32681.279498] write_proc_bitmap_shift: Value of write = 37
[32681.279503] write_proc_bitmap_shift: Value of write = 37
[32681.279505] write_proc_bitmap_shift: Value of write = 37
[32682.095041] write_proc_unbounded: Value of write = 0
[32682.095041] write_proc_unbounded: Value of write = 0
[32682.095057] write_proc_2mb_limit: Value of write = 0
[32682.095057] write_proc_2mb_limit: Value of write = 0
[32682.095098] write_proc_unbounded: Value of write = 0
[32682.095104] write_proc_2mb_limit: Value of write = 0
[32682.095203] write_proc_unbounded: Value of write = 0
[32682.095209] write_proc_2mb_limit: Value of write = 0
[32682.095234] write_proc_unbounded: Value of write = 0
[32682.095239] write_proc_2mb_limit: Value of write = 0
[32682.095265] write_proc_unbounded: Value of write = 0
[32682.095270] write_proc_2mb_limit: Value of write = 0
[32682.095345] write_proc_unbounded: Value of write = 0
[32682.095349] write_proc_2mb_limit: Value of write = 0
[32682.095388] write_proc_unbounded: Value of write = 0
[32682.095392] write_proc_2mb_limit: Value of write = 0
