ENABLE_FILE_STATS in con
ENABLE_FILE_STATS in con
ENABLE_FILE_STATS in con
ENABLE_FILE_STATS in con
ENABLE_FILE_STATS in con
ENABLE_FILE_STATS in con
ENABLE_FILE_STATS in con
ENABLE_FILE_STATS in con
ENABLE_FILE_STATS in per_thread_ds
ENABLE_FILE_STATS in per_thread_ds
ENABLE_FILE_STATS in per_thread_ds
ENABLE_FILE_STATS in per_thread_ds
ENABLE_FILE_STATS in per_thread_ds
ENABLE_FILE_STATS in per_thread_ds
ENABLE_FILE_STATS in per_thread_ds
ENABLE_FILE_STATS in per_thread_ds
-------- Aggregate Performance --------
 READ Restart Perf: 3485.07 BW[MB/s] 3241326592 Bytes 0.886975 MaxTime[sec] 
Total nr_ra = 0
Total nr_bytes_ra = 0
Total nr_ra = 0
Total nr_bytes_ra = 0
Total nr_ra = 0
Total nr_bytes_ra = 0
DESTRUCTOR GETTING CALLED 
PRINT_GLOBAL_STATS in dest
PRINT_GLOBAL_LIB_STATS in dest
DESTRUCTOR GETTING CALLED 
PRINT_GLOBAL_STATS in dest
PRINT_GLOBAL_LIB_STATS in dest
DESTRUCTOR GETTING CALLED 
PRINT_GLOBAL_STATS in dest
PRINT_GLOBAL_LIB_STATS in dest
Total nr_ra = 0
Total nr_bytes_ra = 0
DESTRUCTOR GETTING CALLED 
PRINT_GLOBAL_STATS in dest
PRINT_GLOBAL_LIB_STATS in dest
DESTRUCTOR GETTING CALLED 
PRINT_GLOBAL_STATS in dest
PRINT_GLOBAL_LIB_STATS in dest
Total nr_ra = 0
Total nr_bytes_ra = 0
DESTRUCTOR GETTING CALLED 
PRINT_GLOBAL_STATS in dest
PRINT_GLOBAL_LIB_STATS in dest
Total nr_ra = 0
Total nr_bytes_ra = 0
DESTRUCTOR GETTING CALLED 
Total nr_ra = 0
Total nr_bytes_ra = 0
PRINT_GLOBAL_STATS in dest
PRINT_GLOBAL_LIB_STATS in dest
Total nr_ra = 0
Total nr_bytes_ra = 0
DESTRUCTOR GETTING CALLED 
PRINT_GLOBAL_STATS in dest
PRINT_GLOBAL_LIB_STATS in dest
[32677.671076] sh (14005): drop_caches: 3
[32677.733235] sh (14010): drop_caches: 3
[32677.777174] write_proc_unbounded: Value of write = 0
[32677.777190] write_proc_2mb_limit: Value of write = 0
[32677.777197] write_proc_bitmap_shift: Value of write = 37
[32677.777209] write_proc_unbounded: Value of write = 0
[32677.777225] write_proc_2mb_limit: Value of write = 0
[32677.777227] write_proc_unbounded: Value of write = 0
[32677.777231] write_proc_bitmap_shift: Value of write = 37
[32677.777244] write_proc_unbounded: Value of write = 0
[32677.777246] write_proc_2mb_limit: Value of write = 0
[32677.777250] write_proc_unbounded: Value of write = 0
[32677.777254] write_proc_bitmap_shift: Value of write = 37
[32677.777257] write_proc_2mb_limit: Value of write = 0
[32677.777263] write_proc_unbounded: Value of write = 0
[32677.777268] write_proc_bitmap_shift: Value of write = 37
[32677.777269] write_proc_2mb_limit: Value of write = 0
[32677.777276] write_proc_unbounded: Value of write = 0
[32677.777278] write_proc_bitmap_shift: Value of write = 37
[32677.777278] write_proc_2mb_limit: Value of write = 0
[32677.777287] write_proc_bitmap_shift: Value of write = 37
[32677.777291] write_proc_2mb_limit: Value of write = 0
[32677.777299] write_proc_bitmap_shift: Value of write = 37
[32677.777301] write_proc_unbounded: Value of write = 0
[32677.777315] write_proc_2mb_limit: Value of write = 0
[32677.777320] write_proc_bitmap_shift: Value of write = 37
[32678.718229] write_proc_unbounded: Value of write = 0
[32678.718243] write_proc_2mb_limit: Value of write = 0
[32678.718245] write_proc_unbounded: Value of write = 0
[32678.718252] write_proc_2mb_limit: Value of write = 0
[32678.718312] write_proc_unbounded: Value of write = 0
[32678.718319] write_proc_2mb_limit: Value of write = 0
[32678.718353] write_proc_unbounded: Value of write = 0
[32678.718360] write_proc_2mb_limit: Value of write = 0
[32678.718458] write_proc_unbounded: Value of write = 0
[32678.718462] write_proc_2mb_limit: Value of write = 0
[32678.718493] write_proc_unbounded: Value of write = 0
[32678.718498] write_proc_2mb_limit: Value of write = 0
[32678.718513] write_proc_unbounded: Value of write = 0
[32678.718517] write_proc_2mb_limit: Value of write = 0
[32678.718591] write_proc_unbounded: Value of write = 0
[32678.718598] write_proc_2mb_limit: Value of write = 0
