ENABLE_FILE_STATS in con
ENABLE_FILE_STATS in per_thread_ds
ENABLE_FILE_STATS in con
ENABLE_FILE_STATS in per_thread_ds
ENABLE_FILE_STATS in per_thread_ds
ENABLE_FILE_STATS in per_thread_ds
ENABLE_FILE_STATS in per_thread_ds
ENABLE_FILE_STATS in per_thread_ds
ENABLE_FILE_STATS in per_thread_ds
ENABLE_FILE_STATS in per_thread_ds
ENABLE_FILE_STATS in per_thread_ds
ENABLE_FILE_STATS in per_thread_ds
ENABLE_FILE_STATS in per_thread_ds
ENABLE_FILE_STATS in per_thread_ds
ENABLE_FILE_STATS in per_thread_ds
ENABLE_FILE_STATS in per_thread_ds
ENABLE_FILE_STATS in per_thread_ds
ENABLE_FILE_STATS in per_thread_ds
RocksDB:    version 7.6.0
Date:       Thu Sep 15 18:09:40 2022
CPU:        48 * AMD EPYC 7402P 24-Core Processor
CPUCache:   512 KB
Get returned an error: Corruption: bad entry in block
Received signal 6 (Aborted)
#0   /lib/x86_64-linux-gnu/libc.so.6(gsignal+0xc7) [0x7f51b6afbe87] put or merge error: Corruption: block checksum mismatch: stored = 2494015166, computed = 507212023, type = 1  in /users/kannan11/ssd/prefetching/appbench/apps/rocksdb/DATA/004805.sst offset 0 size 0
ENABLE_FILE_STATS in con
ENABLE_FILE_STATS in con	??	??:0	DESTRUCTOR GETTING CALLED 	PRINT_GLOBAL_STATS in dest	PRINT_GLOBAL_LIB_STATS in dest	Total nr_ra = 0	Total nr_bytes_ra = 0	
#1   /lib/x86_64-linux-gnu/libc.so.6(abort+0x141) [0x7f51b6afd7f1] ENABLE_FILE_STATS in con
ENABLE_FILE_STATS in con	??	??:0	DESTRUCTOR GETTING CALLED 	PRINT_GLOBAL_STATS in dest	PRINT_GLOBAL_LIB_STATS in dest	Total nr_ra = 0	Total nr_bytes_ra = 0	
#2   ./db_bench(+0xb1aa7) [0x55caf0cb1aa7] ENABLE_FILE_STATS in con
ENABLE_FILE_STATS in con	??	??:0	DESTRUCTOR GETTING CALLED 	PRINT_GLOBAL_STATS in dest	PRINT_GLOBAL_LIB_STATS in dest	Total nr_ra = 0	Total nr_bytes_ra = 0	
#3   ./db_bench(+0x92c5c) [0x55caf0c92c5c] ENABLE_FILE_STATS in con
ENABLE_FILE_STATS in con	??	??:0	DESTRUCTOR GETTING CALLED 	PRINT_GLOBAL_STATS in dest	PRINT_GLOBAL_LIB_STATS in dest	Total nr_ra = 0	Total nr_bytes_ra = 0	
#4   ./db_bench(+0x280f52) [0x55caf0e80f52] ENABLE_FILE_STATS in con
ENABLE_FILE_STATS in con	??	??:0	DESTRUCTOR GETTING CALLED 	PRINT_GLOBAL_STATS in dest	PRINT_GLOBAL_LIB_STATS in dest	Total nr_ra = 0	Total nr_bytes_ra = 0	
#5   /lib/x86_64-linux-gnu/libpthread.so.0(+0x76db) [0x7f51b89166db] ENABLE_FILE_STATS in con
ENABLE_FILE_STATS in con	??	??:0	DESTRUCTOR GETTING CALLED 	PRINT_GLOBAL_STATS in dest	PRINT_GLOBAL_LIB_STATS in dest	Total nr_ra = 0	Total nr_bytes_ra = 0	
#6   /lib/x86_64-linux-gnu/libc.so.6(clone+0x3f) [0x7f51b6bde61f] ENABLE_FILE_STATS in con
ENABLE_FILE_STATS in con	??	??:0	DESTRUCTOR GETTING CALLED 	PRINT_GLOBAL_STATS in dest	PRINT_GLOBAL_LIB_STATS in dest	Total nr_ra = 0	Total nr_bytes_ra = 0	
Command terminated by signal 6
	Command being timed: "./db_bench --db=/users/kannan11/ssd/prefetching/appbench/apps/rocksdb/DATA --value_size=4096 --wal_dir=/users/kannan11/ssd/prefetching/appbench/apps/rocksdb/DATA/WAL_LOG --sync=0 --key_size=1000 --write_buffer_size=67108864 --num=5000000 --seed=1576170874 --benchmarks=readwhilewriting --use_existing_db=1 --mmap_read=0 --threads=1"
	User time (seconds): 0.13
	System time (seconds): 0.23
	Percent of CPU this job got: 133%
	Elapsed (wall clock) time (h:mm:ss or m:ss): 0:00.27
	Average shared text size (kbytes): 0
	Average unshared data size (kbytes): 0
	Average stack size (kbytes): 0
	Average total size (kbytes): 0
	Maximum resident set size (kbytes): 210672
	Average resident set size (kbytes): 0
	Major (requiring I/O) page faults: 109
	Minor (reclaiming a frame) page faults: 61901
	Voluntary context switches: 3133
	Involuntary context switches: 2
	Swaps: 0
	File system inputs: 247904
	File system outputs: 2216
	Socket messages sent: 0
	Socket messages received: 0
	Signals delivered: 0
	Page size (bytes): 4096
	Exit status: 0
DESTRUCTOR GETTING CALLED 
PRINT_GLOBAL_STATS in dest
PRINT_GLOBAL_LIB_STATS in dest
Total nr_ra = 0
Total nr_bytes_ra = 0
[102459.834385] sh (7135): drop_caches: 3
[102459.864140] sh (7140): drop_caches: 3
[102464.887594] write_proc_unbounded: Value of write = 0
[102464.887601] write_proc_2mb_limit: Value of write = 0
[102464.887608] write_proc_bitmap_shift: Value of write = 28
[102464.894107] write_proc_unbounded: Value of write = 0
[102464.894114] write_proc_2mb_limit: Value of write = 0
[102464.894117] write_proc_bitmap_shift: Value of write = 28
[102465.066470] write_proc_unbounded: Value of write = 0
[102465.066479] write_proc_2mb_limit: Value of write = 0
[102465.066483] write_proc_bitmap_shift: Value of write = 28
[102465.069314] write_proc_unbounded: Value of write = 0
[102465.069322] write_proc_2mb_limit: Value of write = 0
[102465.069327] write_proc_bitmap_shift: Value of write = 28
[102465.073240] write_proc_unbounded: Value of write = 0
[102465.073244] write_proc_2mb_limit: Value of write = 0
[102465.083155] write_proc_unbounded: Value of write = 0
[102465.083164] write_proc_2mb_limit: Value of write = 0
[102465.083168] write_proc_bitmap_shift: Value of write = 28
[102465.084691] write_proc_unbounded: Value of write = 0
[102465.084697] write_proc_2mb_limit: Value of write = 0
[102465.084700] write_proc_bitmap_shift: Value of write = 28
[102465.086795] write_proc_unbounded: Value of write = 0
[102465.086798] write_proc_2mb_limit: Value of write = 0
[102465.096048] write_proc_unbounded: Value of write = 0
[102465.096054] write_proc_2mb_limit: Value of write = 0
[102465.096058] write_proc_bitmap_shift: Value of write = 28
[102465.097304] write_proc_unbounded: Value of write = 0
[102465.097309] write_proc_2mb_limit: Value of write = 0
[102465.097312] write_proc_bitmap_shift: Value of write = 28
[102465.099352] write_proc_unbounded: Value of write = 0
[102465.099356] write_proc_2mb_limit: Value of write = 0
[102465.108772] write_proc_unbounded: Value of write = 0
[102465.108778] write_proc_2mb_limit: Value of write = 0
[102465.108781] write_proc_bitmap_shift: Value of write = 28
[102465.110676] write_proc_unbounded: Value of write = 0
[102465.110685] write_proc_2mb_limit: Value of write = 0
[102465.110689] write_proc_bitmap_shift: Value of write = 28
[102465.112760] write_proc_unbounded: Value of write = 0
[102465.112764] write_proc_2mb_limit: Value of write = 0
[102465.122170] write_proc_unbounded: Value of write = 0
[102465.122176] write_proc_2mb_limit: Value of write = 0
[102465.122180] write_proc_bitmap_shift: Value of write = 28
[102465.123458] write_proc_unbounded: Value of write = 0
[102465.123464] write_proc_2mb_limit: Value of write = 0
[102465.123467] write_proc_bitmap_shift: Value of write = 28
[102465.125539] write_proc_unbounded: Value of write = 0
[102465.125543] write_proc_2mb_limit: Value of write = 0
[102465.134604] write_proc_unbounded: Value of write = 0
[102465.134609] write_proc_2mb_limit: Value of write = 0
[102465.134612] write_proc_bitmap_shift: Value of write = 28
[102465.136086] write_proc_unbounded: Value of write = 0
[102465.136092] write_proc_2mb_limit: Value of write = 0
[102465.136096] write_proc_bitmap_shift: Value of write = 28
[102465.138191] write_proc_unbounded: Value of write = 0
[102465.138195] write_proc_2mb_limit: Value of write = 0
[102465.147366] write_proc_unbounded: Value of write = 0
[102465.147372] write_proc_2mb_limit: Value of write = 0
[102465.147376] write_proc_bitmap_shift: Value of write = 28
[102465.149160] write_proc_unbounded: Value of write = 0
[102465.149169] write_proc_2mb_limit: Value of write = 0
[102465.149173] write_proc_bitmap_shift: Value of write = 28
[102465.151209] write_proc_unbounded: Value of write = 0
[102465.151214] write_proc_2mb_limit: Value of write = 0
[102465.165482] write_proc_unbounded: Value of write = 0
[102465.165488] write_proc_2mb_limit: Value of write = 0
