ENABLE_FILE_STATS in con
ENABLE_FILE_STATS in per_thread_ds
ENABLE_FILE_STATS in con
ENABLE_FILE_STATS in per_thread_ds
ENABLE_FILE_STATS in per_thread_ds
ENABLE_FILE_STATS in per_thread_ds
ENABLE_FILE_STATS in per_thread_ds
ENABLE_FILE_STATS in per_thread_ds
ENABLE_FILE_STATS in per_thread_ds
ENABLE_FILE_STATS in per_thread_ds
ENABLE_FILE_STATS in per_thread_ds
ENABLE_FILE_STATS in per_thread_ds
ENABLE_FILE_STATS in per_thread_ds
ENABLE_FILE_STATS in per_thread_ds
ENABLE_FILE_STATS in per_thread_ds
ENABLE_FILE_STATS in per_thread_ds
ENABLE_FILE_STATS in per_thread_ds
ENABLE_FILE_STATS in per_thread_ds
RocksDB:    version 7.6.0
Date:       Thu Sep 15 18:10:04 2022
CPU:        48 * AMD EPYC 7402P 24-Core Processor
CPUCache:   512 KB
Get returned an error: Corruption: bad entry in block
Received signal 6 (Aborted)
#0   /lib/x86_64-linux-gnu/libc.so.6(gsignal+0xc7) [0x7f4a3629be87] put or merge error: Corruption: block checksum mismatch: stored = 2494015166, computed = 507212023, type = 1  in /users/kannan11/ssd/prefetching/appbench/apps/rocksdb/DATA/004805.sst offset 0 size 0
ENABLE_FILE_STATS in con
ENABLE_FILE_STATS in con	??	??:0	DESTRUCTOR GETTING CALLED 	PRINT_GLOBAL_STATS in dest	PRINT_GLOBAL_LIB_STATS in dest	Total nr_ra = 0	Total nr_bytes_ra = 0	
#1   /lib/x86_64-linux-gnu/libc.so.6(abort+0x141) [0x7f4a3629d7f1] ENABLE_FILE_STATS in con
ENABLE_FILE_STATS in con	??	??:0	DESTRUCTOR GETTING CALLED 	PRINT_GLOBAL_STATS in dest	PRINT_GLOBAL_LIB_STATS in dest	Total nr_ra = 0	Total nr_bytes_ra = 0	
#2   ./db_bench(+0xb1aa7) [0x5607852b1aa7] ENABLE_FILE_STATS in con
ENABLE_FILE_STATS in con	??	??:0	DESTRUCTOR GETTING CALLED 	PRINT_GLOBAL_STATS in dest	PRINT_GLOBAL_LIB_STATS in dest	Total nr_ra = 0	Total nr_bytes_ra = 0	
#3   ./db_bench(+0x92c5c) [0x560785292c5c] ENABLE_FILE_STATS in con
ENABLE_FILE_STATS in con	??	??:0	DESTRUCTOR GETTING CALLED 	PRINT_GLOBAL_STATS in dest	PRINT_GLOBAL_LIB_STATS in dest	Total nr_ra = 0	Total nr_bytes_ra = 0	
#4   ./db_bench(+0x280f52) [0x560785480f52] ENABLE_FILE_STATS in con
ENABLE_FILE_STATS in con	??	??:0	DESTRUCTOR GETTING CALLED 	PRINT_GLOBAL_STATS in dest	PRINT_GLOBAL_LIB_STATS in dest	Total nr_ra = 0	Total nr_bytes_ra = 0	
#5   /lib/x86_64-linux-gnu/libpthread.so.0(+0x76db) [0x7f4a380b66db] ENABLE_FILE_STATS in con
ENABLE_FILE_STATS in con	??	??:0	DESTRUCTOR GETTING CALLED 	PRINT_GLOBAL_STATS in dest	PRINT_GLOBAL_LIB_STATS in dest	Total nr_ra = 0	Total nr_bytes_ra = 0	
#6   /lib/x86_64-linux-gnu/libc.so.6(clone+0x3f) [0x7f4a3637e61f] ENABLE_FILE_STATS in con
ENABLE_FILE_STATS in con	??	??:0	DESTRUCTOR GETTING CALLED 	PRINT_GLOBAL_STATS in dest	PRINT_GLOBAL_LIB_STATS in dest	Total nr_ra = 0	Total nr_bytes_ra = 0	
Command terminated by signal 6
	Command being timed: "./db_bench --db=/users/kannan11/ssd/prefetching/appbench/apps/rocksdb/DATA --value_size=4096 --wal_dir=/users/kannan11/ssd/prefetching/appbench/apps/rocksdb/DATA/WAL_LOG --sync=0 --key_size=1000 --write_buffer_size=67108864 --num=5000000 --seed=1576170874 --benchmarks=readwhilewriting --use_existing_db=1 --mmap_read=0 --threads=1"
	User time (seconds): 0.13
	System time (seconds): 0.23
	Percent of CPU this job got: 127%
	Elapsed (wall clock) time (h:mm:ss or m:ss): 0:00.28
	Average shared text size (kbytes): 0
	Average unshared data size (kbytes): 0
	Average stack size (kbytes): 0
	Average total size (kbytes): 0
	Maximum resident set size (kbytes): 209624
	Average resident set size (kbytes): 0
	Major (requiring I/O) page faults: 111
	Minor (reclaiming a frame) page faults: 61639
	Voluntary context switches: 3052
	Involuntary context switches: 4
	Swaps: 0
	File system inputs: 271424
	File system outputs: 2224
	Socket messages sent: 0
	Socket messages received: 0
	Signals delivered: 0
	Page size (bytes): 4096
	Exit status: 0
DESTRUCTOR GETTING CALLED 
PRINT_GLOBAL_STATS in dest
PRINT_GLOBAL_LIB_STATS in dest
Total nr_ra = 0
Total nr_bytes_ra = 0
[102484.018767] sh (7305): drop_caches: 3
[102484.048718] sh (7310): drop_caches: 3
[102489.073282] write_proc_unbounded: Value of write = 0
[102489.073291] write_proc_2mb_limit: Value of write = 0
[102489.073295] write_proc_bitmap_shift: Value of write = 28
[102489.080083] write_proc_unbounded: Value of write = 0
[102489.080089] write_proc_2mb_limit: Value of write = 0
[102489.080092] write_proc_bitmap_shift: Value of write = 28
[102489.270343] write_proc_unbounded: Value of write = 0
[102489.270352] write_proc_2mb_limit: Value of write = 0
[102489.270356] write_proc_bitmap_shift: Value of write = 28
[102489.273141] write_proc_unbounded: Value of write = 0
[102489.273149] write_proc_2mb_limit: Value of write = 0
[102489.273153] write_proc_bitmap_shift: Value of write = 28
[102489.277049] write_proc_unbounded: Value of write = 0
[102489.277053] write_proc_2mb_limit: Value of write = 0
[102489.285815] write_proc_unbounded: Value of write = 0
[102489.285821] write_proc_2mb_limit: Value of write = 0
[102489.285824] write_proc_bitmap_shift: Value of write = 28
[102489.287370] write_proc_unbounded: Value of write = 0
[102489.287379] write_proc_2mb_limit: Value of write = 0
[102489.287383] write_proc_bitmap_shift: Value of write = 28
[102489.289519] write_proc_unbounded: Value of write = 0
[102489.289523] write_proc_2mb_limit: Value of write = 0
[102489.298949] write_proc_unbounded: Value of write = 0
[102489.298955] write_proc_2mb_limit: Value of write = 0
[102489.298958] write_proc_bitmap_shift: Value of write = 28
[102489.300229] write_proc_unbounded: Value of write = 0
[102489.300234] write_proc_2mb_limit: Value of write = 0
[102489.300237] write_proc_bitmap_shift: Value of write = 28
[102489.302259] write_proc_unbounded: Value of write = 0
[102489.302263] write_proc_2mb_limit: Value of write = 0
[102489.310781] write_proc_unbounded: Value of write = 0
[102489.310786] write_proc_2mb_limit: Value of write = 0
[102489.310789] write_proc_bitmap_shift: Value of write = 28
[102489.312370] write_proc_unbounded: Value of write = 0
[102489.312377] write_proc_2mb_limit: Value of write = 0
[102489.312380] write_proc_bitmap_shift: Value of write = 28
[102489.314437] write_proc_unbounded: Value of write = 0
[102489.314441] write_proc_2mb_limit: Value of write = 0
[102489.323582] write_proc_unbounded: Value of write = 0
[102489.323589] write_proc_2mb_limit: Value of write = 0
[102489.323593] write_proc_bitmap_shift: Value of write = 28
[102489.324852] write_proc_unbounded: Value of write = 0
[102489.324858] write_proc_2mb_limit: Value of write = 0
[102489.324862] write_proc_bitmap_shift: Value of write = 28
[102489.326683] write_proc_unbounded: Value of write = 0
[102489.326686] write_proc_2mb_limit: Value of write = 0
[102489.336170] write_proc_unbounded: Value of write = 0
[102489.336176] write_proc_2mb_limit: Value of write = 0
[102489.336179] write_proc_bitmap_shift: Value of write = 28
[102489.337404] write_proc_unbounded: Value of write = 0
[102489.337409] write_proc_2mb_limit: Value of write = 0
[102489.337412] write_proc_bitmap_shift: Value of write = 28
[102489.339544] write_proc_unbounded: Value of write = 0
[102489.339549] write_proc_2mb_limit: Value of write = 0
[102489.348130] write_proc_unbounded: Value of write = 0
[102489.348136] write_proc_2mb_limit: Value of write = 0
[102489.348139] write_proc_bitmap_shift: Value of write = 28
[102489.349328] write_proc_unbounded: Value of write = 0
[102489.349334] write_proc_2mb_limit: Value of write = 0
[102489.349337] write_proc_bitmap_shift: Value of write = 28
[102489.351204] write_proc_unbounded: Value of write = 0
[102489.351209] write_proc_2mb_limit: Value of write = 0
[102489.364306] write_proc_unbounded: Value of write = 0
[102489.364311] write_proc_2mb_limit: Value of write = 0
