RocksDB:    version 7.6.0
Date:       Sat Oct  8 00:06:04 2022
CPU:        128 * AMD EPYC 7543 32-Core Processor
CPUCache:   512 KB
Initializing RocksDB Options from the specified file
Initializing RocksDB Options from command-line flags
Integrated BlobDB: blob cache disabled
Keys:       1000 bytes each (+ 0 bytes user-defined timestamp)
Values:     4096 bytes each (2048 bytes after compression)
Entries:    0
Prefix:    0 bytes
Keys per prefix:    0
RawSize:    0.0 MB (estimated)
FileSize:   0.0 MB (estimated)
Write rate: 0 bytes/second
Read rate: 0 ops/second
Compression: Snappy
Compression sampling rate: 0
Memtablerep: SkipListFactory
Perf Level: 1
------------------------------------------------
DB path: [/users/kannan11/ssd/prefetching/appbench/apps/rocksdb/DATA]
readreverse  :     540.000 micros/op 6849 ops/sec 0.000 seconds 1 operations;
DESTRUCTOR GETTING CALLED 
PRINT_GLOBAL_LIB_STATS in dest
Total nr_ra = 10766
Total nr_bytes_ra = 45155876864
	Command being timed: "./db_bench --db=/users/kannan11/ssd/prefetching/appbench/apps/rocksdb/DATA --value_size=4096 --wal_dir=/users/kannan11/ssd/prefetching/appbench/apps/rocksdb/DATA/WAL_LOG --sync=0 --key_size=1000 --write_buffer_size=67108864 --num=0 --seed=1576170874 --benchmarks=readreverse --use_existing_db=1 --mmap_read=0 --threads=4"
	User time (seconds): 1.06
	System time (seconds): 15.48
	Percent of CPU this job got: 129%
	Elapsed (wall clock) time (h:mm:ss or m:ss): 0:12.82
	Average shared text size (kbytes): 0
	Average unshared data size (kbytes): 0
	Average stack size (kbytes): 0
	Average total size (kbytes): 0
	Maximum resident set size (kbytes): 13151200
	Average resident set size (kbytes): 0
	Major (requiring I/O) page faults: 85
	Minor (reclaiming a frame) page faults: 3288219
	Voluntary context switches: 11599
	Involuntary context switches: 356
	Swaps: 0
	File system inputs: 88086784
	File system outputs: 6632
	Socket messages sent: 0
	Socket messages received: 0
	Signals delivered: 0
	Page size (bytes): 4096
	Exit status: 0
DESTRUCTOR GETTING CALLED 
PRINT_GLOBAL_LIB_STATS in dest
Total nr_ra = 0
Total nr_bytes_ra = 0
[34867.448605] sh (40433): drop_caches: 3
[34867.493605] sh (40438): drop_caches: 3
[34872.528864] write_proc_unbounded: Value of write = 1
[34872.528875] write_proc_2mb_limit: Value of write = 1
[34872.528881] write_proc_bitmap_shift: Value of write = 38
[34872.536894] write_proc_unbounded: Value of write = 1
[34872.536908] write_proc_2mb_limit: Value of write = 1
[34872.536914] write_proc_bitmap_shift: Value of write = 38
[34885.098700] write_proc_unbounded: Value of write = 0
[34885.098712] write_proc_2mb_limit: Value of write = 0
[34885.358974] write_proc_unbounded: Value of write = 0
[34885.358989] write_proc_2mb_limit: Value of write = 0
