RocksDB:    version 7.6.0
Date:       Sat Oct  8 00:04:26 2022
CPU:        128 * AMD EPYC 7543 32-Core Processor
CPUCache:   512 KB
Initializing RocksDB Options from the specified file
Initializing RocksDB Options from command-line flags
Integrated BlobDB: blob cache disabled
Keys:       1000 bytes each (+ 0 bytes user-defined timestamp)
Values:     4096 bytes each (2048 bytes after compression)
Entries:    0
Prefix:    0 bytes
Keys per prefix:    0
RawSize:    0.0 MB (estimated)
FileSize:   0.0 MB (estimated)
Write rate: 0 bytes/second
Read rate: 0 ops/second
Compression: Snappy
Compression sampling rate: 0
Memtablerep: SkipListFactory
Perf Level: 1
------------------------------------------------
DB path: [/users/kannan11/ssd/prefetching/appbench/apps/rocksdb/DATA]
readreverse  :     567.000 micros/op 6493 ops/sec 0.000 seconds 1 operations;
DESTRUCTOR GETTING CALLED 
PRINT_GLOBAL_LIB_STATS in dest
Total nr_ra = 1538
Total nr_bytes_ra = 249014128
	Command being timed: "./db_bench --db=/users/kannan11/ssd/prefetching/appbench/apps/rocksdb/DATA --value_size=4096 --wal_dir=/users/kannan11/ssd/prefetching/appbench/apps/rocksdb/DATA/WAL_LOG --sync=0 --key_size=1000 --write_buffer_size=67108864 --num=0 --seed=1576170874 --benchmarks=readreverse --use_existing_db=1 --mmap_read=0 --threads=4"
	User time (seconds): 0.45
	System time (seconds): 2.43
	Percent of CPU this job got: 524%
	Elapsed (wall clock) time (h:mm:ss or m:ss): 0:00.55
	Average shared text size (kbytes): 0
	Average unshared data size (kbytes): 0
	Average stack size (kbytes): 0
	Average total size (kbytes): 0
	Maximum resident set size (kbytes): 430796
	Average resident set size (kbytes): 0
	Major (requiring I/O) page faults: 84
	Minor (reclaiming a frame) page faults: 107607
	Voluntary context switches: 4781
	Involuntary context switches: 21
	Swaps: 0
	File system inputs: 515680
	File system outputs: 6568
	Socket messages sent: 0
	Socket messages received: 0
	Signals delivered: 0
	Page size (bytes): 4096
	Exit status: 0
DESTRUCTOR GETTING CALLED 
PRINT_GLOBAL_LIB_STATS in dest
Total nr_ra = 0
Total nr_bytes_ra = 0
[34781.244631] sh (39853): drop_caches: 3
[34781.288933] sh (39858): drop_caches: 3
[34786.320591] write_proc_unbounded: Value of write = 0
[34786.320606] write_proc_2mb_limit: Value of write = 0
[34786.320611] write_proc_bitmap_shift: Value of write = 38
[34786.327751] write_proc_unbounded: Value of write = 0
[34786.327764] write_proc_2mb_limit: Value of write = 0
[34786.327769] write_proc_bitmap_shift: Value of write = 38
[34786.866752] write_proc_unbounded: Value of write = 0
[34786.866763] write_proc_2mb_limit: Value of write = 0
[34786.873236] write_proc_unbounded: Value of write = 0
[34786.873252] write_proc_2mb_limit: Value of write = 0
