RocksDB:    version 7.6.0
Date:       Sat Oct  8 00:11:56 2022
CPU:        128 * AMD EPYC 7543 32-Core Processor
CPUCache:   512 KB
Initializing RocksDB Options from the specified file
Initializing RocksDB Options from command-line flags
Integrated BlobDB: blob cache disabled
Keys:       1000 bytes each (+ 0 bytes user-defined timestamp)
Values:     4096 bytes each (2048 bytes after compression)
Entries:    0
Prefix:    0 bytes
Keys per prefix:    0
RawSize:    0.0 MB (estimated)
FileSize:   0.0 MB (estimated)
Write rate: 0 bytes/second
Read rate: 0 ops/second
Compression: Snappy
Compression sampling rate: 0
Memtablerep: SkipListFactory
Perf Level: 1
------------------------------------------------
DB path: [/users/kannan11/ssd/prefetching/appbench/apps/rocksdb/DATA]
readrandom   :       6.000 micros/op 90909 ops/sec 0.000 seconds 1 operations; (0 of 0 found)

DESTRUCTOR GETTING CALLED 
PRINT_GLOBAL_LIB_STATS in dest
Total nr_ra = 36907
Total nr_bytes_ra = 154799177728
	Command being timed: "./db_bench --db=/users/kannan11/ssd/prefetching/appbench/apps/rocksdb/DATA --value_size=4096 --wal_dir=/users/kannan11/ssd/prefetching/appbench/apps/rocksdb/DATA/WAL_LOG --sync=0 --key_size=1000 --write_buffer_size=67108864 --num=0 --seed=1576170874 --benchmarks=readrandom --use_existing_db=1 --mmap_read=0 --threads=1"
	User time (seconds): 0.90
	System time (seconds): 12.92
	Percent of CPU this job got: 125%
	Elapsed (wall clock) time (h:mm:ss or m:ss): 0:10.99
	Average shared text size (kbytes): 0
	Average unshared data size (kbytes): 0
	Average stack size (kbytes): 0
	Average total size (kbytes): 0
	Maximum resident set size (kbytes): 13150780
	Average resident set size (kbytes): 0
	Major (requiring I/O) page faults: 82
	Minor (reclaiming a frame) page faults: 3288141
	Voluntary context switches: 11467
	Involuntary context switches: 332
	Swaps: 0
	File system inputs: 74699056
	File system outputs: 6616
	Socket messages sent: 0
	Socket messages received: 0
	Signals delivered: 0
	Page size (bytes): 4096
	Exit status: 0
DESTRUCTOR GETTING CALLED 
PRINT_GLOBAL_LIB_STATS in dest
Total nr_ra = 0
Total nr_bytes_ra = 0
[35220.832786] sh (42337): drop_caches: 3
[35220.879117] sh (42342): drop_caches: 3
[35225.913456] write_proc_unbounded: Value of write = 0
[35225.913471] write_proc_2mb_limit: Value of write = 0
[35225.913476] write_proc_bitmap_shift: Value of write = 38
[35225.921346] write_proc_unbounded: Value of write = 0
[35225.921361] write_proc_2mb_limit: Value of write = 0
[35225.921366] write_proc_bitmap_shift: Value of write = 38
[35236.646569] write_proc_unbounded: Value of write = 0
[35236.646581] write_proc_2mb_limit: Value of write = 0
[35236.905950] write_proc_unbounded: Value of write = 0
[35236.905967] write_proc_2mb_limit: Value of write = 0
