ENABLE_FILE_STATS in con
ENABLE_FILE_STATS in con
RocksDB:    version 6.20
Date:       Thu Aug 11 18:19:15 2022
CPU:        48 * AMD EPYC 7402P 24-Core Processor
CPUCache:   512 KB
Initializing RocksDB Options from the specified file
Initializing RocksDB Options from command-line flags
Keys:       1000 bytes each (+ 0 bytes user-defined timestamp)
Values:     4096 bytes each (2048 bytes after compression)
Entries:    2000000
Prefix:    0 bytes
Keys per prefix:    0
RawSize:    9719.8 MB (estimated)
FileSize:   5813.6 MB (estimated)
Write rate: 0 bytes/second
Read rate: 0 ops/second
Compression: Snappy
Compression sampling rate: 0
Memtablerep: skip_list
Perf Level: 1
------------------------------------------------
DB path: [/users/kannan11/ssd/sudarsun/prefetching/appbench/apps/rocksdb/DATA]
compact      : 95622206.000 micros/op 0 ops/sec;
DESTRUCTOR GETTING CALLED 
PRINT_GLOBAL_STATS in dest
	Command being timed: "./db_bench --db=/users/kannan11/ssd/sudarsun/prefetching/appbench/apps/rocksdb/DATA --value_size=4096 --wal_dir=/users/kannan11/ssd/sudarsun/prefetching/appbench/apps/rocksdb/DATA/WAL_LOG --sync=0 --key_size=1000 --write_buffer_size=67108864 --num=2000000 --benchmarks=compact --use_existing_db=1 --mmap_read=0 --threads=4"
	User time (seconds): 17.20
	System time (seconds): 7.84
	Percent of CPU this job got: 103%
	Elapsed (wall clock) time (h:mm:ss or m:ss): 0:24.21
	Average shared text size (kbytes): 0
	Average unshared data size (kbytes): 0
	Average stack size (kbytes): 0
	Average total size (kbytes): 0
	Maximum resident set size (kbytes): 4818668
	Average resident set size (kbytes): 0
	Major (requiring I/O) page faults: 77
	Minor (reclaiming a frame) page faults: 1271226
	Voluntary context switches: 80462
	Involuntary context switches: 41
	Swaps: 0
	File system inputs: 9785536
	File system outputs: 9078320
	Socket messages sent: 0
	Socket messages received: 0
	Signals delivered: 0
	Page size (bytes): 4096
	Exit status: 0
DESTRUCTOR GETTING CALLED 
PRINT_GLOBAL_STATS in dest
[ 3606.414428] free_cross_bitmap: releasing mem for inode with i_count 2
[ 3606.427288] free_cross_bitmap: releasing mem for inode with i_count 2
[ 3606.440104] free_cross_bitmap: releasing mem for inode with i_count 2
[ 3606.452850] free_cross_bitmap: releasing mem for inode with i_count 2
[ 3606.466208] free_cross_bitmap: releasing mem for inode with i_count 2
[ 3606.477174] free_cross_bitmap: releasing mem for inode with i_count 2
[ 3606.488453] free_cross_bitmap: releasing mem for inode with i_count 2
[ 3606.499348] free_cross_bitmap: releasing mem for inode with i_count 2
[ 3606.510233] free_cross_bitmap: releasing mem for inode with i_count 2
[ 3606.521271] free_cross_bitmap: releasing mem for inode with i_count 2
[ 3606.532234] free_cross_bitmap: releasing mem for inode with i_count 2
[ 3606.543258] free_cross_bitmap: releasing mem for inode with i_count 2
[ 3606.554664] free_cross_bitmap: releasing mem for inode with i_count 2
[ 3606.565553] free_cross_bitmap: releasing mem for inode with i_count 2
[ 3606.576392] free_cross_bitmap: releasing mem for inode with i_count 2
[ 3606.587158] free_cross_bitmap: releasing mem for inode with i_count 2
[ 3606.597944] free_cross_bitmap: releasing mem for inode with i_count 2
[ 3606.608689] free_cross_bitmap: releasing mem for inode with i_count 2
[ 3606.619801] free_cross_bitmap: releasing mem for inode with i_count 2
[ 3606.631190] free_cross_bitmap: releasing mem for inode with i_count 2
[ 3606.642423] free_cross_bitmap: releasing mem for inode with i_count 2
[ 3606.653250] free_cross_bitmap: releasing mem for inode with i_count 2
[ 3606.663998] free_cross_bitmap: releasing mem for inode with i_count 2
[ 3606.674754] free_cross_bitmap: releasing mem for inode with i_count 2
[ 3606.685894] free_cross_bitmap: releasing mem for inode with i_count 2
[ 3606.696638] free_cross_bitmap: releasing mem for inode with i_count 2
[ 3606.707384] free_cross_bitmap: releasing mem for inode with i_count 2
[ 3606.718194] free_cross_bitmap: releasing mem for inode with i_count 2
[ 3606.728910] free_cross_bitmap: releasing mem for inode with i_count 2
[ 3606.739704] free_cross_bitmap: releasing mem for inode with i_count 2
[ 3606.750825] free_cross_bitmap: releasing mem for inode with i_count 2
[ 3606.761475] free_cross_bitmap: releasing mem for inode with i_count 2
[ 3606.772171] free_cross_bitmap: releasing mem for inode with i_count 2
[ 3606.782900] free_cross_bitmap: releasing mem for inode with i_count 2
[ 3606.793569] free_cross_bitmap: releasing mem for inode with i_count 2
[ 3606.804328] free_cross_bitmap: releasing mem for inode with i_count 2
[ 3606.815491] free_cross_bitmap: releasing mem for inode with i_count 2
[ 3606.826147] free_cross_bitmap: releasing mem for inode with i_count 2
[ 3606.836792] free_cross_bitmap: releasing mem for inode with i_count 2
[ 3606.847503] free_cross_bitmap: releasing mem for inode with i_count 2
[ 3606.858150] free_cross_bitmap: releasing mem for inode with i_count 2
[ 3606.868797] free_cross_bitmap: releasing mem for inode with i_count 2
[ 3606.879922] free_cross_bitmap: releasing mem for inode with i_count 2
[ 3606.891094] free_cross_bitmap: releasing mem for inode with i_count 2
[ 3606.901780] free_cross_bitmap: releasing mem for inode with i_count 2
[ 3606.912451] free_cross_bitmap: releasing mem for inode with i_count 2
[ 3606.923065] free_cross_bitmap: releasing mem for inode with i_count 2
[ 3606.933763] free_cross_bitmap: releasing mem for inode with i_count 2
[ 3606.944948] free_cross_bitmap: releasing mem for inode with i_count 2
[ 3606.955685] free_cross_bitmap: releasing mem for inode with i_count 2
[ 3606.966374] free_cross_bitmap: releasing mem for inode with i_count 2
[ 3606.977016] free_cross_bitmap: releasing mem for inode with i_count 2
[ 3606.987739] free_cross_bitmap: releasing mem for inode with i_count 2
[ 3606.998377] free_cross_bitmap: releasing mem for inode with i_count 2
[ 3607.009502] free_cross_bitmap: releasing mem for inode with i_count 2
[ 3607.020252] free_cross_bitmap: releasing mem for inode with i_count 2
[ 3607.031491] free_cross_bitmap: releasing mem for inode with i_count 2
[ 3607.042132] free_cross_bitmap: releasing mem for inode with i_count 2
[ 3607.052805] free_cross_bitmap: releasing mem for inode with i_count 2
[ 3607.063547] free_cross_bitmap: releasing mem for inode with i_count 2
[ 3607.074577] free_cross_bitmap: releasing mem for inode with i_count 2
[ 3607.085297] free_cross_bitmap: releasing mem for inode with i_count 2
[ 3607.095956] free_cross_bitmap: releasing mem for inode with i_count 2
[ 3607.106702] free_cross_bitmap: releasing mem for inode with i_count 2
[ 3607.117433] free_cross_bitmap: releasing mem for inode with i_count 2
[ 3607.128099] free_cross_bitmap: releasing mem for inode with i_count 2
[ 3607.139470] free_cross_bitmap: releasing mem for inode with i_count 2
[ 3607.150269] free_cross_bitmap: releasing mem for inode with i_count 2
[ 3607.161334] free_cross_bitmap: releasing mem for inode with i_count 2
[ 3607.172219] free_cross_bitmap: releasing mem for inode with i_count 2
[ 3607.183442] free_cross_bitmap: releasing mem for inode with i_count 2
[ 3607.194986] free_cross_bitmap: releasing mem for inode with i_count 2
[ 3607.206262] free_cross_bitmap: releasing mem for inode with i_count 2
[ 3607.216738] free_cross_bitmap: releasing mem for inode with i_count 2
[ 3607.224553] free_cross_bitmap: releasing mem for inode with i_count 2
[ 3607.232502] sh (21781): drop_caches: 3
[ 3607.263617] sh (21861): drop_caches: 3
[ 3612.288035] Enabled file stats for time:21868
[ 3612.288267] write_proc: Value of write = 1
[ 3612.293749] Enabled file stats for db_bench:21877
[ 3612.293962] write_proc: Value of write = 1
[ 3612.348157] alloc_cross_bitmap: preallocate 268435456 pg, nr_longs=4194304 in 16 millisec
[ 3612.348360] alloc_cross_bitmap: preallocate 268435456 pg, nr_longs=4194304 in 16 millisec
[ 3612.348398] alloc_cross_bitmap: preallocate 268435456 pg, nr_longs=4194304 in 16 millisec
[ 3612.348913] alloc_cross_bitmap: preallocate 268435456 pg, nr_longs=4194304 in 16 millisec
[ 3612.349203] alloc_cross_bitmap: preallocate 268435456 pg, nr_longs=4194304 in 16 millisec
[ 3612.349396] alloc_cross_bitmap: preallocate 268435456 pg, nr_longs=4194304 in 16 millisec
[ 3612.349446] alloc_cross_bitmap: preallocate 268435456 pg, nr_longs=4194304 in 16 millisec
[ 3612.349825] alloc_cross_bitmap: preallocate 268435456 pg, nr_longs=4194304 in 16 millisec
[ 3612.350007] alloc_cross_bitmap: preallocate 268435456 pg, nr_longs=4194304 in 16 millisec
[ 3612.350166] alloc_cross_bitmap: preallocate 268435456 pg, nr_longs=4194304 in 16 millisec
[ 3612.350648] alloc_cross_bitmap: preallocate 268435456 pg, nr_longs=4194304 in 16 millisec
[ 3612.350648] alloc_cross_bitmap: preallocate 268435456 pg, nr_longs=4194304 in 16 millisec
[ 3612.350676] alloc_cross_bitmap: preallocate 268435456 pg, nr_longs=4194304 in 16 millisec
[ 3612.351375] alloc_cross_bitmap: preallocate 268435456 pg, nr_longs=4194304 in 16 millisec
[ 3612.351613] alloc_cross_bitmap: preallocate 268435456 pg, nr_longs=4194304 in 16 millisec
[ 3612.351779] alloc_cross_bitmap: preallocate 268435456 pg, nr_longs=4194304 in 16 millisec
[ 3612.379948] alloc_cross_bitmap: preallocate 268435456 pg, nr_longs=4194304 in 4 millisec
[ 3612.381355] alloc_cross_bitmap: preallocate 268435456 pg, nr_longs=4194304 in 8 millisec
[ 3612.382174] alloc_cross_bitmap: preallocate 268435456 pg, nr_longs=4194304 in 8 millisec
[ 3612.383008] alloc_cross_bitmap: preallocate 268435456 pg, nr_longs=4194304 in 4 millisec
[ 3612.385445] alloc_cross_bitmap: preallocate 268435456 pg, nr_longs=4194304 in 8 millisec
[ 3612.386945] alloc_cross_bitmap: preallocate 268435456 pg, nr_longs=4194304 in 8 millisec
[ 3612.387375] alloc_cross_bitmap: preallocate 268435456 pg, nr_longs=4194304 in 8 millisec
[ 3612.388760] alloc_cross_bitmap: preallocate 268435456 pg, nr_longs=4194304 in 12 millisec
[ 3612.388899] alloc_cross_bitmap: preallocate 268435456 pg, nr_longs=4194304 in 12 millisec
[ 3612.388975] alloc_cross_bitmap: preallocate 268435456 pg, nr_longs=4194304 in 12 millisec
[ 3612.388991] alloc_cross_bitmap: preallocate 268435456 pg, nr_longs=4194304 in 12 millisec
[ 3612.389269] alloc_cross_bitmap: preallocate 268435456 pg, nr_longs=4194304 in 12 millisec
[ 3612.389306] alloc_cross_bitmap: preallocate 268435456 pg, nr_longs=4194304 in 12 millisec
[ 3612.391044] alloc_cross_bitmap: preallocate 268435456 pg, nr_longs=4194304 in 12 millisec
[ 3612.391083] alloc_cross_bitmap: preallocate 268435456 pg, nr_longs=4194304 in 12 millisec
[ 3612.391182] alloc_cross_bitmap: preallocate 268435456 pg, nr_longs=4194304 in 12 millisec
[ 3612.403526] alloc_cross_bitmap: preallocate 268435456 pg, nr_longs=4194304 in 4 millisec
[ 3612.405069] alloc_cross_bitmap: preallocate 268435456 pg, nr_longs=4194304 in 4 millisec
[ 3612.407718] alloc_cross_bitmap: preallocate 268435456 pg, nr_longs=4194304 in 0 millisec
[ 3612.414409] alloc_cross_bitmap: preallocate 268435456 pg, nr_longs=4194304 in 4 millisec
[ 3612.415749] alloc_cross_bitmap: preallocate 268435456 pg, nr_longs=4194304 in 0 millisec
[ 3612.417416] alloc_cross_bitmap: preallocate 268435456 pg, nr_longs=4194304 in 4 millisec
[ 3612.420429] alloc_cross_bitmap: preallocate 268435456 pg, nr_longs=4194304 in 8 millisec
[ 3612.422031] alloc_cross_bitmap: preallocate 268435456 pg, nr_longs=4194304 in 8 millisec
[ 3612.423565] alloc_cross_bitmap: preallocate 268435456 pg, nr_longs=4194304 in 4 millisec
[ 3612.424025] alloc_cross_bitmap: preallocate 268435456 pg, nr_longs=4194304 in 4 millisec
[ 3612.425050] alloc_cross_bitmap: preallocate 268435456 pg, nr_longs=4194304 in 8 millisec
[ 3612.425577] alloc_cross_bitmap: preallocate 268435456 pg, nr_longs=4194304 in 8 millisec
[ 3612.425723] alloc_cross_bitmap: preallocate 268435456 pg, nr_longs=4194304 in 8 millisec
[ 3612.426632] alloc_cross_bitmap: preallocate 268435456 pg, nr_longs=4194304 in 8 millisec
[ 3612.426761] alloc_cross_bitmap: preallocate 268435456 pg, nr_longs=4194304 in 8 millisec
[ 3612.426763] alloc_cross_bitmap: preallocate 268435456 pg, nr_longs=4194304 in 8 millisec
[ 3612.429240] alloc_cross_bitmap: preallocate 268435456 pg, nr_longs=4194304 in 4 millisec
[ 3612.429641] alloc_cross_bitmap: preallocate 268435456 pg, nr_longs=4194304 in 4 millisec
[ 3612.431210] alloc_cross_bitmap: preallocate 268435456 pg, nr_longs=4194304 in 4 millisec
[ 3612.434660] alloc_cross_bitmap: preallocate 268435456 pg, nr_longs=4194304 in 4 millisec
[ 3612.434836] alloc_cross_bitmap: preallocate 268435456 pg, nr_longs=4194304 in 4 millisec
[ 3612.435696] alloc_cross_bitmap: preallocate 268435456 pg, nr_longs=4194304 in 0 millisec
[ 3612.437108] alloc_cross_bitmap: preallocate 268435456 pg, nr_longs=4194304 in 4 millisec
[ 3612.476802] alloc_cross_bitmap: preallocate 268435456 pg, nr_longs=4194304 in 12 millisec
[ 3612.476855] alloc_cross_bitmap: preallocate 268435456 pg, nr_longs=4194304 in 12 millisec
[ 3612.477717] alloc_cross_bitmap: preallocate 268435456 pg, nr_longs=4194304 in 12 millisec
[ 3612.477856] alloc_cross_bitmap: preallocate 268435456 pg, nr_longs=4194304 in 12 millisec
[ 3612.477861] alloc_cross_bitmap: preallocate 268435456 pg, nr_longs=4194304 in 12 millisec
[ 3612.477887] alloc_cross_bitmap: preallocate 268435456 pg, nr_longs=4194304 in 12 millisec
[ 3612.477898] alloc_cross_bitmap: preallocate 268435456 pg, nr_longs=4194304 in 12 millisec
[ 3612.477938] alloc_cross_bitmap: preallocate 268435456 pg, nr_longs=4194304 in 12 millisec
[ 3612.478669] alloc_cross_bitmap: preallocate 268435456 pg, nr_longs=4194304 in 12 millisec
[ 3612.478682] alloc_cross_bitmap: preallocate 268435456 pg, nr_longs=4194304 in 12 millisec
[ 3612.478721] alloc_cross_bitmap: preallocate 268435456 pg, nr_longs=4194304 in 12 millisec
[ 3612.478963] alloc_cross_bitmap: preallocate 268435456 pg, nr_longs=4194304 in 12 millisec
[ 3612.497251] alloc_cross_bitmap: preallocate 268435456 pg, nr_longs=4194304 in 4 millisec
[ 3612.497416] alloc_cross_bitmap: preallocate 268435456 pg, nr_longs=4194304 in 4 millisec
[ 3612.499365] alloc_cross_bitmap: preallocate 268435456 pg, nr_longs=4194304 in 4 millisec
[ 3612.499639] alloc_cross_bitmap: preallocate 268435456 pg, nr_longs=4194304 in 4 millisec
[ 3612.499863] alloc_cross_bitmap: preallocate 268435456 pg, nr_longs=4194304 in 4 millisec
[ 3612.499886] alloc_cross_bitmap: preallocate 268435456 pg, nr_longs=4194304 in 4 millisec
[ 3612.499969] alloc_cross_bitmap: preallocate 268435456 pg, nr_longs=4194304 in 4 millisec
[ 3612.510188] alloc_cross_bitmap: preallocate 268435456 pg, nr_longs=4194304 in 4 millisec
[ 3635.114858] alloc_cross_bitmap: preallocate 268435456 pg, nr_longs=4194304 in 4 millisec
[ 3635.125305] alloc_cross_bitmap: preallocate 268435456 pg, nr_longs=4194304 in 4 millisec
[ 3635.135614] alloc_cross_bitmap: preallocate 268435456 pg, nr_longs=4194304 in 0 millisec
[ 3635.146068] alloc_cross_bitmap: preallocate 268435456 pg, nr_longs=4194304 in 4 millisec
[ 3635.156380] alloc_cross_bitmap: preallocate 268435456 pg, nr_longs=4194304 in 4 millisec
[ 3635.166506] alloc_cross_bitmap: preallocate 268435456 pg, nr_longs=4194304 in 4 millisec
[ 3635.176754] alloc_cross_bitmap: preallocate 268435456 pg, nr_longs=4194304 in 4 millisec
[ 3635.186839] alloc_cross_bitmap: preallocate 268435456 pg, nr_longs=4194304 in 4 millisec
[ 3635.197079] alloc_cross_bitmap: preallocate 268435456 pg, nr_longs=4194304 in 4 millisec
[ 3635.207137] alloc_cross_bitmap: preallocate 268435456 pg, nr_longs=4194304 in 0 millisec
[ 3635.217193] alloc_cross_bitmap: preallocate 268435456 pg, nr_longs=4194304 in 4 millisec
[ 3635.227385] alloc_cross_bitmap: preallocate 268435456 pg, nr_longs=4194304 in 0 millisec
[ 3635.237768] alloc_cross_bitmap: preallocate 268435456 pg, nr_longs=4194304 in 4 millisec
[ 3635.248195] alloc_cross_bitmap: preallocate 268435456 pg, nr_longs=4194304 in 4 millisec
[ 3635.258632] alloc_cross_bitmap: preallocate 268435456 pg, nr_longs=4194304 in 4 millisec
[ 3635.268902] alloc_cross_bitmap: preallocate 268435456 pg, nr_longs=4194304 in 4 millisec
[ 3635.279082] alloc_cross_bitmap: preallocate 268435456 pg, nr_longs=4194304 in 4 millisec
[ 3635.289275] alloc_cross_bitmap: preallocate 268435456 pg, nr_longs=4194304 in 4 millisec
[ 3635.299566] alloc_cross_bitmap: preallocate 268435456 pg, nr_longs=4194304 in 0 millisec
[ 3635.309721] alloc_cross_bitmap: preallocate 268435456 pg, nr_longs=4194304 in 4 millisec
[ 3635.319922] alloc_cross_bitmap: preallocate 268435456 pg, nr_longs=4194304 in 0 millisec
[ 3635.330172] alloc_cross_bitmap: preallocate 268435456 pg, nr_longs=4194304 in 4 millisec
[ 3635.340327] alloc_cross_bitmap: preallocate 268435456 pg, nr_longs=4194304 in 4 millisec
[ 3635.350590] alloc_cross_bitmap: preallocate 268435456 pg, nr_longs=4194304 in 4 millisec
[ 3635.360940] alloc_cross_bitmap: preallocate 268435456 pg, nr_longs=4194304 in 4 millisec
[ 3635.371292] alloc_cross_bitmap: preallocate 268435456 pg, nr_longs=4194304 in 0 millisec
[ 3635.381665] alloc_cross_bitmap: preallocate 268435456 pg, nr_longs=4194304 in 4 millisec
[ 3635.391860] alloc_cross_bitmap: preallocate 268435456 pg, nr_longs=4194304 in 0 millisec
[ 3635.401991] alloc_cross_bitmap: preallocate 268435456 pg, nr_longs=4194304 in 4 millisec
[ 3635.412141] alloc_cross_bitmap: preallocate 268435456 pg, nr_longs=4194304 in 4 millisec
[ 3635.422328] alloc_cross_bitmap: preallocate 268435456 pg, nr_longs=4194304 in 4 millisec
[ 3635.432577] alloc_cross_bitmap: preallocate 268435456 pg, nr_longs=4194304 in 4 millisec
[ 3635.442693] alloc_cross_bitmap: preallocate 268435456 pg, nr_longs=4194304 in 4 millisec
[ 3635.452937] alloc_cross_bitmap: preallocate 268435456 pg, nr_longs=4194304 in 4 millisec
[ 3635.463232] alloc_cross_bitmap: preallocate 268435456 pg, nr_longs=4194304 in 0 millisec
[ 3635.473300] alloc_cross_bitmap: preallocate 268435456 pg, nr_longs=4194304 in 4 millisec
[ 3635.483633] alloc_cross_bitmap: preallocate 268435456 pg, nr_longs=4194304 in 0 millisec
[ 3635.494106] alloc_cross_bitmap: preallocate 268435456 pg, nr_longs=4194304 in 4 millisec
[ 3635.504460] alloc_cross_bitmap: preallocate 268435456 pg, nr_longs=4194304 in 4 millisec
[ 3635.514608] alloc_cross_bitmap: preallocate 268435456 pg, nr_longs=4194304 in 4 millisec
[ 3635.524658] alloc_cross_bitmap: preallocate 268435456 pg, nr_longs=4194304 in 4 millisec
[ 3635.534770] alloc_cross_bitmap: preallocate 268435456 pg, nr_longs=4194304 in 4 millisec
[ 3635.557811] alloc_cross_bitmap: preallocate 268435456 pg, nr_longs=4194304 in 4 millisec
[ 3635.568037] alloc_cross_bitmap: preallocate 268435456 pg, nr_longs=4194304 in 0 millisec
[ 3635.578220] alloc_cross_bitmap: preallocate 268435456 pg, nr_longs=4194304 in 4 millisec
[ 3635.588464] alloc_cross_bitmap: preallocate 268435456 pg, nr_longs=4194304 in 4 millisec
[ 3635.598815] alloc_cross_bitmap: preallocate 268435456 pg, nr_longs=4194304 in 4 millisec
[ 3635.609267] alloc_cross_bitmap: preallocate 268435456 pg, nr_longs=4194304 in 4 millisec
[ 3635.619562] alloc_cross_bitmap: preallocate 268435456 pg, nr_longs=4194304 in 0 millisec
[ 3635.629654] alloc_cross_bitmap: preallocate 268435456 pg, nr_longs=4194304 in 4 millisec
[ 3635.639817] alloc_cross_bitmap: preallocate 268435456 pg, nr_longs=4194304 in 0 millisec
[ 3635.650039] alloc_cross_bitmap: preallocate 268435456 pg, nr_longs=4194304 in 4 millisec
[ 3635.660259] alloc_cross_bitmap: preallocate 268435456 pg, nr_longs=4194304 in 4 millisec
[ 3635.670328] alloc_cross_bitmap: preallocate 268435456 pg, nr_longs=4194304 in 4 millisec
[ 3635.680486] alloc_cross_bitmap: preallocate 268435456 pg, nr_longs=4194304 in 4 millisec
[ 3635.690767] alloc_cross_bitmap: preallocate 268435456 pg, nr_longs=4194304 in 4 millisec
[ 3635.700950] alloc_cross_bitmap: preallocate 268435456 pg, nr_longs=4194304 in 4 millisec
[ 3635.711300] alloc_cross_bitmap: preallocate 268435456 pg, nr_longs=4194304 in 4 millisec
[ 3635.721589] alloc_cross_bitmap: preallocate 268435456 pg, nr_longs=4194304 in 4 millisec
[ 3635.731837] alloc_cross_bitmap: preallocate 268435456 pg, nr_longs=4194304 in 0 millisec
[ 3635.742060] alloc_cross_bitmap: preallocate 268435456 pg, nr_longs=4194304 in 4 millisec
[ 3635.752356] alloc_cross_bitmap: preallocate 268435456 pg, nr_longs=4194304 in 4 millisec
[ 3635.762563] alloc_cross_bitmap: preallocate 268435456 pg, nr_longs=4194304 in 4 millisec
[ 3635.772725] alloc_cross_bitmap: preallocate 268435456 pg, nr_longs=4194304 in 4 millisec
[ 3635.782993] alloc_cross_bitmap: preallocate 268435456 pg, nr_longs=4194304 in 4 millisec
[ 3635.793252] alloc_cross_bitmap: preallocate 268435456 pg, nr_longs=4194304 in 4 millisec
[ 3635.803422] alloc_cross_bitmap: preallocate 268435456 pg, nr_longs=4194304 in 0 millisec
[ 3635.813485] alloc_cross_bitmap: preallocate 268435456 pg, nr_longs=4194304 in 4 millisec
[ 3635.823775] alloc_cross_bitmap: preallocate 268435456 pg, nr_longs=4194304 in 0 millisec
[ 3635.827000] free_cross_bitmap: releasing mem for inode with i_count 2
[ 3635.835433] free_cross_bitmap: releasing mem for inode with i_count 2
[ 3635.843897] free_cross_bitmap: releasing mem for inode with i_count 2
[ 3635.852624] free_cross_bitmap: releasing mem for inode with i_count 2
[ 3635.861059] free_cross_bitmap: releasing mem for inode with i_count 2
[ 3635.869391] free_cross_bitmap: releasing mem for inode with i_count 2
[ 3635.877946] free_cross_bitmap: releasing mem for inode with i_count 2
[ 3635.886191] free_cross_bitmap: releasing mem for inode with i_count 2
[ 3635.894470] free_cross_bitmap: releasing mem for inode with i_count 2
[ 3635.903389] free_cross_bitmap: releasing mem for inode with i_count 2
[ 3635.911733] free_cross_bitmap: releasing mem for inode with i_count 2
[ 3635.920083] free_cross_bitmap: releasing mem for inode with i_count 2
[ 3635.928410] free_cross_bitmap: releasing mem for inode with i_count 2
[ 3635.936697] free_cross_bitmap: releasing mem for inode with i_count 2
[ 3635.944942] free_cross_bitmap: releasing mem for inode with i_count 2
[ 3635.953356] free_cross_bitmap: releasing mem for inode with i_count 2
[ 3635.961424] free_cross_bitmap: releasing mem for inode with i_count 2
[ 3635.969519] free_cross_bitmap: releasing mem for inode with i_count 2
[ 3635.977618] free_cross_bitmap: releasing mem for inode with i_count 2
[ 3635.985690] free_cross_bitmap: releasing mem for inode with i_count 2
[ 3635.993758] free_cross_bitmap: releasing mem for inode with i_count 2
[ 3636.002124] free_cross_bitmap: releasing mem for inode with i_count 2
[ 3636.010201] free_cross_bitmap: releasing mem for inode with i_count 2
[ 3636.018258] free_cross_bitmap: releasing mem for inode with i_count 2
[ 3636.026286] free_cross_bitmap: releasing mem for inode with i_count 2
[ 3636.034356] free_cross_bitmap: releasing mem for inode with i_count 2
[ 3636.042401] free_cross_bitmap: releasing mem for inode with i_count 2
[ 3636.050865] free_cross_bitmap: releasing mem for inode with i_count 2
[ 3636.058887] free_cross_bitmap: releasing mem for inode with i_count 2
[ 3636.066947] free_cross_bitmap: releasing mem for inode with i_count 2
[ 3636.074973] free_cross_bitmap: releasing mem for inode with i_count 2
[ 3636.082949] free_cross_bitmap: releasing mem for inode with i_count 2
[ 3636.090923] free_cross_bitmap: releasing mem for inode with i_count 2
[ 3636.099334] free_cross_bitmap: releasing mem for inode with i_count 2
[ 3636.107340] free_cross_bitmap: releasing mem for inode with i_count 2
[ 3636.115315] free_cross_bitmap: releasing mem for inode with i_count 2
[ 3636.123269] free_cross_bitmap: releasing mem for inode with i_count 2
[ 3636.131276] free_cross_bitmap: releasing mem for inode with i_count 2
[ 3636.139256] free_cross_bitmap: releasing mem for inode with i_count 2
[ 3636.147618] free_cross_bitmap: releasing mem for inode with i_count 2
[ 3636.155579] free_cross_bitmap: releasing mem for inode with i_count 2
[ 3636.163548] free_cross_bitmap: releasing mem for inode with i_count 2
[ 3636.171526] free_cross_bitmap: releasing mem for inode with i_count 2
[ 3636.179536] free_cross_bitmap: releasing mem for inode with i_count 2
[ 3636.187505] free_cross_bitmap: releasing mem for inode with i_count 2
[ 3636.195834] free_cross_bitmap: releasing mem for inode with i_count 2
[ 3636.203802] free_cross_bitmap: releasing mem for inode with i_count 2
[ 3636.211821] free_cross_bitmap: releasing mem for inode with i_count 2
[ 3636.219860] free_cross_bitmap: releasing mem for inode with i_count 2
[ 3636.227907] free_cross_bitmap: releasing mem for inode with i_count 2
[ 3636.235930] free_cross_bitmap: releasing mem for inode with i_count 2
[ 3636.244497] free_cross_bitmap: releasing mem for inode with i_count 2
[ 3636.252499] free_cross_bitmap: releasing mem for inode with i_count 2
[ 3636.260497] free_cross_bitmap: releasing mem for inode with i_count 2
[ 3636.268469] free_cross_bitmap: releasing mem for inode with i_count 2
[ 3636.276464] free_cross_bitmap: releasing mem for inode with i_count 2
[ 3636.284507] free_cross_bitmap: releasing mem for inode with i_count 2
[ 3636.292958] free_cross_bitmap: releasing mem for inode with i_count 2
[ 3636.301026] free_cross_bitmap: releasing mem for inode with i_count 2
[ 3636.309113] free_cross_bitmap: releasing mem for inode with i_count 2
[ 3636.317180] free_cross_bitmap: releasing mem for inode with i_count 2
[ 3636.325211] free_cross_bitmap: releasing mem for inode with i_count 2
[ 3636.333295] free_cross_bitmap: releasing mem for inode with i_count 2
[ 3636.341749] free_cross_bitmap: releasing mem for inode with i_count 2
[ 3636.349741] free_cross_bitmap: releasing mem for inode with i_count 2
[ 3636.357731] free_cross_bitmap: releasing mem for inode with i_count 2
[ 3636.365732] free_cross_bitmap: releasing mem for inode with i_count 2
[ 3636.373702] free_cross_bitmap: releasing mem for inode with i_count 2
[ 3636.381683] free_cross_bitmap: releasing mem for inode with i_count 2
[ 3636.389961] free_cross_bitmap: releasing mem for inode with i_count 2
[ 3636.397972] free_cross_bitmap: releasing mem for inode with i_count 2
[ 3636.405939] free_cross_bitmap: releasing mem for inode with i_count 2
[ 3636.413931] free_cross_bitmap: releasing mem for inode with i_count 2
[ 3636.422239] free_cross_bitmap: releasing mem for inode with i_count 2
[ 3636.430789] free_cross_bitmap: releasing mem for inode with i_count 2
[ 3636.505784] write_proc: Value of write = 0
[ 3636.505803] __do_sys_start_cross_trace: PRINT_GLOBAL_STATS 
[ 3636.505804] Final GlobalReport: nr_pages_read:3044688700, nr_pages_hit:2970241789, nr_do_read_fault:684910, nr_pages_miss:20761626
[ 3636.505859] FinalTaskReport: db_bench:21877 - ra_orig_nr_pages:0, ra_final_nr_pages:0
                                        async_pages:1052, final_async_pages:1670
                                        full_pfetches:0, less256_pfetches:0, partial_pfetches:0
                                        failed_pfetches:0, total_pfetches:0, os_pfetches:75
                                        nr_pages_read:1016, nr_pages_hit:499, nr_do_read_fault:166
[ 3636.509424] write_proc: Value of write = 0
[ 3636.509439] __do_sys_start_cross_trace: PRINT_GLOBAL_STATS 
[ 3636.509440] Final GlobalReport: nr_pages_read:3044688700, nr_pages_hit:2970241789, nr_do_read_fault:684916, nr_pages_miss:20761626
[ 3636.509483] FinalTaskReport: time:21868 - ra_orig_nr_pages:0, ra_final_nr_pages:0
                                        async_pages:0, final_async_pages:51
                                        full_pfetches:0, less256_pfetches:0, partial_pfetches:0
                                        failed_pfetches:0, total_pfetches:0, os_pfetches:3
                                        nr_pages_read:0, nr_pages_hit:0, nr_do_read_fault:19
