ENABLE_FILE_STATS in con
ENABLE_FILE_STATS in con
RocksDB:    version 6.20
Date:       Wed Aug 10 17:36:45 2022
CPU:        48 * AMD EPYC 7402P 24-Core Processor
CPUCache:   512 KB
Initializing RocksDB Options from the specified file
Initializing RocksDB Options from command-line flags
Keys:       1000 bytes each (+ 0 bytes user-defined timestamp)
Values:     4096 bytes each (2048 bytes after compression)
Entries:    2000000
Prefix:    0 bytes
Keys per prefix:    0
RawSize:    9719.8 MB (estimated)
FileSize:   5813.6 MB (estimated)
Write rate: 0 bytes/second
Read rate: 0 ops/second
Compression: Snappy
Compression sampling rate: 0
Memtablerep: skip_list
Perf Level: 1
------------------------------------------------
DB path: [/users/kannan11/ssd/sudarsun/prefetching/appbench/apps/rocksdb/DATA]
compact      : 162595130.000 micros/op 0 ops/sec;
DESTRUCTOR GETTING CALLED 
PRINT_GLOBAL_STATS in dest
	Command being timed: "./db_bench --db=/users/kannan11/ssd/sudarsun/prefetching/appbench/apps/rocksdb/DATA --value_size=4096 --wal_dir=/users/kannan11/ssd/sudarsun/prefetching/appbench/apps/rocksdb/DATA/WAL_LOG --sync=0 --key_size=1000 --write_buffer_size=67108864 --num=2000000 --benchmarks=compact --use_existing_db=1 --mmap_read=0 --threads=4"
	User time (seconds): 28.61
	System time (seconds): 13.08
	Percent of CPU this job got: 101%
	Elapsed (wall clock) time (h:mm:ss or m:ss): 0:41.06
	Average shared text size (kbytes): 0
	Average unshared data size (kbytes): 0
	Average stack size (kbytes): 0
	Average total size (kbytes): 0
	Maximum resident set size (kbytes): 5255648
	Average resident set size (kbytes): 0
	Major (requiring I/O) page faults: 77
	Minor (reclaiming a frame) page faults: 1906639
	Voluntary context switches: 124190
	Involuntary context switches: 78
	Swaps: 0
	File system inputs: 14457560
	File system outputs: 13637360
	Socket messages sent: 0
	Socket messages received: 0
	Signals delivered: 0
	Page size (bytes): 4096
	Exit status: 0
DESTRUCTOR GETTING CALLED 
PRINT_GLOBAL_STATS in dest
[ 5888.246586] free_cross_bitmap: releasing mem for inode with i_count 2
[ 5888.257577] free_cross_bitmap: releasing mem for inode with i_count 2
[ 5888.268489] free_cross_bitmap: releasing mem for inode with i_count 2
[ 5888.279560] free_cross_bitmap: releasing mem for inode with i_count 2
[ 5888.286485] free_cross_bitmap: releasing mem for inode with i_count 2
[ 5888.301095] free_cross_bitmap: releasing mem for inode with i_count 2
[ 5888.311870] free_cross_bitmap: releasing mem for inode with i_count 2
[ 5888.323236] free_cross_bitmap: releasing mem for inode with i_count 2
[ 5888.334119] free_cross_bitmap: releasing mem for inode with i_count 2
[ 5888.344839] free_cross_bitmap: releasing mem for inode with i_count 2
[ 5888.355629] free_cross_bitmap: releasing mem for inode with i_count 2
[ 5888.366529] free_cross_bitmap: releasing mem for inode with i_count 2
[ 5888.377193] free_cross_bitmap: releasing mem for inode with i_count 2
[ 5888.388010] free_cross_bitmap: releasing mem for inode with i_count 2
[ 5888.398762] free_cross_bitmap: releasing mem for inode with i_count 2
[ 5888.409498] free_cross_bitmap: releasing mem for inode with i_count 2
[ 5888.420279] free_cross_bitmap: releasing mem for inode with i_count 2
[ 5888.431236] free_cross_bitmap: releasing mem for inode with i_count 2
[ 5888.442237] free_cross_bitmap: releasing mem for inode with i_count 2
[ 5888.453641] free_cross_bitmap: releasing mem for inode with i_count 2
[ 5888.465588] free_cross_bitmap: releasing mem for inode with i_count 2
[ 5888.477218] free_cross_bitmap: releasing mem for inode with i_count 2
[ 5888.487934] free_cross_bitmap: releasing mem for inode with i_count 2
[ 5888.498745] free_cross_bitmap: releasing mem for inode with i_count 2
[ 5888.509591] free_cross_bitmap: releasing mem for inode with i_count 2
[ 5888.520429] free_cross_bitmap: releasing mem for inode with i_count 2
[ 5888.531097] free_cross_bitmap: releasing mem for inode with i_count 2
[ 5888.541884] free_cross_bitmap: releasing mem for inode with i_count 2
[ 5888.552556] free_cross_bitmap: releasing mem for inode with i_count 2
[ 5888.562872] free_cross_bitmap: releasing mem for inode with i_count 2
[ 5888.573852] free_cross_bitmap: releasing mem for inode with i_count 2
[ 5888.584894] free_cross_bitmap: releasing mem for inode with i_count 2
[ 5888.595956] free_cross_bitmap: releasing mem for inode with i_count 2
[ 5888.606686] free_cross_bitmap: releasing mem for inode with i_count 2
[ 5888.617426] free_cross_bitmap: releasing mem for inode with i_count 2
[ 5888.628256] free_cross_bitmap: releasing mem for inode with i_count 2
[ 5888.639139] free_cross_bitmap: releasing mem for inode with i_count 2
[ 5888.650277] free_cross_bitmap: releasing mem for inode with i_count 2
[ 5888.660929] free_cross_bitmap: releasing mem for inode with i_count 2
[ 5888.671125] free_cross_bitmap: releasing mem for inode with i_count 2
[ 5888.681926] free_cross_bitmap: releasing mem for inode with i_count 2
[ 5888.693926] free_cross_bitmap: releasing mem for inode with i_count 2
[ 5888.705175] free_cross_bitmap: releasing mem for inode with i_count 2
[ 5888.716799] free_cross_bitmap: releasing mem for inode with i_count 2
[ 5888.726633] free_cross_bitmap: releasing mem for inode with i_count 2
[ 5888.737729] free_cross_bitmap: releasing mem for inode with i_count 2
[ 5888.748783] free_cross_bitmap: releasing mem for inode with i_count 2
[ 5888.755738] free_cross_bitmap: releasing mem for inode with i_count 2
[ 5888.770681] free_cross_bitmap: releasing mem for inode with i_count 2
[ 5888.779685] free_cross_bitmap: releasing mem for inode with i_count 2
[ 5888.791108] free_cross_bitmap: releasing mem for inode with i_count 2
[ 5888.802117] free_cross_bitmap: releasing mem for inode with i_count 2
[ 5888.813213] free_cross_bitmap: releasing mem for inode with i_count 2
[ 5888.820207] free_cross_bitmap: releasing mem for inode with i_count 2
[ 5888.832282] free_cross_bitmap: releasing mem for inode with i_count 2
[ 5888.844587] free_cross_bitmap: releasing mem for inode with i_count 2
[ 5888.851620] free_cross_bitmap: releasing mem for inode with i_count 2
[ 5888.866603] free_cross_bitmap: releasing mem for inode with i_count 2
[ 5888.877555] free_cross_bitmap: releasing mem for inode with i_count 2
[ 5888.888462] free_cross_bitmap: releasing mem for inode with i_count 2
[ 5888.899468] free_cross_bitmap: releasing mem for inode with i_count 2
[ 5888.910672] free_cross_bitmap: releasing mem for inode with i_count 2
[ 5888.921220] free_cross_bitmap: releasing mem for inode with i_count 2
[ 5888.932125] free_cross_bitmap: releasing mem for inode with i_count 2
[ 5888.943208] free_cross_bitmap: releasing mem for inode with i_count 2
[ 5888.954215] free_cross_bitmap: releasing mem for inode with i_count 2
[ 5888.961192] free_cross_bitmap: releasing mem for inode with i_count 2
[ 5888.974990] free_cross_bitmap: releasing mem for inode with i_count 2
[ 5888.986801] free_cross_bitmap: releasing mem for inode with i_count 2
[ 5888.997778] free_cross_bitmap: releasing mem for inode with i_count 2
[ 5889.004839] free_cross_bitmap: releasing mem for inode with i_count 2
[ 5889.021309] free_cross_bitmap: releasing mem for inode with i_count 2
[ 5889.033394] free_cross_bitmap: releasing mem for inode with i_count 2
[ 5889.046376] free_cross_bitmap: releasing mem for inode with i_count 2
[ 5889.054842] free_cross_bitmap: releasing mem for inode with i_count 2
[ 5889.066299] free_cross_bitmap: releasing mem for inode with i_count 2
[ 5889.073271] free_cross_bitmap: releasing mem for inode with i_count 2
[ 5889.087884] free_cross_bitmap: releasing mem for inode with i_count 2
[ 5889.094862] free_cross_bitmap: releasing mem for inode with i_count 2
[ 5889.106370] free_cross_bitmap: releasing mem for inode with i_count 2
[ 5889.121916] free_cross_bitmap: releasing mem for inode with i_count 2
[ 5889.133067] free_cross_bitmap: releasing mem for inode with i_count 2
[ 5889.144892] free_cross_bitmap: releasing mem for inode with i_count 2
[ 5889.156077] free_cross_bitmap: releasing mem for inode with i_count 2
[ 5889.167215] free_cross_bitmap: releasing mem for inode with i_count 2
[ 5889.178921] free_cross_bitmap: releasing mem for inode with i_count 2
[ 5889.185800] free_cross_bitmap: releasing mem for inode with i_count 2
[ 5889.201127] free_cross_bitmap: releasing mem for inode with i_count 2
[ 5889.212279] free_cross_bitmap: releasing mem for inode with i_count 2
[ 5889.223327] free_cross_bitmap: releasing mem for inode with i_count 2
[ 5889.234478] free_cross_bitmap: releasing mem for inode with i_count 2
[ 5889.246318] free_cross_bitmap: releasing mem for inode with i_count 2
[ 5889.257500] free_cross_bitmap: releasing mem for inode with i_count 2
[ 5889.264471] free_cross_bitmap: releasing mem for inode with i_count 2
[ 5889.279671] free_cross_bitmap: releasing mem for inode with i_count 2
[ 5889.291667] free_cross_bitmap: releasing mem for inode with i_count 2
[ 5889.302721] free_cross_bitmap: releasing mem for inode with i_count 2
[ 5889.310147] free_cross_bitmap: releasing mem for inode with i_count 2
[ 5889.325513] free_cross_bitmap: releasing mem for inode with i_count 2
[ 5889.332503] free_cross_bitmap: releasing mem for inode with i_count 2
[ 5889.347756] free_cross_bitmap: releasing mem for inode with i_count 2
[ 5889.358894] free_cross_bitmap: releasing mem for inode with i_count 2
[ 5889.369985] free_cross_bitmap: releasing mem for inode with i_count 2
[ 5889.381531] free_cross_bitmap: releasing mem for inode with i_count 2
[ 5889.392653] free_cross_bitmap: releasing mem for inode with i_count 2
[ 5889.403789] free_cross_bitmap: releasing mem for inode with i_count 2
[ 5889.415022] free_cross_bitmap: releasing mem for inode with i_count 2
[ 5889.426700] free_cross_bitmap: releasing mem for inode with i_count 2
[ 5889.437811] free_cross_bitmap: releasing mem for inode with i_count 2
[ 5889.449356] free_cross_bitmap: releasing mem for inode with i_count 2
[ 5889.460404] free_cross_bitmap: releasing mem for inode with i_count 2
[ 5889.471503] free_cross_bitmap: releasing mem for inode with i_count 2
[ 5889.482670] free_cross_bitmap: releasing mem for inode with i_count 2
[ 5889.493821] free_cross_bitmap: releasing mem for inode with i_count 2
[ 5889.501748] free_cross_bitmap: releasing mem for inode with i_count 2
[ 5889.509297] sh (33082): drop_caches: 3
[ 5889.539916] sh (33202): drop_caches: 3
[ 5894.564067] Enabled file stats for time:33209
[ 5894.564284] write_proc: Value of write = 0
[ 5894.569682] Enabled file stats for db_bench:33218
[ 5894.569883] write_proc: Value of write = 0
[ 5894.619360] alloc_cross_bitmap: preallocate 268435456 pg, nr_longs=4194304 in 12 millisec
[ 5894.620591] alloc_cross_bitmap: preallocate 268435456 pg, nr_longs=4194304 in 12 millisec
[ 5894.620703] alloc_cross_bitmap: preallocate 268435456 pg, nr_longs=4194304 in 12 millisec
[ 5894.621037] alloc_cross_bitmap: preallocate 268435456 pg, nr_longs=4194304 in 12 millisec
[ 5894.621322] alloc_cross_bitmap: preallocate 268435456 pg, nr_longs=4194304 in 12 millisec
[ 5894.621800] alloc_cross_bitmap: preallocate 268435456 pg, nr_longs=4194304 in 12 millisec
[ 5894.621869] alloc_cross_bitmap: preallocate 268435456 pg, nr_longs=4194304 in 12 millisec
[ 5894.622031] alloc_cross_bitmap: preallocate 268435456 pg, nr_longs=4194304 in 12 millisec
[ 5894.622054] alloc_cross_bitmap: preallocate 268435456 pg, nr_longs=4194304 in 12 millisec
[ 5894.622105] alloc_cross_bitmap: preallocate 268435456 pg, nr_longs=4194304 in 12 millisec
[ 5894.622257] alloc_cross_bitmap: preallocate 268435456 pg, nr_longs=4194304 in 12 millisec
[ 5894.622774] alloc_cross_bitmap: preallocate 268435456 pg, nr_longs=4194304 in 16 millisec
[ 5894.627289] alloc_cross_bitmap: preallocate 268435456 pg, nr_longs=4194304 in 20 millisec
[ 5894.627308] alloc_cross_bitmap: preallocate 268435456 pg, nr_longs=4194304 in 20 millisec
[ 5894.627305] alloc_cross_bitmap: preallocate 268435456 pg, nr_longs=4194304 in 20 millisec
[ 5894.627359] alloc_cross_bitmap: preallocate 268435456 pg, nr_longs=4194304 in 20 millisec
[ 5894.651201] alloc_cross_bitmap: preallocate 268435456 pg, nr_longs=4194304 in 4 millisec
[ 5894.654472] alloc_cross_bitmap: preallocate 268435456 pg, nr_longs=4194304 in 4 millisec
[ 5894.654489] alloc_cross_bitmap: preallocate 268435456 pg, nr_longs=4194304 in 4 millisec
[ 5894.656946] alloc_cross_bitmap: preallocate 268435456 pg, nr_longs=4194304 in 8 millisec
[ 5894.659319] alloc_cross_bitmap: preallocate 268435456 pg, nr_longs=4194304 in 12 millisec
[ 5894.659414] alloc_cross_bitmap: preallocate 268435456 pg, nr_longs=4194304 in 12 millisec
[ 5894.659541] alloc_cross_bitmap: preallocate 268435456 pg, nr_longs=4194304 in 12 millisec
[ 5894.659686] alloc_cross_bitmap: preallocate 268435456 pg, nr_longs=4194304 in 12 millisec
[ 5894.659739] alloc_cross_bitmap: preallocate 268435456 pg, nr_longs=4194304 in 12 millisec
[ 5894.659873] alloc_cross_bitmap: preallocate 268435456 pg, nr_longs=4194304 in 12 millisec
[ 5894.659912] alloc_cross_bitmap: preallocate 268435456 pg, nr_longs=4194304 in 12 millisec
[ 5894.660338] alloc_cross_bitmap: preallocate 268435456 pg, nr_longs=4194304 in 12 millisec
[ 5894.665318] alloc_cross_bitmap: preallocate 268435456 pg, nr_longs=4194304 in 12 millisec
[ 5894.665381] alloc_cross_bitmap: preallocate 268435456 pg, nr_longs=4194304 in 12 millisec
[ 5894.665421] alloc_cross_bitmap: preallocate 268435456 pg, nr_longs=4194304 in 12 millisec
[ 5894.665424] alloc_cross_bitmap: preallocate 268435456 pg, nr_longs=4194304 in 12 millisec
[ 5894.671913] alloc_cross_bitmap: preallocate 268435456 pg, nr_longs=4194304 in 4 millisec
[ 5894.679259] alloc_cross_bitmap: preallocate 268435456 pg, nr_longs=4194304 in 4 millisec
[ 5894.685148] alloc_cross_bitmap: preallocate 268435456 pg, nr_longs=4194304 in 4 millisec
[ 5894.685756] alloc_cross_bitmap: preallocate 268435456 pg, nr_longs=4194304 in 4 millisec
[ 5894.689998] alloc_cross_bitmap: preallocate 268435456 pg, nr_longs=4194304 in 4 millisec
[ 5894.691777] alloc_cross_bitmap: preallocate 268435456 pg, nr_longs=4194304 in 8 millisec
[ 5894.692413] alloc_cross_bitmap: preallocate 268435456 pg, nr_longs=4194304 in 8 millisec
[ 5894.692627] alloc_cross_bitmap: preallocate 268435456 pg, nr_longs=4194304 in 8 millisec
[ 5894.692700] alloc_cross_bitmap: preallocate 268435456 pg, nr_longs=4194304 in 8 millisec
[ 5894.692898] alloc_cross_bitmap: preallocate 268435456 pg, nr_longs=4194304 in 8 millisec
[ 5894.692909] alloc_cross_bitmap: preallocate 268435456 pg, nr_longs=4194304 in 8 millisec
[ 5894.697053] alloc_cross_bitmap: preallocate 268435456 pg, nr_longs=4194304 in 4 millisec
[ 5894.700742] alloc_cross_bitmap: preallocate 268435456 pg, nr_longs=4194304 in 4 millisec
[ 5894.701475] alloc_cross_bitmap: preallocate 268435456 pg, nr_longs=4194304 in 4 millisec
[ 5894.702013] alloc_cross_bitmap: preallocate 268435456 pg, nr_longs=4194304 in 8 millisec
[ 5894.702304] alloc_cross_bitmap: preallocate 268435456 pg, nr_longs=4194304 in 8 millisec
[ 5894.702505] alloc_cross_bitmap: preallocate 268435456 pg, nr_longs=4194304 in 8 millisec
[ 5894.702578] alloc_cross_bitmap: preallocate 268435456 pg, nr_longs=4194304 in 8 millisec
[ 5894.702879] alloc_cross_bitmap: preallocate 268435456 pg, nr_longs=4194304 in 4 millisec
[ 5894.706231] alloc_cross_bitmap: preallocate 268435456 pg, nr_longs=4194304 in 0 millisec
[ 5894.748390] alloc_cross_bitmap: preallocate 268435456 pg, nr_longs=4194304 in 8 millisec
[ 5894.748995] alloc_cross_bitmap: preallocate 268435456 pg, nr_longs=4194304 in 8 millisec
[ 5894.750298] alloc_cross_bitmap: preallocate 268435456 pg, nr_longs=4194304 in 8 millisec
[ 5894.750402] alloc_cross_bitmap: preallocate 268435456 pg, nr_longs=4194304 in 8 millisec
[ 5894.750612] alloc_cross_bitmap: preallocate 268435456 pg, nr_longs=4194304 in 8 millisec
[ 5894.750634] alloc_cross_bitmap: preallocate 268435456 pg, nr_longs=4194304 in 8 millisec
[ 5894.750643] alloc_cross_bitmap: preallocate 268435456 pg, nr_longs=4194304 in 8 millisec
[ 5894.750882] alloc_cross_bitmap: preallocate 268435456 pg, nr_longs=4194304 in 12 millisec
[ 5894.751711] alloc_cross_bitmap: preallocate 268435456 pg, nr_longs=4194304 in 12 millisec
[ 5894.751711] alloc_cross_bitmap: preallocate 268435456 pg, nr_longs=4194304 in 12 millisec
[ 5894.751739] alloc_cross_bitmap: preallocate 268435456 pg, nr_longs=4194304 in 12 millisec
[ 5894.751891] alloc_cross_bitmap: preallocate 268435456 pg, nr_longs=4194304 in 12 millisec
[ 5894.753445] alloc_cross_bitmap: preallocate 268435456 pg, nr_longs=4194304 in 12 millisec
[ 5894.753476] alloc_cross_bitmap: preallocate 268435456 pg, nr_longs=4194304 in 12 millisec
[ 5894.775569] alloc_cross_bitmap: preallocate 268435456 pg, nr_longs=4194304 in 4 millisec
[ 5894.777826] alloc_cross_bitmap: preallocate 268435456 pg, nr_longs=4194304 in 4 millisec
[ 5894.779519] alloc_cross_bitmap: preallocate 268435456 pg, nr_longs=4194304 in 4 millisec
[ 5894.782360] alloc_cross_bitmap: preallocate 268435456 pg, nr_longs=4194304 in 4 millisec
[ 5894.784335] alloc_cross_bitmap: preallocate 268435456 pg, nr_longs=4194304 in 8 millisec
[ 5894.785072] alloc_cross_bitmap: preallocate 268435456 pg, nr_longs=4194304 in 8 millisec
[ 5894.785488] alloc_cross_bitmap: preallocate 268435456 pg, nr_longs=4194304 in 8 millisec
[ 5894.786158] alloc_cross_bitmap: preallocate 268435456 pg, nr_longs=4194304 in 8 millisec
[ 5894.786466] alloc_cross_bitmap: preallocate 268435456 pg, nr_longs=4194304 in 8 millisec
[ 5894.786554] alloc_cross_bitmap: preallocate 268435456 pg, nr_longs=4194304 in 8 millisec
[ 5894.787060] alloc_cross_bitmap: preallocate 268435456 pg, nr_longs=4194304 in 12 millisec
[ 5894.787174] alloc_cross_bitmap: preallocate 268435456 pg, nr_longs=4194304 in 12 millisec
[ 5894.787172] alloc_cross_bitmap: preallocate 268435456 pg, nr_longs=4194304 in 12 millisec
[ 5894.787273] alloc_cross_bitmap: preallocate 268435456 pg, nr_longs=4194304 in 12 millisec
[ 5894.797839] alloc_cross_bitmap: preallocate 268435456 pg, nr_longs=4194304 in 4 millisec
[ 5894.801849] alloc_cross_bitmap: preallocate 268435456 pg, nr_longs=4194304 in 4 millisec
[ 5894.805605] alloc_cross_bitmap: preallocate 268435456 pg, nr_longs=4194304 in 4 millisec
[ 5894.806998] alloc_cross_bitmap: preallocate 268435456 pg, nr_longs=4194304 in 4 millisec
[ 5894.810536] alloc_cross_bitmap: preallocate 268435456 pg, nr_longs=4194304 in 0 millisec
[ 5894.814917] alloc_cross_bitmap: preallocate 268435456 pg, nr_longs=4194304 in 4 millisec
[ 5894.816346] alloc_cross_bitmap: preallocate 268435456 pg, nr_longs=4194304 in 4 millisec
[ 5894.816663] alloc_cross_bitmap: preallocate 268435456 pg, nr_longs=4194304 in 4 millisec
[ 5894.819019] alloc_cross_bitmap: preallocate 268435456 pg, nr_longs=4194304 in 8 millisec
[ 5894.819424] alloc_cross_bitmap: preallocate 268435456 pg, nr_longs=4194304 in 8 millisec
[ 5894.820687] alloc_cross_bitmap: preallocate 268435456 pg, nr_longs=4194304 in 8 millisec
[ 5894.820852] alloc_cross_bitmap: preallocate 268435456 pg, nr_longs=4194304 in 8 millisec
[ 5894.821009] alloc_cross_bitmap: preallocate 268435456 pg, nr_longs=4194304 in 8 millisec
[ 5894.822247] alloc_cross_bitmap: preallocate 268435456 pg, nr_longs=4194304 in 8 millisec
[ 5894.822720] alloc_cross_bitmap: preallocate 268435456 pg, nr_longs=4194304 in 8 millisec
[ 5894.824590] alloc_cross_bitmap: preallocate 268435456 pg, nr_longs=4194304 in 4 millisec
[ 5894.826425] alloc_cross_bitmap: preallocate 268435456 pg, nr_longs=4194304 in 0 millisec
[ 5894.829213] alloc_cross_bitmap: preallocate 268435456 pg, nr_longs=4194304 in 4 millisec
[ 5894.829832] alloc_cross_bitmap: preallocate 268435456 pg, nr_longs=4194304 in 4 millisec
[ 5894.831157] alloc_cross_bitmap: preallocate 268435456 pg, nr_longs=4194304 in 4 millisec
[ 5894.833405] alloc_cross_bitmap: preallocate 268435456 pg, nr_longs=4194304 in 4 millisec
[ 5894.834059] alloc_cross_bitmap: preallocate 268435456 pg, nr_longs=4194304 in 0 millisec
[ 5894.872005] alloc_cross_bitmap: preallocate 268435456 pg, nr_longs=4194304 in 4 millisec
[ 5894.872155] alloc_cross_bitmap: preallocate 268435456 pg, nr_longs=4194304 in 4 millisec
[ 5894.876091] alloc_cross_bitmap: preallocate 268435456 pg, nr_longs=4194304 in 8 millisec
[ 5894.876325] alloc_cross_bitmap: preallocate 268435456 pg, nr_longs=4194304 in 8 millisec
[ 5894.876901] alloc_cross_bitmap: preallocate 268435456 pg, nr_longs=4194304 in 8 millisec
[ 5894.877246] alloc_cross_bitmap: preallocate 268435456 pg, nr_longs=4194304 in 8 millisec
[ 5894.877260] alloc_cross_bitmap: preallocate 268435456 pg, nr_longs=4194304 in 8 millisec
[ 5894.877634] alloc_cross_bitmap: preallocate 268435456 pg, nr_longs=4194304 in 8 millisec
[ 5894.877695] alloc_cross_bitmap: preallocate 268435456 pg, nr_longs=4194304 in 8 millisec
[ 5894.877700] alloc_cross_bitmap: preallocate 268435456 pg, nr_longs=4194304 in 8 millisec
[ 5894.877910] alloc_cross_bitmap: preallocate 268435456 pg, nr_longs=4194304 in 8 millisec
[ 5894.878211] alloc_cross_bitmap: preallocate 268435456 pg, nr_longs=4194304 in 8 millisec
[ 5894.885112] alloc_cross_bitmap: preallocate 268435456 pg, nr_longs=4194304 in 4 millisec
[ 5906.660325] alloc_cross_bitmap: preallocate 268435456 pg, nr_longs=4194304 in 4 millisec
[ 5906.670913] alloc_cross_bitmap: preallocate 268435456 pg, nr_longs=4194304 in 4 millisec
[ 5906.681249] alloc_cross_bitmap: preallocate 268435456 pg, nr_longs=4194304 in 4 millisec
[ 5906.691743] alloc_cross_bitmap: preallocate 268435456 pg, nr_longs=4194304 in 4 millisec
[ 5906.702107] alloc_cross_bitmap: preallocate 268435456 pg, nr_longs=4194304 in 0 millisec
[ 5906.712423] alloc_cross_bitmap: preallocate 268435456 pg, nr_longs=4194304 in 4 millisec
[ 5906.722698] alloc_cross_bitmap: preallocate 268435456 pg, nr_longs=4194304 in 0 millisec
[ 5906.733006] alloc_cross_bitmap: preallocate 268435456 pg, nr_longs=4194304 in 4 millisec
[ 5906.743250] alloc_cross_bitmap: preallocate 268435456 pg, nr_longs=4194304 in 4 millisec
[ 5906.753570] alloc_cross_bitmap: preallocate 268435456 pg, nr_longs=4194304 in 4 millisec
[ 5906.763918] alloc_cross_bitmap: preallocate 268435456 pg, nr_longs=4194304 in 4 millisec
[ 5906.774045] alloc_cross_bitmap: preallocate 268435456 pg, nr_longs=4194304 in 0 millisec
[ 5906.784528] alloc_cross_bitmap: preallocate 268435456 pg, nr_longs=4194304 in 4 millisec
[ 5906.795029] alloc_cross_bitmap: preallocate 268435456 pg, nr_longs=4194304 in 4 millisec
[ 5906.805357] alloc_cross_bitmap: preallocate 268435456 pg, nr_longs=4194304 in 4 millisec
[ 5906.815815] alloc_cross_bitmap: preallocate 268435456 pg, nr_longs=4194304 in 4 millisec
[ 5906.826222] alloc_cross_bitmap: preallocate 268435456 pg, nr_longs=4194304 in 0 millisec
[ 5906.836577] alloc_cross_bitmap: preallocate 268435456 pg, nr_longs=4194304 in 4 millisec
[ 5906.846770] alloc_cross_bitmap: preallocate 268435456 pg, nr_longs=4194304 in 4 millisec
[ 5906.857139] alloc_cross_bitmap: preallocate 268435456 pg, nr_longs=4194304 in 4 millisec
[ 5906.867618] alloc_cross_bitmap: preallocate 268435456 pg, nr_longs=4194304 in 4 millisec
[ 5906.878003] alloc_cross_bitmap: preallocate 268435456 pg, nr_longs=4194304 in 0 millisec
[ 5906.888538] alloc_cross_bitmap: preallocate 268435456 pg, nr_longs=4194304 in 4 millisec
[ 5906.898992] alloc_cross_bitmap: preallocate 268435456 pg, nr_longs=4194304 in 4 millisec
[ 5906.909331] alloc_cross_bitmap: preallocate 268435456 pg, nr_longs=4194304 in 4 millisec
[ 5906.919713] alloc_cross_bitmap: preallocate 268435456 pg, nr_longs=4194304 in 4 millisec
[ 5906.929993] alloc_cross_bitmap: preallocate 268435456 pg, nr_longs=4194304 in 0 millisec
[ 5906.940286] alloc_cross_bitmap: preallocate 268435456 pg, nr_longs=4194304 in 4 millisec
[ 5906.950662] alloc_cross_bitmap: preallocate 268435456 pg, nr_longs=4194304 in 0 millisec
[ 5906.960980] alloc_cross_bitmap: preallocate 268435456 pg, nr_longs=4194304 in 4 millisec
[ 5906.971260] alloc_cross_bitmap: preallocate 268435456 pg, nr_longs=4194304 in 4 millisec
[ 5906.981426] alloc_cross_bitmap: preallocate 268435456 pg, nr_longs=4194304 in 4 millisec
[ 5906.991992] alloc_cross_bitmap: preallocate 268435456 pg, nr_longs=4194304 in 4 millisec
[ 5907.002484] alloc_cross_bitmap: preallocate 268435456 pg, nr_longs=4194304 in 0 millisec
[ 5907.012885] alloc_cross_bitmap: preallocate 268435456 pg, nr_longs=4194304 in 4 millisec
[ 5907.023352] alloc_cross_bitmap: preallocate 268435456 pg, nr_longs=4194304 in 4 millisec
[ 5907.025997] free_cross_bitmap: releasing mem for inode with i_count 2
[ 5907.034102] free_cross_bitmap: releasing mem for inode with i_count 2
[ 5907.042172] free_cross_bitmap: releasing mem for inode with i_count 2
[ 5907.050221] free_cross_bitmap: releasing mem for inode with i_count 2
[ 5907.058301] free_cross_bitmap: releasing mem for inode with i_count 2
[ 5907.066577] free_cross_bitmap: releasing mem for inode with i_count 2
[ 5907.075331] free_cross_bitmap: releasing mem for inode with i_count 2
[ 5907.083912] free_cross_bitmap: releasing mem for inode with i_count 2
[ 5907.092145] free_cross_bitmap: releasing mem for inode with i_count 2
[ 5907.100263] free_cross_bitmap: releasing mem for inode with i_count 2
[ 5907.108329] free_cross_bitmap: releasing mem for inode with i_count 2
[ 5907.116333] free_cross_bitmap: releasing mem for inode with i_count 2
[ 5907.125060] free_cross_bitmap: releasing mem for inode with i_count 2
[ 5907.133288] free_cross_bitmap: releasing mem for inode with i_count 2
[ 5907.141351] free_cross_bitmap: releasing mem for inode with i_count 2
[ 5907.149391] free_cross_bitmap: releasing mem for inode with i_count 2
[ 5907.157446] free_cross_bitmap: releasing mem for inode with i_count 2
[ 5907.165488] free_cross_bitmap: releasing mem for inode with i_count 2
[ 5907.174668] free_cross_bitmap: releasing mem for inode with i_count 2
[ 5907.182719] free_cross_bitmap: releasing mem for inode with i_count 2
[ 5907.191349] free_cross_bitmap: releasing mem for inode with i_count 2
[ 5907.199693] free_cross_bitmap: releasing mem for inode with i_count 2
[ 5907.207965] free_cross_bitmap: releasing mem for inode with i_count 2
[ 5907.215962] free_cross_bitmap: releasing mem for inode with i_count 2
[ 5907.224520] free_cross_bitmap: releasing mem for inode with i_count 2
[ 5907.232747] free_cross_bitmap: releasing mem for inode with i_count 2
[ 5907.240875] free_cross_bitmap: releasing mem for inode with i_count 2
[ 5907.248984] free_cross_bitmap: releasing mem for inode with i_count 2
[ 5907.257075] free_cross_bitmap: releasing mem for inode with i_count 2
[ 5907.265173] free_cross_bitmap: releasing mem for inode with i_count 2
[ 5907.273614] free_cross_bitmap: releasing mem for inode with i_count 2
[ 5907.281913] free_cross_bitmap: releasing mem for inode with i_count 2
[ 5907.290365] free_cross_bitmap: releasing mem for inode with i_count 2
[ 5907.298873] free_cross_bitmap: releasing mem for inode with i_count 2
[ 5907.307294] free_cross_bitmap: releasing mem for inode with i_count 2
[ 5907.315567] free_cross_bitmap: releasing mem for inode with i_count 2
[ 5907.324322] free_cross_bitmap: releasing mem for inode with i_count 2
[ 5907.332410] free_cross_bitmap: releasing mem for inode with i_count 2
[ 5907.340445] free_cross_bitmap: releasing mem for inode with i_count 2
[ 5907.348517] free_cross_bitmap: releasing mem for inode with i_count 2
[ 5925.161067] alloc_cross_bitmap: preallocate 268435456 pg, nr_longs=4194304 in 4 millisec
[ 5925.171612] alloc_cross_bitmap: preallocate 268435456 pg, nr_longs=4194304 in 4 millisec
[ 5925.182042] alloc_cross_bitmap: preallocate 268435456 pg, nr_longs=4194304 in 0 millisec
[ 5925.192690] alloc_cross_bitmap: preallocate 268435456 pg, nr_longs=4194304 in 4 millisec
[ 5925.203051] alloc_cross_bitmap: preallocate 268435456 pg, nr_longs=4194304 in 4 millisec
[ 5925.213525] alloc_cross_bitmap: preallocate 268435456 pg, nr_longs=4194304 in 4 millisec
[ 5925.223857] alloc_cross_bitmap: preallocate 268435456 pg, nr_longs=4194304 in 4 millisec
[ 5925.234226] alloc_cross_bitmap: preallocate 268435456 pg, nr_longs=4194304 in 0 millisec
[ 5925.244473] alloc_cross_bitmap: preallocate 268435456 pg, nr_longs=4194304 in 4 millisec
[ 5925.254777] alloc_cross_bitmap: preallocate 268435456 pg, nr_longs=4194304 in 4 millisec
[ 5925.264994] alloc_cross_bitmap: preallocate 268435456 pg, nr_longs=4194304 in 4 millisec
[ 5925.275416] alloc_cross_bitmap: preallocate 268435456 pg, nr_longs=4194304 in 4 millisec
[ 5925.285927] alloc_cross_bitmap: preallocate 268435456 pg, nr_longs=4194304 in 4 millisec
[ 5925.296442] alloc_cross_bitmap: preallocate 268435456 pg, nr_longs=4194304 in 4 millisec
[ 5925.306709] alloc_cross_bitmap: preallocate 268435456 pg, nr_longs=4194304 in 0 millisec
[ 5925.317054] alloc_cross_bitmap: preallocate 268435456 pg, nr_longs=4194304 in 4 millisec
[ 5925.327485] alloc_cross_bitmap: preallocate 268435456 pg, nr_longs=4194304 in 4 millisec
[ 5925.337852] alloc_cross_bitmap: preallocate 268435456 pg, nr_longs=4194304 in 0 millisec
[ 5925.348312] alloc_cross_bitmap: preallocate 268435456 pg, nr_longs=4194304 in 4 millisec
[ 5925.358683] alloc_cross_bitmap: preallocate 268435456 pg, nr_longs=4194304 in 0 millisec
[ 5925.369020] alloc_cross_bitmap: preallocate 268435456 pg, nr_longs=4194304 in 4 millisec
[ 5925.379473] alloc_cross_bitmap: preallocate 268435456 pg, nr_longs=4194304 in 4 millisec
[ 5925.390038] alloc_cross_bitmap: preallocate 268435456 pg, nr_longs=4194304 in 0 millisec
[ 5925.400597] alloc_cross_bitmap: preallocate 268435456 pg, nr_longs=4194304 in 4 millisec
[ 5925.410921] alloc_cross_bitmap: preallocate 268435456 pg, nr_longs=4194304 in 4 millisec
[ 5925.421110] alloc_cross_bitmap: preallocate 268435456 pg, nr_longs=4194304 in 4 millisec
[ 5925.431299] alloc_cross_bitmap: preallocate 268435456 pg, nr_longs=4194304 in 4 millisec
[ 5925.441633] alloc_cross_bitmap: preallocate 268435456 pg, nr_longs=4194304 in 4 millisec
[ 5925.451940] alloc_cross_bitmap: preallocate 268435456 pg, nr_longs=4194304 in 4 millisec
[ 5925.462169] alloc_cross_bitmap: preallocate 268435456 pg, nr_longs=4194304 in 0 millisec
[ 5925.472463] alloc_cross_bitmap: preallocate 268435456 pg, nr_longs=4194304 in 4 millisec
[ 5925.482711] alloc_cross_bitmap: preallocate 268435456 pg, nr_longs=4194304 in 0 millisec
[ 5925.493397] alloc_cross_bitmap: preallocate 268435456 pg, nr_longs=4194304 in 4 millisec
[ 5925.503819] alloc_cross_bitmap: preallocate 268435456 pg, nr_longs=4194304 in 4 millisec
[ 5925.514175] alloc_cross_bitmap: preallocate 268435456 pg, nr_longs=4194304 in 0 millisec
[ 5925.524497] alloc_cross_bitmap: preallocate 268435456 pg, nr_longs=4194304 in 4 millisec
[ 5925.534908] alloc_cross_bitmap: preallocate 268435456 pg, nr_longs=4194304 in 4 millisec
[ 5925.545348] alloc_cross_bitmap: preallocate 268435456 pg, nr_longs=4194304 in 4 millisec
[ 5925.555736] alloc_cross_bitmap: preallocate 268435456 pg, nr_longs=4194304 in 4 millisec
[ 5925.566013] alloc_cross_bitmap: preallocate 268435456 pg, nr_longs=4194304 in 0 millisec
[ 5925.576272] alloc_cross_bitmap: preallocate 268435456 pg, nr_longs=4194304 in 4 millisec
[ 5925.586494] alloc_cross_bitmap: preallocate 268435456 pg, nr_longs=4194304 in 0 millisec
[ 5925.597084] alloc_cross_bitmap: preallocate 268435456 pg, nr_longs=4194304 in 4 millisec
[ 5925.607496] alloc_cross_bitmap: preallocate 268435456 pg, nr_longs=4194304 in 4 millisec
[ 5925.617851] alloc_cross_bitmap: preallocate 268435456 pg, nr_longs=4194304 in 0 millisec
[ 5925.628182] alloc_cross_bitmap: preallocate 268435456 pg, nr_longs=4194304 in 4 millisec
[ 5925.631078] free_cross_bitmap: releasing mem for inode with i_count 2
[ 5925.638942] free_cross_bitmap: releasing mem for inode with i_count 2
[ 5925.647268] free_cross_bitmap: releasing mem for inode with i_count 2
[ 5925.655118] free_cross_bitmap: releasing mem for inode with i_count 2
[ 5925.662974] free_cross_bitmap: releasing mem for inode with i_count 2
[ 5925.670833] free_cross_bitmap: releasing mem for inode with i_count 2
[ 5925.678658] free_cross_bitmap: releasing mem for inode with i_count 2
[ 5925.686543] free_cross_bitmap: releasing mem for inode with i_count 2
[ 5925.694711] free_cross_bitmap: releasing mem for inode with i_count 2
[ 5925.702658] free_cross_bitmap: releasing mem for inode with i_count 2
[ 5925.710533] free_cross_bitmap: releasing mem for inode with i_count 2
[ 5925.718421] free_cross_bitmap: releasing mem for inode with i_count 2
[ 5925.726293] free_cross_bitmap: releasing mem for inode with i_count 2
[ 5925.734173] free_cross_bitmap: releasing mem for inode with i_count 2
[ 5925.742402] free_cross_bitmap: releasing mem for inode with i_count 2
[ 5925.750256] free_cross_bitmap: releasing mem for inode with i_count 2
[ 5925.758136] free_cross_bitmap: releasing mem for inode with i_count 2
[ 5925.765983] free_cross_bitmap: releasing mem for inode with i_count 2
[ 5925.773818] free_cross_bitmap: releasing mem for inode with i_count 2
[ 5925.781674] free_cross_bitmap: releasing mem for inode with i_count 2
[ 5925.789854] free_cross_bitmap: releasing mem for inode with i_count 2
[ 5925.797726] free_cross_bitmap: releasing mem for inode with i_count 2
[ 5925.805570] free_cross_bitmap: releasing mem for inode with i_count 2
[ 5925.813428] free_cross_bitmap: releasing mem for inode with i_count 2
[ 5925.821270] free_cross_bitmap: releasing mem for inode with i_count 2
[ 5925.829141] free_cross_bitmap: releasing mem for inode with i_count 2
[ 5925.837535] free_cross_bitmap: releasing mem for inode with i_count 2
[ 5925.845574] free_cross_bitmap: releasing mem for inode with i_count 2
[ 5925.853720] free_cross_bitmap: releasing mem for inode with i_count 2
[ 5925.861680] free_cross_bitmap: releasing mem for inode with i_count 2
[ 5925.869819] free_cross_bitmap: releasing mem for inode with i_count 2
[ 5925.877865] free_cross_bitmap: releasing mem for inode with i_count 2
[ 5925.886425] free_cross_bitmap: releasing mem for inode with i_count 2
[ 5925.894470] free_cross_bitmap: releasing mem for inode with i_count 2
[ 5925.902641] free_cross_bitmap: releasing mem for inode with i_count 2
[ 5925.910670] free_cross_bitmap: releasing mem for inode with i_count 2
[ 5925.918672] free_cross_bitmap: releasing mem for inode with i_count 2
[ 5925.926778] free_cross_bitmap: releasing mem for inode with i_count 2
[ 5925.935350] free_cross_bitmap: releasing mem for inode with i_count 2
[ 5925.943608] free_cross_bitmap: releasing mem for inode with i_count 2
[ 5925.951699] free_cross_bitmap: releasing mem for inode with i_count 2
[ 5925.959709] free_cross_bitmap: releasing mem for inode with i_count 2
[ 5925.967956] free_cross_bitmap: releasing mem for inode with i_count 2
[ 5925.976011] free_cross_bitmap: releasing mem for inode with i_count 2
[ 5925.984511] free_cross_bitmap: releasing mem for inode with i_count 2
[ 5925.992614] free_cross_bitmap: releasing mem for inode with i_count 2
[ 5926.000675] free_cross_bitmap: releasing mem for inode with i_count 2
[ 5926.008799] free_cross_bitmap: releasing mem for inode with i_count 2
[ 5926.016940] free_cross_bitmap: releasing mem for inode with i_count 2
[ 5926.024904] free_cross_bitmap: releasing mem for inode with i_count 2
[ 5926.033925] free_cross_bitmap: releasing mem for inode with i_count 2
[ 5926.041912] free_cross_bitmap: releasing mem for inode with i_count 2
[ 5926.049866] free_cross_bitmap: releasing mem for inode with i_count 2
[ 5926.058099] free_cross_bitmap: releasing mem for inode with i_count 2
[ 5926.066142] free_cross_bitmap: releasing mem for inode with i_count 2
[ 5926.074149] free_cross_bitmap: releasing mem for inode with i_count 2
[ 5926.082639] free_cross_bitmap: releasing mem for inode with i_count 2
[ 5926.090758] free_cross_bitmap: releasing mem for inode with i_count 2
[ 5926.098857] free_cross_bitmap: releasing mem for inode with i_count 2
[ 5926.106913] free_cross_bitmap: releasing mem for inode with i_count 2
[ 5926.114885] free_cross_bitmap: releasing mem for inode with i_count 2
[ 5926.122900] free_cross_bitmap: releasing mem for inode with i_count 2
[ 5926.131309] free_cross_bitmap: releasing mem for inode with i_count 2
[ 5926.139385] free_cross_bitmap: releasing mem for inode with i_count 2
[ 5926.147504] free_cross_bitmap: releasing mem for inode with i_count 2
[ 5926.155525] free_cross_bitmap: releasing mem for inode with i_count 2
[ 5926.163595] free_cross_bitmap: releasing mem for inode with i_count 2
[ 5926.171637] free_cross_bitmap: releasing mem for inode with i_count 2
[ 5926.180103] free_cross_bitmap: releasing mem for inode with i_count 2
[ 5926.188218] free_cross_bitmap: releasing mem for inode with i_count 2
[ 5926.196329] free_cross_bitmap: releasing mem for inode with i_count 2
[ 5926.204550] free_cross_bitmap: releasing mem for inode with i_count 2
[ 5935.028167] alloc_cross_bitmap: preallocate 268435456 pg, nr_longs=4194304 in 4 millisec
[ 5935.038921] alloc_cross_bitmap: preallocate 268435456 pg, nr_longs=4194304 in 4 millisec
[ 5935.049423] alloc_cross_bitmap: preallocate 268435456 pg, nr_longs=4194304 in 4 millisec
[ 5935.059849] alloc_cross_bitmap: preallocate 268435456 pg, nr_longs=4194304 in 4 millisec
[ 5935.069926] alloc_cross_bitmap: preallocate 268435456 pg, nr_longs=4194304 in 0 millisec
[ 5935.080398] alloc_cross_bitmap: preallocate 268435456 pg, nr_longs=4194304 in 4 millisec
[ 5935.090786] alloc_cross_bitmap: preallocate 268435456 pg, nr_longs=4194304 in 4 millisec
[ 5935.101060] alloc_cross_bitmap: preallocate 268435456 pg, nr_longs=4194304 in 4 millisec
[ 5935.111324] alloc_cross_bitmap: preallocate 268435456 pg, nr_longs=4194304 in 4 millisec
[ 5935.121535] alloc_cross_bitmap: preallocate 268435456 pg, nr_longs=4194304 in 4 millisec
[ 5935.131863] alloc_cross_bitmap: preallocate 268435456 pg, nr_longs=4194304 in 4 millisec
[ 5935.142081] alloc_cross_bitmap: preallocate 268435456 pg, nr_longs=4194304 in 0 millisec
[ 5935.152531] alloc_cross_bitmap: preallocate 268435456 pg, nr_longs=4194304 in 4 millisec
[ 5935.163199] alloc_cross_bitmap: preallocate 268435456 pg, nr_longs=4194304 in 4 millisec
[ 5935.173538] alloc_cross_bitmap: preallocate 268435456 pg, nr_longs=4194304 in 4 millisec
[ 5935.183758] alloc_cross_bitmap: preallocate 268435456 pg, nr_longs=4194304 in 4 millisec
[ 5935.193932] alloc_cross_bitmap: preallocate 268435456 pg, nr_longs=4194304 in 0 millisec
[ 5935.204078] alloc_cross_bitmap: preallocate 268435456 pg, nr_longs=4194304 in 4 millisec
[ 5935.214402] alloc_cross_bitmap: preallocate 268435456 pg, nr_longs=4194304 in 0 millisec
[ 5935.224773] alloc_cross_bitmap: preallocate 268435456 pg, nr_longs=4194304 in 4 millisec
[ 5935.235344] alloc_cross_bitmap: preallocate 268435456 pg, nr_longs=4194304 in 4 millisec
[ 5935.245696] alloc_cross_bitmap: preallocate 268435456 pg, nr_longs=4194304 in 4 millisec
[ 5935.248556] free_cross_bitmap: releasing mem for inode with i_count 2
[ 5935.256525] free_cross_bitmap: releasing mem for inode with i_count 2
[ 5935.264709] free_cross_bitmap: releasing mem for inode with i_count 2
[ 5935.272591] free_cross_bitmap: releasing mem for inode with i_count 2
[ 5935.280469] free_cross_bitmap: releasing mem for inode with i_count 2
[ 5935.288347] free_cross_bitmap: releasing mem for inode with i_count 2
[ 5935.296248] free_cross_bitmap: releasing mem for inode with i_count 2
[ 5935.304128] free_cross_bitmap: releasing mem for inode with i_count 2
[ 5935.312369] free_cross_bitmap: releasing mem for inode with i_count 2
[ 5935.320199] free_cross_bitmap: releasing mem for inode with i_count 2
[ 5935.328103] free_cross_bitmap: releasing mem for inode with i_count 2
[ 5935.336089] free_cross_bitmap: releasing mem for inode with i_count 2
[ 5935.344086] free_cross_bitmap: releasing mem for inode with i_count 2
[ 5935.352059] free_cross_bitmap: releasing mem for inode with i_count 2
[ 5935.360421] free_cross_bitmap: releasing mem for inode with i_count 2
[ 5935.368551] free_cross_bitmap: releasing mem for inode with i_count 2
[ 5935.376757] free_cross_bitmap: releasing mem for inode with i_count 2
[ 5935.384750] free_cross_bitmap: releasing mem for inode with i_count 2
[ 5935.393545] free_cross_bitmap: releasing mem for inode with i_count 2
[ 5935.402781] free_cross_bitmap: releasing mem for inode with i_count 2
[ 5935.412151] free_cross_bitmap: releasing mem for inode with i_count 2
[ 5935.420971] free_cross_bitmap: releasing mem for inode with i_count 2
[ 5935.429858] free_cross_bitmap: releasing mem for inode with i_count 2
[ 5935.438677] free_cross_bitmap: releasing mem for inode with i_count 2
[ 5935.447088] free_cross_bitmap: releasing mem for inode with i_count 2
[ 5935.455240] free_cross_bitmap: releasing mem for inode with i_count 2
[ 5935.463709] free_cross_bitmap: releasing mem for inode with i_count 2
[ 5935.471834] free_cross_bitmap: releasing mem for inode with i_count 2
[ 5935.479895] free_cross_bitmap: releasing mem for inode with i_count 2
[ 5935.488079] free_cross_bitmap: releasing mem for inode with i_count 2
[ 5935.496243] free_cross_bitmap: releasing mem for inode with i_count 2
[ 5935.504299] free_cross_bitmap: releasing mem for inode with i_count 2
[ 5935.512710] free_cross_bitmap: releasing mem for inode with i_count 2
[ 5935.520768] free_cross_bitmap: releasing mem for inode with i_count 2
[ 5935.528785] free_cross_bitmap: releasing mem for inode with i_count 2
[ 5935.536766] free_cross_bitmap: releasing mem for inode with i_count 2
[ 5935.544803] free_cross_bitmap: releasing mem for inode with i_count 2
[ 5935.552740] free_cross_bitmap: releasing mem for inode with i_count 2
[ 5935.630210] write_proc: Value of write = 0
[ 5935.630231] __do_sys_start_cross_trace: PRINT_GLOBAL_STATS 
[ 5935.630232] Final GlobalReport: nr_pages_read:7746719128, nr_pages_hit:7560643708, nr_do_read_fault:6808655, nr_pages_miss:69355125
[ 5935.630288] FinalTaskReport: db_bench:33218 - ra_orig_nr_pages:0, ra_final_nr_pages:0
                                        async_pages:1000, final_async_pages:1740
                                        full_pfetches:0, less256_pfetches:0, partial_pfetches:0
                                        failed_pfetches:0, total_pfetches:0, os_pfetches:81
                                        nr_pages_read:1214, nr_pages_hit:610, nr_do_read_fault:167
[ 5935.634033] write_proc: Value of write = 0
[ 5935.634049] __do_sys_start_cross_trace: PRINT_GLOBAL_STATS 
[ 5935.634051] Final GlobalReport: nr_pages_read:7746719128, nr_pages_hit:7560643708, nr_do_read_fault:6808662, nr_pages_miss:69355125
[ 5935.634091] FinalTaskReport: time:33209 - ra_orig_nr_pages:0, ra_final_nr_pages:0
                                        async_pages:0, final_async_pages:25
                                        full_pfetches:0, less256_pfetches:0, partial_pfetches:0
                                        failed_pfetches:0, total_pfetches:0, os_pfetches:1
                                        nr_pages_read:0, nr_pages_hit:0, nr_do_read_fault:18
