ENABLE_FILE_STATS in con
ENABLE_FILE_STATS in con
RocksDB:    version 6.20
Date:       Thu Aug 11 15:22:15 2022
CPU:        48 * AMD EPYC 7402P 24-Core Processor
CPUCache:   512 KB
Initializing RocksDB Options from the specified file
Initializing RocksDB Options from command-line flags
Keys:       1000 bytes each (+ 0 bytes user-defined timestamp)
Values:     4096 bytes each (2048 bytes after compression)
Entries:    2000000
Prefix:    0 bytes
Keys per prefix:    0
RawSize:    9719.8 MB (estimated)
FileSize:   5813.6 MB (estimated)
Write rate: 0 bytes/second
Read rate: 0 ops/second
Compression: Snappy
Compression sampling rate: 0
Memtablerep: skip_list
Perf Level: 1
------------------------------------------------
DB path: [/users/kannan11/ssd/sudarsun/prefetching/appbench/apps/rocksdb/DATA]
compact      : 94304738.000 micros/op 0 ops/sec;
DESTRUCTOR GETTING CALLED 
PRINT_GLOBAL_STATS in dest
	Command being timed: "./db_bench --db=/users/kannan11/ssd/sudarsun/prefetching/appbench/apps/rocksdb/DATA --value_size=4096 --wal_dir=/users/kannan11/ssd/sudarsun/prefetching/appbench/apps/rocksdb/DATA/WAL_LOG --sync=0 --key_size=1000 --write_buffer_size=67108864 --num=2000000 --benchmarks=compact --use_existing_db=1 --mmap_read=0 --threads=4"
	User time (seconds): 16.87
	System time (seconds): 8.55
	Percent of CPU this job got: 105%
	Elapsed (wall clock) time (h:mm:ss or m:ss): 0:24.18
	Average shared text size (kbytes): 0
	Average unshared data size (kbytes): 0
	Average stack size (kbytes): 0
	Average total size (kbytes): 0
	Maximum resident set size (kbytes): 319584
	Average resident set size (kbytes): 0
	Major (requiring I/O) page faults: 73
	Minor (reclaiming a frame) page faults: 1266412
	Voluntary context switches: 85557
	Involuntary context switches: 38
	Swaps: 0
	File system inputs: 9815480
	File system outputs: 9082008
	Socket messages sent: 0
	Socket messages received: 0
	Signals delivered: 0
	Page size (bytes): 4096
	Exit status: 0
DESTRUCTOR GETTING CALLED 
PRINT_GLOBAL_STATS in dest
[ 6618.743857] free_cross_bitmap: releasing mem for inode with i_count 2
[ 6618.755869] free_cross_bitmap: releasing mem for inode with i_count 2
[ 6618.767968] free_cross_bitmap: releasing mem for inode with i_count 2
[ 6618.779897] free_cross_bitmap: releasing mem for inode with i_count 2
[ 6618.792325] free_cross_bitmap: releasing mem for inode with i_count 2
[ 6618.799530] free_cross_bitmap: releasing mem for inode with i_count 2
[ 6618.815157] free_cross_bitmap: releasing mem for inode with i_count 2
[ 6618.826236] free_cross_bitmap: releasing mem for inode with i_count 2
[ 6618.837215] free_cross_bitmap: releasing mem for inode with i_count 2
[ 6618.848034] free_cross_bitmap: releasing mem for inode with i_count 2
[ 6618.858906] free_cross_bitmap: releasing mem for inode with i_count 2
[ 6618.869643] free_cross_bitmap: releasing mem for inode with i_count 2
[ 6618.881053] free_cross_bitmap: releasing mem for inode with i_count 2
[ 6618.892034] free_cross_bitmap: releasing mem for inode with i_count 2
[ 6618.902849] free_cross_bitmap: releasing mem for inode with i_count 2
[ 6618.913672] free_cross_bitmap: releasing mem for inode with i_count 2
[ 6618.924526] free_cross_bitmap: releasing mem for inode with i_count 2
[ 6618.935160] free_cross_bitmap: releasing mem for inode with i_count 2
[ 6618.946131] free_cross_bitmap: releasing mem for inode with i_count 2
[ 6618.957526] free_cross_bitmap: releasing mem for inode with i_count 2
[ 6618.968573] free_cross_bitmap: releasing mem for inode with i_count 2
[ 6618.979323] free_cross_bitmap: releasing mem for inode with i_count 2
[ 6618.990056] free_cross_bitmap: releasing mem for inode with i_count 2
[ 6619.000671] free_cross_bitmap: releasing mem for inode with i_count 2
[ 6619.011700] free_cross_bitmap: releasing mem for inode with i_count 2
[ 6619.022310] free_cross_bitmap: releasing mem for inode with i_count 2
[ 6619.032827] free_cross_bitmap: releasing mem for inode with i_count 2
[ 6619.043395] free_cross_bitmap: releasing mem for inode with i_count 2
[ 6619.054038] free_cross_bitmap: releasing mem for inode with i_count 2
[ 6619.064602] free_cross_bitmap: releasing mem for inode with i_count 2
[ 6619.075788] free_cross_bitmap: releasing mem for inode with i_count 2
[ 6619.086434] free_cross_bitmap: releasing mem for inode with i_count 2
[ 6619.097145] free_cross_bitmap: releasing mem for inode with i_count 2
[ 6619.107792] free_cross_bitmap: releasing mem for inode with i_count 2
[ 6619.118884] free_cross_bitmap: releasing mem for inode with i_count 2
[ 6619.129473] free_cross_bitmap: releasing mem for inode with i_count 2
[ 6619.140385] free_cross_bitmap: releasing mem for inode with i_count 2
[ 6619.150983] free_cross_bitmap: releasing mem for inode with i_count 2
[ 6619.161644] free_cross_bitmap: releasing mem for inode with i_count 2
[ 6619.172346] free_cross_bitmap: releasing mem for inode with i_count 2
[ 6619.182907] free_cross_bitmap: releasing mem for inode with i_count 2
[ 6619.193416] free_cross_bitmap: releasing mem for inode with i_count 2
[ 6619.204547] free_cross_bitmap: releasing mem for inode with i_count 2
[ 6619.215128] free_cross_bitmap: releasing mem for inode with i_count 2
[ 6619.225665] free_cross_bitmap: releasing mem for inode with i_count 2
[ 6619.236334] free_cross_bitmap: releasing mem for inode with i_count 2
[ 6619.247550] free_cross_bitmap: releasing mem for inode with i_count 2
[ 6619.258100] free_cross_bitmap: releasing mem for inode with i_count 2
[ 6619.269056] free_cross_bitmap: releasing mem for inode with i_count 2
[ 6619.279640] free_cross_bitmap: releasing mem for inode with i_count 2
[ 6619.290221] free_cross_bitmap: releasing mem for inode with i_count 2
[ 6619.300788] free_cross_bitmap: releasing mem for inode with i_count 2
[ 6619.311566] free_cross_bitmap: releasing mem for inode with i_count 2
[ 6619.322155] free_cross_bitmap: releasing mem for inode with i_count 2
[ 6619.333108] free_cross_bitmap: releasing mem for inode with i_count 2
[ 6619.343895] free_cross_bitmap: releasing mem for inode with i_count 2
[ 6619.354667] free_cross_bitmap: releasing mem for inode with i_count 2
[ 6619.365260] free_cross_bitmap: releasing mem for inode with i_count 2
[ 6619.375875] free_cross_bitmap: releasing mem for inode with i_count 2
[ 6619.387011] free_cross_bitmap: releasing mem for inode with i_count 2
[ 6619.398172] free_cross_bitmap: releasing mem for inode with i_count 2
[ 6619.408816] free_cross_bitmap: releasing mem for inode with i_count 2
[ 6619.419602] free_cross_bitmap: releasing mem for inode with i_count 2
[ 6619.430411] free_cross_bitmap: releasing mem for inode with i_count 2
[ 6619.440993] free_cross_bitmap: releasing mem for inode with i_count 2
[ 6619.451595] free_cross_bitmap: releasing mem for inode with i_count 2
[ 6619.462519] free_cross_bitmap: releasing mem for inode with i_count 2
[ 6619.473335] free_cross_bitmap: releasing mem for inode with i_count 2
[ 6619.483975] free_cross_bitmap: releasing mem for inode with i_count 2
[ 6619.494613] free_cross_bitmap: releasing mem for inode with i_count 2
[ 6619.505249] free_cross_bitmap: releasing mem for inode with i_count 2
[ 6619.516015] free_cross_bitmap: releasing mem for inode with i_count 2
[ 6619.528220] free_cross_bitmap: releasing mem for inode with i_count 2
[ 6619.539506] free_cross_bitmap: releasing mem for inode with i_count 2
[ 6619.546684] free_cross_bitmap: releasing mem for inode with i_count 2
[ 6619.553933] sh (19239): drop_caches: 3
[ 6619.582117] sh (19319): drop_caches: 3
[ 6624.607010] Enabled file stats for time:19326
[ 6624.607217] write_proc: Value of write = 0
[ 6624.613255] Enabled file stats for db_bench:19335
[ 6624.613462] write_proc: Value of write = 0
[ 6624.635224] alloc_cross_bitmap: preallocate 268435456 pg, nr_longs=4194304 in 12 millisec
[ 6624.637157] alloc_cross_bitmap: preallocate 268435456 pg, nr_longs=4194304 in 16 millisec
[ 6624.637683] alloc_cross_bitmap: preallocate 268435456 pg, nr_longs=4194304 in 16 millisec
[ 6624.638063] alloc_cross_bitmap: preallocate 268435456 pg, nr_longs=4194304 in 16 millisec
[ 6624.638197] alloc_cross_bitmap: preallocate 268435456 pg, nr_longs=4194304 in 16 millisec
[ 6624.638420] alloc_cross_bitmap: preallocate 268435456 pg, nr_longs=4194304 in 16 millisec
[ 6624.638761] alloc_cross_bitmap: preallocate 268435456 pg, nr_longs=4194304 in 16 millisec
[ 6624.638798] alloc_cross_bitmap: preallocate 268435456 pg, nr_longs=4194304 in 16 millisec
[ 6624.638810] alloc_cross_bitmap: preallocate 268435456 pg, nr_longs=4194304 in 16 millisec
[ 6624.638876] alloc_cross_bitmap: preallocate 268435456 pg, nr_longs=4194304 in 16 millisec
[ 6624.638957] alloc_cross_bitmap: preallocate 268435456 pg, nr_longs=4194304 in 16 millisec
[ 6624.639011] alloc_cross_bitmap: preallocate 268435456 pg, nr_longs=4194304 in 16 millisec
[ 6624.639025] alloc_cross_bitmap: preallocate 268435456 pg, nr_longs=4194304 in 16 millisec
[ 6624.639151] alloc_cross_bitmap: preallocate 268435456 pg, nr_longs=4194304 in 16 millisec
[ 6624.639234] alloc_cross_bitmap: preallocate 268435456 pg, nr_longs=4194304 in 16 millisec
[ 6624.641069] alloc_cross_bitmap: preallocate 268435456 pg, nr_longs=4194304 in 8 millisec
[ 6624.643780] alloc_cross_bitmap: preallocate 268435456 pg, nr_longs=4194304 in 4 millisec
[ 6624.644428] alloc_cross_bitmap: preallocate 268435456 pg, nr_longs=4194304 in 4 millisec
[ 6624.645742] alloc_cross_bitmap: preallocate 268435456 pg, nr_longs=4194304 in 4 millisec
[ 6624.646523] alloc_cross_bitmap: preallocate 268435456 pg, nr_longs=4194304 in 4 millisec
[ 6624.647072] alloc_cross_bitmap: preallocate 268435456 pg, nr_longs=4194304 in 4 millisec
[ 6624.648231] alloc_cross_bitmap: preallocate 268435456 pg, nr_longs=4194304 in 4 millisec
[ 6624.648625] alloc_cross_bitmap: preallocate 268435456 pg, nr_longs=4194304 in 4 millisec
[ 6624.649764] alloc_cross_bitmap: preallocate 268435456 pg, nr_longs=4194304 in 8 millisec
[ 6624.650104] alloc_cross_bitmap: preallocate 268435456 pg, nr_longs=4194304 in 8 millisec
[ 6624.650626] alloc_cross_bitmap: preallocate 268435456 pg, nr_longs=4194304 in 4 millisec
[ 6624.650709] alloc_cross_bitmap: preallocate 268435456 pg, nr_longs=4194304 in 4 millisec
[ 6624.653851] alloc_cross_bitmap: preallocate 268435456 pg, nr_longs=4194304 in 8 millisec
[ 6624.654580] alloc_cross_bitmap: preallocate 268435456 pg, nr_longs=4194304 in 8 millisec
[ 6624.655439] alloc_cross_bitmap: preallocate 268435456 pg, nr_longs=4194304 in 8 millisec
[ 6624.655769] alloc_cross_bitmap: preallocate 268435456 pg, nr_longs=4194304 in 8 millisec
[ 6624.658324] alloc_cross_bitmap: preallocate 268435456 pg, nr_longs=4194304 in 12 millisec
[ 6624.659018] alloc_cross_bitmap: preallocate 268435456 pg, nr_longs=4194304 in 12 millisec
[ 6624.659274] alloc_cross_bitmap: preallocate 268435456 pg, nr_longs=4194304 in 12 millisec
[ 6624.659420] alloc_cross_bitmap: preallocate 268435456 pg, nr_longs=4194304 in 12 millisec
[ 6624.660436] alloc_cross_bitmap: preallocate 268435456 pg, nr_longs=4194304 in 8 millisec
[ 6624.660482] alloc_cross_bitmap: preallocate 268435456 pg, nr_longs=4194304 in 8 millisec
[ 6624.661399] alloc_cross_bitmap: preallocate 268435456 pg, nr_longs=4194304 in 12 millisec
[ 6624.661851] alloc_cross_bitmap: preallocate 268435456 pg, nr_longs=4194304 in 12 millisec
[ 6624.662371] alloc_cross_bitmap: preallocate 268435456 pg, nr_longs=4194304 in 12 millisec
[ 6624.662449] alloc_cross_bitmap: preallocate 268435456 pg, nr_longs=4194304 in 8 millisec
[ 6624.664651] alloc_cross_bitmap: preallocate 268435456 pg, nr_longs=4194304 in 4 millisec
[ 6624.664935] alloc_cross_bitmap: preallocate 268435456 pg, nr_longs=4194304 in 12 millisec
[ 6624.665499] alloc_cross_bitmap: preallocate 268435456 pg, nr_longs=4194304 in 12 millisec
[ 6624.665496] alloc_cross_bitmap: preallocate 268435456 pg, nr_longs=4194304 in 12 millisec
[ 6624.668151] alloc_cross_bitmap: preallocate 268435456 pg, nr_longs=4194304 in 4 millisec
[ 6624.668317] alloc_cross_bitmap: preallocate 268435456 pg, nr_longs=4194304 in 4 millisec
[ 6624.669659] alloc_cross_bitmap: preallocate 268435456 pg, nr_longs=4194304 in 8 millisec
[ 6624.670439] alloc_cross_bitmap: preallocate 268435456 pg, nr_longs=4194304 in 8 millisec
[ 6624.670760] alloc_cross_bitmap: preallocate 268435456 pg, nr_longs=4194304 in 8 millisec
[ 6624.671078] alloc_cross_bitmap: preallocate 268435456 pg, nr_longs=4194304 in 8 millisec
[ 6624.671309] alloc_cross_bitmap: preallocate 268435456 pg, nr_longs=4194304 in 8 millisec
[ 6624.671411] alloc_cross_bitmap: preallocate 268435456 pg, nr_longs=4194304 in 8 millisec
[ 6624.671557] alloc_cross_bitmap: preallocate 268435456 pg, nr_longs=4194304 in 8 millisec
[ 6624.671701] alloc_cross_bitmap: preallocate 268435456 pg, nr_longs=4194304 in 8 millisec
[ 6624.673043] alloc_cross_bitmap: preallocate 268435456 pg, nr_longs=4194304 in 4 millisec
[ 6624.732688] alloc_cross_bitmap: preallocate 268435456 pg, nr_longs=4194304 in 4 millisec
[ 6624.733284] alloc_cross_bitmap: preallocate 268435456 pg, nr_longs=4194304 in 8 millisec
[ 6624.733381] alloc_cross_bitmap: preallocate 268435456 pg, nr_longs=4194304 in 8 millisec
[ 6624.734024] alloc_cross_bitmap: preallocate 268435456 pg, nr_longs=4194304 in 8 millisec
[ 6624.734028] alloc_cross_bitmap: preallocate 268435456 pg, nr_longs=4194304 in 8 millisec
[ 6624.734089] alloc_cross_bitmap: preallocate 268435456 pg, nr_longs=4194304 in 8 millisec
[ 6624.734139] alloc_cross_bitmap: preallocate 268435456 pg, nr_longs=4194304 in 8 millisec
[ 6624.735121] alloc_cross_bitmap: preallocate 268435456 pg, nr_longs=4194304 in 8 millisec
[ 6624.735190] alloc_cross_bitmap: preallocate 268435456 pg, nr_longs=4194304 in 8 millisec
[ 6624.735192] alloc_cross_bitmap: preallocate 268435456 pg, nr_longs=4194304 in 8 millisec
[ 6624.735211] alloc_cross_bitmap: preallocate 268435456 pg, nr_longs=4194304 in 8 millisec
[ 6624.740874] alloc_cross_bitmap: preallocate 268435456 pg, nr_longs=4194304 in 8 millisec
[ 6624.740881] alloc_cross_bitmap: preallocate 268435456 pg, nr_longs=4194304 in 8 millisec
[ 6624.820074] alloc_cross_bitmap: preallocate 268435456 pg, nr_longs=4194304 in 4 millisec
[ 6624.821622] alloc_cross_bitmap: preallocate 268435456 pg, nr_longs=4194304 in 4 millisec
[ 6624.823764] alloc_cross_bitmap: preallocate 268435456 pg, nr_longs=4194304 in 4 millisec
[ 6624.826123] alloc_cross_bitmap: preallocate 268435456 pg, nr_longs=4194304 in 4 millisec
[ 6624.826320] alloc_cross_bitmap: preallocate 268435456 pg, nr_longs=4194304 in 4 millisec
[ 6624.826428] alloc_cross_bitmap: preallocate 268435456 pg, nr_longs=4194304 in 4 millisec
[ 6647.894368] alloc_cross_bitmap: preallocate 268435456 pg, nr_longs=4194304 in 4 millisec
[ 6647.898196] alloc_cross_bitmap: preallocate 268435456 pg, nr_longs=4194304 in 4 millisec
[ 6647.902377] alloc_cross_bitmap: preallocate 268435456 pg, nr_longs=4194304 in 4 millisec
[ 6647.906213] alloc_cross_bitmap: preallocate 268435456 pg, nr_longs=4194304 in 4 millisec
[ 6647.910043] alloc_cross_bitmap: preallocate 268435456 pg, nr_longs=4194304 in 4 millisec
[ 6647.914739] alloc_cross_bitmap: preallocate 268435456 pg, nr_longs=4194304 in 4 millisec
[ 6647.919911] alloc_cross_bitmap: preallocate 268435456 pg, nr_longs=4194304 in 4 millisec
[ 6647.924708] alloc_cross_bitmap: preallocate 268435456 pg, nr_longs=4194304 in 0 millisec
[ 6647.929281] alloc_cross_bitmap: preallocate 268435456 pg, nr_longs=4194304 in 4 millisec
[ 6647.933719] alloc_cross_bitmap: preallocate 268435456 pg, nr_longs=4194304 in 4 millisec
[ 6647.938138] alloc_cross_bitmap: preallocate 268435456 pg, nr_longs=4194304 in 4 millisec
[ 6647.943216] alloc_cross_bitmap: preallocate 268435456 pg, nr_longs=4194304 in 4 millisec
[ 6647.948489] alloc_cross_bitmap: preallocate 268435456 pg, nr_longs=4194304 in 0 millisec
[ 6647.953721] alloc_cross_bitmap: preallocate 268435456 pg, nr_longs=4194304 in 4 millisec
[ 6647.959072] alloc_cross_bitmap: preallocate 268435456 pg, nr_longs=4194304 in 4 millisec
[ 6647.964133] alloc_cross_bitmap: preallocate 268435456 pg, nr_longs=4194304 in 0 millisec
[ 6647.969308] alloc_cross_bitmap: preallocate 268435456 pg, nr_longs=4194304 in 4 millisec
[ 6647.973993] alloc_cross_bitmap: preallocate 268435456 pg, nr_longs=4194304 in 4 millisec
[ 6647.978753] alloc_cross_bitmap: preallocate 268435456 pg, nr_longs=4194304 in 4 millisec
[ 6647.983450] alloc_cross_bitmap: preallocate 268435456 pg, nr_longs=4194304 in 4 millisec
[ 6647.988590] alloc_cross_bitmap: preallocate 268435456 pg, nr_longs=4194304 in 0 millisec
[ 6647.993716] alloc_cross_bitmap: preallocate 268435456 pg, nr_longs=4194304 in 4 millisec
[ 6647.999137] alloc_cross_bitmap: preallocate 268435456 pg, nr_longs=4194304 in 4 millisec
[ 6648.004640] alloc_cross_bitmap: preallocate 268435456 pg, nr_longs=4194304 in 0 millisec
[ 6648.010120] alloc_cross_bitmap: preallocate 268435456 pg, nr_longs=4194304 in 4 millisec
[ 6648.014683] alloc_cross_bitmap: preallocate 268435456 pg, nr_longs=4194304 in 4 millisec
[ 6648.019712] alloc_cross_bitmap: preallocate 268435456 pg, nr_longs=4194304 in 4 millisec
[ 6648.024506] alloc_cross_bitmap: preallocate 268435456 pg, nr_longs=4194304 in 0 millisec
[ 6648.030088] alloc_cross_bitmap: preallocate 268435456 pg, nr_longs=4194304 in 4 millisec
[ 6648.035406] alloc_cross_bitmap: preallocate 268435456 pg, nr_longs=4194304 in 4 millisec
[ 6648.040690] alloc_cross_bitmap: preallocate 268435456 pg, nr_longs=4194304 in 0 millisec
[ 6648.045811] alloc_cross_bitmap: preallocate 268435456 pg, nr_longs=4194304 in 4 millisec
[ 6648.051254] alloc_cross_bitmap: preallocate 268435456 pg, nr_longs=4194304 in 4 millisec
[ 6648.055960] alloc_cross_bitmap: preallocate 268435456 pg, nr_longs=4194304 in 0 millisec
[ 6648.061036] alloc_cross_bitmap: preallocate 268435456 pg, nr_longs=4194304 in 4 millisec
[ 6648.066062] alloc_cross_bitmap: preallocate 268435456 pg, nr_longs=4194304 in 4 millisec
[ 6648.071389] alloc_cross_bitmap: preallocate 268435456 pg, nr_longs=4194304 in 4 millisec
[ 6648.076835] alloc_cross_bitmap: preallocate 268435456 pg, nr_longs=4194304 in 4 millisec
[ 6648.082464] alloc_cross_bitmap: preallocate 268435456 pg, nr_longs=4194304 in 4 millisec
[ 6648.087741] alloc_cross_bitmap: preallocate 268435456 pg, nr_longs=4194304 in 4 millisec
[ 6648.093131] alloc_cross_bitmap: preallocate 268435456 pg, nr_longs=4194304 in 4 millisec
[ 6648.097860] alloc_cross_bitmap: preallocate 268435456 pg, nr_longs=4194304 in 4 millisec
[ 6648.102856] alloc_cross_bitmap: preallocate 268435456 pg, nr_longs=4194304 in 4 millisec
[ 6648.135827] alloc_cross_bitmap: preallocate 268435456 pg, nr_longs=4194304 in 0 millisec
[ 6648.139663] alloc_cross_bitmap: preallocate 268435456 pg, nr_longs=4194304 in 4 millisec
[ 6648.143772] alloc_cross_bitmap: preallocate 268435456 pg, nr_longs=4194304 in 4 millisec
[ 6648.147718] alloc_cross_bitmap: preallocate 268435456 pg, nr_longs=4194304 in 4 millisec
[ 6648.151758] alloc_cross_bitmap: preallocate 268435456 pg, nr_longs=4194304 in 4 millisec
[ 6648.156645] alloc_cross_bitmap: preallocate 268435456 pg, nr_longs=4194304 in 0 millisec
[ 6648.161349] alloc_cross_bitmap: preallocate 268435456 pg, nr_longs=4194304 in 4 millisec
[ 6648.165731] alloc_cross_bitmap: preallocate 268435456 pg, nr_longs=4194304 in 4 millisec
[ 6648.170750] alloc_cross_bitmap: preallocate 268435456 pg, nr_longs=4194304 in 4 millisec
[ 6648.176119] alloc_cross_bitmap: preallocate 268435456 pg, nr_longs=4194304 in 0 millisec
[ 6648.181456] alloc_cross_bitmap: preallocate 268435456 pg, nr_longs=4194304 in 4 millisec
[ 6648.186833] alloc_cross_bitmap: preallocate 268435456 pg, nr_longs=4194304 in 4 millisec
[ 6648.191821] alloc_cross_bitmap: preallocate 268435456 pg, nr_longs=4194304 in 4 millisec
[ 6648.197116] alloc_cross_bitmap: preallocate 268435456 pg, nr_longs=4194304 in 4 millisec
[ 6648.201723] alloc_cross_bitmap: preallocate 268435456 pg, nr_longs=4194304 in 4 millisec
[ 6648.206704] alloc_cross_bitmap: preallocate 268435456 pg, nr_longs=4194304 in 4 millisec
[ 6648.211860] alloc_cross_bitmap: preallocate 268435456 pg, nr_longs=4194304 in 4 millisec
[ 6648.215725] alloc_cross_bitmap: preallocate 268435456 pg, nr_longs=4194304 in 4 millisec
[ 6648.219682] alloc_cross_bitmap: preallocate 268435456 pg, nr_longs=4194304 in 4 millisec
[ 6648.223707] alloc_cross_bitmap: preallocate 268435456 pg, nr_longs=4194304 in 4 millisec
[ 6648.227627] alloc_cross_bitmap: preallocate 268435456 pg, nr_longs=4194304 in 4 millisec
[ 6648.233032] alloc_cross_bitmap: preallocate 268435456 pg, nr_longs=4194304 in 4 millisec
[ 6648.237816] alloc_cross_bitmap: preallocate 268435456 pg, nr_longs=4194304 in 4 millisec
[ 6648.241603] alloc_cross_bitmap: preallocate 268435456 pg, nr_longs=4194304 in 4 millisec
[ 6648.247283] alloc_cross_bitmap: preallocate 268435456 pg, nr_longs=4194304 in 4 millisec
[ 6648.251150] alloc_cross_bitmap: preallocate 268435456 pg, nr_longs=4194304 in 4 millisec
[ 6648.254481] free_cross_bitmap: releasing mem for inode with i_count 2
[ 6648.263515] free_cross_bitmap: releasing mem for inode with i_count 2
[ 6648.270828] free_cross_bitmap: releasing mem for inode with i_count 2
[ 6648.278126] free_cross_bitmap: releasing mem for inode with i_count 2
[ 6648.285331] free_cross_bitmap: releasing mem for inode with i_count 2
[ 6648.292488] free_cross_bitmap: releasing mem for inode with i_count 2
[ 6648.299653] free_cross_bitmap: releasing mem for inode with i_count 2
[ 6648.306767] free_cross_bitmap: releasing mem for inode with i_count 2
[ 6648.313862] free_cross_bitmap: releasing mem for inode with i_count 2
[ 6648.321011] free_cross_bitmap: releasing mem for inode with i_count 2
[ 6648.328059] free_cross_bitmap: releasing mem for inode with i_count 2
[ 6648.335041] free_cross_bitmap: releasing mem for inode with i_count 2
[ 6648.342085] free_cross_bitmap: releasing mem for inode with i_count 2
[ 6648.349214] free_cross_bitmap: releasing mem for inode with i_count 2
[ 6648.356259] free_cross_bitmap: releasing mem for inode with i_count 2
[ 6648.363401] free_cross_bitmap: releasing mem for inode with i_count 2
[ 6648.370438] free_cross_bitmap: releasing mem for inode with i_count 2
[ 6648.377397] free_cross_bitmap: releasing mem for inode with i_count 2
[ 6648.384371] free_cross_bitmap: releasing mem for inode with i_count 2
[ 6648.391354] free_cross_bitmap: releasing mem for inode with i_count 2
[ 6648.398320] free_cross_bitmap: releasing mem for inode with i_count 2
[ 6648.405573] free_cross_bitmap: releasing mem for inode with i_count 2
[ 6648.412556] free_cross_bitmap: releasing mem for inode with i_count 2
[ 6648.419577] free_cross_bitmap: releasing mem for inode with i_count 2
[ 6648.426558] free_cross_bitmap: releasing mem for inode with i_count 2
[ 6648.433525] free_cross_bitmap: releasing mem for inode with i_count 2
[ 6648.440504] free_cross_bitmap: releasing mem for inode with i_count 2
[ 6648.447856] free_cross_bitmap: releasing mem for inode with i_count 2
[ 6648.454876] free_cross_bitmap: releasing mem for inode with i_count 2
[ 6648.461884] free_cross_bitmap: releasing mem for inode with i_count 2
[ 6648.468864] free_cross_bitmap: releasing mem for inode with i_count 2
[ 6648.475834] free_cross_bitmap: releasing mem for inode with i_count 2
[ 6648.483036] free_cross_bitmap: releasing mem for inode with i_count 2
[ 6648.490535] free_cross_bitmap: releasing mem for inode with i_count 2
[ 6648.497499] free_cross_bitmap: releasing mem for inode with i_count 2
[ 6648.504480] free_cross_bitmap: releasing mem for inode with i_count 2
[ 6648.511452] free_cross_bitmap: releasing mem for inode with i_count 2
[ 6648.518411] free_cross_bitmap: releasing mem for inode with i_count 2
[ 6648.525382] free_cross_bitmap: releasing mem for inode with i_count 2
[ 6648.532676] free_cross_bitmap: releasing mem for inode with i_count 2
[ 6648.539621] free_cross_bitmap: releasing mem for inode with i_count 2
[ 6648.546558] free_cross_bitmap: releasing mem for inode with i_count 2
[ 6648.553495] free_cross_bitmap: releasing mem for inode with i_count 2
[ 6648.560468] free_cross_bitmap: releasing mem for inode with i_count 2
[ 6648.567438] free_cross_bitmap: releasing mem for inode with i_count 2
[ 6648.575123] free_cross_bitmap: releasing mem for inode with i_count 2
[ 6648.582052] free_cross_bitmap: releasing mem for inode with i_count 2
[ 6648.589068] free_cross_bitmap: releasing mem for inode with i_count 2
[ 6648.596002] free_cross_bitmap: releasing mem for inode with i_count 2
[ 6648.603035] free_cross_bitmap: releasing mem for inode with i_count 2
[ 6648.610043] free_cross_bitmap: releasing mem for inode with i_count 2
[ 6648.617342] free_cross_bitmap: releasing mem for inode with i_count 2
[ 6648.624273] free_cross_bitmap: releasing mem for inode with i_count 2
[ 6648.631259] free_cross_bitmap: releasing mem for inode with i_count 2
[ 6648.638219] free_cross_bitmap: releasing mem for inode with i_count 2
[ 6648.645166] free_cross_bitmap: releasing mem for inode with i_count 2
[ 6648.652111] free_cross_bitmap: releasing mem for inode with i_count 2
[ 6648.659443] free_cross_bitmap: releasing mem for inode with i_count 2
[ 6648.666458] free_cross_bitmap: releasing mem for inode with i_count 2
[ 6648.673412] free_cross_bitmap: releasing mem for inode with i_count 2
[ 6648.680412] free_cross_bitmap: releasing mem for inode with i_count 2
[ 6648.687431] free_cross_bitmap: releasing mem for inode with i_count 2
[ 6648.694427] free_cross_bitmap: releasing mem for inode with i_count 2
[ 6648.701827] free_cross_bitmap: releasing mem for inode with i_count 2
[ 6648.708785] free_cross_bitmap: releasing mem for inode with i_count 2
[ 6648.715746] free_cross_bitmap: releasing mem for inode with i_count 2
[ 6648.722735] free_cross_bitmap: releasing mem for inode with i_count 2
[ 6648.729704] free_cross_bitmap: releasing mem for inode with i_count 2
[ 6648.736689] free_cross_bitmap: releasing mem for inode with i_count 2
[ 6648.744105] free_cross_bitmap: releasing mem for inode with i_count 2
[ 6648.751085] free_cross_bitmap: releasing mem for inode with i_count 2
[ 6648.758055] free_cross_bitmap: releasing mem for inode with i_count 2
[ 6648.765030] free_cross_bitmap: releasing mem for inode with i_count 2
[ 6648.772005] free_cross_bitmap: releasing mem for inode with i_count 2
[ 6648.778982] free_cross_bitmap: releasing mem for inode with i_count 2
[ 6648.790804] write_proc: Value of write = 0
[ 6648.790824] __do_sys_start_cross_trace: PRINT_GLOBAL_STATS 
[ 6648.790825] Final GlobalReport: nr_pages_read:3381895697, nr_pages_hit:3206576150, nr_do_read_fault:730099, nr_pages_miss:72821110
[ 6648.790876] FinalTaskReport: db_bench:19335 - ra_orig_nr_pages:0, ra_final_nr_pages:0
                                        async_pages:840, final_async_pages:1491
                                        full_pfetches:0, less256_pfetches:0, partial_pfetches:0
                                        failed_pfetches:0, total_pfetches:0, os_pfetches:67
                                        nr_pages_read:854, nr_pages_hit:410, nr_do_read_fault:157
[ 6648.793795] write_proc: Value of write = 0
[ 6648.793811] __do_sys_start_cross_trace: PRINT_GLOBAL_STATS 
[ 6648.793812] Final GlobalReport: nr_pages_read:3381895697, nr_pages_hit:3206576150, nr_do_read_fault:730103, nr_pages_miss:72821110
[ 6648.793849] FinalTaskReport: time:19326 - ra_orig_nr_pages:0, ra_final_nr_pages:0
                                        async_pages:0, final_async_pages:42
                                        full_pfetches:0, less256_pfetches:0, partial_pfetches:0
                                        failed_pfetches:0, total_pfetches:0, os_pfetches:2
                                        nr_pages_read:0, nr_pages_hit:0, nr_do_read_fault:16
