Received signal 11 (Segmentation fault)
#0   /usr/lib/lib_Cross_Blind.so(_Z13prefetcher_thPv+0x20) [0x7f0b7240d250] Command terminated by signal 11
	Command being timed: "./db_bench --db=/users/kannan11/ssd/prefetching/appbench/apps/rocksdb/DATA --value_size=4096 --wal_dir=/users/kannan11/ssd/prefetching/appbench/apps/rocksdb/DATA/WAL_LOG --sync=0 --key_size=1000 --write_buffer_size=67108864 --num=0 --seed=1576170874 --benchmarks=readwhilescanning --use_existing_db=1 --mmap_read=0 --threads=8"
	User time (seconds): 0.02
	System time (seconds): 0.46
	Percent of CPU this job got: 186%
	Elapsed (wall clock) time (h:mm:ss or m:ss): 0:00.26
	Average shared text size (kbytes): 0
	Average unshared data size (kbytes): 0
	Average stack size (kbytes): 0
	Average total size (kbytes): 0
	Maximum resident set size (kbytes): 41040
	Average resident set size (kbytes): 0
	Major (requiring I/O) page faults: 82
	Minor (reclaiming a frame) page faults: 9356
	Voluntary context switches: 526
	Involuntary context switches: 19
	Swaps: 0
	File system inputs: 605920
	File system outputs: 80
	Socket messages sent: 0
	Socket messages received: 0
	Signals delivered: 0
	Page size (bytes): 4096
	Exit status: 0
DESTRUCTOR GETTING CALLED 
PRINT_GLOBAL_LIB_STATS in dest
Total nr_ra = 0
Total nr_bytes_ra = 0
[34028.469962] sh (35231): drop_caches: 3
[34028.509923] sh (35238): drop_caches: 3
[34033.542844] write_proc_unbounded: Value of write = 0
[34033.542857] write_proc_2mb_limit: Value of write = 0
[34033.542863] write_proc_bitmap_shift: Value of write = 38
[34033.550633] write_proc_unbounded: Value of write = 0
[34033.550648] write_proc_2mb_limit: Value of write = 0
[34033.550653] write_proc_bitmap_shift: Value of write = 38
[34033.804916] traps: db_bench[35283] general protection fault ip:7f0b7240d250 sp:7f0b6eaf3aa0 error:0 in lib_Cross_Blind.so[7f0b72408000+a000]
[34033.807408] write_proc_unbounded: Value of write = 0
[34033.807418] write_proc_2mb_limit: Value of write = 0
[34033.807422] write_proc_bitmap_shift: Value of write = 38
[34033.808313] write_proc_unbounded: Value of write = 0
[34033.808320] write_proc_2mb_limit: Value of write = 0
[34033.811300] write_proc_unbounded: Value of write = 0
[34033.811310] write_proc_2mb_limit: Value of write = 0
[34033.811315] write_proc_bitmap_shift: Value of write = 38
