RocksDB:    version 7.6.0
Date:       Fri Oct  7 23:56:50 2022
CPU:        128 * AMD EPYC 7543 32-Core Processor
CPUCache:   512 KB
entries_per_batch = 1
Initializing RocksDB Options from the specified file
Initializing RocksDB Options from command-line flags
Integrated BlobDB: blob cache disabled
Keys:       1000 bytes each (+ 0 bytes user-defined timestamp)
Values:     4096 bytes each (2048 bytes after compression)
Entries:    0
Prefix:    0 bytes
Keys per prefix:    0
RawSize:    0.0 MB (estimated)
FileSize:   0.0 MB (estimated)
Write rate: 0 bytes/second
Read rate: 0 ops/second
Compression: Snappy
Compression sampling rate: 0
Memtablerep: SkipListFactory
Perf Level: 1
------------------------------------------------
DB path: [/users/kannan11/ssd/prefetching/appbench/apps/rocksdb/DATA]
multireadrandom :      98.000 micros/op 25000 ops/sec 0.000 seconds 1 operations; (0 of 0 found)
DESTRUCTOR GETTING CALLED 
PRINT_GLOBAL_LIB_STATS in dest
Total nr_ra = 36907
Total nr_bytes_ra = 154799177728
	Command being timed: "./db_bench --db=/users/kannan11/ssd/prefetching/appbench/apps/rocksdb/DATA --value_size=4096 --wal_dir=/users/kannan11/ssd/prefetching/appbench/apps/rocksdb/DATA/WAL_LOG --sync=0 --key_size=1000 --write_buffer_size=67108864 --num=0 --seed=1576170874 --benchmarks=multireadrandom --use_existing_db=1 --mmap_read=0 --threads=8"
	User time (seconds): 0.94
	System time (seconds): 13.04
	Percent of CPU this job got: 114%
	Elapsed (wall clock) time (h:mm:ss or m:ss): 0:12.18
	Average shared text size (kbytes): 0
	Average unshared data size (kbytes): 0
	Average stack size (kbytes): 0
	Average total size (kbytes): 0
	Maximum resident set size (kbytes): 13149560
	Average resident set size (kbytes): 0
	Major (requiring I/O) page faults: 82
	Minor (reclaiming a frame) page faults: 3287851
	Voluntary context switches: 11482
	Involuntary context switches: 342
	Swaps: 0
	File system inputs: 74698344
	File system outputs: 6624
	Socket messages sent: 0
	Socket messages received: 0
	Signals delivered: 0
	Page size (bytes): 4096
	Exit status: 0
DESTRUCTOR GETTING CALLED 
PRINT_GLOBAL_LIB_STATS in dest
Total nr_ra = 0
Total nr_bytes_ra = 0
[34313.785453] sh (37188): drop_caches: 3
[34313.831232] sh (37193): drop_caches: 3
[34318.865498] write_proc_unbounded: Value of write = 0
[34318.865512] write_proc_2mb_limit: Value of write = 0
[34318.865517] write_proc_bitmap_shift: Value of write = 38
[34318.873367] write_proc_unbounded: Value of write = 0
[34318.873380] write_proc_2mb_limit: Value of write = 0
[34318.873385] write_proc_bitmap_shift: Value of write = 38
[34330.797298] write_proc_unbounded: Value of write = 0
[34330.797306] write_proc_2mb_limit: Value of write = 0
[34331.056011] write_proc_unbounded: Value of write = 0
[34331.056028] write_proc_2mb_limit: Value of write = 0
