-------- Aggregate Performance --------
 READ Restart Perf: 3510.39 BW[MB/s] 12965306368 Bytes 3.52231 MaxTime[sec] 
DESTRUCTOR GETTING CALLED 
DESTRUCTOR GETTING CALLED 
DESTRUCTOR GETTING CALLED 
DESTRUCTOR GETTING CALLED 
DESTRUCTOR GETTING CALLED 
DESTRUCTOR GETTING CALLED 
DESTRUCTOR GETTING CALLED 
DESTRUCTOR GETTING CALLED 
DESTRUCTOR GETTING CALLED 
DESTRUCTOR GETTING CALLED 
DESTRUCTOR GETTING CALLED 
DESTRUCTOR GETTING CALLED 
DESTRUCTOR GETTING CALLED 
DESTRUCTOR GETTING CALLED 
DESTRUCTOR GETTING CALLED 
DESTRUCTOR GETTING CALLED 
DESTRUCTOR GETTING CALLED 
DESTRUCTOR GETTING CALLED 
DESTRUCTOR GETTING CALLED 
DESTRUCTOR GETTING CALLED 
DESTRUCTOR GETTING CALLED 
DESTRUCTOR GETTING CALLED 
DESTRUCTOR GETTING CALLED 
DESTRUCTOR GETTING CALLED 
DESTRUCTOR GETTING CALLED 
DESTRUCTOR GETTING CALLED 
DESTRUCTOR GETTING CALLED 
DESTRUCTOR GETTING CALLED 
DESTRUCTOR GETTING CALLED 
DESTRUCTOR GETTING CALLED 
DESTRUCTOR GETTING CALLED 
DESTRUCTOR GETTING CALLED 
[87877.472467] sh (19476): drop_caches: 3
[87877.512456] sh (19481): drop_caches: 3
[87877.554272] write_proc_unbounded: Value of write = 0
[87877.554282] write_proc_2mb_limit: Value of write = 0
[87877.554283] write_proc_unbounded: Value of write = 0
[87877.554286] write_proc_bitmap_shift: Value of write = 36
[87877.554291] write_proc_2mb_limit: Value of write = 0
[87877.554296] write_proc_bitmap_shift: Value of write = 36
[87877.554338] write_proc_unbounded: Value of write = 0
[87877.554347] write_proc_2mb_limit: Value of write = 0
[87877.554350] write_proc_bitmap_shift: Value of write = 36
[87877.554356] write_proc_unbounded: Value of write = 0
[87877.554369] write_proc_2mb_limit: Value of write = 0
[87877.554374] write_proc_unbounded: Value of write = 0
[87877.554375] write_proc_bitmap_shift: Value of write = 36
[87877.554386] write_proc_2mb_limit: Value of write = 0
[87877.554392] write_proc_bitmap_shift: Value of write = 36
[87877.554436] write_proc_unbounded: Value of write = 0
[87877.554443] write_proc_2mb_limit: Value of write = 0
[87877.554443] write_proc_unbounded: Value of write = 0
[87877.554447] write_proc_bitmap_shift: Value of write = 36
[87877.554447] write_proc_unbounded: Value of write = 0
[87877.554451] write_proc_2mb_limit: Value of write = 0
[87877.554455] write_proc_2mb_limit: Value of write = 0
[87877.554456] write_proc_bitmap_shift: Value of write = 36
[87877.554461] write_proc_bitmap_shift: Value of write = 36
[87877.554460] write_proc_unbounded: Value of write = 0
[87877.554469] write_proc_2mb_limit: Value of write = 0
[87877.554472] write_proc_unbounded: Value of write = 0
[87877.554474] write_proc_bitmap_shift: Value of write = 36
[87877.554480] write_proc_2mb_limit: Value of write = 0
[87877.554484] write_proc_bitmap_shift: Value of write = 36
[87877.554527] write_proc_unbounded: Value of write = 0
[87877.554536] write_proc_2mb_limit: Value of write = 0
[87877.554541] write_proc_bitmap_shift: Value of write = 36
[87877.554598] write_proc_unbounded: Value of write = 0
[87877.554605] write_proc_2mb_limit: Value of write = 0
[87877.554609] write_proc_bitmap_shift: Value of write = 36
[87877.554629] write_proc_unbounded: Value of write = 0
[87877.554634] write_proc_2mb_limit: Value of write = 0
[87877.554637] write_proc_bitmap_shift: Value of write = 36
[87877.554796] write_proc_unbounded: Value of write = 0
[87877.554804] write_proc_2mb_limit: Value of write = 0
[87877.554809] write_proc_bitmap_shift: Value of write = 36
[87877.554838] write_proc_unbounded: Value of write = 0
[87877.554846] write_proc_2mb_limit: Value of write = 0
[87877.554851] write_proc_bitmap_shift: Value of write = 36
[87877.554875] write_proc_unbounded: Value of write = 0
[87877.554881] write_proc_2mb_limit: Value of write = 0
[87877.554886] write_proc_bitmap_shift: Value of write = 36
[87877.554905] write_proc_unbounded: Value of write = 0
[87877.554911] write_proc_2mb_limit: Value of write = 0
[87877.554914] write_proc_bitmap_shift: Value of write = 36
[87877.554942] write_proc_unbounded: Value of write = 0
[87877.554949] write_proc_unbounded: Value of write = 0
[87877.554949] write_proc_2mb_limit: Value of write = 0
[87877.554954] write_proc_bitmap_shift: Value of write = 36
[87877.554956] write_proc_2mb_limit: Value of write = 0
[87877.554959] write_proc_bitmap_shift: Value of write = 36
[87877.554975] write_proc_unbounded: Value of write = 0
[87877.554980] write_proc_2mb_limit: Value of write = 0
[87877.554983] write_proc_bitmap_shift: Value of write = 36
[87877.555003] write_proc_unbounded: Value of write = 0
[87877.555006] write_proc_unbounded: Value of write = 0
[87877.555007] write_proc_unbounded: Value of write = 0
[87877.555008] write_proc_unbounded: Value of write = 0
[87877.555011] write_proc_2mb_limit: Value of write = 0
[87877.555012] write_proc_2mb_limit: Value of write = 0
[87877.555015] write_proc_unbounded: Value of write = 0
[87877.555018] write_proc_bitmap_shift: Value of write = 36
[87877.555018] write_proc_bitmap_shift: Value of write = 36
[87877.555019] write_proc_2mb_limit: Value of write = 0
[87877.555019] write_proc_2mb_limit: Value of write = 0
[87877.555021] write_proc_2mb_limit: Value of write = 0
[87877.555025] write_proc_bitmap_shift: Value of write = 36
[87877.555025] write_proc_unbounded: Value of write = 0
[87877.555028] write_proc_bitmap_shift: Value of write = 36
[87877.555028] write_proc_bitmap_shift: Value of write = 36
[87877.555031] write_proc_2mb_limit: Value of write = 0
[87877.555031] write_proc_unbounded: Value of write = 0
[87877.555034] write_proc_bitmap_shift: Value of write = 36
[87877.555039] write_proc_2mb_limit: Value of write = 0
[87877.555041] write_proc_unbounded: Value of write = 0
[87877.555043] write_proc_bitmap_shift: Value of write = 36
[87877.555045] write_proc_unbounded: Value of write = 0
[87877.555049] write_proc_2mb_limit: Value of write = 0
[87877.555051] write_proc_2mb_limit: Value of write = 0
[87877.555053] write_proc_bitmap_shift: Value of write = 36
[87877.555055] write_proc_bitmap_shift: Value of write = 36
[87877.555077] write_proc_unbounded: Value of write = 0
[87877.555081] write_proc_2mb_limit: Value of write = 0
[87877.555083] write_proc_bitmap_shift: Value of write = 36
[87877.555094] write_proc_unbounded: Value of write = 0
[87877.555098] write_proc_2mb_limit: Value of write = 0
[87877.555100] write_proc_bitmap_shift: Value of write = 36
[87877.555107] write_proc_unbounded: Value of write = 0
[87877.555111] write_proc_2mb_limit: Value of write = 0
[87877.555114] write_proc_bitmap_shift: Value of write = 36
[87881.272940] write_proc_unbounded: Value of write = 0
[87881.272959] write_proc_2mb_limit: Value of write = 0
[87881.273015] write_proc_unbounded: Value of write = 0
[87881.273015] write_proc_unbounded: Value of write = 0
[87881.273025] write_proc_2mb_limit: Value of write = 0
[87881.273025] write_proc_2mb_limit: Value of write = 0
[87881.273045] write_proc_unbounded: Value of write = 0
[87881.273054] write_proc_2mb_limit: Value of write = 0
[87881.273070] write_proc_unbounded: Value of write = 0
[87881.273071] write_proc_unbounded: Value of write = 0
[87881.273080] write_proc_2mb_limit: Value of write = 0
[87881.273082] write_proc_2mb_limit: Value of write = 0
[87881.273111] write_proc_unbounded: Value of write = 0
[87881.273117] write_proc_2mb_limit: Value of write = 0
[87881.273147] write_proc_unbounded: Value of write = 0
[87881.273152] write_proc_2mb_limit: Value of write = 0
[87881.273225] write_proc_unbounded: Value of write = 0
[87881.273232] write_proc_2mb_limit: Value of write = 0
[87881.273311] write_proc_unbounded: Value of write = 0
[87881.273315] write_proc_unbounded: Value of write = 0
[87881.273321] write_proc_2mb_limit: Value of write = 0
[87881.273322] write_proc_2mb_limit: Value of write = 0
[87881.273333] write_proc_unbounded: Value of write = 0
[87881.273336] write_proc_2mb_limit: Value of write = 0
[87881.273351] write_proc_unbounded: Value of write = 0
[87881.273357] write_proc_2mb_limit: Value of write = 0
[87881.273400] write_proc_unbounded: Value of write = 0
[87881.273405] write_proc_unbounded: Value of write = 0
[87881.273406] write_proc_2mb_limit: Value of write = 0
[87881.273408] write_proc_2mb_limit: Value of write = 0
[87881.273450] write_proc_unbounded: Value of write = 0
[87881.273455] write_proc_2mb_limit: Value of write = 0
[87881.273512] write_proc_unbounded: Value of write = 0
[87881.273517] write_proc_2mb_limit: Value of write = 0
[87881.273535] write_proc_unbounded: Value of write = 0
[87881.273541] write_proc_2mb_limit: Value of write = 0
[87881.273733] write_proc_unbounded: Value of write = 0
[87881.273752] write_proc_2mb_limit: Value of write = 0
[87881.274093] write_proc_unbounded: Value of write = 0
[87881.274114] write_proc_2mb_limit: Value of write = 0
[87881.274118] write_proc_unbounded: Value of write = 0
[87881.274136] write_proc_2mb_limit: Value of write = 0
[87881.274169] write_proc_unbounded: Value of write = 0
[87881.274180] write_proc_2mb_limit: Value of write = 0
[87881.274215] write_proc_unbounded: Value of write = 0
[87881.274224] write_proc_2mb_limit: Value of write = 0
[87881.274311] write_proc_unbounded: Value of write = 0
[87881.274316] write_proc_2mb_limit: Value of write = 0
[87881.274342] write_proc_unbounded: Value of write = 0
[87881.274349] write_proc_2mb_limit: Value of write = 0
[87881.274480] write_proc_unbounded: Value of write = 0
[87881.274486] write_proc_2mb_limit: Value of write = 0
[87881.274486] write_proc_unbounded: Value of write = 0
[87881.274499] write_proc_unbounded: Value of write = 0
[87881.274503] write_proc_2mb_limit: Value of write = 0
[87881.274508] write_proc_2mb_limit: Value of write = 0
[87881.274613] write_proc_unbounded: Value of write = 0
[87881.274618] write_proc_2mb_limit: Value of write = 0
[87881.274645] write_proc_unbounded: Value of write = 0
[87881.274649] write_proc_2mb_limit: Value of write = 0
[87881.274782] write_proc_unbounded: Value of write = 0
[87881.274788] write_proc_2mb_limit: Value of write = 0
[87881.281606] write_proc_unbounded: Value of write = 0
[87881.281612] write_proc_2mb_limit: Value of write = 0
