ENABLE_FILE_STATS in con
ENABLE_FILE_STATS in con
ENABLE_FILE_STATS in con
ENABLE_FILE_STATS in con
ENABLE_FILE_STATS in con
ENABLE_FILE_STATS in con
ENABLE_FILE_STATS in con
ENABLE_FILE_STATS in con
ENABLE_FILE_STATS in con
ENABLE_FILE_STATS in con
ENABLE_FILE_STATS in con
ENABLE_FILE_STATS in con
ENABLE_FILE_STATS in con
ENABLE_FILE_STATS in con
ENABLE_FILE_STATS in con
ENABLE_FILE_STATS in con
ENABLE_FILE_STATS in per_thread_ds
ENABLE_FILE_STATS in per_thread_ds
ENABLE_FILE_STATS in per_thread_ds
ENABLE_FILE_STATS in per_thread_ds
ENABLE_FILE_STATS in per_thread_ds
ENABLE_FILE_STATS in per_thread_ds
ERR:prefetcher_th, pg_diff==0
ERR:prefetcher_th, pg_diff==0
ERR:prefetcher_th, pg_diff==0
ERR:prefetcher_th, pg_diff==0
ERR:prefetcher_th, pg_diff==0
ERR:prefetcher_th, pg_diff==0
ERR:prefetcher_th, pg_diff==0
ERR:prefetcher_th, pg_diff==0
ERR:prefetcher_th, pg_diff==0
ERR:prefetcher_th, pg_diff==0
ERR:prefetcher_th, pg_diff==0
ERR:prefetcher_th, pg_diff==0
ERR:prefetcher_th, pg_diff==0
ERR:prefetcher_th, pg_diff==0
ENABLE_FILE_STATS in per_thread_ds
ENABLE_FILE_STATS in per_thread_ds
ENABLE_FILE_STATS in per_thread_ds
ENABLE_FILE_STATS in per_thread_ds
ENABLE_FILE_STATS in per_thread_ds
ENABLE_FILE_STATS in per_thread_ds
ENABLE_FILE_STATS in per_thread_ds
ENABLE_FILE_STATS in per_thread_ds
ERR:prefetcher_th, pg_diff==0
ERR:prefetcher_th, pg_diff==0
ERR:prefetcher_th, pg_diff==0
ERR:prefetcher_th, pg_diff==0
ERR:prefetcher_th, pg_diff==0
ERR:prefetcher_th, pg_diff==0
ERR:prefetcher_th, pg_diff==0
ERR:prefetcher_th, pg_diff==0
ERR:prefetcher_th, pg_diff==0
ERR:prefetcher_th, pg_diff==0
ERR:prefetcher_th, pg_diff==0
ERR:prefetcher_th, pg_diff==0
ERR:prefetcher_th, pg_diff==0
ERR:prefetcher_th, pg_diff==0
ENABLE_FILE_STATS in per_thread_ds
ERR:prefetcher_th, pg_diff==0
ERR:prefetcher_th, pg_diff==0
ENABLE_FILE_STATS in per_thread_ds
record_open: fd=8 filesize=214 is smaller than 5242880 bytes
record_open: fd=8 filesize=214 is smaller than 5242880 bytes
record_open: fd=8 filesize=214 is smaller than 5242880 bytes
record_open: fd=8 filesize=214 is smaller than 5242880 bytes
record_open: fd=8 filesize=214 is smaller than 5242880 bytes
record_open: fd=8 filesize=214 is smaller than 5242880 bytes
record_open: fd=10 filesize=214 is smaller than 5242880 bytes
record_open: fd=8 filesize=214 is smaller than 5242880 bytes
record_open: fd=8 filesize=214 is smaller than 5242880 bytes
record_open: fd=8 filesize=214 is smaller than 5242880 bytes
record_open: fd=12 filesize=214 is smaller than 5242880 bytes
record_open: fd=8 filesize=214 is smaller than 5242880 bytes
record_open: fd=8 filesize=214 is smaller than 5242880 bytes
record_open: fd=8 filesize=214 is smaller than 5242880 bytes
record_open: fd=8 filesize=214 is smaller than 5242880 bytes
record_open: fd=8 filesize=214 is smaller than 5242880 bytes
-------- Aggregate Performance --------
 READ Restart Perf: 1328.64 BW[MB/s] 24722653184 Bytes 17.7454 MaxTime[sec] 
Total nr_ra = 5465
Total nr_bytes_ra = 22921871360
DESTRUCTOR GETTING CALLED 
PRINT_GLOBAL_STATS in dest
PRINT_GLOBAL_LIB_STATS in dest
DESTRUCTOR GETTING CALLED 
Total nr_ra = 18574
Total nr_bytes_ra = 77905002496
Total nr_ra = 5465
Total nr_bytes_ra = 22921871360
Total nr_ra = 5465
Total nr_bytes_ra = 22921871360
Total nr_ra = 5465
Total nr_bytes_ra = 22921871360
Total nr_ra = 5465
Total nr_bytes_ra = 22921871360
Total nr_ra = 5465
Total nr_bytes_ra = 22921871360
Total nr_ra = 5465
Total nr_bytes_ra = 22921871360
Total nr_ra = 5465
Total nr_bytes_ra = 22921871360
Total nr_ra = 5465
Total nr_bytes_ra = 22921871360
Total nr_ra = 5465
Total nr_bytes_ra = 22921871360
Total nr_ra = 5465
Total nr_bytes_ra = 22921871360
Total nr_ra = 5465
Total nr_bytes_ra = 22921871360
Total nr_ra = 5465
Total nr_bytes_ra = 22921871360
Total nr_ra = 5465
Total nr_bytes_ra = 22921871360
Total nr_ra = 5465
Total nr_bytes_ra = 22921871360
PRINT_GLOBAL_STATS in dest
PRINT_GLOBAL_LIB_STATS in dest
DESTRUCTOR GETTING CALLED 
PRINT_GLOBAL_STATS in dest
PRINT_GLOBAL_LIB_STATS in dest
DESTRUCTOR GETTING CALLED 
PRINT_GLOBAL_STATS in dest
PRINT_GLOBAL_LIB_STATS in dest
DESTRUCTOR GETTING CALLED 
PRINT_GLOBAL_STATS in dest
PRINT_GLOBAL_LIB_STATS in dest
DESTRUCTOR GETTING CALLED 
PRINT_GLOBAL_STATS in dest
PRINT_GLOBAL_LIB_STATS in dest
DESTRUCTOR GETTING CALLED 
PRINT_GLOBAL_STATS in dest
PRINT_GLOBAL_LIB_STATS in dest
DESTRUCTOR GETTING CALLED 
PRINT_GLOBAL_STATS in dest
PRINT_GLOBAL_LIB_STATS in dest
DESTRUCTOR GETTING CALLED 
PRINT_GLOBAL_STATS in dest
PRINT_GLOBAL_LIB_STATS in dest
DESTRUCTOR GETTING CALLED 
PRINT_GLOBAL_STATS in dest
PRINT_GLOBAL_LIB_STATS in dest
DESTRUCTOR GETTING CALLED 
PRINT_GLOBAL_STATS in dest
PRINT_GLOBAL_LIB_STATS in dest
DESTRUCTOR GETTING CALLED 
PRINT_GLOBAL_STATS in dest
PRINT_GLOBAL_LIB_STATS in dest
DESTRUCTOR GETTING CALLED 
PRINT_GLOBAL_STATS in dest
PRINT_GLOBAL_LIB_STATS in dest
DESTRUCTOR GETTING CALLED 
PRINT_GLOBAL_STATS in dest
PRINT_GLOBAL_LIB_STATS in dest
DESTRUCTOR GETTING CALLED 
PRINT_GLOBAL_STATS in dest
PRINT_GLOBAL_LIB_STATS in dest
DESTRUCTOR GETTING CALLED 
PRINT_GLOBAL_STATS in dest
PRINT_GLOBAL_LIB_STATS in dest
[33744.808463] sh (14689): drop_caches: 3
[33744.872531] sh (14694): drop_caches: 3
[33744.916659] write_proc_unbounded: Value of write = 0
[33744.916660] write_proc_unbounded: Value of write = 0
[33744.916673] write_proc_unbounded: Value of write = 0
[33744.916682] write_proc_2mb_limit: Value of write = 0
[33744.916684] write_proc_2mb_limit: Value of write = 0
[33744.916690] write_proc_2mb_limit: Value of write = 0
[33744.916694] write_proc_bitmap_shift: Value of write = 37
[33744.916694] write_proc_bitmap_shift: Value of write = 37
[33744.916695] write_proc_bitmap_shift: Value of write = 37
[33744.916694] write_proc_unbounded: Value of write = 0
[33744.916701] write_proc_unbounded: Value of write = 0
[33744.916705] write_proc_2mb_limit: Value of write = 0
[33744.916707] write_proc_2mb_limit: Value of write = 0
[33744.916712] write_proc_bitmap_shift: Value of write = 37
[33744.916712] write_proc_bitmap_shift: Value of write = 37
[33744.916765] write_proc_unbounded: Value of write = 0
[33744.916764] write_proc_unbounded: Value of write = 0
[33744.916779] write_proc_2mb_limit: Value of write = 0
[33744.916779] write_proc_2mb_limit: Value of write = 0
[33744.916784] write_proc_unbounded: Value of write = 0
[33744.916786] write_proc_bitmap_shift: Value of write = 37
[33744.916786] write_proc_bitmap_shift: Value of write = 37
[33744.916789] write_proc_unbounded: Value of write = 0
[33744.916797] write_proc_2mb_limit: Value of write = 0
[33744.916797] write_proc_2mb_limit: Value of write = 0
[33744.916796] write_proc_unbounded: Value of write = 0
[33744.916805] write_proc_bitmap_shift: Value of write = 37
[33744.916805] write_proc_bitmap_shift: Value of write = 37
[33744.916813] write_proc_unbounded: Value of write = 0
[33744.916815] write_proc_unbounded: Value of write = 0
[33744.916816] write_proc_2mb_limit: Value of write = 0
[33744.916817] write_proc_unbounded: Value of write = 0
[33744.916827] write_proc_unbounded: Value of write = 0
[33744.916827] write_proc_unbounded: Value of write = 0
[33744.916828] write_proc_bitmap_shift: Value of write = 37
[33744.916829] write_proc_2mb_limit: Value of write = 0
[33744.916829] write_proc_2mb_limit: Value of write = 0
[33744.916832] write_proc_unbounded: Value of write = 0
[33744.916834] write_proc_2mb_limit: Value of write = 0
[33744.916838] write_proc_bitmap_shift: Value of write = 37
[33744.916838] write_proc_bitmap_shift: Value of write = 37
[33744.916840] write_proc_2mb_limit: Value of write = 0
[33744.916840] write_proc_2mb_limit: Value of write = 0
[33744.916845] write_proc_bitmap_shift: Value of write = 37
[33744.916845] write_proc_2mb_limit: Value of write = 0
[33744.916848] write_proc_bitmap_shift: Value of write = 37
[33744.916848] write_proc_bitmap_shift: Value of write = 37
[33744.916854] write_proc_bitmap_shift: Value of write = 37
[33762.884470] write_proc_unbounded: Value of write = 0
[33762.884480] write_proc_2mb_limit: Value of write = 0
[33762.885037] write_proc_unbounded: Value of write = 0
[33762.885044] write_proc_2mb_limit: Value of write = 0
[33762.885217] write_proc_unbounded: Value of write = 0
[33762.885237] write_proc_2mb_limit: Value of write = 0
[33762.885450] write_proc_unbounded: Value of write = 0
[33762.885464] write_proc_2mb_limit: Value of write = 0
[33762.885517] write_proc_unbounded: Value of write = 0
[33762.885527] write_proc_2mb_limit: Value of write = 0
[33762.885528] write_proc_unbounded: Value of write = 0
[33762.885548] write_proc_2mb_limit: Value of write = 0
[33762.885737] write_proc_unbounded: Value of write = 0
[33762.885754] write_proc_2mb_limit: Value of write = 0
[33762.885903] write_proc_unbounded: Value of write = 0
[33762.885913] write_proc_2mb_limit: Value of write = 0
[33762.885929] write_proc_unbounded: Value of write = 0
[33762.885932] write_proc_2mb_limit: Value of write = 0
[33762.886094] write_proc_unbounded: Value of write = 0
[33762.886100] write_proc_2mb_limit: Value of write = 0
[33762.886330] write_proc_unbounded: Value of write = 0
[33762.886336] write_proc_2mb_limit: Value of write = 0
[33762.886644] write_proc_unbounded: Value of write = 0
[33762.886661] write_proc_2mb_limit: Value of write = 0
[33762.886738] write_proc_unbounded: Value of write = 0
[33762.886748] write_proc_2mb_limit: Value of write = 0
[33762.886764] write_proc_unbounded: Value of write = 0
[33762.886784] write_proc_unbounded: Value of write = 0
[33762.886784] write_proc_2mb_limit: Value of write = 0
[33762.886799] write_proc_2mb_limit: Value of write = 0
[33762.887037] write_proc_unbounded: Value of write = 0
[33762.887047] write_proc_2mb_limit: Value of write = 0
