ENABLE_FILE_STATS in con
ENABLE_FILE_STATS in con
ENABLE_FILE_STATS in con
ENABLE_FILE_STATS in con
ENABLE_FILE_STATS in con
ENABLE_FILE_STATS in con
ENABLE_FILE_STATS in con
ENABLE_FILE_STATS in con
ENABLE_FILE_STATS in con
ENABLE_FILE_STATS in con
ENABLE_FILE_STATS in con
ENABLE_FILE_STATS in con
ENABLE_FILE_STATS in con
ENABLE_FILE_STATS in con
ENABLE_FILE_STATS in con
ENABLE_FILE_STATS in con
ENABLE_FILE_STATS in per_thread_ds
ENABLE_FILE_STATS in per_thread_ds
ENABLE_FILE_STATS in per_thread_ds
ENABLE_FILE_STATS in per_thread_ds
ENABLE_FILE_STATS in per_thread_ds
ENABLE_FILE_STATS in per_thread_ds
ENABLE_FILE_STATS in per_thread_ds
ENABLE_FILE_STATS in per_thread_ds
ENABLE_FILE_STATS in per_thread_ds
ENABLE_FILE_STATS in per_thread_ds
ENABLE_FILE_STATS in per_thread_ds
ENABLE_FILE_STATS in per_thread_ds
ENABLE_FILE_STATS in per_thread_ds
ENABLE_FILE_STATS in per_thread_ds
ENABLE_FILE_STATS in per_thread_ds
ENABLE_FILE_STATS in per_thread_ds
-------- Aggregate Performance --------
 READ Restart Perf: 2608.9 BW[MB/s] 24722653184 Bytes 9.03729 MaxTime[sec] 
Total nr_ra = 0
Total nr_bytes_ra = 0
DESTRUCTOR GETTING CALLED 
PRINT_GLOBAL_STATS in dest
PRINT_GLOBAL_LIB_STATS in dest
Total nr_ra = 0
Total nr_bytes_ra = 0
Total nr_ra = 0
Total nr_bytes_ra = 0
Total nr_ra = 0
Total nr_bytes_ra = 0
Total nr_ra = 0
Total nr_bytes_ra = 0
Total nr_ra = 0
Total nr_bytes_ra = 0
DESTRUCTOR GETTING CALLED 
PRINT_GLOBAL_STATS in dest
PRINT_GLOBAL_LIB_STATS in dest
DESTRUCTOR GETTING CALLED 
PRINT_GLOBAL_STATS in dest
PRINT_GLOBAL_LIB_STATS in dest
DESTRUCTOR GETTING CALLED 
PRINT_GLOBAL_STATS in dest
PRINT_GLOBAL_LIB_STATS in dest
DESTRUCTOR GETTING CALLED 
PRINT_GLOBAL_STATS in dest
PRINT_GLOBAL_LIB_STATS in dest
DESTRUCTOR GETTING CALLED 
PRINT_GLOBAL_STATS in dest
PRINT_GLOBAL_LIB_STATS in dest
Total nr_ra = 0
Total nr_bytes_ra = 0
DESTRUCTOR GETTING CALLED 
PRINT_GLOBAL_STATS in dest
PRINT_GLOBAL_LIB_STATS in dest
DESTRUCTOR GETTING CALLED 
PRINT_GLOBAL_STATS in dest
PRINT_GLOBAL_LIB_STATS in dest
Total nr_ra = 0
Total nr_bytes_ra = 0
DESTRUCTOR GETTING CALLED 
PRINT_GLOBAL_STATS in dest
PRINT_GLOBAL_LIB_STATS in dest
Total nr_ra = 0
Total nr_bytes_ra = 0
DESTRUCTOR GETTING CALLED 
DESTRUCTOR GETTING CALLED 
PRINT_GLOBAL_STATS in dest
PRINT_GLOBAL_LIB_STATS in dest
DESTRUCTOR GETTING CALLED 
PRINT_GLOBAL_STATS in dest
PRINT_GLOBAL_LIB_STATS in dest
Total nr_ra = 0
Total nr_bytes_ra = 0
Total nr_ra = 0
Total nr_bytes_ra = 0
Total nr_ra = 0
Total nr_bytes_ra = 0
PRINT_GLOBAL_STATS in dest
PRINT_GLOBAL_LIB_STATS in dest
DESTRUCTOR GETTING CALLED 
PRINT_GLOBAL_STATS in dest
PRINT_GLOBAL_LIB_STATS in dest
Total nr_ra = 0
Total nr_bytes_ra = 0
DESTRUCTOR GETTING CALLED 
PRINT_GLOBAL_STATS in dest
PRINT_GLOBAL_LIB_STATS in dest
Total nr_ra = 0
Total nr_bytes_ra = 0
DESTRUCTOR GETTING CALLED 
PRINT_GLOBAL_STATS in dest
PRINT_GLOBAL_LIB_STATS in dest
Total nr_ra = 0
Total nr_bytes_ra = 0
DESTRUCTOR GETTING CALLED 
Total nr_ra = 0
Total nr_bytes_ra = 0
PRINT_GLOBAL_STATS in dest
PRINT_GLOBAL_LIB_STATS in dest
[33715.514934] sh (14571): drop_caches: 3
[33715.577809] sh (14576): drop_caches: 3
[33715.621485] write_proc_unbounded: Value of write = 0
[33715.621485] write_proc_unbounded: Value of write = 0
[33715.621487] write_proc_unbounded: Value of write = 0
[33715.621490] write_proc_unbounded: Value of write = 0
[33715.621494] write_proc_unbounded: Value of write = 0
[33715.621493] write_proc_unbounded: Value of write = 0
[33715.621506] write_proc_unbounded: Value of write = 0
[33715.621508] write_proc_2mb_limit: Value of write = 0
[33715.621508] write_proc_2mb_limit: Value of write = 0
[33715.621509] write_proc_unbounded: Value of write = 0
[33715.621510] write_proc_2mb_limit: Value of write = 0
[33715.621512] write_proc_2mb_limit: Value of write = 0
[33715.621513] write_proc_2mb_limit: Value of write = 0
[33715.621514] write_proc_2mb_limit: Value of write = 0
[33715.621515] write_proc_2mb_limit: Value of write = 0
[33715.621521] write_proc_unbounded: Value of write = 0
[33715.621521] write_proc_2mb_limit: Value of write = 0
[33715.621530] write_proc_bitmap_shift: Value of write = 37
[33715.621530] write_proc_bitmap_shift: Value of write = 37
[33715.621531] write_proc_bitmap_shift: Value of write = 37
[33715.621532] write_proc_bitmap_shift: Value of write = 37
[33715.621532] write_proc_2mb_limit: Value of write = 0
[33715.621532] write_proc_bitmap_shift: Value of write = 37
[33715.621534] write_proc_unbounded: Value of write = 0
[33715.621537] write_proc_bitmap_shift: Value of write = 37
[33715.621538] write_proc_bitmap_shift: Value of write = 37
[33715.621538] write_proc_bitmap_shift: Value of write = 37
[33715.621547] write_proc_unbounded: Value of write = 0
[33715.621549] write_proc_bitmap_shift: Value of write = 37
[33715.621554] write_proc_2mb_limit: Value of write = 0
[33715.621552] write_proc_unbounded: Value of write = 0
[33715.621552] write_proc_unbounded: Value of write = 0
[33715.621563] write_proc_unbounded: Value of write = 0
[33715.621563] write_proc_2mb_limit: Value of write = 0
[33715.621574] write_proc_2mb_limit: Value of write = 0
[33715.621574] write_proc_2mb_limit: Value of write = 0
[33715.621576] write_proc_2mb_limit: Value of write = 0
[33715.621576] write_proc_bitmap_shift: Value of write = 37
[33715.621577] write_proc_bitmap_shift: Value of write = 37
[33715.621578] write_proc_unbounded: Value of write = 0
[33715.621578] write_proc_unbounded: Value of write = 0
[33715.621584] write_proc_bitmap_shift: Value of write = 37
[33715.621585] write_proc_bitmap_shift: Value of write = 37
[33715.621586] write_proc_bitmap_shift: Value of write = 37
[33715.621591] write_proc_2mb_limit: Value of write = 0
[33715.621592] write_proc_2mb_limit: Value of write = 0
[33715.621598] write_proc_bitmap_shift: Value of write = 37
[33715.621599] write_proc_bitmap_shift: Value of write = 37
[33724.960073] write_proc_unbounded: Value of write = 0
[33724.960082] write_proc_2mb_limit: Value of write = 0
[33724.960403] write_proc_unbounded: Value of write = 0
[33724.960415] write_proc_unbounded: Value of write = 0
[33724.960422] write_proc_2mb_limit: Value of write = 0
[33724.960438] write_proc_2mb_limit: Value of write = 0
[33724.960540] write_proc_unbounded: Value of write = 0
[33724.960550] write_proc_2mb_limit: Value of write = 0
[33724.960627] write_proc_unbounded: Value of write = 0
[33724.960636] write_proc_2mb_limit: Value of write = 0
[33724.960717] write_proc_unbounded: Value of write = 0
[33724.960735] write_proc_2mb_limit: Value of write = 0
[33724.960869] write_proc_unbounded: Value of write = 0
[33724.960878] write_proc_2mb_limit: Value of write = 0
[33724.960877] write_proc_unbounded: Value of write = 0
[33724.960894] write_proc_2mb_limit: Value of write = 0
[33724.960933] write_proc_unbounded: Value of write = 0
[33724.960939] write_proc_2mb_limit: Value of write = 0
[33724.960997] write_proc_unbounded: Value of write = 0
[33724.960997] write_proc_unbounded: Value of write = 0
[33724.960998] write_proc_unbounded: Value of write = 0
[33724.961008] write_proc_2mb_limit: Value of write = 0
[33724.961008] write_proc_2mb_limit: Value of write = 0
[33724.961008] write_proc_2mb_limit: Value of write = 0
[33724.961214] write_proc_unbounded: Value of write = 0
[33724.961231] write_proc_2mb_limit: Value of write = 0
[33724.961419] write_proc_unbounded: Value of write = 0
[33724.961428] write_proc_2mb_limit: Value of write = 0
[33724.962015] write_proc_unbounded: Value of write = 0
[33724.962022] write_proc_2mb_limit: Value of write = 0
[33724.962095] write_proc_unbounded: Value of write = 0
[33724.962100] write_proc_2mb_limit: Value of write = 0
