Counting cache functions... Output every 1 seconds.
    HITS   MISSES  DIRTIES    RATIO   BUFFERS_MB   CACHE_MB
    1387      275        0    83.5%            6        196
    2072       36        0    98.3%            7        198
    1610        0       41   100.0%            7        198
    1600        2        2    99.9%            7        198
  -11208    92253      281   -13.8%            8        556
  368599    19507     2538    95.0%            9        612
  371213    19768        0    94.9%            9        661
  376292    19516        0    95.1%            9        709
  369770    19317        0    95.0%            9        756
  364702    19176        0    95.0%            9        802
  369565    19258        0    95.0%            9        849
  371900    19476        0    95.0%            9        896
  374483    19639       42    95.0%           10        943
  398900    20889        0    95.0%           10        993
  368796    19400        0    95.0%           10       1040
  367696    16539     3018    95.7%           10       1087
  370693    20467        0    94.8%           10       1133
  368103    20521        0    94.7%           10       1179
  367955    20033        0    94.8%           10       1226
  360520    19093        0    95.0%           10       1269
  364281    18606        0    95.1%           10       1317
  365241    19631       32    94.9%           10       1364
  385081    20735        2    94.9%           10       1414
  367154    20138        0    94.8%           10       1461
  376591    16772     3017    95.7%           10       1509
  373541    19561        0    95.0%           10       1557
  373888    19294        0    95.1%           10       1605
  370764    19616        0    95.0%           10       1653
  369984    19658        0    95.0%           10       1700
  367310    19375        0    95.0%           10       1748
  371670    19728        0    95.0%           10       1795
  381625    20026       32    95.0%           10       1844
  364660    19121        0    95.0%           10       1892
  373949    19521        0    95.0%           10       1940
  374753    16275     3017    95.8%           10       1987
  375563    20020        0    94.9%           10       2036
  370458    19711       87    94.9%           10       2083
  369196    19317        0    95.0%           10       2131
  369101    19317        0    95.0%           10       2179
  369445    19367        0    95.0%           10       2226
  383907    20112       32    95.0%           10       2275
  373685    19566        0    95.0%           10       2324
  375483    19692        0    95.0%           10       2373
  375353    16302     3018    95.8%           10       2421
  371405    19770        0    94.9%           10       2468
  367052    19192        0    95.0%           10       2515
  371622    19472        0    95.0%           10       2563
  370079    19531        0    95.0%           10       2611
  373429    19671        0    95.0%           10       2659
  408101    21625        2    95.0%           10       2712
  374675    19942        0    94.9%           10       2760
  372319    19656        0    95.0%           10       2808
  376277    16445     5246    95.8%           10       2865
  374805    19729        0    95.0%           10       2913
  364894    19099        0    95.0%           10       2960
  371450    19361       87    95.0%           10       3007
  368472    19949        0    94.9%           10       3054
  372882    19829        0    95.0%           10       3101
  401811    20750        0    95.1%           10       3153
  378173    20014       31    95.0%           10       3203
  374909    19887        0    95.0%           10       3251
  373719    19728        0    95.0%           10       3299
  378718    16647     3019    95.8%           10       3347
  370653    19406        0    95.0%           10       3395
  367286    19076       87    95.1%           10       3443
  370635    19814        0    94.9%           10       3491
  378327    20070        0    95.0%           10       3539
  396512    21450        0    94.9%           10       3591
  374966    20297       32    94.9%           10       3639
  372329    20120        0    94.9%           10       3687
  373248    20003        0    94.9%           10       3735
  378266    16408     3019    95.8%           10       3782
  370308    19443        0    95.0%           10       3830
  370734    19755       87    94.9%           10       3878
  368553    19184        0    95.1%           10       3925
  405656    21151        0    95.0%           10       3978
  371329    19487        0    95.0%           10       4026
  375729    19441        8    95.1%           10       4074
  372829    19810        2    95.0%           10       4122
  374823    19579        0    95.0%           10       4170
  378582    16434     3020    95.8%           10       4218
  372674    19415        0    95.0%           10       4266
  369179    19564        0    95.0%           10       4314
  372941    19647        0    95.0%           10       4362
  378788    20530        0    94.9%           10       4410
  366673    19131        0    95.0%           10       4458
  373721    19774        0    95.0%           10       4506
  375504    19873       33    95.0%           10       4555
  370537    19819        0    94.9%           10       4602
  371538    19621        0    95.0%           10       4650
  375744    16502     3020    95.8%           10       4698
  370904    19669        0    95.0%           10       4745
  376201    20073        0    94.9%           10       4793
  403099    21354        0    95.0%           10       4846
  370981    19629        0    95.0%           10       4893
  374438    19983        0    94.9%           10       4942
  374997    19988       33    94.9%           10       4991
  372659    20010        0    94.9%           10       5038
  371285    19749        0    94.9%           10       5086
  373715    16203     3018    95.8%           10       5133
  370019    19049        0    95.1%           10       5181
  370015    19395       87    95.0%           10       5228
  385145    20450        0    95.0%           10       5277
  387286    20308        0    95.0%           10       5328
  372916    20318        0    94.8%           10       5376
  373223    19672        0    95.0%           10       5424
  369115    19531        1    95.0%           10       5472
  369556    19097        0    95.1%           10       5519
  376761    16826     3019    95.7%           10       5567
  381574    20936        0    94.8%           10       5616
  384128    20094        0    95.0%           10       5666
  373264    19601        0    95.0%           10       5713
  372282    19819        0    94.9%           10       5762
  373995    19441        0    95.1%           10       5809
  374079    19760        0    95.0%           10       5857
  374787    19693       33    95.0%           10       5906
  372588    19849        0    94.9%           10       5954
  371125    20396       44    94.8%           11       6002
  377463    14424     5250    96.3%           11       6049
  367729    19689        0    94.9%           11       6096
  402108    21286        0    95.0%           11       6148
  379431    19970        0    95.0%           11       6196
  372907    20067       91    94.9%           11       6245
  370666    19451        0    95.0%           11       6293
  371104    19430       32    95.0%           11       6341
  372573    19363        0    95.1%           11       6388
  370812    19285        0    95.1%           11       6436
  409813    18679     3021    95.6%           11       6488
  374365    20690        0    94.8%           11       6536
  370574    19478       87    95.0%           11       6584
  374291    19352        0    95.1%           11       6632
  374309    19720        0    95.0%           11       6680
  373597    19187        0    95.1%           11       6728
  370211    19263        0    95.1%           11       6775
  370280    19564       29    95.0%           11       6823
  371305    19675        0    95.0%           11       6872
  377872    16468     3023    95.8%           11       6919
  406249    21677        0    94.9%           11       6971
  372945    20215        0    94.9%           11       7019
  370225    19672       86    95.0%           11       7067
  367622    19574        0    94.9%           11       7115
  370240    19667        0    95.0%           11       7163
  371881    19835        0    94.9%           11       7210
  371862    19944       34    94.9%           11       7258
  411551    22527        0    94.8%           11       7310
  371507    19712        0    95.0%           11       7359
  382766    16459     3023    95.9%           11       7407
  371150    19731        0    95.0%           11       7454
  372335    19232        0    95.1%           11       7502
  370831    19365        0    95.0%           11       7549
  371642    19934        0    94.9%           11       7598
  371750    19670        0    95.0%           11       7646
  370576    19181       32    95.1%           11       7694
  371396    19662        0    95.0%           11       7742
  383129    20171        0    95.0%           11       7791
  397102    17837     3021    95.7%           11       7841
  373367    19789        0    95.0%           11       7890
  373532    19435        0    95.1%           11       7937
  371220    19677        0    95.0%           11       7985
  366819    19505        0    95.0%           11       8032
  370317    20028        0    94.9%           11       8080
  384884    19822        0    95.1%           11       8130
  395873    20501       32    95.1%           11       8180
  370268    19451        0    95.0%           11       8228
  377797    16510     3022    95.8%           11       8276
  369430    20494        0    94.7%           11       8324
  373185    19314        0    95.1%           11       8372
  373040    19946       38    94.9%           11       8420
  369369    19549        0    95.0%           11       8468
  369480    19712        0    94.9%           11       8514
  371177    19297        0    95.1%           11       8563
  369088    19296       33    95.0%           11       8610
  371199    20241        0    94.8%           11       8658
  377046    20290        0    94.9%           11       8707
  376115    17772     3022    95.5%           11       8755
  373352    19247        0    95.1%           11       8802
  371684    19815        0    94.9%           11       8850
  369939    19353        0    95.0%           11       8898
  373219    19681        0    95.0%           11       8946
  383495    20433        0    94.9%           11       8995
  371774    20345       33    94.8%           11       9043
  370655    20242        0    94.8%           11       9091
  375849    19933        0    95.0%           11       9139
  379246    14240     5251    96.4%           11       9187
  368392    19451        0    95.0%           11       9234
  373839    20327        0    94.8%           11       9283
  371126    19212        0    95.1%           11       9330
  369880    19759        0    94.9%           11       9378
  367038    20410        0    94.7%           11       9425
  368545    20029        0    94.8%           11       9472
  377519    21288       33    94.7%           11       9521
  396368    21875        0    94.8%           11       9573
  380321    17253     3023    95.7%           11       9621
  368351    20050        0    94.8%           11       9668
  366970    19463        0    95.0%           11       9715
  368876    19326        0    95.0%           11       9763
  369819    20452        0    94.8%           11       9809
  383216    19972       58    95.0%           11       9859
  380010    20921        0    94.8%           11       9909
  373318    19557       41    95.0%           11       9956
  375054    19737        0    95.0%           11      10004
  373621    20230        0    94.9%           11      10053
  380220    17350     3024    95.6%           11      10100
  374548    19412        0    95.1%           11      10149
  366223    19300        0    95.0%           11      10197
  370531    20381        0    94.8%           11      10244
  368926    19445        0    95.0%           11      10292
  371177    18998        0    95.1%           11      10340
  398062    21469       32    94.9%           11      10390
  372983    20642        0    94.8%           11      10439
  373140    19578        0    95.0%           11      10487
  377426    16332     3024    95.9%           11      10534
  370871    19179        0    95.1%           11      10583
  369553    19444        0    95.0%           11      10629
  376970    20194        0    94.9%           11      10677
  363576    19933        0    94.8%           11      10724
  374659    19719        0    95.0%           11      10773
  373300    20035        0    94.9%           11      10821
  373557    20258       32    94.9%           11      10870
  371406    20853        0    94.7%           11      10916
  379098    17523     3022    95.6%           11      10965
  370488    19720        0    94.9%           11      11013
  370243    20526        0    94.7%           11      11061
  367879    20991        0    94.6%           11      11108
  365502    19737        0    94.9%           11      11155
  370790    20177        0    94.8%           11      11203
  385074    21163        0    94.8%           11      11253
  370053    19605       32    95.0%           11      11301
  369766    19881        0    94.9%           11      11348
  369065    19813        0    94.9%           11      11396
  377183    16670     3023    95.8%           11      11443
  368734    20705        0    94.7%           11      11490
  382654    19638       87    95.1%           11      11540
  368650    20422        0    94.8%           11      11587
  371425    20251        0    94.8%           11      11635
  374110    20462        0    94.8%           11      11684
  370837    21610       32    94.5%           11      11732
  373303    20253        0    94.9%           11      11780
  370936    20723        0    94.7%           11      11827
  377418    17803     3023    95.5%           11      11875
  370625    20316        0    94.8%           11      11923
  371242    19417        0    95.0%           11      11970
  367573    19737        0    94.9%           11      12018
  373739    19691        0    95.0%           11      12066
  398279    21528        0    94.9%           11      12117
  371027    19331        0    95.0%           11      12165
  369955    19372       32    95.0%           11      12213
  369581    19980        0    94.9%           11      12260
  373799    14944     5250    96.2%           11      12308
  368237    20383        0    94.8%           11      12356
  409054    21915        0    94.9%           11      12407
  375727    19158        0    95.1%           11      12456
  373429    20611        0    94.8%           11      12505
  372914    19601        0    95.0%           11      12553
  372322    20100        0    94.9%           11      12601
  372709    19125       32    95.1%           11      12649
  370181    20663        0    94.7%           11      12697
  372049    19611        0    95.0%           11      12744
  376428    16072     3022    95.9%           11      12792
  368013    22086        0    94.3%           11      12839
  366766    21681        0    94.4%           11      12887
  370715    20349        0    94.8%           11      12934
  398000    22760        0    94.6%           11      12985
  371408    21435        0    94.5%           11      13033
  366457    19525       33    94.9%           11      13080
  366844    20746        0    94.6%           11      13127
  365954    20359        0    94.7%           11      13175
  381745    17175     3021    95.7%           11      13221
  388418    20116        0    95.1%           11      13273
  364677    18536        0    95.2%           11      13320
  367617    18499        0    95.2%           11      13366
  364949    18569        0    95.2%           11      13414
  367696    18700        0    95.2%           11      13461
  367157    18909        0    95.1%           11      13509
  366781    21370       33    94.5%           11      13557
  367821    19731        0    94.9%           11      13604
  369464    17359     3023    95.5%           11      13651
  371665    20583        0    94.8%           11      13699
  369265    19555        0    95.0%           11      13747
  366801    21400       92    94.5%           11      13794
  381055    21240        0    94.7%           11      13843
  374458    20007        0    94.9%           11      13892
  368593    19646        0    94.9%           11      13939
  370340    20394       33    94.8%           11      13987
  370022    19547        0    95.0%           11      14034
  370533    19447        0    95.0%           11      14082
  384167    16482     3025    95.9%           11      14130
  369471    20059        0    94.9%           11      14178
  366909    21191        0    94.5%           11      14225
  363295    21206        0    94.5%           11      14271
  371027    19955        0    94.9%           11      14319
  373102    20465        0    94.8%           11      14368
  372513    19906       33    94.9%           11      14416
  374308    19332        0    95.1%           11      14464
  365867    20152        0    94.8%           11      14511
  377024    16483     3025    95.8%           11      14559
  367380    18736        0    95.1%           11      14607
  366818    20877       87    94.6%           11      14654
  396077    23269        0    94.5%           11      14703
  366578    19550        0    94.9%           11      14751
  368375    20623        0    94.7%           11      14799
  370197    20266        0    94.8%           11      14847
  371815    19612       33    95.0%           11      14894
  372823    19309        0    95.1%           11      14943
  414743    18565     3023    95.7%           11      14995
  371291    20262        0    94.8%           11      15043
  375364    20419        0    94.8%           11      15091
  373181    20400        0    94.8%           11      15138
  372449    20122        0    94.9%           11      15187
  368947    21134        0    94.6%           11      15234
  371312    20238        0    94.8%           11      15282
  371629    21493       33    94.5%           11      15330
  369563    19027        0    95.1%           11      15378
  367148    20008        0    94.8%           11      15426
  369986    15380     5250    96.0%           11      15473
  369879    20439        0    94.8%           11      15521
  405333    22172        0    94.8%           11      15573
  371412    21388        0    94.6%           11      15620
  369277    19415        0    95.0%           11      15668
  367992    21140        0    94.6%           11      15716
  371299    19669       32    95.0%           11      15764
  386759    21067        0    94.8%           11      15814
  392514    20762        0    95.0%           11      15865
  376145    16413     3025    95.8%           11      15912
  369624    21202        0    94.6%           11      15960
  370393    19630       87    95.0%           11      16008
  373656    20110        0    94.9%           11      16055
  373828    20272        0    94.9%           11      16103
  373765    20271        0    94.9%           11      16152
  372391    20600        0    94.8%           11      16199
  369881    19522       32    95.0%           11      16247
  368040    20612        0    94.7%           11      16295
  378424    16997     3024    95.7%           11      16343
  371124    20409        0    94.8%           11      16391
  375776    20105        0    94.9%           11      16439
  370224    21390        0    94.5%           11      16487
  367629    21997        0    94.4%           11      16534
  366745    21277        0    94.5%           11      16582
  367326    22289        0    94.3%           11      16630
  394832    20960       32    95.0%           11      16680
  372655    20609        0    94.8%           11      16728
  371318    21319        0    94.6%           11      16776
  378997    17614     3022    95.6%           11      16824
  373712    19999        0    94.9%           11      16871
  367498    20815       90    94.6%           11      16919
  374240    19320        0    95.1%           11      16967
  368398    20702        0    94.7%           11      17015
  371746    21294        0    94.6%           11      17063
  365315    19972       31    94.8%           11      17110
  371271    19074        0    95.1%           11      17158
  368559    19812        0    94.9%           11      17206
  377217    17476     3023    95.6%           11      17254
  381891    22585        0    94.4%           11      17303
  372070    20216        0    94.8%           11      17350
  368299    18989        0    95.1%           11      17398
  368896    21296        0    94.5%           11      17446
  371242    20114        0    94.9%           11      17493
  382784    20131        0    95.0%           11      17542
  362764    20777       33    94.6%           11      17590
  373724    20978        0    94.7%           11      17637
  379543    16741     3024    95.8%           11      17685
  373703    21029        0    94.7%           11      17734
  373114    19276        0    95.1%           11      17782
  373560    20659        0    94.8%           11      17830
  370458    19652        0    95.0%           11      17878
  370686    20734        0    94.7%           11      17925
  369122    19903        0    94.9%           11      17973
  370150    19625       33    95.0%           11      18020
  367803    22203        0    94.3%           11      18068
  381738    22040        0    94.5%           11      18117
  401946    20297     3024    95.2%           11      18168
  369957    20817        0    94.7%           11      18217
  370813    19938        0    94.9%           11      18264
  368458    21275        0    94.5%           11      18312
  368456    20470        0    94.7%           11      18359
  410313    23353        0    94.6%           11      18411
  372707    20128       33    94.9%           11      18460
  373340    20841        0    94.7%           11      18508
  370052    20947        0    94.6%           11      18555
  374241    16036     5250    95.9%           11      18603
  372931    20611        0    94.8%           11      18651
  374096    20082        0    94.9%           11      18699
  372902    20519        0    94.8%           12      18747
  369628    20404        0    94.8%           12      18794
  370339    19318        0    95.0%           12      18843
  370662    20154        0    94.8%           12      18890
  370104    20472       33    94.8%           12      18938
  398907    23222        0    94.5%           12      18990
  374443    19383     2292    95.1%           12      19040
  367909    19399     1207    95.0%           12      19093
  366705    20199        0    94.8%           12      19141
  370425    21357        0    94.5%           12      19189
  368532    20871        0    94.6%           12      19236
  402453    21370        0    95.0%           12      19288
  374782    19353        0    95.1%           12      19336
  373824    19681       33    95.0%           12      19384
  372888    20501        0    94.8%           12      19431
  373084    19731        0    95.0%           12      19480
  375252    19701     3025    95.0%           12      19527
  367426    20915        0    94.6%           12      19576
  373607    19007        0    95.2%           12      19624
  365985    22355        0    94.2%           12      19670
  370970    21022        0    94.6%           12      19707
  366172    21612        0    94.4%           12      19707
  366055    21884       32    94.4%           12      19707
  389447    23163        0    94.4%           12      19706
  357691    21005        0    94.5%           12      19706
  368856    17178     3024    95.6%           12      19707
  360137    19470        0    94.9%           12      19706
  362049    19024        0    95.0%           12      19706
  397385    22241        0    94.7%           12      19707
  372018    21854        0    94.5%           12      19707
  369298    21776        0    94.4%           12      19706
  372411    21732        0    94.5%           12      19706
  371685    21479       32    94.5%           12      19706
  368315    22424        0    94.3%           12      19706
  375853    19377     3025    95.1%           12      19707
  368870    21446        0    94.5%           12      19706
  370428    21915        0    94.4%           12      19706
  363000    21394       87    94.4%           12      19706
  367300    21347        0    94.5%           12      19706
  367007    21421        0    94.5%           12      19706
  366945    21286        0    94.5%           12      19706
  393089    22524       32    94.6%           12      19706
  378007    21730        0    94.6%           12      19706
  366059    21355        0    94.5%           12      19706
  374270    17997     3024    95.4%           12      19706
  384166    21858        0    94.6%           12      19706
  388850    22703        0    94.5%           12      19705
  367905    21363        0    94.5%           12      19705
  372208    21367        0    94.6%           12      19705
  371169    21317        0    94.6%           12      19705
  371940    21274       32    94.6%           12      19705
  371857    21115        0    94.6%           12      19705
  371434    20928        0    94.7%           12      19705
  376080    18110     3024    95.4%           12      19705
  370985    21382        0    94.6%           12      19704
  368255    21311        0    94.5%           12      19704
  369777    21058        0    94.6%           12      19704
  366619    20864        0    94.6%           12      19704
  368773    20794        0    94.7%           12      19703
  391710    22330        0    94.6%           12      19704
  369470    21332       32    94.5%           12      19703
  367041    20903        0    94.6%           12      19704
  375448    15749     5249    96.0%           12      19703
  370232    20967       37    94.6%           12      19704
  369144    20783        0    94.7%           12      19703
  372011    21136        0    94.6%           12      19703
  370411    20689        0    94.7%           12      19703
  367717    20294        0    94.8%           12      19703
  370419    20944        0    94.6%           12      19702
  371489    20754       32    94.7%           12      19703
  371123    20866        0    94.7%           12      19703
  370780    20563        0    94.7%           12      19702
  375246    17398     3024    95.6%           12      19703
  369598    20517        0    94.7%           12      19702
  368764    21202        0    94.6%           12      19703
  370910    20863        0    94.7%           12      19702
  402559    22726        0    94.7%           12      19702
  368929    20310        0    94.8%           12      19702
  367576    20594       32    94.7%           12      19702
  366980    20868        0    94.6%           12      19702
  369023    20395        0    94.8%           12      19702
  382708    17968     3025    95.5%           12      19702
  398469    22396        0    94.7%           12      19701
  373313    21054        0    94.7%           12      19701
  369893    20738       87    94.7%           12      19700
  372882    20706        0    94.7%           12      19701
  369854    20310        0    94.8%           12      19701
  371998    20584        0    94.8%           12      19701
  370710    20236       33    94.8%           12      19702
  373548    20557        0    94.8%           12      19702
  375686    17685     3024    95.5%           12      19701
  367224    20335        0    94.8%           12      19702
  365110    20184        0    94.8%           12      19701
  372934    20522        0    94.8%           12      19701
  376772    20922        0    94.7%           12      19701
  365422    20266        0    94.7%           12      19701
  366163    20145        0    94.8%           12      19701
  370574    20534       33    94.7%           12      19701
  368744    20477       14    94.7%           12      19700
  391800    22035        0    94.7%           12      19700
  391228    18310     3024    95.5%           12      19700
  372712    20689        0    94.7%           12      19700
  368962    20481       94    94.7%           12      19700
  367011    21587        0    94.4%           12      19699
  366445    19303        0    95.0%           12      19699
  365728    19279        0    95.0%           12      19701
  366263    19906       31    94.8%           12      19700
  365164    20567        0    94.7%           12      19700
  366956    20139        0    94.8%           12      19700
  376127    17116     3022    95.6%           12      19700
  368221    20352        0    94.8%           12      19700
  370086    20245        0    94.8%           12      19700
  383185    20450       87    94.9%           12      19701
  370457    20338        0    94.8%           12      19700
  366086    19970        0    94.8%           11      19701
  371517    20499        0    94.8%           11      19702
  367506    20474       33    94.7%           11      19702
  399566    22092        0    94.8%           11      19702
  383826    17847     3020    95.6%           11      19702
  370209    20480        0    94.8%           11      19702
  371887    20437        0    94.8%           11      19702
  371455    20352        0    94.8%           11      19702
  369233    19967        0    94.9%           11      19702
  372873    20049        0    94.9%           11      19701
  372241    19982        0    94.9%           11      19702
  373709    20037       33    94.9%           11      19701
  366576    19721        0    94.9%           11      19701
  369382    20024        0    94.9%           11      19701
  377258    14839     5246    96.2%           11      19702
  370828    19851        0    94.9%           11      19701
  405827    21770        0    94.9%           11      19702
  374379    20019        0    94.9%           11      19701
  360816    20618        0    94.6%           11      19702
  367142    21081        0    94.6%           11      19701
  369569    20963       30    94.6%           11      19701
  379838    21656        0    94.6%           11      19701
  365280    20937        0    94.6%           11      19701
  380044    18164     3018    95.4%           11      19701
  370786    20872        0    94.7%           11      19701
  371411    21205        0    94.6%           11      19701
  371073    21054        0    94.6%           11      19701
  370520    21101        0    94.6%           11      19701
  369029    20629        0    94.7%           11      19701
  369845    20728        0    94.7%           11      19701
  366764    20916       36    94.6%           11      19701
  364827    20759        0    94.6%           11      19701
  375182    17888     3017    95.4%           11      19703
  366541    21109        0    94.6%           11      19702
  393568    22585        0    94.6%           11      19702
  370535    21298        0    94.6%           11      19701
  364293    20959        0    94.6%           11      19702
  369373    21007        0    94.6%           11      19702
  366806    20887        0    94.6%           11      19702
  397938    22606       32    94.6%           11      19702
  369260    21228        0    94.6%           11      19702
  370188    21456        0    94.5%           11      19703
  377916    17913     3017    95.5%           11      19703
  366246    20768        0    94.6%           11      19702
  371759    21091        0    94.6%           11      19703
  371616    20946        0    94.7%           11      19703
  372583    20935        0    94.7%           11      19702
  368716    21042        0    94.6%           11      19702
  368202    21213        3    94.6%           11      19702
  366468    20541        0    94.7%           11      19703
  370235    20732        0    94.7%           11      19702
  375625    18014     3017    95.4%           11      19703
  384075    21568        0    94.7%           11      19703
  365610    20724        0    94.6%           11      19703
  368689    21163        0    94.6%           11      19702
  370001    20864        0    94.7%           11      19703
  371553    20774        0    94.7%           11      19703
  402779    22935        0    94.6%           11      19703
  377218    21198       33    94.7%           11      19703
  369792    20939        0    94.6%           11      19703
  378410    18327     2845    95.4%           11      19703
  371606    21021        0    94.6%           11      19703
  371500    21133        0    94.6%           11      19703
  366058    21115        0    94.5%           11      19702
  371233    21266        0    94.6%           11      19703
  370459    21362        0    94.5%           11      19703
  366739    21359        0    94.5%           11      19703
  365519    21296       33    94.5%           11      19703
  369646    21038        0    94.6%           11      19703
  369368    21156        0    94.6%           11      19704
  412779    20369     3012    95.3%           11      19703
  371157    20897        0    94.7%           11      19703
  367248    20773       87    94.6%           11      19703
  364412    20950        0    94.6%           11      19703
  367540    20711        0    94.7%           11      19703
  385063    21899        0    94.6%           11      19703
  373234    21549        2    94.5%           11      19703
  373703    21522        1    94.6%           11      19703
  369063    21169        0    94.6%           11      19703
  380374    15708     5237    96.0%           11      19703
  367180    21090        0    94.6%           11      19703
  369336    20983        0    94.6%           11      19704
  371104    21099        0    94.6%           11      19704
  362808    20749        0    94.6%           11      19703
  372378    20764        0    94.7%           11      19703
  366827    20916        0    94.6%           11      19704
  369543    21081       33    94.6%           11      19703
  377100    21545        0    94.6%           11      19703
  389394    21261      654    94.8%           11      19704
  368927    20729        0    94.7%           11      19703
  367274    20880        0    94.6%           11      19703
  369461    21036       87    94.6%           11      19703
  368388    21232        0    94.6%           11      19703
  385411    21655        0    94.7%           11      19702
  370173    20640        0    94.7%           11      19703
  370706    21050       32    94.6%           11      19702
  369734    21084        0    94.6%           11      19702
  371961    21254        0    94.6%           11      19703
  374972    17611     3008    95.5%           11      19703
  370353    20957        0    94.6%           11      19702
  373750    21502        0    94.6%           11      19703
  370411    21694        0    94.5%           11      19702
  367892    21057        0    94.6%           11      19702
  368808    21010        0    94.6%           11      19702
  369051    20922        0    94.6%           11      19702
  370875    21230        1    94.6%           11      19702
  380374    21281        0    94.7%           11      19702
  371355    17995     3010    95.4%           11      19702
  362561    20528        0    94.6%           11      19702
  372066    21377        0    94.6%           11      19701
  368793    21099        0    94.6%           11      19702
  373496    20812        0    94.7%           11      19701
  369406    21128        0    94.6%           11      19701
  368553    20905        0    94.6%           11      19701
  366557    19499       32    94.9%           11      19701
  366935    20297        0    94.8%           11      19702
  364806    19913        0    94.8%           11      19700
  365340    21090        0    94.5%           11      19701
  367664    20543        0    94.7%           11      19702
  368213    20886       90    94.6%           11      19702
  363225    20698        0    94.6%           11      19701
  369722    21070        0    94.6%           11      19701
  367560    21317        0    94.5%           11      19701
  366622    20747       32    94.6%           11      19701
  397243    22308        0    94.7%           11      19701
  367105    21133        0    94.6%           11      19701
  380736    17867     3008    95.5%           11      19701
  397482    22680        0    94.6%           11      19701
  364571    20705        0    94.6%           11      19700
  369299    20530        0    94.7%           11      19700
  363082    20653        0    94.6%           11      19699
  365879    20797        0    94.6%           11      19699
  370106    21100        0    94.6%           11      19698
  369711    20877       29    94.7%           11      19699
  370204    21022        0    94.6%           11      19698
  376758    18178     3006    95.4%           11      19698
  372908    21474        0    94.6%           11      19699
  368038    20827        0    94.6%           11      19698
  363862    20515       87    94.7%           11      19698
  368376    20812        0    94.7%           11      19698
  365581    21132        0    94.5%           11      19698
  367594    20849        0    94.6%           11      19698
  385450    21745       32    94.7%           11      19697
  367884    20837        0    94.6%           11      19698
  370057    21006        0    94.6%           11      19698
  377901    21689        0    94.6%           11      19698
  367252    20098        0    94.8%           11      19699
  362641    19409       87    94.9%           11      19698
  358019    19484        0    94.8%           11      19697
  365914    20227        0    94.8%           11      19697
  367959    20913        0    94.6%           11      19697
  365726    19990       33    94.8%           11      19697
  366526    19239        0    95.0%           11      19697
  364320    18489        0    95.2%           11      19696
  371566    15995     3004    95.9%           11      19696
  362770    18287        0    95.2%           11      19697
  362563    20255       87    94.7%           11      19696
  362787    20735        0    94.6%           11      19697
  357055    18915        0    95.0%           11      19696
  393334    21947        0    94.7%           11      19696
  364259    20032        3    94.8%           11      19696
  361302    18894        1    95.0%           11      19696
  366873    21341        0    94.5%           11      19696
  392815    18761     3004    95.4%           11      19695
  369592    21127        0    94.6%           11      19696
  372226    21043        0    94.6%           11      19696
  372456    21342        0    94.6%           11      19695
  371980    21285        0    94.6%           11      19695
  370408    20809        0    94.7%           11      19695
  370543    20562        0    94.7%           11      19696
  373137    21474       33    94.6%           11      19695
  371474    21000        0    94.6%           11      19695
  376047    19364     1658    95.1%           11      19695
  365527    20276        0    94.7%           11      19696
  365769    20709        0    94.6%           11      19695
  370030    21484        0    94.5%           11      19695
  366884    21808        0    94.4%           11      19695
  393081    22527        0    94.6%           11      19695
  369227    20975        0    94.6%           11      19694
  367371    20824       33    94.6%           11      19694
  369997    20616        0    94.7%           11      19694
  403572    23815        0    94.4%           11      19694
  380767    18330     3045    95.4%           11      19694
  366594    20807        0    94.6%           11      19695
  370424    21027        0    94.6%           11      19695
  371269    21299        0    94.6%           11      19695
  373002    21204        0    94.6%           11      19695
  370228    21062        0    94.6%           11      19694
  371834    20540        0    94.8%           11      19695
  369692    21176       28    94.6%           11      19694
  368763    21204        0    94.6%           11      19694
  374378    18495     3049    95.3%           11      19694
  369476    20539        0    94.7%           11      19694
  363762    21083        0    94.5%           11      19694
  368888    20558        0    94.7%           11      19694
  382538    21270        0    94.7%           11      19694
  367249    20739        0    94.7%           11      19693
  368576    21473        0    94.5%           11      19694
  373187    21457       47    94.6%           11      19694
  395452    22549        0    94.6%           11      19694
  372879    20807        0    94.7%           11      19694
  371785    20745        0    94.7%           11      19694
  368659    20741        0    94.7%           11      19694
  368581    20636       87    94.7%           11      19693
  369443    21044        0    94.6%           11      19694
  373832    21538        0    94.6%           11      19694
  369365    21035        0    94.6%           11      19693
  372586    21572       32    94.5%           12      19693
  367510    20793        0    94.6%           12      19694
  369232    20893        0    94.6%           12      19693
  373375    15791     5232    95.9%           12      19693
  368873    21229        0    94.6%           12      19694
  367946    20854        0    94.6%           12      19693
  392661    22207        0    94.6%           12      19693
  370129    20982        0    94.6%           12      19693
  368293    21197        0    94.6%           12      19693
  368453    20696        0    94.7%           12      19693
  374648    20609       29    94.8%           12      19693
  369392    20909        0    94.6%           12      19693
  379210    17975     3007    95.5%           12      19693
  368617    21134        0    94.6%           12      19694
  372135    20984        0    94.7%           12      19693
  370044    20753        0    94.7%           12      19693
  370992    20768        0    94.7%           12      19693
  370534    20677        0    94.7%           12      19693
  365893    19992        0    94.8%           12      19692
  365994    20701       32    94.6%           12      19692
  363502    20613        0    94.6%           12      19692
  265456    14129      143    94.9%           12      19692
   12850      325      476    97.5%            3      17747
    1600        0        0   100.0%            3       6147
   14950     1159      176    92.8%            5        207
   27669     1185      149    95.9%            5        196

Ending tracing...
