Counting cache functions... Output every 1 seconds.
    HITS   MISSES  DIRTIES    RATIO   BUFFERS_MB   CACHE_MB
    2102       92        0    95.8%            7        199
    1615        0        0   100.0%            7        199
    1585        0       42   100.0%            7        200
    2967    79112     3334     3.6%           10        444
   85119   139117    53054    38.0%           10       1386
  344664   121688    64525    73.9%           10       2148
  565684   127907    84798    81.6%           11       2963
  734857    93511    82268    88.7%           11       3706
  936030    88083    94440    91.4%           11       4260
  874622    85181    89104    91.1%           11       4566
 1093696    80079    96541    93.2%           11       5228
 1259324    74454    95826    94.4%           12       5731
 1324004    63945    92033    95.4%           12       6321
 1203848    65140    90859    94.9%           13       6310
 1209524    61806    90241    95.1%           13       6829
 1306146    56132    98127    95.9%           13       7350
 1504681    55679    98975    96.4%           13       7783
 1627688    53863    41612    96.8%           13       8235
 1689810    53037    34021    97.0%           13       8603
 1738044    52949    29730    97.0%           13       9008
 1518359    58848    40913    96.3%           13       9163
 1274328    71053    77658    94.7%           13       9059
 1322174    58239    77591    95.8%           13       9385
 1429907    52341    80013    96.5%           14       9845
 1469331    47125    81610    96.9%           14      10287
 1667452    47240    48070    97.2%           14      10654
 1750161    48211    29222    97.3%           14      11035
 1740052    46882    33958    97.4%           14      11403
 1827532    43394    31649    97.7%           14      11742
 1785965    44603    28235    97.6%           14      12112
 1747137    42918    25734    97.6%           14      12467
 1722263    41552    23189    97.6%           14      12810
 1727588    40754    23284    97.7%           14      13156
 1273088    73088    62758    94.6%           14      13052
 1258183    77563    80146    94.2%           14      12915
 1351024    70692    81646    95.0%           14      13470
 1416751    62104    76204    95.8%           14      13979
 1490262    52032    72337    96.6%           15      14460
 1650926    45561    76777    97.3%           15      14857
 1647327    36808    53278    97.8%           15      14583
 1791151    37564    27061    97.9%           15      14904
 1751467    35929    25411    98.0%           15      15217
 1795313    35073    31546    98.1%           15      15491
 1846865    35046    26113    98.1%           15      15811
 1850492    34651    26323    98.2%           15      16125
 1833369    33712    25630    98.2%           15      16432
 1842210    33414    25190    98.2%           15      16733
 1851124    32845    28001    98.3%           15      17041
 1900393    33411    24903    98.3%           15      17349
 1892643    32767    24905    98.3%           15      17653
 1839563    31172    24010    98.3%           15      17947
 1845720    30848    32265    98.4%           15      18261
 1883905    29674    23588    98.4%           15      18496
 1950359    30402    23498    98.5%           15      18787
 1467715    51892    44180    96.6%           15      18775
 1087555    61829    83829    94.6%           15      17837
 1319416    53691    80801    96.1%           16      18160
 1454872    51596    78521    96.6%           16      18395
 1575664    55631    78962    96.6%           16      18867
 1699872    52246    73457    97.0%           16      19205
 1750332    48891    65519    97.3%           16      19218
 1758707    45825    64754    97.5%           16      19188
 1834394    44625    66196    97.6%           16      19159
 1917042    38037    38413    98.1%           16      19229
 1970923    44747    17602    97.8%           16      19224
 1965030    45616    18259    97.7%           16      19212
 1953535    37745    23244    98.1%           16      18980
 1925410    29998    32641    98.5%           17      18726
 1965838    28535    23839    98.6%           17      18955
 2003811    28469    25919    98.6%           17      19215
 1965133    28164    20581    98.6%           17      19227
 1989680    28530    22438    98.6%           17      19220
 2030738    28948    23426    98.6%           17      19214
 1965462    28532    20432    98.6%           17      19208
 1970207    28727    20146    98.6%           17      19204
 1944961    28682    19503    98.5%           17      19195
 1990334    29312    19973    98.5%           17      19190
 1973563    29523    19983    98.5%           17      19181
 1942449    30538    19144    98.5%           17      19174
 1967232    31026    18705    98.4%           17      19168
 1948046    30634    28377    98.5%           17      19158
 2056913    31821    21670    98.5%           17      19217
 2018875    31414    20421    98.5%           17      19210
 2030475    30746    21730    98.5%           17      19204
 1989340    30335    20250    98.5%           17      19199
 1386454    58940    44966    95.9%           17      18924
 1082146    63107    76566    94.5%           17      18146
 1276320    54887    72764    95.9%           17      18396
 1482343    48260    74671    96.8%           17      18844
 1569358    41687    70975    97.4%           17      19162
 1700074    38187    67114    97.8%           17      19203
 1766093    35141    76391    98.0%           17      19145
 1794064    33466    73838    98.2%           18      19165
 1857670    29751    72206    98.4%           18      19181
 1892589    31162    74972    98.4%           18      19183
 1966546    28130    23469    98.6%           18      19221
 2031629    28015    25314    98.6%           18      19120
 2046425    27906    27356    98.7%           18      19199
 1971241    26734    22294    98.7%           18      19192
 1978321    26846    32089    98.7%           18      19159
 2014927    26002    24055    98.7%           18      19242
 2053056    26966    22973    98.7%           18      19236
 2028975    26593    22766    98.7%           18      19228
 2019102    23862    26703    98.8%           17      19223
 1989152    26340    21192    98.7%           17      19217
 2015620    27300    22908    98.7%           17      19208
 2023169    28900    22140    98.6%           17      19203
 1984124    28252    21000    98.6%           17      19195
 2036174    29030    21276    98.6%           17      19186
 2043849    27213    20588    98.7%           17      19181
 2004501    26137    19048    98.7%           17      19174
 2015869    27152    19434    98.7%           17      19167
 2029401    28037    19247    98.6%           17      19158
 1821287    38490    27364    97.9%           17      19112
  989748    65769    76777    93.8%           18      18128
 1288793    54277    76224    96.0%           18      18390
 1447531    44381    79216    97.0%           18      18813
 1659865    39859    82667    97.7%           18      19051
 1767152    36027    78162    98.0%           18      19104
 1745322    31776    65678    98.2%           18      19180
 1788880    30007    66840    98.4%           18      19148
 1862173    28669    75347    98.5%           18      19150
 1955585    25443    77955    98.7%           19      19066
 1943407    30954    40211    98.4%           19      19071
 1993214    24553    21266    98.8%           19      19195
 2055821    25571    22467    98.8%           19      19187
 2061549    30468    20997    98.5%           19      19178
 2032797    28237    19521    98.6%           19      19170
 2055900    22564    31950    98.9%           19      19224
 2057351    26377    20834    98.7%           19      19217
 2011511    29541    18833    98.6%           19      19210
 2051284    26707    21001    98.7%           19      19204
 2057874    27672    21675    98.7%           19      19197
 2070602    28463    19504    98.6%           19      19188
 2065474    27949    24490    98.7%           19      19182
 2052449    28245    21516    98.6%           19      19173
 2022066    27738    20965    98.6%           19      19167
 1938272    26454    20996    98.7%           19      19159
 2012108    28018    21665    98.6%           19      19152
 2005082    28201    21903    98.6%           19      19147
 1964800    29243    18099    98.5%           19      19138
 2043216    30734    21074    98.5%           19      19133
 1327366    54429    57687    96.1%           19      18934
 1050968    61560    85210    94.5%           19      18026
 1279427    57412    77553    95.7%           19      18314
 1478312    63043    76752    95.9%           19      18778
 1592557    56045    71689    96.6%           19      19160
 1670158    52862    69347    96.9%           19      19101
 1719787    49827    66435    97.2%           20      19135
 1749278    46898    64440    97.4%           20      19141
 1832419    47055    70060    97.5%           20      19151
 1858051    35333    70942    98.1%           20      19088
 1958731    30627    27992    98.5%           20      18776
 1970401    30372    30699    98.5%           20      18947
 1978018    27285    20568    98.6%           20      19090
 1988043    26850    22946    98.7%           20      19156
 1996541    26937    19793    98.7%           20      19203
 1966955    29837    19014    98.5%           20      19172
 2006664    30608    18351    98.5%           20      19190
 2032403    27627    26458    98.7%           20      19127
 2018015    29127    19995    98.6%           20      19165
 1911263    41502    28972    97.9%           20      19120
 2008353    39984    17488    98.0%           20      19203
 2009666    27846    19367    98.6%           20      19192
 1994007    27851    19541    98.6%           20      19180
 2015564    24724    25751    98.8%           20      19169
 2001584    26797    20815    98.7%           20      19157
 2045073    27094    21869    98.7%           20      19146
 2025294    27432    20912    98.7%           20      19136
 2019294    27059    20313    98.7%           20      19189
 2075644    26757    19875    98.7%           20      19181
 2097643    27372    21444    98.7%           20      19174
 2087956    27244    19608    98.7%           20      19168
 2052500    26494    21965    98.7%           20      19159
 2048550    27020    21173    98.7%           20      19150
 2021593    26202    21666    98.7%           20      19142
 2024709    26539    22005    98.7%           20      19134
 2020065    26768    21684    98.7%           20      19127
 2034922    25468    22620    98.8%           20      19120
 2003119    26942    22155    98.7%           20      19111
 1935114    26641    30019    98.6%           20      19059
 2028582    27438    21745    98.7%           20      19158
 1035959    78775    73104    92.9%           21      18764
 1166481    67852    81802    94.5%           21      18137
 1391148    58672    84564    96.0%           21      18552
 1526581    55414    76648    96.5%           21      19031
 1613509    52106    65935    96.9%           21      19076
 1687660    50170    65855    97.1%           21      19122
 1723003    48625    63655    97.3%           21      19140
 1726624    47277    66024    97.3%           21      19102
 1827771    33552    72339    98.2%           21      18574
 1832129    30789    51491    98.3%           21      18641
 1908517    31054    22909    98.4%           22      18905
 1879219    28845    21428    98.5%           22      18979
 1956792    28891    22739    98.5%           22      19153
 1952520    28819    24694    98.5%           22      19146
 1998673    32178    23361    98.4%           22      19205
 1956261    30001    21963    98.5%           22      19200
 1959418    29304    19775    98.5%           22      19175
 1981043    31296    20637    98.4%           22      19192
 1944011    28658    22573    98.5%           22      19183
 1963583    30003    21215    98.5%           22      19176
 1962125    29708    24520    98.5%           22      19164
 1948907    27766    30281    98.6%           22      19153
 2013596    30860    19207    98.5%           22      19205
 1962550    27435    22360    98.6%           22      19066
 1978593    27733    21071    98.6%           22      19188
 1965111    29245    20063    98.5%           22      19116
 1978069    33451    22725    98.3%           22      19162
 2002406    37935    24323    98.1%           22      19149
 1960045    27279    28936    98.6%           22      19190
 1997962    27160    20811    98.7%           22      19189
 1985350    26565    19895    98.7%           22      19180
 1988603    26696    19932    98.7%           22      19171
 1989196    25877    21224    98.7%           22      19165
 1996109    25872    24205    98.7%           22      19155
 2040243    27933    20196    98.6%           22      19143
 2043804    27669    20552    98.7%           22      19136
 2005461    28090    30526    98.6%           22      19099
 1978451    26590    19951    98.7%           22      19180
 2007191    26799    22350    98.7%           22      19172
 2003911    27681    23264    98.6%           22      19167
 1991350    27774    22361    98.6%           22      19158
 1991348    28354    22357    98.6%           22      19151
 1970174    28652    21179    98.6%           22      19145
 1978699    28985    22496    98.6%           22      19136
 1997033    29996    22741    98.5%           22      19128
 1951657    29954    20982    98.5%           22      19120
 1963087    30082    23248    98.5%           22      19112
 1946161    30158    20873    98.5%           22      19105
  904078    69209    80719    92.9%           22      18602
 1098762    58271    87508    95.0%           23      17943
 1356556    51938    86001    96.3%           23      18131
 1462795    43315    86758    97.1%           23      18535
 1625715    40298    86637    97.6%           23      18703
 1766848    35666    84198    98.0%           23      19112
 1764824    32488    78490    98.2%           23      19113
 1800148    30193    68041    98.4%           24      19121
 1888472    29350    25533    98.5%           24      19014
 1925120    29456    22742    98.5%           24      19139
 1896132    28978    36595    98.5%           24      19130
 1933492    28400    21425    98.6%           24      19185
 1962628    28318    24654    98.6%           24      19177
 1901159    28098    23630    98.5%           24      19059
 1960386    28873    23973    98.5%           24      19163
 1958156    29188    22490    98.5%           24      19152
 1913763    30435    24446    98.4%           24      19069
 1962985    32139    29657    98.4%           24      19162
 1964677    27826    22561    98.6%           24      18981
 1954240    27266    22223    98.6%           24      19177
 1987143    28220    23664    98.6%           24      19139
 1954705    32713    20973    98.4%           24      19069
 1986996    27441    25623    98.6%           24      19132
 1959316    43648    20285    97.8%           24      19179
 1965963    29228    21087    98.5%           24      19171
 2001336    32950    19961    98.4%           24      19161
 2001548    28784    21925    98.6%           24      19152
 2022555    29685    21879    98.6%           24      19143
 2012506    29553    24298    98.6%           24      19133
 1991069    28912    21022    98.6%           24      19124
 2009090    28115    30678    98.6%           24      19175
 2008552    30738    19632    98.5%           24      19169
 1979720    28846    21776    98.6%           24      19163
 1978154    29888    21676    98.5%           24      19156
 1991617    31212    20218    98.5%           24      19150
 1978936    30405    19544    98.5%           24      19142
 1975610    31967    19580    98.4%           24      19133
 1952120    30781    21863    98.4%           24      19125
 1978477    32043    20765    98.4%           24      19119
 1976034    32240    21119    98.4%           24      19112
 1984482    32563    22325    98.4%           24      19101
 1935654    32600    29807    98.3%           24      19095
 1977355    33335    18792    98.3%           24      19151
 1978990    32236    17876    98.4%           24      19144
 1119224    70125    57738    94.1%           24      18829
 1062065    61221    80019    94.5%           24      17901
 1321981    57810    79278    95.8%           25      18204
 1493807    52276    80574    96.6%           25      18669
 1564057    45358    78630    97.2%           25      18901
 1619243    39785    69685    97.6%           25      19071
 1642423    39831    64369    97.6%           25      19090
 1749657    34180    77014    98.1%           25      19090
 1808024    33420    73609    98.2%           25      19027
 1891842    31998    21553    98.3%           25      19144
 1867341    39226    19733    97.9%           25      19053
 1829709    41915    14823    97.8%           25      19139
 1844880    43999    16183    97.7%           25      19132
 1808280    47657    25816    97.4%           25      19185
 1915135    47714    14995    97.6%           25      19183
 1892561    48888    19791    97.5%           25      19177
 1828963    47602    15479    97.5%           25      19171
 1836451    48163    15887    97.4%           25      19165
 1845699    42571    18762    97.7%           25      18904
 1852488    36426    20657    98.1%           25      18854
 1914970    36303    22137    98.1%           25      18947
 1911734    36348    19770    98.1%           25      19151
 1835566    35824    19956    98.1%           26      19011
 1907922    33988    20817    98.2%           26      19146
 1843120    38376    21499    98.0%           26      19010
 1843242    36060    28812    98.1%           26      19169
 1907184    33358    17418    98.3%           26      19185
 1882206    39286    16860    98.0%           26      19178
 1870166    32196    22677    98.3%           26      19054
 1900401    32871    20908    98.3%           26      19164
 1873740    31570    21661    98.3%           26      19126
 1892918    30955    22073    98.4%           26      19148
 1833138    46792    21257    97.5%           26      19132
 1865936    46408    29793    97.6%           26      19175
 1913209    31786    24705    98.4%           26      19176
 1944377    32841    19705    98.3%           26      19167
 1969402    32037    21668    98.4%           26      19158
 1991404    32495    23071    98.4%           26      19150
 1938878    31559    21902    98.4%           26      19141
 1897131    30430    21386    98.4%           26      19134
 1938403    31730    24760    98.4%           26      19126
 1873009    30689    30573    98.4%           26      19115
 1958095    31253    22334    98.4%           26      19170
 1908829    30336    20880    98.4%           26      19164
 1934487    31994    20299    98.4%           26      19160
 1915817    31312    21329    98.4%           26      19150
 1914908    31368    22512    98.4%           26      19144
 1902085    31577    21458    98.4%           26      19137
 1921607    32467    20714    98.3%           26      19128
 1888946    32667    18603    98.3%           26      19122
 1905112    32743    21080    98.3%           26      19114
 1909877    33397    22511    98.3%           26      19108
 1900492    33131    20158    98.3%           26      19102
 1890241    30517    23666    98.4%           26      19094
 1474152    49653    40641    96.7%           26      18990
  854826    63774    76785    93.1%           26      18165
 1109509    60917    77530    94.8%           26      17992
 1236750    53443    73650    95.9%           27      18434
 1447211    50799    80171    96.6%           27      18685
 1514352    43988    78681    97.2%           27      18919
 1573664    40209    67957    97.5%           27      19083
 1673550    40690    66158    97.6%           27      19087
 1634591    45914    70813    97.3%           27      18974
 1721090    51139    63147    97.1%           27      19119
 1811776    43534    28227    97.7%           27      19140
 1820065    49390    16763    97.4%           27      19133
 1836844    51015    18011    97.3%           27      19127
 1790866    48269    16970    97.4%           27      19119
 1742304    51148    26199    97.1%           27      19135
 1781959    49667    16194    97.3%           27      19171
 1828502    51267    16198    97.3%           27      19164
 1833013    45528    17593    97.6%           27      19159
 1737541    39685    20893    97.8%           27      18681
 1801516    37894    18801    97.9%           27      18727
 1863555    36845    24587    98.1%           27      19032
 1871694    49998    22695    97.4%           27      19140
 1845541    41710    19655    97.8%           27      19140
 1841744    50058    18860    97.4%           27      19131
 1845375    50532    18449    97.3%           27      19125
 1843404    50794    18364    97.3%           27      19116
 1815592    50872    26580    97.3%           27      19175
 1909992    52096    17242    97.3%           27      19166
 1883987    43924    18583    97.7%           27      19162
 1897164    45752    17338    97.6%           27      19156
 1899413    41419    19931    97.9%           27      19151
 1810655    37304    24689    98.0%           28      18435
 1877422    38385    21644    98.0%           28      18688
 1925151    37404    23830    98.1%           28      18877
 1925623    37357    23277    98.1%           28      19143
 1928015    37037    23134    98.1%           28      19034
 1922333    36014    21103    98.2%           28      19127
 1844083    33187    33581    98.2%           28      19111
 1939602    45968    23811    97.7%           28      19166
 1922874    45142    18931    97.7%           28      19160
 1933285    35368    19979    98.2%           28      19152
 1921726    33758    20265    98.3%           28      19142
 1930264    33804    22781    98.3%           28      19139
 1983208    35367    21581    98.2%           28      19129
 1912842    33818    21943    98.3%           28      19121
 1895608    34173    21008    98.2%           28      19112
 1871886    33799    19958    98.2%           28      19104
 1882444    33265    28308    98.3%           28      19160
 1875632    33793    18854    98.2%           28      19153
 1866571    33571    19483    98.2%           28      19151
 1897122    30871    23086    98.4%           28      19142
 1857761    33952    18599    98.2%           28      19136
 1907389    34864    21056    98.2%           28      19132
 1944493    35071    20825    98.2%           28      19128
 1902566    34670    22171    98.2%           28      19120
 1910131    35036    20713    98.2%           28      19114
 1925254    34100    26172    98.3%           28      19108
 1928315    35477    23763    98.2%           28      19103
 1933036    36586    20481    98.1%           28      19096
 1889027    35673    23191    98.1%           28      19087
 1903362    36400    22455    98.1%           28      19079
  944578    76139    64891    92.5%           28      18769
  890896    74609    80372    92.3%           28      18042
 1135244    67435    78893    94.4%           29      18252
 1274376    58826    79075    95.6%           29      18498
 1355869    52435    77064    96.3%           29      18732
 1544502    48268    73888    97.0%           29      19097
 1582309    45001    67852    97.2%           29      19083
 1651473    42947    74091    97.5%           29      19090
 1716063    40375    69392    97.7%           29      19101
 1739415    38929    66671    97.8%           29      19050
 1860360    39727    39860    97.9%           29      18828
 1892027    37899    24007    98.0%           29      19125
 1859465    37325    22195    98.0%           29      18941
 1843958    36406    20905    98.1%           29      19120
 1882683    37780    21334    98.0%           29      19113
 1809911    34926    25203    98.1%           30      18956
 1881947    35716    22070    98.1%           30      19162
 1914594    37384    20396    98.1%           30      19152
 1889574    38830    24201    98.0%           30      19132
 1908832    38571    20195    98.0%           30      19138
 1927878    37717    23618    98.1%           30      19130
 1929073    38413    23791    98.0%           30      19122
 1915799    37426    21903    98.1%           30      19053
 1862773    34986    32383    98.2%           30      19148
 1937807    35810    22727    98.2%           30      19155
 1907872    37303    24336    98.1%           30      19116
 1907936    35194    22298    98.2%           30      19139
 1894244    35789    23548    98.1%           30      19130
 1884297    35501    25879    98.2%           30      18921
 1917307    35503    25074    98.2%           30      19108
 1879047    43045    30439    97.8%           30      18976
 1907362    37927    21735    98.1%           30      19143
 1927997    43241    21235    97.8%           30      19133
 1917566    35315    22664    98.2%           30      19123
 1963826    34995    26027    98.2%           30      19113
 1937992    34596    23966    98.2%           30      19101
 1903593    35008    23931    98.2%           30      19090
 1880225    33579    30969    98.2%           30      19143
 1922221    34437    23252    98.2%           30      19136
 1873748    34419    21314    98.2%           30      19130
 1949459    30590    29065    98.5%           30      19122
 1884776    35556    19444    98.1%           30      19118
 1874664    35231    22375    98.2%           30      19107
 1899996    36729    21335    98.1%           30      19098
 1892371    38439    20024    98.0%           30      19090
 1866709    36659    22126    98.1%           30      19080
 1869553    37373    21943    98.0%           30      19076
 1822803    37492    29943    98.0%           30      19047
 1844971    36089    19585    98.1%           30      19124
 1916030    38458    21094    98.0%           30      19118
 1853881    39021    18609    97.9%           30      19111
 1870724    38770    21412    98.0%           30      19106
 1828339    38699    21031    97.9%           30      19101
 1193715    74870    52044    94.1%           30      18931
  833172    75224    78213    91.7%           30      18227
 1011638    70753    72419    93.5%           30      18058
 1202851    63130    72302    95.0%           31      18533
 1330860    57196    72535    95.9%           31      19008
 1442730    54886    63631    96.3%           31      19057
 1566872    51963    81359    96.8%           31      19060
 1548806    44981    63699    97.2%           31      19078
 1611124    44222    62121    97.3%           31      19008
 1695206    40831    74166    97.6%           31      19050
 1771833    41638    40892    97.7%           31      18936
 1841036    40750    22216    97.8%           31      19109
 1840909    41101    24136    97.8%           31      19062
 1871419    41608    21494    97.8%           31      19093
 1735045    49086    29464    97.2%           31      19086
 1858605    54007    18990    97.2%           31      19141
 1832797    53631    18268    97.2%           31      19134
 1836480    54573    18226    97.1%           31      19127
 1825597    45308    18976    97.6%           31      19120
 1802612    49512    21904    97.3%           31      19113
 1801969    51475    18265    97.2%           31      19105
 1760982    47180    21152    97.4%           31      18594
 1841229    44047    24163    97.7%           31      18931
 1817235    40570    29770    97.8%           31      19082
 1840929    38622    25653    97.9%           32      18918
 1897589    41048    23962    97.9%           32      19132
 1876879    41174    19805    97.9%           32      19127
 1826344    40514    18766    97.8%           32      18983
 1910399    41204    22970    97.9%           32      19111
 1868680    39885    20714    97.9%           32      19103
 1850321    42094    22446    97.8%           32      18986
 1907926    40957    22314    97.9%           32      19088
 1901955    41430    29840    97.9%           32      19140
 1885992    40715    24341    97.9%           32      19024
 1906959    38775    21828    98.0%           32      19124
 1882472    43289    21318    97.8%           32      18998
 1906371    42670    22226    97.8%           32      19101
 1887079    52360    19981    97.3%           32      19089
 1914738    38428    23601    98.0%           32      19078
 1878323    36748    25131    98.1%           32      19130
 1861754    35767    20273    98.1%           32      19120
 1886681    37517    20355    98.1%           32      19114
 1892842    37722    22623    98.0%           32      19107
 1882469    38110    22584    98.0%           32      19096
 1846737    37669    22159    98.0%           32      19090
 1865222    39375    21112    97.9%           32      19077
 1853591    38278    21058    98.0%           32      19071
 1872073    39155    19991    98.0%           32      19061
 1798563    37050    28605    98.0%           32      19060
 1857983    37419    19052    98.0%           32      19109
 1877954    37990    18904    98.0%           32      19104
 1878932    38785    21451    98.0%           32      19097
 1881111    38571    19553    98.0%           32      19093
 1848197    38020    19562    98.0%           32      19089
 1853633    38691    20854    98.0%           32      19082
 1849567    39182    20819    97.9%           32      19075
 1864920    40053    21636    97.9%           32      19070
 1825714    39426    22918    97.9%           32      19065
 1828598    40261    21565    97.8%           32      19059
  983352    85987    58022    92.0%           32      18913
  824297    79991    80761    91.2%           32      18181
 1019041    71566    78727    93.4%           32      18271
 1230301    66683    78705    94.9%           33      18735
 1320696    61354    72801    95.6%           33      19039
 1424150    56218    81107    96.2%           33      19012
 1523768    50825    64901    96.8%           33      19059
 1562175    49934    63314    96.9%           33      19013
 1600526    47007    75181    97.1%           33      18883
 1641033    42972    69644    97.4%           33      19049
 1828343    45516    21903    97.6%           33      19084
 1764339    45264    24638    97.5%           33      19059
 1812332    45237    20665    97.6%           33      19071
 1732227    41802    28010    97.6%           33      19062
 1805900    43861    22314    97.6%           33      18912
 1852475    43306    21008    97.7%           33      19116
 1819972    44393    20326    97.6%           33      19108
 1763972    42020    26538    97.7%           33      19070
 1807558    44737    20748    97.6%           33      19096
 1795535    43544    20266    97.6%           33      19087
 1847622    44421    24278    97.7%           34      19080
 1828060    43848    21046    97.7%           34      19071
 1729915    41615    28272    97.7%           34      19031
 1859625    46261    23050    97.6%           34      19115
 1823994    42695    21515    97.7%           34      19109
 1845048    41750    25638    97.8%           34      18945
 1850495    43238    22540    97.7%           34      19092
 1823258    42796    21501    97.7%           34      19084
 1829903    42338    20997    97.7%           34      19073
 1738998    37935    27686    97.9%           34      18868
 1865341    37802    27387    98.0%           34      19118
 1887158    42418    20833    97.8%           34      19111
 1846755    38921    22832    97.9%           34      19102
 1864738    39701    26914    97.9%           34      18967
 1866811    40937    21848    97.9%           34      19099
 1862095    41196    21264    97.8%           34      19088
 1858173    40727    24782    97.9%           34      18910
 1807751    38527    30470    97.9%           34      19124
 1901927    39319    19939    98.0%           34      19119
 1872250    39211    20554    97.9%           34      19034
 1814509    44504    20648    97.6%           34      19090
 1891058    39047    20176    98.0%           34      19081
 1885281    37738    22383    98.0%           34      19070
 1909236    39121    25987    98.0%           34      19062
 1755180    36102    32085    98.0%           34      19034
 1810396    36340    22589    98.0%           34      19106
 1839202    37042    23068    98.0%           34      19101
 1817903    36945    23267    98.0%           34      19094
 1828573    37864    20965    98.0%           34      19085
 1863946    38639    23197    98.0%           34      19079
 1817820    39257    19741    97.9%           34      19072
 1808602    37969    22798    97.9%           34      19064
 1819445    40253    22480    97.8%           34      19058
 1810006    39359    22952    97.9%           34      19048
 1859417    40835    22817    97.9%           34      19039
 1759536    38506    31507    97.9%           34      19069
 1855251    36948    23793    98.0%           34      19088
 1866057    40917    21755    97.9%           34      19080
 1840793    40155    20229    97.9%           34      19073
 1850465    41433    22572    97.8%           34      19071
 1876120    41301    22247    97.8%           34      19062
 1855929    41301    21753    97.8%           34      19059
  845222    89638    65211    90.4%           34      18941
  753391    82951    84773    90.1%           34      18382
 1025169    78556    85910    92.9%           35      18438
 1178341    79394    85166    93.7%           35      18682
 1299744    75365    79417    94.5%           35      18994
 1390750    69740    72905    95.2%           35      19030
 1379766    54152    66505    96.2%           35      19041
 1490832    67703    69177    95.7%           35      19058
 1505934    64472    69324    95.9%           35      19017
 1569352    63296    64688    96.1%           35      19034
 1666291    64819    20646    96.3%           35      19067
 1664853    63891    18815    96.3%           35      19061
 1725753    54839    22928    96.9%           35      19056
 1605041    49226    26597    97.0%           35      18342
 1653742    50317    30818    97.0%           35      18738
 1709812    49307    20725    97.2%           35      18892
 1777972    48145    22709    97.4%           35      19099
 1722045    47522    18272    97.3%           35      19094
 1699746    47644    17989    97.3%           35      19087
 1695810    45349    23215    97.4%           35      18963
 1722619    46264    19514    97.4%           36      19079
 1731696    47831    18074    97.3%           36      19070
 1762005    49434    23426    97.3%           36      19065
 1705358    48466    20635    97.2%           36      19055
 1656640    50185    24898    97.1%           36      18878
 1731918    60780    20760    96.6%           36      19104
 1741919    56992    21143    96.8%           36      19098
 1786499    53557    18532    97.1%           36      19089
 1767844    53117    18697    97.1%           36      19080
 1749083    58318    18150    96.8%           36      19072
 1753739    52759    22688    97.1%           36      18767
 1787385    48294    23015    97.4%           36      19062
 1799459    47858    23158    97.4%           36      19054
 1743077    46548    28698    97.4%           36      18931
 1832964    46634    23188    97.5%           36      19067
 1818052    43642    20913    97.7%           36      19093
 1776679    44591    22981    97.6%           36      19003
 1787290    45045    20327    97.5%           36      19078
 1802130    45494    21090    97.5%           36      19071
 1744424    43985    20026    97.5%           36      19061
 1819650    45881    24419    97.5%           36      19052
 1753932    42180    28625    97.7%           36      19053
 1818619    47866    19589    97.4%           36      18922
 1835108    46000    21391    97.6%           36      19096
 1860490    41509    22825    97.8%           36      19083
 1780874    33470    27398    98.2%           36      19072
 1771787    39838    23241    97.8%           36      19063
 1767825    40527    22724    97.8%           36      19052
 1818755    40949    23825    97.8%           36      19044
 1771170    39987    31681    97.8%           36      19059
 1852751    41256    22920    97.8%           36      19092
 1829182    39061    25198    97.9%           36      19084
 1865325    43648    22129    97.7%           36      19077
 1809818    41154    22676    97.8%           36      19072
 1814753    41603    22048    97.8%           36      19066
 1800191    42653    22183    97.7%           36      19059
 1754379    42417    19901    97.6%           36      19054
 1810419    42612    22892    97.7%           36      19046
 1790730    42205    24332    97.7%           36      19041
 1789883    43953    21972    97.6%           36      19032
 1815069    42738    22502    97.7%           36      19025
 1805606    43277    32361    97.7%           36      19080
 1847999    42888    21937    97.7%           36      19073
 1834681    44121    21312    97.7%           36      19070
 1812414    42368    23666    97.7%           36      19063
 1800085    42934    22316    97.7%           36      19058
  851548    88200    59477    90.6%           36      18866
  709187    78547    80492    90.0%           36      18183
  898956    73362    78001    92.5%           36      18269
 1144275    72638    77072    94.0%           37      18569
 1210964    61587    73108    95.2%           37      19028
 1379876    62138    65200    95.7%           37      18909
 1407481    55642    70853    96.2%           37      18988
 1534387    55666    69708    96.5%           37      19029
 1542490    49701    68205    96.9%           37      18867
 1564887    47031    72845    97.1%           37      18974
 1629017    48620    38577    97.1%           37      19067
 1702964    48774    24307    97.2%           37      19060
 1701714    47126    20979    97.3%           37      19055
 1672701    47010    18560    97.3%           37      19004
 1738327    48320    23084    97.3%           37      19042
 1748695    50585    30089    97.2%           37      19097
 1761856    52786    22227    97.1%           37      19038
 1755422    50539    19983    97.2%           37      19086
 1779071    49058    20727    97.3%           37      19080
 1761964    48352    21323    97.3%           37      19075
 1697916    48850    23237    97.2%           38      18895
 1766421    48084    22414    97.4%           38      19062
 1750492    49708    20639    97.2%           38      19051
 1766402    51561    22680    97.2%           38      18898
 1711330    48909    34026    97.2%           38      19035
 1768976    45503    25408    97.5%           38      19069
 1785319    45473    21632    97.5%           38      19085
 1764114    43469    21848    97.6%           38      19072
 1811018    48112    23558    97.4%           38      19067
 1775118    47530    21209    97.4%           38      19058
 1780724    46299    22915    97.5%           38      19050
 1709497    47372    21180    97.3%           38      18840
 1729163    45594    31543    97.4%           38      19079
 1836460    46949    21802    97.5%           38      19084
 1770274    44940    21033    97.5%           38      19075
 1791349    47055    25138    97.4%           38      19064
 1800883    45668    21628    97.5%           38      19060
 1802476    46163    25765    97.5%           38      19052
 1796126    44749    25564    97.6%           38      18842
 1761553    43820    32021    97.6%           38      19048
 1809785    54959    22187    97.1%           38      19058
 1819170    43423    21580    97.7%           38      19068
 1831221    43210    23805    97.7%           38      19055
 1820091    41038    28186    97.8%           38      19046
 1829159    42528    21490    97.7%           38      19035
 1820638    42709    24014    97.7%           38      19024
 1748032    42023    29743    97.7%           38      19024
 1788101    40681    20910    97.8%           38      19069
 1776529    40845    19463    97.8%           38      19063
 1781984    41549    19361    97.7%           38      19057
 1780520    41507    19224    97.7%           38      19049
 1806751    42849    19913    97.7%           38      19043
 1784283    42331    19867    97.7%           38      19035
 1830134    43824    22050    97.7%           38      19029
 1787992    43353    22618    97.6%           38      19023
 1817572    44474    22653    97.6%           38      19016
 1744242    39875    25182    97.8%           38      19009
 1730935    41908    22118    97.6%           38      19067
 1790077    43801    21372    97.6%           38      19059
 1751981    42406    20084    97.6%           38      19057
 1790557    44297    21479    97.6%           38      19051
 1797382    44743    22054    97.6%           38      19046
 1794390    45513    23931    97.5%           38      19042
 1628700    52182    24237    96.9%           38      19037
  645986    92283    85909    87.5%           38      18463
  858355    84612    85901    91.0%           38      18132
 1102870    83540    47844    93.0%           39      18646
 1228833    78576    46279    94.0%           39      18855
 1241806    75251    20484    94.3%           39      19055
 1264602    76370    26980    94.3%           39      18929
 1190681    75056    28535    94.1%           39      19037
 1327703    73932    21156    94.7%           39      19092
 1288924    72375    18743    94.7%           39      19086
 1300644    75788    22063    94.5%           39      18918
 1303581    72327    20928    94.7%           39      19070
 1287333    73000    23715    94.6%           39      19062
 1282343    72957    20132    94.6%           39      19053
 1234602    71407    57112    94.5%           39      18977
 1338568    70760    22046    95.0%           39      19047
 1364965    70684    22531    95.1%           39      19036
 1300310    66796    32403    95.1%           39      18780
 1383130    65077    23725    95.5%           39      19081
 1395121    68449    21980    95.3%           39      19072
 1380150    68670    21220    95.3%           39      19064
 1406274    68828    25795    95.3%           39      18911
 1394151    68927    22302    95.3%           39      19044
 1400267    69825    22219    95.3%           39      19035
 1393531    68333    31009    95.3%           39      19084
 1479580    67976    27769    95.6%           39      19078
 1443356    65124    21944    95.7%           39      19071
 1450798    68197    21812    95.5%           39      19063
 1449962    68283    24138    95.5%           39      18924
 1465755    67109    22639    95.6%           39      19048
 1437269    65212    22462    95.7%           39      19033
 1385177    60553    33339    95.8%           39      19007
 1549741    64232    24459    96.0%           39      19081
 1500750    63556    21351    95.9%           39      19070
 1490085    63634    49169    95.9%           39      19021
 1551257    64162    24137    96.0%           39      19050
 1536091    61873    21457    96.1%           39      19038
 1505967    60003    30890    96.2%           39      19038
 1597604    60047    26890    96.4%           39      19076
 1570458    59044    21121    96.4%           39      19067
 1566570    60278    21920    96.3%           39      19059
 1539255    60818    21777    96.2%           39      18881
 1589588    60683    24727    96.3%           39      19038
 1542768    58863    29052    96.3%           39      19028
 1646884    56789    25784    96.7%           40      19080
 1581084    56507    19987    96.5%           40      19071
 1573049    59365    23569    96.4%           40      18761
 1628724    58395    23412    96.5%           40      19058
 1645658    58075    22614    96.6%           40      19047
 1588536    57928    20514    96.5%           40      19039
 1588557    56860    43965    96.5%           40      19040
 1589914    52232    27644    96.8%           40      19027
 1651269    54990    21982    96.8%           40      19080
 1650445    57797    19694    96.6%           40      19070
 1617736    50346    25274    97.0%           40      18949
 1632144    53161    21391    96.8%           40      19054
 1675715    54207    20994    96.9%           40      19043
 1687456    56132    23950    96.8%           40      19033
 1486062    60881    72341    96.1%           40      19004
 1711165    54189    24269    96.9%           40      19041
 1642929    51120    20793    97.0%           40      19028
 1744074    51998    22000    97.1%           40      19076
 1724090    62819    18973    96.5%           40      19067
 1717578    63213    20163    96.5%           40      18831
 1731783    54906    24869    96.9%           40      19045
 1727121    48015    22428    97.3%           40      19034
 1676990    45971    22590    97.3%           40      19024
 1655460    46672    30842    97.3%           40      19010
 1722625    46440    22513    97.4%           40      19068
 1728615    47449    22537    97.3%           40      19058
 1737422    44282    23488    97.5%           40      19054
 1739862    48105    22896    97.3%           40      19043
 1677842    46843    21596    97.3%           40      19034
 1706454    48162    21327    97.3%           40      19028
 1735169    48636    23590    97.3%           40      19018
 1658541    47629    22787    97.2%           40      19009
 1679817    49524    23591    97.1%           40      19004
 1702636    48249    31771    97.2%           40      19057
 1635722    45943    17981    97.3%           40      19051
 1656098    46231    21604    97.3%           40      19047
 1637289    46915    20406    97.2%           40      19041
 1655279    47188    22301    97.2%           40      19036
 1483785    55219    23241    96.4%           40      19002
  618451    88808    80953    87.4%           41      18345
  853155    89043    53527    90.5%           41      18425
  952516    88280    22233    91.5%           41      18749
  999958    86787    22975    92.0%           41      19043
  989853    86718    22826    91.9%           41      19033
  977546    80720    30088    92.4%           41      19089
 1105183    84740    22696    92.9%           41      19083
 1044649    82126    20467    92.7%           41      19074
 1081806    85450    20641    92.7%           41      19067
 1045055    81014    23647    92.8%           41      19026
 1078917    82684    21339    92.9%           41      19047
 1057560    78102    23179    93.1%           41      19040
 1049974    82571    21685    92.7%           41      19027
 1130240    76864    27952    93.6%           41      19081
 1148280    87469    20023    92.9%           41      19070
 1129233    92335    18945    92.4%           41      19062
 1100823    86498    18518    92.7%           41      19053
 1107132    92538    19149    92.3%           41      19046
 1109841    84476    19232    92.9%           41      19037
 1163535    85467    26465    93.2%           41      18898
 1141473    82098    21050    93.3%           41      19023
 1203848    80740    26138    93.7%           41      19054
 1215500    77982    19761    94.0%           41      19071
 1205789    79311    19182    93.8%           41      19063
 1213903    84570    21618    93.5%           41      18930
 1202449    76830    19577    94.0%           41      19048
 1234690    79415    23340    94.0%           41      19039
 1206523    80354    20549    93.8%           41      19029
 1137687    75772    27936    93.8%           41      18937
 1300957    79343    23053    94.3%           41      19075
 1256233    75313    19632    94.3%           41      19067
 1247054    74558    19554    94.4%           41      19059
 1215045    75325    23357    94.2%           41      18985
 1255485    86463    21511    93.6%           41      19044
 1249938    87272    20055    93.5%           41      19031
 1194825    83108    27986    93.5%           41      19019
 1313078    84665    18183    93.9%           41      19075
 1293256    84582    18734    93.9%           41      19067
 1298231    86636    18837    93.7%           41      19059
 1292062    87427    18918    93.7%           41      19048
 1268909    86861    18798    93.6%           41      19044
 1265892    87269    18586    93.6%           41      19034
 1256051    88594    18689    93.4%           41      19024
 1219428    85935    19708    93.4%           41      18999
 1286279    72696    59117    94.7%           42      18598
 1360321    71076    41192    95.0%           42      18907
 1453887    70224    22649    95.4%           42      19027
 1435608    68243    23056    95.5%           42      19015
 1413654    66216    31799    95.5%           42      19064
 1479998    68922    20567    95.6%           42      19053
 1434237    70802    42916    95.3%           42      18829
 1439825    59203    55631    96.1%           42      18993
 1489887    57598    24396    96.3%           42      19030
 1441768    60755    64927    96.0%           42      18988
 1560136    60518    25132    96.3%           42      19020
 1607653    62683    31424    96.2%           42      19023
 1572271    61368    37736    96.2%           42      18919
 1656175    59155    25411    96.6%           42      19014
 1642491    51124    33468    97.0%           42      18982
 1678882    49234    24753    97.2%           42      19054
 1648778    49988    21917    97.1%           42      19045
 1671695    49702    22600    97.1%           42      19037
 1704110    50212    25403    97.1%           42      19026
 1673223    49192    22961    97.1%           42      19018
 1651065    46035    25066    97.3%           42      19007
 1659299    49453    23697    97.1%           42      18997
 1685927    48570    33201    97.2%           42      19052
 1690470    48639    19669    97.2%           42      19045
 1705265    49591    22036    97.2%           42      19039
 1715123    49882    21355    97.2%           42      19032
 1651667    48156    22146    97.2%           42      19026
 1686602    49725    21884    97.1%           42      19020
 1704220    50380    21650    97.1%           43      19013
 1679707    50297    20339    97.1%           43      19010
 1666850    51760    20563    97.0%           43      19002
  686427    88525    74496    88.6%           43      18520
  957204    94373    23618    91.0%           43      18270
 1018082    95285    26398    91.4%           43      18845
  946223    87531    29978    91.5%           43      18967
 1079338    86556    19453    92.6%           43      19066
 1069172    85373    19603    92.6%           43      19055
 1086273    87059    22034    92.6%           43      19051
 1090794    89545    19214    92.4%           43      19042
 1050844    86672    21529    92.4%           43      19034
 1077861    89345    19660    92.3%           43      19028
 1056997    86303    21142    92.5%           43      19020
 1015944    96484    22693    91.3%           43      18865
 1009228    93221    27224    91.5%           43      18976
 1130483    91522    18577    92.5%           43      19063
 1104956    94542    17680    92.1%           43      19060
 1111971    87795    18607    92.7%           43      19051
 1071009    94745    19497    91.9%           43      19045
 1059098    90610    20142    92.1%           43      19037
 1052460    90293    19215    92.1%           43      19031
 1090009    87240    24203    92.6%           43      18857
 1106571    84858    21129    92.9%           43      19022
 1080009    83012    23089    92.9%           43      19014
 1092710    81316    29682    93.1%           43      18810
 1209589    82409    21724    93.6%           43      19069
 1170592    79759    19779    93.6%           43      19059
 1163452    80898    18985    93.5%           43      19054
 1170535    82136    19739    93.4%           43      19047
 1148068    79739    24277    93.5%           43      18909
 1181949    81171    20142    93.6%           43      19038
 1173808    81595    20419    93.5%           43      19031
 1157711    81272    19773    93.4%           43      19024
 1154296    79703    20818    93.5%           43      19014
 1227039    75215    29691    94.2%           44      19008
 1265773    77465    19412    94.2%           44      19067
 1273843    78709    23233    94.2%           44      19063
 1254841    78299    21674    94.1%           44      19060
 1266935    77264    20627    94.3%           44      19051
 1276442    78348    20375    94.2%           44      19044
 1214745    74030    19459    94.3%           44      19041
 1181901    73621    20568    94.1%           44      18967
 1261882    75019    25453    94.4%           44      19025
 1242828    72711    29781    94.5%           44      19079
 1251644    70842    19685    94.6%           44      19073
 1254079    71943    19476    94.6%           44      19067
 1259467    73294    19415    94.5%           44      19061
 1237132    68700    22694    94.7%           44      18842
 1331683    72589    21301    94.8%           44      19051
 1302349    69270    32885    94.9%           44      18988
 1277197    66722    64020    95.0%           44      18993
 1408597    69765    40928    95.3%           44      19008
 1427311    67566    21123    95.5%           44      19035
 1420124    72488    19309    95.1%           44      19023
 1424073    73695    21812    95.1%           44      19076
 1476251    72813    19734    95.3%           44      19065
 1459028    71753    19203    95.3%           44      19056
 1498476    68633    19793    95.6%           44      19046
 1475275    72690    19040    95.3%           44      19037
 1450796    76791    18421    95.0%           44      19029
 1432356    77047    18414    94.9%           44      19020
 1377091    75933    27896    94.8%           44      19023
 1430542    75048    18184    95.0%           44      19066
 1465886    77175    17851    95.0%           44      19060
 1413517    66659    19396    95.5%           44      19054
 1421047    73232    18721    95.1%           44      19049
 1436540    67334    18772    95.5%           44      18816
 1482859    74334    20622    95.2%           44      18346
 1446347    65126    64794    95.7%           44      18639
 1425963    57774    71694    96.1%           44      19000
 1558995    60690    25742    96.3%           44      19030
 1496304    59009    68191    96.2%           45      18998
 1581727    52819    22035    96.8%           45      19039
 1601019    51382    23073    96.9%           45      19024
 1656497    49872    30441    97.1%           45      19076
 1632835    50066    22537    97.0%           45      19065
 1634855    50494    23522    97.0%           45      19055
 1645433    51261    23769    97.0%           45      19044
 1609248    49992    21850    97.0%           45      19034
 1655714    52156    23020    96.9%           45      19026
 1648991    52420    22649    96.9%           45      19014
 1522451    48029    31889    96.9%           45      18968
 1621392    49809    21075    97.0%           45      19063
 1554472    47823    20457    97.0%           45      19056
 1652795    50917    22429    97.0%           45      19049
 1523988    47077    20272    97.0%           45      19044
 1581046    48960    22241    97.0%           45      19039
 1572705    47541    25360    97.1%           45      19034
  820346    80326    61698    91.1%           45      18675
  892043    91279    24791    90.7%           45      18240
  952107    93816    24745    91.0%           45      18823
  958433    91227    20429    91.3%           45      19027
 1008043    84297    32473    92.3%           45      19085
 1065427    87132    20337    92.4%           45      19078
 1055702    87273    20550    92.4%           45      19072
 1005244    85299    18790    92.2%           45      19006
 1074317    90125    20863    92.3%           45      19062
 1055437    87677    19957    92.3%           45      19055
 1050180    86467    20476    92.4%           45      19047
 1066412    88468    23249    92.3%           45      19043
 1045999    86683    23896    92.3%           45      19033
 1092585    84420    23572    92.8%           45      19084
 1124467    87820    21798    92.8%           46      19007
 1127477    85086    19970    93.0%           46      19074
 1102107    82981    19709    93.0%           46      19068
 1101716    84838    22239    92.9%           46      19061
 1129235    85810    23045    92.9%           46      19053
 1097599    84714    20157    92.8%           46      19040
 1055742    83277    20398    92.7%           46      19031
 1163966    83231    21588    93.3%           46      18841
 1123528    76524    21089    93.6%           46      19081
 1133807    77481    21006    93.6%           46      19075
 1141642    79125    20766    93.5%           46      19066
 1152651    79878    23855    93.5%           46      19058
 1161339    80587    24202    93.5%           46      18877
 1180561    76293    24305    93.9%           46      19045
 1144507    78088    22675    93.6%           46      19037
 1219996    78317    27019    94.0%           46      19089
 1226085    77722    20714    94.0%           46      19083
 1231234    73819    24812    94.3%           46      19074
 1216206    74003    23983    94.3%           46      18941
 1241750    77482    20941    94.1%           46      19059
 1211266    75497    46487    94.1%           46      19017
 1297546    79966    21249    94.2%           46      19047
 1274129    78433    27427    94.2%           46      19033
 1348817    73330    20243    94.8%           46      19090
 1355030    70881    23828    95.0%           46      19077
 1330823    71163    21096    94.9%           46      19067
 1351735    72883    21046    94.9%           46      19056
 1291240    71454    29168    94.8%           46      18949
 1395009    69750    25698    95.2%           46      19046
 1320073    67096    31193    95.2%           46      19026
 1397868    67343    69329    95.4%           46      19040
 1388083    61949    62853    95.7%           46      19010
 1523021    63077    18399    96.0%           46      19054
 1502270    59657    52359    96.2%           46      19001
 1516370    55193    41836    96.5%           47      19058
 1588417    58163    20479    96.5%           47      19046
 1547754    69240    28019    95.7%           47      19031
 1640651    55445    21349    96.7%           47      19085
 1624383    52804    21025    96.9%           47      19075
 1614384    52882    21195    96.8%           47      19066
 1580420    51840    21565    96.8%           47      19055
 1571661    51469    20883    96.8%           47      19047
 1603822    53033    23409    96.8%           47      19038
 1573762    49147    27163    97.0%           47      19030
 1478651    49505    32564    96.8%           47      19015
 1599050    51868    23459    96.9%           47      19074
 1594018    51902    20692    96.8%           47      19068
 1613179    52621    22790    96.8%           47      19063
 1600662    52983    21213    96.8%           47      19055
 1605153    53333    22551    96.8%           47      19051
 1619056    54116    21845    96.8%           47      19044
 1629221    55318    20567    96.7%           47      19037
 1202580    70803    37332    94.4%           47      18939
  641975    87615    72727    88.0%           47      18313
  951950    96497    20997    90.8%           47      18675
  943062    91819    19246    91.1%           47      19044
  970487    97746    27394    90.8%           47      18986
  966123    88009    29200    91.7%           47      19090
 1041808    90684    20158    92.0%           47      19085
 1029886    89575    19851    92.0%           47      19076
 1018269    89403    19694    91.9%           47      19070
 1019241    99765    18493    91.1%           47      19060
  990339    95873    24006    91.2%           47      19051
  965322    99161    18967    90.7%           47      19043
  978868    92249    24173    91.4%           47      18775
  900329    80156    30028    91.8%           47      19019
 1074435    88075    20205    92.4%           47      19086
 1072942    87611    20105    92.5%           47      19079
 1062405    86143    21526    92.5%           47      18820
 1064279    85821    19072    92.5%           47      19069
 1077734    88271    20537    92.4%           47      19062
 1100055    89849    20064    92.4%           47      19055
 1083025    90286    20053    92.3%           48      19046
 1076850    89496    20054    92.3%           47      19038
 1014933    84957    29351    92.3%           48      18745
 1179668    86162    23743    93.2%           48      19089
 1170834    85238    20019    93.2%           48      19084
 1113865    82483    18641    93.1%           48      19077
 1143199    86039    19535    93.0%           48      19071
 1164478    86315    20056    93.1%           48      19065
 1121388    80899    22300    93.3%           48      18765
 1173869    85414    21638    93.2%           48      19054
 1172941    84966    20809    93.2%           48      19048
 1160751    83526    20332    93.3%           48      19040
 1120810    76917    29867    93.6%           48      19022
 1188683    78425    20672    93.8%           48      18765
 1165533    75327    19776    93.9%           48      19084
 1230516    78969    19748    94.0%           48      19080
 1200576    77639    23257    93.9%           48      19072
 1179924    79801    20241    93.7%           48      19050
 1235033    80296    22706    93.9%           48      19064
 1183816    76496    19795    93.9%           48      19055
 1238526    80572    20473    93.9%           48      19049
 1225786    80246    20549    93.9%           48      19041
 1208788    75494    31453    94.1%           48      18943
 1294427    77249    23729    94.4%           48      19090
 1289251    77101    20324    94.4%           48      19082
 1281846    76865    20313    94.3%           48      19074
 1263518    75013    23504    94.4%           48      19060
 1270200    75793    21278    94.4%           48      19060
 1255513    86208    21724    93.6%           48      19050
 1227674    83857    31194    93.6%           48      19036
 1325963    84407    18961    94.0%           48      19091
 1300630    83028    17516    94.0%           48      19081
 1296293    84547    18877    93.9%           48      19070
 1294355    85646    19147    93.8%           48      19063
 1293395    86520    19049    93.7%           48      19056
 1286470    84505    24149    93.8%           48      19045
 1190350    76881    52872    93.9%           48      18576
 1313664    69591    41945    95.0%           48      19006
 1279280    63987    68945    95.2%           48      19029
 1462509    68659    28039    95.5%           48      19050
 1473473    66161    22163    95.7%           48      19038
 1417674    65985    31618    95.6%           49      18999
 1522198    67071    21522    95.8%           49      19082
 1506218    67199    21651    95.7%           49      19070
 1456769    68952    53432    95.5%           49      18744
 1559629    67878    21648    95.8%           49      19038
 1472508    70675    49052    95.4%           49      19051
 1568516    58812    24383    96.4%           49      19037
 1570197    52604    36640    96.8%           49      19021
 1617305    55436    26610    96.7%           49      19076
 1551885    54248    23021    96.6%           49      19068
 1583383    54680    24918    96.7%           49      19056
 1527820    53595    23984    96.6%           49      19049
 1588099    56247    24455    96.6%           49      19039
 1641745    58103    28292    96.6%           49      19029
 1561283    55768    24772    96.6%           49      19018
 1421624    50109    30889    96.6%           49      18997
 1617790    54973    24003    96.7%           49      19067
 1601607    55859    21900    96.6%           49      19060
 1585592    54519    22137    96.7%           49      19054
 1643543    56697    23476    96.7%           49      19047
 1360581    71884    37037    95.0%           49      18973
  700144    88447    71986    88.8%           49      18271
  933074    95066    25677    90.8%           49      18642
  937811    92579    22390    91.0%           49      19037
  917622    88843    27841    91.2%           49      19027
 1016218    88450    26169    92.0%           49      19084
  951878    82593    22493    92.0%           49      19077
  984083    90440    21321    91.6%           49      18956
  973033    92463    21426    91.3%           49      19063
  983364    88168    21439    91.8%           49      19055
  974602    89186    19894    91.6%           49      19045
  970678    94488    20116    91.1%           49      19036
  914236    92746    28396    90.8%           50      19056
 1038371    91658    20469    91.9%           50      19081
 1038097    98040    18955    91.4%           49      19076
 1014235    87859    18584    92.0%           49      19069
 1059946    89480    24257    92.2%           50      18820
 1050774    83995    21303    92.6%           50      19062
 1046894    85920    22372    92.4%           50      19054
 1057525    84043    26127    92.6%           50      19046
 1018701    81298    21415    92.6%           50      18919
 1106345    79693    30330    93.3%           50      19092
 1145456    84742    20832    93.1%           50      19084
 1160835    85601    20585    93.1%           50      19078
 1117716    85267    19941    92.9%           50      19068
 1145823    85569    22528    93.1%           50      19061
 1140491    85808    22591    93.0%           50      19053
 1121017    85554    20529    92.9%           50      19044
 1094077    83846    27164    92.9%           50      19032
 1161191    80443    19910    93.5%           50      19089
 1189077    80562    20828    93.7%           50      19084
 1183171    82337    22087    93.5%           50      18844
 1229933    81904    23617    93.8%           50      19073
 1213182    83467    19697    93.6%           50      19064
 1239951    81273    23158    93.8%           50      19060
 1201283    79447    21560    93.8%           50      19050
 1071820    72057    21118    93.7%           50      19041
 1120925    73409    31170    93.9%           50      18783
 1220403    74318    20652    94.3%           50      19088
 1234121    74870    25024    94.3%           50      19057
 1203363    73426    20218    94.2%           50      19074
 1179416    73295    21261    94.1%           50      19063
 1184796    74313    21216    94.1%           50      19055
 1208285    75065    21204    94.2%           50      19048
 1198383    75971    23939    94.0%           50      19039
 1217899    72760    24348    94.4%           50      18789
 1313179    78148    23884    94.4%           50      19088
 1305250    80959    19351    94.2%           50      19078
 1323067    83850    17791    94.0%           50      19073
 1269838    72741    66374    94.6%           50      19047
 1327980    68179    65188    95.1%           50      19019
 1359350    75630    58648    94.7%           50      18984
 1451614    74559    25260    95.1%           50      19069
 1465729    77528    20343    95.0%           50      19054
 1391157    72863    28314    95.0%           50      19104
 1466040    74137    18326    95.2%           50      19096
 1471002    75483    18881    95.1%           50      19087
 1500406    75987    18061    95.2%           51      19080
 1461529    76976    22326    95.0%           51      19071
 1453201    76506    18494    95.0%           51      19064
 1420343    76203    18362    94.9%           51      19055
 1304161    72658    29540    94.7%           51      18392
 1506536    64063    24782    95.9%           51      18786
 1533839    59394    24894    96.3%           51      19091
 1539772    57989    24923    96.4%           51      19085
 1528393    60047    21210    96.2%           51      19077
 1469486    58244    20440    96.2%           51      19070
 1490295    59431    20630    96.2%           51      19064
 1482768    60149    20337    96.1%           51      19052
 1475645    59961    20951    96.1%           51      19049
 1490452    60750    22293    96.1%           51      19039
 1481178    58638    31561    96.2%           51      19096
 1510290    59104    19997    96.2%           51      19091
 1535293    58729    22632    96.3%           51      19085
 1498114    59436    21025    96.2%           51      19082
 1464185    58575    20071    96.2%           51      19077
 1416953    63321    20744    95.7%           51      19074
  569016    95173    79396    85.7%           51      18460
  760220    88512    52906    89.6%           51      18809
  916271    93727    24284    90.7%           51      19062
  917109    94243    22555    90.7%           51      19056
  904669    95035    21751    90.5%           51      19048
  835766    86346    28814    90.6%           51      19067
 1007808    93398    22796    91.5%           51      18916
  999632    90581    20337    91.7%           51      19096
 1024900    88555    23345    92.0%           51      19090
 1011394    91194    23658    91.7%           51      19085
  988313    89898    21966    91.7%           51      19077
  986215    90409    21666    91.6%           51      19070
  972358    91737    21101    91.4%           51      19064
  985936    88219    25856    91.8%           51      19005
  936271    85349    27546    91.6%           51      19047
 1048113    85443    19929    92.5%           51      19105
 1035063    86621    19525    92.3%           51      18976
 1061245    87594    20789    92.4%           51      19097
 1003504    83420    18831    92.3%           51      19087
 1013555    83624    20774    92.4%           52      18937
 1048404    85085    20283    92.5%           52      19075
 1037551    83080    20882    92.6%           52      19066
 1021250    85218    23419    92.3%           52      19054
 1071951    81619    24920    92.9%           52      19110
 1114900    78423    22401    93.4%           52      19102
 1122640    84490    20422    93.0%           52      19096
 1131922    85471    26696    93.0%           52      19003
 1114644    81960    21488    93.2%           52      19080
 1113213    81757    22055    93.2%           52      19072
 1129023    81520    23358    93.3%           52      19060
 1105795    78457    31159    93.4%           52      19112
 1182532    76351    21956    93.9%           52      19105
 1191312    81389    22604    93.6%           52      19097
 1183761    80937    20177    93.6%           52      19082
 1192004    82573    21624    93.5%           52      19081
 1161810    85582    21101    93.1%           52      19068
 1206190    89067    40293    93.1%           52      19075
 1259408    80968    21212    94.0%           52      19065
 1201117    76701    27370    94.0%           52      19111
 1319012    83458    23091    94.0%           52      19105
 1257414    80468    19190    94.0%           52      19095
 1304535    88336    18560    93.7%           52      19086
 1245884    81930    18948    93.8%           52      19076
 1245478    86964    18935    93.5%           52      19066
 1295639    82579    19523    94.0%           52      19059
 1215004    83963    22219    93.5%           52      19047
 1228100    84715    20851    93.5%           52      19105
 1264350    86436    18371    93.6%           52      19097
 1260680    86721    18400    93.6%           52      19089
 1263060    87119    18244    93.5%           52      19084
 1264709    85112    18431    93.7%           52      19078
 1242295    80763    18527    93.9%           52      19072
 1242178    81887    20404    93.8%           52      19067
 1275293    77367    19469    94.3%           52      19060
 1246477    85788    20527    93.6%           52      18670
 1315023    81932    22497    94.1%           52      18346
 1298387    81283    22600    94.1%           52      18646
 1291664    71874    30180    94.7%           52      19093
 1398849    77842    23391    94.7%           52      19042
 1401084    77717    19392    94.7%           52      19109
 1379942    74831    19895    94.9%           52      19099
 1321338    74214    19704    94.7%           53      19000
 1369934    83555    19658    94.3%           53      19085
 1370717    82410    18851    94.3%           53      19079
 1352024    83441    18476    94.2%           53      19070
 1367299    83049    20835    94.3%           53      19064
 1356476    83304    26881    94.2%           53      19115
 1388310    81620    17997    94.4%           53      19111
 1382947    75152    22260    94.8%           53      18809
 1431434    72823    22042    95.2%           53      19097
 1408927    71974    28077    95.1%           53      18964
 1408592    70406    42437    95.2%           53      19076
 1436613    78560    22176    94.8%           53      19064
 1420113    64192    32048    95.7%           53      19113
 1457048    60237    22298    96.0%           53      19102
 1496579    62159    23359    96.0%           53      19092
 1472037    62041    21697    96.0%           53      19084
 1511669    64042    23743    95.9%           53      19076
 1490132    63479    23512    95.9%           53      19064
 1472869    62113    24085    96.0%           53      19053
 1415974    61010    23771    95.9%           53      19043
 1510625    62374    22735    96.0%           53      19100
 1502599    62054    23226    96.0%           53      19094
 1496088    61390    21730    96.1%           53      19089
 1526796    63071    25738    96.0%           53      19084
 1469469    60787    21453    96.0%           53      19078
  997676    91932    44898    91.6%           53      18917
  616329    99924    72159    86.0%           53      18580
  915059   104335    22952    89.8%           53      19072
  894563   105734    19272    89.4%           53      19065
  871142    92086    31653    90.4%           53      19040
  975526   100023    18964    90.7%           53      19115
  980598    96002    19341    91.1%           53      19110
  937373    96957    17981    90.6%           53      19106
  928386   101307    17665    90.2%           53      19100
  920556   104289    17937    89.8%           53      19095
  907871   100243    17752    90.1%           53      18909
  959691    91070    23599    91.3%           54      18889
  995258    98041    21266    91.0%           54      19087
  947052    90187    19191    91.3%           53      19080
  961508    93736    20569    91.1%           54      19074
  933936    88121    30983    91.4%           54      19066
  993966    86788    21790    92.0%           54      19124
 1013952    90313    24991    91.8%           54      19116
 1008479    87277    21389    92.0%           54      19110
 1021634    90730    23226    91.8%           54      18994
 1023503    91111    20962    91.8%           54      19094
 1026250    91227    20700    91.8%           54      19087
  993604    88505    20218    91.8%           54      19078
  958015    84713    29902    91.9%           54      19068
 1063746    88946    19363    92.3%           54      19124
 1070238    95869    19014    91.8%           54      19120
 1091347    97743    19118    91.8%           54      19115
 1080922    97804    18564    91.7%           54      19106
 1060628    91333    19839    92.1%           54      18878
 1108475    89757    22299    92.5%           54      19004
 1127358    83031    24013    93.1%           54      19088
 1103278    88123    20126    92.6%           54      19082
 1078283    87007    20072    92.5%           54      19074
 1103179    84983    27590    92.8%           54      19129
 1152368    83229    19059    93.3%           54      19125
 1198651    89831    22977    93.0%           54      19048
 1170746    81372    23855    93.5%           54      19115
 1101676    82598    19870    93.0%           54      19110
 1151801    84841    19655    93.1%           54      19104
 1106663    83856    18922    93.0%           54      19099
 1126998    84545    19792    93.0%           54      19090
 1133956    84110    19588    93.1%           54      19084
 1095128    88075    18897    92.6%           54      18978
 1196723    86126    25844    93.3%           54      18987
 1195232    79473    30961    93.8%           54      19023
 1250923    80762    20517    93.9%           54      19130
 1234612    80481    19749    93.9%           54      19124
 1227612    80477    19594    93.8%           54      19117
 1235915    81493    19372    93.8%           54      19110
 1232202    81368    22740    93.8%           54      19106
 1193294    78534    21872    93.8%           54      18891
 1247381    82649    20748    93.8%           54      19095
 1221219    81558    21632    93.7%           54      19040
 1198518    79689    20281    93.8%           54      19079
 1250457    76552    20580    94.2%           54      19133
 1283292    77723    19458    94.3%           54      19129
 1235712    75643    18553    94.2%           54      19123
 1265274    78899    18998    94.1%           54      19116
 1264972    79771    21846    94.1%           54      18830
 1296534    77973    21378    94.3%           54      19105
 1267896    76702    20453    94.3%           54      19098
 1290675    81681    20231    94.0%           55      19088
 1237962    76363    31376    94.2%           55      19077
 1271522    69394    24271    94.8%           55      19130
 1239565    70862    22593    94.6%           55      19119
 1243530    70786    22499    94.6%           55      19107
 1251355    70958    23035    94.6%           55      19097
 1134337    65628    64916    94.5%           55      19028
 1312849    66624    32173    95.2%           55      19098
 1259332    64995    61775    95.1%           55      19078
 1332084    64299    63591    95.4%           55      19060
 1410283    69568    58143    95.3%           55      19096
 1495619    55237    25127    96.4%           55      19082
 1461903    54942    25284    96.4%           55      19067
 1500771    53266    23975    96.6%           55      19120
 1592318    56541    26256    96.6%           55      19110
 1574298    56469    24141    96.5%           55      19102
 1586846    57627    23153    96.5%           55      19092
 1567807    57789    22668    96.4%           55      19082
 1555300    57720    22291    96.4%           55      19073
 1531580    57660    21966    96.4%           55      19061
 1485542    54580    31011    96.5%           55      19036
 1595788    56821    23211    96.6%           55      19108
 1575196    56312    21559    96.5%           55      19100
 1609723    58976    21777    96.5%           55      19095
  732724    93861    64619    88.6%           55      18592
  870409    94695    23433    90.2%           55      18762
  943269    97805    25704    90.6%           55      19079
  893389    94089    23122    90.5%           56      19071
  912887    89720    32155    91.1%           56      19125
  990616    91733    23537    91.5%           56      19054
  989979    94725    22041    91.3%           56      19110
  991564    93237    22325    91.4%           56      19104
  981148    92520    23031    91.4%           56      19094
  947717    92367    25073    91.1%           56      19084
  987060    94644    24058    91.3%           56      19073
  923244    84923    29018    91.6%           56      19127
 1050961    93360    20182    91.8%           56      19120
 1057110    94016    20143    91.8%           56      19114
 1044805    91330    21444    92.0%           56      19104
 1009526    89318    23777    91.9%           56      18918
 1046594    90630    24597    92.0%           56      19090
 1057335    92898    21375    91.9%           56      19081
 1020975    88109    23281    92.1%           56      18910
 1081944    84698    21602    92.7%           56      19125
 1133494    89314    23283    92.7%           56      19118
 1127294    91280    21188    92.5%           56      19111
 1083844    84414    23735    92.8%           56      19101
 1089337    87301    20486    92.6%           56      19091
 1079601    82844    21607    92.9%           56      19083
 1111715    89995    20673    92.5%           56      19074
 1098962    83882    26597    92.9%           56      19108
 1212663    86364    24384    93.4%           56      19121
 1184351    84464    20881    93.3%           56      19115
 1119302    82516    26132    93.1%           56      19084
 1124815    80698    21214    93.3%           56      19100
 1115457    80712    21060    93.3%           56      19090
 1089973    74020    24775    93.6%           56      19080
 1063365    77280    30076    93.2%           56      19067
  971291    63986    17590    93.8%           56      19124
    9604        0     3055   100.0%           56      19123
    1600        0        0   100.0%           56      19123
    9724     1379       77    87.6%           57      19128
   35232      250        0    99.3%           58      19128
   35108        0       92   100.0%           58      19128
   38835      121        0    99.7%           58      19128
   34575       58       13    99.8%           58      19128
   15822        0     5293   100.0%           59      19129
    1616        0        0   100.0%           59      19129
    1610        0        0   100.0%           59      19129
    1599        0        2   100.0%           59      19129
    1646        0        0   100.0%           59      19129
    1600        0        0   100.0%           59      19129
    1599        1        4    99.9%           59      19129
    6966        0     3057   100.0%           59      19129
    1584        0        0   100.0%           59      19129
    1587        0        0   100.0%           59      19129
    1647        0        0   100.0%           59      19129
    1511        0       94   100.0%           59      19129
    1600        0        0   100.0%           59      19129
    1600        0        0   100.0%           59      19129
    6949        0     3089   100.0%           59      19129
    1614        0        0   100.0%           59      19129
    1610        0        0   100.0%           59      19129
    1611        0        0   100.0%           59      19129
    1541        0       63   100.0%           59      19129
    1596        0        0   100.0%           59      19129
    1645        0        0   100.0%           59      19129
    1650        0        4   100.0%           59      19129
    1597        0        0   100.0%           59      19129
    1614        0        0   100.0%           59      19129
    1615        0        0   100.0%           59      19129
    1537        0       53   100.0%           59      19129
    1597        0        0   100.0%           59      19129
    1586        0        0   100.0%           59      19129
    1614        0        6   100.0%           59      19129
    6894        0     3117   100.0%           59      19129
    1610        0        0   100.0%           59      19129
    1611        0        0   100.0%           59      19129
    1601        0        0   100.0%           59      19129
    1615        0        0   100.0%           59      19129
    1601        0        0   100.0%           59      19129
    1599        0        5   100.0%           59      19129
    6972        0     3055   100.0%           59      19129
    1626        0        0   100.0%           59      19129
    1597        0        0   100.0%           59      19129
    1614        0        0   100.0%           59      19129
    1527        0       87   100.0%           59      19129
    1584        0        0   100.0%           59      19129
    1596        0        0   100.0%           59      19129
    6995        0     3055   100.0%           59      19129
    1585        0        0   100.0%           59      19129
    1613        0        0   100.0%           59      19129
    1626        0        0   100.0%           59      19129
    1513        0       87   100.0%           59      19129
    1612        0        0   100.0%           59      19129
    1617        0        0   100.0%           59      19129
    1630        0        5   100.0%           59      19129
    1594        0        0   100.0%           59      19130
    1616        0        0   100.0%           59      19130
    1615        0        0   100.0%           59      19130
    1512        0       87   100.0%           59      19130
    1609        0        0   100.0%           59      19130
    1616        0        0   100.0%           59      19130
    1590        0        5   100.0%           59      19130
    6959        0     3088   100.0%           59      19130
    1609        0        0   100.0%           59      19130
    1616        0        0   100.0%           59      19130
    1589        0        0   100.0%           59      19130
    1647        0        0   100.0%           59      19130
    1601        0        0   100.0%           59      19130
    1616        0        5   100.0%           59      19130
    6961        0     3110   100.0%           59      19130
    1597        0        1   100.0%           59      19130
    1613        0        0   100.0%           59      19130
    1611        0        0   100.0%           59      19130
    1624        0       57   100.0%           59      19130
    9938       64        0    99.4%           59      19130
    2975       19        3    99.4%           59      19130
    9815        0     3318   100.0%           59      19130
    3636        0      267   100.0%           59      19130
    1613        0        0   100.0%           59      19130
    6566        0      167   100.0%           59      19130
    3630        0       50   100.0%            3      18179
    1593        0        0   100.0%            3      16737
    1611        0        0   100.0%            3      15140
    6964        0     3123   100.0%            3      13623
    1615        0        0   100.0%            3      12122
    1583        0        0   100.0%            3      10541
    1610        0        0   100.0%            3       8934
    1596        0       22   100.0%            3       7377
    1616        0        0   100.0%            3       6014
    1598        0        0   100.0%            3       4827
    6162        0     2669   100.0%            3       3439
    1568        0        0   100.0%            3       2723
    1585        0        0   100.0%            3       2180
    1237      373        0    76.8%            3        724
   25874     2615      240    90.8%            4        196
    1621        0        0   100.0%            6        200

Ending tracing...
