Counting cache functions... Output every 1 seconds.
    HITS   MISSES  DIRTIES    RATIO   BUFFERS_MB   CACHE_MB
    5827      437     3010    93.0%            9        211
    1619        0        0   100.0%            9        211
    1612        0        0   100.0%            9        211
    4543       89       57    98.1%            9        211
    1625        0        0   100.0%            9        211
    1624        0        0   100.0%            9        211
     441   167015      324     0.3%           11        806
   66790   153671     5233    30.3%           11       1694
   84265   157289        0    34.9%           11       2484
   92016   148089        0    38.3%           11       3237
  107561   150588        4    41.7%           11       3998
  118332   154127        0    43.4%           11       4772
  125764   148134       40    45.9%           11       5558
  140393   142202     3009    49.7%           11       6295
  143198   144748        0    49.7%           11       7049
  156308   145607        0    51.8%           11       7792
  171046   145550        4    54.0%           11       8519
  180690   141837        0    56.0%           11       9251
  191305   138328        0    58.0%           11       9981
  202741   134708        0    60.1%           11      10674
  222345   130440     2266    63.0%           11      11350
  236834   133524        0    63.9%           11      12036
  252126   129694        0    66.0%           11      12692
  267945   125894        0    68.0%           11      13328
  295720   126069        0    70.1%           11      13971
  319824   123839       33    72.1%           11      14601
  361595   117007     3009    75.6%           11      15210
  413215   108038        0    79.3%           11      15780
  507016   109814        0    82.2%           11      16330
  576693   113882      203    83.5%           12      16881
  623276   112974       31    84.7%           14      17502
  628276   102675       30    86.0%           14      18097
  680448   101659        0    87.0%           14      18616
  701167    97957        0    87.7%           14      19112
  712860    93663        0    88.4%           14      19463
  714142    91142        0    88.7%           14      19464
  729713    92536       87    88.7%           14      19466
  715124    91205        0    88.7%           14      19464
  720823    93246       33    88.5%           14      19466
  738735    91737     3010    89.0%           14      19464
  713328    91775        0    88.6%           14      19465
  707103    90834        0    88.6%           14      19464
  718717    90969       87    88.8%           14      19466
  720262    91514        0    88.7%           14      19469
  722442    91568       33    88.8%           14      19467
  729269    89002     3009    89.1%           14      19467
  712848    91402        0    88.6%           14      19467
  719897    91789        0    88.7%           14      19467
  722726    91730       87    88.7%           14      19468
  727775    91034        0    88.9%           14      19468
  728174    90935        0    88.9%           14      19468
  722195    90116        0    88.9%           13      19469
  733453    87245     3556    89.4%           13      19470
  714307    89169        0    88.9%           13      19469
  723884    90605        0    88.9%           13      19469
  717750    89640       87    88.9%           13      19470
  717610    89741        0    88.9%           13      19471
  725350    90790       33    88.9%           13      19473
  732353    87015     3011    89.4%           13      19472
  717427    90262        0    88.8%           13      19473
  699804    86931        0    89.0%           13      19473
  710062    88307       87    88.9%           13      19472
  729389    90746        0    88.9%           13      19474
  710827    88371        4    88.9%           13      19473
  723461    90753        0    88.9%           13      19474
  726315    91000        0    88.9%           13      19474
  712857    89853        0    88.8%           13      19474
  705416    88319       87    88.9%           13      19476
  711937    90284        0    88.7%           13      19475
  706331    90032        0    88.7%           13      19477
  706457    90677       32    88.6%           13      19476
  715330    89443     3009    88.9%           13      19476
  708434    91109        0    88.6%           13      19476
  697546    90070        0    88.6%           13      19475
  697961    90311        0    88.5%           13      19476
  713154    91789        0    88.6%           13      19475
  716594    92378       37    88.6%           13      19477
  715325    88225     3012    89.0%           13      19476
  700207    90019        0    88.6%           13      19478
  700457    91230        0    88.5%           13      19476
  716037    93523        0    88.4%           13      19477
  698251    91515        0    88.4%           13      19476
  696411    92159        0    88.3%           13      19478
  697425    92622        0    88.3%           13      19478
  699042    92750        0    88.3%           13      19477
  691114    91432        0    88.3%           13      19478
  667835    88252        0    88.3%           13      19479
  693495    91675        0    88.3%           13      19480
  693927    91074        0    88.4%           13      19481
  672831    88003       33    88.4%           13      19480
  699587    87833     3013    88.8%           13      19481
  685114    90399        0    88.3%           13      19482
  676081    88611        0    88.4%           13      19483
  688228    90654       87    88.4%           13      19484
  696862    92219        0    88.3%           13      19485
  714767    93300       33    88.5%           13      19485
  704712    86494     5239    89.1%           13      19486
  692732    90456        0    88.5%           13      19487
  693371    91010        0    88.4%           13      19486
  678689    89653       87    88.3%           13      19486
  705125    92582        0    88.4%           13      19487
  698295    91510        3    88.4%           13      19486
  688523    90386        0    88.4%           13      19487
  692230    91412        0    88.3%           13      19487
  693288    91205        0    88.4%           13      19485
  700382    92188       87    88.4%           13      19487
  696613    91236        0    88.4%           13      19486
  694413    90784        0    88.4%           13      19486
  704327    92260       33    88.4%           13      19487
  699360    88214     3014    88.8%           13      19487
  686864    90815        0    88.3%           13      19487
  700429    91576        0    88.4%           13      19486
  703020    93077       87    88.3%           13      19487
  708689    93189        0    88.4%           13      19488
  702296    91962        6    88.4%           13      19487
  687229    88107     1719    88.6%           13      19487
  680832    89463        0    88.4%           13      19486
  679129    89441        0    88.4%           13      19487
  677654    89381       87    88.3%           13      19485
  692181    90551        0    88.4%           13      19486
  494787    65548       28    88.3%           13      19487
    4743        0       36   100.0%           13      19487
   37279        0     3015   100.0%           14      19490
   32855      226        1    99.3%           15      19491
    1627        0        0   100.0%           15      19491
    1628        1        0    99.9%           15      19491
    1608        0        2   100.0%           15      19491
    1607        0        0   100.0%           15      19491
    1601        1       29    99.9%           15      19491
    5533        0     3014   100.0%           15      19491
    1608        0        0   100.0%           15      19491
    1608        0        0   100.0%           15      19491
    1519        0       90   100.0%           15      19491
    1612        0        0   100.0%           15      19491
    1610        0        0   100.0%           15      19491
    1628        1       29    99.9%           15      19491
    5552        0     5273   100.0%           15      19500
    1625        0        0   100.0%           15      19500
    1619        0        0   100.0%           15      19500
    3206       66        0    98.0%           15      19500
    8382        0      474   100.0%            3      19313
    1610        0        0   100.0%            3      17362
    1606        0       47   100.0%            3      15488
    3798        0     5330   100.0%            3      13840
    1624        0        0   100.0%            3      12159
    1604        0        0   100.0%            3      10661
    1595        0        0   100.0%            3       9047
    1574        0       52   100.0%            3       7613
    1606        0        0   100.0%            3       6465
    1617        1       33    99.9%            3       5328
    5811        0     3017   100.0%            3       4172
    1628        0        0   100.0%            3       2668
    1247      373        0    77.0%            3       1153
   21678     2210      469    90.7%            7        196

Ending tracing...
