Counting cache functions... Output every 1 seconds.
    HITS   MISSES  DIRTIES    RATIO   BUFFERS_MB   CACHE_MB
    5439      876     3013    86.1%            7        208
    1538        0        0   100.0%            8        210
    1521        0        0   100.0%            8        210
    1887        0       54   100.0%            8        210
  -12629   140999    30170    -9.8%            9        876
    1980    47384    49349     4.0%            9       1285
    2648    46725    49255     5.4%            9       1680
    2299    47335    50134     4.6%            9       2089
    2421    47821    50400     4.8%            9       2495
    3560    45936    50372     7.2%            9       2902
    5625    44122    53808    11.3%           10       3316
    2684    47477    58621     5.4%           10       3688
    2446    49163    51047     4.7%           10       4094
    2545    48049    49830     5.0%           10       4496
    6886    49218    50960    12.3%           10       4916
    4105    43261    48080     8.7%           11       5073
   11377    24960   139446    31.3%           12       3456
   11838    30840   159388    27.7%           12       3605
   15733    25214   144009    38.4%           12       4056
   10647    33488   155875    24.1%           13       4152
   16508    28354    84987    36.8%           14       4457
   20207    33099    52564    37.9%           14       4559
   21670    32416    52247    40.1%           14       4728
   39792    15466    54857    72.0%           14       4752
   14342    38921    53124    26.9%           14       4886
   12896    37542    49973    25.6%           14       5251
   27229    25696    52221    51.4%           14       5242
   10146    41264    50524    19.7%           14       5248
   25547    36659    61122    41.1%           15       5602
    5156    44064    48688    10.5%           15       5682
   15162    38391    51982    28.3%           15       6063
   13146    38602    51426    25.4%           15       6034
   23417    29924    53017    43.9%           15       6372
   16252    37830    53553    30.1%           15       6371
    6732    42707    49807    13.6%           15       6743
    8955    45181    53939    16.5%           15       6753
    3488    43340    54893     7.4%           15       7100
    7733    45045    51054    14.7%           15       7492
    3224    46810    49538     6.4%           15       7895
    3181    48227    50590     6.2%           15       8300
    2856    47585    49600     5.7%           15       8706
    3518    45493    48023     7.2%           15       9101
    8977    40820    48310    18.0%           15       9481
   43514     7977    48901    84.5%           16       8086
   57017        6    56531   100.0%           16       8321
   56199       13    55528   100.0%           16       8542
   52859       17    61135   100.0%           16       8733
   59328        0    57520   100.0%           16       8961
   56935       12    55651   100.0%           16       9186
   53741        7    53061   100.0%           16       9409
   57290        5    56362   100.0%           16       9640
   56281        9    55323   100.0%           16       9869
   53473       10    52380   100.0%           16      10078
   33353     6460    98354    83.8%           16       8178
   13963    28238   165815    33.1%           16       8634
   15481    29736   155510    34.2%           17       8848
   21840    25692   157042    45.9%           17       9059
   10770    29448   122555    26.8%           17       9358
    5583    48096    51637    10.4%           17       9496
    6275    47417    52286    11.7%           17       9896
    6844    47414    53057    12.6%           17      10315
    6477    45218    50348    12.5%           17      10696
    7973    39374    46062    16.8%           17      10111
   13495    38977    51711    25.7%           17      10491
   12959    39989    52484    24.5%           17      10560
   14594    42305    55152    25.6%           17      10664
   14170    37193    59342    27.6%           18      11006
   24930    26350    50393    48.6%           18      10927
   12259    38847    50095    24.0%           18      10972
   13624    39072    52192    25.9%           18      11354
   11132    41478    51539    21.2%           18      11424
   13740    38726    51939    26.2%           18      11799
    7842    43369    50234    15.3%           18      11784
   15692    35788    50794    30.5%           18      11834
   12987    36640    57431    26.2%           18      12164
   59332        0    60554   100.0%           18      12090
   58011        7    57353   100.0%           18      12318
   53924       11    53709   100.0%           18      12540
   53873        7    53526   100.0%           18      12762
   52545       10    52143   100.0%           18      12980
   52593       12    52267   100.0%           18      13196
   55421        9    55066   100.0%           18      13425
   55794        4    55616   100.0%           18      13656
   52136       11    60011   100.0%           18      13829
   57512        0    55685   100.0%           18      14051
   47735        0    59233   100.0%           18      13610
    8993    29467   161582    23.4%           19      12526
   44005     5039   148825    89.7%           19      12571
   38117    11532   173453    76.8%           19      12993
   21710    23923   141108    47.6%           19      13080
   12530    36971    63941    25.3%           19      13421
   60092        3    58977   100.0%           20      13341
   36099    15073    50078    70.5%           20      13237
   16581    39086    53844    29.8%           20      13613
   25086    27917    52272    47.3%           20      13565
   32208    23525    54861    57.8%           20      13898
   49439     8440    56828    85.4%           20      13774
   24200    28231    51906    46.2%           20      14107
   13468    36595    57464    26.9%           20      14036
   27301    24314    50049    52.9%           20      14033
   40209    16152    55334    71.3%           20      14320
   54466       20    51016   100.0%           20      14082
   54770     2808    56778    95.1%           20      14331
   56958        0    55581   100.0%           20      14196
   43232    12578    55502    77.5%           20      14474
   54406      982    54756    98.2%           20      14267
   59000        3    66813   100.0%           20      14470
   49259     6976    54731    87.6%           20      14265
   56054        5    54806   100.0%           20      14494
   56121        3    54094   100.0%           21      14218
   55137        0    54271   100.0%           21      14434
   56586        0    56437   100.0%           21      14671
   55647        2    54653   100.0%           21      14886
   53870        0    54087   100.0%           21      15114
   55567        0    64167   100.0%           21      15307
   56441        0    55977   100.0%           21      15526
   54021        0    53176   100.0%           21      15738
   56528        0    55827   100.0%           21      15970
   54665        0    53739   100.0%           21      16192
   48426        2    56165   100.0%           21      15941
   10876    26740   146552    28.9%           21      14648
   34842    16624   156638    67.7%           21      14850
   52232       22   158317   100.0%           22      15128
   57499        1    56177   100.0%           22      14927
   57739        0    56724   100.0%           22      15165
   32362    16374    89397    66.4%           22      15071
   39769    16370    55021    70.8%           22      15325
   58822        0    58081   100.0%           22      15247
   38017    16401    53433    69.9%           22      15158
   58492        5    57867   100.0%           22      15403
   54071        0    53837   100.0%           22      15629
   64333     1032    59935    98.4%           23      15862
   57042        3    56334   100.0%           23      16089
   49063        0    82881   100.0%           23      15303
   18665    32746    49982    36.3%           23      15277
   20999    32727    52683    39.1%           23      15626
   53171        9    52752   100.0%           23      15487
   59168        0    58048   100.0%           23      15730
   54674       14    94498   100.0%           23      15616
   53326        3    51873   100.0%           23      15461
   58764        0    61852   100.0%           23      15698
   13650    38973    51907    25.9%           23      16070
   18412    34769    52152    34.6%           23      15923
   53126     3337    56405    94.1%           23      16183
   55497        0    54605   100.0%           23      15937
   57523        1    57005   100.0%           23      16173
   51656        0    54639   100.0%           23      15908
   57989        4    57660   100.0%           24      16140
   56263        7    55831   100.0%           24      16373
   56776        0    55661   100.0%           24      16594
   54183        0    54089   100.0%           24      16812
   51591        0    51213   100.0%           24      17018
   53765        0    53614   100.0%           24      17242
   53684        0    53193   100.0%           24      17462
   53480        0    53393   100.0%           24      17686
   55972        4    63669   100.0%           24      17877
   39306        0   131551   100.0%           24      16117
   52691       10    76421   100.0%           24      15978
   59042        0    57199   100.0%           24      16216
   59874        0    57245   100.0%           24      16102
   55434        0    53993   100.0%           24      16317
   56498        0    54992   100.0%           24      16100
   37455    16371    51617    69.6%           24      16069
   59391        0    58335   100.0%           24      16314
   57044        0    55265   100.0%           24      16152
   50930        7    58873   100.0%           24      16334
   58943        0    56474   100.0%           24      16572
   57300        0    55587   100.0%           24      16220
   59453        0    56524   100.0%           25      16444
   54582        0    53979   100.0%           25      16219
   57026        0    55386   100.0%           25      16451
   53089        0    92779   100.0%           25      16238
   58321        0    57491   100.0%           25      16478
   58396        0    57080   100.0%           25      16312
   53058        0    75380   100.0%           25      16205
   54146        9    64074   100.0%           25      16388
   53770        0    52656   100.0%           25      16609
   13541    43274    53564    23.8%           25      16500
    5497    48279    51722    10.2%           25      16921
    6723    47277    51906    12.4%           25      17317
    5039    47458    50358     9.6%           25      17710
    5250    45772    48942    10.3%           25      18087
    6234    34778   117351    15.2%           25      17467
    5597    47377    58342    10.6%           25      17801
    6790    46916    50932    12.6%           25      18213
    4819    44591    46931     9.8%           25      18594
    5532    41234    44796    11.8%           26      18959
    8466    39044    44822    17.8%           26      18987
   56494       19    55279   100.0%           26      18107
   58303        0    57618   100.0%           26      18348
   17495    27421    79662    39.0%           26      18141
    6090    47681    50670    11.3%           26      18555
    5568    48929    51464    10.2%           26      18961
    6186    45073    48371    12.1%           26      18993
    5988    39495    64069    13.2%           26      18220
    7464    37269   105396    16.7%           26      18587
   13024    43835    53031    22.9%           26      18985
    5657    43328    46576    11.5%           26      18990
   18250    32464    47366    36.0%           26      18287
   52361     1483    53729    97.2%           26      18517
   56058      973    57021    98.3%           27      18758
   42762     8269    51068    83.8%           27      18939
   43565     5501    49325    88.8%           27      18930
   46039     6555    61206    87.5%           27      18964
   45770     7953    53328    85.2%           27      18972
   46288     7386    56370    86.2%           27      18965
   45052     5982    50499    88.3%           27      18960
   39723     9311    48428    81.0%           27      18953
   35888     4781    86384    88.2%           27      17044
   35485    12222   108549    74.4%           27      17200
   56834        0    55402   100.0%           27      17432
   33393    18398    50600    64.5%           27      17267
    4471    47958    51910     8.5%           27      17687
    4218    48469    51921     8.0%           27      18109
    5882    46768    52280    11.2%           27      18523
   10408    45611    54284    18.6%           27      18913
    4307    42265    45488     9.2%           27      18951
    6156    39313    53061    13.5%           27      17958
   13240    39398    51474    25.2%           27      18336
   44580    11436    55193    79.6%           27      18226
   51723     5371    56937    90.6%           27      18485
   24077    28662    51828    45.7%           27      18369
   34087    17359    51026    66.3%           27      18367
   10710    42246    52363    20.2%           28      18761
   31149    24710    59711    55.8%           28      18769
   21856    33021    53452    39.8%           28      18995
   56368        0    55446   100.0%           28      18821
   56262        0    55063   100.0%           28      18975
   48933        0    48348   100.0%           28      18564
   42555    13745    55892    75.6%           28      18650
   58176        0    57982   100.0%           28      18893
   53843        0    53149   100.0%           28      18554
   56161        0    55486   100.0%           28      18786
   30384    16342    99776    65.0%           28      18664
    6608    47602    51217    12.2%           28      19013
    5659    42433    45552    11.8%           28      19007
    5601    41760    44934    11.8%           28      19001
    9670    33695    81281    22.3%           28      18414
   48633     1800   101113    96.4%           28      18516
   58892        0    58138   100.0%           28      18755
   20535    26342    84973    43.8%           29      18680
   28724    14049   121617    67.2%           29      18842
   52129     3976    55202    92.9%           29      18935
   54035     1975    54982    96.5%           29      18978
   37635    12950    50521    74.4%           29      18967
   33449    17826    51653    65.2%           29      18957
   38205    12728    51393    75.0%           29      18947
   31050    19805    51010    61.1%           29      18939
   26093    22204    48490    54.0%           29      18926
   28487    21957    58496    56.5%           29      18980
   26963    20480    46920    56.8%           29      18975
   32282    15593    47336    67.4%           29      18967
    9135    31480   152080    22.5%           29      17585
    7391    44060    58914    14.4%           29      17862
    4226    47804    50704     8.1%           29      18277
    4601    47491    50773     8.8%           29      18664
    3841    46402    49487     7.6%           29      18976
    5167    41737    45686    11.0%           29      18975
   39676    10537    49432    79.0%           30      17942
   40427    16490    56290    71.0%           30      18240
   19744    32974    51912    37.5%           30      18199
   55663        0    56475   100.0%           30      18418
   47288     8406    55073    84.9%           30      18191
   49654     4881    53519    91.0%           30      18198
   58874        0    58181   100.0%           30      18441
   54525        2    53532   100.0%           30      18097
   55794        0    55677   100.0%           30      18331
   55369        1    54441   100.0%           30      18105
   57042        0    56444   100.0%           30      18341
   30465    24619    63134    55.3%           30      18257
   10192    44357    53351    18.7%           30      18666
   19086    34066    55461    35.9%           30      18569
    9723    42199    51154    18.7%           30      18960
   27876    20612    47908    57.5%           30      18533
   32345    23428    55248    58.0%           30      18853
    9197    39495    47894    18.9%           30      18945
   15695    29737    81058    34.5%           30      18621
   21940    29710    50656    42.5%           30      18821
   16305    35341    50760    31.6%           30      18978
   40776     8786    94231    82.3%           31      18760
   63031        3    60207   100.0%           31      18978
   52890        2    51779   100.0%           31      18970
   52310        1    51439   100.0%           31      18960
   53297        3    52239   100.0%           31      18948
   19370    29948    47075    39.3%           31      18942
    5806    41634    44777    12.2%           31      18936
    6169    35885    39597    14.7%           31      17692
    2667    43649   101139     5.8%           31      17774
    2305    51360    50901     4.3%           31      18201
    6445    51853    53872    11.1%           31      18629
    2263    52118    51407     4.2%           31      18973
    8985    35051   113806    20.4%           31      18435
   15952    36426    51483    30.5%           31      18789
   57369        0    56854   100.0%           31      18970
   28185    16506   108155    63.1%           31      18617
   54026     1541    61180    97.2%           32      18665
   52266     2018    53943    96.3%           32      18892
   41882    10398    52163    80.1%           32      18947
   39078    11922    51207    76.6%           32      18934
   26082    24602    49949    51.5%           32      18928
   39602    12032    51558    76.7%           32      18916
   26602    19867    46568    57.2%           32      18905
   29783    16550    54798    64.3%           32      18962
   29523    20640    49422    58.9%           32      18954
   22124    15649    76141    58.6%           32      17286
    8356    33619   119289    19.9%           32      17634
    9130    41771    49834    17.9%           32      18017
   22568    28112    49921    44.5%           32      17823
   23455    35811    57401    39.6%           32      18199
   20780    32127    51767    39.3%           32      18162
   54936        0    54625   100.0%           32      18391
   37738    15474    52567    70.9%           32      18287
   50656     4603    54736    91.7%           32      18257
   31405    17120    82896    64.7%           32      18329
   12812    39739    52180    24.4%           33      18539
    9508    43618    52447    17.9%           33      18923
    8897    36522    44572    19.6%           33      18437
   60074        0    58885   100.0%           33      18669
   19801    27387    86176    42.0%           33      18705
   59273        0    58648   100.0%           33      18875
   54624        0    53725   100.0%           33      18735
   38030    16491    53670    69.8%           33      18948
   38266     8485    90733    81.9%           33      18729
   45932    12184    57511    79.0%           33      18780
   22922    28156    89530    44.9%           33      18818
   10402    41486    54240    20.0%           33      18969
    6504    46958    50184    12.2%           33      18959
    7392    42592    47128    14.8%           33      18954
    5657    41695    44703    11.9%           33      18946
    5532    41280    44371    11.8%           33      18938
    7616    44600    51060    14.6%           33      18509
   29215    20843    86287    58.4%           33      18553
    7650    46359    50711    14.2%           34      18808
    7542    44547    49063    14.5%           34      18956
    6217    41990    45356    12.9%           34      18948
    6924    35294    82801    16.4%           34      18493
    9406    45171    56955    17.2%           34      18846
    4971    39855    44526    11.1%           34      18968
    3502    44310    47205     7.3%           34      18963
    3277    43832    46302     7.0%           34      18957
    3324    42843    45428     7.2%           34      18952
    3975    41292    44583     8.8%           34      18946
    2843    43232    45653     6.2%           34      18941
   10173    32354    40633    23.9%           34      17424
   17756    24603    94261    41.9%           34      17698
   36640    21187    63300    63.4%           34      17727
   53203     3952    57035    93.1%           34      17982
   39640    12735    52246    75.7%           34      18248
   28282    22654    51140    55.5%           34      18564
   33643    20670    54769    61.9%           34      18879
   26854    22811    49863    54.1%           34      18917
   31616    19069    50885    62.4%           34      18909
   30169    21687    60272    58.2%           34      18962
   29342    19361    47839    60.2%           34      18955
   18172    18737    77518    49.2%           34      17309
   12668    29068   115950    30.4%           34      17668
   24644    29846    53106    45.2%           35      17689
    9110    43367    51418    17.4%           35      18088
   18631    30693    48474    37.8%           35      17963
   14389    35181    48958    29.0%           35      18076
   12794    40451    52417    24.0%           35      18467
   18060    34702    52051    34.2%           35      18438
   54562        0    54415   100.0%           35      18667
   57234        3    64760   100.0%           35      18495
   32432    24295    55001    57.2%           35      18809
   49366     7311    56027    87.1%           35      18632
   54308        0    53731   100.0%           35      18857
   53032        2    52677   100.0%           35      18934
   52914        0    52169   100.0%           35      18582
   57448        1    57037   100.0%           35      18821
   44011     8780    52156    83.4%           35      18909
   26171    20998    54556    55.5%           35      18329
    5657    46045    50866    10.9%           35      18737
    7840    43925    50204    15.1%           35      18961
    3559    41057    44250     8.0%           35      18956
    3535    44398    47462     7.4%           35      18953
    3705    42957    45930     7.9%           35      18947
    6024    42194    44066    12.5%           36      18941
    3423    42799    44805     7.4%           36      18935
    6291    41775    46837    13.1%           36      18930
   44694     4077    72236    91.6%           36      17326
   55475        5    61510   100.0%           36      17523
   41211    12497    51757    76.7%           36      17263
   37372    18109    54588    67.4%           36      17443
   27110    21921    85078    55.3%           36      17541
   25314    25135    58188    50.2%           36      17635
   25646    16516   131260    60.8%           36      17752
   32314    16640   102971    66.0%           36      18067
   26176    25056    49868    51.1%           37      18028
   55506     1265    56777    97.8%           37      18265
   51922     4353    56269    92.3%           37      18516
   45240     9056    54272    83.3%           37      18779
   47274     9212    55790    83.7%           37      18928
   40681    10038    50641    80.2%           37      18918
   38744    11481    52595    77.1%           37      18907
   33345    16162    50940    67.4%           37      18962
   32876     6536    68816    83.4%           37      17535
    7383    31748   122625    18.9%           37      17922
   44150    11654    54892    79.1%           37      17900
   20329    34260    53381    37.2%           37      18245
   39364    13763    52300    74.1%           37      17980
   17856    37698    58281    32.1%           37      18370
   13937    39376    52306    26.1%           37      18498
   22999    27089    49645    45.9%           37      18525
   10844    42116    52189    20.5%           37      18913
   41021     9520    58634    81.2%           37      18912
   43319     8534    50911    83.5%           37      18460
   12981    41031    53009    24.0%           37      18854
   24094    26032    49201    48.1%           37      18814
   53943        0    53488   100.0%           37      18936
   51852        0    51402   100.0%           38      18926
   33118    18087    50570    64.7%           38      18374
   29267    26715    55348    52.3%           38      18596
   51925        7    59703   100.0%           38      18472
   56700        0    55778   100.0%           38      18503
   55074        0    54905   100.0%           38      18733
   23470    25840    95012    47.6%           38      18755
   16369    37275    52798    30.5%           38      18930
   26182    16509    90701    61.3%           38      18811
   16581    36855    51879    31.0%           38      18953
   13059    38349    47689    25.4%           38      18949
    7129    43808    48150    14.0%           38      18943
    5268    44096    46257    10.7%           38      18939
   20147    24698    74772    44.9%           38      18263
   33379    19162    53479    63.5%           38      18322
   26607    25236    66281    51.3%           38      18445
   52366        9    73564   100.0%           39      18660
   55716        2    55247   100.0%           39      18892
   34044    16489    52075    67.4%           39      18548
   19933    32269    87336    38.2%           39      18870
   55447     1968    57565    96.6%           39      18919
   46911     3479    50240    93.1%           39      18938
   35851    13659    49667    72.4%           39      18929
   30238    16377    46615    64.9%           39      18920
   35264    14214    49602    71.3%           39      18910
   32476    18591    51388    63.6%           39      18904
   33632    18145    60424    65.0%           39      18890
   32754    15777    48019    67.5%           39      18953
   43555     2837   138563    93.9%           39      17644
   23344    29195    77393    44.4%           39      17828
   24708    30280    54141    44.9%           39      17916
   38864    15918    54411    70.9%           39      17960
   53203      889    53465    98.4%           39      18181
   28148    24310    52033    53.7%           39      18054
   21965    33612    54827    39.5%           39      18160
   55143        0    54489   100.0%           40      18386
   52195        0    52932   100.0%           40      18195
   37769    16500    55457    69.6%           40      18195
   52258     8405    58860    86.1%           40      18461
   32073    23582    54547    57.6%           40      18772
   56907        1    56091   100.0%           40      18928
   50880        0    50361   100.0%           40      18252
   15135    37267    51924    28.9%           40      18614
   24981    27325    51395    47.8%           40      18554
   58069        0    57292   100.0%           40      18792
   31692    16630    70505    65.6%           40      18447
   17298    32750    76979    34.6%           40      18787
   33196    23261    54422    58.8%           40      18775
   33599    16810    78413    66.7%           40      18850
   30613    16364    76579    65.2%           40      18845
   54633        6    75238   100.0%           40      18926
   52241        0    51468   100.0%           40      18938
   52106      133    51220    99.7%           40      18383
   25803    25280    86567    50.5%           41      18600
   14378    32523   104529    30.7%           41      18842
    3540    44175    46567     7.4%           41      18950
    7679    38081    47743    16.8%           41      18945
    3352    43263    45912     7.2%           41      18943
    3208    45748    47921     6.6%           41      18936
    4705    43307    45326     9.8%           41      18930
    5856    40684    43234    12.6%           41      18923
   29849    18312    45147    62.0%           41      17697
   55259     1503    56538    97.4%           41      17939
   47462     4484    59839    91.4%           41      18132
   47124     9407    55850    83.4%           41      18405
   48885     8286    56416    85.5%           41      18659
   49105     8795    58858    84.8%           41      18924
   43063     8110    50605    84.2%           41      18920
   37544    10496    47707    78.2%           41      18916
   44252      842   135023    98.1%           41      17563
   58591        9    78486   100.0%           41      17775
   55015        0    54253   100.0%           41      17638
   54176        3    53519   100.0%           41      17481
   53573        0    53408   100.0%           42      17705
   38159    16490    54100    69.8%           42      17676
   60654        0    59200   100.0%           42      17718
   56797        0    56606   100.0%           42      17944
   51514        0    56914   100.0%           42      18180
   48783     2457    49858    95.2%           42      17586
   58014        0    56874   100.0%           42      17824
   55591        0    55006   100.0%           42      17710
   53996        0    53445   100.0%           42      17934
   52756        0    52468   100.0%           42      17696
   38449    16491    54477    70.0%           42      17990
   34963    22626    55328    60.7%           42      17883
   54218        0    62665   100.0%           42      18079
   21872    32971    53328    39.9%           42      18018
   20630    32986    52165    38.5%           42      18164
   27602    23821    88636    53.7%           42      18216
   52821     6039    60796    89.7%           42      18334
   38697    16489    54359    70.1%           42      18361
   53985        7   100004   100.0%           42      18438
   54724        1    54461   100.0%           42      18471
   41224    14363    54953    74.2%           43      18739
   23289    32982    54884    41.4%           43      18639
   18608    32865    85970    36.2%           43      18661
   56973        0    56535   100.0%           43      18898
    6001    48242    50230    11.1%           43      18926
    3269    49057    51487     6.2%           43      18923
    3133    48118    50462     6.1%           43      18915
    2929    46003    48225     6.0%           43      18908
    2821    42084    44499     6.3%           43      18900
    6057    38555    50368    13.6%           43      18860
   10555    43424    48961    19.6%           43      18950
    4850    35635    81632    12.0%           43      17836
    5774    47592    51090    10.8%           43      18209
    3951    47280    49657     7.7%           43      18615
    4026    46384    48969     8.0%           43      18934
    3338    42613    44525     7.3%           43      18928
    3803    43307    45808     8.1%           43      18922
    4159    43534    45895     8.7%           43      18917
    5048    42574    44904    10.6%           43      18751
   60279        0    57658   100.0%           43      17666
   54830        5    63185   100.0%           43      17868
   53900        0    53262   100.0%           43      18092
   53890        2    53458   100.0%           44      18316
   54492        0    54023   100.0%           44      18542
   55467        0    54894   100.0%           44      18771
   51556        0    50893   100.0%           44      18897
   10167    24391   121640    29.4%           44      17662
    3218    44031    70048     6.8%           44      18035
    4206    48118    51020     8.0%           44      18452
   13733    39990    54840    25.6%           44      18851
    5302    41234    44518    11.4%           44      18931
    4233    41710    45013     9.2%           44      18929
    6183    40085    44357    13.4%           44      18924
   25860    24721    49472    51.1%           44      17763
    4165        0        0   100.0%           44      17772
    1521        0        0   100.0%           44      17772
   29436      369      118    98.8%           45      17773
   43315       55        1    99.9%           45      17773
    5904        0     3039   100.0%           45      17773
    1520        0        0   100.0%           45      17773
    1523        0        0   100.0%           45      17773
    1525        0        0   100.0%           45      17773
    1508        0        0   100.0%           45      17773
    1542        0        2   100.0%           45      17773
    1507        0        0   100.0%           45      17773
    1544        0       35   100.0%           45      17773
    1519        0        0   100.0%           45      17773
    5914        0     3036   100.0%           45      17773
    1510        0        0   100.0%           45      17773
    1534        0        0   100.0%           45      17773
    1510        0        0   100.0%           45      17773
    1520        0        0   100.0%           45      17773
    1540        0        0   100.0%           45      17773
    1535        0        0   100.0%           45      17773
    1534        0        0   100.0%           45      17773
    1531        2       32    99.9%           45      17773
    1537        0        0   100.0%           45      17773
    5920        0     3035   100.0%           45      17773
    1508        0        0   100.0%           45      17773
    1521        0        0   100.0%           45      17773
    1481        0       91   100.0%           45      17773
    1522        0        0   100.0%           45      17773
    1537        0        0   100.0%           45      17773
    1537        0        0   100.0%           45      17773
    1537        2       33    99.9%           45      17773
    1536        0        0   100.0%           45      17773
    5899        0     3036   100.0%           45      17773
    1535        0        0   100.0%           45      17773
    1519        0        0   100.0%           45      17773
    1486        0       92   100.0%           45      17773
    1535        0        0   100.0%           45      17773
    1525        0        0   100.0%           45      17773
    1533        0        0   100.0%           45      17773
    1540        1        5    99.9%           45      17773
    1523        2        2    99.9%           45      17773
    3837        0     1237   100.0%           45      17773
    1540        0        0   100.0%           45      17774
    1536        0        0   100.0%           45      17774
    1536        0        0   100.0%           45      17774
    1537        0        0   100.0%           45      17774
    1521        0        0   100.0%           45      17774
    1532        0        0   100.0%           45      17774
    1539        0        0   100.0%           45      17774
    1542        1       33    99.9%           45      17774
    1569        0        0   100.0%           45      17774
    5973        0     3037   100.0%           45      17774
    1523        0        0   100.0%           45      17774
    1508        0        0   100.0%           45      17774
    1519        0        0   100.0%           45      17774
    1521        0        0   100.0%           45      17774
    1522        0        0   100.0%           45      17774
    1520        0        0   100.0%           45      17774
    1534        0       33   100.0%           45      17774
    1505        0        0   100.0%           45      17774
    3911        0     5257   100.0%           45      17774
    1519        0        0   100.0%           45      17774
    1506        0        0   100.0%           45      17774
    1534        0        0   100.0%           45      17774
    1535        0        0   100.0%           45      17774
    1540        0        0   100.0%           45      17774
    1523        0        0   100.0%           45      17774
    1536        0        3   100.0%           45      17774
    1526        2       30    99.9%           45      17774
    1535        0        0   100.0%           45      17774
    1551        0        0   100.0%           45      17774
    1516        0        0   100.0%           45      17774
    1535        0        0   100.0%           45      17774
    1435        0       87   100.0%           45      17774
    1507        0        0   100.0%           45      17774
    1525        0        0   100.0%           45      17774
    1520        0        0   100.0%           45      17774
    1530        0       33   100.0%           45      17774
    1521        0        0   100.0%           45      17774
    5961        0     3034   100.0%           45      17774
    1509        0        0   100.0%           45      17774
    1533        0        0   100.0%           45      17774
    1537        0        0   100.0%           45      17774
    1651        0       38   100.0%           45      17774
    1533        0        0   100.0%           45      17774
    1537        0        0   100.0%           45      17774
    1544        0       36   100.0%           45      17774
    1539        0        0   100.0%           45      17774
    5972        0     3033   100.0%           45      17774
    1522        0        0   100.0%           45      17774
    1538        0        0   100.0%           45      17774
    1525        0        0   100.0%           45      17774
    1519        0        0   100.0%           45      17774
    1510        0        0   100.0%           45      17774
    1505        0        0   100.0%           45      17774
    1537        0        0   100.0%           45      17774
    1525        2       30    99.9%           45      17774
    1523        0        1   100.0%           45      17774
    5977        0     3032   100.0%           45      17774
    1506        0        0   100.0%           45      17774
    1539        0        0   100.0%           45      17774
    1494        0      104   100.0%           45      17774
    5884        4       19    99.9%           45      17774
    3141        0        0   100.0%           45      17774
   12553        0      490   100.0%            3      17318
    2403        0       47   100.0%            3       7891
    1535        0        0   100.0%            3        318
   52753     3778     3459    93.3%            9        209

Ending tracing...
