free(): double free detected in tcache 2
Received signal 6 (Aborted)
#0   /lib/x86_64-linux-gnu/libc.so.6(gsignal+0xc7) [0x7fc917468e87] ??	??:0	DESTRUCTOR GETTING CALLED 	
#1   /lib/x86_64-linux-gnu/libc.so.6(abort+0x141) [0x7fc91746a7f1] ??	??:0	DESTRUCTOR GETTING CALLED 	
#2   /lib/x86_64-linux-gnu/libc.so.6(+0x89837) [0x7fc9174b3837] ??	??:0	DESTRUCTOR GETTING CALLED 	
#3   /lib/x86_64-linux-gnu/libc.so.6(+0x908ba) [0x7fc9174ba8ba] ??	??:0	DESTRUCTOR GETTING CALLED 	
#4   /lib/x86_64-linux-gnu/libc.so.6(cfree+0x7dd) [0x7fc9174c20ed] ??	??:0	DESTRUCTOR GETTING CALLED 	
#5   /usr/lib/lib_Cross_Info.so(_Z15BitArrayDestroyP11bit_array_t+0x2e) [0x7fc91947da38] ??	??:0	DESTRUCTOR GETTING CALLED 	
#6   /usr/lib/lib_Cross_Info.so(_Z17handle_file_closei+0x73) [0x7fc91947b92d] ??	??:0	DESTRUCTOR GETTING CALLED 	
#7   /usr/lib/lib_Cross_Info.so(fclose+0x25) [0x7fc91947bfd2] ??	??:0	DESTRUCTOR GETTING CALLED 	
#8   ./db_bench(+0x296819) [0x5596a4896819] ??	??:0	DESTRUCTOR GETTING CALLED 	
#9   ./db_bench(+0x296861) [0x5596a4896861] ??	??:0	DESTRUCTOR GETTING CALLED 	
#10  ./db_bench(+0x28183b) [0x5596a488183b] ??	??:0	DESTRUCTOR GETTING CALLED 	
#11  ./db_bench(+0x21a52a) [0x5596a481a52a] ??	??:0	DESTRUCTOR GETTING CALLED 	
#12  ./db_bench(+0x2339ae) [0x5596a48339ae] ??	??:0	DESTRUCTOR GETTING CALLED 	
#13  ./db_bench(+0x15913d) [0x5596a475913d] ??	??:0	DESTRUCTOR GETTING CALLED 	
#14  ./db_bench(+0x151a53) [0x5596a4751a53] ??	??:0	DESTRUCTOR GETTING CALLED 	
#15  ./db_bench(+0x1537dd) [0x5596a47537dd] ??	??:0	DESTRUCTOR GETTING CALLED 	
#16  ./db_bench(+0xa8fe9) [0x5596a46a8fe9] ??	??:0	DESTRUCTOR GETTING CALLED 	
#17  ./db_bench(+0xa9f0b) [0x5596a46a9f0b] ??	??:0	DESTRUCTOR GETTING CALLED 	
#18  ./db_bench(+0xaf137) [0x5596a46af137] ??	??:0	DESTRUCTOR GETTING CALLED 	
#19  ./db_bench(+0x7b09e) [0x5596a467b09e] ??	??:0	DESTRUCTOR GETTING CALLED 	
#20  /lib/x86_64-linux-gnu/libc.so.6(__libc_start_main+0xe7) [0x7fc91744bc87] ??	??:0	DESTRUCTOR GETTING CALLED 	
#21  ./db_bench(+0x7a20a) [0x5596a467a20a] ??	??:0	DESTRUCTOR GETTING CALLED 	
Command terminated by signal 6
	Command being timed: "./db_bench --db=/users/kannan11/ssd/prefetching/appbench/apps/rocksdb/DATA --value_size=4096 --wal_dir=/users/kannan11/ssd/prefetching/appbench/apps/rocksdb/DATA/WAL_LOG --sync=0 --key_size=1000 --write_buffer_size=67108864 --num=20000000 --seed=1576170874 --benchmarks=readseq --use_existing_db=1 --mmap_read=0 --threads=16"
	User time (seconds): 0.06
	System time (seconds): 0.12
	Percent of CPU this job got: 96%
	Elapsed (wall clock) time (h:mm:ss or m:ss): 0:00.19
	Average shared text size (kbytes): 0
	Average unshared data size (kbytes): 0
	Average stack size (kbytes): 0
	Average total size (kbytes): 0
	Maximum resident set size (kbytes): 22908
	Average resident set size (kbytes): 0
	Major (requiring I/O) page faults: 84
	Minor (reclaiming a frame) page faults: 69815
	Voluntary context switches: 479
	Involuntary context switches: 12
	Swaps: 0
	File system inputs: 19408
	File system outputs: 16
	Socket messages sent: 0
	Socket messages received: 0
	Signals delivered: 0
	Page size (bytes): 4096
	Exit status: 0
DESTRUCTOR GETTING CALLED 
[ 8471.234108] write_proc_unbounded: Value of write = 0
[ 8471.234117] write_proc_2mb_limit: Value of write = 0
[ 8471.234122] write_proc_bitmap_shift: Value of write = 36
[ 8471.240865] write_proc_unbounded: Value of write = 0
[ 8471.240875] write_proc_2mb_limit: Value of write = 0
[ 8471.240880] write_proc_bitmap_shift: Value of write = 36
[ 8471.259628] write_proc_unbounded: Value of write = 0
[ 8471.259637] write_proc_2mb_limit: Value of write = 0
[ 8471.259641] write_proc_bitmap_shift: Value of write = 36
[ 8471.264293] write_proc_unbounded: Value of write = 0
[ 8471.264303] write_proc_2mb_limit: Value of write = 0
[ 8471.264308] write_proc_bitmap_shift: Value of write = 36
[ 8471.268634] write_proc_unbounded: Value of write = 0
[ 8471.268638] write_proc_2mb_limit: Value of write = 0
[ 8471.272518] write_proc_unbounded: Value of write = 0
[ 8471.272525] write_proc_2mb_limit: Value of write = 0
[ 8471.272529] write_proc_bitmap_shift: Value of write = 36
[ 8471.275504] write_proc_unbounded: Value of write = 0
[ 8471.275512] write_proc_2mb_limit: Value of write = 0
[ 8471.275516] write_proc_bitmap_shift: Value of write = 36
[ 8471.277917] write_proc_unbounded: Value of write = 0
[ 8471.277921] write_proc_2mb_limit: Value of write = 0
[ 8471.281350] write_proc_unbounded: Value of write = 0
[ 8471.281356] write_proc_2mb_limit: Value of write = 0
[ 8471.281360] write_proc_bitmap_shift: Value of write = 36
[ 8471.283677] write_proc_unbounded: Value of write = 0
[ 8471.283684] write_proc_2mb_limit: Value of write = 0
[ 8471.283688] write_proc_bitmap_shift: Value of write = 36
[ 8471.285992] write_proc_unbounded: Value of write = 0
[ 8471.285996] write_proc_2mb_limit: Value of write = 0
[ 8471.289540] write_proc_unbounded: Value of write = 0
[ 8471.289547] write_proc_2mb_limit: Value of write = 0
[ 8471.289551] write_proc_bitmap_shift: Value of write = 36
[ 8471.291695] write_proc_unbounded: Value of write = 0
[ 8471.291702] write_proc_2mb_limit: Value of write = 0
[ 8471.291705] write_proc_bitmap_shift: Value of write = 36
[ 8471.293787] write_proc_unbounded: Value of write = 0
[ 8471.293791] write_proc_2mb_limit: Value of write = 0
[ 8471.297472] write_proc_unbounded: Value of write = 0
[ 8471.297480] write_proc_2mb_limit: Value of write = 0
[ 8471.297484] write_proc_bitmap_shift: Value of write = 36
[ 8471.299478] write_proc_unbounded: Value of write = 0
[ 8471.299484] write_proc_2mb_limit: Value of write = 0
[ 8471.299488] write_proc_bitmap_shift: Value of write = 36
[ 8471.301460] write_proc_unbounded: Value of write = 0
[ 8471.301464] write_proc_2mb_limit: Value of write = 0
[ 8471.304510] write_proc_unbounded: Value of write = 0
[ 8471.304517] write_proc_2mb_limit: Value of write = 0
[ 8471.304520] write_proc_bitmap_shift: Value of write = 36
[ 8471.307053] write_proc_unbounded: Value of write = 0
[ 8471.307062] write_proc_2mb_limit: Value of write = 0
[ 8471.307067] write_proc_bitmap_shift: Value of write = 36
[ 8471.309315] write_proc_unbounded: Value of write = 0
[ 8471.309319] write_proc_2mb_limit: Value of write = 0
[ 8471.312528] write_proc_unbounded: Value of write = 0
[ 8471.312534] write_proc_2mb_limit: Value of write = 0
[ 8471.312537] write_proc_bitmap_shift: Value of write = 36
[ 8471.314747] write_proc_unbounded: Value of write = 0
[ 8471.314754] write_proc_2mb_limit: Value of write = 0
[ 8471.314757] write_proc_bitmap_shift: Value of write = 36
[ 8471.316856] write_proc_unbounded: Value of write = 0
[ 8471.316859] write_proc_2mb_limit: Value of write = 0
[ 8471.319896] write_proc_unbounded: Value of write = 0
[ 8471.319903] write_proc_2mb_limit: Value of write = 0
[ 8471.319906] write_proc_bitmap_shift: Value of write = 36
[ 8471.322647] write_proc_unbounded: Value of write = 0
[ 8471.322655] write_proc_2mb_limit: Value of write = 0
[ 8471.322659] write_proc_bitmap_shift: Value of write = 36
[ 8471.324861] write_proc_unbounded: Value of write = 0
[ 8471.324864] write_proc_2mb_limit: Value of write = 0
[ 8471.328342] write_proc_unbounded: Value of write = 0
[ 8471.328349] write_proc_2mb_limit: Value of write = 0
[ 8471.328352] write_proc_bitmap_shift: Value of write = 36
[ 8471.330748] write_proc_unbounded: Value of write = 0
[ 8471.330754] write_proc_2mb_limit: Value of write = 0
[ 8471.330758] write_proc_bitmap_shift: Value of write = 36
[ 8471.332851] write_proc_unbounded: Value of write = 0
[ 8471.332855] write_proc_2mb_limit: Value of write = 0
[ 8471.335852] write_proc_unbounded: Value of write = 0
[ 8471.335858] write_proc_2mb_limit: Value of write = 0
[ 8471.335861] write_proc_bitmap_shift: Value of write = 36
[ 8471.338012] write_proc_unbounded: Value of write = 0
[ 8471.338018] write_proc_2mb_limit: Value of write = 0
[ 8471.338021] write_proc_bitmap_shift: Value of write = 36
[ 8471.339758] write_proc_unbounded: Value of write = 0
[ 8471.339761] write_proc_2mb_limit: Value of write = 0
[ 8471.343663] write_proc_unbounded: Value of write = 0
[ 8471.343669] write_proc_2mb_limit: Value of write = 0
[ 8471.343672] write_proc_bitmap_shift: Value of write = 36
[ 8471.346085] write_proc_unbounded: Value of write = 0
[ 8471.346091] write_proc_2mb_limit: Value of write = 0
[ 8471.346095] write_proc_bitmap_shift: Value of write = 36
[ 8471.348072] write_proc_unbounded: Value of write = 0
[ 8471.348076] write_proc_2mb_limit: Value of write = 0
[ 8471.350886] write_proc_unbounded: Value of write = 0
[ 8471.350893] write_proc_2mb_limit: Value of write = 0
[ 8471.350896] write_proc_bitmap_shift: Value of write = 36
[ 8471.353140] write_proc_unbounded: Value of write = 0
[ 8471.353146] write_proc_2mb_limit: Value of write = 0
[ 8471.353150] write_proc_bitmap_shift: Value of write = 36
[ 8471.355057] write_proc_unbounded: Value of write = 0
[ 8471.355060] write_proc_2mb_limit: Value of write = 0
[ 8471.357879] write_proc_unbounded: Value of write = 0
[ 8471.357886] write_proc_2mb_limit: Value of write = 0
[ 8471.357889] write_proc_bitmap_shift: Value of write = 36
[ 8471.359927] write_proc_unbounded: Value of write = 0
[ 8471.359933] write_proc_2mb_limit: Value of write = 0
[ 8471.359937] write_proc_bitmap_shift: Value of write = 36
[ 8471.361821] write_proc_unbounded: Value of write = 0
[ 8471.361825] write_proc_2mb_limit: Value of write = 0
[ 8471.364533] write_proc_unbounded: Value of write = 0
[ 8471.364539] write_proc_2mb_limit: Value of write = 0
[ 8471.364542] write_proc_bitmap_shift: Value of write = 36
[ 8471.366895] write_proc_unbounded: Value of write = 0
[ 8471.366902] write_proc_2mb_limit: Value of write = 0
[ 8471.366905] write_proc_bitmap_shift: Value of write = 36
[ 8471.368773] write_proc_unbounded: Value of write = 0
[ 8471.368776] write_proc_2mb_limit: Value of write = 0
[ 8471.371698] write_proc_unbounded: Value of write = 0
[ 8471.371704] write_proc_2mb_limit: Value of write = 0
[ 8471.371707] write_proc_bitmap_shift: Value of write = 36
[ 8471.373989] write_proc_unbounded: Value of write = 0
[ 8471.373995] write_proc_2mb_limit: Value of write = 0
[ 8471.373998] write_proc_bitmap_shift: Value of write = 36
[ 8471.375549] write_proc_unbounded: Value of write = 0
[ 8471.375552] write_proc_2mb_limit: Value of write = 0
[ 8471.378931] write_proc_unbounded: Value of write = 0
[ 8471.378937] write_proc_2mb_limit: Value of write = 0
[ 8471.378940] write_proc_bitmap_shift: Value of write = 36
[ 8471.381045] write_proc_unbounded: Value of write = 0
[ 8471.381051] write_proc_2mb_limit: Value of write = 0
[ 8471.381054] write_proc_bitmap_shift: Value of write = 36
[ 8471.382770] write_proc_unbounded: Value of write = 0
[ 8471.382774] write_proc_2mb_limit: Value of write = 0
[ 8471.385689] write_proc_unbounded: Value of write = 0
[ 8471.385695] write_proc_2mb_limit: Value of write = 0
[ 8471.385698] write_proc_bitmap_shift: Value of write = 36
[ 8471.387673] write_proc_unbounded: Value of write = 0
[ 8471.387680] write_proc_2mb_limit: Value of write = 0
[ 8471.387684] write_proc_bitmap_shift: Value of write = 36
[ 8471.389619] write_proc_unbounded: Value of write = 0
[ 8471.389622] write_proc_2mb_limit: Value of write = 0
[ 8471.392661] write_proc_unbounded: Value of write = 0
[ 8471.392667] write_proc_2mb_limit: Value of write = 0
[ 8471.392670] write_proc_bitmap_shift: Value of write = 36
[ 8471.395192] write_proc_unbounded: Value of write = 0
[ 8471.395199] write_proc_2mb_limit: Value of write = 0
[ 8471.395202] write_proc_bitmap_shift: Value of write = 36
[ 8471.397340] write_proc_unbounded: Value of write = 0
[ 8471.397344] write_proc_2mb_limit: Value of write = 0
[ 8471.400576] write_proc_unbounded: Value of write = 0
[ 8471.400583] write_proc_2mb_limit: Value of write = 0
[ 8471.400587] write_proc_bitmap_shift: Value of write = 36
[ 8471.402993] write_proc_unbounded: Value of write = 0
[ 8471.403000] write_proc_2mb_limit: Value of write = 0
[ 8471.403003] write_proc_bitmap_shift: Value of write = 36
[ 8471.405055] write_proc_unbounded: Value of write = 0
[ 8471.405059] write_proc_2mb_limit: Value of write = 0
[ 8471.408593] write_proc_unbounded: Value of write = 0
[ 8471.408600] write_proc_2mb_limit: Value of write = 0
[ 8471.408603] write_proc_bitmap_shift: Value of write = 36
[ 8471.411076] write_proc_unbounded: Value of write = 0
[ 8471.411082] write_proc_2mb_limit: Value of write = 0
[ 8471.411086] write_proc_bitmap_shift: Value of write = 36
[ 8471.413176] write_proc_unbounded: Value of write = 0
[ 8471.413179] write_proc_2mb_limit: Value of write = 0
[ 8471.416403] write_proc_unbounded: Value of write = 0
[ 8471.416410] write_proc_2mb_limit: Value of write = 0
[ 8471.416414] write_proc_bitmap_shift: Value of write = 36
[ 8471.418949] write_proc_unbounded: Value of write = 0
[ 8471.418956] write_proc_2mb_limit: Value of write = 0
[ 8471.418959] write_proc_bitmap_shift: Value of write = 36
[ 8471.421034] write_proc_unbounded: Value of write = 0
[ 8471.421037] write_proc_2mb_limit: Value of write = 0
[ 8471.424380] write_proc_unbounded: Value of write = 0
[ 8471.424387] write_proc_2mb_limit: Value of write = 0
[ 8471.424390] write_proc_bitmap_shift: Value of write = 36
[ 8471.426846] write_proc_unbounded: Value of write = 0
[ 8471.426853] write_proc_2mb_limit: Value of write = 0
[ 8471.426857] write_proc_bitmap_shift: Value of write = 36
[ 8471.428887] write_proc_unbounded: Value of write = 0
[ 8471.428890] write_proc_2mb_limit: Value of write = 0
[ 8471.431976] write_proc_unbounded: Value of write = 0
[ 8471.431981] write_proc_2mb_limit: Value of write = 0
