ENABLE_FILE_STATS in con
ENABLE_FILE_STATS in con
double free or corruption (out)
Received signal 6 (Aborted)
#0   /lib/x86_64-linux-gnu/libc.so.6(gsignal+0xc7) [0x7fa6e3ff1e87] Command terminated by signal 15
	Command being timed: "./db_bench --db=/users/kannan11/ssd/sudarsun/prefetching/appbench/apps/rocksdb/DATA --value_size=4096 --wal_dir=/users/kannan11/ssd/sudarsun/prefetching/appbench/apps/rocksdb/DATA/WAL_LOG --sync=0 --key_size=1000 --write_buffer_size=67108864 --num=40000000 --benchmarks=readseq --use_existing_db=1 --mmap_read=0 --threads=16"
	User time (seconds): 3.47
	System time (seconds): 84.35
	Percent of CPU this job got: 784%
	Elapsed (wall clock) time (h:mm:ss or m:ss): 0:11.20
	Average shared text size (kbytes): 0
	Average unshared data size (kbytes): 0
	Average stack size (kbytes): 0
	Average total size (kbytes): 0
	Maximum resident set size (kbytes): 101600652
	Average resident set size (kbytes): 0
	Major (requiring I/O) page faults: 86
	Minor (reclaiming a frame) page faults: 25399999
	Voluntary context switches: 86916
	Involuntary context switches: 112
	Swaps: 0
	File system inputs: 1002672
	File system outputs: 16
	Socket messages sent: 0
	Socket messages received: 0
	Signals delivered: 0
	Page size (bytes): 4096
	Exit status: 0
DESTRUCTOR GETTING CALLED 
PRINT_GLOBAL_STATS in dest
[62322.685429] sh (11788): drop_caches: 3
[62322.776334] sh (11794): drop_caches: 3
[62327.854487] Enabled file stats for time:11802
[62327.854635] write_proc: Value of write = 1
[62327.884616] Enabled file stats for db_bench:11805
[62327.884757] write_proc: Value of write = 1
[62336.032334] FinalTaskReport: db_bench:11805 - ra_orig_nr_pages:0, ra_final_nr_pages:0
                                        async_pages:2430, final_async_pages:10808
                                        full_pfetches:0, less256_pfetches:0, partial_pfetches:0
                                        failed_pfetches:0, total_pfetches:0, os_pfetches:509
                                        nr_pages_read:19578, nr_pages_hit:10256, nr_do_read_fault:161
[62339.061669] write_proc: Value of write = 0
[62339.061687] __do_sys_start_cross_trace: PRINT_GLOBAL_STATS 
[62339.061688] Final GlobalReport: nr_pages_read:277707, nr_pages_hit:133773, nr_do_read_fault:2661, nr_pages_miss:112
[62339.061690] __do_sys_start_cross_trace: RESET_GLOBAL_STATS 
[62339.062008] FinalTaskReport: time:11802 - ra_orig_nr_pages:0, ra_final_nr_pages:0
                                        async_pages:0, final_async_pages:99
                                        full_pfetches:0, less256_pfetches:0, partial_pfetches:0
                                        failed_pfetches:0, total_pfetches:0, os_pfetches:4
                                        nr_pages_read:0, nr_pages_hit:0, nr_do_read_fault:18
