Received signal 11 (Segmentation fault)
#0   /usr/lib/lib_Cross_Blind.so(_Z13prefetcher_thPv+0x20) [0x7f5b50803250] Command terminated by signal 11
	Command being timed: "./db_bench --db=/users/kannan11/ssd/prefetching/appbench/apps/rocksdb/DATA --value_size=4096 --wal_dir=/users/kannan11/ssd/prefetching/appbench/apps/rocksdb/DATA/WAL_LOG --sync=0 --key_size=1000 --write_buffer_size=67108864 --num=20000000 --seed=1576170874 --benchmarks=readseq --use_existing_db=1 --mmap_read=0 --threads=16"
	User time (seconds): 0.02
	System time (seconds): 0.08
	Percent of CPU this job got: 51%
	Elapsed (wall clock) time (h:mm:ss or m:ss): 0:00.20
	Average shared text size (kbytes): 0
	Average unshared data size (kbytes): 0
	Average stack size (kbytes): 0
	Average total size (kbytes): 0
	Maximum resident set size (kbytes): 36712
	Average resident set size (kbytes): 0
	Major (requiring I/O) page faults: 91
	Minor (reclaiming a frame) page faults: 8507
	Voluntary context switches: 593
	Involuntary context switches: 16
	Swaps: 0
	File system inputs: 552472
	File system outputs: 64
	Socket messages sent: 0
	Socket messages received: 0
	Signals delivered: 0
	Page size (bytes): 4096
	Exit status: 0
DESTRUCTOR GETTING CALLED 
PRINT_GLOBAL_LIB_STATS in dest
Total nr_ra = 0
Total nr_bytes_ra = 0
[22089.195539] sh (23596): drop_caches: 3
[22089.240298] sh (23601): drop_caches: 3
[22094.273257] write_proc_unbounded: Value of write = 0
[22094.273270] write_proc_2mb_limit: Value of write = 0
[22094.273275] write_proc_bitmap_shift: Value of write = 38
[22094.280953] write_proc_unbounded: Value of write = 0
[22094.280966] write_proc_2mb_limit: Value of write = 0
[22094.280972] write_proc_bitmap_shift: Value of write = 38
[22094.386555] write_proc_unbounded: Value of write = 0
[22094.386571] write_proc_2mb_limit: Value of write = 0
[22094.386576] write_proc_bitmap_shift: Value of write = 38
[22094.390564] write_proc_unbounded: Value of write = 0
[22094.390575] write_proc_2mb_limit: Value of write = 0
[22094.390581] write_proc_bitmap_shift: Value of write = 38
[22094.477213] traps: db_bench[23666] general protection fault ip:7f5b50803250 sp:7f5b41f85aa0 error:0 in lib_Cross_Blind.so[7f5b507fe000+a000]
[22094.480693] write_proc_unbounded: Value of write = 0
[22094.480700] write_proc_2mb_limit: Value of write = 0
