ENABLE_FILE_STATS in con
ENABLE_FILE_STATS in per_thread_ds
ENABLE_FILE_STATS in con
ENABLE_FILE_STATS in per_thread_ds
ENABLE_FILE_STATS in per_thread_ds
ENABLE_FILE_STATS in per_thread_ds
ENABLE_FILE_STATS in per_thread_ds
ENABLE_FILE_STATS in per_thread_ds
ENABLE_FILE_STATS in per_thread_ds
ENABLE_FILE_STATS in per_thread_ds
ENABLE_FILE_STATS in per_thread_ds
ENABLE_FILE_STATS in per_thread_ds
ENABLE_FILE_STATS in per_thread_ds
ENABLE_FILE_STATS in per_thread_ds
ENABLE_FILE_STATS in per_thread_ds
ENABLE_FILE_STATS in per_thread_ds
ENABLE_FILE_STATS in per_thread_ds
ENABLE_FILE_STATS in per_thread_ds
ERR:handle_open unable to add to uinode
ERR:handle_open unable to add to uinode
ERR:handle_open unable to add to uinode
Initializing RocksDB Options from the specified file
Initializing RocksDB Options from command-line flags
Integrated BlobDB: blob cache disabled
prefetcher_th: TID:9712: going to fetch from 0 for size 45389505 on file 8 total size=45389505,rasize = 1048576, stride = 0 bytes, ptr=0x7f0714000e50, ino=24646180, inode=0x7f0714000cc0
prefetcher_th: TID:9714: going to fetch from 0 for size 67458744 on file 9 total size=67458744,rasize = 1048576, stride = 0 bytes, ptr=0x7f0710000e50, ino=24646178, inode=0x7f0710000cc0
prefetcher_th: TID:9713: going to fetch from 0 for size 65339711 on file 10 total size=65339711,rasize = 1048576, stride = 0 bytes, ptr=0x7f070c000e50, ino=24646179, inode=0x7f070c000cc0
prefetcher_th: TID:9715: going to fetch from 0 for size 67460350 on file 11 total size=67460350,rasize = 1048576, stride = 0 bytes, ptr=0x7f0704000e50, ino=24646177, inode=0x7f0704000cc0
prefetcher_th: TID:9716: going to fetch from 0 for size 67458912 on file 12 total size=67458912,rasize = 1048576, stride = 0 bytes, ptr=0x7f0708000e50, ino=24646176, inode=0x7f0708000cc0
prefetcher_th: TID:9717: going to fetch from 0 for size 67459477 on file 13 total size=67459477,rasize = 1048576, stride = 0 bytes, ptr=0x7f06fc000e50, ino=24646175, inode=0x7f06fc000cc0
prefetcher_th: TID:9718: going to fetch from 0 for size 58453282 on file 14 total size=58453282,rasize = 1048576, stride = 0 bytes, ptr=0x7f06f8000e50, ino=24646174, inode=0x7f06f8000cc0
prefetcher_th: TID:9709: going to fetch from 0 for size 67458610 on file 15 total size=67458610,rasize = 1048576, stride = 0 bytes, ptr=0x55fc96500610, ino=24646173, inode=0x55fc964fa1e0
prefetcher_th: TID:9724: going to fetch from 0 for size 67458893 on file 16 total size=67458893,rasize = 1048576, stride = 0 bytes, ptr=0x7f06d0000e50, ino=24646168, inode=0x7f06d0000cc0
prefetcher_th: TID:9720: going to fetch from 0 for size 67460553 on file 17 total size=67460553,rasize = 1048576, stride = 0 bytes, ptr=0x7f06c0000e50, ino=24646166, inode=0x7f06c0000cc0
prefetcher_th: TID:9719: going to fetch from 0 for size 67459032 on file 18 total size=67459032,rasize = 1048576, stride = 0 bytes, ptr=0x7f06b8000e50, ino=24646165, inode=0x7f06b8000cc0
prefetcher_th: TID:9722: going to fetch from 0 for size 67459199 on file 19 total size=67459199,rasize = 1048576, stride = 0 bytes, ptr=0x7f06e8000e50, ino=24646171, inode=0x7f06e8000cc0
prefetcher_th: TID:9721: going to fetch from 0 for size 67460381 on file 20 total size=67460381,rasize = 1048576, stride = 0 bytes, ptr=0x7f06e0000e50, ino=24646170, inode=0x7f06e0000cc0
prefetcher_th: TID:9726: going to fetch from 0 for size 44296115 on file 21 total size=44296115,rasize = 1048576, stride = 0 bytes, ptr=0x7f06d8000e50, ino=24646169, inode=0x7f06d8000cc0
prefetcher_th: TID:9725: going to fetch from 0 for size 67457768 on file 22 total size=67457768,rasize = 1048576, stride = 0 bytes, ptr=0x7f06c8000e50, ino=24646167, inode=0x7f06c8000cc0
ERR:prefetcher_th, pg_diff==0
ERR:prefetcher_th, pg_diff==0
ERR:prefetcher_th, pg_diff==0
ERR:prefetcher_th, pg_diff==0
ERR:prefetcher_th, pg_diff==0
ERR:prefetcher_th, pg_diff==0
ERR:prefetcher_th, pg_diff==0
ERR:prefetcher_th, pg_diff==0
ERR:prefetcher_th, pg_diff==0
ERR:prefetcher_th, pg_diff==0
ERR:prefetcher_th, pg_diff==0
ERR:prefetcher_th, pg_diff==0
ERR:prefetcher_th, pg_diff==0
prefetcher_th: TID:9726: going to fetch from 0 for size 67458800 on file 23 total size=67458800,rasize = 1048576, stride = 0 bytes, ptr=0x7f06d8003aa0, ino=24646164, inode=0x7f06d8003910
prefetcher_th: TID:9709: going to fetch from 0 for size 67458668 on file 24 total size=67458668,rasize = 1048576, stride = 0 bytes, ptr=0x55fc96506650, ino=24646153, inode=0x55fc964b63a0
prefetcher_th: TID:9712: going to fetch from 0 for size 67460624 on file 25 total size=67460624,rasize = 1048576, stride = 0 bytes, ptr=0x7f0714003aa0, ino=24646152, inode=0x7f0714003910
prefetcher_th: TID:9723: going to fetch from 0 for size 67458962 on file 27 total size=67458962,rasize = 1048576, stride = 0 bytes, ptr=0x7f06f0000e50, ino=24646172, inode=0x7f06f0000cc0
prefetcher_th: TID:9719: going to fetch from 0 for size 67461878 on file 28 total size=67461878,rasize = 1048576, stride = 0 bytes, ptr=0x7f06b8003aa0, ino=24642007, inode=0x7f06b8003910
prefetcher_th: TID:9720: going to fetch from 0 for size 67460143 on file 29 total size=67460143,rasize = 1048576, stride = 0 bytes, ptr=0x7f06c0003aa0, ino=24642001, inode=0x7f06c0003910
prefetcher_th: TID:9725: going to fetch from 0 for size 67461777 on file 30 total size=67461777,rasize = 1048576, stride = 0 bytes, ptr=0x7f06c8003aa0, ino=24642005, inode=0x7f06c8003910
prefetcher_th: TID:9713: going to fetch from 0 for size 67457411 on file 31 total size=67457411,rasize = 1048576, stride = 0 bytes, ptr=0x7f070c003aa0, ino=24646154, inode=0x7f070c003910
prefetcher_th: TID:9724: going to fetch from 0 for size 67459095 on file 32 total size=67459095,rasize = 1048576, stride = 0 bytes, ptr=0x7f06d0003aa0, ino=24646155, inode=0x7f06d0003910
prefetcher_th: TID:9722: going to fetch from 0 for size 67459478 on file 33 total size=67459478,rasize = 1048576, stride = 0 bytes, ptr=0x7f06e8003aa0, ino=24646156, inode=0x7f06e8003910
prefetcher_th: TID:9716: going to fetch from 0 for size 67457977 on file 34 total size=67457977,rasize = 1048576, stride = 0 bytes, ptr=0x7f0708003aa0, ino=24646157, inode=0x7f0708003910
prefetcher_th: TID:9717: going to fetch from 0 for size 33294252 on file 35 total size=33294252,rasize = 1048576, stride = 0 bytes, ptr=0x7f06fc003aa0, ino=24646158, inode=0x7f06fc003910
prefetcher_th: TID:9715: going to fetch from 0 for size 67459198 on file 36 total size=67459198,rasize = 1048576, stride = 0 bytes, ptr=0x7f0704003aa0, ino=24646159, inode=0x7f0704003910
prefetcher_th: TID:9721: going to fetch from 0 for size 67458539 on file 37 total size=67458539,rasize = 1048576, stride = 0 bytes, ptr=0x7f06e0003aa0, ino=24646160, inode=0x7f06e0003910
prefetcher_th: TID:9714: going to fetch from 0 for size 67460859 on file 38 total size=67460859,rasize = 1048576, stride = 0 bytes, ptr=0x7f0710003aa0, ino=24646161, inode=0x7f0710003910
prefetcher_th: TID:9718: going to fetch from 0 for size 67460745 on file 39 total size=67460745,rasize = 1048576, stride = 0 bytes, ptr=0x7f06f8006410, ino=24646162, inode=0x7f06f8006280
ERR:prefetcher_th, pg_diff==0
ERR:prefetcher_th, pg_diff==0
ERR:prefetcher_th, pg_diff==0
ERR:prefetcher_th, pg_diff==0
ERR:prefetcher_th, pg_diff==0
ERR:prefetcher_th, pg_diff==0
ERR:prefetcher_th, pg_diff==0
ERR:prefetcher_th, pg_diff==0
ERR:prefetcher_th, pg_diff==0
ERR:prefetcher_th, pg_diff==0
ERR:prefetcher_th, pg_diff==0
ERR:prefetcher_th, pg_diff==0
ERR:prefetcher_th, pg_diff==0
ERR:prefetcher_th, pg_diff==0
ERR:prefetcher_th, pg_diff==0
ERR:prefetcher_th, pg_diff==0
prefetcher_th: TID:9717: going to fetch from 0 for size 48001605 on file 40 total size=48001605,rasize = 1048576, stride = 0 bytes, ptr=0x7f06fc02fd40, ino=24646163, inode=0x7f06fc02fbb0
ERR:prefetcher_th, pg_diff==0
prefetcher_th: TID:9721: going to fetch from 0 for size 67458184 on file 41 total size=67458184,rasize = 1048576, stride = 0 bytes, ptr=0x7f06e00064f0, ino=24645532, inode=0x7f06e0006360
prefetcher_th: TID:9723: going to fetch from 0 for size 67457875 on file 42 total size=67457875,rasize = 1048576, stride = 0 bytes, ptr=0x7f06f0003b30, ino=24645984, inode=0x7f06f00039a0
prefetcher_th: TID:9714: going to fetch from 0 for size 39215706 on file 43 total size=39215706,rasize = 1048576, stride = 0 bytes, ptr=0x7f07100064f0, ino=24646112, inode=0x7f0710006360
prefetcher_th: TID:9722: going to fetch from 0 for size 67456923 on file 44 total size=67456923,rasize = 1048576, stride = 0 bytes, ptr=0x7f06e80064f0, ino=24646111, inode=0x7f06e8006360
prefetcher_th: TID:9715: going to fetch from 0 for size 67457029 on file 45 total size=67457029,rasize = 1048576, stride = 0 bytes, ptr=0x7f07040064f0, ino=24646110, inode=0x7f0704006360
prefetcher_th: TID:9719: going to fetch from 0 for size 67457907 on file 46 total size=67457907,rasize = 1048576, stride = 0 bytes, ptr=0x7f06b80064f0, ino=24646108, inode=0x7f06b8006360
ERR:prefetcher_th, pg_diff==0
prefetcher_th: TID:9725: going to fetch from 0 for size 67456598 on file 48 total size=67456598,rasize = 1048576, stride = 0 bytes, ptr=0x7f06c80064f0, ino=24645503, inode=0x7f06c8006360
prefetcher_th: TID:9720: going to fetch from 0 for size 67456402 on file 49 total size=67456402,rasize = 1048576, stride = 0 bytes, ptr=0x7f06c00064f0, ino=24645837, inode=0x7f06c0006360
ERR:prefetcher_th, pg_diff==0
prefetcher_th: TID:9724: going to fetch from 0 for size 67456276 on file 50 total size=67456276,rasize = 1048576, stride = 0 bytes, ptr=0x7f06d00064f0, ino=24646002, inode=0x7f06d0006360
prefetcher_th: TID:9726: going to fetch from 0 for size 67456461 on file 51 total size=67456461,rasize = 1048576, stride = 0 bytes, ptr=0x7f06d80064f0, ino=24646000, inode=0x7f06d8006360
prefetcher_th: TID:9716: going to fetch from 0 for size 67456173 on file 52 total size=67456173,rasize = 1048576, stride = 0 bytes, ptr=0x7f07080064f0, ino=24646003, inode=0x7f0708006360
prefetcher_th: TID:9712: going to fetch from 0 for size 19460618 on file 53 total size=19460618,rasize = 1048576, stride = 0 bytes, ptr=0x7f07140064f0, ino=24645502, inode=0x7f0714006360
prefetcher_th: TID:9709: going to fetch from 0 for size 67456827 on file 54 total size=67456827,rasize = 1048576, stride = 0 bytes, ptr=0x55fc96508660, ino=24645766, inode=0x55fc964b6bf0
ERR:prefetcher_th, pg_diff==0
ERR:prefetcher_th, pg_diff==0
ERR:prefetcher_th, pg_diff==0
ERR:prefetcher_th, pg_diff==0
ERR:prefetcher_th, pg_diff==0
ERR:prefetcher_th, pg_diff==0
ERR:prefetcher_th, pg_diff==0
ERR:prefetcher_th, pg_diff==0
ERR:prefetcher_th, pg_diff==0
ERR:prefetcher_th, pg_diff==0
prefetcher_th: TID:9717: going to fetch from 0 for size 67458376 on file 55 total size=67458376,rasize = 1048576, stride = 0 bytes, ptr=0x7f06fc032700, ino=24645924, inode=0x7f06fc032570
ERR:prefetcher_th, pg_diff==0
prefetcher_th: TID:9714: going to fetch from 0 for size 67456898 on file 56 total size=67456898,rasize = 1048576, stride = 0 bytes, ptr=0x7f0710132a00, ino=24645999, inode=0x7f071000a800
ERR:prefetcher_th, pg_diff==0
prefetcher_th: TID:9721: going to fetch from 0 for size 67457334 on file 57 total size=67457334,rasize = 1048576, stride = 0 bytes, ptr=0x7f06e000a740, ino=24646099, inode=0x7f06e00099d0
ERR:prefetcher_th, pg_diff==0
prefetcher_th: TID:9723: going to fetch from 0 for size 67456914 on file 58 total size=67456914,rasize = 1048576, stride = 0 bytes, ptr=0x7f06f0007e60, ino=24645762, inode=0x7f06f0007020
ERR:prefetcher_th, pg_diff==0
prefetcher_th: TID:9722: going to fetch from 0 for size 67456444 on file 59 total size=67456444,rasize = 1048576, stride = 0 bytes, ptr=0x7f06e800a850, ino=24645985, inode=0x7f06e8009a10
prefetcher_th: TID:9715: going to fetch from 0 for size 67457271 on file 60 total size=67457271,rasize = 1048576, stride = 0 bytes, ptr=0x7f070400a850, ino=24645648, inode=0x7f0704009a10
ERR:prefetcher_th, pg_diff==0
prefetcher_th: TID:9719: going to fetch from 0 for size 67457742 on file 61 total size=67457742,rasize = 1048576, stride = 0 bytes, ptr=0x7f06b800a850, ino=24645982, inode=0x7f06b8009a10
ERR:prefetcher_th, pg_diff==0
ERR:prefetcher_th, pg_diff==0
prefetcher_th: TID:9712: going to fetch from 0 for size 67456831 on file 62 total size=67456831,rasize = 1048576, stride = 0 bytes, ptr=0x7f07140c10f0, ino=24645689, inode=0x7f071400a840
prefetcher_th: TID:9720: going to fetch from 0 for size 63437591 on file 63 total size=63437591,rasize = 1048576, stride = 0 bytes, ptr=0x7f06c000a850, ino=24645506, inode=0x7f06c0009a10
ERR:prefetcher_th, pg_diff==0
prefetcher_th: TID:9725: going to fetch from 0 for size 67456584 on file 64 total size=67456584,rasize = 1048576, stride = 0 bytes, ptr=0x7f06c800a850, ino=24646007, inode=0x7f06c8009a10
prefetcher_th: TID:9724: going to fetch from 0 for size 67456278 on file 65 total size=67456278,rasize = 1048576, stride = 0 bytes, ptr=0x7f06d000a850, ino=24645505, inode=0x7f06d0009a10
prefetcher_th: TID:9718: going to fetch from 0 for size 67457816 on file 66 total size=67457816,rasize = 1048576, stride = 0 bytes, ptr=0x7f06f8008e60, ino=24645932, inode=0x7f06f8008cd0
ERR:prefetcher_th, pg_diff==0
ERR:prefetcher_th, pg_diff==0
ERR:prefetcher_th, pg_diff==0
prefetcher_th: TID:9726: going to fetch from 0 for size 67457064 on file 67 total size=67457064,rasize = 1048576, stride = 0 bytes, ptr=0x7f06d800a850, ino=24646006, inode=0x7f06d8009a10
ERR:prefetcher_th, pg_diff==0
prefetcher_th: TID:9709: going to fetch from 0 for size 67457287 on file 68 total size=67457287,rasize = 1048576, stride = 0 bytes, ptr=0x55fc965a6220, ino=24645866, inode=0x55fc9650aa00
prefetcher_th: TID:9716: going to fetch from 0 for size 67456841 on file 69 total size=67456841,rasize = 1048576, stride = 0 bytes, ptr=0x7f070800a850, ino=24645865, inode=0x7f0708009a10
ERR:prefetcher_th, pg_diff==0
ERR:prefetcher_th, pg_diff==0
prefetcher_th: TID:9717: going to fetch from 0 for size 67458458 on file 70 total size=67458458,rasize = 1048576, stride = 0 bytes, ptr=0x7f06fc036a60, ino=24645531, inode=0x7f06fc035c20
prefetcher_th: TID:9713: going to fetch from 0 for size 67457039 on file 71 total size=67457039,rasize = 1048576, stride = 0 bytes, ptr=0x7f070c00ab70, ino=24646096, inode=0x7f070c00aa00
ERR:prefetcher_th, pg_diff==0
ERR:prefetcher_th, pg_diff==0
prefetcher_th: TID:9714: going to fetch from 0 for size 67457294 on file 72 total size=67457294,rasize = 1048576, stride = 0 bytes, ptr=0x7f071000a970, ino=24645864, inode=0x7f0710134fd0
ERR:prefetcher_th, pg_diff==0
prefetcher_th: TID:9721: going to fetch from 0 for size 67456622 on file 73 total size=67456622,rasize = 1048576, stride = 0 bytes, ptr=0x7f06e000dd50, ino=24645697, inode=0x7f06e0009dd0
ERR:prefetcher_th, pg_diff==0
prefetcher_th: TID:9723: going to fetch from 0 for size 67458001 on file 74 total size=67458001,rasize = 1048576, stride = 0 bytes, ptr=0x7f06f000b0b0, ino=24646109, inode=0x7f06f000a400
ERR:prefetcher_th, pg_diff==0
prefetcher_th: TID:9722: going to fetch from 0 for size 55583482 on file 75 total size=55583482,rasize = 1048576, stride = 0 bytes, ptr=0x7f06e800da60, ino=24645714, inode=0x7f06e800cdf0
ERR:prefetcher_th, pg_diff==0
prefetcher_th: TID:9715: going to fetch from 0 for size 67458507 on file 76 total size=67458507,rasize = 1048576, stride = 0 bytes, ptr=0x7f070400da60, ino=24645881, inode=0x7f070400cdf0
ERR:prefetcher_th, pg_diff==0
prefetcher_th: TID:9719: going to fetch from 0 for size 67457121 on file 77 total size=67457121,rasize = 1048576, stride = 0 bytes, ptr=0x7f06b800da60, ino=24645863, inode=0x7f06b800cdf0
ERR:prefetcher_th, pg_diff==0
prefetcher_th: TID:9712: going to fetch from 0 for size 67457375 on file 78 total size=67457375,rasize = 1048576, stride = 0 bytes, ptr=0x7f07140c4790, ino=24645705, inode=0x7f0714009ae0
ERR:prefetcher_th, pg_diff==0
prefetcher_th: TID:9720: going to fetch from 0 for size 67457717 on file 79 total size=67457717,rasize = 1048576, stride = 0 bytes, ptr=0x7f06c000da60, ino=24645855, inode=0x7f06c000cdf0
ERR:prefetcher_th, pg_diff==0
prefetcher_th: TID:9718: going to fetch from 0 for size 67456581 on file 80 total size=67456581,rasize = 1048576, stride = 0 bytes, ptr=0x7f06f800d1c0, ino=24645861, inode=0x7f06f800c380
prefetcher_th: TID:9724: going to fetch from 0 for size 67456892 on file 81 total size=67456892,rasize = 1048576, stride = 0 bytes, ptr=0x7f06d000da60, ino=24646116, inode=0x7f06d000cdf0
ERR:prefetcher_th, pg_diff==0
ERR:prefetcher_th, pg_diff==0
prefetcher_th: TID:9716: going to fetch from 0 for size 67457063 on file 82 total size=67457063,rasize = 1048576, stride = 0 bytes, ptr=0x7f070800da60, ino=24645948, inode=0x7f070800cdf0
prefetcher_th: TID:9709: going to fetch from 0 for size 67457232 on file 83 total size=67457232,rasize = 1048576, stride = 0 bytes, ptr=0x55fc965a9090, ino=24646127, inode=0x55fc965a83e0
ERR:prefetcher_th, pg_diff==0
ERR:prefetcher_th, pg_diff==0
prefetcher_th: TID:9717: going to fetch from 0 for size 67457043 on file 84 total size=67457043,rasize = 1048576, stride = 0 bytes, ptr=0x7f06fc039c70, ino=24645859, inode=0x7f06fc039000
prefetcher_th: TID:9713: going to fetch from 0 for size 58798647 on file 85 total size=58798647,rasize = 1048576, stride = 0 bytes, ptr=0x7f070c00e2e0, ino=24645857, inode=0x7f070c00d5b0
ERR:prefetcher_th, pg_diff==0
ERR:prefetcher_th, pg_diff==0
prefetcher_th: TID:9714: going to fetch from 0 for size 67456124 on file 86 total size=67456124,rasize = 1048576, stride = 0 bytes, ptr=0x7f071000c9f0, ino=24645757, inode=0x7f0710136810
ERR:prefetcher_th, pg_diff==0
prefetcher_th: TID:9721: going to fetch from 0 for size 67456194 on file 87 total size=67456194,rasize = 1048576, stride = 0 bytes, ptr=0x7f06e0010e90, ino=24646094, inode=0x7f06e0010480
prefetcher_th: TID:9722: going to fetch from 0 for size 56660844 on file 89 total size=56660844,rasize = 1048576, stride = 0 bytes, ptr=0x7f06e80110b0, ino=24645593, inode=0x7f06e8010f40
ERR:prefetcher_th, pg_diff==0
ERR:prefetcher_th, pg_diff==0
prefetcher_th: TID:9723: going to fetch from 0 for size 67458035 on file 90 total size=67458035,rasize = 1048576, stride = 0 bytes, ptr=0x7f06f000e610, ino=24646125, inode=0x7f06f000a710
ERR:prefetcher_th, pg_diff==0
prefetcher_th: TID:9719: going to fetch from 0 for size 22773579 on file 91 total size=22773579,rasize = 1048576, stride = 0 bytes, ptr=0x7f06b8010f40, ino=24645624, inode=0x7f06b800d0c0
prefetcher_th: TID:9715: going to fetch from 0 for size 67457708 on file 92 total size=67457708,rasize = 1048576, stride = 0 bytes, ptr=0x7f0704010f40, ino=24645977, inode=0x7f070400d0c0
ERR:prefetcher_th, pg_diff==0
prefetcher_th: TID:9720: going to fetch from 0 for size 67458136 on file 93 total size=67458136,rasize = 1048576, stride = 0 bytes, ptr=0x7f06c0010f40, ino=24646128, inode=0x7f06c000d0c0
ERR:prefetcher_th, pg_diff==0
prefetcher_th: TID:9724: going to fetch from 0 for size 67457288 on file 94 total size=67457288,rasize = 1048576, stride = 0 bytes, ptr=0x7f06d0010f40, ino=24645986, inode=0x7f06d000d0c0
prefetcher_th: TID:9718: going to fetch from 0 for size 67456225 on file 95 total size=67456225,rasize = 1048576, stride = 0 bytes, ptr=0x7f06f80238e0, ino=24646126, inode=0x7f06f800f760
ERR:prefetcher_th, pg_diff==0
ERR:prefetcher_th, pg_diff==0
prefetcher_th: TID:9709: going to fetch from 0 for size 67457769 on file 96 total size=67457769,rasize = 1048576, stride = 0 bytes, ptr=0x55fc965ac5a0, ino=24645504, inode=0x55fc965a86f0
prefetcher_th: TID:9716: going to fetch from 0 for size 67457502 on file 97 total size=67457502,rasize = 1048576, stride = 0 bytes, ptr=0x7f0708010f40, ino=24646005, inode=0x7f070800d0c0
ERR:prefetcher_th, pg_diff==0
ERR:prefetcher_th, pg_diff==0
prefetcher_th: TID:9713: going to fetch from 0 for size 67457148 on file 98 total size=67457148,rasize = 1048576, stride = 0 bytes, ptr=0x7f070c011530, ino=24646113, inode=0x7f070c0108c0
ERR:prefetcher_th, pg_diff==0
prefetcher_th: TID:9714: going to fetch from 0 for size 67456553 on file 99 total size=67456553,rasize = 1048576, stride = 0 bytes, ptr=0x7f071000fdc0, ino=24646114, inode=0x7f071000f440
prefetcher_th: TID:9712: going to fetch from 0 for size 67457929 on file 100 total size=67457929,rasize = 1048576, stride = 0 bytes, ptr=0x7f07140c79d0, ino=24645854, inode=0x7f07140c6d20
ERR:prefetcher_th, pg_diff==0
ERR:prefetcher_th, pg_diff==0
prefetcher_th: TID:9725: going to fetch from 0 for size 67456565 on file 101 total size=67456565,rasize = 1048576, stride = 0 bytes, ptr=0x7f06c8011440, ino=24645860, inode=0x7f06c80112d0
prefetcher_th: TID:9726: going to fetch from 0 for size 67456496 on file 102 total size=67456496,rasize = 1048576, stride = 0 bytes, ptr=0x7f06d800da60, ino=24646115, inode=0x7f06d800cdf0
ERR:prefetcher_th, pg_diff==0
ERR:prefetcher_th, pg_diff==0
prefetcher_th: TID:9722: going to fetch from 0 for size 67457643 on file 104 total size=67457643,rasize = 1048576, stride = 0 bytes, ptr=0x7f06e8014200, ino=24646001, inode=0x7f06e800d0c0
prefetcher_th: TID:9717: going to fetch from 0 for size 26510907 on file 105 total size=26510907,rasize = 1048576, stride = 0 bytes, ptr=0x7f06fc03d150, ino=24645978, inode=0x7f06fc0392d0
ERR:prefetcher_th, pg_diff==0
ERR:prefetcher_th, pg_diff==0
prefetcher_th: TID:9723: going to fetch from 0 for size 67456518 on file 106 total size=67456518,rasize = 1048576, stride = 0 bytes, ptr=0x7f06f0011700, ino=24645761, inode=0x7f06f0010d20
ERR:prefetcher_th, pg_diff==0
prefetcher_th: TID:9719: going to fetch from 0 for size 67457393 on file 107 total size=67457393,rasize = 1048576, stride = 0 bytes, ptr=0x7f06b8110d70, ino=24646098, inode=0x7f06b8014470
ERR:prefetcher_th, pg_diff==0
prefetcher_th: TID:9715: going to fetch from 0 for size 67456044 on file 108 total size=67456044,rasize = 1048576, stride = 0 bytes, ptr=0x7f0704013ff0, ino=24645628, inode=0x7f0704013610
ERR:prefetcher_th, pg_diff==0
prefetcher_th: TID:9720: going to fetch from 0 for size 67457260 on file 109 total size=67457260,rasize = 1048576, stride = 0 bytes, ptr=0x7f06c0013ff0, ino=24645753, inode=0x7f06c0013610
ERR:prefetcher_th, pg_diff==0
prefetcher_th: TID:9718: going to fetch from 0 for size 17108679 on file 111 total size=17108679,rasize = 1048576, stride = 0 bytes, ptr=0x7f06f80258f0, ino=24645629, inode=0x7f06f8010e90
ERR:prefetcher_th, pg_diff==0
prefetcher_th: TID:9709: going to fetch from 0 for size 67458584 on file 112 total size=67458584,rasize = 1048576, stride = 0 bytes, ptr=0x55fc965af630, ino=24645530, inode=0x55fc965aec50
ERR:prefetcher_th, pg_diff==0
prefetcher_th: TID:9713: going to fetch from 0 for size 67456604 on file 114 total size=67456604,rasize = 1048576, stride = 0 bytes, ptr=0x7f070c027750, ino=24645767, inode=0x7f070c013c40
ERR:prefetcher_th, pg_diff==0
prefetcher_th: TID:9714: going to fetch from 0 for size 67457653 on file 115 total size=67457653,rasize = 1048576, stride = 0 bytes, ptr=0x7f07100131d0, ino=24646104, inode=0x7f0710013060
prefetcher_th: TID:9712: going to fetch from 0 for size 67457812 on file 116 total size=67457812,rasize = 1048576, stride = 0 bytes, ptr=0x7f07140cab60, ino=24645768, inode=0x7f07140c9ef0
ERR:prefetcher_th, pg_diff==0
ERR:prefetcher_th, pg_diff==0
prefetcher_th: TID:9726: going to fetch from 0 for size 67456796 on file 118 total size=67456796,rasize = 1048576, stride = 0 bytes, ptr=0x7f06d8010f40, ino=24646106, inode=0x7f06d800d0c0
ERR:prefetcher_th, pg_diff==0
prefetcher_th: TID:9717: going to fetch from 0 for size 67455839 on file 119 total size=67455839,rasize = 1048576, stride = 0 bytes, ptr=0x7f06fc15ca40, ino=24646095, inode=0x7f06fc03fc00
ERR:prefetcher_th, pg_diff==0
prefetcher_th: TID:9724: going to fetch from 0 for size 29265310 on file 120 total size=29265310,rasize = 1048576, stride = 0 bytes, ptr=0x7f06d00179a0, ino=24646107, inode=0x7f06d0017830
prefetcher_th: TID:9719: going to fetch from 0 for size 67455840 on file 121 total size=67455840,rasize = 1048576, stride = 0 bytes, ptr=0x7f06b8113ea0, ino=24645652, inode=0x7f06b8113420
ERR:prefetcher_th, pg_diff==0
prefetcher_th: TID:9723: going to fetch from 0 for size 58737562 on file 122 total size=58737562,rasize = 1048576, stride = 0 bytes, ptr=0x7f06f0014ae0, ino=24645995, inode=0x7f06f0010e90
ERR:prefetcher_th, pg_diff==0
prefetcher_th: TID:9718: going to fetch from 0 for size 67458013 on file 123 total size=67458013,rasize = 1048576, stride = 0 bytes, ptr=0x7f06f80291f0, ino=24645990, inode=0x7f06f8029080
ERR:prefetcher_th, pg_diff==0
prefetcher_th: TID:9716: going to fetch from 0 for size 67457145 on file 124 total size=67457145,rasize = 1048576, stride = 0 bytes, ptr=0x7f0708046b80, ino=24645991, inode=0x7f0708017830
prefetcher_th: TID:9721: going to fetch from 0 for size 67458006 on file 125 total size=67458006,rasize = 1048576, stride = 0 bytes, ptr=0x7f06e0017bf0, ino=24646105, inode=0x7f06e0017a80
prefetcher_th: TID:9709: going to fetch from 0 for size 67456380 on file 126 total size=67456380,rasize = 1048576, stride = 0 bytes, ptr=0x55fc965b2a80, ino=24645992, inode=0x55fc965aedc0
prefetcher_th: TID:9720: going to fetch from 0 for size 67457950 on file 127 total size=67457950,rasize = 1048576, stride = 0 bytes, ptr=0x7f06c00174a0, ino=24645822, inode=0x7f06c0013780
ERR:prefetcher_th, pg_diff==0
ERR:prefetcher_th, pg_diff==0
ERR:prefetcher_th, pg_diff==0
ERR:prefetcher_th, pg_diff==0
prefetcher_th: TID:9713: going to fetch from 0 for size 67457155 on file 128 total size=67457155,rasize = 1048576, stride = 0 bytes, ptr=0x7f070c029840, ino=24645975, inode=0x7f070c015200
ERR:prefetcher_th, pg_diff==0
prefetcher_th: TID:9725: going to fetch from 0 for size 67456248 on file 129 total size=67456248,rasize = 1048576, stride = 0 bytes, ptr=0x7f06c8017580, ino=24645976, inode=0x7f06c8016ba0
prefetcher_th: TID:9712: going to fetch from 0 for size 67456721 on file 130 total size=67456721,rasize = 1048576, stride = 0 bytes, ptr=0x7f07140cdc30, ino=24645858, inode=0x7f07140cd1f0
prefetcher_th: TID:9715: going to fetch from 0 for size 67456885 on file 131 total size=67456885,rasize = 1048576, stride = 0 bytes, ptr=0x7f07040174a0, ino=24645989, inode=0x7f0704013780
prefetcher_th: TID:9714: going to fetch from 0 for size 67457460 on file 132 total size=67457460,rasize = 1048576, stride = 0 bytes, ptr=0x7f0710016660, ino=24645650, inode=0x7f07100164f0
ERR:prefetcher_th, pg_diff==0
ERR:prefetcher_th, pg_diff==0
ERR:prefetcher_th, pg_diff==0
ERR:prefetcher_th, pg_diff==0
prefetcher_th: TID:9726: going to fetch from 0 for size 67457289 on file 133 total size=67457289,rasize = 1048576, stride = 0 bytes, ptr=0x7f06d8013ff0, ino=24645987, inode=0x7f06d8013610
ERR:prefetcher_th, pg_diff==0
prefetcher_th: TID:9717: going to fetch from 0 for size 67457034 on file 134 total size=67457034,rasize = 1048576, stride = 0 bytes, ptr=0x7f06fc15fef0, ino=24645651, inode=0x7f06fc03fd70
ERR:prefetcher_th, pg_diff==0
prefetcher_th: TID:9724: going to fetch from 0 for size 46987533 on file 135 total size=46987533,rasize = 1048576, stride = 0 bytes, ptr=0x7f06d011e110, ino=24645988, inode=0x7f06d0013780
ERR:prefetcher_th, pg_diff==0
prefetcher_th: TID:9719: going to fetch from 0 for size 67457914 on file 136 total size=67457914,rasize = 1048576, stride = 0 bytes, ptr=0x7f06b81172c0, ino=24645856, inode=0x7f06b8113590
ERR:prefetcher_th, pg_diff==0
prefetcher_th: TID:9723: going to fetch from 0 for size 67457772 on file 137 total size=67457772,rasize = 1048576, stride = 0 bytes, ptr=0x7f06f0017e60, ino=24645519, inode=0x7f06f0014200
ERR:prefetcher_th, pg_diff==0
prefetcher_th: TID:9718: going to fetch from 0 for size 67456754 on file 138 total size=67456754,rasize = 1048576, stride = 0 bytes, ptr=0x7f06f802c570, ino=24646078, inode=0x7f06f802bd10
ERR:prefetcher_th, pg_diff==0
prefetcher_th: TID:9716: going to fetch from 0 for size 67456598 on file 139 total size=67456598,rasize = 1048576, stride = 0 bytes, ptr=0x7f0708049f00, ino=24645577, inode=0x7f0708013780
prefetcher_th: TID:9709: going to fetch from 0 for size 67456064 on file 140 total size=67456064,rasize = 1048576, stride = 0 bytes, ptr=0x55fc965b5e00, ino=24645585, inode=0x55fc965b2100
prefetcher_th: TID:9721: going to fetch from 0 for size 67458061 on file 141 total size=67458061,rasize = 1048576, stride = 0 bytes, ptr=0x7f06e001ae90, ino=24645972, inode=0x7f06e00139f0
prefetcher_th: TID:9722: going to fetch from 0 for size 67457747 on file 142 total size=67457747,rasize = 1048576, stride = 0 bytes, ptr=0x7f06e80171f0, ino=24645758, inode=0x7f06e8016810
ERR:prefetcher_th, pg_diff==0
ERR:prefetcher_th, pg_diff==0
ERR:prefetcher_th, pg_diff==0
ERR:prefetcher_th, pg_diff==0
prefetcher_th: TID:9713: going to fetch from 0 for size 67457791 on file 143 total size=67457791,rasize = 1048576, stride = 0 bytes, ptr=0x7f070c02cc40, ino=24645471, inode=0x7f070c02cad0
ERR:prefetcher_th, pg_diff==0
prefetcher_th: TID:9712: going to fetch from 0 for size 67456736 on file 145 total size=67456736,rasize = 1048576, stride = 0 bytes, ptr=0x7f07140d1030, ino=24645806, inode=0x7f07140d0730
prefetcher_th: TID:9715: going to fetch from 0 for size 67457309 on file 146 total size=67457309,rasize = 1048576, stride = 0 bytes, ptr=0x7f070401a820, ino=24645397, inode=0x7f0704016b20
ERR:prefetcher_th, pg_diff==0
ERR:prefetcher_th, pg_diff==0
prefetcher_th: TID:9714: going to fetch from 0 for size 67456516 on file 147 total size=67456516,rasize = 1048576, stride = 0 bytes, ptr=0x7f0710019a10, ino=24645814, inode=0x7f07100198a0
ERR:prefetcher_th, pg_diff==0
prefetcher_th: TID:9724: going to fetch from 0 for size 56329212 on file 148 total size=56329212,rasize = 1048576, stride = 0 bytes, ptr=0x7f06d0120120, ino=24645830, inode=0x7f06d0016eb0
prefetcher_th: TID:9717: going to fetch from 0 for size 67457337 on file 149 total size=67457337,rasize = 1048576, stride = 0 bytes, ptr=0x7f06fc041460, ino=24645997, inode=0x7f06fc15f570
ERR:prefetcher_th, pg_diff==0
prefetcher_th: TID:9719: going to fetch from 0 for size 67458235 on file 150 total size=67458235,rasize = 1048576, stride = 0 bytes, ptr=0x7f06b811a680, ino=24646008, inode=0x7f06b81169a0
prefetcher_th: TID:9726: going to fetch from 0 for size 67457619 on file 151 total size=67457619,rasize = 1048576, stride = 0 bytes, ptr=0x7f06d80174a0, ino=24645981, inode=0x7f06d8013780
ERR:prefetcher_th, pg_diff==0
ERR:prefetcher_th, pg_diff==0
prefetcher_th: TID:9718: going to fetch from 0 for size 67457191 on file 152 total size=67457191,rasize = 1048576, stride = 0 bytes, ptr=0x7f06f802f870, ino=24646009, inode=0x7f06f8011000
ERR:prefetcher_th, pg_diff==0
prefetcher_th: TID:9716: going to fetch from 0 for size 67456810 on file 154 total size=67456810,rasize = 1048576, stride = 0 bytes, ptr=0x7f070804d1a0, ino=24645509, inode=0x7f0708016eb0
ERR:prefetcher_th, pg_diff==0
prefetcher_th: TID:9709: going to fetch from 0 for size 67457170 on file 155 total size=67457170,rasize = 1048576, stride = 0 bytes, ptr=0x55fc965b9210, ino=24646100, inode=0x55fc965b90a0
ERR:prefetcher_th, pg_diff==0
prefetcher_th: TID:9722: going to fetch from 0 for size 67457107 on file 156 total size=67457107,rasize = 1048576, stride = 0 bytes, ptr=0x7f06e801a5d0, ino=24645764, inode=0x7f06e8016980
prefetcher_th: TID:9720: going to fetch from 0 for size 67456079 on file 157 total size=67456079,rasize = 1048576, stride = 0 bytes, ptr=0x7f06c001a820, ino=24645752, inode=0x7f06c0016b20
prefetcher_th: TID:9721: going to fetch from 0 for size 67456735 on file 158 total size=67456735,rasize = 1048576, stride = 0 bytes, ptr=0x7f06e001e1e0, ino=24646101, inode=0x7f06e001e070
ERR:prefetcher_th, pg_diff==0
ERR:prefetcher_th, pg_diff==0
prefetcher_th: TID:9725: going to fetch from 0 for size 18101872 on file 159 total size=18101872,rasize = 1048576, stride = 0 bytes, ptr=0x7f06c801ddb0, ino=24646102, inode=0x7f06c801dc40
ERR:prefetcher_th, pg_diff==0
ERR:prefetcher_th, pg_diff==0
prefetcher_th: TID:9712: going to fetch from 0 for size 42397805 on file 160 total size=42397805,rasize = 1048576, stride = 0 bytes, ptr=0x7f07140d44a0, ino=24646086, inode=0x7f07140d4330
prefetcher_th: TID:9715: going to fetch from 0 for size 67457351 on file 161 total size=67457351,rasize = 1048576, stride = 0 bytes, ptr=0x7f070401dc30, ino=24645749, inode=0x7f070401dac0
ERR:prefetcher_th, pg_diff==0
prefetcher_th: TID:9714: going to fetch from 0 for size 67456497 on file 162 total size=67456497,rasize = 1048576, stride = 0 bytes, ptr=0x7f071001cd00, ino=24645750, inode=0x7f071001cb90
ERR:prefetcher_th, pg_diff==0
prefetcher_th: TID:9717: going to fetch from 0 for size 67457771 on file 164 total size=67457771,rasize = 1048576, stride = 0 bytes, ptr=0x7f06fc044890, ino=24645974, inode=0x7f06fc044720
ERR:prefetcher_th, pg_diff==0
prefetcher_th: TID:9719: going to fetch from 0 for size 19583451 on file 165 total size=19583451,rasize = 1048576, stride = 0 bytes, ptr=0x7f06b811dab0, ino=24645300, inode=0x7f06b811d940
prefetcher_th: TID:9726: going to fetch from 0 for size 67456466 on file 166 total size=67456466,rasize = 1048576, stride = 0 bytes, ptr=0x7f06d801a820, ino=24646129, inode=0x7f06d8016b20
prefetcher_th: TID:9723: going to fetch from 0 for size 67456460 on file 167 total size=67456460,rasize = 1048576, stride = 0 bytes, ptr=0x7f06f004b7b0, ino=24645455, inode=0x7f06f001e7e0
ERR:prefetcher_th, pg_diff==0
ERR:prefetcher_th, pg_diff==0
prefetcher_th: TID:9718: going to fetch from 0 for size 67456029 on file 168 total size=67456029,rasize = 1048576, stride = 0 bytes, ptr=0x7f06f8032ab0, ino=24646123, inode=0x7f06f8028700
ERR:prefetcher_th, pg_diff==0
prefetcher_th: TID:9709: going to fetch from 0 for size 67456795 on file 169 total size=67456795,rasize = 1048576, stride = 0 bytes, ptr=0x55fc965bc560, ino=24645463, inode=0x55fc965bc3f0
prefetcher_th: TID:9716: going to fetch from 0 for size 67456694 on file 170 total size=67456694,rasize = 1048576, stride = 0 bytes, ptr=0x7f07080504f0, ino=24645956, inode=0x7f0708050380
ERR:prefetcher_th, pg_diff==0
ERR:prefetcher_th, pg_diff==0
prefetcher_th: TID:9722: going to fetch from 0 for size 67455891 on file 171 total size=67455891,rasize = 1048576, stride = 0 bytes, ptr=0x7f06e801d8b0, ino=24645627, inode=0x7f06e8019c90
ERR:prefetcher_th, pg_diff==0
prefetcher_th: TID:9720: going to fetch from 0 for size 67456472 on file 172 total size=67456472,rasize = 1048576, stride = 0 bytes, ptr=0x7f06c001dc30, ino=24645964, inode=0x7f06c001dac0
prefetcher_th: TID:9725: going to fetch from 0 for size 67456746 on file 174 total size=67456746,rasize = 1048576, stride = 0 bytes, ptr=0x7f06c8047a70, ino=24645884, inode=0x7f06c801a020
ERR:prefetcher_th, pg_diff==0
ERR:prefetcher_th, pg_diff==0
prefetcher_th: TID:9721: going to fetch from 0 for size 67457983 on file 175 total size=67457983,rasize = 1048576, stride = 0 bytes, ptr=0x7f06e0021530, ino=24645885, inode=0x7f06e00213c0
ERR:prefetcher_th, pg_diff==0
prefetcher_th: TID:9712: going to fetch from 0 for size 67456399 on file 176 total size=67456399,rasize = 1048576, stride = 0 bytes, ptr=0x7f07140d7850, ino=24645886, inode=0x7f07140d76e0
ERR:prefetcher_th, pg_diff==0
prefetcher_th: TID:9715: going to fetch from 0 for size 67458229 on file 177 total size=67458229,rasize = 1048576, stride = 0 bytes, ptr=0x7f0704020f80, ino=24645887, inode=0x7f0704020e10
ERR:prefetcher_th, pg_diff==0
prefetcher_th: TID:9724: going to fetch from 0 for size 67457826 on file 178 total size=67457826,rasize = 1048576, stride = 0 bytes, ptr=0x7f06d00512c0, ino=24646120, inode=0x7f06d0051150
prefetcher_th: TID:9714: going to fetch from 0 for size 67457505 on file 179 total size=67457505,rasize = 1048576, stride = 0 bytes, ptr=0x7f071001fff0, ino=24646121, inode=0x7f071001fe80
ERR:prefetcher_th, pg_diff==0
ERR:prefetcher_th, pg_diff==0
prefetcher_th: TID:9717: going to fetch from 0 for size 67457155 on file 180 total size=67457155,rasize = 1048576, stride = 0 bytes, ptr=0x7f06fc047be0, ino=24646122, inode=0x7f06fc047a70
prefetcher_th: TID:9719: going to fetch from 0 for size 64451404 on file 181 total size=64451404,rasize = 1048576, stride = 0 bytes, ptr=0x7f06b8054bc0, ino=24646124, inode=0x7f06b8054a50
ERR:prefetcher_th, pg_diff==0
prefetcher_th: TID:9726: going to fetch from 0 for size 67457746 on file 182 total size=67457746,rasize = 1048576, stride = 0 bytes, ptr=0x7f06d801dc30, ino=24645623, inode=0x7f06d801dac0
ERR:prefetcher_th, pg_diff==0
prefetcher_th: TID:9723: going to fetch from 0 for size 67458062 on file 183 total size=67458062,rasize = 1048576, stride = 0 bytes, ptr=0x7f06f004eb00, ino=24645979, inode=0x7f06f004e990
ERR:prefetcher_th, pg_diff==0
prefetcher_th: TID:9718: going to fetch from 0 for size 67456703 on file 184 total size=67456703,rasize = 1048576, stride = 0 bytes, ptr=0x7f06f8035da0, ino=24645980, inode=0x7f06f8035c30
ERR:prefetcher_th, pg_diff==0
prefetcher_th: TID:9709: going to fetch from 0 for size 36610378 on file 185 total size=36610378,rasize = 1048576, stride = 0 bytes, ptr=0x55fc965bf8b0, ino=24645983, inode=0x55fc965bf740
prefetcher_th: TID:9713: going to fetch from 0 for size 67458577 on file 186 total size=67458577,rasize = 1048576, stride = 0 bytes, ptr=0x7f070c033400, ino=24645754, inode=0x7f070c033290
prefetcher_th: TID:9722: going to fetch from 0 for size 67458281 on file 187 total size=67458281,rasize = 1048576, stride = 0 bytes, ptr=0x7f06e8020c80, ino=24645755, inode=0x7f06e8020b10
ERR:prefetcher_th, pg_diff==0
ERR:prefetcher_th, pg_diff==0
prefetcher_th: TID:9720: going to fetch from 0 for size 47522667 on file 188 total size=47522667,rasize = 1048576, stride = 0 bytes, ptr=0x7f06c0020f80, ino=24645419, inode=0x7f06c0020e10
ERR:prefetcher_th, pg_diff==0
prefetcher_th: TID:9716: going to fetch from 0 for size 67456890 on file 190 total size=67456890,rasize = 1048576, stride = 0 bytes, ptr=0x7f0708053840, ino=24646091, inode=0x7f07080536d0
ERR:prefetcher_th, pg_diff==0
prefetcher_th: TID:9721: going to fetch from 0 for size 67456439 on file 191 total size=67456439,rasize = 1048576, stride = 0 bytes, ptr=0x7f06e0024850, ino=24645394, inode=0x7f06e00246e0
ERR:prefetcher_th, pg_diff==0
prefetcher_th: TID:9715: going to fetch from 0 for size 67456838 on file 192 total size=67456838,rasize = 1048576, stride = 0 bytes, ptr=0x7f07040242d0, ino=24645996, inode=0x7f0704024160
ERR:prefetcher_th, pg_diff==0
prefetcher_th: TID:9724: going to fetch from 0 for size 38690868 on file 193 total size=38690868,rasize = 1048576, stride = 0 bytes, ptr=0x7f06d0054650, ino=24645998, inode=0x7f06d00544e0
prefetcher_th: TID:9714: going to fetch from 0 for size 67456386 on file 194 total size=67456386,rasize = 1048576, stride = 0 bytes, ptr=0x7f0710023320, ino=24645510, inode=0x7f07100231b0
ERR:prefetcher_th, pg_diff==0
prefetcher_th: TID:9717: going to fetch from 0 for size 67456350 on file 195 total size=67456350,rasize = 1048576, stride = 0 bytes, ptr=0x7f06fc04af30, ino=24645721, inode=0x7f06fc04adc0
ERR:prefetcher_th, pg_diff==0
prefetcher_th: TID:9726: going to fetch from 0 for size 67458583 on file 196 total size=67458583,rasize = 1048576, stride = 0 bytes, ptr=0x7f06d8020f80, ino=24646055, inode=0x7f06d8020e10
prefetcher_th: TID:9723: going to fetch from 0 for size 67458357 on file 197 total size=67458357,rasize = 1048576, stride = 0 bytes, ptr=0x7f06f0051e50, ino=24646047, inode=0x7f06f0051ce0
ERR:prefetcher_th, pg_diff==0
ERR:prefetcher_th, pg_diff==0
prefetcher_th: TID:9718: going to fetch from 0 for size 67458167 on file 198 total size=67458167,rasize = 1048576, stride = 0 bytes, ptr=0x7f06f8039090, ino=24646063, inode=0x7f06f8038f20
ERR:prefetcher_th, pg_diff==0
prefetcher_th: TID:9725: going to fetch from 0 for size 44730552 on file 199 total size=44730552,rasize = 1048576, stride = 0 bytes, ptr=0x7f06c804ba90, ino=24646072, inode=0x7f06c8022cf0
prefetcher_th: TID:9720: going to fetch from 0 for size 67458440 on file 200 total size=67458440,rasize = 1048576, stride = 0 bytes, ptr=0x7f06c00242d0, ino=24645873, inode=0x7f06c0024160
ERR:prefetcher_th, pg_diff==0
prefetcher_th: TID:9713: going to fetch from 0 for size 67458434 on file 201 total size=67458434,rasize = 1048576, stride = 0 bytes, ptr=0x7f070c036750, ino=24645874, inode=0x7f070c0365e0
prefetcher_th: TID:9712: going to fetch from 0 for size 67457830 on file 202 total size=67457830,rasize = 1048576, stride = 0 bytes, ptr=0x7f07140dab40, ino=24645728, inode=0x7f07140da9d0
ERR:prefetcher_th, pg_diff==0
ERR:prefetcher_th, pg_diff==0
prefetcher_th: TID:9722: going to fetch from 0 for size 67458192 on file 203 total size=67458192,rasize = 1048576, stride = 0 bytes, ptr=0x7f06e8023f70, ino=24645877, inode=0x7f06e8023e00
ERR:prefetcher_th, pg_diff==0
prefetcher_th: TID:9716: going to fetch from 0 for size 67457469 on file 204 total size=67457469,rasize = 1048576, stride = 0 bytes, ptr=0x7f07080179a0, ino=24645878, inode=0x7f07080569f0
ERR:prefetcher_th, pg_diff==0
prefetcher_th: TID:9721: going to fetch from 0 for size 67456488 on file 205 total size=67456488,rasize = 1048576, stride = 0 bytes, ptr=0x7f06e0040bc0, ino=24645882, inode=0x7f06e0040a50
ERR:prefetcher_th, pg_diff==0
prefetcher_th: TID:9719: going to fetch from 0 for size 16347073 on file 207 total size=16347073,rasize = 1048576, stride = 0 bytes, ptr=0x7f06b8124150, ino=24645883, inode=0x7f06b8123fe0
ERR:prefetcher_th, pg_diff==0
prefetcher_th: TID:9715: going to fetch from 0 for size 67456640 on file 208 total size=67456640,rasize = 1048576, stride = 0 bytes, ptr=0x7f0704027620, ino=24645631, inode=0x7f07040274b0
prefetcher_th: TID:9709: going to fetch from 0 for size 67456324 on file 209 total size=67456324,rasize = 1048576, stride = 0 bytes, ptr=0x55fc966cfc40, ino=24645880, inode=0x55fc965c2e20
ERR:prefetcher_th, pg_diff==0
ERR:prefetcher_th, pg_diff==0
prefetcher_th: TID:9724: going to fetch from 0 for size 67457867 on file 210 total size=67457867,rasize = 1048576, stride = 0 bytes, ptr=0x7f06d058e2e0, ino=24645632, inode=0x7f06d0057830
ERR:prefetcher_th, pg_diff==0
prefetcher_th: TID:9714: going to fetch from 0 for size 67456778 on file 211 total size=67456778,rasize = 1048576, stride = 0 bytes, ptr=0x7f0710026650, ino=24645633, inode=0x7f07100264e0
ERR:prefetcher_th, pg_diff==0
prefetcher_th: TID:9717: going to fetch from 0 for size 30890513 on file 212 total size=30890513,rasize = 1048576, stride = 0 bytes, ptr=0x7f06fc04e2e0, ino=24641912, inode=0x7f06fc04e170
prefetcher_th: TID:9726: going to fetch from 0 for size 30890502 on file 213 total size=30890502,rasize = 1048576, stride = 0 bytes, ptr=0x7f06d80242d0, ino=24641911, inode=0x7f06d8024160
prefetcher_th: TID:9723: going to fetch from 0 for size 30890427 on file 214 total size=30890427,rasize = 1048576, stride = 0 bytes, ptr=0x7f06f0055200, ino=24641910, inode=0x7f06f0055090
prefetcher_th: TID:9718: going to fetch from 0 for size 30890444 on file 215 total size=30890444,rasize = 1048576, stride = 0 bytes, ptr=0x7f06f803c3e0, ino=24641909, inode=0x7f06f803c270
prefetcher_th: TID:9720: going to fetch from 0 for size 30890171 on file 216 total size=30890171,rasize = 1048576, stride = 0 bytes, ptr=0x7f06c0027620, ino=24641907, inode=0x7f06c00274b0
prefetcher_th: TID:9713: going to fetch from 0 for size 30890235 on file 217 total size=30890235,rasize = 1048576, stride = 0 bytes, ptr=0x7f070c046af0, ino=24641906, inode=0x7f070c039930
prefetcher_th: TID:9712: going to fetch from 0 for size 30890117 on file 218 total size=30890117,rasize = 1048576, stride = 0 bytes, ptr=0x7f07140dde30, ino=24641905, inode=0x7f07140ddcc0
prefetcher_th: TID:9722: going to fetch from 0 for size 30890652 on file 219 total size=30890652,rasize = 1048576, stride = 0 bytes, ptr=0x7f06e8027260, ino=24641904, inode=0x7f06e80270f0
prefetcher_th: TID:9719: going to fetch from 0 for size 30890569 on file 220 total size=30890569,rasize = 1048576, stride = 0 bytes, ptr=0x7f06b81274c0, ino=24641903, inode=0x7f06b8127350
prefetcher_th: TID:9716: going to fetch from 0 for size 30890591 on file 221 total size=30890591,rasize = 1048576, stride = 0 bytes, ptr=0x7f07080199b0, ino=24641902, inode=0x7f0708057d90
prefetcher_th: TID:9721: going to fetch from 0 for size 30890638 on file 222 total size=30890638,rasize = 1048576, stride = 0 bytes, ptr=0x7f06e0043ca0, ino=24641901, inode=0x7f06e0043b30
prefetcher_th: TID:9709: going to fetch from 0 for size 30890581 on file 223 total size=30890581,rasize = 1048576, stride = 0 bytes, ptr=0x55fc966d2ff0, ino=24641900, inode=0x55fc966d2e80
prefetcher_th: TID:9715: going to fetch from 0 for size 30890644 on file 224 total size=30890644,rasize = 1048576, stride = 0 bytes, ptr=0x7f070402a9d0, ino=24641899, inode=0x7f070402a860
prefetcher_th: TID:9717: going to fetch from 0 for size 30890400 on file 225 total size=30890400,rasize = 1048576, stride = 0 bytes, ptr=0x7f06fc051630, ino=24641898, inode=0x7f06fc0514c0
prefetcher_th: TID:9726: going to fetch from 0 for size 30890434 on file 226 total size=30890434,rasize = 1048576, stride = 0 bytes, ptr=0x7f06d8027620, ino=24641897, inode=0x7f06d80274b0
prefetcher_th: TID:9714: going to fetch from 0 for size 30890430 on file 227 total size=30890430,rasize = 1048576, stride = 0 bytes, ptr=0x7f0710029950, ino=24641895, inode=0x7f07100297e0
prefetcher_th: TID:9725: going to fetch from 0 for size 30890117 on file 228 total size=30890117,rasize = 1048576, stride = 0 bytes, ptr=0x7f06c804ec60, ino=24641908, inode=0x7f06c804eaf0
prefetcher_th: TID:9718: going to fetch from 0 for size 30890508 on file 229 total size=30890508,rasize = 1048576, stride = 0 bytes, ptr=0x7f06f803f730, ino=24641894, inode=0x7f06f803f5c0
prefetcher_th: TID:9723: going to fetch from 0 for size 30890365 on file 230 total size=30890365,rasize = 1048576, stride = 0 bytes, ptr=0x7f06f001eac0, ino=24641893, inode=0x7f06f001e950
prefetcher_th: TID:9720: going to fetch from 0 for size 30890468 on file 231 total size=30890468,rasize = 1048576, stride = 0 bytes, ptr=0x7f06c0121b40, ino=24641892, inode=0x7f06c002a860
prefetcher_th: TID:9724: going to fetch from 0 for size 30890433 on file 232 total size=30890433,rasize = 1048576, stride = 0 bytes, ptr=0x7f06d01266e0, ino=24641896, inode=0x7f06d00579a0
prefetcher_th: TID:9712: going to fetch from 0 for size 30890514 on file 233 total size=30890514,rasize = 1048576, stride = 0 bytes, ptr=0x7f07140e1180, ino=24641891, inode=0x7f07140e1010
prefetcher_th: TID:9722: going to fetch from 0 for size 30890543 on file 234 total size=30890543,rasize = 1048576, stride = 0 bytes, ptr=0x7f06e8121a30, ino=24641889, inode=0x7f06e802a440
prefetcher_th: TID:9719: going to fetch from 0 for size 30890369 on file 235 total size=30890369,rasize = 1048576, stride = 0 bytes, ptr=0x7f06b812a870, ino=24641888, inode=0x7f06b812a700
prefetcher_th: TID:9716: going to fetch from 0 for size 30890392 on file 236 total size=30890392,rasize = 1048576, stride = 0 bytes, ptr=0x7f070801cd00, ino=24641887, inode=0x7f070801cb90
prefetcher_th: TID:9713: going to fetch from 0 for size 30890400 on file 237 total size=30890400,rasize = 1048576, stride = 0 bytes, ptr=0x7f070c048c70, ino=24641890, inode=0x7f070c048b00
prefetcher_th: TID:9721: going to fetch from 0 for size 30890402 on file 238 total size=30890402,rasize = 1048576, stride = 0 bytes, ptr=0x7f06e0046f70, ino=24641886, inode=0x7f06e0046e00
prefetcher_th: TID:9709: going to fetch from 0 for size 30890361 on file 239 total size=30890361,rasize = 1048576, stride = 0 bytes, ptr=0x55fc966d6340, ino=24641885, inode=0x55fc966d61d0
prefetcher_th: TID:9715: going to fetch from 0 for size 30890480 on file 240 total size=30890480,rasize = 1048576, stride = 0 bytes, ptr=0x7f0704121830, ino=24641884, inode=0x7f070402dbb0
prefetcher_th: TID:9717: going to fetch from 0 for size 30890673 on file 241 total size=30890673,rasize = 1048576, stride = 0 bytes, ptr=0x7f06fc054920, ino=24641883, inode=0x7f06fc0547b0
prefetcher_th: TID:9726: going to fetch from 0 for size 30890487 on file 242 total size=30890487,rasize = 1048576, stride = 0 bytes, ptr=0x7f06d802a9d0, ino=24641882, inode=0x7f06d802a860
prefetcher_th: TID:9714: going to fetch from 0 for size 30890567 on file 243 total size=30890567,rasize = 1048576, stride = 0 bytes, ptr=0x7f0710200500, ino=24641881, inode=0x7f071002cc20
prefetcher_th: TID:9723: going to fetch from 0 for size 30890574 on file 244 total size=30890574,rasize = 1048576, stride = 0 bytes, ptr=0x7f06f0021bc0, ino=24641879, inode=0x7f06f0021a50
prefetcher_th: TID:9718: going to fetch from 0 for size 30890521 on file 245 total size=30890521,rasize = 1048576, stride = 0 bytes, ptr=0x7f06f8042a60, ino=24641878, inode=0x7f06f80428f0
prefetcher_th: TID:9720: going to fetch from 0 for size 30890428 on file 246 total size=30890428,rasize = 1048576, stride = 0 bytes, ptr=0x7f06c0124e90, ino=24641877, inode=0x7f06c0124d20
prefetcher_th: TID:9712: going to fetch from 0 for size 30890463 on file 247 total size=30890463,rasize = 1048576, stride = 0 bytes, ptr=0x7f07140e44d0, ino=24641876, inode=0x7f07140e4360
prefetcher_th: TID:9724: going to fetch from 0 for size 30890422 on file 248 total size=30890422,rasize = 1048576, stride = 0 bytes, ptr=0x7f06d04c48d0, ino=24641875, inode=0x7f06d0592690
prefetcher_th: TID:9722: going to fetch from 0 for size 30890440 on file 249 total size=30890440,rasize = 1048576, stride = 0 bytes, ptr=0x7f06e8124d80, ino=24641874, inode=0x7f06e8124c10
prefetcher_th: TID:9725: going to fetch from 0 for size 30890515 on file 250 total size=30890515,rasize = 1048576, stride = 0 bytes, ptr=0x7f06c8052010, ino=24641880, inode=0x7f06c8051ea0
prefetcher_th: TID:9719: going to fetch from 0 for size 30890035 on file 251 total size=30890035,rasize = 1048576, stride = 0 bytes, ptr=0x7f06b812dbc0, ino=24641873, inode=0x7f06b812da50
prefetcher_th: TID:9716: going to fetch from 0 for size 30890016 on file 252 total size=30890016,rasize = 1048576, stride = 0 bytes, ptr=0x7f070801fff0, ino=24641872, inode=0x7f070801fe80
prefetcher_th: TID:9713: going to fetch from 0 for size 30890092 on file 253 total size=30890092,rasize = 1048576, stride = 0 bytes, ptr=0x7f070c04be10, ino=24641871, inode=0x7f070c04bca0
prefetcher_th: TID:9721: going to fetch from 0 for size 30890070 on file 254 total size=30890070,rasize = 1048576, stride = 0 bytes, ptr=0x7f06e004a250, ino=24641870, inode=0x7f06e004a0e0
prefetcher_th: TID:9709: going to fetch from 0 for size 30890195 on file 255 total size=30890195,rasize = 1048576, stride = 0 bytes, ptr=0x55fc96c95f20, ino=24641869, inode=0x55fc966d94c0
prefetcher_th: TID:9715: going to fetch from 0 for size 30890463 on file 256 total size=30890463,rasize = 1048576, stride = 0 bytes, ptr=0x7f0704124b20, ino=24641868, inode=0x7f07041249b0
prefetcher_th: TID:9717: going to fetch from 0 for size 30890431 on file 257 total size=30890431,rasize = 1048576, stride = 0 bytes, ptr=0x7f06fc203f50, ino=24641867, inode=0x7f06fc057b00
prefetcher_th: TID:9726: going to fetch from 0 for size 30890459 on file 258 total size=30890459,rasize = 1048576, stride = 0 bytes, ptr=0x7f06d802dd20, ino=24641866, inode=0x7f06d802dbb0
prefetcher_th: TID:9714: going to fetch from 0 for size 30890516 on file 259 total size=30890516,rasize = 1048576, stride = 0 bytes, ptr=0x7f0710203830, ino=24641865, inode=0x7f07102036c0
prefetcher_th: TID:9723: going to fetch from 0 for size 30890560 on file 260 total size=30890560,rasize = 1048576, stride = 0 bytes, ptr=0x7f06f0024e20, ino=24641864, inode=0x7f06f0024cb0
prefetcher_th: TID:9718: going to fetch from 0 for size 30890608 on file 261 total size=30890608,rasize = 1048576, stride = 0 bytes, ptr=0x7f06f8045d90, ino=24641863, inode=0x7f06f8045c20
prefetcher_th: TID:9720: going to fetch from 0 for size 30890367 on file 262 total size=30890367,rasize = 1048576, stride = 0 bytes, ptr=0x7f06c0128180, ino=24641862, inode=0x7f06c0128010
prefetcher_th: TID:9724: going to fetch from 0 for size 30890418 on file 263 total size=30890418,rasize = 1048576, stride = 0 bytes, ptr=0x7f06d04c76c0, ino=24641861, inode=0x7f06d04c7550
prefetcher_th: TID:9712: going to fetch from 0 for size 30890517 on file 264 total size=30890517,rasize = 1048576, stride = 0 bytes, ptr=0x7f07140e7800, ino=24641860, inode=0x7f07140e7690
prefetcher_th: TID:9719: going to fetch from 0 for size 30890608 on file 265 total size=30890608,rasize = 1048576, stride = 0 bytes, ptr=0x7f06b8130eb0, ino=24641858, inode=0x7f06b8130d40
prefetcher_th: TID:9722: going to fetch from 0 for size 30890404 on file 266 total size=30890404,rasize = 1048576, stride = 0 bytes, ptr=0x7f06e81280b0, ino=24641857, inode=0x7f06e8127f40
prefetcher_th: TID:9716: going to fetch from 0 for size 30890442 on file 267 total size=30890442,rasize = 1048576, stride = 0 bytes, ptr=0x7f0708023320, ino=24641856, inode=0x7f07080231b0
prefetcher_th: TID:9713: going to fetch from 0 for size 30890510 on file 268 total size=30890510,rasize = 1048576, stride = 0 bytes, ptr=0x7f070c04f100, ino=24641855, inode=0x7f070c04ef90
prefetcher_th: TID:9725: going to fetch from 0 for size 30890478 on file 269 total size=30890478,rasize = 1048576, stride = 0 bytes, ptr=0x7f06c80553c0, ino=24641859, inode=0x7f06c8055250
prefetcher_th: TID:9721: going to fetch from 0 for size 30890420 on file 270 total size=30890420,rasize = 1048576, stride = 0 bytes, ptr=0x7f06e004d560, ino=24641854, inode=0x7f06e004d3f0
prefetcher_th: TID:9709: going to fetch from 0 for size 30890335 on file 271 total size=30890335,rasize = 1048576, stride = 0 bytes, ptr=0x55fc96c97f30, ino=24641853, inode=0x55fc966da7e0
prefetcher_th: TID:9715: going to fetch from 0 for size 30890330 on file 272 total size=30890330,rasize = 1048576, stride = 0 bytes, ptr=0x7f0704127e50, ino=24641852, inode=0x7f0704127ce0
prefetcher_th: TID:9717: going to fetch from 0 for size 30890379 on file 273 total size=30890379,rasize = 1048576, stride = 0 bytes, ptr=0x7f06fc207280, ino=24641851, inode=0x7f06fc207110
prefetcher_th: TID:9726: going to fetch from 0 for size 30890345 on file 274 total size=30890345,rasize = 1048576, stride = 0 bytes, ptr=0x7f06d8031010, ino=24641850, inode=0x7f06d8030ea0
prefetcher_th: TID:9714: going to fetch from 0 for size 30890338 on file 275 total size=30890338,rasize = 1048576, stride = 0 bytes, ptr=0x7f0710206b60, ino=24641849, inode=0x7f07102069f0
prefetcher_th: TID:9723: going to fetch from 0 for size 30890363 on file 276 total size=30890363,rasize = 1048576, stride = 0 bytes, ptr=0x7f06f00281d0, ino=24641848, inode=0x7f06f0028060
prefetcher_th: TID:9718: going to fetch from 0 for size 30890377 on file 277 total size=30890377,rasize = 1048576, stride = 0 bytes, ptr=0x7f06f80490c0, ino=24641847, inode=0x7f06f8048f50
prefetcher_th: TID:9720: going to fetch from 0 for size 30890394 on file 278 total size=30890394,rasize = 1048576, stride = 0 bytes, ptr=0x7f06c012b4b0, ino=24641846, inode=0x7f06c012b340
prefetcher_th: TID:9724: going to fetch from 0 for size 30890467 on file 279 total size=30890467,rasize = 1048576, stride = 0 bytes, ptr=0x7f06d01286f0, ino=24641845, inode=0x7f06d04ca7f0
prefetcher_th: TID:9719: going to fetch from 0 for size 30890476 on file 280 total size=30890476,rasize = 1048576, stride = 0 bytes, ptr=0x7f06b81341e0, ino=24641843, inode=0x7f06b8134070
prefetcher_th: TID:9712: going to fetch from 0 for size 30890361 on file 281 total size=30890361,rasize = 1048576, stride = 0 bytes, ptr=0x7f07140eab30, ino=24641844, inode=0x7f07140ea9c0
prefetcher_th: TID:9722: going to fetch from 0 for size 30890483 on file 282 total size=30890483,rasize = 1048576, stride = 0 bytes, ptr=0x7f06e812b3e0, ino=24641842, inode=0x7f06e812b270
prefetcher_th: TID:9716: going to fetch from 0 for size 30890440 on file 283 total size=30890440,rasize = 1048576, stride = 0 bytes, ptr=0x7f0708026650, ino=24641841, inode=0x7f07080264e0
prefetcher_th: TID:9713: going to fetch from 0 for size 30890441 on file 284 total size=30890441,rasize = 1048576, stride = 0 bytes, ptr=0x7f070c052450, ino=24641840, inode=0x7f070c0522e0
prefetcher_th: TID:9725: going to fetch from 0 for size 30890405 on file 285 total size=30890405,rasize = 1048576, stride = 0 bytes, ptr=0x7f06c847e180, ino=24641839, inode=0x7f06c847e010
prefetcher_th: TID:9721: going to fetch from 0 for size 30890514 on file 286 total size=30890514,rasize = 1048576, stride = 0 bytes, ptr=0x7f06e00509c0, ino=24641838, inode=0x7f06e0050850
prefetcher_th: TID:9715: going to fetch from 0 for size 30890414 on file 287 total size=30890414,rasize = 1048576, stride = 0 bytes, ptr=0x7f070412b180, ino=24641836, inode=0x7f070412b010
prefetcher_th: TID:9717: going to fetch from 0 for size 30890427 on file 288 total size=30890427,rasize = 1048576, stride = 0 bytes, ptr=0x7f06fc20a5b0, ino=24641835, inode=0x7f06fc20a440
prefetcher_th: TID:9726: going to fetch from 0 for size 30890421 on file 289 total size=30890421,rasize = 1048576, stride = 0 bytes, ptr=0x7f06d8034340, ino=24641834, inode=0x7f06d80341d0
prefetcher_th: TID:9718: going to fetch from 0 for size 30890134 on file 290 total size=30890134,rasize = 1048576, stride = 0 bytes, ptr=0x7f06f8381f50, ino=24641831, inode=0x7f06f804c280
prefetcher_th: TID:9720: going to fetch from 0 for size 30890276 on file 291 total size=30890276,rasize = 1048576, stride = 0 bytes, ptr=0x7f06c012e7e0, ino=24641830, inode=0x7f06c012e670
prefetcher_th: TID:9724: going to fetch from 0 for size 30890251 on file 292 total size=30890251,rasize = 1048576, stride = 0 bytes, ptr=0x7f06d012a870, ino=24641829, inode=0x7f06d012a700
prefetcher_th: TID:9714: going to fetch from 0 for size 30890314 on file 293 total size=30890314,rasize = 1048576, stride = 0 bytes, ptr=0x7f0710209e90, ino=24641833, inode=0x7f0710209d20
prefetcher_th: TID:9712: going to fetch from 0 for size 30890102 on file 294 total size=30890102,rasize = 1048576, stride = 0 bytes, ptr=0x7f07141b75a0, ino=24641827, inode=0x7f07141b7430
prefetcher_th: TID:9709: going to fetch from 0 for size 30890583 on file 295 total size=30890583,rasize = 1048576, stride = 0 bytes, ptr=0x55fc96c9b260, ino=24641837, inode=0x55fc96c9b0f0
prefetcher_th: TID:9716: going to fetch from 0 for size 30890192 on file 296 total size=30890192,rasize = 1048576, stride = 0 bytes, ptr=0x7f07080e2610, ino=24641825, inode=0x7f07080e24a0
prefetcher_th: TID:9723: going to fetch from 0 for size 30890199 on file 297 total size=30890199,rasize = 1048576, stride = 0 bytes, ptr=0x7f06f002b4f0, ino=24641832, inode=0x7f06f002b380
prefetcher_th: TID:9725: going to fetch from 0 for size 30890194 on file 298 total size=30890194,rasize = 1048576, stride = 0 bytes, ptr=0x7f06c84812e0, ino=24641824, inode=0x7f06c8481170
prefetcher_th: TID:9719: going to fetch from 0 for size 30890261 on file 299 total size=30890261,rasize = 1048576, stride = 0 bytes, ptr=0x7f06b847e210, ino=24641828, inode=0x7f06b847e0a0
prefetcher_th: TID:9715: going to fetch from 0 for size 30890651 on file 300 total size=30890651,rasize = 1048576, stride = 0 bytes, ptr=0x7f070412e4b0, ino=24641822, inode=0x7f070412e340
prefetcher_th: TID:9722: going to fetch from 0 for size 30890030 on file 301 total size=30890030,rasize = 1048576, stride = 0 bytes, ptr=0x7f06e812e710, ino=24641826, inode=0x7f06e812e5a0
prefetcher_th: TID:9717: going to fetch from 0 for size 30890533 on file 302 total size=30890533,rasize = 1048576, stride = 0 bytes, ptr=0x7f06fc20d8c0, ino=24641821, inode=0x7f06fc20d750
prefetcher_th: TID:9726: going to fetch from 0 for size 30890667 on file 303 total size=30890667,rasize = 1048576, stride = 0 bytes, ptr=0x7f06d8037670, ino=24641819, inode=0x7f06d8037500
prefetcher_th: TID:9713: going to fetch from 0 for size 30890624 on file 304 total size=30890624,rasize = 1048576, stride = 0 bytes, ptr=0x7f070c525d90, ino=24641820, inode=0x7f070c525c20
prefetcher_th: TID:9720: going to fetch from 0 for size 30890677 on file 305 total size=30890677,rasize = 1048576, stride = 0 bytes, ptr=0x7f06c0131b10, ino=24641817, inode=0x7f06c01319a0
prefetcher_th: TID:9724: going to fetch from 0 for size 30890507 on file 306 total size=30890507,rasize = 1048576, stride = 0 bytes, ptr=0x7f06d012d9b0, ino=24641816, inode=0x7f06d012d840
prefetcher_th: TID:9721: going to fetch from 0 for size 30890528 on file 307 total size=30890528,rasize = 1048576, stride = 0 bytes, ptr=0x7f06e0053d10, ino=24641823, inode=0x7f06e0053ba0
prefetcher_th: TID:9714: going to fetch from 0 for size 30890485 on file 308 total size=30890485,rasize = 1048576, stride = 0 bytes, ptr=0x7f071020d1c0, ino=24641815, inode=0x7f071020d050
prefetcher_th: TID:9712: going to fetch from 0 for size 30890546 on file 309 total size=30890546,rasize = 1048576, stride = 0 bytes, ptr=0x7f07141ba920, ino=24641814, inode=0x7f07141ba7b0
prefetcher_th: TID:9718: going to fetch from 0 for size 30890668 on file 310 total size=30890668,rasize = 1048576, stride = 0 bytes, ptr=0x7f06f8384df0, ino=24641818, inode=0x7f06f8384c80
prefetcher_th: TID:9709: going to fetch from 0 for size 30890520 on file 311 total size=30890520,rasize = 1048576, stride = 0 bytes, ptr=0x55fc96c9e590, ino=24641813, inode=0x55fc96c9e420
prefetcher_th: TID:9723: going to fetch from 0 for size 30890390 on file 312 total size=30890390,rasize = 1048576, stride = 0 bytes, ptr=0x7f06f04a2240, ino=24641812, inode=0x7f06f002e650
prefetcher_th: TID:9725: going to fetch from 0 for size 30890361 on file 313 total size=30890361,rasize = 1048576, stride = 0 bytes, ptr=0x7f06c84845a0, ino=24641810, inode=0x7f06c8484430
prefetcher_th: TID:9719: going to fetch from 0 for size 30890344 on file 314 total size=30890344,rasize = 1048576, stride = 0 bytes, ptr=0x7f06b8481470, ino=24641809, inode=0x7f06b8481300
prefetcher_th: TID:9716: going to fetch from 0 for size 30890324 on file 315 total size=30890324,rasize = 1048576, stride = 0 bytes, ptr=0x7f07080e5890, ino=24641811, inode=0x7f07080e5720
prefetcher_th: TID:9722: going to fetch from 0 for size 30890409 on file 316 total size=30890409,rasize = 1048576, stride = 0 bytes, ptr=0x7f06e8131a40, ino=24641808, inode=0x7f06e81318d0
prefetcher_th: TID:9717: going to fetch from 0 for size 30890515 on file 317 total size=30890515,rasize = 1048576, stride = 0 bytes, ptr=0x7f06fc210bf0, ino=24641807, inode=0x7f06fc210a80
prefetcher_th: TID:9713: going to fetch from 0 for size 30890492 on file 318 total size=30890492,rasize = 1048576, stride = 0 bytes, ptr=0x7f070c528fd0, ino=24641805, inode=0x7f070c528e60
prefetcher_th: TID:9720: going to fetch from 0 for size 30890673 on file 319 total size=30890673,rasize = 1048576, stride = 0 bytes, ptr=0x7f06c0134e40, ino=24641803, inode=0x7f06c0134cd0
prefetcher_th: TID:9721: going to fetch from 0 for size 30890576 on file 320 total size=30890576,rasize = 1048576, stride = 0 bytes, ptr=0x7f06e00e2610, ino=24641802, inode=0x7f06e0056ed0
prefetcher_th: TID:9714: going to fetch from 0 for size 30890638 on file 321 total size=30890638,rasize = 1048576, stride = 0 bytes, ptr=0x7f07102104f0, ino=24641801, inode=0x7f0710210380
prefetcher_th: TID:9718: going to fetch from 0 for size 30890605 on file 322 total size=30890605,rasize = 1048576, stride = 0 bytes, ptr=0x7f06f8388120, ino=24641800, inode=0x7f06f8387fb0
prefetcher_th: TID:9712: going to fetch from 0 for size 30890591 on file 323 total size=30890591,rasize = 1048576, stride = 0 bytes, ptr=0x7f07141bdc50, ino=24641799, inode=0x7f07141bdae0
prefetcher_th: TID:9709: going to fetch from 0 for size 30890010 on file 324 total size=30890010,rasize = 1048576, stride = 0 bytes, ptr=0x55fc96ca18c0, ino=24641797, inode=0x55fc96ca1750
prefetcher_th: TID:9723: going to fetch from 0 for size 30890184 on file 325 total size=30890184,rasize = 1048576, stride = 0 bytes, ptr=0x7f06f04a43c0, ino=24641796, inode=0x7f06f04a4250
prefetcher_th: TID:9726: going to fetch from 0 for size 30890406 on file 326 total size=30890406,rasize = 1048576, stride = 0 bytes, ptr=0x7f06d8095b00, ino=24641806, inode=0x7f06d803a830
prefetcher_th: TID:9725: going to fetch from 0 for size 30890037 on file 327 total size=30890037,rasize = 1048576, stride = 0 bytes, ptr=0x7f06c84878f0, ino=24641795, inode=0x7f06c8487780
prefetcher_th: TID:9719: going to fetch from 0 for size 30890037 on file 328 total size=30890037,rasize = 1048576, stride = 0 bytes, ptr=0x7f06b8484760, ino=24641794, inode=0x7f06b84845f0
prefetcher_th: TID:9715: going to fetch from 0 for size 30890612 on file 329 total size=30890612,rasize = 1048576, stride = 0 bytes, ptr=0x7f07041317e0, ino=24641804, inode=0x7f0704131670
prefetcher_th: TID:9724: going to fetch from 0 for size 30890336 on file 330 total size=30890336,rasize = 1048576, stride = 0 bytes, ptr=0x7f06d0130c60, ino=24641798, inode=0x7f06d0130af0
prefetcher_th: TID:9717: going to fetch from 0 for size 30890221 on file 331 total size=30890221,rasize = 1048576, stride = 0 bytes, ptr=0x7f06fc213f20, ino=24641791, inode=0x7f06fc213db0
prefetcher_th: TID:9713: going to fetch from 0 for size 30890183 on file 332 total size=30890183,rasize = 1048576, stride = 0 bytes, ptr=0x7f070c52c320, ino=24641790, inode=0x7f070c52c1b0
prefetcher_th: TID:9718: going to fetch from 0 for size 30890517 on file 333 total size=30890517,rasize = 1048576, stride = 0 bytes, ptr=0x7f06f838b450, ino=24641786, inode=0x7f06f838b2e0
prefetcher_th: TID:9712: going to fetch from 0 for size 30890594 on file 334 total size=30890594,rasize = 1048576, stride = 0 bytes, ptr=0x7f07141c0f80, ino=24641785, inode=0x7f07141c0e10
prefetcher_th: TID:9709: going to fetch from 0 for size 30890614 on file 335 total size=30890614,rasize = 1048576, stride = 0 bytes, ptr=0x55fc96ca4bf0, ino=24641784, inode=0x55fc96ca4a80
prefetcher_th: TID:9723: going to fetch from 0 for size 30890688 on file 336 total size=30890688,rasize = 1048576, stride = 0 bytes, ptr=0x7f06f04a7650, ino=24641783, inode=0x7f06f04a74e0
prefetcher_th: TID:9726: going to fetch from 0 for size 30890465 on file 337 total size=30890465,rasize = 1048576, stride = 0 bytes, ptr=0x7f06d80989a0, ino=24641782, inode=0x7f06d8098830
prefetcher_th: TID:9722: going to fetch from 0 for size 30890182 on file 338 total size=30890182,rasize = 1048576, stride = 0 bytes, ptr=0x7f06e802a5b0, ino=24641792, inode=0x7f06e8134c00
prefetcher_th: TID:9725: going to fetch from 0 for size 30890537 on file 339 total size=30890537,rasize = 1048576, stride = 0 bytes, ptr=0x7f06c848ac40, ino=24641781, inode=0x7f06c848aad0
prefetcher_th: TID:9715: going to fetch from 0 for size 30890457 on file 340 total size=30890457,rasize = 1048576, stride = 0 bytes, ptr=0x7f070402dd20, ino=24641780, inode=0x7f07041349a0
prefetcher_th: TID:9724: going to fetch from 0 for size 30890502 on file 341 total size=30890502,rasize = 1048576, stride = 0 bytes, ptr=0x7f06d0133f90, ino=24641779, inode=0x7f06d0133e20
prefetcher_th: TID:9716: going to fetch from 0 for size 30890641 on file 342 total size=30890641,rasize = 1048576, stride = 0 bytes, ptr=0x7f07080e8c00, ino=24641793, inode=0x7f07080e8a90
prefetcher_th: TID:9717: going to fetch from 0 for size 30890516 on file 343 total size=30890516,rasize = 1048576, stride = 0 bytes, ptr=0x7f06fc2e2560, ino=24641778, inode=0x7f06fc2170e0
prefetcher_th: TID:9713: going to fetch from 0 for size 30890150 on file 344 total size=30890150,rasize = 1048576, stride = 0 bytes, ptr=0x7f070c52f760, ino=24641777, inode=0x7f070c52f5f0
prefetcher_th: TID:9719: going to fetch from 0 for size 30890320 on file 345 total size=30890320,rasize = 1048576, stride = 0 bytes, ptr=0x7f06b8487a70, ino=24641776, inode=0x7f06b8487900
prefetcher_th: TID:9721: going to fetch from 0 for size 30890455 on file 346 total size=30890455,rasize = 1048576, stride = 0 bytes, ptr=0x7f06e00e4790, ino=24641788, inode=0x7f06e00e4620
prefetcher_th: TID:9712: going to fetch from 0 for size 30890111 on file 347 total size=30890111,rasize = 1048576, stride = 0 bytes, ptr=0x7f07141c42b0, ino=24641775, inode=0x7f07141c4140
prefetcher_th: TID:9709: going to fetch from 0 for size 30890085 on file 348 total size=30890085,rasize = 1048576, stride = 0 bytes, ptr=0x55fc96ca7f20, ino=24641774, inode=0x55fc96ca7db0
prefetcher_th: TID:9723: going to fetch from 0 for size 30890257 on file 349 total size=30890257,rasize = 1048576, stride = 0 bytes, ptr=0x7f06f04aaa90, ino=24641773, inode=0x7f06f04aa920
prefetcher_th: TID:9722: going to fetch from 0 for size 30890023 on file 350 total size=30890023,rasize = 1048576, stride = 0 bytes, ptr=0x7f06e802c5c0, ino=24641772, inode=0x7f06e8135f20
prefetcher_th: TID:9720: going to fetch from 0 for size 30890258 on file 351 total size=30890258,rasize = 1048576, stride = 0 bytes, ptr=0x7f06c002bcf0, ino=24641789, inode=0x7f06c002bb80
prefetcher_th: TID:9718: going to fetch from 0 for size 30890141 on file 352 total size=30890141,rasize = 1048576, stride = 0 bytes, ptr=0x7f06f838e780, ino=24641771, inode=0x7f06f838e610
prefetcher_th: TID:9725: going to fetch from 0 for size 30890014 on file 353 total size=30890014,rasize = 1048576, stride = 0 bytes, ptr=0x7f06c848df70, ino=24641770, inode=0x7f06c848de00
prefetcher_th: TID:9715: going to fetch from 0 for size 30890104 on file 354 total size=30890104,rasize = 1048576, stride = 0 bytes, ptr=0x7f070402fd30, ino=24641769, inode=0x7f0704135cc0
prefetcher_th: TID:9716: going to fetch from 0 for size 30890299 on file 355 total size=30890299,rasize = 1048576, stride = 0 bytes, ptr=0x7f07080ebf30, ino=24641768, inode=0x7f07080ebdc0
prefetcher_th: TID:9726: going to fetch from 0 for size 30890381 on file 356 total size=30890381,rasize = 1048576, stride = 0 bytes, ptr=0x7f06d809bcf0, ino=24641767, inode=0x7f06d809bb80
prefetcher_th: TID:9719: going to fetch from 0 for size 30890373 on file 357 total size=30890373,rasize = 1048576, stride = 0 bytes, ptr=0x7f06b848ada0, ino=24641764, inode=0x7f06b848ac30
prefetcher_th: TID:9721: going to fetch from 0 for size 30886779 on file 358 total size=30886779,rasize = 1048576, stride = 0 bytes, ptr=0x7f06e00e7a80, ino=24641763, inode=0x7f06e00e7910
prefetcher_th: TID:9724: going to fetch from 0 for size 30890552 on file 359 total size=30890552,rasize = 1048576, stride = 0 bytes, ptr=0x7f06d00229f0, ino=24641674, inode=0x7f06d0136430
prefetcher_th: TID:9712: going to fetch from 0 for size 30890666 on file 360 total size=30890666,rasize = 1048576, stride = 0 bytes, ptr=0x7f07141c75e0, ino=24641673, inode=0x7f07141c7470
prefetcher_th: TID:9717: going to fetch from 0 for size 30890308 on file 361 total size=30890308,rasize = 1048576, stride = 0 bytes, ptr=0x7f06fc2e4570, ino=24641766, inode=0x7f06fc218400
prefetcher_th: TID:9709: going to fetch from 0 for size 30890711 on file 362 total size=30890711,rasize = 1048576, stride = 0 bytes, ptr=0x55fc965c3100, ino=24641672, inode=0x55fc965c2f90
prefetcher_th: TID:9723: going to fetch from 0 for size 30890642 on file 363 total size=30890642,rasize = 1048576, stride = 0 bytes, ptr=0x7f06f04aded0, ino=24641671, inode=0x7f06f04add60
prefetcher_th: TID:9714: going to fetch from 0 for size 30890601 on file 364 total size=30890601,rasize = 1048576, stride = 0 bytes, ptr=0x7f07102de9e0, ino=24641787, inode=0x7f07102136b0
prefetcher_th: TID:9718: going to fetch from 0 for size 30890586 on file 365 total size=30890586,rasize = 1048576, stride = 0 bytes, ptr=0x7f06f8391ab0, ino=24641669, inode=0x7f06f8391940
prefetcher_th: TID:9725: going to fetch from 0 for size 30890742 on file 366 total size=30890742,rasize = 1048576, stride = 0 bytes, ptr=0x7f06c811f0e0, ino=24641668, inode=0x7f06c8491130
prefetcher_th: TID:9715: going to fetch from 0 for size 30890631 on file 367 total size=30890631,rasize = 1048576, stride = 0 bytes, ptr=0x7f0704031eb0, ino=24641667, inode=0x7f0704031d40
prefetcher_th: TID:9716: going to fetch from 0 for size 30890676 on file 368 total size=30890676,rasize = 1048576, stride = 0 bytes, ptr=0x7f07080ef260, ino=24641666, inode=0x7f07080ef0f0
prefetcher_th: TID:9722: going to fetch from 0 for size 30890601 on file 369 total size=30890601,rasize = 1048576, stride = 0 bytes, ptr=0x7f06e802e740, ino=24641665, inode=0x7f06e802e5d0
prefetcher_th: TID:9726: going to fetch from 0 for size 30890603 on file 370 total size=30890603,rasize = 1048576, stride = 0 bytes, ptr=0x7f06d809f020, ino=24641664, inode=0x7f06d809eeb0
prefetcher_th: TID:9719: going to fetch from 0 for size 30890572 on file 371 total size=30890572,rasize = 1048576, stride = 0 bytes, ptr=0x7f06b848e0d0, ino=24641663, inode=0x7f06b848df60
prefetcher_th: TID:9721: going to fetch from 0 for size 30890630 on file 372 total size=30890630,rasize = 1048576, stride = 0 bytes, ptr=0x7f06e00eadb0, ino=24641662, inode=0x7f06e00eac40
prefetcher_th: TID:9720: going to fetch from 0 for size 30890522 on file 373 total size=30890522,rasize = 1048576, stride = 0 bytes, ptr=0x7f06c002f020, ino=24641670, inode=0x7f06c002eeb0
prefetcher_th: TID:9724: going to fetch from 0 for size 30890662 on file 374 total size=30890662,rasize = 1048576, stride = 0 bytes, ptr=0x7f06d0025d30, ino=24641661, inode=0x7f06d0025bc0
prefetcher_th: TID:9717: going to fetch from 0 for size 30890578 on file 375 total size=30890578,rasize = 1048576, stride = 0 bytes, ptr=0x7f06fc2e73b0, ino=24641660, inode=0x7f06fc2e7240
prefetcher_th: TID:9709: going to fetch from 0 for size 30890536 on file 376 total size=30890536,rasize = 1048576, stride = 0 bytes, ptr=0x55fc965c6260, ino=24641659, inode=0x55fc965c60f0
prefetcher_th: TID:9723: going to fetch from 0 for size 30890552 on file 377 total size=30890552,rasize = 1048576, stride = 0 bytes, ptr=0x7f06f04b1200, ino=24641658, inode=0x7f06f04b1090
prefetcher_th: TID:9713: going to fetch from 0 for size 30890303 on file 378 total size=30890303,rasize = 1048576, stride = 0 bytes, ptr=0x7f070c532a90, ino=24641765, inode=0x7f070c532920
prefetcher_th: TID:9714: going to fetch from 0 for size 30890648 on file 379 total size=30890648,rasize = 1048576, stride = 0 bytes, ptr=0x7f07102e09f0, ino=24641657, inode=0x7f07102149d0
prefetcher_th: TID:9718: going to fetch from 0 for size 30890636 on file 380 total size=30890636,rasize = 1048576, stride = 0 bytes, ptr=0x7f06f8460470, ino=24641656, inode=0x7f06f8394c70
prefetcher_th: TID:9712: going to fetch from 0 for size 30890542 on file 381 total size=30890542,rasize = 1048576, stride = 0 bytes, ptr=0x7f07143aa7c0, ino=24641654, inode=0x7f07141ca7a0
prefetcher_th: TID:9725: going to fetch from 0 for size 30890632 on file 382 total size=30890632,rasize = 1048576, stride = 0 bytes, ptr=0x7f06c81210f0, ino=24641655, inode=0x7f06c8492450
prefetcher_th: TID:9715: going to fetch from 0 for size 30890642 on file 383 total size=30890642,rasize = 1048576, stride = 0 bytes, ptr=0x7f0704035070, ino=24641653, inode=0x7f0704034f00
prefetcher_th: TID:9716: going to fetch from 0 for size 30890682 on file 384 total size=30890682,rasize = 1048576, stride = 0 bytes, ptr=0x7f07080f2590, ino=24641652, inode=0x7f07080f2420
prefetcher_th: TID:9726: going to fetch from 0 for size 30890647 on file 385 total size=30890647,rasize = 1048576, stride = 0 bytes, ptr=0x7f06d80a2350, ino=24641651, inode=0x7f06d80a21e0
prefetcher_th: TID:9719: going to fetch from 0 for size 30890611 on file 386 total size=30890611,rasize = 1048576, stride = 0 bytes, ptr=0x7f06b85e6ce0, ino=24641650, inode=0x7f06b8491290
prefetcher_th: TID:9721: going to fetch from 0 for size 30890574 on file 387 total size=30890574,rasize = 1048576, stride = 0 bytes, ptr=0x7f06e00ee0e0, ino=24641649, inode=0x7f06e00edf70
prefetcher_th: TID:9724: going to fetch from 0 for size 30890770 on file 388 total size=30890770,rasize = 1048576, stride = 0 bytes, ptr=0x7f06d0029020, ino=24641648, inode=0x7f06d0028eb0
prefetcher_th: TID:9717: going to fetch from 0 for size 30890617 on file 389 total size=30890617,rasize = 1048576, stride = 0 bytes, ptr=0x7f06fc2ea650, ino=24641647, inode=0x7f06fc2ea4e0
prefetcher_th: TID:9722: going to fetch from 0 for size 30890606 on file 390 total size=30890606,rasize = 1048576, stride = 0 bytes, ptr=0x7f06e8031770, ino=24641646, inode=0x7f06e8031600
prefetcher_th: TID:9709: going to fetch from 0 for size 30890646 on file 391 total size=30890646,rasize = 1048576, stride = 0 bytes, ptr=0x55fc965c9400, ino=24641645, inode=0x55fc965c9290
prefetcher_th: TID:9713: going to fetch from 0 for size 30890590 on file 392 total size=30890590,rasize = 1048576, stride = 0 bytes, ptr=0x7f070c535dc0, ino=24641644, inode=0x7f070c535c50
prefetcher_th: TID:9714: going to fetch from 0 for size 30890617 on file 393 total size=30890617,rasize = 1048576, stride = 0 bytes, ptr=0x7f07102e3910, ino=24641643, inode=0x7f07102e37a0
prefetcher_th: TID:9720: going to fetch from 0 for size 30890668 on file 394 total size=30890668,rasize = 1048576, stride = 0 bytes, ptr=0x7f06c0032350, ino=24641642, inode=0x7f06c00321e0
prefetcher_th: TID:9718: going to fetch from 0 for size 30890654 on file 395 total size=30890654,rasize = 1048576, stride = 0 bytes, ptr=0x7f06f8462480, ino=24641641, inode=0x7f06f8395f90
prefetcher_th: TID:9712: going to fetch from 0 for size 30890601 on file 396 total size=30890601,rasize = 1048576, stride = 0 bytes, ptr=0x7f07143ac7d0, ino=24641640, inode=0x7f07141cbac0
prefetcher_th: TID:9725: going to fetch from 0 for size 30890578 on file 397 total size=30890578,rasize = 1048576, stride = 0 bytes, ptr=0x7f06c8123f50, ino=24641639, inode=0x7f06c8123de0
prefetcher_th: TID:9715: going to fetch from 0 for size 30890565 on file 398 total size=30890565,rasize = 1048576, stride = 0 bytes, ptr=0x7f0704038280, ino=24641638, inode=0x7f0704038110
prefetcher_th: TID:9716: going to fetch from 0 for size 30890558 on file 399 total size=30890558,rasize = 1048576, stride = 0 bytes, ptr=0x7f07080f58c0, ino=24641637, inode=0x7f07080f5750
prefetcher_th: TID:9723: going to fetch from 0 for size 30890630 on file 400 total size=30890630,rasize = 1048576, stride = 0 bytes, ptr=0x7f06f04b4530, ino=24641636, inode=0x7f06f04b43c0
prefetcher_th: TID:9719: going to fetch from 0 for size 30890601 on file 401 total size=30890601,rasize = 1048576, stride = 0 bytes, ptr=0x7f06b85e8cf0, ino=24641634, inode=0x7f06b84925b0
prefetcher_th: TID:9721: going to fetch from 0 for size 30890568 on file 402 total size=30890568,rasize = 1048576, stride = 0 bytes, ptr=0x7f06e00f1410, ino=24641633, inode=0x7f06e00f12a0
prefetcher_th: TID:9726: going to fetch from 0 for size 30890609 on file 403 total size=30890609,rasize = 1048576, stride = 0 bytes, ptr=0x7f06d80a5680, ino=24641635, inode=0x7f06d80a5510
prefetcher_th: TID:9724: going to fetch from 0 for size 30890659 on file 404 total size=30890659,rasize = 1048576, stride = 0 bytes, ptr=0x7f06d002c350, ino=24641612, inode=0x7f06d002c1e0
prefetcher_th: TID:9717: going to fetch from 0 for size 30890577 on file 405 total size=30890577,rasize = 1048576, stride = 0 bytes, ptr=0x7f06fc2ed980, ino=24641611, inode=0x7f06fc2ed810
prefetcher_th: TID:9722: going to fetch from 0 for size 30890620 on file 406 total size=30890620,rasize = 1048576, stride = 0 bytes, ptr=0x7f06e8034930, ino=24641610, inode=0x7f06e80347c0
prefetcher_th: TID:9709: going to fetch from 0 for size 30890647 on file 407 total size=30890647,rasize = 1048576, stride = 0 bytes, ptr=0x55fc965cc730, ino=24641609, inode=0x55fc965cc5c0
prefetcher_th: TID:9713: going to fetch from 0 for size 30890557 on file 408 total size=30890557,rasize = 1048576, stride = 0 bytes, ptr=0x7f070c0db260, ino=24641608, inode=0x7f070c538f80
prefetcher_th: TID:9720: going to fetch from 0 for size 30890889 on file 409 total size=30890889,rasize = 1048576, stride = 0 bytes, ptr=0x7f06c0035680, ino=24641607, inode=0x7f06c0035510
prefetcher_th: TID:9712: going to fetch from 0 for size 30890583 on file 410 total size=30890583,rasize = 1048576, stride = 0 bytes, ptr=0x7f07143af770, ino=24641605, inode=0x7f07143af600
prefetcher_th: TID:9725: going to fetch from 0 for size 30890671 on file 411 total size=30890671,rasize = 1048576, stride = 0 bytes, ptr=0x7f06c8127270, ino=24641604, inode=0x7f06c8127100
prefetcher_th: TID:9718: going to fetch from 0 for size 30890577 on file 412 total size=30890577,rasize = 1048576, stride = 0 bytes, ptr=0x7f06f8464600, ino=24641606, inode=0x7f06f8464490
prefetcher_th: TID:9715: going to fetch from 0 for size 30890625 on file 413 total size=30890625,rasize = 1048576, stride = 0 bytes, ptr=0x7f070403b5d0, ino=24641603, inode=0x7f070403b460
prefetcher_th: TID:9723: going to fetch from 0 for size 30863660 on file 414 total size=30863660,rasize = 1048576, stride = 0 bytes, ptr=0x7f06f0695790, ino=24641599, inode=0x7f06f0695620
prefetcher_th: TID:9716: going to fetch from 0 for size 30864366 on file 415 total size=30864366,rasize = 1048576, stride = 0 bytes, ptr=0x7f07080f8bf0, ino=24641596, inode=0x7f07080f8a80
prefetcher_th: TID:9714: going to fetch from 0 for size 30864444 on file 416 total size=30864444,rasize = 1048576, stride = 0 bytes, ptr=0x7f07102e6cb0, ino=24641591, inode=0x7f07102e6b40
prefetcher_th: TID:9719: going to fetch from 0 for size 30864639 on file 417 total size=30864639,rasize = 1048576, stride = 0 bytes, ptr=0x7f06b85ebc20, ino=24641600, inode=0x7f06b85ebab0
prefetcher_th: TID:9726: going to fetch from 0 for size 30864543 on file 418 total size=30864543,rasize = 1048576, stride = 0 bytes, ptr=0x7f06d80a89b0, ino=24641601, inode=0x7f06d80a8840
prefetcher_th: TID:9724: going to fetch from 0 for size 30889745 on file 419 total size=30889745,rasize = 1048576, stride = 0 bytes, ptr=0x7f06d002f680, ino=24641602, inode=0x7f06d002f510
prefetcher_th: TID:9722: going to fetch from 0 for size 30890614 on file 420 total size=30890614,rasize = 1048576, stride = 0 bytes, ptr=0x7f06e8037c80, ino=24641614, inode=0x7f06e8037b10
prefetcher_th: TID:9709: going to fetch from 0 for size 30890624 on file 421 total size=30890624,rasize = 1048576, stride = 0 bytes, ptr=0x55fc965cf9e0, ino=24641615, inode=0x55fc965cf870
prefetcher_th: TID:9713: going to fetch from 0 for size 30891071 on file 422 total size=30891071,rasize = 1048576, stride = 0 bytes, ptr=0x7f070c0dd270, ino=24641616, inode=0x7f070c53a2a0
prefetcher_th: TID:9712: going to fetch from 0 for size 30890548 on file 423 total size=30890548,rasize = 1048576, stride = 0 bytes, ptr=0x7f07143b2d20, ino=24641618, inode=0x7f07143b2bb0
prefetcher_th: TID:9718: going to fetch from 0 for size 30890583 on file 424 total size=30890583,rasize = 1048576, stride = 0 bytes, ptr=0x7f06f8467700, ino=24641620, inode=0x7f06f8467590
prefetcher_th: TID:9720: going to fetch from 0 for size 30890622 on file 425 total size=30890622,rasize = 1048576, stride = 0 bytes, ptr=0x7f06c00389b0, ino=24641617, inode=0x7f06c0038840
prefetcher_th: TID:9715: going to fetch from 0 for size 30890618 on file 426 total size=30890618,rasize = 1048576, stride = 0 bytes, ptr=0x7f070403e8c0, ino=24641621, inode=0x7f070403e750
prefetcher_th: TID:9716: going to fetch from 0 for size 30890750 on file 427 total size=30890750,rasize = 1048576, stride = 0 bytes, ptr=0x7f07080fbf20, ino=24641622, inode=0x7f07080fbdb0
prefetcher_th: TID:9717: going to fetch from 0 for size 30890566 on file 428 total size=30890566,rasize = 1048576, stride = 0 bytes, ptr=0x7f06fc2f0cb0, ino=24641613, inode=0x7f06fc2f0b40
prefetcher_th: TID:9714: going to fetch from 0 for size 30890604 on file 429 total size=30890604,rasize = 1048576, stride = 0 bytes, ptr=0x7f07102e9fe0, ino=24641623, inode=0x7f07102e9e70
prefetcher_th: TID:9719: going to fetch from 0 for size 30890591 on file 430 total size=30890591,rasize = 1048576, stride = 0 bytes, ptr=0x7f06b85eef90, ino=24641624, inode=0x7f06b85eee20
prefetcher_th: TID:9726: going to fetch from 0 for size 30890645 on file 431 total size=30890645,rasize = 1048576, stride = 0 bytes, ptr=0x7f06d80abef0, ino=24641625, inode=0x7f06d80abd80
prefetcher_th: TID:9724: going to fetch from 0 for size 30890592 on file 432 total size=30890592,rasize = 1048576, stride = 0 bytes, ptr=0x7f06d065c770, ino=24641626, inode=0x7f06d0032840
prefetcher_th: TID:9722: going to fetch from 0 for size 30890563 on file 433 total size=30890563,rasize = 1048576, stride = 0 bytes, ptr=0x7f06e803af70, ino=24641628, inode=0x7f06e803ae00
prefetcher_th: TID:9721: going to fetch from 0 for size 30890604 on file 434 total size=30890604,rasize = 1048576, stride = 0 bytes, ptr=0x7f06e00f4740, ino=24641619, inode=0x7f06e00f45d0
prefetcher_th: TID:9709: going to fetch from 0 for size 30890530 on file 435 total size=30890530,rasize = 1048576, stride = 0 bytes, ptr=0x55fc965d2d10, ino=24641629, inode=0x55fc965d2ba0
prefetcher_th: TID:9717: going to fetch from 0 for size 30890626 on file 436 total size=30890626,rasize = 1048576, stride = 0 bytes, ptr=0x7f06fc2f3fe0, ino=24641631, inode=0x7f06fc2f3e70
prefetcher_th: TID:9713: going to fetch from 0 for size 30890587 on file 437 total size=30890587,rasize = 1048576, stride = 0 bytes, ptr=0x7f070c0df3f0, ino=24641632, inode=0x7f070c0df280
prefetcher_th: TID:9712: going to fetch from 0 for size 30890556 on file 438 total size=30890556,rasize = 1048576, stride = 0 bytes, ptr=0x7f07143b6050, ino=24641675, inode=0x7f07143b5ee0
prefetcher_th: TID:9720: going to fetch from 0 for size 30890650 on file 439 total size=30890650,rasize = 1048576, stride = 0 bytes, ptr=0x7f06c003bce0, ino=24641676, inode=0x7f06c003bb70
prefetcher_th: TID:9718: going to fetch from 0 for size 30890600 on file 440 total size=30890600,rasize = 1048576, stride = 0 bytes, ptr=0x7f06f846a930, ino=24641677, inode=0x7f06f846a7c0
prefetcher_th: TID:9725: going to fetch from 0 for size 30890811 on file 441 total size=30890811,rasize = 1048576, stride = 0 bytes, ptr=0x7f06c812a5a0, ino=24641627, inode=0x7f06c812a430
prefetcher_th: TID:9715: going to fetch from 0 for size 30890467 on file 442 total size=30890467,rasize = 1048576, stride = 0 bytes, ptr=0x7f0704041bf0, ino=24641678, inode=0x7f0704041a80
prefetcher_th: TID:9722: going to fetch from 0 for size 30890559 on file 443 total size=30890559,rasize = 1048576, stride = 0 bytes, ptr=0x7f06e803e2a0, ino=24641679, inode=0x7f06e803e130
prefetcher_th: TID:9716: going to fetch from 0 for size 30890602 on file 444 total size=30890602,rasize = 1048576, stride = 0 bytes, ptr=0x7f07080ff250, ino=24641680, inode=0x7f07080ff0e0
prefetcher_th: TID:9717: going to fetch from 0 for size 30890617 on file 445 total size=30890617,rasize = 1048576, stride = 0 bytes, ptr=0x7f06fc006480, ino=24641681, inode=0x7f06fc006310
prefetcher_th: TID:9714: going to fetch from 0 for size 30890663 on file 446 total size=30890663,rasize = 1048576, stride = 0 bytes, ptr=0x7f07102ed520, ino=24641682, inode=0x7f07102ed3b0
prefetcher_th: TID:9713: going to fetch from 0 for size 30890529 on file 447 total size=30890529,rasize = 1048576, stride = 0 bytes, ptr=0x7f070c0e2510, ino=24641683, inode=0x7f070c0e23a0
prefetcher_th: TID:9719: going to fetch from 0 for size 30890558 on file 448 total size=30890558,rasize = 1048576, stride = 0 bytes, ptr=0x7f06b85f22e0, ino=24641684, inode=0x7f06b85f2170
prefetcher_th: TID:9723: going to fetch from 0 for size 30890696 on file 449 total size=30890696,rasize = 1048576, stride = 0 bytes, ptr=0x7f06f06988e0, ino=24641630, inode=0x7f06f0698770
prefetcher_th: TID:9726: going to fetch from 0 for size 30890556 on file 450 total size=30890556,rasize = 1048576, stride = 0 bytes, ptr=0x7f06d80af220, ino=24641685, inode=0x7f06d80af0b0
prefetcher_th: TID:9712: going to fetch from 0 for size 30890671 on file 451 total size=30890671,rasize = 1048576, stride = 0 bytes, ptr=0x7f07143b9380, ino=24641686, inode=0x7f07143b9210
prefetcher_th: TID:9724: going to fetch from 0 for size 30890696 on file 452 total size=30890696,rasize = 1048576, stride = 0 bytes, ptr=0x7f06d065eb00, ino=24641687, inode=0x7f06d065e990
prefetcher_th: TID:9720: going to fetch from 0 for size 30890577 on file 453 total size=30890577,rasize = 1048576, stride = 0 bytes, ptr=0x7f06c003f010, ino=24641688, inode=0x7f06c003eea0
prefetcher_th: TID:9718: going to fetch from 0 for size 30890785 on file 454 total size=30890785,rasize = 1048576, stride = 0 bytes, ptr=0x7f06f846dc40, ino=24641689, inode=0x7f06f846dad0
prefetcher_th: TID:9725: going to fetch from 0 for size 30890553 on file 455 total size=30890553,rasize = 1048576, stride = 0 bytes, ptr=0x7f06c812d8d0, ino=24641690, inode=0x7f06c812d760
prefetcher_th: TID:9721: going to fetch from 0 for size 30890627 on file 456 total size=30890627,rasize = 1048576, stride = 0 bytes, ptr=0x7f06e00f7a70, ino=24641691, inode=0x7f06e00f7900
prefetcher_th: TID:9709: going to fetch from 0 for size 30890715 on file 457 total size=30890715,rasize = 1048576, stride = 0 bytes, ptr=0x55fc965d6000, ino=24641692, inode=0x55fc965d5e90
prefetcher_th: TID:9715: going to fetch from 0 for size 30890567 on file 458 total size=30890567,rasize = 1048576, stride = 0 bytes, ptr=0x7f0704044f20, ino=24641693, inode=0x7f0704044db0
prefetcher_th: TID:9722: going to fetch from 0 for size 30890728 on file 459 total size=30890728,rasize = 1048576, stride = 0 bytes, ptr=0x7f06e80415d0, ino=24641694, inode=0x7f06e8041460
prefetcher_th: TID:9716: going to fetch from 0 for size 30890659 on file 460 total size=30890659,rasize = 1048576, stride = 0 bytes, ptr=0x7f0708102580, ino=24641695, inode=0x7f0708102410
prefetcher_th: TID:9714: going to fetch from 0 for size 30890661 on file 461 total size=30890661,rasize = 1048576, stride = 0 bytes, ptr=0x7f07102f0850, ino=24641696, inode=0x7f07102f06e0
prefetcher_th: TID:9717: going to fetch from 0 for size 30890760 on file 462 total size=30890760,rasize = 1048576, stride = 0 bytes, ptr=0x7f06fc009780, ino=24641697, inode=0x7f06fc009610
prefetcher_th: TID:9713: going to fetch from 0 for size 30890545 on file 463 total size=30890545,rasize = 1048576, stride = 0 bytes, ptr=0x7f070c0e57d0, ino=24641698, inode=0x7f070c0e5660
prefetcher_th: TID:9712: going to fetch from 0 for size 30890585 on file 464 total size=30890585,rasize = 1048576, stride = 0 bytes, ptr=0x7f07143bc6b0, ino=24641700, inode=0x7f07143bc540
prefetcher_th: TID:9720: going to fetch from 0 for size 30890609 on file 465 total size=30890609,rasize = 1048576, stride = 0 bytes, ptr=0x7f06c0042340, ino=24641701, inode=0x7f06c00421d0
prefetcher_th: TID:9718: going to fetch from 0 for size 30890710 on file 466 total size=30890710,rasize = 1048576, stride = 0 bytes, ptr=0x7f06f8470f70, ino=24641702, inode=0x7f06f8470e00
prefetcher_th: TID:9709: going to fetch from 0 for size 30890529 on file 467 total size=30890529,rasize = 1048576, stride = 0 bytes, ptr=0x55fc965d9330, ino=24641704, inode=0x55fc965d91c0
prefetcher_th: TID:9719: going to fetch from 0 for size 30890591 on file 468 total size=30890591,rasize = 1048576, stride = 0 bytes, ptr=0x7f06b85f5610, ino=24641705, inode=0x7f06b85f54a0
prefetcher_th: TID:9723: going to fetch from 0 for size 30890521 on file 469 total size=30890521,rasize = 1048576, stride = 0 bytes, ptr=0x7f06f069bc30, ino=24641699, inode=0x7f06f069bac0
prefetcher_th: TID:9726: going to fetch from 0 for size 30890577 on file 470 total size=30890577,rasize = 1048576, stride = 0 bytes, ptr=0x7f06d80b2550, ino=24641706, inode=0x7f06d80b23e0
prefetcher_th: TID:9715: going to fetch from 0 for size 30890754 on file 471 total size=30890754,rasize = 1048576, stride = 0 bytes, ptr=0x7f0704048250, ino=24641707, inode=0x7f07040480e0
prefetcher_th: TID:9722: going to fetch from 0 for size 30890648 on file 472 total size=30890648,rasize = 1048576, stride = 0 bytes, ptr=0x7f06e8044900, ino=24641708, inode=0x7f06e8044790
prefetcher_th: TID:9716: going to fetch from 0 for size 30890792 on file 473 total size=30890792,rasize = 1048576, stride = 0 bytes, ptr=0x7f07081058b0, ino=24641709, inode=0x7f0708105740
prefetcher_th: TID:9724: going to fetch from 0 for size 30890585 on file 474 total size=30890585,rasize = 1048576, stride = 0 bytes, ptr=0x7f06d0661da0, ino=24641710, inode=0x7f06d0661c30
prefetcher_th: TID:9717: going to fetch from 0 for size 30890599 on file 475 total size=30890599,rasize = 1048576, stride = 0 bytes, ptr=0x7f06fc00cab0, ino=24641711, inode=0x7f06fc00c940
prefetcher_th: TID:9725: going to fetch from 0 for size 30890762 on file 476 total size=30890762,rasize = 1048576, stride = 0 bytes, ptr=0x7f06c8130c00, ino=24641712, inode=0x7f06c8130a90
prefetcher_th: TID:9709: going to fetch from 0 for size 30890592 on file 477 total size=30890592,rasize = 1048576, stride = 0 bytes, ptr=0x55fc965dc660, ino=24641713, inode=0x55fc965dc4f0
prefetcher_th: TID:9714: going to fetch from 0 for size 30890578 on file 478 total size=30890578,rasize = 1048576, stride = 0 bytes, ptr=0x7f07103bd2c0, ino=24641715, inode=0x7f07103bd150
prefetcher_th: TID:9713: going to fetch from 0 for size 30890517 on file 479 total size=30890517,rasize = 1048576, stride = 0 bytes, ptr=0x7f070c0e8b00, ino=24641716, inode=0x7f070c0e8990
prefetcher_th: TID:9715: going to fetch from 0 for size 30890667 on file 480 total size=30890667,rasize = 1048576, stride = 0 bytes, ptr=0x7f070404b580, ino=24641717, inode=0x7f070404b410
prefetcher_th: TID:9712: going to fetch from 0 for size 30890602 on file 481 total size=30890602,rasize = 1048576, stride = 0 bytes, ptr=0x7f071467f410, ino=24641718, inode=0x7f071467f2a0
prefetcher_th: TID:9721: going to fetch from 0 for size 30890556 on file 482 total size=30890556,rasize = 1048576, stride = 0 bytes, ptr=0x7f06e00fada0, ino=24641703, inode=0x7f06e00fac30
prefetcher_th: TID:9720: going to fetch from 0 for size 30890569 on file 483 total size=30890569,rasize = 1048576, stride = 0 bytes, ptr=0x7f06c0045670, ino=24641720, inode=0x7f06c0045500
prefetcher_th: TID:9716: going to fetch from 0 for size 30890582 on file 484 total size=30890582,rasize = 1048576, stride = 0 bytes, ptr=0x7f0708108be0, ino=24641721, inode=0x7f0708108a70
prefetcher_th: TID:9724: going to fetch from 0 for size 30890715 on file 485 total size=30890715,rasize = 1048576, stride = 0 bytes, ptr=0x7f06d06652e0, ino=24641722, inode=0x7f06d0665170
prefetcher_th: TID:9717: going to fetch from 0 for size 30890536 on file 486 total size=30890536,rasize = 1048576, stride = 0 bytes, ptr=0x7f06fc00fde0, ino=24641724, inode=0x7f06fc00fc70
prefetcher_th: TID:9722: going to fetch from 0 for size 30890558 on file 487 total size=30890558,rasize = 1048576, stride = 0 bytes, ptr=0x7f06e8047c30, ino=24641719, inode=0x7f06e8047ac0
prefetcher_th: TID:9725: going to fetch from 0 for size 30890548 on file 488 total size=30890548,rasize = 1048576, stride = 0 bytes, ptr=0x7f06c8133f30, ino=24641725, inode=0x7f06c8133dc0
prefetcher_th: TID:9718: going to fetch from 0 for size 30890653 on file 489 total size=30890653,rasize = 1048576, stride = 0 bytes, ptr=0x7f06f86ddf00, ino=24641723, inode=0x7f06f8474130
prefetcher_th: TID:9719: going to fetch from 0 for size 30890619 on file 490 total size=30890619,rasize = 1048576, stride = 0 bytes, ptr=0x7f06b85f8940, ino=24641726, inode=0x7f06b85f87d0
prefetcher_th: TID:9709: going to fetch from 0 for size 30890658 on file 491 total size=30890658,rasize = 1048576, stride = 0 bytes, ptr=0x55fc965df990, ino=24641727, inode=0x55fc965df820
prefetcher_th: TID:9714: going to fetch from 0 for size 30890665 on file 492 total size=30890665,rasize = 1048576, stride = 0 bytes, ptr=0x7f07103c0460, ino=24641728, inode=0x7f07103c02f0
prefetcher_th: TID:9726: going to fetch from 0 for size 30890558 on file 493 total size=30890558,rasize = 1048576, stride = 0 bytes, ptr=0x7f06d80b5880, ino=24641729, inode=0x7f06d80b5710
prefetcher_th: TID:9723: going to fetch from 0 for size 30890709 on file 494 total size=30890709,rasize = 1048576, stride = 0 bytes, ptr=0x7f06f069ef40, ino=24641714, inode=0x7f06f069edd0
prefetcher_th: TID:9713: going to fetch from 0 for size 30890706 on file 495 total size=30890706,rasize = 1048576, stride = 0 bytes, ptr=0x7f070c0ebe30, ino=24641730, inode=0x7f070c0ebcc0
prefetcher_th: TID:9715: going to fetch from 0 for size 30890617 on file 496 total size=30890617,rasize = 1048576, stride = 0 bytes, ptr=0x7f070404e8b0, ino=24641731, inode=0x7f070404e740
prefetcher_th: TID:9712: going to fetch from 0 for size 30890696 on file 497 total size=30890696,rasize = 1048576, stride = 0 bytes, ptr=0x7f0714682590, ino=24641732, inode=0x7f0714682420
prefetcher_th: TID:9721: going to fetch from 0 for size 30890683 on file 498 total size=30890683,rasize = 1048576, stride = 0 bytes, ptr=0x7f06e00fe0d0, ino=24641733, inode=0x7f06e00fdf60
prefetcher_th: TID:9720: going to fetch from 0 for size 30890562 on file 499 total size=30890562,rasize = 1048576, stride = 0 bytes, ptr=0x7f06c00489a0, ino=24641734, inode=0x7f06c0048830
prefetcher_th: TID:9716: going to fetch from 0 for size 30890728 on file 500 total size=30890728,rasize = 1048576, stride = 0 bytes, ptr=0x7f070810bf10, ino=24641735, inode=0x7f070810bda0
prefetcher_th: TID:9724: going to fetch from 0 for size 30890591 on file 501 total size=30890591,rasize = 1048576, stride = 0 bytes, ptr=0x7f06d0668610, ino=24641736, inode=0x7f06d06684a0
prefetcher_th: TID:9717: going to fetch from 0 for size 30890648 on file 502 total size=30890648,rasize = 1048576, stride = 0 bytes, ptr=0x7f06fc013110, ino=24641737, inode=0x7f06fc012fa0
prefetcher_th: TID:9722: going to fetch from 0 for size 30890722 on file 503 total size=30890722,rasize = 1048576, stride = 0 bytes, ptr=0x7f06e804af60, ino=24641738, inode=0x7f06e804adf0
prefetcher_th: TID:9718: going to fetch from 0 for size 30890592 on file 504 total size=30890592,rasize = 1048576, stride = 0 bytes, ptr=0x7f06f86e0080, ino=24641739, inode=0x7f06f86dff10
prefetcher_th: TID:9709: going to fetch from 0 for size 30890566 on file 505 total size=30890566,rasize = 1048576, stride = 0 bytes, ptr=0x55fc965e2cc0, ino=24641740, inode=0x55fc965e2b50
prefetcher_th: TID:9723: going to fetch from 0 for size 30890653 on file 506 total size=30890653,rasize = 1048576, stride = 0 bytes, ptr=0x7f06f06a2270, ino=24641742, inode=0x7f06f06a2100
prefetcher_th: TID:9713: going to fetch from 0 for size 30890740 on file 507 total size=30890740,rasize = 1048576, stride = 0 bytes, ptr=0x7f070c0ef160, ino=24641743, inode=0x7f070c0eeff0
prefetcher_th: TID:9715: going to fetch from 0 for size 30890575 on file 508 total size=30890575,rasize = 1048576, stride = 0 bytes, ptr=0x7f0704051be0, ino=24641744, inode=0x7f0704051a70
prefetcher_th: TID:9714: going to fetch from 0 for size 30890599 on file 509 total size=30890599,rasize = 1048576, stride = 0 bytes, ptr=0x7f07103c3650, ino=24641741, inode=0x7f07103c34e0
prefetcher_th: TID:9725: going to fetch from 0 for size 30890563 on file 510 total size=30890563,rasize = 1048576, stride = 0 bytes, ptr=0x7f06c8385750, ino=24641745, inode=0x7f06c83855e0
prefetcher_th: TID:9712: going to fetch from 0 for size 30890556 on file 511 total size=30890556,rasize = 1048576, stride = 0 bytes, ptr=0x7f07146857c0, ino=24641746, inode=0x7f0714685650
prefetcher_th: TID:9721: going to fetch from 0 for size 30890586 on file 512 total size=30890586,rasize = 1048576, stride = 0 bytes, ptr=0x7f06e0101400, ino=24641747, inode=0x7f06e0101290
prefetcher_th: TID:9716: going to fetch from 0 for size 30890659 on file 513 total size=30890659,rasize = 1048576, stride = 0 bytes, ptr=0x7f070810f240, ino=24641750, inode=0x7f070810f0d0
prefetcher_th: TID:9720: going to fetch from 0 for size 30890591 on file 514 total size=30890591,rasize = RocksDB:    version 7.6.0
Date:       Thu Sep 15 18:19:15 2022
