ENABLE_FILE_STATS in con
ENABLE_FILE_STATS in per_thread_ds
ENABLE_FILE_STATS in con
ENABLE_FILE_STATS in per_thread_ds
ENABLE_FILE_STATS in per_thread_ds
ENABLE_FILE_STATS in per_thread_ds
Command terminated by signal 11
	Command being timed: "./db_bench --db=/users/kannan11/ssd/prefetching/appbench/apps/rocksdb/DATA --value_size=4096 --wal_dir=/users/kannan11/ssd/prefetching/appbench/apps/rocksdb/DATA/WAL_LOG --sync=0 --key_size=1000 --write_buffer_size=67108864 --num=5000000 --seed=1576170874 --benchmarks=readreverse --use_existing_db=1 --mmap_read=0 --threads=8"
	User time (seconds): 0.00
	System time (seconds): 0.00
	Percent of CPU this job got: 59%
	Elapsed (wall clock) time (h:mm:ss or m:ss): 0:00.02
	Average shared text size (kbytes): 0
	Average unshared data size (kbytes): 0
	Average stack size (kbytes): 0
	Average total size (kbytes): 0
	Maximum resident set size (kbytes): 13780
	Average resident set size (kbytes): 0
	Major (requiring I/O) page faults: 76
	Minor (reclaiming a frame) page faults: 1792
	Voluntary context switches: 157
	Involuntary context switches: 0
	Swaps: 0
	File system inputs: 17200
	File system outputs: 16
	Socket messages sent: 0
	Socket messages received: 0
	Signals delivered: 0
	Page size (bytes): 4096
	Exit status: 0
DESTRUCTOR GETTING CALLED 
PRINT_GLOBAL_STATS in dest
PRINT_GLOBAL_LIB_STATS in dest
Total nr_ra = 0
Total nr_bytes_ra = 0
[103008.877389] sh (9543): drop_caches: 3
[103008.907488] sh (9548): drop_caches: 3
[103013.932474] write_proc_unbounded: Value of write = 0
[103013.932482] write_proc_2mb_limit: Value of write = 0
[103013.932486] write_proc_bitmap_shift: Value of write = 28
[103013.940848] write_proc_unbounded: Value of write = 0
[103013.940857] write_proc_2mb_limit: Value of write = 0
[103013.940861] write_proc_bitmap_shift: Value of write = 28
[103013.955014] thread-pool-2[9563]: segfault at 0 ip 00007fdb3c0593b4 sp 00007fdb38ddb940 error 4
[103013.955025] Code: 89 c7 e8 bf ee ff ff 48 89 45 98 48 8b 85 68 ff ff ff 48 89 c7 e8 fc e9 ff ff 48 8b 45 90 4c 8b 50 40 48 8b 45 90 48 8b 40 40 <44> 8b 08 48 8b 45 98 4c 8b 00 48 8b 45 90 48 8b 78 28 48 8b 45 90
[103013.955178] thread-pool-1[9562]: segfault at 0 ip 00007fdb3c0593b4 sp 00007fdb395dc940 error 4 in lib_Cross_Blind.so[7fdb3c054000+b000]
[103013.955190] Code: 89 c7 e8 bf ee ff ff 48 89 45 98 48 8b 85 68 ff ff ff 48 89 c7 e8 fc e9 ff ff 48 8b 45 90 4c 8b 50 40 48 8b 45 90 48 8b 40 40 <44> 8b 08 48 8b 45 98 4c 8b 00 48 8b 45 90 48 8b 78 28 48 8b 45 90
[103013.957366] write_proc_unbounded: Value of write = 0
[103013.957372] write_proc_2mb_limit: Value of write = 0
