available: 2 nodes (0-1)
node 0 cpus: 0 1 2 3 4 5 6 7 16 17 18 19 20 21 22 23
node 0 size: 63006 MB
node 0 free: 3009 MB
node 1 cpus: 8 9 10 11 12 13 14 15 24 25 26 27 28 29 30 31
node 1 size: 63484 MB
node 1 free: 9739 MB
node distances:
node   0   1 
  0:  10  21 
  1:  21  10 
initiating tracing...
initiating tracing...
initiating tracing...
initiating tracing...
initiating tracing...
initiating tracing...
initiating tracing...
initiating tracing...
initiating tracing...
initiating tracing...
initiating tracing...
initiating tracing...
initiating tracing...
initiating tracing...
initiating tracing...
initiating tracing...
initiating tracing...
initiating tracing...
initiating tracing...
initiating tracing...
initiating tracing...
initiating tracing...
initiating tracing...
initiating tracing...
initiating tracing...
initiating tracing...
initiating tracing...
initiating tracing...
initiating tracing...
initiating tracing...
initiating tracing...
initiating tracing...
initiating tracing...
initiating tracing...
initiating tracing...
graph_generation:               33.837455 s
construction_time:              106.998410 s
[mpiexec@node-0.storage.fsperfatscale-pg0.wisc.cloudlab.us] Sending Ctrl-C to processes as requested
[mpiexec@node-0.storage.fsperfatscale-pg0.wisc.cloudlab.us] Press Ctrl-C again to force abort
Ctrl-C caught... cleaning up processes
[proxy:0:0@node-0.storage.fsperfatscale-pg0.wisc.cloudlab.us] HYD_pmcd_pmip_control_cmd_cb (pm/pmiserv/pmip_cb.c:883): assert (!closed) failed
[proxy:0:0@node-0.storage.fsperfatscale-pg0.wisc.cloudlab.us] HYDT_dmxu_poll_wait_for_event (tools/demux/demux_poll.c:77): callback returned error status
[proxy:0:0@node-0.storage.fsperfatscale-pg0.wisc.cloudlab.us] main (pm/pmiserv/pmip.c:202): demux engine error waiting for event
application termination...
[mpiexec@node-0.storage.fsperfatscale-pg0.wisc.cloudlab.us] HYDT_bscu_wait_for_completion (tools/bootstrap/utils/bscu_wait.c:76): one of the processes terminated badly; aborting
[mpiexec@node-0.storage.fsperfatscale-pg0.wisc.cloudlab.us] HYDT_bsci_wait_for_completion (tools/bootstrap/src/bsci_wait.c:23): launcher returned error waiting for completion
[mpiexec@node-0.storage.fsperfatscale-pg0.wisc.cloudlab.us] HYD_pmci_wait_for_completion (pm/pmiserv/pmiserv_pmci.c:218): launcher returned error waiting for completion
[mpiexec@node-0.storage.fsperfatscale-pg0.wisc.cloudlab.us] main (ui/mpich/mpiexec.c:340): process manager error waiting for completion
application termination...
Command exited with non-zero status 255
	Command being timed: "mpiexec -n 32 ./graph500_reference_bfs 25 20"
	User time (seconds): 0.01
	System time (seconds): 0.05
	Percent of CPU this job got: 0%
	Elapsed (wall clock) time (h:mm:ss or m:ss): 4:56.20
	Average shared text size (kbytes): 0
	Average unshared data size (kbytes): 0
	Average stack size (kbytes): 0
	Average total size (kbytes): 0
	Maximum resident set size (kbytes): 3188
	Average resident set size (kbytes): 0
	Major (requiring I/O) page faults: 53
	Minor (reclaiming a frame) page faults: 1499
	Voluntary context switches: 707
	Involuntary context switches: 5
	Swaps: 0
	File system inputs: 4072
	File system outputs: 24
	Socket messages sent: 0
	Socket messages received: 0
	Signals delivered: 0
	Page size (bytes): 4096
	Exit status: 255
application termination...
