RocksDB:    version 7.6.0
Date:       Fri Oct  7 23:53:27 2022
CPU:        128 * AMD EPYC 7543 32-Core Processor
CPUCache:   512 KB
Initializing RocksDB Options from the specified file
Initializing RocksDB Options from command-line flags
Integrated BlobDB: blob cache disabled
Keys:       1000 bytes each (+ 0 bytes user-defined timestamp)
Values:     4096 bytes each (2048 bytes after compression)
Entries:    0
Prefix:    0 bytes
Keys per prefix:    0
RawSize:    0.0 MB (estimated)
FileSize:   0.0 MB (estimated)
Write rate: 0 bytes/second
Read rate: 0 ops/second
Compression: Snappy
Compression sampling rate: 0
Memtablerep: SkipListFactory
Perf Level: 1
------------------------------------------------
DB path: [/users/kannan11/ssd/prefetching/appbench/apps/rocksdb/DATA]
readreverse  :    1048.000 micros/op 6711 ops/sec 0.000 seconds 1 operations;
DESTRUCTOR GETTING CALLED 
PRINT_GLOBAL_LIB_STATS in dest
Total nr_ra = 36906
Total nr_bytes_ra = 154794983424
	Command being timed: "./db_bench --db=/users/kannan11/ssd/prefetching/appbench/apps/rocksdb/DATA --value_size=4096 --wal_dir=/users/kannan11/ssd/prefetching/appbench/apps/rocksdb/DATA/WAL_LOG --sync=0 --key_size=1000 --write_buffer_size=67108864 --num=0 --seed=1576170874 --benchmarks=readreverse --use_existing_db=1 --mmap_read=0 --threads=8"
	User time (seconds): 0.90
	System time (seconds): 11.85
	Percent of CPU this job got: 100%
	Elapsed (wall clock) time (h:mm:ss or m:ss): 0:12.74
	Average shared text size (kbytes): 0
	Average unshared data size (kbytes): 0
	Average stack size (kbytes): 0
	Average total size (kbytes): 0
	Maximum resident set size (kbytes): 13148848
	Average resident set size (kbytes): 0
	Major (requiring I/O) page faults: 83
	Minor (reclaiming a frame) page faults: 3287696
	Voluntary context switches: 5875
	Involuntary context switches: 282
	Swaps: 0
	File system inputs: 74697440
	File system outputs: 6616
	Socket messages sent: 0
	Socket messages received: 0
	Signals delivered: 0
	Page size (bytes): 4096
	Exit status: 0
DESTRUCTOR GETTING CALLED 
PRINT_GLOBAL_LIB_STATS in dest
Total nr_ra = 0
Total nr_bytes_ra = 0
[34110.252073] sh (35787): drop_caches: 3
[34110.297838] sh (35792): drop_caches: 3
[34115.333179] write_proc_unbounded: Value of write = 0
[34115.333194] write_proc_2mb_limit: Value of write = 0
[34115.333199] write_proc_bitmap_shift: Value of write = 38
[34115.340821] write_proc_unbounded: Value of write = 0
[34115.340836] write_proc_2mb_limit: Value of write = 0
[34115.340842] write_proc_bitmap_shift: Value of write = 38
[34127.816138] write_proc_unbounded: Value of write = 0
[34127.816150] write_proc_2mb_limit: Value of write = 0
[34128.074650] write_proc_unbounded: Value of write = 0
[34128.074667] write_proc_2mb_limit: Value of write = 0
