ENABLE_FILE_STATS in con
ENABLE_FILE_STATS in con
ENABLE_FILE_STATS in con
ENABLE_FILE_STATS in con
ENABLE_FILE_STATS in con
ENABLE_FILE_STATS in con
ENABLE_FILE_STATS in con
ENABLE_FILE_STATS in con
ENABLE_FILE_STATS in con
ENABLE_FILE_STATS in con
ENABLE_FILE_STATS in con
ENABLE_FILE_STATS in con
ENABLE_FILE_STATS in con
ENABLE_FILE_STATS in con
ENABLE_FILE_STATS in con
ENABLE_FILE_STATS in con
ENABLE_FILE_STATS in con
ENABLE_FILE_STATS in con
ENABLE_FILE_STATS in con
ENABLE_FILE_STATS in con
ENABLE_FILE_STATS in con
ENABLE_FILE_STATS in con
ENABLE_FILE_STATS in con
ENABLE_FILE_STATS in con
ENABLE_FILE_STATS in con
ENABLE_FILE_STATS in con
ENABLE_FILE_STATS in con
ENABLE_FILE_STATS in con
ENABLE_FILE_STATS in con
ENABLE_FILE_STATS in con
ENABLE_FILE_STATS in con
ENABLE_FILE_STATS in con
ENABLE_FILE_STATS in per_thread_ds
ENABLE_FILE_STATS in per_thread_ds
ENABLE_FILE_STATS in per_thread_ds
ENABLE_FILE_STATS in per_thread_ds
ENABLE_FILE_STATS in per_thread_ds
ENABLE_FILE_STATS in per_thread_ds
ENABLE_FILE_STATS in per_thread_ds
ENABLE_FILE_STATS in per_thread_ds
ENABLE_FILE_STATS in per_thread_ds
ENABLE_FILE_STATS in per_thread_ds
ENABLE_FILE_STATS in per_thread_ds
ENABLE_FILE_STATS in per_thread_ds
ENABLE_FILE_STATS in per_thread_ds
ENABLE_FILE_STATS in per_thread_ds
ENABLE_FILE_STATS in per_thread_ds
ENABLE_FILE_STATS in per_thread_ds
ENABLE_FILE_STATS in per_thread_ds
ENABLE_FILE_STATS in per_thread_ds
ENABLE_FILE_STATS in per_thread_ds
ENABLE_FILE_STATS in per_thread_ds
ENABLE_FILE_STATS in per_thread_ds
ENABLE_FILE_STATS in per_thread_ds
ERR:prefetcher_th, pg_diff==0
ERR:prefetcher_th, pg_diff==0
ERR:prefetcher_th, pg_diff==0
ERR:prefetcher_th, pg_diff==0
ERR:prefetcher_th, pg_diff==0
ERR:prefetcher_th, pg_diff==0
ERR:prefetcher_th, pg_diff==0
ERR:prefetcher_th, pg_diff==0
ERR:prefetcher_th, pg_diff==0
ERR:prefetcher_th, pg_diff==0
ERR:prefetcher_th, pg_diff==0
ERR:prefetcher_th, pg_diff==0
ERR:prefetcher_th, pg_diff==0
ERR:prefetcher_th, pg_diff==0
ERR:prefetcher_th, pg_diff==0
ERR:prefetcher_th, pg_diff==0
ERR:prefetcher_th, pg_diff==0
ERR:prefetcher_th, pg_diff==0
ERR:prefetcher_th, pg_diff==0
ERR:prefetcher_th, pg_diff==0
ERR:prefetcher_th, pg_diff==0
ERR:prefetcher_th, pg_diff==0
ERR:prefetcher_th, pg_diff==0
ERR:prefetcher_th, pg_diff==0
ERR:prefetcher_th, pg_diff==0
ERR:prefetcher_th, pg_diff==0
ERR:prefetcher_th, pg_diff==0
ERR:prefetcher_th, pg_diff==0
ERR:prefetcher_th, pg_diff==0
ERR:prefetcher_th, pg_diff==0
ERR:prefetcher_th, pg_diff==0
ERR:prefetcher_th, pg_diff==0
ERR:prefetcher_th, pg_diff==0
ERR:prefetcher_th, pg_diff==0
ERR:prefetcher_th, pg_diff==0
ERR:prefetcher_th, pg_diff==0
ERR:prefetcher_th, pg_diff==0
ERR:prefetcher_th, pg_diff==0
ERR:prefetcher_th, pg_diff==0
ERR:prefetcher_th, pg_diff==0
ERR:prefetcher_th, pg_diff==0
ERR:prefetcher_th, pg_diff==0
ERR:prefetcher_th, pg_diff==0
ERR:prefetcher_th, pg_diff==0
ERR:prefetcher_th, pg_diff==0
ERR:prefetcher_th, pg_diff==0
ERR:prefetcher_th, pg_diff==0
ERR:prefetcher_th, pg_diff==0
ENABLE_FILE_STATS in per_thread_ds
ENABLE_FILE_STATS in per_thread_ds
ENABLE_FILE_STATS in per_thread_ds
ENABLE_FILE_STATS in per_thread_ds
ENABLE_FILE_STATS in per_thread_ds
ENABLE_FILE_STATS in per_thread_ds
ERR:prefetcher_th, pg_diff==0
ERR:prefetcher_th, pg_diff==0
ERR:prefetcher_th, pg_diff==0
ERR:prefetcher_th, pg_diff==0
ERR:prefetcher_th, pg_diff==0
ERR:prefetcher_th, pg_diff==0
ENABLE_FILE_STATS in per_thread_ds
ERR:prefetcher_th, pg_diff==0
ERR:prefetcher_th, pg_diff==0
ERR:prefetcher_th, pg_diff==0
ERR:prefetcher_th, pg_diff==0
ERR:prefetcher_th, pg_diff==0
ERR:prefetcher_th, pg_diff==0
ERR:prefetcher_th, pg_diff==0
ERR:prefetcher_th, pg_diff==0
ENABLE_FILE_STATS in per_thread_ds
ENABLE_FILE_STATS in per_thread_ds
ENABLE_FILE_STATS in per_thread_ds
record_open: fd=8 filesize=214 is smaller than 5242880 bytes
record_open: fd=8 filesize=214 is smaller than 5242880 bytes
record_open: fd=8 filesize=214 is smaller than 5242880 bytes
record_open: fd=8 filesize=214 is smaller than 5242880 bytes
record_open: fd=8 filesize=214 is smaller than 5242880 bytes
record_open: fd=12 filesize=214 is smaller than 5242880 bytes
record_open: fd=8 filesize=214 is smaller than 5242880 bytes
record_open: fd=8 filesize=214 is smaller than 5242880 bytes
record_open: fd=8 filesize=214 is smaller than 5242880 bytes
record_open: fd=8 filesize=214 is smaller than 5242880 bytes
record_open: fd=8 filesize=214 is smaller than 5242880 bytes
record_open: fd=8 filesize=214 is smaller than 5242880 bytes
record_open: fd=8 filesize=214 is smaller than 5242880 bytes
record_open: fd=8 filesize=214 is smaller than 5242880 bytes
record_open: fd=8 filesize=214 is smaller than 5242880 bytes
record_open: fd=8 filesize=214 is smaller than 5242880 bytes
record_open: fd=8 filesize=214 is smaller than 5242880 bytes
record_open: fd=8 filesize=214 is smaller than 5242880 bytes
record_open: fd=8 filesize=214 is smaller than 5242880 bytes
record_open: fd=8 filesize=214 is smaller than 5242880 bytes
record_open: fd=8 filesize=214 is smaller than 5242880 bytes
record_open: fd=10 filesize=214 is smaller than 5242880 bytes
record_open: fd=8 filesize=214 is smaller than 5242880 bytes
record_open: fd=8 filesize=214 is smaller than 5242880 bytes
record_open: fd=8 filesize=214 is smaller than 5242880 bytes
record_open: fd=8 filesize=214 is smaller than 5242880 bytes
record_open: fd=8 filesize=214 is smaller than 5242880 bytes
record_open: fd=8 filesize=214 is smaller than 5242880 bytes
record_open: fd=8 filesize=214 is smaller than 5242880 bytes
record_open: fd=8 filesize=214 is smaller than 5242880 bytes
record_open: fd=8 filesize=214 is smaller than 5242880 bytes
record_open: fd=8 filesize=214 is smaller than 5242880 bytes
-------- Aggregate Performance --------
 READ Restart Perf: 5479.18 BW[MB/s] 49445306368 Bytes 8.60616 MaxTime[sec] 
Total nr_ra = 10923
Total nr_bytes_ra = 45814382592
DESTRUCTOR GETTING CALLED 
PRINT_GLOBAL_STATS in dest
PRINT_GLOBAL_LIB_STATS in dest
Total nr_ra = 10923
Total nr_bytes_ra = 45814382592
DESTRUCTOR GETTING CALLED 
PRINT_GLOBAL_STATS in dest
PRINT_GLOBAL_LIB_STATS in dest
DESTRUCTOR GETTING CALLED 
PRINT_GLOBAL_STATS in dest
PRINT_GLOBAL_LIB_STATS in dest
Total nr_ra = 10923
Total nr_bytes_ra = 45814382592
DESTRUCTOR GETTING CALLED 
PRINT_GLOBAL_STATS in dest
PRINT_GLOBAL_LIB_STATS in dest
Total nr_ra = 10923
Total nr_bytes_ra = 45814382592
DESTRUCTOR GETTING CALLED 
PRINT_GLOBAL_STATS in dest
Total nr_ra = 10923
Total nr_bytes_ra = 45814382592
PRINT_GLOBAL_LIB_STATS in dest
DESTRUCTOR GETTING CALLED 
PRINT_GLOBAL_STATS in dest
PRINT_GLOBAL_LIB_STATS in dest
DESTRUCTOR GETTING CALLED 
PRINT_GLOBAL_STATS in dest
PRINT_GLOBAL_LIB_STATS in dest
Total nr_ra = 10923
Total nr_bytes_ra = 45814382592
Total nr_ra = 10923
Total nr_bytes_ra = 45814382592
Total nr_ra = 10923
Total nr_bytes_ra = 45814382592
DESTRUCTOR GETTING CALLED 
DESTRUCTOR GETTING CALLED 
PRINT_GLOBAL_STATS in dest
PRINT_GLOBAL_LIB_STATS in dest
Total nr_ra = 10923
Total nr_bytes_ra = 45814382592
PRINT_GLOBAL_STATS in dest
PRINT_GLOBAL_LIB_STATS in dest
DESTRUCTOR GETTING CALLED 
PRINT_GLOBAL_STATS in dest
PRINT_GLOBAL_LIB_STATS in dest
Total nr_ra = 10923
Total nr_bytes_ra = 45814382592
DESTRUCTOR GETTING CALLED 
PRINT_GLOBAL_STATS in dest
PRINT_GLOBAL_LIB_STATS in dest
Total nr_ra = 10923
Total nr_bytes_ra = 45814382592
DESTRUCTOR GETTING CALLED 
DESTRUCTOR GETTING CALLED 
PRINT_GLOBAL_STATS in dest
PRINT_GLOBAL_STATS in dest
PRINT_GLOBAL_LIB_STATS in dest
PRINT_GLOBAL_LIB_STATS in dest
Total nr_ra = 10923
Total nr_bytes_ra = 45814382592
Total nr_ra = 10923
Total nr_bytes_ra = 45814382592
Total nr_ra = 10923
Total nr_bytes_ra = 45814382592
DESTRUCTOR GETTING CALLED 
PRINT_GLOBAL_STATS in dest
PRINT_GLOBAL_LIB_STATS in dest
DESTRUCTOR GETTING CALLED 
PRINT_GLOBAL_STATS in dest
PRINT_GLOBAL_LIB_STATS in dest
Total nr_ra = 10923
Total nr_bytes_ra = 45814382592
Total nr_ra = 10923
Total nr_bytes_ra = 45814382592
DESTRUCTOR GETTING CALLED 
PRINT_GLOBAL_STATS in dest
PRINT_GLOBAL_LIB_STATS in dest
DESTRUCTOR GETTING CALLED 
PRINT_GLOBAL_STATS in dest
PRINT_GLOBAL_LIB_STATS in dest
Total nr_ra = 10921
Total nr_bytes_ra = 45805993984
Total nr_ra = 10923
Total nr_bytes_ra = 45814382592
DESTRUCTOR GETTING CALLED 
PRINT_GLOBAL_STATS in dest
PRINT_GLOBAL_LIB_STATS in dest
Total nr_ra = 10923
Total nr_bytes_ra = 45814382592
DESTRUCTOR GETTING CALLED 
PRINT_GLOBAL_STATS in dest
PRINT_GLOBAL_LIB_STATS in dest
DESTRUCTOR GETTING CALLED 
PRINT_GLOBAL_STATS in dest
PRINT_GLOBAL_LIB_STATS in dest
Total nr_ra = 10923
Total nr_bytes_ra = 45814382592
DESTRUCTOR GETTING CALLED 
PRINT_GLOBAL_STATS in dest
PRINT_GLOBAL_LIB_STATS in dest
DESTRUCTOR GETTING CALLED 
PRINT_GLOBAL_STATS in dest
PRINT_GLOBAL_LIB_STATS in dest
Total nr_ra = 10923
Total nr_bytes_ra = 45814382592
Total nr_ra = 10923
Total nr_bytes_ra = 45814382592
DESTRUCTOR GETTING CALLED 
PRINT_GLOBAL_STATS in dest
Total nr_ra = 10923
Total nr_bytes_ra = 45814382592
PRINT_GLOBAL_LIB_STATS in dest
Total nr_ra = 10923
Total nr_bytes_ra = 45814382592
DESTRUCTOR GETTING CALLED 
PRINT_GLOBAL_STATS in dest
PRINT_GLOBAL_LIB_STATS in dest
Total nr_ra = 10923
Total nr_bytes_ra = 45814382592
DESTRUCTOR GETTING CALLED 
PRINT_GLOBAL_STATS in dest
PRINT_GLOBAL_LIB_STATS in dest
DESTRUCTOR GETTING CALLED 
PRINT_GLOBAL_STATS in dest
PRINT_GLOBAL_LIB_STATS in dest
Total nr_ra = 10923
Total nr_bytes_ra = 45814382592
DESTRUCTOR GETTING CALLED 
Total nr_ra = 10923
Total nr_bytes_ra = 45814382592
PRINT_GLOBAL_STATS in dest
PRINT_GLOBAL_LIB_STATS in dest
DESTRUCTOR GETTING CALLED 
Total nr_ra = 10923
Total nr_bytes_ra = 45814382592
DESTRUCTOR GETTING CALLED 
PRINT_GLOBAL_STATS in dest
PRINT_GLOBAL_LIB_STATS in dest
Total nr_ra = 10923
Total nr_bytes_ra = 45814382592
PRINT_GLOBAL_STATS in dest
PRINT_GLOBAL_LIB_STATS in dest
DESTRUCTOR GETTING CALLED 
DESTRUCTOR GETTING CALLED 
PRINT_GLOBAL_STATS in dest
PRINT_GLOBAL_LIB_STATS in dest
Total nr_ra = 10923
Total nr_bytes_ra = 45814382592
Total nr_ra = 10923
Total nr_bytes_ra = 45814382592
PRINT_GLOBAL_STATS in dest
PRINT_GLOBAL_LIB_STATS in dest
DESTRUCTOR GETTING CALLED 
PRINT_GLOBAL_STATS in dest
PRINT_GLOBAL_LIB_STATS in dest
Total nr_ra = 10923
Total nr_bytes_ra = 45814382592
[31829.063170] sh (13532): drop_caches: 3
[31829.120383] sh (13538): drop_caches: 3
[31829.163641] write_proc_unbounded: Value of write = 1
[31829.163650] write_proc_unbounded: Value of write = 1
[31829.163648] write_proc_unbounded: Value of write = 1
[31829.163659] write_proc_unbounded: Value of write = 1
[31829.163659] write_proc_unbounded: Value of write = 1
[31829.163660] write_proc_unbounded: Value of write = 1
[31829.163658] write_proc_unbounded: Value of write = 1
[31829.163659] write_proc_unbounded: Value of write = 1
[31829.163658] write_proc_unbounded: Value of write = 1
[31829.163660] write_proc_unbounded: Value of write = 1
[31829.163661] write_proc_unbounded: Value of write = 1
[31829.163671] write_proc_2mb_limit: Value of write = 1
[31829.163671] write_proc_2mb_limit: Value of write = 1
[31829.163675] write_proc_2mb_limit: Value of write = 1
[31829.163679] write_proc_2mb_limit: Value of write = 1
[31829.163680] write_proc_2mb_limit: Value of write = 1
[31829.163682] write_proc_2mb_limit: Value of write = 1
[31829.163682] write_proc_2mb_limit: Value of write = 1
[31829.163680] write_proc_unbounded: Value of write = 1
[31829.163684] write_proc_bitmap_shift: Value of write = 37
[31829.163686] write_proc_unbounded: Value of write = 1
[31829.163686] write_proc_2mb_limit: Value of write = 1
[31829.163686] write_proc_2mb_limit: Value of write = 1
[31829.163686] write_proc_2mb_limit: Value of write = 1
[31829.163687] write_proc_bitmap_shift: Value of write = 37
[31829.163686] write_proc_2mb_limit: Value of write = 1
[31829.163690] write_proc_bitmap_shift: Value of write = 37
[31829.163691] write_proc_bitmap_shift: Value of write = 37
[31829.163691] write_proc_bitmap_shift: Value of write = 37
[31829.163696] write_proc_bitmap_shift: Value of write = 37
[31829.163699] write_proc_unbounded: Value of write = 1
[31829.163701] write_proc_2mb_limit: Value of write = 1
[31829.163702] write_proc_2mb_limit: Value of write = 1
[31829.163705] write_proc_bitmap_shift: Value of write = 37
[31829.163706] write_proc_bitmap_shift: Value of write = 37
[31829.163706] write_proc_bitmap_shift: Value of write = 37
[31829.163707] write_proc_bitmap_shift: Value of write = 37
[31829.163708] write_proc_bitmap_shift: Value of write = 37
[31829.163709] write_proc_2mb_limit: Value of write = 1
[31829.163708] write_proc_unbounded: Value of write = 1
[31829.163718] write_proc_unbounded: Value of write = 1
[31829.163718] write_proc_unbounded: Value of write = 1
[31829.163718] write_proc_unbounded: Value of write = 1
[31829.163721] write_proc_bitmap_shift: Value of write = 37
[31829.163721] write_proc_bitmap_shift: Value of write = 37
[31829.163732] write_proc_bitmap_shift: Value of write = 37
[31829.163735] write_proc_2mb_limit: Value of write = 1
[31829.163737] write_proc_2mb_limit: Value of write = 1
[31829.163738] write_proc_2mb_limit: Value of write = 1
[31829.163738] write_proc_2mb_limit: Value of write = 1
[31829.163741] write_proc_bitmap_shift: Value of write = 37
[31829.163740] write_proc_unbounded: Value of write = 1
[31829.163744] write_proc_unbounded: Value of write = 1
[31829.163747] write_proc_bitmap_shift: Value of write = 37
[31829.163747] write_proc_bitmap_shift: Value of write = 37
[31829.163747] write_proc_bitmap_shift: Value of write = 37
[31829.163755] write_proc_2mb_limit: Value of write = 1
[31829.163753] write_proc_unbounded: Value of write = 1
[31829.163754] write_proc_unbounded: Value of write = 1
[31829.163758] write_proc_2mb_limit: Value of write = 1
[31829.163766] write_proc_bitmap_shift: Value of write = 37
[31829.163767] write_proc_unbounded: Value of write = 1
[31829.163767] write_proc_unbounded: Value of write = 1
[31829.163770] write_proc_bitmap_shift: Value of write = 37
[31829.163769] write_proc_unbounded: Value of write = 1
[31829.163771] write_proc_unbounded: Value of write = 1
[31829.163771] write_proc_2mb_limit: Value of write = 1
[31829.163772] write_proc_2mb_limit: Value of write = 1
[31829.163772] write_proc_unbounded: Value of write = 1
[31829.163773] write_proc_unbounded: Value of write = 1
[31829.163779] write_proc_2mb_limit: Value of write = 1
[31829.163779] write_proc_unbounded: Value of write = 1
[31829.163782] write_proc_2mb_limit: Value of write = 1
[31829.163783] write_proc_bitmap_shift: Value of write = 37
[31829.163783] write_proc_bitmap_shift: Value of write = 37
[31829.163783] write_proc_2mb_limit: Value of write = 1
[31829.163785] write_proc_2mb_limit: Value of write = 1
[31829.163786] write_proc_2mb_limit: Value of write = 1
[31829.163792] write_proc_2mb_limit: Value of write = 1
[31829.163792] write_proc_bitmap_shift: Value of write = 37
[31829.163793] write_proc_bitmap_shift: Value of write = 37
[31829.163793] write_proc_2mb_limit: Value of write = 1
[31829.163797] write_proc_bitmap_shift: Value of write = 37
[31829.163796] write_proc_bitmap_shift: Value of write = 37
[31829.163797] write_proc_bitmap_shift: Value of write = 37
[31829.163803] write_proc_unbounded: Value of write = 1
[31829.163804] write_proc_bitmap_shift: Value of write = 37
[31829.163806] write_proc_unbounded: Value of write = 1
[31829.163806] write_proc_bitmap_shift: Value of write = 37
[31829.163815] write_proc_2mb_limit: Value of write = 1
[31829.163816] write_proc_2mb_limit: Value of write = 1
[31829.163821] write_proc_bitmap_shift: Value of write = 37
[31829.163822] write_proc_unbounded: Value of write = 1
[31829.163823] write_proc_bitmap_shift: Value of write = 37
[31829.163832] write_proc_2mb_limit: Value of write = 1
[31829.163836] write_proc_bitmap_shift: Value of write = 37
[31838.291596] write_proc_unbounded: Value of write = 0
[31838.291614] write_proc_2mb_limit: Value of write = 0
[31838.291720] write_proc_unbounded: Value of write = 0
[31838.291737] write_proc_2mb_limit: Value of write = 0
[31838.292398] write_proc_unbounded: Value of write = 0
[31838.292408] write_proc_2mb_limit: Value of write = 0
[31838.292454] write_proc_unbounded: Value of write = 0
[31838.292471] write_proc_2mb_limit: Value of write = 0
[31838.292546] write_proc_unbounded: Value of write = 0
[31838.292563] write_proc_2mb_limit: Value of write = 0
[31838.292604] write_proc_unbounded: Value of write = 0
[31838.292623] write_proc_2mb_limit: Value of write = 0
[31838.292667] write_proc_unbounded: Value of write = 0
[31838.292674] write_proc_2mb_limit: Value of write = 0
[31838.292729] write_proc_unbounded: Value of write = 0
[31838.292737] write_proc_2mb_limit: Value of write = 0
[31838.292750] write_proc_unbounded: Value of write = 0
[31838.292761] write_proc_2mb_limit: Value of write = 0
[31838.292893] write_proc_unbounded: Value of write = 0
[31838.292902] write_proc_2mb_limit: Value of write = 0
[31838.292977] write_proc_unbounded: Value of write = 0
[31838.292984] write_proc_2mb_limit: Value of write = 0
[31838.293087] write_proc_unbounded: Value of write = 0
[31838.293087] write_proc_unbounded: Value of write = 0
[31838.293111] write_proc_2mb_limit: Value of write = 0
[31838.293111] write_proc_2mb_limit: Value of write = 0
[31838.293598] write_proc_unbounded: Value of write = 0
[31838.293608] write_proc_2mb_limit: Value of write = 0
[31838.293647] write_proc_unbounded: Value of write = 0
[31838.293654] write_proc_2mb_limit: Value of write = 0
[31838.293927] write_proc_unbounded: Value of write = 0
[31838.293927] write_proc_unbounded: Value of write = 0
[31838.293942] write_proc_2mb_limit: Value of write = 0
[31838.293942] write_proc_2mb_limit: Value of write = 0
[31838.293991] write_proc_unbounded: Value of write = 0
[31838.293999] write_proc_2mb_limit: Value of write = 0
[31838.294142] write_proc_unbounded: Value of write = 0
[31838.294150] write_proc_2mb_limit: Value of write = 0
[31838.294373] write_proc_unbounded: Value of write = 0
[31838.294383] write_proc_2mb_limit: Value of write = 0
[31838.294541] write_proc_unbounded: Value of write = 0
[31838.294549] write_proc_unbounded: Value of write = 0
[31838.294552] write_proc_2mb_limit: Value of write = 0
[31838.294559] write_proc_2mb_limit: Value of write = 0
[31838.294589] write_proc_unbounded: Value of write = 0
[31838.294594] write_proc_2mb_limit: Value of write = 0
[31838.294665] write_proc_unbounded: Value of write = 0
[31838.294669] write_proc_2mb_limit: Value of write = 0
[31838.294845] write_proc_unbounded: Value of write = 0
[31838.294854] write_proc_2mb_limit: Value of write = 0
[31838.294996] write_proc_unbounded: Value of write = 0
[31838.295004] write_proc_2mb_limit: Value of write = 0
[31838.295317] write_proc_unbounded: Value of write = 0
[31838.295325] write_proc_2mb_limit: Value of write = 0
[31838.295458] write_proc_unbounded: Value of write = 0
[31838.295466] write_proc_2mb_limit: Value of write = 0
[31838.295552] write_proc_unbounded: Value of write = 0
[31838.295558] write_proc_2mb_limit: Value of write = 0
[31838.295786] write_proc_unbounded: Value of write = 0
[31838.295792] write_proc_2mb_limit: Value of write = 0
[31838.295806] write_proc_unbounded: Value of write = 0
[31838.295811] write_proc_2mb_limit: Value of write = 0
[31838.307055] write_proc_unbounded: Value of write = 0
[31838.307071] write_proc_2mb_limit: Value of write = 0
