 === REPORT FOR pagerank() ===
[Numeric]
cachesize_mb:           4000
compression:            0
execthreads:            16
loadthreads:            8
membudget_mb:           8000
niothreads:             8
niters:         1
nshards:                8
nvertices:              1.24836e+08
scheduler:              0
serialized-updates:             5.0244e+07      (count: 8, min: 5.30982e+06, max: 9.4962e+06, avg: 6.2805e+06)
stripesize:             1.07374e+09
updates:                1.24836e+08
work:           1.80607e+09
[Timings]
execute-updates:                1.26304s         (count: 8, min: 0.1276s, max: 0.223823, avg: 0.15788s)
iomgr_init:             0.000196 s
memoryshard_create_edges:               13.8393s         (count: 8, min: 1.59142s, max: 2.07668, avg: 1.72991s)
preada_now:             4.32754s         (count: 467, min: 0.001945s, max: 0.047578, avg: 0.00926668s)
pwritea_now:            0.104549s        (count: 8, min: 0.010318s, max: 0.018677, avg: 0.0130686s)
runtime:                20.2759 s
stripedio_wait_for_reads:               1.7e-05s         (count: 8, min: 1e-06s, max: 3e-06, avg: 2.125e-06s)
stripedio_wait_for_writes:              1.2e-05s         (count: 10, min: 0s, max: 2e-06, avg: 1.2e-06s)
[Other]
app:    pagerank
engine: default
file:   /users/kannan11/ssd/prefetching/dataset/com-friendster.ungraph.txt
DESTRUCTOR GETTING CALLED 
        Command being timed: "/users/kannan11/ssd/prefetching/appbench/apps/graphchi/graphchi-cpp/bin/example_apps/pagerank file /users/kannan11/ssd/prefetching/dataset/com-friendster.ungraph.txt niters 1"
        User time (seconds): 497.50
        System time (seconds): 172.21
        Percent of CPU this job got: 130%
        Elapsed (wall clock) time (h:mm:ss or m:ss): 8:31.72
        Average shared text size (kbytes): 0
        Average unshared data size (kbytes): 0
        Average stack size (kbytes): 0
        Average total size (kbytes): 0
        Maximum resident set size (kbytes): 20952200
        Average resident set size (kbytes): 0
        Major (requiring I/O) page faults: 8
        Minor (reclaiming a frame) page faults: 44023366
        Voluntary context switches: 29889
        Involuntary context switches: 985
        Swaps: 0
        File system inputs: 65166488
        File system outputs: 74037616
        Socket messages sent: 0
        Socket messages received: 0
        Signals delivered: 0
        Page size (bytes): 4096
        Exit status: 0
DESTRUCTOR GETTING CALLED 
+ export LD_PRELOAD=
+ LD_PRELOAD=
+ set +x

