Received signal 11 (Segmentation fault)
#0   /usr/lib/lib_Cross_Blind.so(_Z13prefetcher_thPv+0x20) [0x7fca04d9e250] ??	??:0	DESTRUCTOR GETTING CALLED 	PRINT_GLOBAL_LIB_STATS in dest	Total nr_ra = 0	Total nr_bytes_ra = 0	
#1   /usr/lib/lib_Cross_Blind.so(+0x7ab9) [0x7fca04da0ab9] Command terminated by signal 11
	Command being timed: "./db_bench --db=/users/kannan11/ssd/prefetching/appbench/apps/rocksdb/DATA --value_size=4096 --wal_dir=/users/kannan11/ssd/prefetching/appbench/apps/rocksdb/DATA/WAL_LOG --sync=0 --key_size=1000 --write_buffer_size=67108864 --num=0 --seed=1576170874 --benchmarks=readwhilescanning --use_existing_db=1 --mmap_read=0 --threads=32"
	User time (seconds): 0.04
	System time (seconds): 0.89
	Percent of CPU this job got: 366%
	Elapsed (wall clock) time (h:mm:ss or m:ss): 0:00.25
	Average shared text size (kbytes): 0
	Average unshared data size (kbytes): 0
	Average stack size (kbytes): 0
	Average total size (kbytes): 0
	Maximum resident set size (kbytes): 41048
	Average resident set size (kbytes): 0
	Major (requiring I/O) page faults: 91
	Minor (reclaiming a frame) page faults: 11587
	Voluntary context switches: 774
	Involuntary context switches: 57
	Swaps: 0
	File system inputs: 558632
	File system outputs: 72
	Socket messages sent: 0
	Socket messages received: 0
	Signals delivered: 0
	Page size (bytes): 4096
	Exit status: 0
DESTRUCTOR GETTING CALLED 
PRINT_GLOBAL_LIB_STATS in dest
Total nr_ra = 0
Total nr_bytes_ra = 0
[33380.933952] sh (30543): drop_caches: 3
[33380.980470] sh (30548): drop_caches: 3
[33386.014498] write_proc_unbounded: Value of write = 0
[33386.014515] write_proc_2mb_limit: Value of write = 0
[33386.014520] write_proc_bitmap_shift: Value of write = 38
[33386.022469] write_proc_unbounded: Value of write = 0
[33386.022483] write_proc_2mb_limit: Value of write = 0
[33386.022488] write_proc_bitmap_shift: Value of write = 38
[33386.124397] write_proc_unbounded: Value of write = 0
[33386.124411] write_proc_2mb_limit: Value of write = 0
[33386.124417] write_proc_bitmap_shift: Value of write = 38
[33386.128346] write_proc_unbounded: Value of write = 0
[33386.128360] write_proc_2mb_limit: Value of write = 0
[33386.128365] write_proc_bitmap_shift: Value of write = 38
[33386.256765] write_proc_unbounded: Value of write = 0
[33386.256770] write_proc_2mb_limit: Value of write = 0
[33386.270078] traps: db_bench[30614] general protection fault ip:7fca04d9e250 sp:7fc9f5c5baa0 error:0
[33386.275396] write_proc_unbounded: Value of write = 0
[33386.275404] write_proc_2mb_limit: Value of write = 0
