ENABLE_FILE_STATS in con
ENABLE_FILE_STATS in con
RocksDB:    version 6.20
Date:       Wed Aug 10 16:20:08 2022
CPU:        48 * AMD EPYC 7402P 24-Core Processor
CPUCache:   512 KB
Initializing RocksDB Options from the specified file
Initializing RocksDB Options from command-line flags
Keys:       1000 bytes each (+ 0 bytes user-defined timestamp)
Values:     4096 bytes each (2048 bytes after compression)
Entries:    1000000
Prefix:    0 bytes
Keys per prefix:    0
RawSize:    4859.9 MB (estimated)
FileSize:   2906.8 MB (estimated)
Write rate: 0 bytes/second
Read rate: 0 ops/second
Compression: Snappy
Compression sampling rate: 0
Memtablerep: skip_list
Perf Level: 1
------------------------------------------------
DB path: [/users/kannan11/ssd/sudarsun/prefetching/appbench/apps/rocksdb/DATA]
compact      : 171423598.000 micros/op 0 ops/sec;
DESTRUCTOR GETTING CALLED 
PRINT_GLOBAL_STATS in dest
	Command being timed: "./db_bench --db=/users/kannan11/ssd/sudarsun/prefetching/appbench/apps/rocksdb/DATA --value_size=4096 --wal_dir=/users/kannan11/ssd/sudarsun/prefetching/appbench/apps/rocksdb/DATA/WAL_LOG --sync=0 --key_size=1000 --write_buffer_size=67108864 --num=1000000 --benchmarks=compact --use_existing_db=1 --mmap_read=0 --threads=16"
	User time (seconds): 8.58
	System time (seconds): 4.19
	Percent of CPU this job got: 106%
	Elapsed (wall clock) time (h:mm:ss or m:ss): 0:12.04
	Average shared text size (kbytes): 0
	Average unshared data size (kbytes): 0
	Average stack size (kbytes): 0
	Average total size (kbytes): 0
	Maximum resident set size (kbytes): 298940
	Average resident set size (kbytes): 0
	Major (requiring I/O) page faults: 75
	Minor (reclaiming a frame) page faults: 645701
	Voluntary context switches: 36493
	Involuntary context switches: 18
	Swaps: 0
	File system inputs: 5043216
	File system outputs: 4639624
	Socket messages sent: 0
	Socket messages received: 0
	Signals delivered: 0
	Page size (bytes): 4096
	Exit status: 0
DESTRUCTOR GETTING CALLED 
PRINT_GLOBAL_STATS in dest
[ 1293.245233] free_cross_bitmap: releasing mem for inode with i_count 2
[ 1293.255793] free_cross_bitmap: releasing mem for inode with i_count 2
[ 1293.266807] free_cross_bitmap: releasing mem for inode with i_count 2
[ 1293.277635] free_cross_bitmap: releasing mem for inode with i_count 2
[ 1293.284582] free_cross_bitmap: releasing mem for inode with i_count 2
[ 1293.299760] free_cross_bitmap: releasing mem for inode with i_count 2
[ 1293.311085] free_cross_bitmap: releasing mem for inode with i_count 2
[ 1293.322500] free_cross_bitmap: releasing mem for inode with i_count 2
[ 1293.330623] free_cross_bitmap: releasing mem for inode with i_count 2
[ 1293.344821] free_cross_bitmap: releasing mem for inode with i_count 2
[ 1293.355647] free_cross_bitmap: releasing mem for inode with i_count 2
[ 1293.366406] free_cross_bitmap: releasing mem for inode with i_count 2
[ 1293.377018] free_cross_bitmap: releasing mem for inode with i_count 2
[ 1293.387664] free_cross_bitmap: releasing mem for inode with i_count 2
[ 1293.398512] free_cross_bitmap: releasing mem for inode with i_count 2
[ 1293.409261] free_cross_bitmap: releasing mem for inode with i_count 2
[ 1293.419988] free_cross_bitmap: releasing mem for inode with i_count 2
[ 1293.430668] free_cross_bitmap: releasing mem for inode with i_count 2
[ 1293.441387] free_cross_bitmap: releasing mem for inode with i_count 2
[ 1293.452101] free_cross_bitmap: releasing mem for inode with i_count 2
[ 1293.463432] free_cross_bitmap: releasing mem for inode with i_count 2
[ 1293.474574] free_cross_bitmap: releasing mem for inode with i_count 2
[ 1293.485064] free_cross_bitmap: releasing mem for inode with i_count 2
[ 1293.495618] free_cross_bitmap: releasing mem for inode with i_count 2
[ 1293.502600] free_cross_bitmap: releasing mem for inode with i_count 2
[ 1293.517834] free_cross_bitmap: releasing mem for inode with i_count 2
[ 1293.529715] free_cross_bitmap: releasing mem for inode with i_count 2
[ 1293.540509] free_cross_bitmap: releasing mem for inode with i_count 2
[ 1293.551247] free_cross_bitmap: releasing mem for inode with i_count 2
[ 1293.562012] free_cross_bitmap: releasing mem for inode with i_count 2
[ 1293.572771] free_cross_bitmap: releasing mem for inode with i_count 2
[ 1293.583451] free_cross_bitmap: releasing mem for inode with i_count 2
[ 1293.594691] free_cross_bitmap: releasing mem for inode with i_count 2
[ 1293.606094] free_cross_bitmap: releasing mem for inode with i_count 2
[ 1293.616725] free_cross_bitmap: releasing mem for inode with i_count 2
[ 1293.627418] free_cross_bitmap: releasing mem for inode with i_count 2
[ 1293.638088] free_cross_bitmap: releasing mem for inode with i_count 2
[ 1293.645284] free_cross_bitmap: releasing mem for inode with i_count 2
[ 1293.652887] sh (9974): drop_caches: 3
[ 1293.682068] sh (10017): drop_caches: 3
[ 1298.706392] Enabled file stats for time:10024
[ 1298.706597] write_proc: Value of write = 1
[ 1298.711922] Enabled file stats for db_bench:10033
[ 1298.712108] write_proc: Value of write = 1
[ 1298.734519] alloc_cross_bitmap: preallocate 268435456 pg, nr_longs=4194304 in 12 millisec
[ 1298.734733] alloc_cross_bitmap: preallocate 268435456 pg, nr_longs=4194304 in 12 millisec
[ 1298.735456] alloc_cross_bitmap: preallocate 268435456 pg, nr_longs=4194304 in 12 millisec
[ 1298.735478] alloc_cross_bitmap: preallocate 268435456 pg, nr_longs=4194304 in 12 millisec
[ 1298.735501] alloc_cross_bitmap: preallocate 268435456 pg, nr_longs=4194304 in 12 millisec
[ 1298.735787] alloc_cross_bitmap: preallocate 268435456 pg, nr_longs=4194304 in 16 millisec
[ 1298.736248] alloc_cross_bitmap: preallocate 268435456 pg, nr_longs=4194304 in 16 millisec
[ 1298.736933] alloc_cross_bitmap: preallocate 268435456 pg, nr_longs=4194304 in 16 millisec
[ 1298.737024] alloc_cross_bitmap: preallocate 268435456 pg, nr_longs=4194304 in 16 millisec
[ 1298.737077] alloc_cross_bitmap: preallocate 268435456 pg, nr_longs=4194304 in 16 millisec
[ 1298.737265] alloc_cross_bitmap: preallocate 268435456 pg, nr_longs=4194304 in 16 millisec
[ 1298.737416] alloc_cross_bitmap: preallocate 268435456 pg, nr_longs=4194304 in 16 millisec
[ 1298.737429] alloc_cross_bitmap: preallocate 268435456 pg, nr_longs=4194304 in 16 millisec
[ 1298.738939] alloc_cross_bitmap: preallocate 268435456 pg, nr_longs=4194304 in 16 millisec
[ 1298.739093] alloc_cross_bitmap: preallocate 268435456 pg, nr_longs=4194304 in 16 millisec
[ 1298.739103] alloc_cross_bitmap: preallocate 268435456 pg, nr_longs=4194304 in 16 millisec
[ 1298.742355] alloc_cross_bitmap: preallocate 268435456 pg, nr_longs=4194304 in 4 millisec
[ 1298.742947] alloc_cross_bitmap: preallocate 268435456 pg, nr_longs=4194304 in 4 millisec
[ 1298.743102] alloc_cross_bitmap: preallocate 268435456 pg, nr_longs=4194304 in 4 millisec
[ 1298.744125] alloc_cross_bitmap: preallocate 268435456 pg, nr_longs=4194304 in 4 millisec
[ 1298.745635] alloc_cross_bitmap: preallocate 268435456 pg, nr_longs=4194304 in 4 millisec
[ 1298.746047] alloc_cross_bitmap: preallocate 268435456 pg, nr_longs=4194304 in 4 millisec
[ 1298.746926] alloc_cross_bitmap: preallocate 268435456 pg, nr_longs=4194304 in 4 millisec
[ 1298.748159] alloc_cross_bitmap: preallocate 268435456 pg, nr_longs=4194304 in 8 millisec
[ 1298.748581] alloc_cross_bitmap: preallocate 268435456 pg, nr_longs=4194304 in 8 millisec
[ 1298.748596] alloc_cross_bitmap: preallocate 268435456 pg, nr_longs=4194304 in 8 millisec
[ 1298.748768] alloc_cross_bitmap: preallocate 268435456 pg, nr_longs=4194304 in 4 millisec
[ 1298.753096] alloc_cross_bitmap: preallocate 268435456 pg, nr_longs=4194304 in 8 millisec
[ 1298.754399] alloc_cross_bitmap: preallocate 268435456 pg, nr_longs=4194304 in 8 millisec
[ 1298.755570] alloc_cross_bitmap: preallocate 268435456 pg, nr_longs=4194304 in 8 millisec
[ 1298.755640] alloc_cross_bitmap: preallocate 268435456 pg, nr_longs=4194304 in 8 millisec
[ 1298.755705] alloc_cross_bitmap: preallocate 268435456 pg, nr_longs=4194304 in 8 millisec
[ 1298.756061] alloc_cross_bitmap: preallocate 268435456 pg, nr_longs=4194304 in 12 millisec
[ 1298.756519] alloc_cross_bitmap: preallocate 268435456 pg, nr_longs=4194304 in 12 millisec
[ 1298.756617] alloc_cross_bitmap: preallocate 268435456 pg, nr_longs=4194304 in 12 millisec
[ 1298.756651] alloc_cross_bitmap: preallocate 268435456 pg, nr_longs=4194304 in 8 millisec
[ 1298.756752] alloc_cross_bitmap: preallocate 268435456 pg, nr_longs=4194304 in 8 millisec
[ 1298.757098] alloc_cross_bitmap: preallocate 268435456 pg, nr_longs=4194304 in 8 millisec
[ 1304.809234] alloc_cross_bitmap: preallocate 268435456 pg, nr_longs=4194304 in 4 millisec
[ 1304.813217] alloc_cross_bitmap: preallocate 268435456 pg, nr_longs=4194304 in 4 millisec
[ 1304.817334] alloc_cross_bitmap: preallocate 268435456 pg, nr_longs=4194304 in 4 millisec
[ 1304.821175] alloc_cross_bitmap: preallocate 268435456 pg, nr_longs=4194304 in 4 millisec
[ 1304.825060] alloc_cross_bitmap: preallocate 268435456 pg, nr_longs=4194304 in 4 millisec
[ 1304.829347] alloc_cross_bitmap: preallocate 268435456 pg, nr_longs=4194304 in 4 millisec
[ 1304.833940] alloc_cross_bitmap: preallocate 268435456 pg, nr_longs=4194304 in 4 millisec
[ 1304.838226] alloc_cross_bitmap: preallocate 268435456 pg, nr_longs=4194304 in 4 millisec
[ 1304.842722] alloc_cross_bitmap: preallocate 268435456 pg, nr_longs=4194304 in 4 millisec
[ 1304.847439] alloc_cross_bitmap: preallocate 268435456 pg, nr_longs=4194304 in 0 millisec
[ 1304.852291] alloc_cross_bitmap: preallocate 268435456 pg, nr_longs=4194304 in 4 millisec
[ 1304.857544] alloc_cross_bitmap: preallocate 268435456 pg, nr_longs=4194304 in 4 millisec
[ 1304.861627] alloc_cross_bitmap: preallocate 268435456 pg, nr_longs=4194304 in 4 millisec
[ 1304.866812] alloc_cross_bitmap: preallocate 268435456 pg, nr_longs=4194304 in 4 millisec
[ 1304.871395] alloc_cross_bitmap: preallocate 268435456 pg, nr_longs=4194304 in 0 millisec
[ 1304.898748] alloc_cross_bitmap: preallocate 268435456 pg, nr_longs=4194304 in 0 millisec
[ 1304.902307] alloc_cross_bitmap: preallocate 268435456 pg, nr_longs=4194304 in 4 millisec
[ 1304.903701] free_cross_bitmap: releasing mem for inode with i_count 2
[ 1304.911123] free_cross_bitmap: releasing mem for inode with i_count 2
[ 1304.918551] free_cross_bitmap: releasing mem for inode with i_count 2
[ 1304.925814] free_cross_bitmap: releasing mem for inode with i_count 2
[ 1304.932928] free_cross_bitmap: releasing mem for inode with i_count 2
[ 1304.940030] free_cross_bitmap: releasing mem for inode with i_count 2
[ 1304.947210] free_cross_bitmap: releasing mem for inode with i_count 2
[ 1304.954232] free_cross_bitmap: releasing mem for inode with i_count 2
[ 1304.961398] free_cross_bitmap: releasing mem for inode with i_count 2
[ 1304.968543] free_cross_bitmap: releasing mem for inode with i_count 2
[ 1304.975652] free_cross_bitmap: releasing mem for inode with i_count 2
[ 1304.982730] free_cross_bitmap: releasing mem for inode with i_count 2
[ 1304.990116] free_cross_bitmap: releasing mem for inode with i_count 2
[ 1304.997151] free_cross_bitmap: releasing mem for inode with i_count 2
[ 1305.004157] free_cross_bitmap: releasing mem for inode with i_count 2
[ 1305.011150] free_cross_bitmap: releasing mem for inode with i_count 2
[ 1305.018127] free_cross_bitmap: releasing mem for inode with i_count 2
[ 1305.025117] free_cross_bitmap: releasing mem for inode with i_count 2
[ 1305.032490] free_cross_bitmap: releasing mem for inode with i_count 2
[ 1305.039457] free_cross_bitmap: releasing mem for inode with i_count 2
[ 1309.260782] alloc_cross_bitmap: preallocate 268435456 pg, nr_longs=4194304 in 4 millisec
[ 1309.264652] alloc_cross_bitmap: preallocate 268435456 pg, nr_longs=4194304 in 4 millisec
[ 1309.268430] alloc_cross_bitmap: preallocate 268435456 pg, nr_longs=4194304 in 4 millisec
[ 1309.272241] alloc_cross_bitmap: preallocate 268435456 pg, nr_longs=4194304 in 4 millisec
[ 1309.276024] alloc_cross_bitmap: preallocate 268435456 pg, nr_longs=4194304 in 4 millisec
[ 1309.280377] alloc_cross_bitmap: preallocate 268435456 pg, nr_longs=4194304 in 4 millisec
[ 1309.284303] alloc_cross_bitmap: preallocate 268435456 pg, nr_longs=4194304 in 4 millisec
[ 1309.289209] alloc_cross_bitmap: preallocate 268435456 pg, nr_longs=4194304 in 4 millisec
[ 1309.293036] alloc_cross_bitmap: preallocate 268435456 pg, nr_longs=4194304 in 4 millisec
[ 1309.298146] alloc_cross_bitmap: preallocate 268435456 pg, nr_longs=4194304 in 4 millisec
[ 1309.303321] alloc_cross_bitmap: preallocate 268435456 pg, nr_longs=4194304 in 0 millisec
[ 1309.307135] alloc_cross_bitmap: preallocate 268435456 pg, nr_longs=4194304 in 0 millisec
[ 1309.312505] alloc_cross_bitmap: preallocate 268435456 pg, nr_longs=4194304 in 4 millisec
[ 1309.317617] alloc_cross_bitmap: preallocate 268435456 pg, nr_longs=4194304 in 4 millisec
[ 1309.319798] free_cross_bitmap: releasing mem for inode with i_count 2
[ 1309.328799] free_cross_bitmap: releasing mem for inode with i_count 2
[ 1309.336057] free_cross_bitmap: releasing mem for inode with i_count 2
[ 1309.343029] free_cross_bitmap: releasing mem for inode with i_count 2
[ 1309.350460] free_cross_bitmap: releasing mem for inode with i_count 2
[ 1309.357412] free_cross_bitmap: releasing mem for inode with i_count 2
[ 1309.364390] free_cross_bitmap: releasing mem for inode with i_count 2
[ 1309.371424] free_cross_bitmap: releasing mem for inode with i_count 2
[ 1309.378655] free_cross_bitmap: releasing mem for inode with i_count 2
[ 1309.385665] free_cross_bitmap: releasing mem for inode with i_count 2
[ 1309.392710] free_cross_bitmap: releasing mem for inode with i_count 2
[ 1309.399695] free_cross_bitmap: releasing mem for inode with i_count 2
[ 1309.406617] free_cross_bitmap: releasing mem for inode with i_count 2
[ 1309.413610] free_cross_bitmap: releasing mem for inode with i_count 2
[ 1310.702618] alloc_cross_bitmap: preallocate 268435456 pg, nr_longs=4194304 in 4 millisec
[ 1310.706421] alloc_cross_bitmap: preallocate 268435456 pg, nr_longs=4194304 in 4 millisec
[ 1310.710172] alloc_cross_bitmap: preallocate 268435456 pg, nr_longs=4194304 in 4 millisec
[ 1310.714018] alloc_cross_bitmap: preallocate 268435456 pg, nr_longs=4194304 in 4 millisec
[ 1310.716383] free_cross_bitmap: releasing mem for inode with i_count 2
[ 1310.725444] free_cross_bitmap: releasing mem for inode with i_count 2
[ 1310.732933] free_cross_bitmap: releasing mem for inode with i_count 2
[ 1310.739938] free_cross_bitmap: releasing mem for inode with i_count 2
[ 1310.749376] write_proc: Value of write = 0
[ 1310.749391] __do_sys_start_cross_trace: PRINT_GLOBAL_STATS 
[ 1310.749392] Final GlobalReport: nr_pages_read:1679392411, nr_pages_hit:1611815276, nr_do_read_fault:328726, nr_pages_miss:28683923
[ 1310.749433] FinalTaskReport: db_bench:10033 - ra_orig_nr_pages:0, ra_final_nr_pages:0
                                        async_pages:1056, final_async_pages:1410
                                        full_pfetches:0, less256_pfetches:0, partial_pfetches:0
                                        failed_pfetches:0, total_pfetches:0, os_pfetches:66
                                        nr_pages_read:679, nr_pages_hit:294, nr_do_read_fault:163
[ 1310.751307] write_proc: Value of write = 0
[ 1310.751319] __do_sys_start_cross_trace: PRINT_GLOBAL_STATS 
[ 1310.751320] Final GlobalReport: nr_pages_read:1679392411, nr_pages_hit:1611815276, nr_do_read_fault:328730, nr_pages_miss:28683923
[ 1310.751358] FinalTaskReport: time:10024 - ra_orig_nr_pages:0, ra_final_nr_pages:0
                                        async_pages:0, final_async_pages:25
                                        full_pfetches:0, less256_pfetches:0, partial_pfetches:0
                                        failed_pfetches:0, total_pfetches:0, os_pfetches:1
                                        nr_pages_read:0, nr_pages_hit:0, nr_do_read_fault:14
