ENABLE_FILE_STATS in con
ENABLE_FILE_STATS in con
RocksDB:    version 6.20
Date:       Thu Aug 11 09:13:54 2022
CPU:        48 * AMD EPYC 7402P 24-Core Processor
CPUCache:   512 KB
Initializing RocksDB Options from the specified file
Initializing RocksDB Options from command-line flags
Keys:       1000 bytes each (+ 0 bytes user-defined timestamp)
Values:     4096 bytes each (2048 bytes after compression)
Entries:    2000000
Prefix:    0 bytes
Keys per prefix:    0
RawSize:    9719.8 MB (estimated)
FileSize:   5813.6 MB (estimated)
Write rate: 0 bytes/second
Read rate: 0 ops/second
Compression: Snappy
Compression sampling rate: 0
Memtablerep: skip_list
Perf Level: 1
------------------------------------------------
DB path: [/users/kannan11/ssd/sudarsun/prefetching/appbench/apps/rocksdb/DATA]
compact      :     796.000 micros/op 3690 ops/sec;
DESTRUCTOR GETTING CALLED 
PRINT_GLOBAL_STATS in dest
	Command being timed: "./db_bench --db=/users/kannan11/ssd/sudarsun/prefetching/appbench/apps/rocksdb/DATA --value_size=4096 --wal_dir=/users/kannan11/ssd/sudarsun/prefetching/appbench/apps/rocksdb/DATA/WAL_LOG --sync=0 --key_size=1000 --write_buffer_size=67108864 --num=2000000 --benchmarks=compact --use_existing_db=1 --mmap_read=0 --threads=16"
	User time (seconds): 0.01
	System time (seconds): 0.28
	Percent of CPU this job got: 28%
	Elapsed (wall clock) time (h:mm:ss or m:ss): 0:01.07
	Average shared text size (kbytes): 0
	Average unshared data size (kbytes): 0
	Average stack size (kbytes): 0
	Average total size (kbytes): 0
	Maximum resident set size (kbytes): 308964
	Average resident set size (kbytes): 0
	Major (requiring I/O) page faults: 77
	Minor (reclaiming a frame) page faults: 75559
	Voluntary context switches: 512
	Involuntary context switches: 12
	Swaps: 0
	File system inputs: 17952
	File system outputs: 216
	Socket messages sent: 0
	Socket messages received: 0
	Signals delivered: 0
	Page size (bytes): 4096
	Exit status: 0
DESTRUCTOR GETTING CALLED 
PRINT_GLOBAL_STATS in dest
[62119.083946] free_cross_bitmap: releasing mem for inode with i_count 2
[62119.091377] free_cross_bitmap: releasing mem for inode with i_count 2
[62119.098736] free_cross_bitmap: releasing mem for inode with i_count 2
[62119.106057] free_cross_bitmap: releasing mem for inode with i_count 2
[62119.113806] free_cross_bitmap: releasing mem for inode with i_count 2
[62119.121081] free_cross_bitmap: releasing mem for inode with i_count 2
[62119.128281] free_cross_bitmap: releasing mem for inode with i_count 2
[62119.135504] free_cross_bitmap: releasing mem for inode with i_count 2
[62119.144743] free_cross_bitmap: releasing mem for inode with i_count 2
[62119.152240] sh (26885): drop_caches: 3
[62119.185804] sh (26899): drop_caches: 3
[62124.212660] Enabled file stats for time:26906
[62124.212867] write_proc: Value of write = 1
[62124.218728] Enabled file stats for db_bench:26915
[62124.218933] write_proc: Value of write = 1
[62124.258125] alloc_cross_bitmap: preallocate 268435456 pg, nr_longs=4194304 in 8 millisec
[62124.259259] alloc_cross_bitmap: preallocate 268435456 pg, nr_longs=4194304 in 12 millisec
[62124.259573] alloc_cross_bitmap: preallocate 268435456 pg, nr_longs=4194304 in 8 millisec
[62124.259625] alloc_cross_bitmap: preallocate 268435456 pg, nr_longs=4194304 in 8 millisec
[62124.259706] alloc_cross_bitmap: preallocate 268435456 pg, nr_longs=4194304 in 8 millisec
[62124.259765] alloc_cross_bitmap: preallocate 268435456 pg, nr_longs=4194304 in 8 millisec
[62124.259791] alloc_cross_bitmap: preallocate 268435456 pg, nr_longs=4194304 in 8 millisec
[62124.261934] alloc_cross_bitmap: preallocate 268435456 pg, nr_longs=4194304 in 8 millisec
[62124.261961] alloc_cross_bitmap: preallocate 268435456 pg, nr_longs=4194304 in 8 millisec
[62125.281922] write_proc: Value of write = 0
[62125.281939] __do_sys_start_cross_trace: PRINT_GLOBAL_STATS 
[62125.281940] Final GlobalReport: nr_pages_read:14939229471, nr_pages_hit:14652057819, nr_do_read_fault:7696665, nr_pages_miss:104104482
[62125.281982] FinalTaskReport: db_bench:26915 - ra_orig_nr_pages:0, ra_final_nr_pages:0
                                        async_pages:1084, final_async_pages:1210
                                        full_pfetches:0, less256_pfetches:0, partial_pfetches:0
                                        failed_pfetches:0, total_pfetches:0, os_pfetches:63
                                        nr_pages_read:188, nr_pages_hit:18, nr_do_read_fault:168
[62125.284265] write_proc: Value of write = 0
[62125.284281] __do_sys_start_cross_trace: PRINT_GLOBAL_STATS 
[62125.284282] Final GlobalReport: nr_pages_read:14939229471, nr_pages_hit:14652057819, nr_do_read_fault:7696670, nr_pages_miss:104104482
[62125.284328] FinalTaskReport: time:26906 - ra_orig_nr_pages:0, ra_final_nr_pages:0
                                        async_pages:0, final_async_pages:25
                                        full_pfetches:0, less256_pfetches:0, partial_pfetches:0
                                        failed_pfetches:0, total_pfetches:0, os_pfetches:1
                                        nr_pages_read:0, nr_pages_hit:0, nr_do_read_fault:17
