scripts/kconfig/conf  --syncconfig Kconfig
  CHK     include/config/kernel.release
  CHK     include/generated/uapi/linux/version.h
  DESCEND  objtool
  CHK     include/generated/utsrelease.h
  CHK     scripts/mod/devicetable-offsets.h
  CHK     include/generated/bounds.h
  CHK     include/generated/timeconst.h
  CHK     include/generated/asm-offsets.h
  CALL    scripts/checksyscalls.sh
  CHK     include/generated/compile.h
  SKIPPED include/generated/compile.h
  LDS     arch/x86/realmode/rm/realmode.lds
  LDS     arch/x86/entry/vdso/vdso.lds
  LD      arch/x86/realmode/rm/realmode.elf
  LDS     arch/x86/entry/vdso/vdsox32.lds
  RELOCS  arch/x86/realmode/rm/realmode.relocs
  LDS     arch/x86/entry/vdso/vdso32/vdso32.lds
  OBJCOPY arch/x86/realmode/rm/realmode.bin
  AS      arch/x86/realmode/rmpiggy.o
  VDSO    arch/x86/entry/vdso/vdso64.so.dbg
  VDSO    arch/x86/entry/vdso/vdsox32.so.dbg
  VDSO    arch/x86/entry/vdso/vdso32.so.dbg
  AR      arch/x86/realmode/built-in.a
  OBJCOPY arch/x86/entry/vdso/vdso64.so
  OBJCOPY arch/x86/entry/vdso/vdsox32.so
  VDSO2C  arch/x86/entry/vdso/vdso-image-64.c
  VDSO2C  arch/x86/entry/vdso/vdso-image-x32.c
  OBJCOPY arch/x86/entry/vdso/vdso32.so
  CC      arch/x86/entry/vdso/vdso-image-64.o
  CC      arch/x86/entry/vdso/vdso-image-x32.o
  VDSO2C  arch/x86/entry/vdso/vdso-image-32.c
  CC      arch/x86/entry/vdso/vdso-image-32.o
  AR      arch/x86/entry/vdso/built-in.a
  AR      arch/x86/entry/built-in.a
  LDS     arch/x86/kernel/vmlinux.lds
  AR      arch/x86/built-in.a
  CC      lib/rbtree.o
lib/rbtree.c: In function ‘__rb_insert’:
lib/rbtree.c:125:2: warning: ISO C90 forbids mixed declarations and code [-Wdeclaration-after-statement]
  struct rb_node *parent = rb_red_parent(node), *gparent, *tmp;
  ^
lib/rbtree.c:165:5: warning: multi-line comment [-Wcomment]
     //      / \          / \
     ^
lib/rbtree.c:189:5: warning: multi-line comment [-Wcomment]
     //     / \           / \
     ^
lib/rbtree.c:214:4: warning: multi-line comment [-Wcomment]
    //       / \         / \
    ^
lib/rbtree.c:216:4: warning: multi-line comment [-Wcomment]
    //     /                 \
    ^
lib/rbtree.c:165:5: warning: multi-line comment [-Wcomment]
     //      / \          / \
     ^
lib/rbtree.c:189:5: warning: multi-line comment [-Wcomment]
     //     / \           / \
     ^
lib/rbtree.c:214:4: warning: multi-line comment [-Wcomment]
    //       / \         / \
    ^
lib/rbtree.c:216:4: warning: multi-line comment [-Wcomment]
    //     /                 \
    ^
  AR      lib/lib.a
  EXPORTS lib/lib-ksyms.o
  AR      lib/built-in.a
  GEN     .version
  CHK     include/generated/compile.h
  SKIPPED include/generated/compile.h
  AR      built-in.a
  LD      vmlinux.o
  MODPOST vmlinux.o
  KSYM    .tmp_kallsyms1.o
  KSYM    .tmp_kallsyms2.o
  LD      vmlinux
  SORTEX  vmlinux
  SYSMAP  System.map
  Building modules, stage 2.
  LDS     arch/x86/boot/compressed/vmlinux.lds
  VOFFSET arch/x86/boot/compressed/../voffset.h
  OBJCOPY arch/x86/boot/compressed/vmlinux.bin
  RELOCS  arch/x86/boot/compressed/vmlinux.relocs
  GZIP    arch/x86/boot/compressed/vmlinux.bin.gz
  CC      arch/x86/boot/compressed/misc.o
  MKPIGGY arch/x86/boot/compressed/piggy.S
  AS      arch/x86/boot/compressed/piggy.o
  DATAREL arch/x86/boot/compressed/vmlinux
  LD      arch/x86/boot/compressed/vmlinux
  ZOFFSET arch/x86/boot/zoffset.h
  OBJCOPY arch/x86/boot/vmlinux.bin
  AS      arch/x86/boot/header.o
  LD      arch/x86/boot/setup.elf
  OBJCOPY arch/x86/boot/setup.bin
  BUILD   arch/x86/boot/bzImage
Setup is 17244 bytes (padded to 17408 bytes).
System is 8229 kB
CRC db060f42
Kernel: arch/x86/boot/bzImage is ready  (#2)
  MODPOST 4451 modules
  CHK     include/config/kernel.release
  CHK     include/generated/uapi/linux/version.h
  DESCEND  objtool
  CHK     include/generated/utsrelease.h
  CHK     scripts/mod/devicetable-offsets.h
  CHK     include/generated/bounds.h
  CHK     include/generated/timeconst.h
  CHK     include/generated/asm-offsets.h
  CALL    scripts/checksyscalls.sh
  CHK     include/generated/compile.h
  SKIPPED include/generated/compile.h
  DATAREL arch/x86/boot/compressed/vmlinux
Kernel: arch/x86/boot/bzImage is ready  (#2)
  CHK     include/config/kernel.release
  CHK     include/generated/uapi/linux/version.h
  DESCEND  objtool
  CHK     include/generated/utsrelease.h
  CHK     scripts/mod/devicetable-offsets.h
  CHK     include/generated/bounds.h
  CHK     include/generated/timeconst.h
  CHK     include/generated/asm-offsets.h
  CALL    scripts/checksyscalls.sh
  Building modules, stage 2.
  MODPOST 4451 modules
