mm/filemap.c:349:16: warning: unused variable ‘flags’ [-Wunused-variable]
./include/linux/types.h:141:17: warning: ISO C90 forbids mixed declarations and code [-Wdeclaration-after-statement]
mm/page_alloc.c:4510:1: warning: label ‘out’ defined but not used [-Wunused-label]
block/bio.c:1270:18: warning: format ‘%d’ expects argument of type ‘int’, but argument 4 has type ‘long unsigned int’ [-Wformat=]
block/blk-core.c:920:2: warning: ISO C90 forbids mixed declarations and code [-Wdeclaration-after-statement]
block/blk-core.c:920:8: warning: unused variable ‘fn’ [-Wunused-variable]
mm/vmscan.c:1606:3: warning: ISO C90 forbids mixed declarations and code [-Wdeclaration-after-statement]
mm/vmscan.c:1629:3: warning: ISO C90 forbids mixed declarations and code [-Wdeclaration-after-statement]
lib/raid6/recov_avx512.c:387:2: warning: #warning "your version of binutils lacks AVX512 support" [-Wcpp]
mm/hetero.c:269:18: warning: unused variable ‘res’ [-Wunused-variable]
mm/hetero.c:667:1: warning: label ‘out_putpage’ defined but not used [-Wunused-label]
mm/hetero.c:656:25: warning: unused variable ‘root’ [-Wunused-variable]
mm/hetero.c:727:23: warning: unused variable ‘flags’ [-Wunused-variable]
mm/hetero.c:810:13: warning: unused variable ‘i’ [-Wunused-variable]
mm/hetero.c:807:29: warning: unused variable ‘next’ [-Wunused-variable]
mm/hetero.c:841:22: warning: unused variable ‘next’ [-Wunused-variable]
mm/hetero.c:878:22: warning: unused variable ‘next’ [-Wunused-variable]
mm/hetero.c:1023:9: warning: ‘return’ with a value, in function returning void [enabled by default]
mm/hetero.c:932:6: warning: unused variable ‘destnode’ [-Wunused-variable]
mm/hetero.c:927:23: warning: unused variable ‘count’ [-Wunused-variable]
mm/hetero.c:926:29: warning: unused variable ‘next’ [-Wunused-variable]
mm/hetero.c:1081:9: warning: ‘return’ with a value, in function returning void [enabled by default]
mm/hetero.c:1036:6: warning: unused variable ‘destnode’ [-Wunused-variable]
mm/hetero.c:1033:23: warning: unused variable ‘count’ [-Wunused-variable]
mm/hetero.c:1100:3: warning: ‘return’ with no value, in function returning non-void [-Wreturn-type]
mm/hetero.c:1097:18: warning: unused variable ‘root’ [-Wunused-variable]
mm/hetero.c:1096:13: warning: unused variable ‘migrate_lock’ [-Wunused-variable]
mm/hetero.c:1094:6: warning: unused variable ‘err’ [-Wunused-variable]
mm/hetero.c:1092:6: warning: unused variable ‘destnode’ [-Wunused-variable]
mm/hetero.c:583:1: warning: control reaches end of non-void function [-Wreturn-type]
mm/hetero.c:683:1: warning: control reaches end of non-void function [-Wreturn-type]
mm/hetero.c:920:1: warning: control reaches end of non-void function [-Wreturn-type]
mm/slub.c:2458:31: warning: unused variable ‘hetero_map’ [-Wunused-variable]
mm/slub.c:3242:2: warning: ISO C90 forbids mixed declarations and code [-Wdeclaration-after-statement]
mm/slub.c:3275:2: warning: ISO C90 forbids mixed declarations and code [-Wdeclaration-after-statement]
mm/slub.c:3314:2: warning: ISO C90 forbids mixed declarations and code [-Wdeclaration-after-statement]
./arch/x86/include/asm/pgtable_64.h:326:26: warning: format ‘%u’ expects argument of type ‘unsigned int’, but argument 4 has type ‘long unsigned int’ [-Wformat=]
mm/migrate.c:1662:3: warning: ISO C90 forbids mixed declarations and code [-Wdeclaration-after-statement]
./arch/x86/include/asm/pgtable_64.h:326:26: warning: format ‘%u’ expects argument of type ‘unsigned int’, but argument 4 has type ‘long unsigned int’ [-Wformat=]
mm/migrate.c:1662:23: warning: unused variable ‘next’ [-Wunused-variable]
mm/migrate.c:1649:15: warning: unused variable ‘page2’ [-Wunused-variable]
mm/migrate.c:2044:3: warning: format ‘%u’ expects argument of type ‘unsigned int’, but argument 2 has type ‘long unsigned int’ [-Wformat=]
mm/migrate.c:1969:1: warning: label ‘retry’ defined but not used [-Wunused-label]
mm/migrate.c:2197:1: warning: label ‘retry’ defined but not used [-Wunused-label]
mm/migrate.c:2187:15: warning: unused variable ‘page2’ [-Wunused-variable]
lib/rbtree.c:181:5: warning: multi-line comment [-Wcomment]
lib/rbtree.c:205:5: warning: multi-line comment [-Wcomment]
lib/rbtree.c:230:4: warning: multi-line comment [-Wcomment]
lib/rbtree.c:232:4: warning: multi-line comment [-Wcomment]
./include/linux/bench.h:47:1: warning: ‘read_tsc’ defined but not used [-Wunused-function]
lib/rbtree.c:181:5: warning: multi-line comment [-Wcomment]
lib/rbtree.c:205:5: warning: multi-line comment [-Wcomment]
lib/rbtree.c:230:4: warning: multi-line comment [-Wcomment]
lib/rbtree.c:232:4: warning: multi-line comment [-Wcomment]
drivers/isdn/hardware/eicon/diddfunc.c:77:1: warning: the frame size of 1128 bytes is larger than 1024 bytes [-Wframe-larger-than=]
drivers/isdn/hardware/eicon/divasfunc.c:192:1: warning: the frame size of 1128 bytes is larger than 1024 bytes [-Wframe-larger-than=]
drivers/isdn/hardware/eicon/mntfunc.c:112:1: warning: the frame size of 1128 bytes is larger than 1024 bytes [-Wframe-larger-than=]
drivers/isdn/hardware/eicon/idifunc.c:223:1: warning: the frame size of 1128 bytes is larger than 1024 bytes [-Wframe-larger-than=]
drivers/isdn/hardware/eicon/capifunc.c:1094:1: warning: the frame size of 1128 bytes is larger than 1024 bytes [-Wframe-larger-than=]
drivers/isdn/hardware/eicon/message.c:5985:1: warning: the frame size of 1107 bytes is larger than 1024 bytes [-Wframe-larger-than=]
drivers/net/ethernet/chelsio/cxgb/common.h:38:0: warning: "pr_fmt" redefined [enabled by default]
drivers/net/ethernet/chelsio/cxgb/common.h:38:0: warning: "pr_fmt" redefined [enabled by default]
drivers/net/ethernet/chelsio/cxgb/common.h:38:0: warning: "pr_fmt" redefined [enabled by default]
drivers/net/ethernet/chelsio/cxgb/common.h:38:0: warning: "pr_fmt" redefined [enabled by default]
drivers/net/ethernet/chelsio/cxgb/common.h:38:0: warning: "pr_fmt" redefined [enabled by default]
drivers/net/ethernet/chelsio/cxgb/common.h:38:0: warning: "pr_fmt" redefined [enabled by default]
drivers/net/ethernet/chelsio/cxgb/common.h:38:0: warning: "pr_fmt" redefined [enabled by default]
fs/buffer.c:3378:13: warning: ‘add_to_hashtable_buffer_head’ defined but not used [-Wunused-function]
drivers/net/ethernet/neterion/vxge/vxge-main.c:119:1: warning: the frame size of 1040 bytes is larger than 1024 bytes [-Wframe-larger-than=]
drivers/usb/misc/usbtest.c:2126:1: warning: the frame size of 1192 bytes is larger than 1024 bytes [-Wframe-larger-than=]
