ENABLE_FILE_STATS in con
ENABLE_FILE_STATS in con
open error: IO error: While open a file for appending: /users/kannan11/ssd/sudarsun/prefetching/appbench/apps/rocksdb/DATA/002150.dbtmp: Too many open files
DESTRUCTOR GETTING CALLED 
PRINT_GLOBAL_STATS in dest
Set seed to 1660750808281168 because --seed was 0
Initializing RocksDB Options from the specified file
Initializing RocksDB Options from command-line flags
Integrated BlobDB: blob cache disabled
Command exited with non-zero status 1
	Command being timed: "./db_bench --db=/users/kannan11/ssd/sudarsun/prefetching/appbench/apps/rocksdb/DATA --value_size=4096 --wal_dir=/users/kannan11/ssd/sudarsun/prefetching/appbench/apps/rocksdb/DATA/WAL_LOG --sync=0 --key_size=1000 --write_buffer_size=67108864 --num=40000000 --benchmarks=readseq --use_existing_db=1 --mmap_read=0 --threads=8"
	User time (seconds): 1.55
	System time (seconds): 13.31
	Percent of CPU this job got: 162%
	Elapsed (wall clock) time (h:mm:ss or m:ss): 0:09.16
	Average shared text size (kbytes): 0
	Average unshared data size (kbytes): 0
	Average stack size (kbytes): 0
	Average total size (kbytes): 0
	Maximum resident set size (kbytes): 377196
	Average resident set size (kbytes): 0
	Major (requiring I/O) page faults: 87
	Minor (reclaiming a frame) page faults: 8426888
	Voluntary context switches: 9357
	Involuntary context switches: 40
	Swaps: 0
	File system inputs: 61351648
	File system outputs: 124880
	Socket messages sent: 0
	Socket messages received: 0
	Signals delivered: 0
	Page size (bytes): 4096
	Exit status: 1
DESTRUCTOR GETTING CALLED 
PRINT_GLOBAL_STATS in dest
[39249.734177] sh (7515): drop_caches: 3
[39249.761803] sh (7524): drop_caches: 3
[39254.787614] Enabled file stats for time:7531
[39254.787745] write_proc: Value of write = 1
[39254.794830] Enabled file stats for db_bench:7534
[39254.794977] write_proc: Value of write = 1
[39263.952478] write_proc: Value of write = 0
[39263.952494] __do_sys_start_cross_trace: PRINT_GLOBAL_STATS 
[39263.952495] Final GlobalReport: nr_pages_read:93787, nr_pages_hit:46321, nr_do_read_fault:2424, nr_pages_miss:136
[39263.952497] __do_sys_start_cross_trace: RESET_GLOBAL_STATS 
[39263.952546] FinalTaskReport: db_bench:7534 - ra_orig_nr_pages:0, ra_final_nr_pages:0
                                        async_pages:6324, final_async_pages:8250
                                        full_pfetches:0, less256_pfetches:0, partial_pfetches:0
                                        failed_pfetches:0, total_pfetches:0, os_pfetches:331
                                        nr_pages_read:44716, nr_pages_hit:41561, nr_do_read_fault:176
[39263.955039] write_proc: Value of write = 0
[39263.955056] __do_sys_start_cross_trace: PRINT_GLOBAL_STATS 
[39263.955057] Final GlobalReport: nr_pages_read:0, nr_pages_hit:0, nr_do_read_fault:6, nr_pages_miss:0
[39263.955059] __do_sys_start_cross_trace: RESET_GLOBAL_STATS 
[39263.955098] FinalTaskReport: time:7531 - ra_orig_nr_pages:0, ra_final_nr_pages:0
                                        async_pages:0, final_async_pages:25
                                        full_pfetches:0, less256_pfetches:0, partial_pfetches:0
                                        failed_pfetches:0, total_pfetches:0, os_pfetches:1
                                        nr_pages_read:0, nr_pages_hit:0, nr_do_read_fault:17
