ENABLE_FILE_STATS in con
ENABLE_FILE_STATS in con
open error: IO error: While open a file for appending: /users/kannan11/ssd/sudarsun/prefetching/appbench/apps/rocksdb/DATA/002138.dbtmp: Too many open files
DESTRUCTOR GETTING CALLED 
PRINT_GLOBAL_STATS in dest
Set seed to 1660750781079409 because --seed was 0
Initializing RocksDB Options from the specified file
Initializing RocksDB Options from command-line flags
Integrated BlobDB: blob cache disabled
Command exited with non-zero status 1
	Command being timed: "./db_bench --db=/users/kannan11/ssd/sudarsun/prefetching/appbench/apps/rocksdb/DATA --value_size=4096 --wal_dir=/users/kannan11/ssd/sudarsun/prefetching/appbench/apps/rocksdb/DATA/WAL_LOG --sync=0 --key_size=1000 --write_buffer_size=67108864 --num=40000000 --benchmarks=readseq --use_existing_db=1 --mmap_read=0 --threads=8"
	User time (seconds): 0.40
	System time (seconds): 0.37
	Percent of CPU this job got: 139%
	Elapsed (wall clock) time (h:mm:ss or m:ss): 0:00.56
	Average shared text size (kbytes): 0
	Average unshared data size (kbytes): 0
	Average stack size (kbytes): 0
	Average total size (kbytes): 0
	Maximum resident set size (kbytes): 349356
	Average resident set size (kbytes): 0
	Major (requiring I/O) page faults: 91
	Minor (reclaiming a frame) page faults: 103420
	Voluntary context switches: 11654
	Involuntary context switches: 9
	Swaps: 0
	File system inputs: 611056
	File system outputs: 124880
	Socket messages sent: 0
	Socket messages received: 0
	Signals delivered: 0
	Page size (bytes): 4096
	Exit status: 1
DESTRUCTOR GETTING CALLED 
PRINT_GLOBAL_STATS in dest
[39222.533330] sh (7401): drop_caches: 3
[39222.562446] sh (7406): drop_caches: 3
[39227.587103] Enabled file stats for time:7413
[39227.587230] write_proc: Value of write = 1
[39227.593104] Enabled file stats for db_bench:7416
[39227.593256] write_proc: Value of write = 1
[39228.146803] write_proc: Value of write = 0
[39228.146820] __do_sys_start_cross_trace: PRINT_GLOBAL_STATS 
[39228.146821] Final GlobalReport: nr_pages_read:1312, nr_pages_hit:788, nr_do_read_fault:2057, nr_pages_miss:4
[39228.146823] __do_sys_start_cross_trace: RESET_GLOBAL_STATS 
[39228.146874] FinalTaskReport: db_bench:7416 - ra_orig_nr_pages:0, ra_final_nr_pages:0
                                        async_pages:36460, final_async_pages:38632
                                        full_pfetches:0, less256_pfetches:0, partial_pfetches:0
                                        failed_pfetches:0, total_pfetches:0, os_pfetches:1287
                                        nr_pages_read:45219, nr_pages_hit:41774, nr_do_read_fault:180
[39228.149444] write_proc: Value of write = 0
[39228.149467] __do_sys_start_cross_trace: PRINT_GLOBAL_STATS 
[39228.149469] Final GlobalReport: nr_pages_read:0, nr_pages_hit:0, nr_do_read_fault:4, nr_pages_miss:0
[39228.149471] __do_sys_start_cross_trace: RESET_GLOBAL_STATS 
[39228.149523] FinalTaskReport: time:7413 - ra_orig_nr_pages:0, ra_final_nr_pages:0
                                        async_pages:0, final_async_pages:25
                                        full_pfetches:0, less256_pfetches:0, partial_pfetches:0
                                        failed_pfetches:0, total_pfetches:0, os_pfetches:1
                                        nr_pages_read:0, nr_pages_hit:0, nr_do_read_fault:14
