ENABLE_FILE_STATS in con
ENABLE_FILE_STATS in con
open error: IO error: While open a file for appending: /users/kannan11/ssd/sudarsun/prefetching/appbench/apps/rocksdb/DATA/002162.dbtmp: Too many open files
DESTRUCTOR GETTING CALLED 
PRINT_GLOBAL_STATS in dest
Set seed to 1660750845766363 because --seed was 0
Initializing RocksDB Options from the specified file
Initializing RocksDB Options from command-line flags
Integrated BlobDB: blob cache disabled
Command exited with non-zero status 1
	Command being timed: "./db_bench --db=/users/kannan11/ssd/sudarsun/prefetching/appbench/apps/rocksdb/DATA --value_size=4096 --wal_dir=/users/kannan11/ssd/sudarsun/prefetching/appbench/apps/rocksdb/DATA/WAL_LOG --sync=0 --key_size=1000 --write_buffer_size=67108864 --num=40000000 --benchmarks=readseq --use_existing_db=1 --mmap_read=0 --threads=8"
	User time (seconds): 0.36
	System time (seconds): 0.41
	Percent of CPU this job got: 130%
	Elapsed (wall clock) time (h:mm:ss or m:ss): 0:00.59
	Average shared text size (kbytes): 0
	Average unshared data size (kbytes): 0
	Average stack size (kbytes): 0
	Average total size (kbytes): 0
	Maximum resident set size (kbytes): 349260
	Average resident set size (kbytes): 0
	Major (requiring I/O) page faults: 87
	Minor (reclaiming a frame) page faults: 103412
	Voluntary context switches: 11534
	Involuntary context switches: 8
	Swaps: 0
	File system inputs: 610768
	File system outputs: 124888
	Socket messages sent: 0
	Socket messages received: 0
	Signals delivered: 0
	Page size (bytes): 4096
	Exit status: 1
DESTRUCTOR GETTING CALLED 
PRINT_GLOBAL_STATS in dest
[39287.218227] sh (7633): drop_caches: 3
[39287.247546] sh (7638): drop_caches: 3
[39292.272395] Enabled file stats for time:7645
[39292.272538] write_proc: Value of write = 0
[39292.280033] Enabled file stats for db_bench:7648
[39292.280196] write_proc: Value of write = 0
[39292.866090] write_proc: Value of write = 0
[39292.866106] __do_sys_start_cross_trace: PRINT_GLOBAL_STATS 
[39292.866107] Final GlobalReport: nr_pages_read:1312, nr_pages_hit:788, nr_do_read_fault:2071, nr_pages_miss:4
[39292.866109] __do_sys_start_cross_trace: RESET_GLOBAL_STATS 
[39292.866160] FinalTaskReport: db_bench:7648 - ra_orig_nr_pages:0, ra_final_nr_pages:0
                                        async_pages:36200, final_async_pages:38562
                                        full_pfetches:0, less256_pfetches:0, partial_pfetches:0
                                        failed_pfetches:0, total_pfetches:0, os_pfetches:1284
                                        nr_pages_read:45183, nr_pages_hit:41731, nr_do_read_fault:180
[39292.868717] write_proc: Value of write = 0
[39292.868733] __do_sys_start_cross_trace: PRINT_GLOBAL_STATS 
[39292.868734] Final GlobalReport: nr_pages_read:0, nr_pages_hit:0, nr_do_read_fault:5, nr_pages_miss:0
[39292.868736] __do_sys_start_cross_trace: RESET_GLOBAL_STATS 
[39292.868775] FinalTaskReport: time:7645 - ra_orig_nr_pages:0, ra_final_nr_pages:0
                                        async_pages:0, final_async_pages:25
                                        full_pfetches:0, less256_pfetches:0, partial_pfetches:0
                                        failed_pfetches:0, total_pfetches:0, os_pfetches:1
                                        nr_pages_read:0, nr_pages_hit:0, nr_do_read_fault:16
