ENABLE_FILE_STATS in con
ENABLE_FILE_STATS in con
open error: IO error: While open a file for appending: /users/kannan11/ssd/sudarsun/prefetching/appbench/apps/rocksdb/DATA/002186.dbtmp: Too many open files
DESTRUCTOR GETTING CALLED 
PRINT_GLOBAL_STATS in dest
Set seed to 1660750891161751 because --seed was 0
Initializing RocksDB Options from the specified file
Initializing RocksDB Options from command-line flags
Integrated BlobDB: blob cache disabled
Command exited with non-zero status 1
	Command being timed: "./db_bench --db=/users/kannan11/ssd/sudarsun/prefetching/appbench/apps/rocksdb/DATA --value_size=4096 --wal_dir=/users/kannan11/ssd/sudarsun/prefetching/appbench/apps/rocksdb/DATA/WAL_LOG --sync=0 --key_size=1000 --write_buffer_size=67108864 --num=40000000 --benchmarks=readseq --use_existing_db=1 --mmap_read=0 --threads=8"
	User time (seconds): 1.27
	System time (seconds): 27.63
	Percent of CPU this job got: 859%
	Elapsed (wall clock) time (h:mm:ss or m:ss): 0:03.36
	Average shared text size (kbytes): 0
	Average unshared data size (kbytes): 0
	Average stack size (kbytes): 0
	Average total size (kbytes): 0
	Maximum resident set size (kbytes): 33645540
	Average resident set size (kbytes): 0
	Major (requiring I/O) page faults: 89
	Minor (reclaiming a frame) page faults: 8426984
	Voluntary context switches: 37784
	Involuntary context switches: 41
	Swaps: 0
	File system inputs: 609384
	File system outputs: 124888
	Socket messages sent: 0
	Socket messages received: 0
	Signals delivered: 0
	Page size (bytes): 4096
	Exit status: 1
DESTRUCTOR GETTING CALLED 
PRINT_GLOBAL_STATS in dest
[39332.614116] sh (7916): drop_caches: 3
[39332.644189] sh (7921): drop_caches: 3
[39337.669412] Enabled file stats for time:7928
[39337.669547] write_proc: Value of write = 1
[39337.675408] Enabled file stats for db_bench:7931
[39337.675548] write_proc: Value of write = 1
[39340.042534] write_proc: Value of write = 0
[39340.042550] __do_sys_start_cross_trace: PRINT_GLOBAL_STATS 
[39340.042551] Final GlobalReport: nr_pages_read:94675, nr_pages_hit:47491, nr_do_read_fault:2065, nr_pages_miss:196
[39340.042552] __do_sys_start_cross_trace: RESET_GLOBAL_STATS 
[39340.042602] FinalTaskReport: db_bench:7931 - ra_orig_nr_pages:0, ra_final_nr_pages:0
                                        async_pages:36620, final_async_pages:38582
                                        full_pfetches:0, less256_pfetches:0, partial_pfetches:0
                                        failed_pfetches:0, total_pfetches:0, os_pfetches:1273
                                        nr_pages_read:45309, nr_pages_hit:41815, nr_do_read_fault:175
[39341.034700] write_proc: Value of write = 0
[39341.034717] __do_sys_start_cross_trace: PRINT_GLOBAL_STATS 
[39341.034718] Final GlobalReport: nr_pages_read:0, nr_pages_hit:0, nr_do_read_fault:7, nr_pages_miss:0
[39341.034720] __do_sys_start_cross_trace: RESET_GLOBAL_STATS 
[39341.034759] FinalTaskReport: time:7928 - ra_orig_nr_pages:0, ra_final_nr_pages:0
                                        async_pages:0, final_async_pages:25
                                        full_pfetches:0, less256_pfetches:0, partial_pfetches:0
                                        failed_pfetches:0, total_pfetches:0, os_pfetches:1
                                        nr_pages_read:0, nr_pages_hit:0, nr_do_read_fault:17
