ENABLE_FILE_STATS in con
ENABLE_FILE_STATS in con
open error: IO error: While open a file for appending: /users/kannan11/ssd/sudarsun/prefetching/appbench/apps/rocksdb/DATA/002126.dbtmp: Too many open files
DESTRUCTOR GETTING CALLED 
PRINT_GLOBAL_STATS in dest
Set seed to 1660750763621682 because --seed was 0
Initializing RocksDB Options from the specified file
Initializing RocksDB Options from command-line flags
Integrated BlobDB: blob cache disabled
readahead_info: failed TID:7303 
readahead_info: failed TID:7304 
Command exited with non-zero status 1
	Command being timed: "./db_bench --db=/users/kannan11/ssd/sudarsun/prefetching/appbench/apps/rocksdb/DATA --value_size=4096 --wal_dir=/users/kannan11/ssd/sudarsun/prefetching/appbench/apps/rocksdb/DATA/WAL_LOG --sync=0 --key_size=1000 --write_buffer_size=67108864 --num=40000000 --benchmarks=readseq --use_existing_db=1 --mmap_read=0 --threads=8"
	User time (seconds): 0.46
	System time (seconds): 2.36
	Percent of CPU this job got: 402%
	Elapsed (wall clock) time (h:mm:ss or m:ss): 0:00.70
	Average shared text size (kbytes): 0
	Average unshared data size (kbytes): 0
	Average stack size (kbytes): 0
	Average total size (kbytes): 0
	Maximum resident set size (kbytes): 414564
	Average resident set size (kbytes): 0
	Major (requiring I/O) page faults: 85
	Minor (reclaiming a frame) page faults: 894088
	Voluntary context switches: 15858
	Involuntary context switches: 15
	Swaps: 0
	File system inputs: 997232
	File system outputs: 124880
	Socket messages sent: 0
	Socket messages received: 0
	Signals delivered: 0
	Page size (bytes): 4096
	Exit status: 1
DESTRUCTOR GETTING CALLED 
PRINT_GLOBAL_STATS in dest
[39205.074856] sh (7287): drop_caches: 3
[39205.104739] sh (7292): drop_caches: 3
[39210.129503] Enabled file stats for time:7299
[39210.129646] write_proc: Value of write = 0
[39210.135312] Enabled file stats for db_bench:7302
[39210.135443] write_proc: Value of write = 0
[39210.786889] __do_sys_readahead_info: unable to find struct file for this fd
[39210.786924] __do_sys_readahead_info: unable to find struct file for this fd
[39210.830326] write_proc: Value of write = 0
[39210.830342] __do_sys_start_cross_trace: PRINT_GLOBAL_STATS 
[39210.830343] Final GlobalReport: nr_pages_read:1312, nr_pages_hit:788, nr_do_read_fault:2051, nr_pages_miss:4
[39210.830345] __do_sys_start_cross_trace: RESET_GLOBAL_STATS 
[39210.830397] FinalTaskReport: db_bench:7302 - ra_orig_nr_pages:0, ra_final_nr_pages:0
                                        async_pages:35992, final_async_pages:38639
                                        full_pfetches:0, less256_pfetches:0, partial_pfetches:0
                                        failed_pfetches:0, total_pfetches:0, os_pfetches:1286
                                        nr_pages_read:45366, nr_pages_hit:41897, nr_do_read_fault:175
[39210.834115] write_proc: Value of write = 0
[39210.834131] __do_sys_start_cross_trace: PRINT_GLOBAL_STATS 
[39210.834133] Final GlobalReport: nr_pages_read:0, nr_pages_hit:0, nr_do_read_fault:5, nr_pages_miss:0
[39210.834134] __do_sys_start_cross_trace: RESET_GLOBAL_STATS 
[39210.834172] FinalTaskReport: time:7299 - ra_orig_nr_pages:0, ra_final_nr_pages:0
                                        async_pages:0, final_async_pages:25
                                        full_pfetches:0, less256_pfetches:0, partial_pfetches:0
                                        failed_pfetches:0, total_pfetches:0, os_pfetches:1
                                        nr_pages_read:0, nr_pages_hit:0, nr_do_read_fault:16
