/users/kannan11/ssd/ioopt/appbench/apps/snappy-c/SNAPPY/result-ext4dax
Created 32 bg_threads
Total time: 178.23 s
Average throughput: 2430.17 MB/s
tot input sz 454164480000 outsz 21510732672
	Command being timed: "/users/kannan11/ssd/ioopt/appbench/apps/snappy-c/snappy /users/kannan11/ssd/ioopt/appbench/apps/snappy-c/DATA 32"
	User time (seconds): 600.46
	System time (seconds): 1566.69
	Percent of CPU this job got: 1215%
	Elapsed (wall clock) time (h:mm:ss or m:ss): 2:58.23
	Average shared text size (kbytes): 0
	Average unshared data size (kbytes): 0
	Average stack size (kbytes): 0
	Average total size (kbytes): 0
	Maximum resident set size (kbytes): 4618168
	Average resident set size (kbytes): 0
	Major (requiring I/O) page faults: 0
	Minor (reclaiming a frame) page faults: 120456739
	Voluntary context switches: 463998
	Involuntary context switches: 14442
	Swaps: 0
	File system inputs: 887052864
	File system outputs: 42020360
	Socket messages sent: 0
	Socket messages received: 0
	Signals delivered: 0
	Page size (bytes): 4096
	Exit status: 0
