ENABLE_FILE_STATS in con
ENABLE_FILE_STATS in con
ENABLE_FILE_STATS in per_thread_ds
ENABLE_FILE_STATS in per_thread_ds
ENABLE_FILE_STATS in per_thread_ds
ENABLE_FILE_STATS in per_thread_ds
Command terminated by signal 11
	Command being timed: "./db_bench --db=/users/shaleen/ssd/prefetching/appbench/apps/rocksdb/DATA --value_size=4096 --wal_dir=/users/shaleen/ssd/prefetching/appbench/apps/rocksdb/DATA/WAL_LOG --sync=0 --key_size=1000 --write_buffer_size=67108864 --num=5000000 --seed=1576170874 --benchmarks=readrandom --use_existing_db=1 --mmap_read=0 --threads=16"
	User time (seconds): 0.00
	System time (seconds): 0.01
	Percent of CPU this job got: 60%
	Elapsed (wall clock) time (h:mm:ss or m:ss): 0:00.02
	Average shared text size (kbytes): 0
	Average unshared data size (kbytes): 0
	Average stack size (kbytes): 0
	Average total size (kbytes): 0
	Maximum resident set size (kbytes): 12628
	Average resident set size (kbytes): 0
	Major (requiring I/O) page faults: 73
	Minor (reclaiming a frame) page faults: 1303
	Voluntary context switches: 134
	Involuntary context switches: 0
	Swaps: 0
	File system inputs: 15920
	File system outputs: 8
	Socket messages sent: 0
	Socket messages received: 0
	Signals delivered: 0
	Page size (bytes): 4096
	Exit status: 0
DESTRUCTOR GETTING CALLED 
PRINT_GLOBAL_STATS in dest
PRINT_GLOBAL_LIB_STATS in dest
Total nr_ra = 0
Total nr_bytes_ra = 0
PREDICTOR STATS

[93314.362523] sh (6218): drop_caches: 3
[93314.405739] sh (6223): drop_caches: 3
[93319.437994] Enabled file stats for time:6230
[93319.438242] write_proc_unbounded: Value of write = 0
[93319.438250] write_proc_2mb_limit: Value of write = 0
[93319.438256] write_proc_bitmap_shift: Value of write = 27
[93319.445135] Enabled file stats for db_bench:6235
[93319.445383] write_proc_unbounded: Value of write = 0
[93319.445391] write_proc_2mb_limit: Value of write = 0
[93319.445397] write_proc_bitmap_shift: Value of write = 27
[93319.454352] Enabled file stats for db_bench:6235
[93319.460591] Enabled file stats for db_bench:6242
[93319.460650] Enabled file stats for db_bench:6243
[93319.460695] Enabled file stats for db_bench:6244
[93319.460744] traps: db_bench[6244] general protection fault ip:7f14f712ca78 sp:7f14f10cb060 error:0
[93319.460792] FinalTaskReport:db_bench:6235 nr_pages_read:197, nr_pages_hit:189, nr_pages_miss:8
[93319.460811] FinalTaskReport:db_bench:6243 nr_pages_read:0, nr_pages_hit:0, nr_pages_miss:0
[93319.460812] FinalTaskReport:db_bench:6242 nr_pages_read:0, nr_pages_hit:0, nr_pages_miss:0
[93319.460980] FinalTaskReport:db_bench:6244 nr_pages_read:0, nr_pages_hit:0, nr_pages_miss:0
[93319.464420] write_proc_unbounded: Value of write = 0
[93319.464429] write_proc_2mb_limit: Value of write = 0
[93319.464438] __do_sys_start_cross_trace: PRINT_GLOBAL_STATS 
[93319.464439] Final GlobalReport: nr_pages_read:197, nr_pages_hit:189, nr_pages_miss:8
[93319.464441] __do_sys_start_cross_trace: RESET_GLOBAL_STATS 
[93319.464487] FinalTaskReport:time:6230 nr_pages_read:0, nr_pages_hit:0, nr_pages_miss:0
