page_cache_state is NULL 
page_cache_state is NULL 
page_cache_state is NULL 
page_cache_state is NULL 
page_cache_state is NULL 
page_cache_state is NULL 
page_cache_state is NULL 
page_cache_state is NULL 
page_cache_state is NULL 
page_cache_state is NULL 
page_cache_state is NULL 
page_cache_state is NULL 
page_cache_state is NULL 
page_cache_state is NULL 
page_cache_state is NULL 
page_cache_state is NULL 
page_cache_state is NULL 
page_cache_state is NULL 
page_cache_state is NULL 
page_cache_state is NULL 
page_cache_state is NULL 
page_cache_state is NULL 
page_cache_state is NULL 
page_cache_state is NULL 
page_cache_state is NULL 
page_cache_state is NULL 
page_cache_state is NULL 
page_cache_state is NULL 
page_cache_state is NULL 
page_cache_state is NULL 
page_cache_state is NULL 
page_cache_state is NULL 
page_cache_state is NULL 
page_cache_state is NULL 
page_cache_state is NULL 
page_cache_state is NULL 
page_cache_state is NULL 
page_cache_state is NULL 
page_cache_state is NULL 
page_cache_state is NULL 
page_cache_state is NULL 
page_cache_state is NULL 
page_cache_state is NULL 
page_cache_state is NULL 
page_cache_state is NULL 
page_cache_state is NULL 
page_cache_state is NULL 
page_cache_state is NULL 
page_cache_state is NULL 
page_cache_state is NULL 
page_cache_state is NULL 
page_cache_state is NULL 
page_cache_state is NULL 
page_cache_state is NULL 
page_cache_state is NULL 
page_cache_state is NULL 
page_cache_state is NULL 
page_cache_state is NULL 
page_cache_state is NULL 
page_cache_state is NULL 
page_cache_state is NULL 
page_cache_state is NULL 
page_cache_state is NULL 
page_cache_state is NULL 
page_cache_state is NULL 
page_cache_state is NULL 
page_cache_state is NULL 
page_cache_state is NULL 
page_cache_state is NULL 
page_cache_state is NULL 
page_cache_state is NULL 
page_cache_state is NULL 
page_cache_state is NULL 
page_cache_state is NULL 
page_cache_state is NULL 
page_cache_state is NULL 
page_cache_state is NULL 
page_cache_state is NULL 
page_cache_state is NULL 
page_cache_state is NULL 
page_cache_state is NULL 
page_cache_state is NULL 
page_cache_state is NULL 
page_cache_state is NULL 
page_cache_state is NULL 
page_cache_state is NULL 
page_cache_state is NULL 
page_cache_state is NULL 
page_cache_state is NULL 
page_cache_state is NULL 
page_cache_state is NULL 
page_cache_state is NULL 
page_cache_state is NULL 
page_cache_state is NULL 
page_cache_state is NULL 
page_cache_state is NULL 
page_cache_state is NULL 
page_cache_state is NULL 
page_cache_state is NULL 
page_cache_state is NULL 
page_cache_state is NULL 
page_cache_state is NULL 
page_cache_state is NULL 
page_cache_state is NULL 
page_cache_state is NULL 
page_cache_state is NULL 
page_cache_state is NULL 
page_cache_state is NULL 
page_cache_state is NULL 
page_cache_state is NULL 
page_cache_state is NULL 
page_cache_state is NULL 
page_cache_state is NULL 
page_cache_state is NULL 
page_cache_state is NULL 
page_cache_state is NULL 
page_cache_state is NULL 
page_cache_state is NULL 
page_cache_state is NULL 
page_cache_state is NULL 
page_cache_state is NULL 
page_cache_state is NULL 
page_cache_state is NULL 
page_cache_state is NULL 
page_cache_state is NULL 
page_cache_state is NULL 
-------- Aggregate Performance --------
 READ Restart Perf: 4110.45 BW[MB/s] 25125306368 Bytes 5.82937 MaxTime[sec] 
DESTRUCTOR GETTING CALLED 
DESTRUCTOR GETTING CALLED 
DESTRUCTOR GETTING CALLED 
DESTRUCTOR GETTING CALLED 
DESTRUCTOR GETTING CALLED 
DESTRUCTOR GETTING CALLED 
DESTRUCTOR GETTING CALLED 
DESTRUCTOR GETTING CALLED 
DESTRUCTOR GETTING CALLED 
DESTRUCTOR GETTING CALLED 
DESTRUCTOR GETTING CALLED 
DESTRUCTOR GETTING CALLED 
DESTRUCTOR GETTING CALLED 
DESTRUCTOR GETTING CALLED 
DESTRUCTOR GETTING CALLED 
DESTRUCTOR GETTING CALLED 
DESTRUCTOR GETTING CALLED 
DESTRUCTOR GETTING CALLED 
DESTRUCTOR GETTING CALLED 
DESTRUCTOR GETTING CALLED 
DESTRUCTOR GETTING CALLED 
DESTRUCTOR GETTING CALLED 
DESTRUCTOR GETTING CALLED 
DESTRUCTOR GETTING CALLED 
DESTRUCTOR GETTING CALLED 
DESTRUCTOR GETTING CALLED 
DESTRUCTOR GETTING CALLED 
DESTRUCTOR GETTING CALLED 
DESTRUCTOR GETTING CALLED 
DESTRUCTOR GETTING CALLED 
DESTRUCTOR GETTING CALLED 
DESTRUCTOR GETTING CALLED 
[93970.374223] sh (20016): drop_caches: 3
[93970.423057] sh (20021): drop_caches: 3
[93970.464684] write_proc_unbounded: Value of write = 0
[93970.464696] write_proc_2mb_limit: Value of write = 0
[93970.464703] write_proc_bitmap_shift: Value of write = 36
[93970.465907] write_proc_unbounded: Value of write = 0
[93970.465919] write_proc_2mb_limit: Value of write = 0
[93970.465925] write_proc_bitmap_shift: Value of write = 36
[93970.465937] write_proc_unbounded: Value of write = 0
[93970.465950] write_proc_2mb_limit: Value of write = 0
[93970.465958] write_proc_bitmap_shift: Value of write = 36
[93970.465978] write_proc_unbounded: Value of write = 0
[93970.465988] write_proc_2mb_limit: Value of write = 0
[93970.465992] write_proc_bitmap_shift: Value of write = 36
[93970.466278] write_proc_unbounded: Value of write = 0
[93970.466288] write_proc_2mb_limit: Value of write = 0
[93970.466293] write_proc_bitmap_shift: Value of write = 36
[93970.466442] write_proc_unbounded: Value of write = 0
[93970.466452] write_proc_2mb_limit: Value of write = 0
[93970.466458] write_proc_bitmap_shift: Value of write = 36
[93970.466502] write_proc_unbounded: Value of write = 0
[93970.466511] write_proc_2mb_limit: Value of write = 0
[93970.466516] write_proc_bitmap_shift: Value of write = 36
[93970.466842] write_proc_unbounded: Value of write = 0
[93970.466850] write_proc_2mb_limit: Value of write = 0
[93970.466853] write_proc_bitmap_shift: Value of write = 36
[93970.466903] write_proc_unbounded: Value of write = 0
[93970.466910] write_proc_2mb_limit: Value of write = 0
[93970.466913] write_proc_bitmap_shift: Value of write = 36
[93970.466978] write_proc_unbounded: Value of write = 0
[93970.466987] write_proc_2mb_limit: Value of write = 0
[93970.466992] write_proc_bitmap_shift: Value of write = 36
[93970.467026] write_proc_unbounded: Value of write = 0
[93970.467033] write_proc_2mb_limit: Value of write = 0
[93970.467036] write_proc_unbounded: Value of write = 0
[93970.467037] write_proc_bitmap_shift: Value of write = 36
[93970.467045] write_proc_2mb_limit: Value of write = 0
[93970.467048] write_proc_bitmap_shift: Value of write = 36
[93970.467107] write_proc_unbounded: Value of write = 0
[93970.467116] write_proc_unbounded: Value of write = 0
[93970.467119] write_proc_2mb_limit: Value of write = 0
[93970.467123] write_proc_bitmap_shift: Value of write = 36
[93970.467125] write_proc_2mb_limit: Value of write = 0
[93970.467128] write_proc_bitmap_shift: Value of write = 36
[93970.467136] write_proc_unbounded: Value of write = 0
[93970.467146] write_proc_2mb_limit: Value of write = 0
[93970.467151] write_proc_bitmap_shift: Value of write = 36
[93970.467176] write_proc_unbounded: Value of write = 0
[93970.467183] write_proc_2mb_limit: Value of write = 0
[93970.467186] write_proc_bitmap_shift: Value of write = 36
[93970.467198] write_proc_unbounded: Value of write = 0
[93970.467200] write_proc_unbounded: Value of write = 0
[93970.467206] write_proc_2mb_limit: Value of write = 0
[93970.467208] write_proc_2mb_limit: Value of write = 0
[93970.467210] write_proc_bitmap_shift: Value of write = 36
[93970.467211] write_proc_bitmap_shift: Value of write = 36
[93970.467211] write_proc_unbounded: Value of write = 0
[93970.467220] write_proc_2mb_limit: Value of write = 0
[93970.467222] write_proc_unbounded: Value of write = 0
[93970.467225] write_proc_bitmap_shift: Value of write = 36
[93970.467229] write_proc_2mb_limit: Value of write = 0
[93970.467233] write_proc_bitmap_shift: Value of write = 36
[93970.467249] write_proc_unbounded: Value of write = 0
[93970.467250] write_proc_unbounded: Value of write = 0
[93970.467250] write_proc_unbounded: Value of write = 0
[93970.467256] write_proc_2mb_limit: Value of write = 0
[93970.467260] write_proc_2mb_limit: Value of write = 0
[93970.467260] write_proc_2mb_limit: Value of write = 0
[93970.467261] write_proc_bitmap_shift: Value of write = 36
[93970.467267] write_proc_bitmap_shift: Value of write = 36
[93970.467267] write_proc_bitmap_shift: Value of write = 36
[93970.467296] write_proc_unbounded: Value of write = 0
[93970.467297] write_proc_unbounded: Value of write = 0
[93970.467301] write_proc_unbounded: Value of write = 0
[93970.467306] write_proc_2mb_limit: Value of write = 0
[93970.467307] write_proc_unbounded: Value of write = 0
[93970.467307] write_proc_2mb_limit: Value of write = 0
[93970.467311] write_proc_2mb_limit: Value of write = 0
[93970.467315] write_proc_bitmap_shift: Value of write = 36
[93970.467315] write_proc_bitmap_shift: Value of write = 36
[93970.467315] write_proc_2mb_limit: Value of write = 0
[93970.467316] write_proc_unbounded: Value of write = 0
[93970.467318] write_proc_bitmap_shift: Value of write = 36
[93970.467319] write_proc_unbounded: Value of write = 0
[93970.467321] write_proc_bitmap_shift: Value of write = 36
[93970.467324] write_proc_2mb_limit: Value of write = 0
[93970.467326] write_proc_unbounded: Value of write = 0
[93970.467327] write_proc_unbounded: Value of write = 0
[93970.467329] write_proc_bitmap_shift: Value of write = 36
[93970.467331] write_proc_2mb_limit: Value of write = 0
[93970.467334] write_proc_2mb_limit: Value of write = 0
[93970.467335] write_proc_2mb_limit: Value of write = 0
[93970.467337] write_proc_bitmap_shift: Value of write = 36
[93970.467338] write_proc_bitmap_shift: Value of write = 36
[93970.467340] write_proc_bitmap_shift: Value of write = 36
[93970.467350] write_proc_unbounded: Value of write = 0
[93970.467357] write_proc_2mb_limit: Value of write = 0
[93970.467362] write_proc_bitmap_shift: Value of write = 36
[93976.517992] write_proc_unbounded: Value of write = 0
[93976.518006] write_proc_2mb_limit: Value of write = 0
[93976.518322] write_proc_unbounded: Value of write = 0
[93976.518330] write_proc_2mb_limit: Value of write = 0
[93976.518394] write_proc_unbounded: Value of write = 0
[93976.518401] write_proc_2mb_limit: Value of write = 0
[93976.518563] write_proc_unbounded: Value of write = 0
[93976.518602] write_proc_2mb_limit: Value of write = 0
[93976.518616] write_proc_unbounded: Value of write = 0
[93976.518626] write_proc_2mb_limit: Value of write = 0
[93976.518784] write_proc_unbounded: Value of write = 0
[93976.518790] write_proc_2mb_limit: Value of write = 0
[93976.518890] write_proc_unbounded: Value of write = 0
[93976.518900] write_proc_2mb_limit: Value of write = 0
[93976.518972] write_proc_unbounded: Value of write = 0
[93976.518978] write_proc_2mb_limit: Value of write = 0
[93976.518999] write_proc_unbounded: Value of write = 0
[93976.519008] write_proc_unbounded: Value of write = 0
[93976.519024] write_proc_2mb_limit: Value of write = 0
[93976.519025] write_proc_2mb_limit: Value of write = 0
[93976.519085] write_proc_unbounded: Value of write = 0
[93976.519099] write_proc_2mb_limit: Value of write = 0
[93976.519120] write_proc_unbounded: Value of write = 0
[93976.519143] write_proc_2mb_limit: Value of write = 0
[93976.519172] write_proc_unbounded: Value of write = 0
[93976.519180] write_proc_2mb_limit: Value of write = 0
[93976.519218] write_proc_unbounded: Value of write = 0
[93976.519234] write_proc_2mb_limit: Value of write = 0
[93976.519260] write_proc_unbounded: Value of write = 0
[93976.519266] write_proc_2mb_limit: Value of write = 0
[93976.519317] write_proc_unbounded: Value of write = 0
[93976.519328] write_proc_2mb_limit: Value of write = 0
[93976.519335] write_proc_unbounded: Value of write = 0
[93976.519343] write_proc_2mb_limit: Value of write = 0
[93976.519372] write_proc_unbounded: Value of write = 0
[93976.519383] write_proc_2mb_limit: Value of write = 0
[93976.519388] write_proc_unbounded: Value of write = 0
[93976.519400] write_proc_2mb_limit: Value of write = 0
[93976.519539] write_proc_unbounded: Value of write = 0
[93976.519557] write_proc_2mb_limit: Value of write = 0
[93976.520004] write_proc_unbounded: Value of write = 0
[93976.520029] write_proc_2mb_limit: Value of write = 0
[93976.520196] write_proc_unbounded: Value of write = 0
[93976.520206] write_proc_unbounded: Value of write = 0
[93976.520210] write_proc_unbounded: Value of write = 0
[93976.520220] write_proc_2mb_limit: Value of write = 0
[93976.520224] write_proc_2mb_limit: Value of write = 0
[93976.520227] write_proc_2mb_limit: Value of write = 0
[93976.520233] write_proc_unbounded: Value of write = 0
[93976.520243] write_proc_2mb_limit: Value of write = 0
[93976.520515] write_proc_unbounded: Value of write = 0
[93976.520523] write_proc_2mb_limit: Value of write = 0
[93976.520536] write_proc_unbounded: Value of write = 0
[93976.520547] write_proc_unbounded: Value of write = 0
[93976.520549] write_proc_2mb_limit: Value of write = 0
[93976.520560] write_proc_2mb_limit: Value of write = 0
[93976.520598] write_proc_unbounded: Value of write = 0
[93976.520612] write_proc_2mb_limit: Value of write = 0
[93976.520767] write_proc_unbounded: Value of write = 0
[93976.520789] write_proc_2mb_limit: Value of write = 0
[93976.521326] write_proc_unbounded: Value of write = 0
[93976.521332] write_proc_2mb_limit: Value of write = 0
[93976.526197] write_proc_unbounded: Value of write = 0
[93976.526204] write_proc_2mb_limit: Value of write = 0
