-------- Aggregate Performance --------
 READ Restart Perf: 3616.24 BW[MB/s] 25125306368 Bytes 6.62604 MaxTime[sec] 
DESTRUCTOR GETTING CALLED 
DESTRUCTOR GETTING CALLED 
DESTRUCTOR GETTING CALLED 
DESTRUCTOR GETTING CALLED 
DESTRUCTOR GETTING CALLED 
DESTRUCTOR GETTING CALLED 
DESTRUCTOR GETTING CALLED 
DESTRUCTOR GETTING CALLED 
DESTRUCTOR GETTING CALLED 
DESTRUCTOR GETTING CALLED 
DESTRUCTOR GETTING CALLED 
DESTRUCTOR GETTING CALLED 
DESTRUCTOR GETTING CALLED 
DESTRUCTOR GETTING CALLED 
DESTRUCTOR GETTING CALLED 
DESTRUCTOR GETTING CALLED 
DESTRUCTOR GETTING CALLED 
DESTRUCTOR GETTING CALLED 
DESTRUCTOR GETTING CALLED 
DESTRUCTOR GETTING CALLED 
DESTRUCTOR GETTING CALLED 
DESTRUCTOR GETTING CALLED 
DESTRUCTOR GETTING CALLED 
DESTRUCTOR GETTING CALLED 
DESTRUCTOR GETTING CALLED 
DESTRUCTOR GETTING CALLED 
DESTRUCTOR GETTING CALLED 
DESTRUCTOR GETTING CALLED 
DESTRUCTOR GETTING CALLED 
DESTRUCTOR GETTING CALLED 
DESTRUCTOR GETTING CALLED 
DESTRUCTOR GETTING CALLED 
[93949.592393] sh (19915): drop_caches: 3
[93949.640590] sh (19920): drop_caches: 3
[93949.681847] write_proc_unbounded: Value of write = 0
[93949.681856] write_proc_2mb_limit: Value of write = 0
[93949.681860] write_proc_bitmap_shift: Value of write = 36
[93949.681866] write_proc_unbounded: Value of write = 0
[93949.681872] write_proc_2mb_limit: Value of write = 0
[93949.681876] write_proc_bitmap_shift: Value of write = 36
[93949.681880] write_proc_unbounded: Value of write = 0
[93949.681887] write_proc_2mb_limit: Value of write = 0
[93949.681891] write_proc_bitmap_shift: Value of write = 36
[93949.681912] write_proc_unbounded: Value of write = 0
[93949.681916] write_proc_unbounded: Value of write = 0
[93949.681916] write_proc_unbounded: Value of write = 0
[93949.681918] write_proc_unbounded: Value of write = 0
[93949.681920] write_proc_2mb_limit: Value of write = 0
[93949.681920] write_proc_unbounded: Value of write = 0
[93949.681923] write_proc_2mb_limit: Value of write = 0
[93949.681923] write_proc_2mb_limit: Value of write = 0
[93949.681925] write_proc_bitmap_shift: Value of write = 36
[93949.681926] write_proc_2mb_limit: Value of write = 0
[93949.681927] write_proc_unbounded: Value of write = 0
[93949.681928] write_proc_2mb_limit: Value of write = 0
[93949.681929] write_proc_bitmap_shift: Value of write = 36
[93949.681929] write_proc_bitmap_shift: Value of write = 36
[93949.681931] write_proc_bitmap_shift: Value of write = 36
[93949.681933] write_proc_2mb_limit: Value of write = 0
[93949.681934] write_proc_bitmap_shift: Value of write = 36
[93949.681955] write_proc_bitmap_shift: Value of write = 36
[93949.681975] write_proc_unbounded: Value of write = 0
[93949.681987] write_proc_2mb_limit: Value of write = 0
[93949.681992] write_proc_bitmap_shift: Value of write = 36
[93949.681992] write_proc_unbounded: Value of write = 0
[93949.681996] write_proc_unbounded: Value of write = 0
[93949.681996] write_proc_unbounded: Value of write = 0
[93949.682000] write_proc_2mb_limit: Value of write = 0
[93949.682001] write_proc_unbounded: Value of write = 0
[93949.682001] write_proc_2mb_limit: Value of write = 0
[93949.682003] write_proc_2mb_limit: Value of write = 0
[93949.682005] write_proc_bitmap_shift: Value of write = 36
[93949.682006] write_proc_bitmap_shift: Value of write = 36
[93949.682009] write_proc_bitmap_shift: Value of write = 36
[93949.682010] write_proc_2mb_limit: Value of write = 0
[93949.682015] write_proc_bitmap_shift: Value of write = 36
[93949.682047] write_proc_unbounded: Value of write = 0
[93949.682052] write_proc_unbounded: Value of write = 0
[93949.682058] write_proc_2mb_limit: Value of write = 0
[93949.682059] write_proc_unbounded: Value of write = 0
[93949.682060] write_proc_2mb_limit: Value of write = 0
[93949.682064] write_proc_bitmap_shift: Value of write = 36
[93949.682066] write_proc_2mb_limit: Value of write = 0
[93949.682068] write_proc_bitmap_shift: Value of write = 36
[93949.682070] write_proc_unbounded: Value of write = 0
[93949.682071] write_proc_bitmap_shift: Value of write = 36
[93949.682071] write_proc_unbounded: Value of write = 0
[93949.682073] write_proc_unbounded: Value of write = 0
[93949.682077] write_proc_2mb_limit: Value of write = 0
[93949.682081] write_proc_2mb_limit: Value of write = 0
[93949.682082] write_proc_2mb_limit: Value of write = 0
[93949.682082] write_proc_bitmap_shift: Value of write = 36
[93949.682085] write_proc_bitmap_shift: Value of write = 36
[93949.682085] write_proc_unbounded: Value of write = 0
[93949.682093] write_proc_2mb_limit: Value of write = 0
[93949.682094] write_proc_bitmap_shift: Value of write = 36
[93949.682096] write_proc_unbounded: Value of write = 0
[93949.682099] write_proc_bitmap_shift: Value of write = 36
[93949.682106] write_proc_2mb_limit: Value of write = 0
[93949.682106] write_proc_unbounded: Value of write = 0
[93949.682109] write_proc_unbounded: Value of write = 0
[93949.682113] write_proc_unbounded: Value of write = 0
[93949.682114] write_proc_2mb_limit: Value of write = 0
[93949.682115] write_proc_bitmap_shift: Value of write = 36
[93949.682116] write_proc_2mb_limit: Value of write = 0
[93949.682121] write_proc_2mb_limit: Value of write = 0
[93949.682122] write_proc_bitmap_shift: Value of write = 36
[93949.682122] write_proc_bitmap_shift: Value of write = 36
[93949.682128] write_proc_bitmap_shift: Value of write = 36
[93949.682136] write_proc_unbounded: Value of write = 0
[93949.682137] write_proc_unbounded: Value of write = 0
[93949.682137] write_proc_unbounded: Value of write = 0
[93949.682140] write_proc_unbounded: Value of write = 0
[93949.682143] write_proc_2mb_limit: Value of write = 0
[93949.682145] write_proc_2mb_limit: Value of write = 0
[93949.682146] write_proc_2mb_limit: Value of write = 0
[93949.682148] write_proc_unbounded: Value of write = 0
[93949.682148] write_proc_bitmap_shift: Value of write = 36
[93949.682151] write_proc_2mb_limit: Value of write = 0
[93949.682152] write_proc_bitmap_shift: Value of write = 36
[93949.682154] write_proc_bitmap_shift: Value of write = 36
[93949.682155] write_proc_2mb_limit: Value of write = 0
[93949.682156] write_proc_bitmap_shift: Value of write = 36
[93949.682160] write_proc_bitmap_shift: Value of write = 36
[93949.682168] write_proc_unbounded: Value of write = 0
[93949.682175] write_proc_2mb_limit: Value of write = 0
[93949.682180] write_proc_bitmap_shift: Value of write = 36
[93949.682181] write_proc_unbounded: Value of write = 0
[93949.682185] write_proc_2mb_limit: Value of write = 0
[93949.682188] write_proc_bitmap_shift: Value of write = 36
[93956.562985] write_proc_unbounded: Value of write = 0
[93956.563002] write_proc_2mb_limit: Value of write = 0
[93956.563319] write_proc_unbounded: Value of write = 0
[93956.563326] write_proc_2mb_limit: Value of write = 0
[93956.563595] write_proc_unbounded: Value of write = 0
[93956.563601] write_proc_2mb_limit: Value of write = 0
[93956.563643] write_proc_unbounded: Value of write = 0
[93956.563656] write_proc_2mb_limit: Value of write = 0
[93956.563667] write_proc_unbounded: Value of write = 0
[93956.563676] write_proc_unbounded: Value of write = 0
[93956.563685] write_proc_2mb_limit: Value of write = 0
[93956.563689] write_proc_2mb_limit: Value of write = 0
[93956.563694] write_proc_unbounded: Value of write = 0
[93956.563702] write_proc_2mb_limit: Value of write = 0
[93956.563802] write_proc_unbounded: Value of write = 0
[93956.563809] write_proc_2mb_limit: Value of write = 0
[93956.563824] write_proc_unbounded: Value of write = 0
[93956.563832] write_proc_2mb_limit: Value of write = 0
[93956.563919] write_proc_unbounded: Value of write = 0
[93956.563926] write_proc_2mb_limit: Value of write = 0
[93956.563948] write_proc_unbounded: Value of write = 0
[93956.563948] write_proc_unbounded: Value of write = 0
[93956.563957] write_proc_unbounded: Value of write = 0
[93956.563959] write_proc_2mb_limit: Value of write = 0
[93956.563959] write_proc_2mb_limit: Value of write = 0
[93956.563965] write_proc_2mb_limit: Value of write = 0
[93956.563975] write_proc_unbounded: Value of write = 0
[93956.563972] write_proc_unbounded: Value of write = 0
[93956.563984] write_proc_2mb_limit: Value of write = 0
[93956.563995] write_proc_2mb_limit: Value of write = 0
[93956.564006] write_proc_unbounded: Value of write = 0
[93956.564206] write_proc_2mb_limit: Value of write = 0
[93956.564207] write_proc_unbounded: Value of write = 0
[93956.564213] write_proc_2mb_limit: Value of write = 0
[93956.564256] write_proc_unbounded: Value of write = 0
[93956.564263] write_proc_2mb_limit: Value of write = 0
[93956.564280] write_proc_unbounded: Value of write = 0
[93956.564286] write_proc_2mb_limit: Value of write = 0
[93956.564356] write_proc_unbounded: Value of write = 0
[93956.564361] write_proc_2mb_limit: Value of write = 0
[93956.564395] write_proc_unbounded: Value of write = 0
[93956.564400] write_proc_2mb_limit: Value of write = 0
[93956.564514] write_proc_unbounded: Value of write = 0
[93956.564520] write_proc_2mb_limit: Value of write = 0
[93956.564559] write_proc_unbounded: Value of write = 0
[93956.564565] write_proc_2mb_limit: Value of write = 0
[93956.564646] write_proc_unbounded: Value of write = 0
[93956.564652] write_proc_2mb_limit: Value of write = 0
[93956.564674] write_proc_unbounded: Value of write = 0
[93956.564682] write_proc_2mb_limit: Value of write = 0
[93956.564816] write_proc_unbounded: Value of write = 0
[93956.564820] write_proc_2mb_limit: Value of write = 0
[93956.564960] write_proc_unbounded: Value of write = 0
[93956.564964] write_proc_2mb_limit: Value of write = 0
[93956.565047] write_proc_unbounded: Value of write = 0
[93956.565069] write_proc_2mb_limit: Value of write = 0
[93956.565068] write_proc_unbounded: Value of write = 0
[93956.565087] write_proc_2mb_limit: Value of write = 0
[93956.565384] write_proc_unbounded: Value of write = 0
[93956.565402] write_proc_2mb_limit: Value of write = 0
[93956.567401] write_proc_unbounded: Value of write = 0
[93956.567407] write_proc_2mb_limit: Value of write = 0
[93956.572640] write_proc_unbounded: Value of write = 0
[93956.572648] write_proc_2mb_limit: Value of write = 0
