ENABLE_FILE_STATS in con
ENABLE_FILE_STATS in con
Received signal 11 (Segmentation fault)
#0   /usr/lib/lib_CPBV.so(_ZNKSt8equal_toIiEclERKiS2_+0x1a) [0x7f5802cfbba0] ENABLE_FILE_STATS in con
ENABLE_FILE_STATS in con	??	??:0	DESTRUCTOR GETTING CALLED 	PRINT_GLOBAL_STATS in dest	
#1   /usr/lib/lib_CPBV.so(_ZNSt8__detail13_Equal_helperIiSt4pairIKiP14file_predictorENS_10_Select1stESt8equal_toIiEmLb0EE9_S_equalsERKS8_RKS6_RS2_mPNS_10_Hash_nodeIS5_Lb0EEE+0x50) [0x7f5802cfba3b] ENABLE_FILE_STATS in con
ENABLE_FILE_STATS in con	??	??:0	DESTRUCTOR GETTING CALLED 	PRINT_GLOBAL_STATS in dest	
#2   /usr/lib/lib_CPBV.so(_ZNKSt8__detail15_Hashtable_baseIiSt4pairIKiP14file_predictorENS_10_Select1stESt8equal_toIiESt4hashIiENS_18_Mod_range_hashingENS_20_Default_ranged_hashENS_17_Hashtable_traitsILb0ELb0ELb1EEEE9_M_equalsERS2_mPNS_10_Hash_nodeIS5_Lb0EEE+0x54) [0x7f5802cfb5fe] ENABLE_FILE_STATS in con
ENABLE_FILE_STATS in con	??	??:0	DESTRUCTOR GETTING CALLED 	PRINT_GLOBAL_STATS in dest	
#3   /usr/lib/lib_CPBV.so(_ZNKSt10_HashtableIiSt4pairIKiP14file_predictorESaIS4_ENSt8__detail10_Select1stESt8equal_toIiESt4hashIiENS6_18_Mod_range_hashingENS6_20_Default_ranged_hashENS6_20_Prime_rehash_policyENS6_17_Hashtable_traitsILb0ELb0ELb1EEEE19_M_find_before_nodeEmRS1_m+0x65) [0x7f5802cfafc1] ENABLE_FILE_STATS in con
ENABLE_FILE_STATS in con	??	??:0	DESTRUCTOR GETTING CALLED 	PRINT_GLOBAL_STATS in dest	
#4   /usr/lib/lib_CPBV.so(_ZNKSt10_HashtableIiSt4pairIKiP14file_predictorESaIS4_ENSt8__detail10_Select1stESt8equal_toIiESt4hashIiENS6_18_Mod_range_hashingENS6_20_Default_ranged_hashENS6_20_Prime_rehash_policyENS6_17_Hashtable_traitsILb0ELb0ELb1EEEE12_M_find_nodeEmRS1_m+0x30) [0x7f5802cfa8a2] ENABLE_FILE_STATS in con
ENABLE_FILE_STATS in con	??	??:0	DESTRUCTOR GETTING CALLED 	PRINT_GLOBAL_STATS in dest	
#5   /usr/lib/lib_CPBV.so(_ZNSt10_HashtableIiSt4pairIKiP14file_predictorESaIS4_ENSt8__detail10_Select1stESt8equal_toIiESt4hashIiENS6_18_Mod_range_hashingENS6_20_Default_ranged_hashENS6_20_Prime_rehash_policyENS6_17_Hashtable_traitsILb0ELb0ELb1EEEE10_M_emplaceIJS4_EEES0_INS6_14_Node_iteratorIS4_Lb0ELb0EEEbESt17integral_constantIbLb1EEDpOT_+0xb6) [0x7f5802cfa740] ENABLE_FILE_STATS in con
ENABLE_FILE_STATS in con	??	??:0	DESTRUCTOR GETTING CALLED 	PRINT_GLOBAL_STATS in dest	
#6   /usr/lib/lib_CPBV.so(_ZNSt8__detail7_InsertIiSt4pairIKiP14file_predictorESaIS5_ENS_10_Select1stESt8equal_toIiESt4hashIiENS_18_Mod_range_hashingENS_20_Default_ranged_hashENS_20_Prime_rehash_policyENS_17_Hashtable_traitsILb0ELb0ELb1EEELb0EE6insertIS5_vEES1_INS_14_Node_iteratorIS5_Lb0ELb0EEEbEOT_+0x53) [0x7f5802cfa517] ENABLE_FILE_STATS in con
ENABLE_FILE_STATS in con	??	??:0	DESTRUCTOR GETTING CALLED 	PRINT_GLOBAL_STATS in dest	
#7   /usr/lib/lib_CPBV.so(_ZNSt13unordered_mapIiP14file_predictorSt4hashIiESt8equal_toIiESaISt4pairIKiS1_EEE6insertEOS8_+0x2c) [0x7f5802cfa428] ENABLE_FILE_STATS in con
ENABLE_FILE_STATS in con	??	??:0	DESTRUCTOR GETTING CALLED 	PRINT_GLOBAL_STATS in dest	
#8   /usr/lib/lib_CPBV.so(_Z11record_openi+0x97) [0x7f5802cfa32d] ENABLE_FILE_STATS in con
ENABLE_FILE_STATS in con	??	??:0	DESTRUCTOR GETTING CALLED 	PRINT_GLOBAL_STATS in dest	
#9   /usr/lib/lib_CPBV.so(_Z11handle_openi+0x15) [0x7f5802cf90d7] ENABLE_FILE_STATS in con
ENABLE_FILE_STATS in con	??	??:0	DESTRUCTOR GETTING CALLED 	PRINT_GLOBAL_STATS in dest	
#10  /usr/lib/lib_CPBV.so(open+0x14d) [0x7f5802cf94fe] ENABLE_FILE_STATS in con
ENABLE_FILE_STATS in con	??	??:0	DESTRUCTOR GETTING CALLED 	PRINT_GLOBAL_STATS in dest	
#11  ./db_bench(+0x20993a) [0x557d6700993a] ENABLE_FILE_STATS in con
ENABLE_FILE_STATS in con	??	??:0	DESTRUCTOR GETTING CALLED 	PRINT_GLOBAL_STATS in dest	
#12  ./db_bench(+0x19dbad) [0x557d66f9dbad] ENABLE_FILE_STATS in con
ENABLE_FILE_STATS in con	??	??:0	DESTRUCTOR GETTING CALLED 	PRINT_GLOBAL_STATS in dest	
#13  ./db_bench(+0x19f328) [0x557d66f9f328] ENABLE_FILE_STATS in con
ENABLE_FILE_STATS in con	??	??:0	DESTRUCTOR GETTING CALLED 	PRINT_GLOBAL_STATS in dest	
#14  ./db_bench(+0x3f19c8) [0x557d671f19c8] ENABLE_FILE_STATS in con
ENABLE_FILE_STATS in con	??	??:0	DESTRUCTOR GETTING CALLED 	PRINT_GLOBAL_STATS in dest	
#15  /usr/lib/x86_64-linux-gnu/libstdc++.so.6(+0xbd6df) [0x7f58017066df] ENABLE_FILE_STATS in con
ENABLE_FILE_STATS in con	??	??:0	DESTRUCTOR GETTING CALLED 	PRINT_GLOBAL_STATS in dest	
#16  /lib/x86_64-linux-gnu/libpthread.so.0(+0x76db) [0x7f58028d26db] ENABLE_FILE_STATS in con
ENABLE_FILE_STATS in con	??	??:0	DESTRUCTOR GETTING CALLED 	PRINT_GLOBAL_STATS in dest	
#17  /lib/x86_64-linux-gnu/libc.so.6(clone+0x3f) [0x7f5800dc361f] ENABLE_FILE_STATS in con
ENABLE_FILE_STATS in con	??	??:0	DESTRUCTOR GETTING CALLED 	PRINT_GLOBAL_STATS in dest	
Command terminated by signal 11
	Command being timed: "./db_bench --db=/users/kannan11/ssd/sudarsun/prefetching/appbench/apps/rocksdb/DATA --value_size=4096 --wal_dir=/users/kannan11/ssd/sudarsun/prefetching/appbench/apps/rocksdb/DATA/WAL_LOG --sync=0 --key_size=1000 --write_buffer_size=67108864 --num=2000000 --benchmarks=readwhilewriting --use_existing_db=1 --mmap_read=0 --threads=16"
	User time (seconds): 0.07
	System time (seconds): 0.57
	Percent of CPU this job got: 182%
	Elapsed (wall clock) time (h:mm:ss or m:ss): 0:00.35
	Average shared text size (kbytes): 0
	Average unshared data size (kbytes): 0
	Average stack size (kbytes): 0
	Average total size (kbytes): 0
	Maximum resident set size (kbytes): 308088
	Average resident set size (kbytes): 0
	Major (requiring I/O) page faults: 89
	Minor (reclaiming a frame) page faults: 98418
	Voluntary context switches: 838
	Involuntary context switches: 16
	Swaps: 0
	File system inputs: 21728
	File system outputs: 64
	Socket messages sent: 0
	Socket messages received: 0
	Signals delivered: 0
	Page size (bytes): 4096
	Exit status: 0
DESTRUCTOR GETTING CALLED 
PRINT_GLOBAL_STATS in dest
[62194.154041] free_cross_bitmap: releasing mem for inode with i_count 2
[62194.161556] free_cross_bitmap: releasing mem for inode with i_count 2
[62194.168882] free_cross_bitmap: releasing mem for inode with i_count 2
[62194.176168] free_cross_bitmap: releasing mem for inode with i_count 2
[62194.183412] free_cross_bitmap: releasing mem for inode with i_count 2
[62194.190657] free_cross_bitmap: releasing mem for inode with i_count 2
[62194.197824] free_cross_bitmap: releasing mem for inode with i_count 2
[62194.205111] free_cross_bitmap: releasing mem for inode with i_count 2
[62194.214346] free_cross_bitmap: releasing mem for inode with i_count 2
[62194.221860] sh (27881): drop_caches: 3
[62194.255144] sh (27895): drop_caches: 3
[62199.282362] Enabled file stats for time:27902
[62199.282580] write_proc: Value of write = 0
[62199.288309] Enabled file stats for db_bench:27911
[62199.288505] write_proc: Value of write = 0
[62199.334863] alloc_cross_bitmap: preallocate 268435456 pg, nr_longs=4194304 in 8 millisec
[62199.335117] alloc_cross_bitmap: preallocate 268435456 pg, nr_longs=4194304 in 8 millisec
[62199.335140] alloc_cross_bitmap: preallocate 268435456 pg, nr_longs=4194304 in 8 millisec
[62199.335201] alloc_cross_bitmap: preallocate 268435456 pg, nr_longs=4194304 in 8 millisec
[62199.335231] alloc_cross_bitmap: preallocate 268435456 pg, nr_longs=4194304 in 8 millisec
[62199.335240] alloc_cross_bitmap: preallocate 268435456 pg, nr_longs=4194304 in 12 millisec
[62199.335439] alloc_cross_bitmap: preallocate 268435456 pg, nr_longs=4194304 in 8 millisec
[62199.335573] alloc_cross_bitmap: preallocate 268435456 pg, nr_longs=4194304 in 12 millisec
[62199.340144] Enabled file stats for sh:27937
[62199.340311] write_proc: Value of write = 0
[62199.342937] Enabled file stats for addr2line:27946
[62199.343114] write_proc: Value of write = 0
[62199.346798] write_proc: Value of write = 0
[62199.346805] __do_sys_start_cross_trace: PRINT_GLOBAL_STATS 
[62199.346806] Final GlobalReport: nr_pages_read:14939265112, nr_pages_hit:14652077253, nr_do_read_fault:7723803, nr_pages_miss:104104842
[62199.346832] FinalTaskReport: addr2line:27946 - ra_orig_nr_pages:0, ra_final_nr_pages:0
                                        async_pages:781, final_async_pages:421
                                        full_pfetches:0, less256_pfetches:0, partial_pfetches:0
                                        failed_pfetches:0, total_pfetches:0, os_pfetches:16
                                        nr_pages_read:242, nr_pages_hit:100, nr_do_read_fault:39
[62199.347271] FinalTaskReport: sh:27937 - ra_orig_nr_pages:0, ra_final_nr_pages:0
                                        async_pages:0, final_async_pages:0
                                        full_pfetches:0, less256_pfetches:0, partial_pfetches:0
                                        failed_pfetches:0, total_pfetches:0, os_pfetches:0
                                        nr_pages_read:0, nr_pages_hit:0, nr_do_read_fault:18
[62199.358540] Enabled file stats for sh:27955
[62199.358727] write_proc: Value of write = 0
[62199.360490] Enabled file stats for addr2line:27964
[62199.360666] write_proc: Value of write = 0
[62199.362631] write_proc: Value of write = 0
[62199.362638] __do_sys_start_cross_trace: PRINT_GLOBAL_STATS 
[62199.362639] Final GlobalReport: nr_pages_read:14939265112, nr_pages_hit:14652077253, nr_do_read_fault:7724031, nr_pages_miss:104104842
[62199.362663] FinalTaskReport: addr2line:27964 - ra_orig_nr_pages:0, ra_final_nr_pages:0
                                        async_pages:0, final_async_pages:0
                                        full_pfetches:0, less256_pfetches:0, partial_pfetches:0
                                        failed_pfetches:0, total_pfetches:0, os_pfetches:0
                                        nr_pages_read:370, nr_pages_hit:358, nr_do_read_fault:36
[62199.362980] FinalTaskReport: sh:27955 - ra_orig_nr_pages:0, ra_final_nr_pages:0
                                        async_pages:0, final_async_pages:0
                                        full_pfetches:0, less256_pfetches:0, partial_pfetches:0
                                        failed_pfetches:0, total_pfetches:0, os_pfetches:0
                                        nr_pages_read:0, nr_pages_hit:0, nr_do_read_fault:16
[62199.374820] Enabled file stats for sh:27973
[62199.375000] write_proc: Value of write = 0
[62199.376549] Enabled file stats for addr2line:27982
[62199.376736] write_proc: Value of write = 0
[62199.378617] write_proc: Value of write = 0
[62199.378624] __do_sys_start_cross_trace: PRINT_GLOBAL_STATS 
[62199.378625] Final GlobalReport: nr_pages_read:14939265112, nr_pages_hit:14652077253, nr_do_read_fault:7724250, nr_pages_miss:104104842
[62199.378653] FinalTaskReport: addr2line:27982 - ra_orig_nr_pages:0, ra_final_nr_pages:0
                                        async_pages:0, final_async_pages:0
                                        full_pfetches:0, less256_pfetches:0, partial_pfetches:0
                                        failed_pfetches:0, total_pfetches:0, os_pfetches:0
                                        nr_pages_read:370, nr_pages_hit:358, nr_do_read_fault:34
[62199.378966] FinalTaskReport: sh:27973 - ra_orig_nr_pages:0, ra_final_nr_pages:0
                                        async_pages:0, final_async_pages:0
                                        full_pfetches:0, less256_pfetches:0, partial_pfetches:0
                                        failed_pfetches:0, total_pfetches:0, os_pfetches:0
                                        nr_pages_read:0, nr_pages_hit:0, nr_do_read_fault:16
[62199.389483] Enabled file stats for sh:27991
[62199.389638] write_proc: Value of write = 0
[62199.391175] Enabled file stats for addr2line:28000
[62199.391344] write_proc: Value of write = 0
[62199.393236] write_proc: Value of write = 0
[62199.393242] __do_sys_start_cross_trace: PRINT_GLOBAL_STATS 
[62199.393243] Final GlobalReport: nr_pages_read:14939265112, nr_pages_hit:14652077253, nr_do_read_fault:7724489, nr_pages_miss:104104842
[62199.393264] FinalTaskReport: addr2line:28000 - ra_orig_nr_pages:0, ra_final_nr_pages:0
                                        async_pages:0, final_async_pages:0
                                        full_pfetches:0, less256_pfetches:0, partial_pfetches:0
                                        failed_pfetches:0, total_pfetches:0, os_pfetches:0
                                        nr_pages_read:370, nr_pages_hit:358, nr_do_read_fault:36
[62199.393622] FinalTaskReport: sh:27991 - ra_orig_nr_pages:0, ra_final_nr_pages:0
                                        async_pages:0, final_async_pages:0
                                        full_pfetches:0, less256_pfetches:0, partial_pfetches:0
                                        failed_pfetches:0, total_pfetches:0, os_pfetches:0
                                        nr_pages_read:0, nr_pages_hit:0, nr_do_read_fault:17
[62199.405114] Enabled file stats for sh:28009
[62199.405267] write_proc: Value of write = 0
[62199.406615] Enabled file stats for addr2line:28018
[62199.406790] write_proc: Value of write = 0
[62199.408523] write_proc: Value of write = 0
[62199.408530] __do_sys_start_cross_trace: PRINT_GLOBAL_STATS 
[62199.408531] Final GlobalReport: nr_pages_read:14939265112, nr_pages_hit:14652077253, nr_do_read_fault:7724726, nr_pages_miss:104104842
[62199.408550] FinalTaskReport: addr2line:28018 - ra_orig_nr_pages:0, ra_final_nr_pages:0
                                        async_pages:0, final_async_pages:0
                                        full_pfetches:0, less256_pfetches:0, partial_pfetches:0
                                        failed_pfetches:0, total_pfetches:0, os_pfetches:0
                                        nr_pages_read:370, nr_pages_hit:358, nr_do_read_fault:34
[62199.408779] FinalTaskReport: sh:28009 - ra_orig_nr_pages:0, ra_final_nr_pages:0
                                        async_pages:0, final_async_pages:0
                                        full_pfetches:0, less256_pfetches:0, partial_pfetches:0
                                        failed_pfetches:0, total_pfetches:0, os_pfetches:0
                                        nr_pages_read:0, nr_pages_hit:0, nr_do_read_fault:19
[62199.419991] Enabled file stats for sh:28027
[62199.420151] write_proc: Value of write = 0
[62199.421456] Enabled file stats for addr2line:28036
[62199.421602] write_proc: Value of write = 0
[62199.423443] write_proc: Value of write = 0
[62199.423450] __do_sys_start_cross_trace: PRINT_GLOBAL_STATS 
[62199.423451] Final GlobalReport: nr_pages_read:14939265112, nr_pages_hit:14652077253, nr_do_read_fault:7724963, nr_pages_miss:104104842
[62199.423472] FinalTaskReport: addr2line:28036 - ra_orig_nr_pages:0, ra_final_nr_pages:0
                                        async_pages:0, final_async_pages:0
                                        full_pfetches:0, less256_pfetches:0, partial_pfetches:0
                                        failed_pfetches:0, total_pfetches:0, os_pfetches:0
                                        nr_pages_read:370, nr_pages_hit:358, nr_do_read_fault:34
[62199.423683] FinalTaskReport: sh:28027 - ra_orig_nr_pages:0, ra_final_nr_pages:0
                                        async_pages:0, final_async_pages:0
                                        full_pfetches:0, less256_pfetches:0, partial_pfetches:0
                                        failed_pfetches:0, total_pfetches:0, os_pfetches:0
                                        nr_pages_read:0, nr_pages_hit:0, nr_do_read_fault:19
[62199.435002] Enabled file stats for sh:28045
[62199.435165] write_proc: Value of write = 0
[62199.436797] Enabled file stats for addr2line:28054
[62199.436986] write_proc: Value of write = 0
[62199.438962] write_proc: Value of write = 0
[62199.438969] __do_sys_start_cross_trace: PRINT_GLOBAL_STATS 
[62199.438971] Final GlobalReport: nr_pages_read:14939265112, nr_pages_hit:14652077253, nr_do_read_fault:7725204, nr_pages_miss:104104842
[62199.438998] FinalTaskReport: addr2line:28054 - ra_orig_nr_pages:0, ra_final_nr_pages:0
                                        async_pages:0, final_async_pages:0
                                        full_pfetches:0, less256_pfetches:0, partial_pfetches:0
                                        failed_pfetches:0, total_pfetches:0, os_pfetches:0
                                        nr_pages_read:370, nr_pages_hit:358, nr_do_read_fault:37
[62199.439458] FinalTaskReport: sh:28045 - ra_orig_nr_pages:0, ra_final_nr_pages:0
                                        async_pages:0, final_async_pages:0
                                        full_pfetches:0, less256_pfetches:0, partial_pfetches:0
                                        failed_pfetches:0, total_pfetches:0, os_pfetches:0
                                        nr_pages_read:0, nr_pages_hit:0, nr_do_read_fault:17
[62199.452104] Enabled file stats for sh:28063
[62199.452280] write_proc: Value of write = 0
[62199.453854] Enabled file stats for addr2line:28072
[62199.454034] write_proc: Value of write = 0
[62199.455952] write_proc: Value of write = 0
[62199.455959] __do_sys_start_cross_trace: PRINT_GLOBAL_STATS 
[62199.455960] Final GlobalReport: nr_pages_read:14939265112, nr_pages_hit:14652077253, nr_do_read_fault:7725434, nr_pages_miss:104104842
[62199.455987] FinalTaskReport: addr2line:28072 - ra_orig_nr_pages:0, ra_final_nr_pages:0
                                        async_pages:0, final_async_pages:0
                                        full_pfetches:0, less256_pfetches:0, partial_pfetches:0
                                        failed_pfetches:0, total_pfetches:0, os_pfetches:0
                                        nr_pages_read:370, nr_pages_hit:358, nr_do_read_fault:36
[62199.456325] FinalTaskReport: sh:28063 - ra_orig_nr_pages:0, ra_final_nr_pages:0
                                        async_pages:0, final_async_pages:0
                                        full_pfetches:0, less256_pfetches:0, partial_pfetches:0
                                        failed_pfetches:0, total_pfetches:0, os_pfetches:0
                                        nr_pages_read:0, nr_pages_hit:0, nr_do_read_fault:15
[62199.468487] Enabled file stats for sh:28081
[62199.468660] write_proc: Value of write = 0
[62199.469964] Enabled file stats for addr2line:28090
[62199.470126] write_proc: Value of write = 0
[62199.471996] write_proc: Value of write = 0
[62199.472002] __do_sys_start_cross_trace: PRINT_GLOBAL_STATS 
[62199.472004] Final GlobalReport: nr_pages_read:14939265112, nr_pages_hit:14652077253, nr_do_read_fault:7725678, nr_pages_miss:104104842
[62199.472029] FinalTaskReport: addr2line:28090 - ra_orig_nr_pages:0, ra_final_nr_pages:0
                                        async_pages:0, final_async_pages:0
                                        full_pfetches:0, less256_pfetches:0, partial_pfetches:0
                                        failed_pfetches:0, total_pfetches:0, os_pfetches:0
                                        nr_pages_read:370, nr_pages_hit:358, nr_do_read_fault:37
[62199.472495] FinalTaskReport: sh:28081 - ra_orig_nr_pages:0, ra_final_nr_pages:0
                                        async_pages:0, final_async_pages:0
                                        full_pfetches:0, less256_pfetches:0, partial_pfetches:0
                                        failed_pfetches:0, total_pfetches:0, os_pfetches:0
                                        nr_pages_read:0, nr_pages_hit:0, nr_do_read_fault:18
[62199.485085] Enabled file stats for sh:28099
[62199.485273] write_proc: Value of write = 0
[62199.486844] Enabled file stats for addr2line:28108
[62199.487031] write_proc: Value of write = 0
[62199.488986] write_proc: Value of write = 0
[62199.488994] __do_sys_start_cross_trace: PRINT_GLOBAL_STATS 
[62199.488995] Final GlobalReport: nr_pages_read:14939265112, nr_pages_hit:14652077253, nr_do_read_fault:7725909, nr_pages_miss:104104842
[62199.489024] FinalTaskReport: addr2line:28108 - ra_orig_nr_pages:0, ra_final_nr_pages:0
                                        async_pages:0, final_async_pages:0
                                        full_pfetches:0, less256_pfetches:0, partial_pfetches:0
                                        failed_pfetches:0, total_pfetches:0, os_pfetches:0
                                        nr_pages_read:370, nr_pages_hit:358, nr_do_read_fault:37
[62199.489506] FinalTaskReport: sh:28099 - ra_orig_nr_pages:0, ra_final_nr_pages:0
                                        async_pages:0, final_async_pages:0
                                        full_pfetches:0, less256_pfetches:0, partial_pfetches:0
                                        failed_pfetches:0, total_pfetches:0, os_pfetches:0
                                        nr_pages_read:0, nr_pages_hit:0, nr_do_read_fault:15
[62199.502367] Enabled file stats for sh:28117
[62199.502546] write_proc: Value of write = 0
[62199.503908] Enabled file stats for addr2line:28126
[62199.504073] write_proc: Value of write = 0
[62199.505959] write_proc: Value of write = 0
[62199.505966] __do_sys_start_cross_trace: PRINT_GLOBAL_STATS 
[62199.505967] Final GlobalReport: nr_pages_read:14939265112, nr_pages_hit:14652077253, nr_do_read_fault:7726128, nr_pages_miss:104104842
[62199.505991] FinalTaskReport: addr2line:28126 - ra_orig_nr_pages:0, ra_final_nr_pages:0
                                        async_pages:0, final_async_pages:0
                                        full_pfetches:0, less256_pfetches:0, partial_pfetches:0
                                        failed_pfetches:0, total_pfetches:0, os_pfetches:0
                                        nr_pages_read:370, nr_pages_hit:358, nr_do_read_fault:34
[62199.506408] FinalTaskReport: sh:28117 - ra_orig_nr_pages:0, ra_final_nr_pages:0
                                        async_pages:0, final_async_pages:0
                                        full_pfetches:0, less256_pfetches:0, partial_pfetches:0
                                        failed_pfetches:0, total_pfetches:0, os_pfetches:0
                                        nr_pages_read:0, nr_pages_hit:0, nr_do_read_fault:17
[62199.518947] Enabled file stats for sh:28135
[62199.519132] write_proc: Value of write = 0
[62199.520693] Enabled file stats for addr2line:28144
[62199.520870] write_proc: Value of write = 0
[62199.522824] write_proc: Value of write = 0
[62199.522832] __do_sys_start_cross_trace: PRINT_GLOBAL_STATS 
[62199.522833] Final GlobalReport: nr_pages_read:14939265112, nr_pages_hit:14652077253, nr_do_read_fault:7726361, nr_pages_miss:104104842
[62199.522858] FinalTaskReport: addr2line:28144 - ra_orig_nr_pages:0, ra_final_nr_pages:0
                                        async_pages:0, final_async_pages:0
                                        full_pfetches:0, less256_pfetches:0, partial_pfetches:0
                                        failed_pfetches:0, total_pfetches:0, os_pfetches:0
                                        nr_pages_read:370, nr_pages_hit:358, nr_do_read_fault:34
[62199.523338] FinalTaskReport: sh:28135 - ra_orig_nr_pages:0, ra_final_nr_pages:0
                                        async_pages:0, final_async_pages:0
                                        full_pfetches:0, less256_pfetches:0, partial_pfetches:0
                                        failed_pfetches:0, total_pfetches:0, os_pfetches:0
                                        nr_pages_read:0, nr_pages_hit:0, nr_do_read_fault:17
[62199.535696] Enabled file stats for sh:28153
[62199.535884] write_proc: Value of write = 0
[62199.537266] Enabled file stats for addr2line:28162
[62199.537441] write_proc: Value of write = 0
[62199.539389] write_proc: Value of write = 0
[62199.539396] __do_sys_start_cross_trace: PRINT_GLOBAL_STATS 
[62199.539397] Final GlobalReport: nr_pages_read:14939265112, nr_pages_hit:14652077253, nr_do_read_fault:7726596, nr_pages_miss:104104842
[62199.539421] FinalTaskReport: addr2line:28162 - ra_orig_nr_pages:0, ra_final_nr_pages:0
                                        async_pages:0, final_async_pages:0
                                        full_pfetches:0, less256_pfetches:0, partial_pfetches:0
                                        failed_pfetches:0, total_pfetches:0, os_pfetches:0
                                        nr_pages_read:370, nr_pages_hit:358, nr_do_read_fault:37
[62199.539652] FinalTaskReport: sh:28153 - ra_orig_nr_pages:0, ra_final_nr_pages:0
                                        async_pages:0, final_async_pages:0
                                        full_pfetches:0, less256_pfetches:0, partial_pfetches:0
                                        failed_pfetches:0, total_pfetches:0, os_pfetches:0
                                        nr_pages_read:0, nr_pages_hit:0, nr_do_read_fault:16
[62199.552053] Enabled file stats for sh:28171
[62199.552234] write_proc: Value of write = 0
[62199.553778] Enabled file stats for addr2line:28180
[62199.554436] write_proc: Value of write = 0
[62199.556382] write_proc: Value of write = 0
[62199.556389] __do_sys_start_cross_trace: PRINT_GLOBAL_STATS 
[62199.556390] Final GlobalReport: nr_pages_read:14939265112, nr_pages_hit:14652077253, nr_do_read_fault:7726838, nr_pages_miss:104104842
[62199.556417] FinalTaskReport: addr2line:28180 - ra_orig_nr_pages:0, ra_final_nr_pages:0
                                        async_pages:0, final_async_pages:0
                                        full_pfetches:0, less256_pfetches:0, partial_pfetches:0
                                        failed_pfetches:0, total_pfetches:0, os_pfetches:0
                                        nr_pages_read:370, nr_pages_hit:358, nr_do_read_fault:39
[62199.556663] FinalTaskReport: sh:28171 - ra_orig_nr_pages:0, ra_final_nr_pages:0
                                        async_pages:0, final_async_pages:0
                                        full_pfetches:0, less256_pfetches:0, partial_pfetches:0
                                        failed_pfetches:0, total_pfetches:0, os_pfetches:0
                                        nr_pages_read:0, nr_pages_hit:0, nr_do_read_fault:19
[62199.568017] Enabled file stats for sh:28189
[62199.568217] write_proc: Value of write = 0
[62199.569564] Enabled file stats for addr2line:28198
[62199.569765] write_proc: Value of write = 0
[62199.571660] write_proc: Value of write = 0
[62199.571667] __do_sys_start_cross_trace: PRINT_GLOBAL_STATS 
[62199.571668] Final GlobalReport: nr_pages_read:14939265112, nr_pages_hit:14652077253, nr_do_read_fault:7727072, nr_pages_miss:104104842
[62199.571693] FinalTaskReport: addr2line:28198 - ra_orig_nr_pages:0, ra_final_nr_pages:0
                                        async_pages:0, final_async_pages:0
                                        full_pfetches:0, less256_pfetches:0, partial_pfetches:0
                                        failed_pfetches:0, total_pfetches:0, os_pfetches:0
                                        nr_pages_read:370, nr_pages_hit:358, nr_do_read_fault:35
[62199.572083] FinalTaskReport: sh:28189 - ra_orig_nr_pages:0, ra_final_nr_pages:0
                                        async_pages:0, final_async_pages:0
                                        full_pfetches:0, less256_pfetches:0, partial_pfetches:0
                                        failed_pfetches:0, total_pfetches:0, os_pfetches:0
                                        nr_pages_read:0, nr_pages_hit:0, nr_do_read_fault:18
[62199.584962] Enabled file stats for sh:28207
[62199.585142] write_proc: Value of write = 0
[62199.586781] Enabled file stats for addr2line:28216
[62199.586958] write_proc: Value of write = 0
[62199.588775] write_proc: Value of write = 0
[62199.588782] __do_sys_start_cross_trace: PRINT_GLOBAL_STATS 
[62199.588783] Final GlobalReport: nr_pages_read:14939265112, nr_pages_hit:14652077253, nr_do_read_fault:7727300, nr_pages_miss:104104842
[62199.588808] FinalTaskReport: addr2line:28216 - ra_orig_nr_pages:0, ra_final_nr_pages:0
                                        async_pages:0, final_async_pages:0
                                        full_pfetches:0, less256_pfetches:0, partial_pfetches:0
                                        failed_pfetches:0, total_pfetches:0, os_pfetches:0
                                        nr_pages_read:370, nr_pages_hit:358, nr_do_read_fault:34
[62199.589290] FinalTaskReport: sh:28207 - ra_orig_nr_pages:0, ra_final_nr_pages:0
                                        async_pages:0, final_async_pages:0
                                        full_pfetches:0, less256_pfetches:0, partial_pfetches:0
                                        failed_pfetches:0, total_pfetches:0, os_pfetches:0
                                        nr_pages_read:0, nr_pages_hit:0, nr_do_read_fault:17
[62199.601059] Enabled file stats for sh:28225
[62199.601563] write_proc: Value of write = 0
[62199.602939] Enabled file stats for addr2line:28234
[62199.603124] write_proc: Value of write = 0
[62199.605042] write_proc: Value of write = 0
[62199.605049] __do_sys_start_cross_trace: PRINT_GLOBAL_STATS 
[62199.605050] Final GlobalReport: nr_pages_read:14939265112, nr_pages_hit:14652077253, nr_do_read_fault:7727527, nr_pages_miss:104104842
[62199.605079] FinalTaskReport: addr2line:28234 - ra_orig_nr_pages:0, ra_final_nr_pages:0
                                        async_pages:0, final_async_pages:0
                                        full_pfetches:0, less256_pfetches:0, partial_pfetches:0
                                        failed_pfetches:0, total_pfetches:0, os_pfetches:0
                                        nr_pages_read:370, nr_pages_hit:358, nr_do_read_fault:36
[62199.605983] FinalTaskReport: sh:28225 - ra_orig_nr_pages:0, ra_final_nr_pages:0
                                        async_pages:0, final_async_pages:0
                                        full_pfetches:0, less256_pfetches:0, partial_pfetches:0
                                        failed_pfetches:0, total_pfetches:0, os_pfetches:0
                                        nr_pages_read:0, nr_pages_hit:0, nr_do_read_fault:17
[62199.618478] Enabled file stats for sh:28243
[62199.618841] write_proc: Value of write = 0
[62199.620268] Enabled file stats for addr2line:28252
[62199.620442] write_proc: Value of write = 0
[62199.622372] write_proc: Value of write = 0
[62199.622378] __do_sys_start_cross_trace: PRINT_GLOBAL_STATS 
[62199.622379] Final GlobalReport: nr_pages_read:14939265112, nr_pages_hit:14652077253, nr_do_read_fault:7727763, nr_pages_miss:104104842
[62199.622404] FinalTaskReport: addr2line:28252 - ra_orig_nr_pages:0, ra_final_nr_pages:0
                                        async_pages:0, final_async_pages:0
                                        full_pfetches:0, less256_pfetches:0, partial_pfetches:0
                                        failed_pfetches:0, total_pfetches:0, os_pfetches:0
                                        nr_pages_read:370, nr_pages_hit:358, nr_do_read_fault:34
[62199.623056] FinalTaskReport: sh:28243 - ra_orig_nr_pages:0, ra_final_nr_pages:0
                                        async_pages:0, final_async_pages:0
                                        full_pfetches:0, less256_pfetches:0, partial_pfetches:0
                                        failed_pfetches:0, total_pfetches:0, os_pfetches:0
                                        nr_pages_read:0, nr_pages_hit:0, nr_do_read_fault:16
[62199.623434] FinalTaskReport: db_bench:27911 - ra_orig_nr_pages:0, ra_final_nr_pages:0
                                        async_pages:852, final_async_pages:1181
                                        full_pfetches:0, less256_pfetches:0, partial_pfetches:0
                                        failed_pfetches:0, total_pfetches:0, os_pfetches:60
                                        nr_pages_read:40, nr_pages_hit:12, nr_do_read_fault:158
[62199.640457] write_proc: Value of write = 0
[62199.640468] __do_sys_start_cross_trace: PRINT_GLOBAL_STATS 
[62199.640469] Final GlobalReport: nr_pages_read:14939265112, nr_pages_hit:14652077253, nr_do_read_fault:7727767, nr_pages_miss:104104842
[62199.640503] FinalTaskReport: time:27902 - ra_orig_nr_pages:0, ra_final_nr_pages:0
                                        async_pages:0, final_async_pages:25
                                        full_pfetches:0, less256_pfetches:0, partial_pfetches:0
                                        failed_pfetches:0, total_pfetches:0, os_pfetches:1
                                        nr_pages_read:0, nr_pages_hit:0, nr_do_read_fault:15
