ENABLE_FILE_STATS in con
ENABLE_FILE_STATS in con
Command terminated by signal 11
	Command being timed: "./db_bench --db=/users/kannan11/ssd/sudarsun/prefetching/appbench/apps/rocksdb/DATA --value_size=4096 --wal_dir=/users/kannan11/ssd/sudarsun/prefetching/appbench/apps/rocksdb/DATA/WAL_LOG --sync=0 --key_size=1000 --write_buffer_size=67108864 --num=1000000 --benchmarks=readwhilescanning --use_existing_db=1 --mmap_read=0 --threads=16"
	User time (seconds): 0.04
	System time (seconds): 6.26
	Percent of CPU this job got: 902%
	Elapsed (wall clock) time (h:mm:ss or m:ss): 0:00.69
	Average shared text size (kbytes): 0
	Average unshared data size (kbytes): 0
	Average stack size (kbytes): 0
	Average total size (kbytes): 0
	Maximum resident set size (kbytes): 21700
	Average resident set size (kbytes): 0
	Major (requiring I/O) page faults: 5129
	Minor (reclaiming a frame) page faults: 233125
	Voluntary context switches: 10059
	Involuntary context switches: 12405
	Swaps: 0
	File system inputs: 254088
	File system outputs: 40
	Socket messages sent: 0
	Socket messages received: 0
	Signals delivered: 0
	Page size (bytes): 4096
	Exit status: 0
DESTRUCTOR GETTING CALLED 
PRINT_GLOBAL_STATS in dest
[ 1642.788890] sh (4707): drop_caches: 3
[ 1642.817398] sh (4712): drop_caches: 3
[ 1648.416690] Enabled file stats for time:4719
[ 1648.416914] write_proc: Value of write = 1
[ 1648.423569] Enabled file stats for db_bench:4728
[ 1648.423804] write_proc: Value of write = 1
[ 1649.076048] db_bench[4742]: segfault at 55dc0d919e50 ip 00007f05d92141c2 sp 00007f05ce7f8d70 error 7 in libc-2.27.so[7f05d917d000+1e7000]
[ 1649.076069] Code: fe ff ff 0f 1f 44 00 00 48 8d 34 c1 48 8b 56 40 48 85 d2 0f 84 db fe ff ff 48 83 f8 3f 77 21 48 8b 3a 48 89 7e 40 80 2c 01 01 <48> c7 42 08 00 00 00 00 48 83 c4 18 48 89 d0 5b 5d c3 0f 1f 40 00
[ 1649.076243] FinalTaskReport: db_bench:4728 - ra_orig_nr_pages:0, ra_final_nr_pages:0
                                        async_pages:1347, final_async_pages:16406
                                        full_pfetches:0, less256_pfetches:0, partial_pfetches:0
                                        failed_pfetches:0, total_pfetches:0, os_pfetches:751
                                        nr_pages_read:252, nr_pages_hit:150, nr_do_read_fault:1715
[ 1649.119286] write_proc: Value of write = 0
[ 1649.119582] __do_sys_start_cross_trace: PRINT_GLOBAL_STATS 
[ 1649.119583] Final GlobalReport: nr_pages_read:1303027560, nr_pages_hit:1245268068, nr_do_read_fault:214903, nr_pages_miss:25828955
[ 1649.123198] FinalTaskReport: time:4719 - ra_orig_nr_pages:0, ra_final_nr_pages:0
                                        async_pages:256, final_async_pages:582
                                        full_pfetches:0, less256_pfetches:0, partial_pfetches:0
                                        failed_pfetches:0, total_pfetches:0, os_pfetches:26
                                        nr_pages_read:0, nr_pages_hit:0, nr_do_read_fault:87
