ENABLE_FILE_STATS in con
ENABLE_FILE_STATS in con
Received signal 11 (Segmentation fault)
#0   /usr/lib/lib_CPNI.so(_ZNKSt8equal_toIiEclERKiS2_+0x1a) [0x7f2c187faa84] ENABLE_FILE_STATS in con
ENABLE_FILE_STATS in con	??	??:0	DESTRUCTOR GETTING CALLED 	PRINT_GLOBAL_STATS in dest	
#1   /usr/lib/lib_CPNI.so(_ZNSt8__detail13_Equal_helperIiSt4pairIKiP14file_predictorENS_10_Select1stESt8equal_toIiEmLb0EE9_S_equalsERKS8_RKS6_RS2_mPNS_10_Hash_nodeIS5_Lb0EEE+0x50) [0x7f2c187fa91f] ENABLE_FILE_STATS in con
ENABLE_FILE_STATS in con	??	??:0	DESTRUCTOR GETTING CALLED 	PRINT_GLOBAL_STATS in dest	
#2   /usr/lib/lib_CPNI.so(_ZNKSt8__detail15_Hashtable_baseIiSt4pairIKiP14file_predictorENS_10_Select1stESt8equal_toIiESt4hashIiENS_18_Mod_range_hashingENS_20_Default_ranged_hashENS_17_Hashtable_traitsILb0ELb0ELb1EEEE9_M_equalsERS2_mPNS_10_Hash_nodeIS5_Lb0EEE+0x54) [0x7f2c187fa4e2] ENABLE_FILE_STATS in con
ENABLE_FILE_STATS in con	??	??:0	DESTRUCTOR GETTING CALLED 	PRINT_GLOBAL_STATS in dest	
#3   /usr/lib/lib_CPNI.so(_ZNKSt10_HashtableIiSt4pairIKiP14file_predictorESaIS4_ENSt8__detail10_Select1stESt8equal_toIiESt4hashIiENS6_18_Mod_range_hashingENS6_20_Default_ranged_hashENS6_20_Prime_rehash_policyENS6_17_Hashtable_traitsILb0ELb0ELb1EEEE19_M_find_before_nodeEmRS1_m+0x65) [0x7f2c187f9ea5] ENABLE_FILE_STATS in con
ENABLE_FILE_STATS in con	??	??:0	DESTRUCTOR GETTING CALLED 	PRINT_GLOBAL_STATS in dest	
#4   /usr/lib/lib_CPNI.so(_ZNKSt10_HashtableIiSt4pairIKiP14file_predictorESaIS4_ENSt8__detail10_Select1stESt8equal_toIiESt4hashIiENS6_18_Mod_range_hashingENS6_20_Default_ranged_hashENS6_20_Prime_rehash_policyENS6_17_Hashtable_traitsILb0ELb0ELb1EEEE12_M_find_nodeEmRS1_m+0x30) [0x7f2c187f9786] ENABLE_FILE_STATS in con
ENABLE_FILE_STATS in con	??	??:0	DESTRUCTOR GETTING CALLED 	PRINT_GLOBAL_STATS in dest	
#5   /usr/lib/lib_CPNI.so(_ZNSt10_HashtableIiSt4pairIKiP14file_predictorESaIS4_ENSt8__detail10_Select1stESt8equal_toIiESt4hashIiENS6_18_Mod_range_hashingENS6_20_Default_ranged_hashENS6_20_Prime_rehash_policyENS6_17_Hashtable_traitsILb0ELb0ELb1EEEE10_M_emplaceIJS4_EEES0_INS6_14_Node_iteratorIS4_Lb0ELb0EEEbESt17integral_constantIbLb1EEDpOT_+0xb6) [0x7f2c187f9624] ENABLE_FILE_STATS in con
ENABLE_FILE_STATS in con	??	??:0	DESTRUCTOR GETTING CALLED 	PRINT_GLOBAL_STATS in dest	
#6   /usr/lib/lib_CPNI.so(_ZNSt8__detail7_InsertIiSt4pairIKiP14file_predictorESaIS5_ENS_10_Select1stESt8equal_toIiESt4hashIiENS_18_Mod_range_hashingENS_20_Default_ranged_hashENS_20_Prime_rehash_policyENS_17_Hashtable_traitsILb0ELb0ELb1EEELb0EE6insertIS5_vEES1_INS_14_Node_iteratorIS5_Lb0ELb0EEEbEOT_+0x53) [0x7f2c187f93fb] ENABLE_FILE_STATS in con
ENABLE_FILE_STATS in con	??	??:0	DESTRUCTOR GETTING CALLED 	PRINT_GLOBAL_STATS in dest	
#7   /usr/lib/lib_CPNI.so(_ZNSt13unordered_mapIiP14file_predictorSt4hashIiESt8equal_toIiESaISt4pairIKiS1_EEE6insertEOS8_+0x2c) [0x7f2c187f930c] ENABLE_FILE_STATS in con
ENABLE_FILE_STATS in con	??	??:0	DESTRUCTOR GETTING CALLED 	PRINT_GLOBAL_STATS in dest	
#8   /usr/lib/lib_CPNI.so(_Z11record_openi+0x97) [0x7f2c187f9211] ENABLE_FILE_STATS in con
ENABLE_FILE_STATS in con	??	??:0	DESTRUCTOR GETTING CALLED 	PRINT_GLOBAL_STATS in dest	
#9   /usr/lib/lib_CPNI.so(_Z11handle_openi+0x15) [0x7f2c187f808b] ENABLE_FILE_STATS in con
ENABLE_FILE_STATS in con	??	??:0	DESTRUCTOR GETTING CALLED 	PRINT_GLOBAL_STATS in dest	
#10  /usr/lib/lib_CPNI.so(open+0x14d) [0x7f2c187f84b2] ENABLE_FILE_STATS in con
ENABLE_FILE_STATS in con	??	??:0	DESTRUCTOR GETTING CALLED 	PRINT_GLOBAL_STATS in dest	
#11  ./db_bench(+0x20993a) [0x564c00e0993a] ENABLE_FILE_STATS in con
ENABLE_FILE_STATS in con	??	??:0	DESTRUCTOR GETTING CALLED 	PRINT_GLOBAL_STATS in dest	
#12  ./db_bench(+0x19dbad) [0x564c00d9dbad] ENABLE_FILE_STATS in con
ENABLE_FILE_STATS in con	??	??:0	DESTRUCTOR GETTING CALLED 	PRINT_GLOBAL_STATS in dest	
#13  ./db_bench(+0x19f328) [0x564c00d9f328] ENABLE_FILE_STATS in con
ENABLE_FILE_STATS in con	??	??:0	DESTRUCTOR GETTING CALLED 	PRINT_GLOBAL_STATS in dest	
#14  ./db_bench(+0x3f19c8) [0x564c00ff19c8] ENABLE_FILE_STATS in con
ENABLE_FILE_STATS in con	??	??:0	DESTRUCTOR GETTING CALLED 	PRINT_GLOBAL_STATS in dest	
#15  /usr/lib/x86_64-linux-gnu/libstdc++.so.6(+0xbd6df) [0x7f2c172056df] ENABLE_FILE_STATS in con
ENABLE_FILE_STATS in con	??	??:0	DESTRUCTOR GETTING CALLED 	PRINT_GLOBAL_STATS in dest	
#16  /lib/x86_64-linux-gnu/libpthread.so.0(+0x76db) [0x7f2c183d16db] ENABLE_FILE_STATS in con
ENABLE_FILE_STATS in con	??	??:0	DESTRUCTOR GETTING CALLED 	PRINT_GLOBAL_STATS in dest	
#17  /lib/x86_64-linux-gnu/libc.so.6(clone+0x3f) [0x7f2c168c261f] ENABLE_FILE_STATS in con
ENABLE_FILE_STATS in con	??	??:0	DESTRUCTOR GETTING CALLED 	PRINT_GLOBAL_STATS in dest	
Command terminated by signal 11
	Command being timed: "./db_bench --db=/users/kannan11/ssd/sudarsun/prefetching/appbench/apps/rocksdb/DATA --value_size=4096 --wal_dir=/users/kannan11/ssd/sudarsun/prefetching/appbench/apps/rocksdb/DATA/WAL_LOG --sync=0 --key_size=1000 --write_buffer_size=67108864 --num=1000000 --benchmarks=readwhilescanning --use_existing_db=1 --mmap_read=0 --threads=16"
	User time (seconds): 0.12
	System time (seconds): 2.69
	Percent of CPU this job got: 330%
	Elapsed (wall clock) time (h:mm:ss or m:ss): 0:00.85
	Average shared text size (kbytes): 0
	Average unshared data size (kbytes): 0
	Average stack size (kbytes): 0
	Average total size (kbytes): 0
	Maximum resident set size (kbytes): 2081444
	Average resident set size (kbytes): 0
	Major (requiring I/O) page faults: 97
	Minor (reclaiming a frame) page faults: 546026
	Voluntary context switches: 2289
	Involuntary context switches: 19
	Swaps: 0
	File system inputs: 61472
	File system outputs: 48
	Socket messages sent: 0
	Socket messages received: 0
	Signals delivered: 0
	Page size (bytes): 4096
	Exit status: 0
DESTRUCTOR GETTING CALLED 
PRINT_GLOBAL_STATS in dest
[ 2006.426076] free_cross_bitmap: releasing mem for inode with i_count 2
[ 2006.439874] free_cross_bitmap: releasing mem for inode with i_count 2
[ 2006.452238] free_cross_bitmap: releasing mem for inode with i_count 2
[ 2006.465097] free_cross_bitmap: releasing mem for inode with i_count 2
[ 2006.477290] free_cross_bitmap: releasing mem for inode with i_count 2
[ 2006.489548] free_cross_bitmap: releasing mem for inode with i_count 2
[ 2006.501872] free_cross_bitmap: releasing mem for inode with i_count 2
[ 2006.514712] free_cross_bitmap: releasing mem for inode with i_count 2
[ 2006.527696] free_cross_bitmap: releasing mem for inode with i_count 2
[ 2006.538217] free_cross_bitmap: releasing mem for inode with i_count 2
[ 2006.550827] free_cross_bitmap: releasing mem for inode with i_count 2
[ 2006.562542] free_cross_bitmap: releasing mem for inode with i_count 2
[ 2006.575110] free_cross_bitmap: releasing mem for inode with i_count 2
[ 2006.587464] free_cross_bitmap: releasing mem for inode with i_count 2
[ 2006.599832] free_cross_bitmap: releasing mem for inode with i_count 2
[ 2006.612651] free_cross_bitmap: releasing mem for inode with i_count 2
[ 2006.625093] free_cross_bitmap: releasing mem for inode with i_count 2
[ 2006.638339] free_cross_bitmap: releasing mem for inode with i_count 2
[ 2006.651103] free_cross_bitmap: releasing mem for inode with i_count 2
[ 2006.663948] free_cross_bitmap: releasing mem for inode with i_count 2
[ 2006.676454] free_cross_bitmap: releasing mem for inode with i_count 2
[ 2006.689020] free_cross_bitmap: releasing mem for inode with i_count 2
[ 2006.701301] free_cross_bitmap: releasing mem for inode with i_count 2
[ 2006.713683] free_cross_bitmap: releasing mem for inode with i_count 2
[ 2006.726006] free_cross_bitmap: releasing mem for inode with i_count 2
[ 2006.738338] free_cross_bitmap: releasing mem for inode with i_count 2
[ 2006.751362] free_cross_bitmap: releasing mem for inode with i_count 2
[ 2006.765061] free_cross_bitmap: releasing mem for inode with i_count 2
[ 2006.774810] free_cross_bitmap: releasing mem for inode with i_count 2
[ 2006.815502] free_cross_bitmap: releasing mem for inode with i_count 2
[ 2006.853468] free_cross_bitmap: releasing mem for inode with i_count 2
[ 2006.877924] free_cross_bitmap: releasing mem for inode with i_count 2
[ 2006.893574] free_cross_bitmap: releasing mem for inode with i_count 2
[ 2007.052461] free_cross_bitmap: releasing mem for inode with i_count 2
[ 2007.059426] free_cross_bitmap: releasing mem for inode with i_count 2
[ 2007.086205] free_cross_bitmap: releasing mem for inode with i_count 2
[ 2007.104452] free_cross_bitmap: releasing mem for inode with i_count 2
[ 2007.131345] free_cross_bitmap: releasing mem for inode with i_count 2
[ 2007.152950] free_cross_bitmap: releasing mem for inode with i_count 2
[ 2007.178199] free_cross_bitmap: releasing mem for inode with i_count 2
[ 2007.196954] free_cross_bitmap: releasing mem for inode with i_count 2
[ 2007.360348] free_cross_bitmap: releasing mem for inode with i_count 2
[ 2007.384158] free_cross_bitmap: releasing mem for inode with i_count 2
[ 2007.419999] free_cross_bitmap: releasing mem for inode with i_count 2
[ 2007.447436] free_cross_bitmap: releasing mem for inode with i_count 2
[ 2007.464071] free_cross_bitmap: releasing mem for inode with i_count 2
[ 2007.612618] free_cross_bitmap: releasing mem for inode with i_count 2
[ 2007.628559] free_cross_bitmap: releasing mem for inode with i_count 2
[ 2007.654903] free_cross_bitmap: releasing mem for inode with i_count 2
[ 2007.678303] free_cross_bitmap: releasing mem for inode with i_count 2
[ 2007.901305] free_cross_bitmap: releasing mem for inode with i_count 2
[ 2008.118550] free_cross_bitmap: releasing mem for inode with i_count 2
[ 2008.142771] free_cross_bitmap: releasing mem for inode with i_count 2
[ 2008.166961] free_cross_bitmap: releasing mem for inode with i_count 2
[ 2008.360491] free_cross_bitmap: releasing mem for inode with i_count 2
[ 2008.379621] free_cross_bitmap: releasing mem for inode with i_count 2
[ 2008.406689] free_cross_bitmap: releasing mem for inode with i_count 2
[ 2008.431974] free_cross_bitmap: releasing mem for inode with i_count 2
[ 2008.468280] free_cross_bitmap: releasing mem for inode with i_count 2
[ 2008.635218] free_cross_bitmap: releasing mem for inode with i_count 2
[ 2009.268072] free_cross_bitmap: releasing mem for inode with i_count 2
[ 2009.347316] free_cross_bitmap: releasing mem for inode with i_count 2
[ 2009.439089] sh (16604): drop_caches: 3
[ 2009.534685] sh (16671): drop_caches: 3
[ 2014.560571] Enabled file stats for time:16678
[ 2014.560757] write_proc: Value of write = 1
[ 2014.565712] Enabled file stats for db_bench:16687
[ 2014.565926] write_proc: Value of write = 1
[ 2014.612630] alloc_cross_bitmap: preallocate 268435456 pg, nr_longs=4194304 in 12 millisec
[ 2014.613064] alloc_cross_bitmap: preallocate 268435456 pg, nr_longs=4194304 in 12 millisec
[ 2014.613085] alloc_cross_bitmap: preallocate 268435456 pg, nr_longs=4194304 in 12 millisec
[ 2014.613207] alloc_cross_bitmap: preallocate 268435456 pg, nr_longs=4194304 in 12 millisec
[ 2014.614112] alloc_cross_bitmap: preallocate 268435456 pg, nr_longs=4194304 in 12 millisec
[ 2014.614133] alloc_cross_bitmap: preallocate 268435456 pg, nr_longs=4194304 in 12 millisec
[ 2014.614863] alloc_cross_bitmap: preallocate 268435456 pg, nr_longs=4194304 in 12 millisec
[ 2014.615082] alloc_cross_bitmap: preallocate 268435456 pg, nr_longs=4194304 in 12 millisec
[ 2014.617902] alloc_cross_bitmap: preallocate 268435456 pg, nr_longs=4194304 in 16 millisec
[ 2014.619957] alloc_cross_bitmap: preallocate 268435456 pg, nr_longs=4194304 in 16 millisec
[ 2014.619994] alloc_cross_bitmap: preallocate 268435456 pg, nr_longs=4194304 in 20 millisec
[ 2014.620779] alloc_cross_bitmap: preallocate 268435456 pg, nr_longs=4194304 in 16 millisec
[ 2014.620826] alloc_cross_bitmap: preallocate 268435456 pg, nr_longs=4194304 in 16 millisec
[ 2014.625089] Enabled file stats for sh:16713
[ 2014.625286] write_proc: Value of write = 1
[ 2014.628007] Enabled file stats for addr2line:16722
[ 2014.628186] write_proc: Value of write = 1
[ 2014.631766] write_proc: Value of write = 0
[ 2014.631773] __do_sys_start_cross_trace: PRINT_GLOBAL_STATS 
[ 2014.631774] Final GlobalReport: nr_pages_read:4315066027, nr_pages_hit:4202770085, nr_do_read_fault:555247, nr_pages_miss:47360431
[ 2014.631809] FinalTaskReport: addr2line:16722 - ra_orig_nr_pages:0, ra_final_nr_pages:0
                                        async_pages:781, final_async_pages:421
                                        full_pfetches:0, less256_pfetches:0, partial_pfetches:0
                                        failed_pfetches:0, total_pfetches:0, os_pfetches:16
                                        nr_pages_read:242, nr_pages_hit:100, nr_do_read_fault:39
[ 2014.632143] FinalTaskReport: sh:16713 - ra_orig_nr_pages:0, ra_final_nr_pages:0
                                        async_pages:0, final_async_pages:0
                                        full_pfetches:0, less256_pfetches:0, partial_pfetches:0
                                        failed_pfetches:0, total_pfetches:0, os_pfetches:0
                                        nr_pages_read:0, nr_pages_hit:0, nr_do_read_fault:16
[ 2014.650636] Enabled file stats for sh:16731
[ 2014.650823] write_proc: Value of write = 1
[ 2014.652122] alloc_cross_bitmap: preallocate 268435456 pg, nr_longs=4194304 in 8 millisec
[ 2014.652587] Enabled file stats for addr2line:16740
[ 2014.652774] write_proc: Value of write = 1
[ 2014.653604] alloc_cross_bitmap: preallocate 268435456 pg, nr_longs=4194304 in 4 millisec
[ 2014.655519] write_proc: Value of write = 0
[ 2014.655535] __do_sys_start_cross_trace: PRINT_GLOBAL_STATS 
[ 2014.655536] Final GlobalReport: nr_pages_read:4315066027, nr_pages_hit:4202770085, nr_do_read_fault:555485, nr_pages_miss:47360431
[ 2014.655614] FinalTaskReport: addr2line:16740 - ra_orig_nr_pages:0, ra_final_nr_pages:0
                                        async_pages:0, final_async_pages:0
                                        full_pfetches:0, less256_pfetches:0, partial_pfetches:0
                                        failed_pfetches:0, total_pfetches:0, os_pfetches:0
                                        nr_pages_read:370, nr_pages_hit:358, nr_do_read_fault:35
[ 2014.656203] alloc_cross_bitmap: preallocate 268435456 pg, nr_longs=4194304 in 8 millisec
[ 2014.656379] alloc_cross_bitmap: preallocate 268435456 pg, nr_longs=4194304 in 8 millisec
[ 2014.656462] FinalTaskReport: sh:16731 - ra_orig_nr_pages:0, ra_final_nr_pages:0
                                        async_pages:0, final_async_pages:0
                                        full_pfetches:0, less256_pfetches:0, partial_pfetches:0
                                        failed_pfetches:0, total_pfetches:0, os_pfetches:0
                                        nr_pages_read:0, nr_pages_hit:0, nr_do_read_fault:18
[ 2014.656745] alloc_cross_bitmap: preallocate 268435456 pg, nr_longs=4194304 in 8 millisec
[ 2014.656775] alloc_cross_bitmap: preallocate 268435456 pg, nr_longs=4194304 in 8 millisec
[ 2014.657075] alloc_cross_bitmap: preallocate 268435456 pg, nr_longs=4194304 in 8 millisec
[ 2014.658711] alloc_cross_bitmap: preallocate 268435456 pg, nr_longs=4194304 in 8 millisec
[ 2014.659208] alloc_cross_bitmap: preallocate 268435456 pg, nr_longs=4194304 in 8 millisec
[ 2014.659619] alloc_cross_bitmap: preallocate 268435456 pg, nr_longs=4194304 in 8 millisec
[ 2014.662529] alloc_cross_bitmap: preallocate 268435456 pg, nr_longs=4194304 in 8 millisec
[ 2014.662691] alloc_cross_bitmap: preallocate 268435456 pg, nr_longs=4194304 in 8 millisec
[ 2014.663152] alloc_cross_bitmap: preallocate 268435456 pg, nr_longs=4194304 in 8 millisec
[ 2014.663205] alloc_cross_bitmap: preallocate 268435456 pg, nr_longs=4194304 in 8 millisec
[ 2014.677358] Enabled file stats for sh:16749
[ 2014.677541] write_proc: Value of write = 1
[ 2014.679278] Enabled file stats for addr2line:16758
[ 2014.679494] write_proc: Value of write = 1
[ 2014.681531] write_proc: Value of write = 0
[ 2014.681537] __do_sys_start_cross_trace: PRINT_GLOBAL_STATS 
[ 2014.681538] Final GlobalReport: nr_pages_read:4315066027, nr_pages_hit:4202770085, nr_do_read_fault:555715, nr_pages_miss:47360431
[ 2014.681564] FinalTaskReport: addr2line:16758 - ra_orig_nr_pages:0, ra_final_nr_pages:0
                                        async_pages:0, final_async_pages:0
                                        full_pfetches:0, less256_pfetches:0, partial_pfetches:0
                                        failed_pfetches:0, total_pfetches:0, os_pfetches:0
                                        nr_pages_read:370, nr_pages_hit:358, nr_do_read_fault:34
[ 2014.682045] FinalTaskReport: sh:16749 - ra_orig_nr_pages:0, ra_final_nr_pages:0
                                        async_pages:0, final_async_pages:0
                                        full_pfetches:0, less256_pfetches:0, partial_pfetches:0
                                        failed_pfetches:0, total_pfetches:0, os_pfetches:0
                                        nr_pages_read:0, nr_pages_hit:0, nr_do_read_fault:17
[ 2014.696885] alloc_cross_bitmap: preallocate 268435456 pg, nr_longs=4194304 in 4 millisec
[ 2014.698151] alloc_cross_bitmap: preallocate 268435456 pg, nr_longs=4194304 in 4 millisec
[ 2014.703953] alloc_cross_bitmap: preallocate 268435456 pg, nr_longs=4194304 in 4 millisec
[ 2014.705744] alloc_cross_bitmap: preallocate 268435456 pg, nr_longs=4194304 in 4 millisec
[ 2014.705896] alloc_cross_bitmap: preallocate 268435456 pg, nr_longs=4194304 in 4 millisec
[ 2014.705961] alloc_cross_bitmap: preallocate 268435456 pg, nr_longs=4194304 in 4 millisec
[ 2014.707676] alloc_cross_bitmap: preallocate 268435456 pg, nr_longs=4194304 in 8 millisec
[ 2014.707816] alloc_cross_bitmap: preallocate 268435456 pg, nr_longs=4194304 in 8 millisec
[ 2014.707849] alloc_cross_bitmap: preallocate 268435456 pg, nr_longs=4194304 in 8 millisec
[ 2014.708108] Enabled file stats for sh:16767
[ 2014.708291] write_proc: Value of write = 1
[ 2014.709979] Enabled file stats for addr2line:16776
[ 2014.710157] write_proc: Value of write = 1
[ 2014.712192] write_proc: Value of write = 0
[ 2014.712200] __do_sys_start_cross_trace: PRINT_GLOBAL_STATS 
[ 2014.712200] Final GlobalReport: nr_pages_read:4315066027, nr_pages_hit:4202770085, nr_do_read_fault:555952, nr_pages_miss:47360431
[ 2014.712231] FinalTaskReport: addr2line:16776 - ra_orig_nr_pages:0, ra_final_nr_pages:0
                                        async_pages:0, final_async_pages:0
                                        full_pfetches:0, less256_pfetches:0, partial_pfetches:0
                                        failed_pfetches:0, total_pfetches:0, os_pfetches:0
                                        nr_pages_read:370, nr_pages_hit:358, nr_do_read_fault:38
[ 2014.712505] FinalTaskReport: sh:16767 - ra_orig_nr_pages:0, ra_final_nr_pages:0
                                        async_pages:0, final_async_pages:0
                                        full_pfetches:0, less256_pfetches:0, partial_pfetches:0
                                        failed_pfetches:0, total_pfetches:0, os_pfetches:0
                                        nr_pages_read:0, nr_pages_hit:0, nr_do_read_fault:18
[ 2014.713212] alloc_cross_bitmap: preallocate 268435456 pg, nr_longs=4194304 in 8 millisec
[ 2014.714818] alloc_cross_bitmap: preallocate 268435456 pg, nr_longs=4194304 in 8 millisec
[ 2014.714824] alloc_cross_bitmap: preallocate 268435456 pg, nr_longs=4194304 in 8 millisec
[ 2014.715430] alloc_cross_bitmap: preallocate 268435456 pg, nr_longs=4194304 in 8 millisec
[ 2014.715436] alloc_cross_bitmap: preallocate 268435456 pg, nr_longs=4194304 in 8 millisec
[ 2014.726897] alloc_cross_bitmap: preallocate 268435456 pg, nr_longs=4194304 in 4 millisec
[ 2014.728672] alloc_cross_bitmap: preallocate 268435456 pg, nr_longs=4194304 in 4 millisec
[ 2014.734514] alloc_cross_bitmap: preallocate 268435456 pg, nr_longs=4194304 in 4 millisec
[ 2014.735201] alloc_cross_bitmap: preallocate 268435456 pg, nr_longs=4194304 in 0 millisec
[ 2014.735673] alloc_cross_bitmap: preallocate 268435456 pg, nr_longs=4194304 in 4 millisec
[ 2014.736519] alloc_cross_bitmap: preallocate 268435456 pg, nr_longs=4194304 in 4 millisec
[ 2014.736620] alloc_cross_bitmap: preallocate 268435456 pg, nr_longs=4194304 in 4 millisec
[ 2014.742213] Enabled file stats for sh:16785
[ 2014.742388] write_proc: Value of write = 1
[ 2014.743961] Enabled file stats for addr2line:16794
[ 2014.744166] write_proc: Value of write = 1
[ 2014.746045] write_proc: Value of write = 0
[ 2014.746051] __do_sys_start_cross_trace: PRINT_GLOBAL_STATS 
[ 2014.746052] Final GlobalReport: nr_pages_read:4315066027, nr_pages_hit:4202770085, nr_do_read_fault:556179, nr_pages_miss:47360431
[ 2014.746077] FinalTaskReport: addr2line:16794 - ra_orig_nr_pages:0, ra_final_nr_pages:0
                                        async_pages:0, final_async_pages:0
                                        full_pfetches:0, less256_pfetches:0, partial_pfetches:0
                                        failed_pfetches:0, total_pfetches:0, os_pfetches:0
                                        nr_pages_read:370, nr_pages_hit:358, nr_do_read_fault:36
[ 2014.746343] FinalTaskReport: sh:16785 - ra_orig_nr_pages:0, ra_final_nr_pages:0
                                        async_pages:0, final_async_pages:0
                                        full_pfetches:0, less256_pfetches:0, partial_pfetches:0
                                        failed_pfetches:0, total_pfetches:0, os_pfetches:0
                                        nr_pages_read:0, nr_pages_hit:0, nr_do_read_fault:16
[ 2014.792992] Enabled file stats for sh:16803
[ 2014.793169] write_proc: Value of write = 1
[ 2014.794687] Enabled file stats for addr2line:16812
[ 2014.794853] write_proc: Value of write = 1
[ 2014.796785] write_proc: Value of write = 0
[ 2014.796792] __do_sys_start_cross_trace: PRINT_GLOBAL_STATS 
[ 2014.796793] Final GlobalReport: nr_pages_read:4315066027, nr_pages_hit:4202770085, nr_do_read_fault:556410, nr_pages_miss:47360431
[ 2014.796822] FinalTaskReport: addr2line:16812 - ra_orig_nr_pages:0, ra_final_nr_pages:0
                                        async_pages:0, final_async_pages:0
                                        full_pfetches:0, less256_pfetches:0, partial_pfetches:0
                                        failed_pfetches:0, total_pfetches:0, os_pfetches:0
                                        nr_pages_read:370, nr_pages_hit:358, nr_do_read_fault:35
[ 2014.797216] FinalTaskReport: sh:16803 - ra_orig_nr_pages:0, ra_final_nr_pages:0
                                        async_pages:0, final_async_pages:0
                                        full_pfetches:0, less256_pfetches:0, partial_pfetches:0
                                        failed_pfetches:0, total_pfetches:0, os_pfetches:0
                                        nr_pages_read:0, nr_pages_hit:0, nr_do_read_fault:16
[ 2014.804603] alloc_cross_bitmap: preallocate 268435456 pg, nr_longs=4194304 in 8 millisec
[ 2014.804644] alloc_cross_bitmap: preallocate 268435456 pg, nr_longs=4194304 in 8 millisec
[ 2014.805025] alloc_cross_bitmap: preallocate 268435456 pg, nr_longs=4194304 in 8 millisec
[ 2014.806310] alloc_cross_bitmap: preallocate 268435456 pg, nr_longs=4194304 in 8 millisec
[ 2014.806386] alloc_cross_bitmap: preallocate 268435456 pg, nr_longs=4194304 in 8 millisec
[ 2014.806745] alloc_cross_bitmap: preallocate 268435456 pg, nr_longs=4194304 in 8 millisec
[ 2014.806752] alloc_cross_bitmap: preallocate 268435456 pg, nr_longs=4194304 in 8 millisec
[ 2014.806758] alloc_cross_bitmap: preallocate 268435456 pg, nr_longs=4194304 in 8 millisec
[ 2014.806783] alloc_cross_bitmap: preallocate 268435456 pg, nr_longs=4194304 in 8 millisec
[ 2014.806885] alloc_cross_bitmap: preallocate 268435456 pg, nr_longs=4194304 in 8 millisec
[ 2014.820192] alloc_cross_bitmap: preallocate 268435456 pg, nr_longs=4194304 in 8 millisec
[ 2014.820227] alloc_cross_bitmap: preallocate 268435456 pg, nr_longs=4194304 in 8 millisec
[ 2014.827507] alloc_cross_bitmap: preallocate 268435456 pg, nr_longs=4194304 in 0 millisec
[ 2014.836963] Enabled file stats for sh:16821
[ 2014.837136] write_proc: Value of write = 1
[ 2014.838702] Enabled file stats for addr2line:16830
[ 2014.838874] write_proc: Value of write = 1
[ 2014.840755] write_proc: Value of write = 0
[ 2014.840761] __do_sys_start_cross_trace: PRINT_GLOBAL_STATS 
[ 2014.840762] Final GlobalReport: nr_pages_read:4315066027, nr_pages_hit:4202770085, nr_do_read_fault:556646, nr_pages_miss:47360431
[ 2014.840788] FinalTaskReport: addr2line:16830 - ra_orig_nr_pages:0, ra_final_nr_pages:0
                                        async_pages:0, final_async_pages:0
                                        full_pfetches:0, less256_pfetches:0, partial_pfetches:0
                                        failed_pfetches:0, total_pfetches:0, os_pfetches:0
                                        nr_pages_read:370, nr_pages_hit:358, nr_do_read_fault:36
[ 2014.841226] FinalTaskReport: sh:16821 - ra_orig_nr_pages:0, ra_final_nr_pages:0
                                        async_pages:0, final_async_pages:0
                                        full_pfetches:0, less256_pfetches:0, partial_pfetches:0
                                        failed_pfetches:0, total_pfetches:0, os_pfetches:0
                                        nr_pages_read:0, nr_pages_hit:0, nr_do_read_fault:16
[ 2014.879282] Enabled file stats for sh:16839
[ 2014.879461] write_proc: Value of write = 1
[ 2014.881017] Enabled file stats for addr2line:16848
[ 2014.881181] write_proc: Value of write = 1
[ 2014.883024] write_proc: Value of write = 0
[ 2014.883030] __do_sys_start_cross_trace: PRINT_GLOBAL_STATS 
[ 2014.883031] Final GlobalReport: nr_pages_read:4315066027, nr_pages_hit:4202770085, nr_do_read_fault:556881, nr_pages_miss:47360431
[ 2014.883059] FinalTaskReport: addr2line:16848 - ra_orig_nr_pages:0, ra_final_nr_pages:0
                                        async_pages:0, final_async_pages:0
                                        full_pfetches:0, less256_pfetches:0, partial_pfetches:0
                                        failed_pfetches:0, total_pfetches:0, os_pfetches:0
                                        nr_pages_read:370, nr_pages_hit:358, nr_do_read_fault:36
[ 2014.883307] FinalTaskReport: sh:16839 - ra_orig_nr_pages:0, ra_final_nr_pages:0
                                        async_pages:0, final_async_pages:0
                                        full_pfetches:0, less256_pfetches:0, partial_pfetches:0
                                        failed_pfetches:0, total_pfetches:0, os_pfetches:0
                                        nr_pages_read:0, nr_pages_hit:0, nr_do_read_fault:17
[ 2014.924282] Enabled file stats for sh:16857
[ 2014.924481] write_proc: Value of write = 1
[ 2014.926054] Enabled file stats for addr2line:16866
[ 2014.926228] write_proc: Value of write = 1
[ 2014.928089] write_proc: Value of write = 0
[ 2014.928096] __do_sys_start_cross_trace: PRINT_GLOBAL_STATS 
[ 2014.928097] Final GlobalReport: nr_pages_read:4315066027, nr_pages_hit:4202770085, nr_do_read_fault:557110, nr_pages_miss:47360431
[ 2014.928123] FinalTaskReport: addr2line:16866 - ra_orig_nr_pages:0, ra_final_nr_pages:0
                                        async_pages:0, final_async_pages:0
                                        full_pfetches:0, less256_pfetches:0, partial_pfetches:0
                                        failed_pfetches:0, total_pfetches:0, os_pfetches:0
                                        nr_pages_read:370, nr_pages_hit:358, nr_do_read_fault:34
[ 2014.928379] FinalTaskReport: sh:16857 - ra_orig_nr_pages:0, ra_final_nr_pages:0
                                        async_pages:0, final_async_pages:0
                                        full_pfetches:0, less256_pfetches:0, partial_pfetches:0
                                        failed_pfetches:0, total_pfetches:0, os_pfetches:0
                                        nr_pages_read:0, nr_pages_hit:0, nr_do_read_fault:15
[ 2014.968654] Enabled file stats for sh:16875
[ 2014.968851] write_proc: Value of write = 1
[ 2014.970133] Enabled file stats for addr2line:16884
[ 2014.970290] write_proc: Value of write = 1
[ 2014.972086] write_proc: Value of write = 0
[ 2014.972092] __do_sys_start_cross_trace: PRINT_GLOBAL_STATS 
[ 2014.972094] Final GlobalReport: nr_pages_read:4315066027, nr_pages_hit:4202770085, nr_do_read_fault:557333, nr_pages_miss:47360431
[ 2014.972122] FinalTaskReport: addr2line:16884 - ra_orig_nr_pages:0, ra_final_nr_pages:0
                                        async_pages:0, final_async_pages:0
                                        full_pfetches:0, less256_pfetches:0, partial_pfetches:0
                                        failed_pfetches:0, total_pfetches:0, os_pfetches:0
                                        nr_pages_read:370, nr_pages_hit:358, nr_do_read_fault:34
[ 2014.972585] FinalTaskReport: sh:16875 - ra_orig_nr_pages:0, ra_final_nr_pages:0
                                        async_pages:0, final_async_pages:0
                                        full_pfetches:0, less256_pfetches:0, partial_pfetches:0
                                        failed_pfetches:0, total_pfetches:0, os_pfetches:0
                                        nr_pages_read:0, nr_pages_hit:0, nr_do_read_fault:18
[ 2015.014121] Enabled file stats for sh:16893
[ 2015.014372] write_proc: Value of write = 1
[ 2015.015743] Enabled file stats for addr2line:16902
[ 2015.015906] write_proc: Value of write = 1
[ 2015.017849] write_proc: Value of write = 0
[ 2015.017856] __do_sys_start_cross_trace: PRINT_GLOBAL_STATS 
[ 2015.017857] Final GlobalReport: nr_pages_read:4315066027, nr_pages_hit:4202770085, nr_do_read_fault:557565, nr_pages_miss:47360431
[ 2015.017885] FinalTaskReport: addr2line:16902 - ra_orig_nr_pages:0, ra_final_nr_pages:0
                                        async_pages:0, final_async_pages:0
                                        full_pfetches:0, less256_pfetches:0, partial_pfetches:0
                                        failed_pfetches:0, total_pfetches:0, os_pfetches:0
                                        nr_pages_read:370, nr_pages_hit:358, nr_do_read_fault:34
[ 2015.018409] FinalTaskReport: sh:16893 - ra_orig_nr_pages:0, ra_final_nr_pages:0
                                        async_pages:0, final_async_pages:0
                                        full_pfetches:0, less256_pfetches:0, partial_pfetches:0
                                        failed_pfetches:0, total_pfetches:0, os_pfetches:0
                                        nr_pages_read:0, nr_pages_hit:0, nr_do_read_fault:16
[ 2015.060586] Enabled file stats for sh:16911
[ 2015.060799] write_proc: Value of write = 1
[ 2015.062486] Enabled file stats for addr2line:16920
[ 2015.062806] write_proc: Value of write = 1
[ 2015.064635] write_proc: Value of write = 0
[ 2015.064642] __do_sys_start_cross_trace: PRINT_GLOBAL_STATS 
[ 2015.064643] Final GlobalReport: nr_pages_read:4315066027, nr_pages_hit:4202770085, nr_do_read_fault:557799, nr_pages_miss:47360431
[ 2015.064669] FinalTaskReport: addr2line:16920 - ra_orig_nr_pages:0, ra_final_nr_pages:0
                                        async_pages:0, final_async_pages:0
                                        full_pfetches:0, less256_pfetches:0, partial_pfetches:0
                                        failed_pfetches:0, total_pfetches:0, os_pfetches:0
                                        nr_pages_read:370, nr_pages_hit:358, nr_do_read_fault:36
[ 2015.064927] FinalTaskReport: sh:16911 - ra_orig_nr_pages:0, ra_final_nr_pages:0
                                        async_pages:0, final_async_pages:0
                                        full_pfetches:0, less256_pfetches:0, partial_pfetches:0
                                        failed_pfetches:0, total_pfetches:0, os_pfetches:0
                                        nr_pages_read:0, nr_pages_hit:0, nr_do_read_fault:18
[ 2015.106263] Enabled file stats for sh:16929
[ 2015.106498] write_proc: Value of write = 1
[ 2015.108096] Enabled file stats for addr2line:16938
[ 2015.108265] write_proc: Value of write = 1
[ 2015.110464] write_proc: Value of write = 0
[ 2015.110470] __do_sys_start_cross_trace: PRINT_GLOBAL_STATS 
[ 2015.110471] Final GlobalReport: nr_pages_read:4315066027, nr_pages_hit:4202770085, nr_do_read_fault:558031, nr_pages_miss:47360431
[ 2015.110494] FinalTaskReport: addr2line:16938 - ra_orig_nr_pages:0, ra_final_nr_pages:0
                                        async_pages:0, final_async_pages:0
                                        full_pfetches:0, less256_pfetches:0, partial_pfetches:0
                                        failed_pfetches:0, total_pfetches:0, os_pfetches:0
                                        nr_pages_read:370, nr_pages_hit:358, nr_do_read_fault:37
[ 2015.110910] FinalTaskReport: sh:16929 - ra_orig_nr_pages:0, ra_final_nr_pages:0
                                        async_pages:0, final_async_pages:0
                                        full_pfetches:0, less256_pfetches:0, partial_pfetches:0
                                        failed_pfetches:0, total_pfetches:0, os_pfetches:0
                                        nr_pages_read:0, nr_pages_hit:0, nr_do_read_fault:14
[ 2015.152775] Enabled file stats for sh:16947
[ 2015.152975] write_proc: Value of write = 1
[ 2015.154563] Enabled file stats for addr2line:16956
[ 2015.154896] write_proc: Value of write = 1
[ 2015.156752] write_proc: Value of write = 0
[ 2015.156759] __do_sys_start_cross_trace: PRINT_GLOBAL_STATS 
[ 2015.156760] Final GlobalReport: nr_pages_read:4315066027, nr_pages_hit:4202770085, nr_do_read_fault:558262, nr_pages_miss:47360431
[ 2015.156786] FinalTaskReport: addr2line:16956 - ra_orig_nr_pages:0, ra_final_nr_pages:0
                                        async_pages:0, final_async_pages:0
                                        full_pfetches:0, less256_pfetches:0, partial_pfetches:0
                                        failed_pfetches:0, total_pfetches:0, os_pfetches:0
                                        nr_pages_read:370, nr_pages_hit:358, nr_do_read_fault:36
[ 2015.157063] FinalTaskReport: sh:16947 - ra_orig_nr_pages:0, ra_final_nr_pages:0
                                        async_pages:0, final_async_pages:0
                                        full_pfetches:0, less256_pfetches:0, partial_pfetches:0
                                        failed_pfetches:0, total_pfetches:0, os_pfetches:0
                                        nr_pages_read:0, nr_pages_hit:0, nr_do_read_fault:16
[ 2015.197568] Enabled file stats for sh:16965
[ 2015.197822] write_proc: Value of write = 1
[ 2015.199347] Enabled file stats for addr2line:16974
[ 2015.199503] write_proc: Value of write = 1
[ 2015.201371] write_proc: Value of write = 0
[ 2015.201377] __do_sys_start_cross_trace: PRINT_GLOBAL_STATS 
[ 2015.201378] Final GlobalReport: nr_pages_read:4315066027, nr_pages_hit:4202770085, nr_do_read_fault:558498, nr_pages_miss:47360431
[ 2015.201405] FinalTaskReport: addr2line:16974 - ra_orig_nr_pages:0, ra_final_nr_pages:0
                                        async_pages:0, final_async_pages:0
                                        full_pfetches:0, less256_pfetches:0, partial_pfetches:0
                                        failed_pfetches:0, total_pfetches:0, os_pfetches:0
                                        nr_pages_read:370, nr_pages_hit:358, nr_do_read_fault:34
[ 2015.201969] FinalTaskReport: sh:16965 - ra_orig_nr_pages:0, ra_final_nr_pages:0
                                        async_pages:0, final_async_pages:0
                                        full_pfetches:0, less256_pfetches:0, partial_pfetches:0
                                        failed_pfetches:0, total_pfetches:0, os_pfetches:0
                                        nr_pages_read:0, nr_pages_hit:0, nr_do_read_fault:19
[ 2015.243713] Enabled file stats for sh:16983
[ 2015.244025] write_proc: Value of write = 1
[ 2015.245850] Enabled file stats for addr2line:16992
[ 2015.246055] write_proc: Value of write = 1
[ 2015.248223] write_proc: Value of write = 0
[ 2015.248232] __do_sys_start_cross_trace: PRINT_GLOBAL_STATS 
[ 2015.248233] Final GlobalReport: nr_pages_read:4315066027, nr_pages_hit:4202770085, nr_do_read_fault:558739, nr_pages_miss:47360431
[ 2015.248261] FinalTaskReport: addr2line:16992 - ra_orig_nr_pages:0, ra_final_nr_pages:0
                                        async_pages:0, final_async_pages:0
                                        full_pfetches:0, less256_pfetches:0, partial_pfetches:0
                                        failed_pfetches:0, total_pfetches:0, os_pfetches:0
                                        nr_pages_read:370, nr_pages_hit:358, nr_do_read_fault:36
[ 2015.248519] FinalTaskReport: sh:16983 - ra_orig_nr_pages:0, ra_final_nr_pages:0
                                        async_pages:0, final_async_pages:0
                                        full_pfetches:0, less256_pfetches:0, partial_pfetches:0
                                        failed_pfetches:0, total_pfetches:0, os_pfetches:0
                                        nr_pages_read:0, nr_pages_hit:0, nr_do_read_fault:19
[ 2015.289977] Enabled file stats for sh:17001
[ 2015.290191] write_proc: Value of write = 1
[ 2015.291619] Enabled file stats for addr2line:17010
[ 2015.291805] write_proc: Value of write = 1
[ 2015.293607] write_proc: Value of write = 0
[ 2015.293613] __do_sys_start_cross_trace: PRINT_GLOBAL_STATS 
[ 2015.293614] Final GlobalReport: nr_pages_read:4315066027, nr_pages_hit:4202770085, nr_do_read_fault:558981, nr_pages_miss:47360431
[ 2015.293638] FinalTaskReport: addr2line:17010 - ra_orig_nr_pages:0, ra_final_nr_pages:0
                                        async_pages:0, final_async_pages:0
                                        full_pfetches:0, less256_pfetches:0, partial_pfetches:0
                                        failed_pfetches:0, total_pfetches:0, os_pfetches:0
                                        nr_pages_read:370, nr_pages_hit:358, nr_do_read_fault:37
[ 2015.294120] FinalTaskReport: sh:17001 - ra_orig_nr_pages:0, ra_final_nr_pages:0
                                        async_pages:0, final_async_pages:0
                                        full_pfetches:0, less256_pfetches:0, partial_pfetches:0
                                        failed_pfetches:0, total_pfetches:0, os_pfetches:0
                                        nr_pages_read:0, nr_pages_hit:0, nr_do_read_fault:17
[ 2015.334794] Enabled file stats for sh:17019
[ 2015.334998] write_proc: Value of write = 1
[ 2015.336371] Enabled file stats for addr2line:17028
[ 2015.336540] write_proc: Value of write = 1
[ 2015.338393] write_proc: Value of write = 0
[ 2015.338399] __do_sys_start_cross_trace: PRINT_GLOBAL_STATS 
[ 2015.338400] Final GlobalReport: nr_pages_read:4315066027, nr_pages_hit:4202770085, nr_do_read_fault:559208, nr_pages_miss:47360431
[ 2015.338429] FinalTaskReport: addr2line:17028 - ra_orig_nr_pages:0, ra_final_nr_pages:0
                                        async_pages:0, final_async_pages:0
                                        full_pfetches:0, less256_pfetches:0, partial_pfetches:0
                                        failed_pfetches:0, total_pfetches:0, os_pfetches:0
                                        nr_pages_read:370, nr_pages_hit:358, nr_do_read_fault:34
[ 2015.339020] FinalTaskReport: sh:17019 - ra_orig_nr_pages:0, ra_final_nr_pages:0
                                        async_pages:0, final_async_pages:0
                                        full_pfetches:0, less256_pfetches:0, partial_pfetches:0
                                        failed_pfetches:0, total_pfetches:0, os_pfetches:0
                                        nr_pages_read:0, nr_pages_hit:0, nr_do_read_fault:18
[ 2015.339374] FinalTaskReport: db_bench:16687 - ra_orig_nr_pages:0, ra_final_nr_pages:0
                                        async_pages:1214, final_async_pages:1752
                                        full_pfetches:0, less256_pfetches:0, partial_pfetches:0
                                        failed_pfetches:0, total_pfetches:0, os_pfetches:77
                                        nr_pages_read:846, nr_pages_hit:601, nr_do_read_fault:159
[ 2015.416559] write_proc: Value of write = 0
[ 2015.416573] __do_sys_start_cross_trace: PRINT_GLOBAL_STATS 
[ 2015.416574] Final GlobalReport: nr_pages_read:4315066027, nr_pages_hit:4202770085, nr_do_read_fault:559214, nr_pages_miss:47360431
[ 2015.416617] FinalTaskReport: time:16678 - ra_orig_nr_pages:0, ra_final_nr_pages:0
                                        async_pages:0, final_async_pages:25
                                        full_pfetches:0, less256_pfetches:0, partial_pfetches:0
                                        failed_pfetches:0, total_pfetches:0, os_pfetches:1
                                        nr_pages_read:0, nr_pages_hit:0, nr_do_read_fault:18
