ENABLE_FILE_STATS in con
ENABLE_FILE_STATS in con
ENABLE_FILE_STATS in con
ENABLE_FILE_STATS in con
ENABLE_FILE_STATS in con
ENABLE_FILE_STATS in con
ENABLE_FILE_STATS in con
ENABLE_FILE_STATS in con
ENABLE_FILE_STATS in con
ENABLE_FILE_STATS in con
ENABLE_FILE_STATS in con
ENABLE_FILE_STATS in con
ENABLE_FILE_STATS in con
ENABLE_FILE_STATS in con
ENABLE_FILE_STATS in con
ENABLE_FILE_STATS in con
ENABLE_FILE_STATS in per_thread_ds
ENABLE_FILE_STATS in per_thread_ds
ENABLE_FILE_STATS in per_thread_ds
ENABLE_FILE_STATS in per_thread_ds
ENABLE_FILE_STATS in per_thread_ds
ENABLE_FILE_STATS in per_thread_ds
ENABLE_FILE_STATS in per_thread_ds
ENABLE_FILE_STATS in per_thread_ds
ENABLE_FILE_STATS in per_thread_ds
ERR:prefetcher_th, pg_diff==0
ENABLE_FILE_STATS in per_thread_ds
ENABLE_FILE_STATS in per_thread_ds
ERR:prefetcher_th, pg_diff==0
ENABLE_FILE_STATS in per_thread_ds
ERR:prefetcher_th, pg_diff==0
readahead_info: failed fd:6 TID:13178 err:-1
ENABLE_FILE_STATS in per_thread_ds
ERR:prefetcher_th, pg_diff==0
ENABLE_FILE_STATS in per_thread_ds
ENABLE_FILE_STATS in per_thread_ds
readahead_info: failed fd:6 TID:13170 err:-1
ERR:prefetcher_th, pg_diff==0
ERR:prefetcher_th, pg_diff==0
ENABLE_FILE_STATS in per_thread_ds
record_open: fd=8 filesize=214 is smaller than 5242880 bytes
record_open: fd=8 filesize=214 is smaller than 5242880 bytes
record_open: fd=8 filesize=214 is smaller than 5242880 bytes
record_open: fd=8 filesize=214 is smaller than 5242880 bytes
record_open: fd=8 filesize=214 is smaller than 5242880 bytes
record_open: fd=10 filesize=214 is smaller than 5242880 bytes
record_open: fd=8 filesize=214 is smaller than 5242880 bytes
record_open: fd=8 filesize=214 is smaller than 5242880 bytes
record_open: fd=8 filesize=214 is smaller than 5242880 bytes
record_open: fd=8 filesize=214 is smaller than 5242880 bytes
record_open: fd=12 filesize=214 is smaller than 5242880 bytes
record_open: fd=8 filesize=214 is smaller than 5242880 bytes
record_open: fd=8 filesize=214 is smaller than 5242880 bytes
record_open: fd=8 filesize=214 is smaller than 5242880 bytes
record_open: fd=8 filesize=214 is smaller than 5242880 bytes
record_open: fd=8 filesize=214 is smaller than 5242880 bytes
-------- Aggregate Performance --------
 READ Restart Perf: 3408.9 BW[MB/s] 12562653184 Bytes 3.51453 MaxTime[sec] 
Total nr_ra = 61
Total nr_bytes_ra = 255852544
Total nr_ra = 62
Total nr_bytes_ra = 260046848
DESTRUCTOR GETTING CALLED 
PRINT_GLOBAL_STATS in dest
PRINT_GLOBAL_LIB_STATS in dest
DESTRUCTOR GETTING CALLED 
PRINT_GLOBAL_STATS in dest
PRINT_GLOBAL_LIB_STATS in dest
Total nr_ra = 61
Total nr_bytes_ra = 255852544
DESTRUCTOR GETTING CALLED 
PRINT_GLOBAL_STATS in dest
PRINT_GLOBAL_LIB_STATS in dest
DESTRUCTOR GETTING CALLED 
PRINT_GLOBAL_STATS in dest
PRINT_GLOBAL_LIB_STATS in dest
Total nr_ra = 61
Total nr_bytes_ra = 255852544
DESTRUCTOR GETTING CALLED 
PRINT_GLOBAL_STATS in dest
PRINT_GLOBAL_LIB_STATS in dest
DESTRUCTOR GETTING CALLED 
PRINT_GLOBAL_STATS in dest
PRINT_GLOBAL_LIB_STATS in dest
Total nr_ra = 61
Total nr_bytes_ra = 255852544
Total nr_ra = 61
Total nr_bytes_ra = 255852544
Total nr_ra = 61
DESTRUCTOR GETTING CALLED 
PRINT_GLOBAL_STATS in dest
PRINT_GLOBAL_LIB_STATS in dest
Total nr_bytes_ra = 255852544
Total nr_ra = 207
Total nr_bytes_ra = 868220928
Total nr_ra = 61
Total nr_bytes_ra = 255852544
Total nr_ra = 62
Total nr_bytes_ra = 260046848
Total nr_ra = 62
Total nr_bytes_ra = 260046848
Total nr_ra = 62
Total nr_bytes_ra = 260046848
DESTRUCTOR GETTING CALLED 
PRINT_GLOBAL_STATS in dest
PRINT_GLOBAL_LIB_STATS in dest
DESTRUCTOR GETTING CALLED 
PRINT_GLOBAL_STATS in dest
PRINT_GLOBAL_LIB_STATS in dest
DESTRUCTOR GETTING CALLED 
PRINT_GLOBAL_STATS in dest
PRINT_GLOBAL_LIB_STATS in dest
DESTRUCTOR GETTING CALLED 
PRINT_GLOBAL_STATS in dest
PRINT_GLOBAL_LIB_STATS in dest
DESTRUCTOR GETTING CALLED 
PRINT_GLOBAL_STATS in dest
PRINT_GLOBAL_LIB_STATS in dest
DESTRUCTOR GETTING CALLED 
Total nr_ra = 61
Total nr_bytes_ra = 255852544
PRINT_GLOBAL_STATS in dest
PRINT_GLOBAL_LIB_STATS in dest
DESTRUCTOR GETTING CALLED 
PRINT_GLOBAL_STATS in dest
PRINT_GLOBAL_LIB_STATS in dest
DESTRUCTOR GETTING CALLED 
PRINT_GLOBAL_STATS in dest
PRINT_GLOBAL_LIB_STATS in dest
Total nr_ra = 61
Total nr_bytes_ra = 255852544
Total nr_ra = 62
Total nr_bytes_ra = 260046848
DESTRUCTOR GETTING CALLED 
PRINT_GLOBAL_STATS in dest
PRINT_GLOBAL_LIB_STATS in dest
Total nr_ra = 62
Total nr_bytes_ra = 260046848
[31104.913765] sh (13139): drop_caches: 3
[31104.971209] sh (13144): drop_caches: 3
[31105.015163] write_proc_unbounded: Value of write = 0
[31105.015163] write_proc_unbounded: Value of write = 0
[31105.015165] write_proc_unbounded: Value of write = 0
[31105.015178] write_proc_unbounded: Value of write = 0
[31105.015180] write_proc_unbounded: Value of write = 0
[31105.015183] write_proc_2mb_limit: Value of write = 0
[31105.015184] write_proc_2mb_limit: Value of write = 0
[31105.015186] write_proc_2mb_limit: Value of write = 0
[31105.015187] write_proc_2mb_limit: Value of write = 0
[31105.015194] write_proc_bitmap_shift: Value of write = 37
[31105.015195] write_proc_bitmap_shift: Value of write = 37
[31105.015195] write_proc_bitmap_shift: Value of write = 37
[31105.015198] write_proc_bitmap_shift: Value of write = 37
[31105.015203] write_proc_unbounded: Value of write = 0
[31105.015203] write_proc_2mb_limit: Value of write = 0
[31105.015203] write_proc_unbounded: Value of write = 0
[31105.015211] write_proc_unbounded: Value of write = 0
[31105.015217] write_proc_bitmap_shift: Value of write = 37
[31105.015218] write_proc_2mb_limit: Value of write = 0
[31105.015220] write_proc_2mb_limit: Value of write = 0
[31105.015225] write_proc_2mb_limit: Value of write = 0
[31105.015229] write_proc_bitmap_shift: Value of write = 37
[31105.015229] write_proc_bitmap_shift: Value of write = 37
[31105.015231] write_proc_bitmap_shift: Value of write = 37
[31105.015241] write_proc_unbounded: Value of write = 0
[31105.015241] write_proc_unbounded: Value of write = 0
[31105.015257] write_proc_2mb_limit: Value of write = 0
[31105.015257] write_proc_2mb_limit: Value of write = 0
[31105.015265] write_proc_bitmap_shift: Value of write = 37
[31105.015265] write_proc_bitmap_shift: Value of write = 37
[31105.015269] write_proc_unbounded: Value of write = 0
[31105.015268] write_proc_unbounded: Value of write = 0
[31105.015273] write_proc_unbounded: Value of write = 0
[31105.015284] write_proc_unbounded: Value of write = 0
[31105.015286] write_proc_2mb_limit: Value of write = 0
[31105.015287] write_proc_2mb_limit: Value of write = 0
[31105.015287] write_proc_2mb_limit: Value of write = 0
[31105.015294] write_proc_unbounded: Value of write = 0
[31105.015297] write_proc_bitmap_shift: Value of write = 37
[31105.015299] write_proc_bitmap_shift: Value of write = 37
[31105.015299] write_proc_bitmap_shift: Value of write = 37
[31105.015302] write_proc_2mb_limit: Value of write = 0
[31105.015302] write_proc_2mb_limit: Value of write = 0
[31105.015311] write_proc_bitmap_shift: Value of write = 37
[31105.015311] write_proc_bitmap_shift: Value of write = 37
[31105.015453] write_proc_unbounded: Value of write = 0
[31105.015469] write_proc_2mb_limit: Value of write = 0
[31105.015475] write_proc_bitmap_shift: Value of write = 37
[31108.734560] write_proc_unbounded: Value of write = 0
[31108.734577] write_proc_2mb_limit: Value of write = 0
[31108.734732] write_proc_unbounded: Value of write = 0
[31108.734741] write_proc_2mb_limit: Value of write = 0
[31108.735039] write_proc_unbounded: Value of write = 0
[31108.735044] write_proc_2mb_limit: Value of write = 0
[31108.735244] write_proc_unbounded: Value of write = 0
[31108.735247] write_proc_unbounded: Value of write = 0
[31108.735250] write_proc_2mb_limit: Value of write = 0
[31108.735263] write_proc_2mb_limit: Value of write = 0
[31108.735266] write_proc_unbounded: Value of write = 0
[31108.735275] write_proc_2mb_limit: Value of write = 0
[31108.735284] write_proc_unbounded: Value of write = 0
[31108.735289] write_proc_2mb_limit: Value of write = 0
[31108.735425] write_proc_unbounded: Value of write = 0
[31108.735431] write_proc_2mb_limit: Value of write = 0
[31108.735747] write_proc_unbounded: Value of write = 0
[31108.735757] write_proc_2mb_limit: Value of write = 0
[31108.735788] write_proc_unbounded: Value of write = 0
[31108.735788] write_proc_unbounded: Value of write = 0
[31108.735801] write_proc_2mb_limit: Value of write = 0
[31108.735807] write_proc_2mb_limit: Value of write = 0
[31108.735825] write_proc_unbounded: Value of write = 0
[31108.735833] write_proc_2mb_limit: Value of write = 0
[31108.735944] write_proc_unbounded: Value of write = 0
[31108.735962] write_proc_2mb_limit: Value of write = 0
[31108.736005] write_proc_unbounded: Value of write = 0
[31108.736023] write_proc_2mb_limit: Value of write = 0
[31108.736030] write_proc_unbounded: Value of write = 0
[31108.736038] write_proc_2mb_limit: Value of write = 0
[31108.736198] write_proc_unbounded: Value of write = 0
[31108.736204] write_proc_2mb_limit: Value of write = 0
