ENABLE_FILE_STATS in con
ENABLE_FILE_STATS in con
ENABLE_FILE_STATS in con
ENABLE_FILE_STATS in con
ENABLE_FILE_STATS in con
ENABLE_FILE_STATS in con
ENABLE_FILE_STATS in con
ENABLE_FILE_STATS in con
ENABLE_FILE_STATS in per_thread_ds
ENABLE_FILE_STATS in per_thread_ds
ENABLE_FILE_STATS in per_thread_ds
ENABLE_FILE_STATS in per_thread_ds
ENABLE_FILE_STATS in per_thread_ds
ENABLE_FILE_STATS in per_thread_ds
No pcbitmap
No pcbitmap
No pcbitmap
No pcbitmap
No pcbitmap
No pcbitmap
ENABLE_FILE_STATS in per_thread_ds
No pcbitmap
No pcbitmap
No pcbitmap
No pcbitmap
No pcbitmap
No pcbitmap
No pcbitmap
No pcbitmap
ENABLE_FILE_STATS in per_thread_ds
No pcbitmap
No pcbitmap
No pcbitmap
No pcbitmap
No pcbitmap
No pcbitmap
No pcbitmap
No pcbitmap
No pcbitmap
-------- Aggregate Performance --------
 READ Restart Perf: 2727.49 BW[MB/s] 12361326592 Bytes 4.32217 MaxTime[sec] 
DESTRUCTOR GETTING CALLED 
PRINT_GLOBAL_STATS in dest
PRINT_GLOBAL_LIB_STATS in dest
Total nr_ra = 2906
Total nr_bytes_ra = 12188647424
Total nr_ra = 2906
Total nr_bytes_ra = 12188647424
DESTRUCTOR GETTING CALLED 
PRINT_GLOBAL_STATS in dest
PRINT_GLOBAL_LIB_STATS in dest
DESTRUCTOR GETTING CALLED 
PRINT_GLOBAL_STATS in dest
PRINT_GLOBAL_LIB_STATS in dest
Total nr_ra = 2906
Total nr_bytes_ra = 12188647424
Total nr_ra = 2906
Total nr_bytes_ra = 12188647424
DESTRUCTOR GETTING CALLED 
PRINT_GLOBAL_STATS in dest
PRINT_GLOBAL_LIB_STATS in dest
DESTRUCTOR GETTING CALLED 
PRINT_GLOBAL_STATS in dest
PRINT_GLOBAL_LIB_STATS in dest
Total nr_ra = 5812
Total nr_bytes_ra = 24377294848
DESTRUCTOR GETTING CALLED 
PRINT_GLOBAL_STATS in dest
Total nr_ra = 2906
Total nr_bytes_ra = 12188647424
PRINT_GLOBAL_LIB_STATS in dest
DESTRUCTOR GETTING CALLED 
Total nr_ra = 2906
Total nr_bytes_ra = 12188647424
DESTRUCTOR GETTING CALLED 
PRINT_GLOBAL_STATS in dest
PRINT_GLOBAL_LIB_STATS in dest
PRINT_GLOBAL_STATS in dest
PRINT_GLOBAL_LIB_STATS in dest
Total nr_ra = 2906
Total nr_bytes_ra = 12188647424
[33139.467016] sh (14302): drop_caches: 3
[33139.532476] sh (14307): drop_caches: 3
[33139.576207] write_proc_unbounded: Value of write = 0
[33139.576217] write_proc_unbounded: Value of write = 0
[33139.576226] write_proc_unbounded: Value of write = 0
[33139.576233] write_proc_2mb_limit: Value of write = 0
[33139.576239] write_proc_2mb_limit: Value of write = 0
[33139.576241] write_proc_2mb_limit: Value of write = 0
[33139.576244] write_proc_bitmap_shift: Value of write = 37
[33139.576250] write_proc_bitmap_shift: Value of write = 37
[33139.576254] write_proc_bitmap_shift: Value of write = 37
[33139.576285] write_proc_unbounded: Value of write = 0
[33139.576292] write_proc_unbounded: Value of write = 0
[33139.576301] write_proc_2mb_limit: Value of write = 0
[33139.576309] write_proc_bitmap_shift: Value of write = 37
[33139.576310] write_proc_2mb_limit: Value of write = 0
[33139.576318] write_proc_bitmap_shift: Value of write = 37
[33139.576326] write_proc_unbounded: Value of write = 0
[33139.576340] write_proc_2mb_limit: Value of write = 0
[33139.576346] write_proc_bitmap_shift: Value of write = 37
[33139.576352] write_proc_unbounded: Value of write = 0
[33139.576358] write_proc_unbounded: Value of write = 0
[33139.576368] write_proc_2mb_limit: Value of write = 0
[33139.576370] write_proc_2mb_limit: Value of write = 0
[33139.576376] write_proc_bitmap_shift: Value of write = 37
[33139.576378] write_proc_bitmap_shift: Value of write = 37
[33144.054013] write_proc_unbounded: Value of write = 0
[33144.054030] write_proc_2mb_limit: Value of write = 0
[33144.054374] write_proc_unbounded: Value of write = 0
[33144.054381] write_proc_2mb_limit: Value of write = 0
[33144.054704] write_proc_unbounded: Value of write = 0
[33144.054712] write_proc_2mb_limit: Value of write = 0
[33144.054733] write_proc_unbounded: Value of write = 0
[33144.054738] write_proc_2mb_limit: Value of write = 0
[33144.054801] write_proc_unbounded: Value of write = 0
[33144.054810] write_proc_2mb_limit: Value of write = 0
[33144.054911] write_proc_unbounded: Value of write = 0
[33144.054915] write_proc_2mb_limit: Value of write = 0
[33144.054960] write_proc_unbounded: Value of write = 0
[33144.054966] write_proc_2mb_limit: Value of write = 0
[33144.054968] write_proc_unbounded: Value of write = 0
[33144.054973] write_proc_2mb_limit: Value of write = 0
