ENABLE_FILE_STATS in con
ENABLE_FILE_STATS in con
RocksDB:    version 6.20
Date:       Wed Aug 10 18:35:46 2022
CPU:        48 * AMD EPYC 7402P 24-Core Processor
CPUCache:   512 KB
Get returned an error: Corruption: bad entry in block
Get returned an error: Corruption: bad entry in block
Get returned an error: Corruption: bad entry in block
Get returned an error: Corruption: bad entry in block
Received signal 6 (Aborted)
Command terminated by signal 6
	Command being timed: "./db_bench --db=/users/kannan11/ssd/sudarsun/prefetching/appbench/apps/rocksdb/DATA --value_size=4096 --wal_dir=/users/kannan11/ssd/sudarsun/prefetching/appbench/apps/rocksdb/DATA/WAL_LOG --sync=0 --key_size=1000 --write_buffer_size=67108864 --num=2000000 --benchmarks=readwhilescanning --use_existing_db=1 --mmap_read=0 --threads=32"
	User time (seconds): 0.30
	System time (seconds): 5.11
	Percent of CPU this job got: 173%
	Elapsed (wall clock) time (h:mm:ss or m:ss): 0:03.11
	Average shared text size (kbytes): 0
	Average unshared data size (kbytes): 0
	Average stack size (kbytes): 0
	Average total size (kbytes): 0
	Maximum resident set size (kbytes): 307380
	Average resident set size (kbytes): 0
	Major (requiring I/O) page faults: 76
	Minor (reclaiming a frame) page faults: 1550447
	Voluntary context switches: 3066
	Involuntary context switches: 24
	Swaps: 0
	File system inputs: 21075328
	File system outputs: 1656
	Socket messages sent: 0
	Socket messages received: 0
	Signals delivered: 0
	Page size (bytes): 4096
	Exit status: 0
DESTRUCTOR GETTING CALLED 
PRINT_GLOBAL_STATS in dest
[ 9425.985056] free_cross_bitmap: releasing mem for inode with i_count 2
[ 9425.993740] free_cross_bitmap: releasing mem for inode with i_count 2
[ 9426.004466] free_cross_bitmap: releasing mem for inode with i_count 2
[ 9426.015406] free_cross_bitmap: releasing mem for inode with i_count 2
[ 9426.023551] free_cross_bitmap: releasing mem for inode with i_count 2
[ 9426.033921] free_cross_bitmap: releasing mem for inode with i_count 2
[ 9426.044267] free_cross_bitmap: releasing mem for inode with i_count 2
[ 9426.052186] free_cross_bitmap: releasing mem for inode with i_count 2
[ 9426.062883] free_cross_bitmap: releasing mem for inode with i_count 2
[ 9426.071839] free_cross_bitmap: releasing mem for inode with i_count 2
[ 9426.082368] free_cross_bitmap: releasing mem for inode with i_count 2
[ 9426.091312] free_cross_bitmap: releasing mem for inode with i_count 2
[ 9426.099281] free_cross_bitmap: releasing mem for inode with i_count 2
[ 9426.108772] free_cross_bitmap: releasing mem for inode with i_count 2
[ 9426.117367] free_cross_bitmap: releasing mem for inode with i_count 2
[ 9426.126432] free_cross_bitmap: releasing mem for inode with i_count 2
[ 9426.137308] free_cross_bitmap: releasing mem for inode with i_count 2
[ 9426.146155] free_cross_bitmap: releasing mem for inode with i_count 2
[ 9426.154943] free_cross_bitmap: releasing mem for inode with i_count 2
[ 9426.163768] free_cross_bitmap: releasing mem for inode with i_count 2
[ 9426.172673] free_cross_bitmap: releasing mem for inode with i_count 2
[ 9426.184246] free_cross_bitmap: releasing mem for inode with i_count 2
[ 9426.192881] free_cross_bitmap: releasing mem for inode with i_count 2
[ 9426.201098] free_cross_bitmap: releasing mem for inode with i_count 2
[ 9426.209696] free_cross_bitmap: releasing mem for inode with i_count 2
[ 9426.218485] free_cross_bitmap: releasing mem for inode with i_count 2
[ 9426.227167] free_cross_bitmap: releasing mem for inode with i_count 2
[ 9426.238151] free_cross_bitmap: releasing mem for inode with i_count 2
[ 9426.246966] free_cross_bitmap: releasing mem for inode with i_count 2
[ 9426.255715] free_cross_bitmap: releasing mem for inode with i_count 2
[ 9426.264826] free_cross_bitmap: releasing mem for inode with i_count 2
[ 9426.275695] free_cross_bitmap: releasing mem for inode with i_count 2
[ 9426.284716] free_cross_bitmap: releasing mem for inode with i_count 2
[ 9426.294150] free_cross_bitmap: releasing mem for inode with i_count 2
[ 9426.303233] free_cross_bitmap: releasing mem for inode with i_count 2
[ 9426.312844] free_cross_bitmap: releasing mem for inode with i_count 2
[ 9426.321866] free_cross_bitmap: releasing mem for inode with i_count 2
[ 9426.332451] free_cross_bitmap: releasing mem for inode with i_count 2
[ 9426.344400] free_cross_bitmap: releasing mem for inode with i_count 2
[ 9426.355560] free_cross_bitmap: releasing mem for inode with i_count 2
[ 9426.366701] free_cross_bitmap: releasing mem for inode with i_count 2
[ 9426.377267] free_cross_bitmap: releasing mem for inode with i_count 2
[ 9426.387132] free_cross_bitmap: releasing mem for inode with i_count 2
[ 9426.397905] free_cross_bitmap: releasing mem for inode with i_count 2
[ 9426.408945] free_cross_bitmap: releasing mem for inode with i_count 2
[ 9426.420328] free_cross_bitmap: releasing mem for inode with i_count 2
[ 9426.430964] free_cross_bitmap: releasing mem for inode with i_count 2
[ 9426.441661] free_cross_bitmap: releasing mem for inode with i_count 2
[ 9426.452369] free_cross_bitmap: releasing mem for inode with i_count 2
[ 9426.463011] free_cross_bitmap: releasing mem for inode with i_count 2
[ 9426.473601] free_cross_bitmap: releasing mem for inode with i_count 2
[ 9426.483272] free_cross_bitmap: releasing mem for inode with i_count 2
[ 9426.491918] free_cross_bitmap: releasing mem for inode with i_count 2
[ 9426.502661] free_cross_bitmap: releasing mem for inode with i_count 2
[ 9426.513415] free_cross_bitmap: releasing mem for inode with i_count 2
[ 9426.524129] free_cross_bitmap: releasing mem for inode with i_count 2
[ 9426.534893] free_cross_bitmap: releasing mem for inode with i_count 2
[ 9426.545857] free_cross_bitmap: releasing mem for inode with i_count 2
[ 9426.556550] free_cross_bitmap: releasing mem for inode with i_count 2
[ 9426.567198] free_cross_bitmap: releasing mem for inode with i_count 2
[ 9426.575837] free_cross_bitmap: releasing mem for inode with i_count 2
[ 9426.586506] free_cross_bitmap: releasing mem for inode with i_count 2
[ 9426.597264] free_cross_bitmap: releasing mem for inode with i_count 2
[ 9426.608309] free_cross_bitmap: releasing mem for inode with i_count 2
[ 9426.618909] free_cross_bitmap: releasing mem for inode with i_count 2
[ 9426.627048] free_cross_bitmap: releasing mem for inode with i_count 2
[ 9426.637634] free_cross_bitmap: releasing mem for inode with i_count 2
[ 9426.648549] free_cross_bitmap: releasing mem for inode with i_count 2
[ 9426.656479] free_cross_bitmap: releasing mem for inode with i_count 2
[ 9426.667577] free_cross_bitmap: releasing mem for inode with i_count 2
[ 9426.678073] free_cross_bitmap: releasing mem for inode with i_count 2
[ 9426.688616] free_cross_bitmap: releasing mem for inode with i_count 2
[ 9426.699133] free_cross_bitmap: releasing mem for inode with i_count 2
[ 9426.708730] free_cross_bitmap: releasing mem for inode with i_count 2
[ 9426.719443] free_cross_bitmap: releasing mem for inode with i_count 2
[ 9426.728098] free_cross_bitmap: releasing mem for inode with i_count 2
[ 9426.740053] free_cross_bitmap: releasing mem for inode with i_count 2
[ 9426.750600] free_cross_bitmap: releasing mem for inode with i_count 2
[ 9426.758933] free_cross_bitmap: releasing mem for inode with i_count 2
[ 9426.769359] free_cross_bitmap: releasing mem for inode with i_count 2
[ 9426.780052] free_cross_bitmap: releasing mem for inode with i_count 2
[ 9426.790437] free_cross_bitmap: releasing mem for inode with i_count 2
[ 9426.800953] free_cross_bitmap: releasing mem for inode with i_count 2
[ 9426.811342] free_cross_bitmap: releasing mem for inode with i_count 2
[ 9426.821901] free_cross_bitmap: releasing mem for inode with i_count 2
[ 9426.829791] free_cross_bitmap: releasing mem for inode with i_count 2
[ 9426.840167] free_cross_bitmap: releasing mem for inode with i_count 2
[ 9426.850880] free_cross_bitmap: releasing mem for inode with i_count 2
[ 9426.861388] free_cross_bitmap: releasing mem for inode with i_count 2
[ 9426.871912] free_cross_bitmap: releasing mem for inode with i_count 2
[ 9426.882416] free_cross_bitmap: releasing mem for inode with i_count 2
[ 9426.893612] free_cross_bitmap: releasing mem for inode with i_count 2
[ 9426.904422] free_cross_bitmap: releasing mem for inode with i_count 2
[ 9426.915381] free_cross_bitmap: releasing mem for inode with i_count 2
[ 9426.926135] free_cross_bitmap: releasing mem for inode with i_count 2
[ 9426.937566] free_cross_bitmap: releasing mem for inode with i_count 2
[ 9426.945615] free_cross_bitmap: releasing mem for inode with i_count 2
[ 9426.956220] free_cross_bitmap: releasing mem for inode with i_count 2
[ 9426.966791] free_cross_bitmap: releasing mem for inode with i_count 2
[ 9426.976880] free_cross_bitmap: releasing mem for inode with i_count 2
[ 9426.987442] free_cross_bitmap: releasing mem for inode with i_count 2
[ 9426.998204] free_cross_bitmap: releasing mem for inode with i_count 2
[ 9427.008626] free_cross_bitmap: releasing mem for inode with i_count 2
[ 9427.019349] free_cross_bitmap: releasing mem for inode with i_count 2
[ 9427.027453] free_cross_bitmap: releasing mem for inode with i_count 2
[ 9427.038513] free_cross_bitmap: releasing mem for inode with i_count 2
[ 9427.049108] free_cross_bitmap: releasing mem for inode with i_count 2
[ 9427.059627] free_cross_bitmap: releasing mem for inode with i_count 2
[ 9427.067831] free_cross_bitmap: releasing mem for inode with i_count 2
[ 9427.078637] free_cross_bitmap: releasing mem for inode with i_count 2
[ 9427.086663] free_cross_bitmap: releasing mem for inode with i_count 2
[ 9427.097584] free_cross_bitmap: releasing mem for inode with i_count 2
[ 9427.108192] free_cross_bitmap: releasing mem for inode with i_count 2
[ 9427.116816] free_cross_bitmap: releasing mem for inode with i_count 2
[ 9427.125079] free_cross_bitmap: releasing mem for inode with i_count 2
[ 9427.136359] free_cross_bitmap: releasing mem for inode with i_count 2
[ 9427.146720] free_cross_bitmap: releasing mem for inode with i_count 2
[ 9427.158004] free_cross_bitmap: releasing mem for inode with i_count 2
[ 9427.168401] free_cross_bitmap: releasing mem for inode with i_count 2
[ 9427.179062] free_cross_bitmap: releasing mem for inode with i_count 2
[ 9427.189460] free_cross_bitmap: releasing mem for inode with i_count 2
[ 9427.199786] free_cross_bitmap: releasing mem for inode with i_count 2
[ 9427.210146] free_cross_bitmap: releasing mem for inode with i_count 2
[ 9427.220969] free_cross_bitmap: releasing mem for inode with i_count 2
[ 9427.231415] free_cross_bitmap: releasing mem for inode with i_count 2
[ 9427.241799] free_cross_bitmap: releasing mem for inode with i_count 2
[ 9427.252156] free_cross_bitmap: releasing mem for inode with i_count 2
[ 9427.262600] free_cross_bitmap: releasing mem for inode with i_count 2
[ 9427.273006] free_cross_bitmap: releasing mem for inode with i_count 2
[ 9427.283732] free_cross_bitmap: releasing mem for inode with i_count 2
[ 9427.294001] free_cross_bitmap: releasing mem for inode with i_count 2
[ 9427.304306] free_cross_bitmap: releasing mem for inode with i_count 2
[ 9427.314631] free_cross_bitmap: releasing mem for inode with i_count 2
[ 9427.325024] free_cross_bitmap: releasing mem for inode with i_count 2
[ 9427.335551] free_cross_bitmap: releasing mem for inode with i_count 2
[ 9427.346248] free_cross_bitmap: releasing mem for inode with i_count 2
[ 9427.356531] free_cross_bitmap: releasing mem for inode with i_count 2
[ 9427.366943] free_cross_bitmap: releasing mem for inode with i_count 2
[ 9427.377477] free_cross_bitmap: releasing mem for inode with i_count 2
[ 9427.388501] free_cross_bitmap: releasing mem for inode with i_count 2
[ 9427.399002] free_cross_bitmap: releasing mem for inode with i_count 2
[ 9427.409852] free_cross_bitmap: releasing mem for inode with i_count 2
[ 9427.420191] free_cross_bitmap: releasing mem for inode with i_count 2
[ 9427.430513] free_cross_bitmap: releasing mem for inode with i_count 2
[ 9427.440740] free_cross_bitmap: releasing mem for inode with i_count 2
[ 9427.451102] free_cross_bitmap: releasing mem for inode with i_count 2
[ 9427.461595] free_cross_bitmap: releasing mem for inode with i_count 2
[ 9427.472242] free_cross_bitmap: releasing mem for inode with i_count 2
[ 9427.483027] free_cross_bitmap: releasing mem for inode with i_count 2
[ 9427.493821] free_cross_bitmap: releasing mem for inode with i_count 2
[ 9427.504596] free_cross_bitmap: releasing mem for inode with i_count 2
[ 9427.515258] free_cross_bitmap: releasing mem for inode with i_count 2
[ 9427.526471] free_cross_bitmap: releasing mem for inode with i_count 2
[ 9427.537173] free_cross_bitmap: releasing mem for inode with i_count 2
[ 9427.547515] free_cross_bitmap: releasing mem for inode with i_count 2
[ 9427.557822] free_cross_bitmap: releasing mem for inode with i_count 2
[ 9427.568498] free_cross_bitmap: releasing mem for inode with i_count 2
[ 9427.578742] free_cross_bitmap: releasing mem for inode with i_count 2
[ 9427.589558] free_cross_bitmap: releasing mem for inode with i_count 2
[ 9427.600549] free_cross_bitmap: releasing mem for inode with i_count 2
[ 9427.610984] free_cross_bitmap: releasing mem for inode with i_count 2
[ 9427.621639] free_cross_bitmap: releasing mem for inode with i_count 2
[ 9427.632329] free_cross_bitmap: releasing mem for inode with i_count 2
[ 9427.642878] free_cross_bitmap: releasing mem for inode with i_count 2
[ 9427.653341] free_cross_bitmap: releasing mem for inode with i_count 2
[ 9427.664362] free_cross_bitmap: releasing mem for inode with i_count 2
[ 9427.674670] free_cross_bitmap: releasing mem for inode with i_count 2
[ 9427.685317] free_cross_bitmap: releasing mem for inode with i_count 2
[ 9427.695596] free_cross_bitmap: releasing mem for inode with i_count 2
[ 9427.705918] free_cross_bitmap: releasing mem for inode with i_count 2
[ 9427.716349] free_cross_bitmap: releasing mem for inode with i_count 2
[ 9427.727138] free_cross_bitmap: releasing mem for inode with i_count 2
[ 9427.737645] free_cross_bitmap: releasing mem for inode with i_count 2
[ 9427.748514] free_cross_bitmap: releasing mem for inode with i_count 2
[ 9427.759233] free_cross_bitmap: releasing mem for inode with i_count 2
[ 9427.769582] free_cross_bitmap: releasing mem for inode with i_count 2
[ 9427.780045] free_cross_bitmap: releasing mem for inode with i_count 2
[ 9427.790823] free_cross_bitmap: releasing mem for inode with i_count 2
[ 9427.801179] free_cross_bitmap: releasing mem for inode with i_count 2
[ 9427.811482] free_cross_bitmap: releasing mem for inode with i_count 2
[ 9427.821867] free_cross_bitmap: releasing mem for inode with i_count 2
[ 9427.832158] free_cross_bitmap: releasing mem for inode with i_count 2
[ 9427.842519] free_cross_bitmap: releasing mem for inode with i_count 2
[ 9427.853251] free_cross_bitmap: releasing mem for inode with i_count 2
[ 9427.863283] free_cross_bitmap: releasing mem for inode with i_count 2
[ 9427.872052] free_cross_bitmap: releasing mem for inode with i_count 2
[ 9427.879232] sh (14762): drop_caches: 3
[ 9427.911898] sh (14953): drop_caches: 3
[ 9432.937672] Enabled file stats for time:14960
[ 9432.937886] write_proc: Value of write = 1
[ 9432.943697] Enabled file stats for db_bench:14969
[ 9432.943885] write_proc: Value of write = 1
[ 9432.967729] alloc_cross_bitmap: preallocate 268435456 pg, nr_longs=4194304 in 12 millisec
[ 9432.968994] alloc_cross_bitmap: preallocate 268435456 pg, nr_longs=4194304 in 12 millisec
[ 9432.969904] alloc_cross_bitmap: preallocate 268435456 pg, nr_longs=4194304 in 12 millisec
[ 9432.970262] alloc_cross_bitmap: preallocate 268435456 pg, nr_longs=4194304 in 16 millisec
[ 9432.970947] alloc_cross_bitmap: preallocate 268435456 pg, nr_longs=4194304 in 16 millisec
[ 9432.971164] alloc_cross_bitmap: preallocate 268435456 pg, nr_longs=4194304 in 16 millisec
[ 9432.971337] alloc_cross_bitmap: preallocate 268435456 pg, nr_longs=4194304 in 16 millisec
[ 9432.971358] alloc_cross_bitmap: preallocate 268435456 pg, nr_longs=4194304 in 16 millisec
[ 9432.971365] alloc_cross_bitmap: preallocate 268435456 pg, nr_longs=4194304 in 16 millisec
[ 9432.971532] alloc_cross_bitmap: preallocate 268435456 pg, nr_longs=4194304 in 16 millisec
[ 9432.971541] alloc_cross_bitmap: preallocate 268435456 pg, nr_longs=4194304 in 16 millisec
[ 9432.971635] alloc_cross_bitmap: preallocate 268435456 pg, nr_longs=4194304 in 16 millisec
[ 9432.971824] alloc_cross_bitmap: preallocate 268435456 pg, nr_longs=4194304 in 16 millisec
[ 9432.973261] alloc_cross_bitmap: preallocate 268435456 pg, nr_longs=4194304 in 16 millisec
[ 9432.973274] alloc_cross_bitmap: preallocate 268435456 pg, nr_longs=4194304 in 16 millisec
[ 9432.973327] alloc_cross_bitmap: preallocate 268435456 pg, nr_longs=4194304 in 16 millisec
[ 9432.974321] alloc_cross_bitmap: preallocate 268435456 pg, nr_longs=4194304 in 8 millisec
[ 9432.976003] alloc_cross_bitmap: preallocate 268435456 pg, nr_longs=4194304 in 4 millisec
[ 9432.976365] alloc_cross_bitmap: preallocate 268435456 pg, nr_longs=4194304 in 8 millisec
[ 9432.977305] alloc_cross_bitmap: preallocate 268435456 pg, nr_longs=4194304 in 4 millisec
[ 9432.983469] alloc_cross_bitmap: preallocate 268435456 pg, nr_longs=4194304 in 12 millisec
[ 9432.983675] alloc_cross_bitmap: preallocate 268435456 pg, nr_longs=4194304 in 12 millisec
[ 9432.985642] alloc_cross_bitmap: preallocate 268435456 pg, nr_longs=4194304 in 12 millisec
[ 9432.985968] alloc_cross_bitmap: preallocate 268435456 pg, nr_longs=4194304 in 12 millisec
[ 9432.986625] alloc_cross_bitmap: preallocate 268435456 pg, nr_longs=4194304 in 16 millisec
[ 9432.987097] alloc_cross_bitmap: preallocate 268435456 pg, nr_longs=4194304 in 12 millisec
[ 9432.987203] alloc_cross_bitmap: preallocate 268435456 pg, nr_longs=4194304 in 16 millisec
[ 9432.988680] alloc_cross_bitmap: preallocate 268435456 pg, nr_longs=4194304 in 16 millisec
[ 9432.988823] alloc_cross_bitmap: preallocate 268435456 pg, nr_longs=4194304 in 8 millisec
[ 9432.989204] alloc_cross_bitmap: preallocate 268435456 pg, nr_longs=4194304 in 12 millisec
[ 9432.990966] alloc_cross_bitmap: preallocate 268435456 pg, nr_longs=4194304 in 16 millisec
[ 9432.991078] alloc_cross_bitmap: preallocate 268435456 pg, nr_longs=4194304 in 16 millisec
[ 9432.991150] alloc_cross_bitmap: preallocate 268435456 pg, nr_longs=4194304 in 16 millisec
[ 9432.991220] alloc_cross_bitmap: preallocate 268435456 pg, nr_longs=4194304 in 8 millisec
[ 9432.991685] alloc_cross_bitmap: preallocate 268435456 pg, nr_longs=4194304 in 8 millisec
[ 9432.992020] alloc_cross_bitmap: preallocate 268435456 pg, nr_longs=4194304 in 4 millisec
[ 9432.993337] alloc_cross_bitmap: preallocate 268435456 pg, nr_longs=4194304 in 4 millisec
[ 9432.993854] alloc_cross_bitmap: preallocate 268435456 pg, nr_longs=4194304 in 4 millisec
[ 9432.996610] alloc_cross_bitmap: preallocate 268435456 pg, nr_longs=4194304 in 8 millisec
[ 9432.997361] alloc_cross_bitmap: preallocate 268435456 pg, nr_longs=4194304 in 8 millisec
[ 9432.997553] alloc_cross_bitmap: preallocate 268435456 pg, nr_longs=4194304 in 8 millisec
[ 9433.000639] alloc_cross_bitmap: preallocate 268435456 pg, nr_longs=4194304 in 8 millisec
[ 9433.000820] alloc_cross_bitmap: preallocate 268435456 pg, nr_longs=4194304 in 8 millisec
[ 9433.001936] alloc_cross_bitmap: preallocate 268435456 pg, nr_longs=4194304 in 8 millisec
[ 9433.002047] alloc_cross_bitmap: preallocate 268435456 pg, nr_longs=4194304 in 8 millisec
[ 9433.003469] alloc_cross_bitmap: preallocate 268435456 pg, nr_longs=4194304 in 12 millisec
[ 9433.003971] alloc_cross_bitmap: preallocate 268435456 pg, nr_longs=4194304 in 12 millisec
[ 9433.004478] alloc_cross_bitmap: preallocate 268435456 pg, nr_longs=4194304 in 12 millisec
[ 9433.004685] alloc_cross_bitmap: preallocate 268435456 pg, nr_longs=4194304 in 12 millisec
[ 9433.004836] alloc_cross_bitmap: preallocate 268435456 pg, nr_longs=4194304 in 12 millisec
[ 9433.005321] alloc_cross_bitmap: preallocate 268435456 pg, nr_longs=4194304 in 8 millisec
[ 9433.005736] alloc_cross_bitmap: preallocate 268435456 pg, nr_longs=4194304 in 4 millisec
[ 9433.024582] alloc_cross_bitmap: preallocate 268435456 pg, nr_longs=4194304 in 4 millisec
[ 9433.053992] alloc_cross_bitmap: preallocate 268435456 pg, nr_longs=4194304 in 0 millisec
[ 9433.053994] alloc_cross_bitmap: preallocate 268435456 pg, nr_longs=4194304 in 0 millisec
[ 9433.060219] alloc_cross_bitmap: preallocate 268435456 pg, nr_longs=4194304 in 4 millisec
[ 9433.065827] alloc_cross_bitmap: preallocate 268435456 pg, nr_longs=4194304 in 4 millisec
[ 9433.066815] alloc_cross_bitmap: preallocate 268435456 pg, nr_longs=4194304 in 8 millisec
[ 9433.066958] alloc_cross_bitmap: preallocate 268435456 pg, nr_longs=4194304 in 4 millisec
[ 9433.067535] alloc_cross_bitmap: preallocate 268435456 pg, nr_longs=4194304 in 4 millisec
[ 9433.069744] alloc_cross_bitmap: preallocate 268435456 pg, nr_longs=4194304 in 4 millisec
[ 9433.071451] alloc_cross_bitmap: preallocate 268435456 pg, nr_longs=4194304 in 8 millisec
[ 9433.072498] alloc_cross_bitmap: preallocate 268435456 pg, nr_longs=4194304 in 8 millisec
[ 9433.072605] alloc_cross_bitmap: preallocate 268435456 pg, nr_longs=4194304 in 8 millisec
[ 9433.073742] alloc_cross_bitmap: preallocate 268435456 pg, nr_longs=4194304 in 4 millisec
[ 9433.075005] alloc_cross_bitmap: preallocate 268435456 pg, nr_longs=4194304 in 8 millisec
[ 9433.075577] alloc_cross_bitmap: preallocate 268435456 pg, nr_longs=4194304 in 8 millisec
[ 9433.075627] alloc_cross_bitmap: preallocate 268435456 pg, nr_longs=4194304 in 8 millisec
[ 9433.134505] alloc_cross_bitmap: preallocate 268435456 pg, nr_longs=4194304 in 4 millisec
[ 9433.138026] alloc_cross_bitmap: preallocate 268435456 pg, nr_longs=4194304 in 4 millisec
[ 9433.139950] alloc_cross_bitmap: preallocate 268435456 pg, nr_longs=4194304 in 8 millisec
[ 9433.140717] alloc_cross_bitmap: preallocate 268435456 pg, nr_longs=4194304 in 4 millisec
[ 9433.141060] alloc_cross_bitmap: preallocate 268435456 pg, nr_longs=4194304 in 4 millisec
[ 9433.141326] alloc_cross_bitmap: preallocate 268435456 pg, nr_longs=4194304 in 4 millisec
[ 9433.141377] alloc_cross_bitmap: preallocate 268435456 pg, nr_longs=4194304 in 4 millisec
[ 9433.155590] alloc_cross_bitmap: preallocate 268435456 pg, nr_longs=4194304 in 4 millisec
[ 9433.177076] alloc_cross_bitmap: preallocate 268435456 pg, nr_longs=4194304 in 4 millisec
[ 9433.184132] alloc_cross_bitmap: preallocate 268435456 pg, nr_longs=4194304 in 4 millisec
[ 9433.194498] alloc_cross_bitmap: preallocate 268435456 pg, nr_longs=4194304 in 4 millisec
[ 9433.221140] alloc_cross_bitmap: preallocate 268435456 pg, nr_longs=4194304 in 4 millisec
[ 9433.221474] alloc_cross_bitmap: preallocate 268435456 pg, nr_longs=4194304 in 4 millisec
[ 9433.223693] alloc_cross_bitmap: preallocate 268435456 pg, nr_longs=4194304 in 4 millisec
[ 9433.371388] alloc_cross_bitmap: preallocate 268435456 pg, nr_longs=4194304 in 4 millisec
[ 9433.374427] alloc_cross_bitmap: preallocate 268435456 pg, nr_longs=4194304 in 4 millisec
[ 9433.383347] alloc_cross_bitmap: preallocate 268435456 pg, nr_longs=4194304 in 4 millisec
[ 9433.386415] alloc_cross_bitmap: preallocate 268435456 pg, nr_longs=4194304 in 4 millisec
[ 9433.392528] alloc_cross_bitmap: preallocate 268435456 pg, nr_longs=4194304 in 4 millisec
[ 9433.402617] alloc_cross_bitmap: preallocate 268435456 pg, nr_longs=4194304 in 4 millisec
[ 9433.402646] alloc_cross_bitmap: preallocate 268435456 pg, nr_longs=4194304 in 4 millisec
[ 9433.409015] alloc_cross_bitmap: preallocate 268435456 pg, nr_longs=4194304 in 4 millisec
[ 9433.431424] alloc_cross_bitmap: preallocate 268435456 pg, nr_longs=4194304 in 4 millisec
[ 9433.444553] alloc_cross_bitmap: preallocate 268435456 pg, nr_longs=4194304 in 4 millisec
[ 9433.454704] alloc_cross_bitmap: preallocate 268435456 pg, nr_longs=4194304 in 4 millisec
[ 9433.471219] alloc_cross_bitmap: preallocate 268435456 pg, nr_longs=4194304 in 4 millisec
[ 9433.473254] alloc_cross_bitmap: preallocate 268435456 pg, nr_longs=4194304 in 4 millisec
[ 9433.488893] alloc_cross_bitmap: preallocate 268435456 pg, nr_longs=4194304 in 4 millisec
[ 9433.618407] alloc_cross_bitmap: preallocate 268435456 pg, nr_longs=4194304 in 4 millisec
[ 9433.620108] alloc_cross_bitmap: preallocate 268435456 pg, nr_longs=4194304 in 4 millisec
[ 9433.647299] alloc_cross_bitmap: preallocate 268435456 pg, nr_longs=4194304 in 4 millisec
[ 9433.653081] alloc_cross_bitmap: preallocate 268435456 pg, nr_longs=4194304 in 4 millisec
[ 9433.727366] alloc_cross_bitmap: preallocate 268435456 pg, nr_longs=4194304 in 4 millisec
[ 9433.869726] alloc_cross_bitmap: preallocate 268435456 pg, nr_longs=4194304 in 0 millisec
[ 9433.894856] alloc_cross_bitmap: preallocate 268435456 pg, nr_longs=4194304 in 4 millisec
[ 9434.008841] alloc_cross_bitmap: preallocate 268435456 pg, nr_longs=4194304 in 4 millisec
[ 9434.106100] alloc_cross_bitmap: preallocate 268435456 pg, nr_longs=4194304 in 0 millisec
[ 9434.134236] alloc_cross_bitmap: preallocate 268435456 pg, nr_longs=4194304 in 4 millisec
[ 9434.249169] alloc_cross_bitmap: preallocate 268435456 pg, nr_longs=4194304 in 4 millisec
[ 9434.328120] alloc_cross_bitmap: preallocate 268435456 pg, nr_longs=4194304 in 4 millisec
[ 9434.361191] alloc_cross_bitmap: preallocate 268435456 pg, nr_longs=4194304 in 4 millisec
[ 9434.374596] alloc_cross_bitmap: preallocate 268435456 pg, nr_longs=4194304 in 4 millisec
[ 9434.374618] alloc_cross_bitmap: preallocate 268435456 pg, nr_longs=4194304 in 4 millisec
[ 9434.378212] alloc_cross_bitmap: preallocate 268435456 pg, nr_longs=4194304 in 4 millisec
[ 9434.420004] alloc_cross_bitmap: preallocate 268435456 pg, nr_longs=4194304 in 4 millisec
[ 9434.424870] alloc_cross_bitmap: preallocate 268435456 pg, nr_longs=4194304 in 4 millisec
[ 9434.483142] alloc_cross_bitmap: preallocate 268435456 pg, nr_longs=4194304 in 4 millisec
[ 9434.483214] alloc_cross_bitmap: preallocate 268435456 pg, nr_longs=4194304 in 4 millisec
[ 9434.483584] alloc_cross_bitmap: preallocate 268435456 pg, nr_longs=4194304 in 4 millisec
[ 9434.483594] alloc_cross_bitmap: preallocate 268435456 pg, nr_longs=4194304 in 4 millisec
[ 9434.500785] alloc_cross_bitmap: preallocate 268435456 pg, nr_longs=4194304 in 4 millisec
[ 9434.520180] alloc_cross_bitmap: preallocate 268435456 pg, nr_longs=4194304 in 4 millisec
[ 9434.546700] alloc_cross_bitmap: preallocate 268435456 pg, nr_longs=4194304 in 4 millisec
[ 9434.546764] alloc_cross_bitmap: preallocate 268435456 pg, nr_longs=4194304 in 4 millisec
[ 9434.558213] alloc_cross_bitmap: preallocate 268435456 pg, nr_longs=4194304 in 4 millisec
[ 9434.570316] alloc_cross_bitmap: preallocate 268435456 pg, nr_longs=4194304 in 4 millisec
[ 9434.581900] alloc_cross_bitmap: preallocate 268435456 pg, nr_longs=4194304 in 0 millisec
[ 9434.587432] alloc_cross_bitmap: preallocate 268435456 pg, nr_longs=4194304 in 4 millisec
[ 9434.587585] alloc_cross_bitmap: preallocate 268435456 pg, nr_longs=4194304 in 4 millisec
[ 9434.646152] alloc_cross_bitmap: preallocate 268435456 pg, nr_longs=4194304 in 0 millisec
[ 9434.665138] alloc_cross_bitmap: preallocate 268435456 pg, nr_longs=4194304 in 4 millisec
[ 9434.669498] alloc_cross_bitmap: preallocate 268435456 pg, nr_longs=4194304 in 0 millisec
[ 9434.672737] alloc_cross_bitmap: preallocate 268435456 pg, nr_longs=4194304 in 4 millisec
[ 9434.673967] alloc_cross_bitmap: preallocate 268435456 pg, nr_longs=4194304 in 0 millisec
[ 9434.739072] alloc_cross_bitmap: preallocate 268435456 pg, nr_longs=4194304 in 4 millisec
[ 9434.749162] alloc_cross_bitmap: preallocate 268435456 pg, nr_longs=4194304 in 4 millisec
[ 9434.785764] alloc_cross_bitmap: preallocate 268435456 pg, nr_longs=4194304 in 4 millisec
[ 9434.785982] alloc_cross_bitmap: preallocate 268435456 pg, nr_longs=4194304 in 4 millisec
[ 9434.786149] alloc_cross_bitmap: preallocate 268435456 pg, nr_longs=4194304 in 4 millisec
[ 9434.795244] alloc_cross_bitmap: preallocate 268435456 pg, nr_longs=4194304 in 4 millisec
[ 9434.798210] alloc_cross_bitmap: preallocate 268435456 pg, nr_longs=4194304 in 4 millisec
[ 9434.815568] alloc_cross_bitmap: preallocate 268435456 pg, nr_longs=4194304 in 4 millisec
[ 9434.889861] alloc_cross_bitmap: preallocate 268435456 pg, nr_longs=4194304 in 0 millisec
[ 9434.918629] alloc_cross_bitmap: preallocate 268435456 pg, nr_longs=4194304 in 4 millisec
[ 9434.944715] alloc_cross_bitmap: preallocate 268435456 pg, nr_longs=4194304 in 4 millisec
[ 9434.955822] alloc_cross_bitmap: preallocate 268435456 pg, nr_longs=4194304 in 4 millisec
[ 9434.956807] alloc_cross_bitmap: preallocate 268435456 pg, nr_longs=4194304 in 4 millisec
[ 9434.991843] alloc_cross_bitmap: preallocate 268435456 pg, nr_longs=4194304 in 4 millisec
[ 9435.022015] alloc_cross_bitmap: preallocate 268435456 pg, nr_longs=4194304 in 0 millisec
[ 9435.026216] alloc_cross_bitmap: preallocate 268435456 pg, nr_longs=4194304 in 0 millisec
[ 9435.026257] alloc_cross_bitmap: preallocate 268435456 pg, nr_longs=4194304 in 0 millisec
[ 9435.031890] alloc_cross_bitmap: preallocate 268435456 pg, nr_longs=4194304 in 4 millisec
[ 9435.038097] alloc_cross_bitmap: preallocate 268435456 pg, nr_longs=4194304 in 0 millisec
[ 9435.109381] alloc_cross_bitmap: preallocate 268435456 pg, nr_longs=4194304 in 0 millisec
[ 9435.164907] alloc_cross_bitmap: preallocate 268435456 pg, nr_longs=4194304 in 4 millisec
[ 9435.165454] alloc_cross_bitmap: preallocate 268435456 pg, nr_longs=4194304 in 0 millisec
[ 9435.167124] alloc_cross_bitmap: preallocate 268435456 pg, nr_longs=4194304 in 4 millisec
[ 9435.170633] alloc_cross_bitmap: preallocate 268435456 pg, nr_longs=4194304 in 4 millisec
[ 9435.176277] alloc_cross_bitmap: preallocate 268435456 pg, nr_longs=4194304 in 4 millisec
[ 9435.192091] alloc_cross_bitmap: preallocate 268435456 pg, nr_longs=4194304 in 4 millisec
[ 9435.221837] alloc_cross_bitmap: preallocate 268435456 pg, nr_longs=4194304 in 0 millisec
[ 9435.250842] alloc_cross_bitmap: preallocate 268435456 pg, nr_longs=4194304 in 4 millisec
[ 9435.262981] alloc_cross_bitmap: preallocate 268435456 pg, nr_longs=4194304 in 4 millisec
[ 9435.263283] alloc_cross_bitmap: preallocate 268435456 pg, nr_longs=4194304 in 4 millisec
[ 9435.266451] alloc_cross_bitmap: preallocate 268435456 pg, nr_longs=4194304 in 4 millisec
[ 9435.279299] alloc_cross_bitmap: preallocate 268435456 pg, nr_longs=4194304 in 4 millisec
[ 9435.280415] alloc_cross_bitmap: preallocate 268435456 pg, nr_longs=4194304 in 4 millisec
[ 9435.326325] alloc_cross_bitmap: preallocate 268435456 pg, nr_longs=4194304 in 4 millisec
[ 9435.375731] alloc_cross_bitmap: preallocate 268435456 pg, nr_longs=4194304 in 4 millisec
[ 9435.384595] alloc_cross_bitmap: preallocate 268435456 pg, nr_longs=4194304 in 4 millisec
[ 9435.384634] alloc_cross_bitmap: preallocate 268435456 pg, nr_longs=4194304 in 4 millisec
[ 9435.391120] alloc_cross_bitmap: preallocate 268435456 pg, nr_longs=4194304 in 4 millisec
[ 9435.391214] alloc_cross_bitmap: preallocate 268435456 pg, nr_longs=4194304 in 4 millisec
[ 9435.392389] alloc_cross_bitmap: preallocate 268435456 pg, nr_longs=4194304 in 4 millisec
[ 9435.440452] alloc_cross_bitmap: preallocate 268435456 pg, nr_longs=4194304 in 4 millisec
[ 9435.497539] alloc_cross_bitmap: preallocate 268435456 pg, nr_longs=4194304 in 0 millisec
[ 9435.564880] alloc_cross_bitmap: preallocate 268435456 pg, nr_longs=4194304 in 4 millisec
[ 9435.586694] alloc_cross_bitmap: preallocate 268435456 pg, nr_longs=4194304 in 4 millisec
[ 9435.646866] alloc_cross_bitmap: preallocate 268435456 pg, nr_longs=4194304 in 4 millisec
[ 9435.655934] alloc_cross_bitmap: preallocate 268435456 pg, nr_longs=4194304 in 4 millisec
[ 9435.661781] alloc_cross_bitmap: preallocate 268435456 pg, nr_longs=4194304 in 0 millisec
[ 9435.662954] alloc_cross_bitmap: preallocate 268435456 pg, nr_longs=4194304 in 4 millisec
[ 9435.669727] alloc_cross_bitmap: preallocate 268435456 pg, nr_longs=4194304 in 4 millisec
[ 9435.670073] alloc_cross_bitmap: preallocate 268435456 pg, nr_longs=4194304 in 0 millisec
[ 9435.767471] alloc_cross_bitmap: preallocate 268435456 pg, nr_longs=4194304 in 4 millisec
[ 9435.772706] alloc_cross_bitmap: preallocate 268435456 pg, nr_longs=4194304 in 4 millisec
[ 9435.794670] alloc_cross_bitmap: preallocate 268435456 pg, nr_longs=4194304 in 4 millisec
[ 9435.839477] alloc_cross_bitmap: preallocate 268435456 pg, nr_longs=4194304 in 4 millisec
[ 9436.045186] FinalTaskReport: db_bench:14969 - ra_orig_nr_pages:0, ra_final_nr_pages:0
                                        async_pages:1116, final_async_pages:1651
                                        full_pfetches:0, less256_pfetches:0, partial_pfetches:0
                                        failed_pfetches:0, total_pfetches:0, os_pfetches:87
                                        nr_pages_read:1734, nr_pages_hit:908, nr_do_read_fault:158
[ 9436.051971] write_proc: Value of write = 0
[ 9436.051989] __do_sys_start_cross_trace: PRINT_GLOBAL_STATS 
[ 9436.051990] Final GlobalReport: nr_pages_read:13203237263, nr_pages_hit:12916854421, nr_do_read_fault:7043362, nr_pages_miss:103922201
[ 9436.052026] FinalTaskReport: time:14960 - ra_orig_nr_pages:0, ra_final_nr_pages:0
                                        async_pages:0, final_async_pages:25
                                        full_pfetches:0, less256_pfetches:0, partial_pfetches:0
                                        failed_pfetches:0, total_pfetches:0, os_pfetches:1
                                        nr_pages_read:0, nr_pages_hit:0, nr_do_read_fault:16
