ENABLE_FILE_STATS in con
ENABLE_FILE_STATS in con
RocksDB:    version 6.20
Date:       Wed Aug 10 18:34:43 2022
CPU:        48 * AMD EPYC 7402P 24-Core Processor
CPUCache:   512 KB
Get returned an error: Corruption: bad entry in block
Received signal 6 (Aborted)
Get returned an error: Corruption: bad entry in block
Get returned an error: Corruption: bad entry in block
Command terminated by signal 6
	Command being timed: "./db_bench --db=/users/kannan11/ssd/sudarsun/prefetching/appbench/apps/rocksdb/DATA --value_size=4096 --wal_dir=/users/kannan11/ssd/sudarsun/prefetching/appbench/apps/rocksdb/DATA/WAL_LOG --sync=0 --key_size=1000 --write_buffer_size=67108864 --num=2000000 --benchmarks=readwhilescanning --use_existing_db=1 --mmap_read=0 --threads=32"
	User time (seconds): 0.24
	System time (seconds): 6.16
	Percent of CPU this job got: 896%
	Elapsed (wall clock) time (h:mm:ss or m:ss): 0:00.71
	Average shared text size (kbytes): 0
	Average unshared data size (kbytes): 0
	Average stack size (kbytes): 0
	Average total size (kbytes): 0
	Maximum resident set size (kbytes): 6207404
	Average resident set size (kbytes): 0
	Major (requiring I/O) page faults: 77
	Minor (reclaiming a frame) page faults: 1550446
	Voluntary context switches: 4285
	Involuntary context switches: 7
	Swaps: 0
	File system inputs: 127224
	File system outputs: 1656
	Socket messages sent: 0
	Socket messages received: 0
	Signals delivered: 0
	Page size (bytes): 4096
	Exit status: 0
DESTRUCTOR GETTING CALLED 
PRINT_GLOBAL_STATS in dest
[ 9366.030600] free_cross_bitmap: releasing mem for inode with i_count 2
[ 9366.037843] free_cross_bitmap: releasing mem for inode with i_count 2
[ 9366.045190] free_cross_bitmap: releasing mem for inode with i_count 2
[ 9366.052795] free_cross_bitmap: releasing mem for inode with i_count 2
[ 9366.059724] free_cross_bitmap: releasing mem for inode with i_count 2
[ 9366.066626] free_cross_bitmap: releasing mem for inode with i_count 2
[ 9366.073575] free_cross_bitmap: releasing mem for inode with i_count 2
[ 9366.080478] free_cross_bitmap: releasing mem for inode with i_count 2
[ 9366.087423] free_cross_bitmap: releasing mem for inode with i_count 2
[ 9366.094716] free_cross_bitmap: releasing mem for inode with i_count 2
[ 9366.101689] free_cross_bitmap: releasing mem for inode with i_count 2
[ 9366.108998] free_cross_bitmap: releasing mem for inode with i_count 2
[ 9366.115927] free_cross_bitmap: releasing mem for inode with i_count 2
[ 9366.123086] free_cross_bitmap: releasing mem for inode with i_count 2
[ 9366.130020] free_cross_bitmap: releasing mem for inode with i_count 2
[ 9366.137617] free_cross_bitmap: releasing mem for inode with i_count 2
[ 9366.144637] free_cross_bitmap: releasing mem for inode with i_count 2
[ 9366.151793] free_cross_bitmap: releasing mem for inode with i_count 2
[ 9366.158758] free_cross_bitmap: releasing mem for inode with i_count 2
[ 9366.165741] free_cross_bitmap: releasing mem for inode with i_count 2
[ 9366.172887] free_cross_bitmap: releasing mem for inode with i_count 2
[ 9366.180335] free_cross_bitmap: releasing mem for inode with i_count 2
[ 9366.187337] free_cross_bitmap: releasing mem for inode with i_count 2
[ 9366.194276] free_cross_bitmap: releasing mem for inode with i_count 2
[ 9366.201269] free_cross_bitmap: releasing mem for inode with i_count 2
[ 9366.208193] free_cross_bitmap: releasing mem for inode with i_count 2
[ 9366.215185] free_cross_bitmap: releasing mem for inode with i_count 2
[ 9366.222680] free_cross_bitmap: releasing mem for inode with i_count 2
[ 9366.229682] free_cross_bitmap: releasing mem for inode with i_count 2
[ 9366.236572] free_cross_bitmap: releasing mem for inode with i_count 2
[ 9366.243754] free_cross_bitmap: releasing mem for inode with i_count 2
[ 9366.250846] free_cross_bitmap: releasing mem for inode with i_count 2
[ 9366.258430] free_cross_bitmap: releasing mem for inode with i_count 2
[ 9366.265700] free_cross_bitmap: releasing mem for inode with i_count 2
[ 9366.272808] free_cross_bitmap: releasing mem for inode with i_count 2
[ 9366.280083] free_cross_bitmap: releasing mem for inode with i_count 2
[ 9366.287205] free_cross_bitmap: releasing mem for inode with i_count 2
[ 9366.294151] free_cross_bitmap: releasing mem for inode with i_count 2
[ 9366.301268] free_cross_bitmap: releasing mem for inode with i_count 2
[ 9366.308546] free_cross_bitmap: releasing mem for inode with i_count 2
[ 9366.315516] free_cross_bitmap: releasing mem for inode with i_count 2
[ 9366.322542] free_cross_bitmap: releasing mem for inode with i_count 2
[ 9366.329510] free_cross_bitmap: releasing mem for inode with i_count 2
[ 9366.336503] free_cross_bitmap: releasing mem for inode with i_count 2
[ 9366.343484] free_cross_bitmap: releasing mem for inode with i_count 2
[ 9366.350839] free_cross_bitmap: releasing mem for inode with i_count 2
[ 9366.357813] free_cross_bitmap: releasing mem for inode with i_count 2
[ 9366.364786] free_cross_bitmap: releasing mem for inode with i_count 2
[ 9366.371803] free_cross_bitmap: releasing mem for inode with i_count 2
[ 9366.378778] free_cross_bitmap: releasing mem for inode with i_count 2
[ 9366.385761] free_cross_bitmap: releasing mem for inode with i_count 2
[ 9366.393187] free_cross_bitmap: releasing mem for inode with i_count 2
[ 9366.400127] free_cross_bitmap: releasing mem for inode with i_count 2
[ 9366.407186] free_cross_bitmap: releasing mem for inode with i_count 2
[ 9366.414122] free_cross_bitmap: releasing mem for inode with i_count 2
[ 9366.421094] free_cross_bitmap: releasing mem for inode with i_count 2
[ 9366.428120] free_cross_bitmap: releasing mem for inode with i_count 2
[ 9366.435443] free_cross_bitmap: releasing mem for inode with i_count 2
[ 9366.442466] free_cross_bitmap: releasing mem for inode with i_count 2
[ 9366.449414] free_cross_bitmap: releasing mem for inode with i_count 2
[ 9366.456380] free_cross_bitmap: releasing mem for inode with i_count 2
[ 9366.463369] free_cross_bitmap: releasing mem for inode with i_count 2
[ 9366.470338] free_cross_bitmap: releasing mem for inode with i_count 2
[ 9366.477650] free_cross_bitmap: releasing mem for inode with i_count 2
[ 9366.484621] free_cross_bitmap: releasing mem for inode with i_count 2
[ 9366.491560] free_cross_bitmap: releasing mem for inode with i_count 2
[ 9366.498501] free_cross_bitmap: releasing mem for inode with i_count 2
[ 9366.505450] free_cross_bitmap: releasing mem for inode with i_count 2
[ 9366.512412] free_cross_bitmap: releasing mem for inode with i_count 2
[ 9366.519654] free_cross_bitmap: releasing mem for inode with i_count 2
[ 9366.526578] free_cross_bitmap: releasing mem for inode with i_count 2
[ 9366.533541] free_cross_bitmap: releasing mem for inode with i_count 2
[ 9366.540461] free_cross_bitmap: releasing mem for inode with i_count 2
[ 9366.547409] free_cross_bitmap: releasing mem for inode with i_count 2
[ 9366.554308] free_cross_bitmap: releasing mem for inode with i_count 2
[ 9366.561570] free_cross_bitmap: releasing mem for inode with i_count 2
[ 9366.568494] free_cross_bitmap: releasing mem for inode with i_count 2
[ 9366.575441] free_cross_bitmap: releasing mem for inode with i_count 2
[ 9366.582434] free_cross_bitmap: releasing mem for inode with i_count 2
[ 9366.589384] free_cross_bitmap: releasing mem for inode with i_count 2
[ 9366.596336] free_cross_bitmap: releasing mem for inode with i_count 2
[ 9366.603752] free_cross_bitmap: releasing mem for inode with i_count 2
[ 9366.610654] free_cross_bitmap: releasing mem for inode with i_count 2
[ 9366.617560] free_cross_bitmap: releasing mem for inode with i_count 2
[ 9366.624512] free_cross_bitmap: releasing mem for inode with i_count 2
[ 9366.631447] free_cross_bitmap: releasing mem for inode with i_count 2
[ 9366.638361] free_cross_bitmap: releasing mem for inode with i_count 2
[ 9366.645778] free_cross_bitmap: releasing mem for inode with i_count 2
[ 9366.652736] free_cross_bitmap: releasing mem for inode with i_count 2
[ 9366.659661] free_cross_bitmap: releasing mem for inode with i_count 2
[ 9366.666631] free_cross_bitmap: releasing mem for inode with i_count 2
[ 9366.673545] free_cross_bitmap: releasing mem for inode with i_count 2
[ 9366.680466] free_cross_bitmap: releasing mem for inode with i_count 2
[ 9366.687892] free_cross_bitmap: releasing mem for inode with i_count 2
[ 9366.694824] free_cross_bitmap: releasing mem for inode with i_count 2
[ 9366.701784] free_cross_bitmap: releasing mem for inode with i_count 2
[ 9366.708765] free_cross_bitmap: releasing mem for inode with i_count 2
[ 9366.715710] free_cross_bitmap: releasing mem for inode with i_count 2
[ 9366.722636] free_cross_bitmap: releasing mem for inode with i_count 2
[ 9366.729938] free_cross_bitmap: releasing mem for inode with i_count 2
[ 9366.736859] free_cross_bitmap: releasing mem for inode with i_count 2
[ 9366.743801] free_cross_bitmap: releasing mem for inode with i_count 2
[ 9366.750714] free_cross_bitmap: releasing mem for inode with i_count 2
[ 9366.757694] free_cross_bitmap: releasing mem for inode with i_count 2
[ 9366.764673] free_cross_bitmap: releasing mem for inode with i_count 2
[ 9366.772055] free_cross_bitmap: releasing mem for inode with i_count 2
[ 9366.779015] free_cross_bitmap: releasing mem for inode with i_count 2
[ 9366.785981] free_cross_bitmap: releasing mem for inode with i_count 2
[ 9366.792964] free_cross_bitmap: releasing mem for inode with i_count 2
[ 9366.799925] free_cross_bitmap: releasing mem for inode with i_count 2
[ 9366.806898] free_cross_bitmap: releasing mem for inode with i_count 2
[ 9366.814187] free_cross_bitmap: releasing mem for inode with i_count 2
[ 9366.821129] free_cross_bitmap: releasing mem for inode with i_count 2
[ 9366.828106] free_cross_bitmap: releasing mem for inode with i_count 2
[ 9366.835015] free_cross_bitmap: releasing mem for inode with i_count 2
[ 9366.841987] free_cross_bitmap: releasing mem for inode with i_count 2
[ 9366.848988] free_cross_bitmap: releasing mem for inode with i_count 2
[ 9366.856244] free_cross_bitmap: releasing mem for inode with i_count 2
[ 9366.863225] free_cross_bitmap: releasing mem for inode with i_count 2
[ 9366.870160] free_cross_bitmap: releasing mem for inode with i_count 2
[ 9366.877115] free_cross_bitmap: releasing mem for inode with i_count 2
[ 9366.884062] free_cross_bitmap: releasing mem for inode with i_count 2
[ 9366.890983] free_cross_bitmap: releasing mem for inode with i_count 2
[ 9366.898246] free_cross_bitmap: releasing mem for inode with i_count 2
[ 9366.905164] free_cross_bitmap: releasing mem for inode with i_count 2
[ 9366.912067] free_cross_bitmap: releasing mem for inode with i_count 2
[ 9366.919024] free_cross_bitmap: releasing mem for inode with i_count 2
[ 9366.925935] free_cross_bitmap: releasing mem for inode with i_count 2
[ 9366.932882] free_cross_bitmap: releasing mem for inode with i_count 2
[ 9366.940332] free_cross_bitmap: releasing mem for inode with i_count 2
[ 9366.947233] free_cross_bitmap: releasing mem for inode with i_count 2
[ 9366.954137] free_cross_bitmap: releasing mem for inode with i_count 2
[ 9366.961049] free_cross_bitmap: releasing mem for inode with i_count 2
[ 9366.967970] free_cross_bitmap: releasing mem for inode with i_count 2
[ 9366.974877] free_cross_bitmap: releasing mem for inode with i_count 2
[ 9366.982088] free_cross_bitmap: releasing mem for inode with i_count 2
[ 9366.989010] free_cross_bitmap: releasing mem for inode with i_count 2
[ 9366.995948] free_cross_bitmap: releasing mem for inode with i_count 2
[ 9367.002894] free_cross_bitmap: releasing mem for inode with i_count 2
[ 9367.009816] free_cross_bitmap: releasing mem for inode with i_count 2
[ 9367.016747] free_cross_bitmap: releasing mem for inode with i_count 2
[ 9367.024004] free_cross_bitmap: releasing mem for inode with i_count 2
[ 9367.030956] free_cross_bitmap: releasing mem for inode with i_count 2
[ 9367.037859] free_cross_bitmap: releasing mem for inode with i_count 2
[ 9367.044774] free_cross_bitmap: releasing mem for inode with i_count 2
[ 9367.051657] free_cross_bitmap: releasing mem for inode with i_count 2
[ 9367.058586] free_cross_bitmap: releasing mem for inode with i_count 2
[ 9367.065837] free_cross_bitmap: releasing mem for inode with i_count 2
[ 9367.072729] free_cross_bitmap: releasing mem for inode with i_count 2
[ 9367.079678] free_cross_bitmap: releasing mem for inode with i_count 2
[ 9367.086621] free_cross_bitmap: releasing mem for inode with i_count 2
[ 9367.093548] free_cross_bitmap: releasing mem for inode with i_count 2
[ 9367.100466] free_cross_bitmap: releasing mem for inode with i_count 2
[ 9367.107650] free_cross_bitmap: releasing mem for inode with i_count 2
[ 9367.114584] free_cross_bitmap: releasing mem for inode with i_count 2
[ 9367.121455] free_cross_bitmap: releasing mem for inode with i_count 2
[ 9367.128383] free_cross_bitmap: releasing mem for inode with i_count 2
[ 9367.135280] free_cross_bitmap: releasing mem for inode with i_count 2
[ 9367.142174] free_cross_bitmap: releasing mem for inode with i_count 2
[ 9367.149469] free_cross_bitmap: releasing mem for inode with i_count 2
[ 9367.156394] free_cross_bitmap: releasing mem for inode with i_count 2
[ 9367.163288] free_cross_bitmap: releasing mem for inode with i_count 2
[ 9367.170202] free_cross_bitmap: releasing mem for inode with i_count 2
[ 9367.177115] free_cross_bitmap: releasing mem for inode with i_count 2
[ 9367.184019] free_cross_bitmap: releasing mem for inode with i_count 2
[ 9367.191273] free_cross_bitmap: releasing mem for inode with i_count 2
[ 9367.198155] free_cross_bitmap: releasing mem for inode with i_count 2
[ 9367.205062] free_cross_bitmap: releasing mem for inode with i_count 2
[ 9367.211946] free_cross_bitmap: releasing mem for inode with i_count 2
[ 9367.218872] free_cross_bitmap: releasing mem for inode with i_count 2
[ 9367.225815] free_cross_bitmap: releasing mem for inode with i_count 2
[ 9367.232973] free_cross_bitmap: releasing mem for inode with i_count 2
[ 9367.239880] free_cross_bitmap: releasing mem for inode with i_count 2
[ 9367.246806] free_cross_bitmap: releasing mem for inode with i_count 2
[ 9367.253689] free_cross_bitmap: releasing mem for inode with i_count 2
[ 9367.260589] free_cross_bitmap: releasing mem for inode with i_count 2
[ 9367.267463] free_cross_bitmap: releasing mem for inode with i_count 2
[ 9367.274942] free_cross_bitmap: releasing mem for inode with i_count 2
[ 9367.281873] free_cross_bitmap: releasing mem for inode with i_count 2
[ 9367.288764] free_cross_bitmap: releasing mem for inode with i_count 2
[ 9367.295675] free_cross_bitmap: releasing mem for inode with i_count 2
[ 9367.302578] free_cross_bitmap: releasing mem for inode with i_count 2
[ 9367.309473] free_cross_bitmap: releasing mem for inode with i_count 2
[ 9367.316720] free_cross_bitmap: releasing mem for inode with i_count 2
[ 9367.323628] free_cross_bitmap: releasing mem for inode with i_count 2
[ 9367.332461] free_cross_bitmap: releasing mem for inode with i_count 2
[ 9367.339663] sh (13141): drop_caches: 3
[ 9367.373324] sh (13332): drop_caches: 3
[ 9372.399599] Enabled file stats for time:13339
[ 9372.399799] write_proc: Value of write = 1
[ 9372.405415] Enabled file stats for db_bench:13348
[ 9372.405601] write_proc: Value of write = 1
[ 9372.454574] alloc_cross_bitmap: preallocate 268435456 pg, nr_longs=4194304 in 4 millisec
[ 9372.462360] alloc_cross_bitmap: preallocate 268435456 pg, nr_longs=4194304 in 16 millisec
[ 9372.462952] alloc_cross_bitmap: preallocate 268435456 pg, nr_longs=4194304 in 16 millisec
[ 9372.463060] alloc_cross_bitmap: preallocate 268435456 pg, nr_longs=4194304 in 16 millisec
[ 9372.463199] alloc_cross_bitmap: preallocate 268435456 pg, nr_longs=4194304 in 16 millisec
[ 9372.463201] alloc_cross_bitmap: preallocate 268435456 pg, nr_longs=4194304 in 16 millisec
[ 9372.463655] alloc_cross_bitmap: preallocate 268435456 pg, nr_longs=4194304 in 16 millisec
[ 9372.463701] alloc_cross_bitmap: preallocate 268435456 pg, nr_longs=4194304 in 16 millisec
[ 9372.463928] alloc_cross_bitmap: preallocate 268435456 pg, nr_longs=4194304 in 16 millisec
[ 9372.464054] alloc_cross_bitmap: preallocate 268435456 pg, nr_longs=4194304 in 16 millisec
[ 9372.464152] alloc_cross_bitmap: preallocate 268435456 pg, nr_longs=4194304 in 16 millisec
[ 9372.464201] alloc_cross_bitmap: preallocate 268435456 pg, nr_longs=4194304 in 16 millisec
[ 9372.464210] alloc_cross_bitmap: preallocate 268435456 pg, nr_longs=4194304 in 16 millisec
[ 9372.464265] alloc_cross_bitmap: preallocate 268435456 pg, nr_longs=4194304 in 16 millisec
[ 9372.464270] alloc_cross_bitmap: preallocate 268435456 pg, nr_longs=4194304 in 16 millisec
[ 9372.464297] alloc_cross_bitmap: preallocate 268435456 pg, nr_longs=4194304 in 16 millisec
[ 9372.476209] alloc_cross_bitmap: preallocate 268435456 pg, nr_longs=4194304 in 4 millisec
[ 9372.492793] alloc_cross_bitmap: preallocate 268435456 pg, nr_longs=4194304 in 4 millisec
[ 9372.493797] alloc_cross_bitmap: preallocate 268435456 pg, nr_longs=4194304 in 4 millisec
[ 9372.493925] alloc_cross_bitmap: preallocate 268435456 pg, nr_longs=4194304 in 4 millisec
[ 9372.498807] alloc_cross_bitmap: preallocate 268435456 pg, nr_longs=4194304 in 8 millisec
[ 9372.498814] alloc_cross_bitmap: preallocate 268435456 pg, nr_longs=4194304 in 8 millisec
[ 9372.499211] alloc_cross_bitmap: preallocate 268435456 pg, nr_longs=4194304 in 8 millisec
[ 9372.499526] alloc_cross_bitmap: preallocate 268435456 pg, nr_longs=4194304 in 8 millisec
[ 9372.500806] alloc_cross_bitmap: preallocate 268435456 pg, nr_longs=4194304 in 8 millisec
[ 9372.500902] alloc_cross_bitmap: preallocate 268435456 pg, nr_longs=4194304 in 8 millisec
[ 9372.501396] alloc_cross_bitmap: preallocate 268435456 pg, nr_longs=4194304 in 4 millisec
[ 9372.501729] alloc_cross_bitmap: preallocate 268435456 pg, nr_longs=4194304 in 8 millisec
[ 9372.501729] alloc_cross_bitmap: preallocate 268435456 pg, nr_longs=4194304 in 8 millisec
[ 9372.501740] alloc_cross_bitmap: preallocate 268435456 pg, nr_longs=4194304 in 8 millisec
[ 9372.501754] alloc_cross_bitmap: preallocate 268435456 pg, nr_longs=4194304 in 8 millisec
[ 9372.514461] alloc_cross_bitmap: preallocate 268435456 pg, nr_longs=4194304 in 4 millisec
[ 9372.516909] alloc_cross_bitmap: preallocate 268435456 pg, nr_longs=4194304 in 4 millisec
[ 9372.527842] alloc_cross_bitmap: preallocate 268435456 pg, nr_longs=4194304 in 4 millisec
[ 9372.529455] alloc_cross_bitmap: preallocate 268435456 pg, nr_longs=4194304 in 4 millisec
[ 9372.530016] alloc_cross_bitmap: preallocate 268435456 pg, nr_longs=4194304 in 4 millisec
[ 9372.530796] alloc_cross_bitmap: preallocate 268435456 pg, nr_longs=4194304 in 4 millisec
[ 9372.531938] alloc_cross_bitmap: preallocate 268435456 pg, nr_longs=4194304 in 4 millisec
[ 9372.534930] alloc_cross_bitmap: preallocate 268435456 pg, nr_longs=4194304 in 8 millisec
[ 9372.535406] alloc_cross_bitmap: preallocate 268435456 pg, nr_longs=4194304 in 8 millisec
[ 9372.535618] alloc_cross_bitmap: preallocate 268435456 pg, nr_longs=4194304 in 8 millisec
[ 9372.538282] alloc_cross_bitmap: preallocate 268435456 pg, nr_longs=4194304 in 12 millisec
[ 9372.538441] alloc_cross_bitmap: preallocate 268435456 pg, nr_longs=4194304 in 12 millisec
[ 9372.538448] alloc_cross_bitmap: preallocate 268435456 pg, nr_longs=4194304 in 12 millisec
[ 9372.538469] alloc_cross_bitmap: preallocate 268435456 pg, nr_longs=4194304 in 12 millisec
[ 9372.540823] alloc_cross_bitmap: preallocate 268435456 pg, nr_longs=4194304 in 4 millisec
[ 9372.542525] alloc_cross_bitmap: preallocate 268435456 pg, nr_longs=4194304 in 8 millisec
[ 9372.542631] alloc_cross_bitmap: preallocate 268435456 pg, nr_longs=4194304 in 8 millisec
[ 9372.547142] alloc_cross_bitmap: preallocate 268435456 pg, nr_longs=4194304 in 4 millisec
[ 9372.547203] alloc_cross_bitmap: preallocate 268435456 pg, nr_longs=4194304 in 4 millisec
[ 9372.549452] alloc_cross_bitmap: preallocate 268435456 pg, nr_longs=4194304 in 4 millisec
[ 9372.549701] alloc_cross_bitmap: preallocate 268435456 pg, nr_longs=4194304 in 4 millisec
[ 9372.551067] alloc_cross_bitmap: preallocate 268435456 pg, nr_longs=4194304 in 4 millisec
[ 9372.606460] alloc_cross_bitmap: preallocate 268435456 pg, nr_longs=4194304 in 12 millisec
[ 9372.607065] alloc_cross_bitmap: preallocate 268435456 pg, nr_longs=4194304 in 12 millisec
[ 9372.607348] alloc_cross_bitmap: preallocate 268435456 pg, nr_longs=4194304 in 12 millisec
[ 9372.607357] alloc_cross_bitmap: preallocate 268435456 pg, nr_longs=4194304 in 12 millisec
[ 9372.607449] alloc_cross_bitmap: preallocate 268435456 pg, nr_longs=4194304 in 12 millisec
[ 9372.607778] alloc_cross_bitmap: preallocate 268435456 pg, nr_longs=4194304 in 12 millisec
[ 9372.607779] alloc_cross_bitmap: preallocate 268435456 pg, nr_longs=4194304 in 12 millisec
[ 9372.607857] alloc_cross_bitmap: preallocate 268435456 pg, nr_longs=4194304 in 12 millisec
[ 9372.608203] alloc_cross_bitmap: preallocate 268435456 pg, nr_longs=4194304 in 12 millisec
[ 9372.608264] alloc_cross_bitmap: preallocate 268435456 pg, nr_longs=4194304 in 12 millisec
[ 9372.608268] alloc_cross_bitmap: preallocate 268435456 pg, nr_longs=4194304 in 12 millisec
[ 9372.608622] alloc_cross_bitmap: preallocate 268435456 pg, nr_longs=4194304 in 12 millisec
[ 9372.608645] alloc_cross_bitmap: preallocate 268435456 pg, nr_longs=4194304 in 12 millisec
[ 9372.608653] alloc_cross_bitmap: preallocate 268435456 pg, nr_longs=4194304 in 12 millisec
[ 9372.608664] alloc_cross_bitmap: preallocate 268435456 pg, nr_longs=4194304 in 12 millisec
[ 9372.636508] alloc_cross_bitmap: preallocate 268435456 pg, nr_longs=4194304 in 4 millisec
[ 9372.637498] alloc_cross_bitmap: preallocate 268435456 pg, nr_longs=4194304 in 4 millisec
[ 9372.637769] alloc_cross_bitmap: preallocate 268435456 pg, nr_longs=4194304 in 4 millisec
[ 9372.639313] alloc_cross_bitmap: preallocate 268435456 pg, nr_longs=4194304 in 4 millisec
[ 9372.644513] alloc_cross_bitmap: preallocate 268435456 pg, nr_longs=4194304 in 8 millisec
[ 9372.645846] alloc_cross_bitmap: preallocate 268435456 pg, nr_longs=4194304 in 8 millisec
[ 9372.645922] alloc_cross_bitmap: preallocate 268435456 pg, nr_longs=4194304 in 8 millisec
[ 9372.646076] alloc_cross_bitmap: preallocate 268435456 pg, nr_longs=4194304 in 8 millisec
[ 9372.646174] alloc_cross_bitmap: preallocate 268435456 pg, nr_longs=4194304 in 8 millisec
[ 9372.647025] alloc_cross_bitmap: preallocate 268435456 pg, nr_longs=4194304 in 12 millisec
[ 9372.647038] alloc_cross_bitmap: preallocate 268435456 pg, nr_longs=4194304 in 12 millisec
[ 9372.647178] alloc_cross_bitmap: preallocate 268435456 pg, nr_longs=4194304 in 12 millisec
[ 9372.647821] alloc_cross_bitmap: preallocate 268435456 pg, nr_longs=4194304 in 12 millisec
[ 9372.647883] alloc_cross_bitmap: preallocate 268435456 pg, nr_longs=4194304 in 12 millisec
[ 9372.647911] alloc_cross_bitmap: preallocate 268435456 pg, nr_longs=4194304 in 12 millisec
[ 9372.647914] alloc_cross_bitmap: preallocate 268435456 pg, nr_longs=4194304 in 12 millisec
[ 9372.659168] alloc_cross_bitmap: preallocate 268435456 pg, nr_longs=4194304 in 4 millisec
[ 9372.660109] alloc_cross_bitmap: preallocate 268435456 pg, nr_longs=4194304 in 4 millisec
[ 9372.663436] alloc_cross_bitmap: preallocate 268435456 pg, nr_longs=4194304 in 4 millisec
[ 9372.663843] alloc_cross_bitmap: preallocate 268435456 pg, nr_longs=4194304 in 4 millisec
[ 9372.672640] alloc_cross_bitmap: preallocate 268435456 pg, nr_longs=4194304 in 4 millisec
[ 9372.675691] alloc_cross_bitmap: preallocate 268435456 pg, nr_longs=4194304 in 4 millisec
[ 9372.677455] alloc_cross_bitmap: preallocate 268435456 pg, nr_longs=4194304 in 4 millisec
[ 9372.678572] alloc_cross_bitmap: preallocate 268435456 pg, nr_longs=4194304 in 8 millisec
[ 9372.678723] alloc_cross_bitmap: preallocate 268435456 pg, nr_longs=4194304 in 8 millisec
[ 9372.681304] alloc_cross_bitmap: preallocate 268435456 pg, nr_longs=4194304 in 8 millisec
[ 9372.681595] alloc_cross_bitmap: preallocate 268435456 pg, nr_longs=4194304 in 4 millisec
[ 9372.682529] alloc_cross_bitmap: preallocate 268435456 pg, nr_longs=4194304 in 8 millisec
[ 9372.683155] alloc_cross_bitmap: preallocate 268435456 pg, nr_longs=4194304 in 8 millisec
[ 9372.683230] alloc_cross_bitmap: preallocate 268435456 pg, nr_longs=4194304 in 8 millisec
[ 9372.683268] alloc_cross_bitmap: preallocate 268435456 pg, nr_longs=4194304 in 8 millisec
[ 9372.686023] alloc_cross_bitmap: preallocate 268435456 pg, nr_longs=4194304 in 4 millisec
[ 9372.687261] alloc_cross_bitmap: preallocate 268435456 pg, nr_longs=4194304 in 8 millisec
[ 9372.687337] alloc_cross_bitmap: preallocate 268435456 pg, nr_longs=4194304 in 8 millisec
[ 9372.688369] alloc_cross_bitmap: preallocate 268435456 pg, nr_longs=4194304 in 4 millisec
[ 9372.698048] alloc_cross_bitmap: preallocate 268435456 pg, nr_longs=4194304 in 0 millisec
[ 9372.700994] alloc_cross_bitmap: preallocate 268435456 pg, nr_longs=4194304 in 4 millisec
[ 9372.703580] alloc_cross_bitmap: preallocate 268435456 pg, nr_longs=4194304 in 4 millisec
[ 9372.703726] alloc_cross_bitmap: preallocate 268435456 pg, nr_longs=4194304 in 4 millisec
[ 9372.706768] alloc_cross_bitmap: preallocate 268435456 pg, nr_longs=4194304 in 4 millisec
[ 9372.707626] alloc_cross_bitmap: preallocate 268435456 pg, nr_longs=4194304 in 4 millisec
[ 9372.707917] alloc_cross_bitmap: preallocate 268435456 pg, nr_longs=4194304 in 4 millisec
[ 9372.708505] alloc_cross_bitmap: preallocate 268435456 pg, nr_longs=4194304 in 4 millisec
[ 9372.708916] alloc_cross_bitmap: preallocate 268435456 pg, nr_longs=4194304 in 4 millisec
[ 9372.709697] alloc_cross_bitmap: preallocate 268435456 pg, nr_longs=4194304 in 4 millisec
[ 9372.710007] alloc_cross_bitmap: preallocate 268435456 pg, nr_longs=4194304 in 4 millisec
[ 9372.762028] alloc_cross_bitmap: preallocate 268435456 pg, nr_longs=4194304 in 8 millisec
[ 9372.762443] alloc_cross_bitmap: preallocate 268435456 pg, nr_longs=4194304 in 12 millisec
[ 9372.763359] alloc_cross_bitmap: preallocate 268435456 pg, nr_longs=4194304 in 12 millisec
[ 9372.763364] alloc_cross_bitmap: preallocate 268435456 pg, nr_longs=4194304 in 12 millisec
[ 9372.763740] alloc_cross_bitmap: preallocate 268435456 pg, nr_longs=4194304 in 12 millisec
[ 9372.763861] alloc_cross_bitmap: preallocate 268435456 pg, nr_longs=4194304 in 12 millisec
[ 9372.763871] alloc_cross_bitmap: preallocate 268435456 pg, nr_longs=4194304 in 12 millisec
[ 9372.764098] alloc_cross_bitmap: preallocate 268435456 pg, nr_longs=4194304 in 12 millisec
[ 9372.764246] alloc_cross_bitmap: preallocate 268435456 pg, nr_longs=4194304 in 12 millisec
[ 9372.764257] alloc_cross_bitmap: preallocate 268435456 pg, nr_longs=4194304 in 12 millisec
[ 9372.764297] alloc_cross_bitmap: preallocate 268435456 pg, nr_longs=4194304 in 12 millisec
[ 9372.764418] alloc_cross_bitmap: preallocate 268435456 pg, nr_longs=4194304 in 12 millisec
[ 9372.764476] alloc_cross_bitmap: preallocate 268435456 pg, nr_longs=4194304 in 12 millisec
[ 9372.764554] alloc_cross_bitmap: preallocate 268435456 pg, nr_longs=4194304 in 12 millisec
[ 9372.764566] alloc_cross_bitmap: preallocate 268435456 pg, nr_longs=4194304 in 12 millisec
[ 9372.791760] alloc_cross_bitmap: preallocate 268435456 pg, nr_longs=4194304 in 4 millisec
[ 9372.792515] alloc_cross_bitmap: preallocate 268435456 pg, nr_longs=4194304 in 4 millisec
[ 9372.795040] alloc_cross_bitmap: preallocate 268435456 pg, nr_longs=4194304 in 4 millisec
[ 9372.798173] alloc_cross_bitmap: preallocate 268435456 pg, nr_longs=4194304 in 4 millisec
[ 9372.801677] alloc_cross_bitmap: preallocate 268435456 pg, nr_longs=4194304 in 8 millisec
[ 9372.802300] alloc_cross_bitmap: preallocate 268435456 pg, nr_longs=4194304 in 12 millisec
[ 9372.802674] alloc_cross_bitmap: preallocate 268435456 pg, nr_longs=4194304 in 12 millisec
[ 9372.803061] alloc_cross_bitmap: preallocate 268435456 pg, nr_longs=4194304 in 12 millisec
[ 9372.803124] alloc_cross_bitmap: preallocate 268435456 pg, nr_longs=4194304 in 12 millisec
[ 9372.803135] alloc_cross_bitmap: preallocate 268435456 pg, nr_longs=4194304 in 12 millisec
[ 9372.803146] alloc_cross_bitmap: preallocate 268435456 pg, nr_longs=4194304 in 12 millisec
[ 9372.803151] alloc_cross_bitmap: preallocate 268435456 pg, nr_longs=4194304 in 12 millisec
[ 9372.803316] alloc_cross_bitmap: preallocate 268435456 pg, nr_longs=4194304 in 12 millisec
[ 9372.803348] alloc_cross_bitmap: preallocate 268435456 pg, nr_longs=4194304 in 12 millisec
[ 9372.803353] alloc_cross_bitmap: preallocate 268435456 pg, nr_longs=4194304 in 12 millisec
[ 9372.803438] alloc_cross_bitmap: preallocate 268435456 pg, nr_longs=4194304 in 12 millisec
[ 9372.812426] alloc_cross_bitmap: preallocate 268435456 pg, nr_longs=4194304 in 4 millisec
[ 9372.815497] alloc_cross_bitmap: preallocate 268435456 pg, nr_longs=4194304 in 4 millisec
[ 9372.818717] alloc_cross_bitmap: preallocate 268435456 pg, nr_longs=4194304 in 4 millisec
[ 9372.824719] alloc_cross_bitmap: preallocate 268435456 pg, nr_longs=4194304 in 4 millisec
[ 9372.833164] alloc_cross_bitmap: preallocate 268435456 pg, nr_longs=4194304 in 4 millisec
[ 9372.833305] alloc_cross_bitmap: preallocate 268435456 pg, nr_longs=4194304 in 4 millisec
[ 9372.834949] alloc_cross_bitmap: preallocate 268435456 pg, nr_longs=4194304 in 4 millisec
[ 9372.839978] alloc_cross_bitmap: preallocate 268435456 pg, nr_longs=4194304 in 8 millisec
[ 9372.840574] alloc_cross_bitmap: preallocate 268435456 pg, nr_longs=4194304 in 8 millisec
[ 9372.840611] alloc_cross_bitmap: preallocate 268435456 pg, nr_longs=4194304 in 8 millisec
[ 9372.840901] alloc_cross_bitmap: preallocate 268435456 pg, nr_longs=4194304 in 8 millisec
[ 9372.840951] alloc_cross_bitmap: preallocate 268435456 pg, nr_longs=4194304 in 8 millisec
[ 9372.840985] alloc_cross_bitmap: preallocate 268435456 pg, nr_longs=4194304 in 8 millisec
[ 9372.841299] alloc_cross_bitmap: preallocate 268435456 pg, nr_longs=4194304 in 8 millisec
[ 9372.841480] alloc_cross_bitmap: preallocate 268435456 pg, nr_longs=4194304 in 8 millisec
[ 9372.841519] alloc_cross_bitmap: preallocate 268435456 pg, nr_longs=4194304 in 8 millisec
[ 9372.841822] alloc_cross_bitmap: preallocate 268435456 pg, nr_longs=4194304 in 4 millisec
[ 9372.842971] alloc_cross_bitmap: preallocate 268435456 pg, nr_longs=4194304 in 8 millisec
[ 9372.843638] alloc_cross_bitmap: preallocate 268435456 pg, nr_longs=4194304 in 4 millisec
[ 9372.846585] alloc_cross_bitmap: preallocate 268435456 pg, nr_longs=4194304 in 4 millisec
[ 9372.857167] alloc_cross_bitmap: preallocate 268435456 pg, nr_longs=4194304 in 4 millisec
[ 9372.858624] alloc_cross_bitmap: preallocate 268435456 pg, nr_longs=4194304 in 4 millisec
[ 9372.860986] alloc_cross_bitmap: preallocate 268435456 pg, nr_longs=4194304 in 4 millisec
[ 9372.868286] alloc_cross_bitmap: preallocate 268435456 pg, nr_longs=4194304 in 4 millisec
[ 9372.871464] alloc_cross_bitmap: preallocate 268435456 pg, nr_longs=4194304 in 8 millisec
[ 9372.871838] alloc_cross_bitmap: preallocate 268435456 pg, nr_longs=4194304 in 8 millisec
[ 9372.872649] alloc_cross_bitmap: preallocate 268435456 pg, nr_longs=4194304 in 4 millisec
[ 9372.873911] alloc_cross_bitmap: preallocate 268435456 pg, nr_longs=4194304 in 4 millisec
[ 9372.874020] alloc_cross_bitmap: preallocate 268435456 pg, nr_longs=4194304 in 4 millisec
[ 9372.874142] alloc_cross_bitmap: preallocate 268435456 pg, nr_longs=4194304 in 4 millisec
[ 9372.874216] alloc_cross_bitmap: preallocate 268435456 pg, nr_longs=4194304 in 4 millisec
[ 9372.874318] alloc_cross_bitmap: preallocate 268435456 pg, nr_longs=4194304 in 8 millisec
[ 9372.875124] alloc_cross_bitmap: preallocate 268435456 pg, nr_longs=4194304 in 8 millisec
[ 9372.879167] alloc_cross_bitmap: preallocate 268435456 pg, nr_longs=4194304 in 4 millisec
[ 9372.880111] alloc_cross_bitmap: preallocate 268435456 pg, nr_longs=4194304 in 4 millisec
[ 9372.882728] alloc_cross_bitmap: preallocate 268435456 pg, nr_longs=4194304 in 4 millisec
[ 9372.887363] alloc_cross_bitmap: preallocate 268435456 pg, nr_longs=4194304 in 4 millisec
[ 9372.887646] alloc_cross_bitmap: preallocate 268435456 pg, nr_longs=4194304 in 4 millisec
[ 9372.889561] alloc_cross_bitmap: preallocate 268435456 pg, nr_longs=4194304 in 0 millisec
[ 9372.891295] alloc_cross_bitmap: preallocate 268435456 pg, nr_longs=4194304 in 4 millisec
[ 9372.891521] alloc_cross_bitmap: preallocate 268435456 pg, nr_longs=4194304 in 4 millisec
[ 9372.924229] FinalTaskReport: db_bench:13348 - ra_orig_nr_pages:0, ra_final_nr_pages:0
                                        async_pages:1180, final_async_pages:2075
                                        full_pfetches:0, less256_pfetches:0, partial_pfetches:0
                                        failed_pfetches:0, total_pfetches:0, os_pfetches:95
                                        nr_pages_read:1787, nr_pages_hit:935, nr_do_read_fault:164
[ 9373.117718] write_proc: Value of write = 0
[ 9373.117732] __do_sys_start_cross_trace: PRINT_GLOBAL_STATS 
[ 9373.117734] Final GlobalReport: nr_pages_read:13203052073, nr_pages_hit:12916751580, nr_do_read_fault:7030457, nr_pages_miss:103905840
[ 9373.117776] FinalTaskReport: time:13339 - ra_orig_nr_pages:0, ra_final_nr_pages:0
                                        async_pages:0, final_async_pages:25
                                        full_pfetches:0, less256_pfetches:0, partial_pfetches:0
                                        failed_pfetches:0, total_pfetches:0, os_pfetches:1
                                        nr_pages_read:0, nr_pages_hit:0, nr_do_read_fault:18
