Received signal 11 (Segmentation fault)
#0   /usr/lib/lib_Cross_Blind.so(_Z13prefetcher_thPv+0x20) [0x7fa3613e5250] ??	??:0	DESTRUCTOR GETTING CALLED 	PRINT_GLOBAL_LIB_STATS in dest	Total nr_ra = 0	Total nr_bytes_ra = 0	
#1   /usr/lib/lib_Cross_Blind.so(+0x7ab9) [0x7fa3613e7ab9] Command terminated by signal 11
	Command being timed: "./db_bench --db=/users/kannan11/ssd/prefetching/appbench/apps/rocksdb/DATA --value_size=4096 --wal_dir=/users/kannan11/ssd/prefetching/appbench/apps/rocksdb/DATA/WAL_LOG --sync=0 --key_size=1000 --write_buffer_size=67108864 --num=20000000 --seed=1576170874 --benchmarks=readseq --use_existing_db=1 --mmap_read=0 --threads=32"
	User time (seconds): 0.01
	System time (seconds): 0.13
	Percent of CPU this job got: 62%
	Elapsed (wall clock) time (h:mm:ss or m:ss): 0:00.25
	Average shared text size (kbytes): 0
	Average unshared data size (kbytes): 0
	Average stack size (kbytes): 0
	Average total size (kbytes): 0
	Maximum resident set size (kbytes): 40548
	Average resident set size (kbytes): 0
	Major (requiring I/O) page faults: 105
	Minor (reclaiming a frame) page faults: 11455
	Voluntary context switches: 779
	Involuntary context switches: 47
	Swaps: 0
	File system inputs: 593208
	File system outputs: 80
	Socket messages sent: 0
	Socket messages received: 0
	Signals delivered: 0
	Page size (bytes): 4096
	Exit status: 0
DESTRUCTOR GETTING CALLED 
PRINT_GLOBAL_LIB_STATS in dest
Total nr_ra = 0
Total nr_bytes_ra = 0
[41331.118415] sh (46529): drop_caches: 3
[41331.164504] sh (46534): drop_caches: 3
[41336.198421] write_proc_unbounded: Value of write = 0
[41336.198434] write_proc_2mb_limit: Value of write = 0
[41336.198440] write_proc_bitmap_shift: Value of write = 38
[41336.205973] write_proc_unbounded: Value of write = 0
[41336.205986] write_proc_2mb_limit: Value of write = 0
[41336.205991] write_proc_bitmap_shift: Value of write = 38
[41336.315494] write_proc_unbounded: Value of write = 0
[41336.315504] write_proc_2mb_limit: Value of write = 0
[41336.315509] write_proc_bitmap_shift: Value of write = 38
[41336.319094] write_proc_unbounded: Value of write = 0
[41336.319102] write_proc_2mb_limit: Value of write = 0
[41336.319106] write_proc_bitmap_shift: Value of write = 38
[41336.427110] write_proc_unbounded: Value of write = 0
[41336.427118] write_proc_2mb_limit: Value of write = 0
[41336.446156] traps: db_bench[46606] general protection fault ip:7fa3613e5250 sp:7fa34ee04aa0 error:0 in lib_Cross_Blind.so[7fa3613e0000+a000]
[41336.448480] write_proc_unbounded: Value of write = 0
[41336.448487] write_proc_2mb_limit: Value of write = 0
[41336.448490] write_proc_bitmap_shift: Value of write = 38
[41336.449748] write_proc_unbounded: Value of write = 0
[41336.449756] write_proc_2mb_limit: Value of write = 0
[41336.450924] write_proc_unbounded: Value of write = 0
[41336.450935] write_proc_2mb_limit: Value of write = 0
[41336.450939] write_proc_bitmap_shift: Value of write = 38
