ENABLE_FILE_STATS in con
ENABLE_FILE_STATS in con
ENABLE_FILE_STATS in con
ENABLE_FILE_STATS in con
ENABLE_FILE_STATS in con
ENABLE_FILE_STATS in con
ENABLE_FILE_STATS in con
ENABLE_FILE_STATS in con
ENABLE_FILE_STATS in per_thread_ds
ENABLE_FILE_STATS in per_thread_ds
ENABLE_FILE_STATS in per_thread_ds
ENABLE_FILE_STATS in per_thread_ds
ENABLE_FILE_STATS in per_thread_ds
ENABLE_FILE_STATS in per_thread_ds
ERR:prefetcher_th, pg_diff==0
ERR:prefetcher_th, pg_diff==0
ERR:prefetcher_th, pg_diff==0
ERR:prefetcher_th, pg_diff==0
ERR:prefetcher_th, pg_diff==0
ERR:prefetcher_th, pg_diff==0
ERR:prefetcher_th, pg_diff==0
ERR:prefetcher_th, pg_diff==0
ERR:prefetcher_th, pg_diff==0
ERR:prefetcher_th, pg_diff==0
ERR:prefetcher_th, pg_diff==0
ERR:prefetcher_th, pg_diff==0
ERR:prefetcher_th, pg_diff==0
ERR:prefetcher_th, pg_diff==0
ENABLE_FILE_STATS in per_thread_ds
record_open: fd=12 filesize=214 is smaller than 5242880 bytes
record_open: fd=10 filesize=214 is smaller than 5242880 bytes
record_open: fd=8 filesize=214 is smaller than 5242880 bytes
record_open: fd=8 filesize=214 is smaller than 5242880 bytes
record_open: fd=8 filesize=214 is smaller than 5242880 bytes
record_open: fd=8 filesize=214 is smaller than 5242880 bytes
record_open: fd=8 filesize=214 is smaller than 5242880 bytes
record_open: fd=8 filesize=214 is smaller than 5242880 bytes
ENABLE_FILE_STATS in per_thread_ds
-------- Aggregate Performance --------
 READ Restart Perf: 4396.82 BW[MB/s] 12361326592 Bytes 2.68118 MaxTime[sec] 
DESTRUCTOR GETTING CALLED 
Total nr_ra = 2737
Total nr_bytes_ra = 11479810048
PRINT_GLOBAL_STATS in dest
PRINT_GLOBAL_LIB_STATS in dest
DESTRUCTOR GETTING CALLED 
PRINT_GLOBAL_STATS in dest
PRINT_GLOBAL_LIB_STATS in dest
Total nr_ra = 2735
Total nr_bytes_ra = 11471421440
DESTRUCTOR GETTING CALLED 
PRINT_GLOBAL_STATS in dest
PRINT_GLOBAL_LIB_STATS in dest
Total nr_ra = 2737
Total nr_bytes_ra = 11479810048
Total nr_ra = 2737
Total nr_bytes_ra = 11479810048
DESTRUCTOR GETTING CALLED 
PRINT_GLOBAL_STATS in dest
PRINT_GLOBAL_LIB_STATS in dest
DESTRUCTOR GETTING CALLED 
PRINT_GLOBAL_STATS in dest
PRINT_GLOBAL_LIB_STATS in dest
Total nr_ra = 2737
Total nr_bytes_ra = 11479810048
DESTRUCTOR GETTING CALLED 
PRINT_GLOBAL_STATS in dest
Total nr_ra = 2737
Total nr_bytes_ra = 11479810048
DESTRUCTOR GETTING CALLED 
PRINT_GLOBAL_STATS in dest
PRINT_GLOBAL_LIB_STATS in dest
PRINT_GLOBAL_LIB_STATS in dest
Total nr_ra = 2737
Total nr_bytes_ra = 11479810048
DESTRUCTOR GETTING CALLED 
Total nr_ra = 2737
Total nr_bytes_ra = 11479810048
PRINT_GLOBAL_STATS in dest
PRINT_GLOBAL_LIB_STATS in dest
[33144.726870] sh (14337): drop_caches: 3
[33144.789754] sh (14342): drop_caches: 3
[33144.833748] write_proc_unbounded: Value of write = 1
[33144.833759] write_proc_unbounded: Value of write = 1
[33144.833767] write_proc_2mb_limit: Value of write = 1
[33144.833768] write_proc_unbounded: Value of write = 1
[33144.833777] write_proc_bitmap_shift: Value of write = 37
[33144.833780] write_proc_2mb_limit: Value of write = 1
[33144.833785] write_proc_2mb_limit: Value of write = 1
[33144.833791] write_proc_bitmap_shift: Value of write = 37
[33144.833794] write_proc_bitmap_shift: Value of write = 37
[33144.833808] write_proc_unbounded: Value of write = 1
[33144.833820] write_proc_2mb_limit: Value of write = 1
[33144.833826] write_proc_bitmap_shift: Value of write = 37
[33144.833849] write_proc_unbounded: Value of write = 1
[33144.833857] write_proc_2mb_limit: Value of write = 1
[33144.833861] write_proc_bitmap_shift: Value of write = 37
[33144.833870] write_proc_unbounded: Value of write = 1
[33144.833882] write_proc_2mb_limit: Value of write = 1
[33144.833887] write_proc_bitmap_shift: Value of write = 37
[33144.833907] write_proc_unbounded: Value of write = 1
[33144.833909] write_proc_unbounded: Value of write = 1
[33144.833919] write_proc_2mb_limit: Value of write = 1
[33144.833921] write_proc_2mb_limit: Value of write = 1
[33144.833927] write_proc_bitmap_shift: Value of write = 37
[33144.833929] write_proc_bitmap_shift: Value of write = 37
[33147.668304] write_proc_unbounded: Value of write = 0
[33147.668322] write_proc_2mb_limit: Value of write = 0
[33147.668447] write_proc_unbounded: Value of write = 0
[33147.668464] write_proc_2mb_limit: Value of write = 0
[33147.668544] write_proc_unbounded: Value of write = 0
[33147.668553] write_proc_2mb_limit: Value of write = 0
[33147.668616] write_proc_unbounded: Value of write = 0
[33147.668624] write_proc_2mb_limit: Value of write = 0
[33147.668652] write_proc_unbounded: Value of write = 0
[33147.668661] write_proc_2mb_limit: Value of write = 0
[33147.668709] write_proc_unbounded: Value of write = 0
[33147.668711] write_proc_unbounded: Value of write = 0
[33147.668713] write_proc_2mb_limit: Value of write = 0
[33147.668717] write_proc_2mb_limit: Value of write = 0
[33147.669084] write_proc_unbounded: Value of write = 0
[33147.669089] write_proc_2mb_limit: Value of write = 0
