ENABLE_FILE_STATS in con
ENABLE_FILE_STATS in con
ENABLE_FILE_STATS in con
ENABLE_FILE_STATS in con
ENABLE_FILE_STATS in con
ENABLE_FILE_STATS in con
ENABLE_FILE_STATS in con
ENABLE_FILE_STATS in con
ENABLE_FILE_STATS in per_thread_ds
ENABLE_FILE_STATS in per_thread_ds
ENABLE_FILE_STATS in per_thread_ds
ENABLE_FILE_STATS in per_thread_ds
ENABLE_FILE_STATS in per_thread_ds
ENABLE_FILE_STATS in per_thread_ds
ENABLE_FILE_STATS in per_thread_ds
ERR:prefetcher_th, pg_diff==0
ERR:prefetcher_th, pg_diff==0
ERR:prefetcher_th, pg_diff==0
ERR:prefetcher_th, pg_diff==0
ERR:prefetcher_th, pg_diff==0
ERR:prefetcher_th, pg_diff==0
ERR:prefetcher_th, pg_diff==0
ERR:prefetcher_th, pg_diff==0
ERR:prefetcher_th, pg_diff==0
ERR:prefetcher_th, pg_diff==0
ERR:prefetcher_th, pg_diff==0
ERR:prefetcher_th, pg_diff==0
ERR:prefetcher_th, pg_diff==0
ERR:prefetcher_th, pg_diff==0
ENABLE_FILE_STATS in per_thread_ds
record_open: fd=12 filesize=214 is smaller than 5242880 bytes
record_open: fd=10 filesize=214 is smaller than 5242880 bytes
record_open: fd=8 filesize=214 is smaller than 5242880 bytes
record_open: fd=8 filesize=214 is smaller than 5242880 bytes
record_open: fd=8 filesize=214 is smaller than 5242880 bytes
record_open: fd=8 filesize=214 is smaller than 5242880 bytes
record_open: fd=8 filesize=214 is smaller than 5242880 bytes
record_open: fd=8 filesize=214 is smaller than 5242880 bytes
-------- Aggregate Performance --------
 READ Restart Perf: 3492.44 BW[MB/s] 12361326592 Bytes 3.37549 MaxTime[sec] 
Total nr_ra = 9297
Total nr_bytes_ra = 38994444288
DESTRUCTOR GETTING CALLED 
PRINT_GLOBAL_STATS in dest
PRINT_GLOBAL_LIB_STATS in dest
DESTRUCTOR GETTING CALLED 
PRINT_GLOBAL_STATS in dest
PRINT_GLOBAL_LIB_STATS in dest
Total nr_ra = 2737
Total nr_bytes_ra = 11479810048
Total nr_ra = 2737
Total nr_bytes_ra = 11479810048
Total nr_ra = 2737
Total nr_bytes_ra = 11479810048
Total nr_ra = 2737
Total nr_bytes_ra = 11479810048
Total nr_ra = 2737
Total nr_bytes_ra = 11479810048
Total nr_ra = 2737
Total nr_bytes_ra = 11479810048
DESTRUCTOR GETTING CALLED 
PRINT_GLOBAL_STATS in dest
PRINT_GLOBAL_LIB_STATS in dest
DESTRUCTOR GETTING CALLED 
PRINT_GLOBAL_STATS in dest
PRINT_GLOBAL_LIB_STATS in dest
DESTRUCTOR GETTING CALLED 
PRINT_GLOBAL_STATS in dest
PRINT_GLOBAL_LIB_STATS in dest
DESTRUCTOR GETTING CALLED 
PRINT_GLOBAL_STATS in dest
PRINT_GLOBAL_LIB_STATS in dest
DESTRUCTOR GETTING CALLED 
PRINT_GLOBAL_STATS in dest
PRINT_GLOBAL_LIB_STATS in dest
Total nr_ra = 2737
Total nr_bytes_ra = 11479810048
DESTRUCTOR GETTING CALLED 
PRINT_GLOBAL_STATS in dest
PRINT_GLOBAL_LIB_STATS in dest
[33148.211253] sh (14363): drop_caches: 3
[33148.276374] sh (14368): drop_caches: 3
[33148.319552] write_proc_unbounded: Value of write = 0
[33148.319556] write_proc_unbounded: Value of write = 0
[33148.319558] write_proc_unbounded: Value of write = 0
[33148.319567] write_proc_2mb_limit: Value of write = 0
[33148.319565] write_proc_unbounded: Value of write = 0
[33148.319568] write_proc_2mb_limit: Value of write = 0
[33148.319571] write_proc_2mb_limit: Value of write = 0
[33148.319582] write_proc_2mb_limit: Value of write = 0
[33148.319586] write_proc_bitmap_shift: Value of write = 37
[33148.319587] write_proc_bitmap_shift: Value of write = 37
[33148.319589] write_proc_bitmap_shift: Value of write = 37
[33148.319592] write_proc_bitmap_shift: Value of write = 37
[33148.319624] write_proc_unbounded: Value of write = 0
[33148.319630] write_proc_unbounded: Value of write = 0
[33148.319645] write_proc_2mb_limit: Value of write = 0
[33148.319647] write_proc_2mb_limit: Value of write = 0
[33148.319648] write_proc_unbounded: Value of write = 0
[33148.319653] write_proc_bitmap_shift: Value of write = 37
[33148.319654] write_proc_bitmap_shift: Value of write = 37
[33148.319660] write_proc_2mb_limit: Value of write = 0
[33148.319667] write_proc_bitmap_shift: Value of write = 37
[33148.319674] write_proc_unbounded: Value of write = 0
[33148.319690] write_proc_2mb_limit: Value of write = 0
[33148.319695] write_proc_bitmap_shift: Value of write = 37
[33151.853824] write_proc_unbounded: Value of write = 0
[33151.853840] write_proc_2mb_limit: Value of write = 0
[33151.853940] write_proc_unbounded: Value of write = 0
[33151.853948] write_proc_2mb_limit: Value of write = 0
[33151.854016] write_proc_unbounded: Value of write = 0
[33151.854023] write_proc_2mb_limit: Value of write = 0
[33151.854077] write_proc_unbounded: Value of write = 0
[33151.854084] write_proc_2mb_limit: Value of write = 0
[33151.854099] write_proc_unbounded: Value of write = 0
[33151.854102] write_proc_2mb_limit: Value of write = 0
[33151.854160] write_proc_unbounded: Value of write = 0
[33151.854165] write_proc_2mb_limit: Value of write = 0
[33151.854344] write_proc_unbounded: Value of write = 0
[33151.854348] write_proc_2mb_limit: Value of write = 0
[33151.854364] write_proc_unbounded: Value of write = 0
[33151.854402] write_proc_2mb_limit: Value of write = 0
