ENABLE_FILE_STATS in con
ENABLE_FILE_STATS in per_thread_ds
ENABLE_FILE_STATS in con
ENABLE_FILE_STATS in per_thread_ds
ENABLE_FILE_STATS in per_thread_ds
ENABLE_FILE_STATS in per_thread_ds
ENABLE_FILE_STATS in per_thread_ds
ENABLE_FILE_STATS in per_thread_ds
ENABLE_FILE_STATS in per_thread_ds
ENABLE_FILE_STATS in per_thread_ds
ENABLE_FILE_STATS in per_thread_ds
ENABLE_FILE_STATS in per_thread_ds
ENABLE_FILE_STATS in per_thread_ds
ENABLE_FILE_STATS in per_thread_ds
ENABLE_FILE_STATS in per_thread_ds
ENABLE_FILE_STATS in per_thread_ds
ENABLE_FILE_STATS in per_thread_ds
ENABLE_FILE_STATS in per_thread_ds
ERR:handle_open unable to add to uinode
ERR:handle_open unable to add to uinode
ERR:handle_open unable to add to uinode
Initializing RocksDB Options from the specified file
Initializing RocksDB Options from command-line flags
Integrated BlobDB: blob cache disabled
prefetcher_th: TID:6926: going to fetch from 0 for size 30890350 on file 8 total size=30890350,rasize = 1048576, stride = 0 bytes, ptr=0x7f28ec000e50, ino=24641983, inode=0x7f28ec000cc0
prefetcher_th: TID:6928: going to fetch from 0 for size 30890450 on file 9 total size=30890450,rasize = 1048576, stride = 0 bytes, ptr=0x7f28d8000e50, ino=24641974, inode=0x7f28d8000cc0
prefetcher_th: TID:6927: going to fetch from 0 for size 30890514 on file 11 total size=30890514,rasize = 1048576, stride = 0 bytes, ptr=0x7f28e0000e50, ino=24641979, inode=0x7f28e0000cc0
prefetcher_th: TID:6930: going to fetch from 0 for size 30890335 on file 12 total size=30890335,rasize = 1048576, stride = 0 bytes, ptr=0x7f28d0000e50, ino=24641973, inode=0x7f28d0000cc0
prefetcher_th: TID:6931: going to fetch from 0 for size 30890399 on file 13 total size=30890399,rasize = 1048576, stride = 0 bytes, ptr=0x7f28d4000e50, ino=24641975, inode=0x7f28d4000cc0
prefetcher_th: TID:6932: going to fetch from 0 for size 30890376 on file 14 total size=30890376,rasize = 1048576, stride = 0 bytes, ptr=0x7f28c8000e50, ino=24641976, inode=0x7f28c8000cc0
prefetcher_th: TID:6936: going to fetch from 0 for size 30890422 on file 15 total size=30890422,rasize = 1048576, stride = 0 bytes, ptr=0x7f28cc000e50, ino=24641977, inode=0x7f28cc000cc0
prefetcher_th: TID:6923: going to fetch from 0 for size 30890470 on file 16 total size=30890470,rasize = 1048576, stride = 0 bytes, ptr=0x563a066e4d90, ino=24641978, inode=0x563a066c1350
prefetcher_th: TID:6940: going to fetch from 0 for size 30890532 on file 19 total size=30890532,rasize = 1048576, stride = 0 bytes, ptr=0x7f2890000e50, ino=24641924, inode=0x7f2890000cc0
prefetcher_th: TID:6935: going to fetch from 0 for size 30890311 on file 20 total size=30890311,rasize = 1048576, stride = 0 bytes, ptr=0x7f28b0000e50, ino=24641971, inode=0x7f28b0000cc0
prefetcher_th: TID:6933: going to fetch from 0 for size 30890594 on file 21 total size=30890594,rasize = 1048576, stride = 0 bytes, ptr=0x7f28a8000e50, ino=24641969, inode=0x7f28a8000cc0
prefetcher_th: TID:6938: going to fetch from 0 for size 30890900 on file 17 total size=30890900,rasize = 1048576, stride = 0 bytes, ptr=0x7f28a0000e50, ino=24641970, inode=0x7f28a0000cc0
prefetcher_th: TID:6934: going to fetch from 0 for size 30890475 on file 18 total size=30890475,rasize = 1048576, stride = 0 bytes, ptr=0x7f2898000e50, ino=24641967, inode=0x7f2898000cc0
prefetcher_th: TID:6939: going to fetch from 0 for size 30890586 on file 22 total size=30890586,rasize = 1048576, stride = 0 bytes, ptr=0x7f28b8000e50, ino=24641968, inode=0x7f28b8000cc0
prefetcher_th: TID:6937: going to fetch from 0 for size 30890308 on file 23 total size=30890308,rasize = 1048576, stride = 0 bytes, ptr=0x7f28c0000e50, ino=24641972, inode=0x7f28c0000cc0
prefetcher_th: TID:6926: going to fetch from 0 for size 30890329 on file 24 total size=30890329,rasize = 1048576, stride = 0 bytes, ptr=0x7f28ec005360, ino=24641923, inode=0x7f28ec004520
prefetcher_th: TID:6932: going to fetch from 0 for size 30890376 on file 25 total size=30890376,rasize = 1048576, stride = 0 bytes, ptr=0x7f28c8005380, ino=24641922, inode=0x7f28c8004540
prefetcher_th: TID:6936: going to fetch from 0 for size 30890280 on file 26 total size=30890280,rasize = 1048576, stride = 0 bytes, ptr=0x7f28cc005380, ino=24641921, inode=0x7f28cc004540
prefetcher_th: TID:6929: going to fetch from 0 for size 30890310 on file 27 total size=30890310,rasize = 1048576, stride = 0 bytes, ptr=0x7f28e4005630, ino=24641920, inode=0x7f28e40044c0
prefetcher_th: TID:6933: going to fetch from 0 for size 30890409 on file 28 total size=30890409,rasize = 1048576, stride = 0 bytes, ptr=0x7f28a8005380, ino=24641919, inode=0x7f28a8004540
prefetcher_th: TID:6937: going to fetch from 0 for size 30890310 on file 29 total size=30890310,rasize = 1048576, stride = 0 bytes, ptr=0x7f28c0005380, ino=24641916, inode=0x7f28c0004540
prefetcher_th: TID:6926: going to fetch from 0 for size 30890269 on file 30 total size=30890269,rasize = 1048576, stride = 0 bytes, ptr=0x7f28ec008990, ino=24641915, inode=0x7f28ec007d20
prefetcher_th: TID:6928: going to fetch from 0 for size 30890367 on file 31 total size=30890367,rasize = 1048576, stride = 0 bytes, ptr=0x7f28d8005380, ino=24641914, inode=0x7f28d8004540
prefetcher_th: TID:6927: going to fetch from 0 for size 30890438 on file 32 total size=30890438,rasize = 1048576, stride = 0 bytes, ptr=0x7f28e0005380, ino=24641913, inode=0x7f28e0004540
prefetcher_th: TID:6934: going to fetch from 0 for size 30890255 on file 33 total size=30890255,rasize = 1048576, stride = 0 bytes, ptr=0x7f2898005380, ino=24641918, inode=0x7f2898004540
prefetcher_th: TID:6930: going to fetch from 0 for size 30890502 on file 34 total size=30890502,rasize = 1048576, stride = 0 bytes, ptr=0x7f28d0005380, ino=24641911, inode=0x7f28d0004540
prefetcher_th: TID:6923: going to fetch from 0 for size 30890513 on file 35 total size=30890513,rasize = 1048576, stride = 0 bytes, ptr=0x563a0669f0a0, ino=24641912, inode=0x563a0669dc70
prefetcher_th: TID:6932: going to fetch from 0 for size 30890427 on file 36 total size=30890427,rasize = 1048576, stride = 0 bytes, ptr=0x7f28c8008590, ino=24641910, inode=0x7f28c8007920
prefetcher_th: TID:6931: going to fetch from 0 for size 30890444 on file 37 total size=30890444,rasize = 1048576, stride = 0 bytes, ptr=0x7f28d4005380, ino=24641909, inode=0x7f28d4004540
prefetcher_th: TID:6940: going to fetch from 0 for size 30890117 on file 38 total size=30890117,rasize = 1048576, stride = 0 bytes, ptr=0x7f2890005380, ino=24641908, inode=0x7f2890004540
prefetcher_th: TID:6935: going to fetch from 0 for size 30890305 on file 39 total size=30890305,rasize = 1048576, stride = 0 bytes, ptr=0x7f28b0005380, ino=24641917, inode=0x7f28b0004540
prefetcher_th: TID:6938: going to fetch from 0 for size 30890171 on file 40 total size=30890171,rasize = 1048576, stride = 0 bytes, ptr=0x7f28a0005380, ino=24641907, inode=0x7f28a0004540
prefetcher_th: TID:6939: going to fetch from 0 for size 30890235 on file 41 total size=30890235,rasize = 1048576, stride = 0 bytes, ptr=0x7f28b8005380, ino=24641906, inode=0x7f28b8004540
prefetcher_th: TID:6929: going to fetch from 0 for size 30890117 on file 42 total size=30890117,rasize = 1048576, stride = 0 bytes, ptr=0x7f28e4008e00, ino=24641905, inode=0x7f28e40080d0
prefetcher_th: TID:6937: going to fetch from 0 for size 30890508 on file 43 total size=30890508,rasize = 1048576, stride = 0 bytes, ptr=0x7f28c0008610, ino=24641894, inode=0x7f28c0007960
prefetcher_th: TID:6936: going to fetch from 0 for size 30890365 on file 44 total size=30890365,rasize = 1048576, stride = 0 bytes, ptr=0x7f28cc008590, ino=24641893, inode=0x7f28cc007920
prefetcher_th: TID:6926: going to fetch from 0 for size 30890468 on file 45 total size=30890468,rasize = 1048576, stride = 0 bytes, ptr=0x7f28ec00bef0, ino=24641892, inode=0x7f28ec007ff0
prefetcher_th: TID:6933: going to fetch from 0 for size 30890514 on file 46 total size=30890514,rasize = 1048576, stride = 0 bytes, ptr=0x7f28a8008610, ino=24641891, inode=0x7f28a8007960
prefetcher_th: TID:6934: going to fetch from 0 for size 30890543 on file 47 total size=30890543,rasize = 1048576, stride = 0 bytes, ptr=0x7f2898008610, ino=24641889, inode=0x7f28980079a0
prefetcher_th: TID:6928: going to fetch from 0 for size 30890400 on file 48 total size=30890400,rasize = 1048576, stride = 0 bytes, ptr=0x7f28d8008590, ino=24641890, inode=0x7f28d8007950
prefetcher_th: TID:6930: going to fetch from 0 for size 30890430 on file 49 total size=30890430,rasize = 1048576, stride = 0 bytes, ptr=0x7f28d0008610, ino=24641895, inode=0x7f28d00079a0
prefetcher_th: TID:6931: going to fetch from 0 for size 30890434 on file 50 total size=30890434,rasize = 1048576, stride = 0 bytes, ptr=0x7f28d4008630, ino=24641897, inode=0x7f28d4007980
prefetcher_th: TID:6923: going to fetch from 0 for size 30890400 on file 51 total size=30890400,rasize = 1048576, stride = 0 bytes, ptr=0x563a066a2320, ino=24641898, inode=0x563a066a1670
prefetcher_th: TID:6940: going to fetch from 0 for size 30890644 on file 52 total size=30890644,rasize = 1048576, stride = 0 bytes, ptr=0x7f2890008590, ino=24641899, inode=0x7f2890007920
prefetcher_th: TID:6935: going to fetch from 0 for size 30890581 on file 53 total size=30890581,rasize = 1048576, stride = 0 bytes, ptr=0x7f28b0008590, ino=24641900, inode=0x7f28b0007920
prefetcher_th: TID:6932: going to fetch from 0 for size 30890638 on file 54 total size=30890638,rasize = 1048576, stride = 0 bytes, ptr=0x7f28c800ba70, ino=24641901, inode=0x7f28c8007c80
prefetcher_th: TID:6927: going to fetch from 0 for size 30890433 on file 55 total size=30890433,rasize = 1048576, stride = 0 bytes, ptr=0x7f28e0008610, ino=24641896, inode=0x7f28e00079a0
prefetcher_th: TID:6939: going to fetch from 0 for size 30890569 on file 56 total size=30890569,rasize = 1048576, stride = 0 bytes, ptr=0x7f28b8008590, ino=24641903, inode=0x7f28b8007920
prefetcher_th: TID:6929: going to fetch from 0 for size 30890652 on file 57 total size=30890652,rasize = 1048576, stride = 0 bytes, ptr=0x7f28e400c050, ino=24641904, inode=0x7f28e400b3e0
prefetcher_th: TID:6937: going to fetch from 0 for size 30890118 on file 58 total size=30890118,rasize = 1048576, stride = 0 bytes, ptr=0x7f28c000bc40, ino=24641925, inode=0x7f28c0007c70
prefetcher_th: TID:6936: going to fetch from 0 for size 30890153 on file 59 total size=30890153,rasize = 1048576, stride = 0 bytes, ptr=0x7f28cc00ba70, ino=24641926, inode=0x7f28cc007bf0
prefetcher_th: TID:6926: going to fetch from 0 for size 30890134 on file 60 total size=30890134,rasize = 1048576, stride = 0 bytes, ptr=0x7f28ec00ef60, ino=24641927, inode=0x7f28ec00e5c0
prefetcher_th: TID:6933: going to fetch from 0 for size 30890211 on file 61 total size=30890211,rasize = 1048576, stride = 0 bytes, ptr=0x7f28a800bc40, ino=24641928, inode=0x7f28a800b1c0
prefetcher_th: TID:6934: going to fetch from 0 for size 30890260 on file 62 total size=30890260,rasize = 1048576, stride = 0 bytes, ptr=0x7f289800bb70, ino=24641929, inode=0x7f2898007c70
prefetcher_th: TID:6928: going to fetch from 0 for size 30889973 on file 63 total size=30889973,rasize = 1048576, stride = 0 bytes, ptr=0x7f28d800bbb0, ino=24641930, inode=0x7f28d8007c60
prefetcher_th: TID:6938: going to fetch from 0 for size 30890591 on file 64 total size=30890591,rasize = 1048576, stride = 0 bytes, ptr=0x7f28a0008590, ino=24641902, inode=0x7f28a0007920
prefetcher_th: TID:6930: going to fetch from 0 for size 30890005 on file 65 total size=30890005,rasize = 1048576, stride = 0 bytes, ptr=0x7f28d000bb70, ino=24641931, inode=0x7f28d000b160
prefetcher_th: TID:6931: going to fetch from 0 for size 30890096 on file 66 total size=30890096,rasize = 1048576, stride = 0 bytes, ptr=0x7f28d400bbf0, ino=24641932, inode=0x7f28d4007c90
prefetcher_th: TID:6923: going to fetch from 0 for size 30890067 on file 67 total size=30890067,rasize = 1048576, stride = 0 bytes, ptr=0x563a066a5910, ino=24641933, inode=0x563a066a1980
prefetcher_th: TID:6940: going to fetch from 0 for size 30890051 on file 68 total size=30890051,rasize = 1048576, stride = 0 bytes, ptr=0x7f289000ba70, ino=24641934, inode=0x7f289000b060
prefetcher_th: TID:6935: going to fetch from 0 for size 30890155 on file 69 total size=30890155,rasize = 1048576, stride = 0 bytes, ptr=0x7f28b000ba70, ino=24641935, inode=0x7f28b000b060
prefetcher_th: TID:6932: going to fetch from 0 for size 30890238 on file 70 total size=30890238,rasize = 1048576, stride = 0 bytes, ptr=0x7f28c800ef50, ino=24641936, inode=0x7f28c800b170
prefetcher_th: TID:6927: going to fetch from 0 for size 30890251 on file 71 total size=30890251,rasize = 1048576, stride = 0 bytes, ptr=0x7f28e000bb70, ino=24641937, inode=0x7f28e000b160
prefetcher_th: TID:6929: going to fetch from 0 for size 30890240 on file 72 total size=30890240,rasize = 1048576, stride = 0 bytes, ptr=0x7f28e400f5b0, ino=24641938, inode=0x7f28e400b6e0
prefetcher_th: TID:6937: going to fetch from 0 for size 30890271 on file 73 total size=30890271,rasize = 1048576, stride = 0 bytes, ptr=0x7f28c000f020, ino=24641939, inode=0x7f28c000e780
prefetcher_th: TID:6936: going to fetch from 0 for size 30890509 on file 74 total size=30890509,rasize = 1048576, stride = 0 bytes, ptr=0x7f28cc00eeb0, ino=24641940, inode=0x7f28cc00b170
prefetcher_th: TID:6926: going to fetch from 0 for size 30890486 on file 75 total size=30890486,rasize = 1048576, stride = 0 bytes, ptr=0x7f28ec0123a0, ino=24641941, inode=0x7f28ec011a60
prefetcher_th: TID:6939: going to fetch from 0 for size 30890539 on file 76 total size=30890539,rasize = 1048576, stride = 0 bytes, ptr=0x7f28b800ba70, ino=24641942, inode=0x7f28b800b060
prefetcher_th: TID:6933: going to fetch from 0 for size 30890510 on file 77 total size=30890510,rasize = 1048576, stride = 0 bytes, ptr=0x7f28a800f080, ino=24641943, inode=0x7f28a800e780
prefetcher_th: TID:6934: going to fetch from 0 for size 30890585 on file 78 total size=30890585,rasize = 1048576, stride = 0 bytes, ptr=0x7f289800efb0, ino=24641944, inode=0x7f289800b270
prefetcher_th: TID:6928: going to fetch from 0 for size 30890771 on file 79 total size=30890771,rasize = 1048576, stride = 0 bytes, ptr=0x7f28d800ec60, ino=24641945, inode=0x7f28d800e280
prefetcher_th: TID:6938: going to fetch from 0 for size 30890548 on file 80 total size=30890548,rasize = 1048576, stride = 0 bytes, ptr=0x7f28a000ba70, ino=24641946, inode=0x7f28a000b060
prefetcher_th: TID:6931: going to fetch from 0 for size 30890619 on file 81 total size=30890619,rasize = 1048576, stride = 0 bytes, ptr=0x7f28d400efd0, ino=24641947, inode=0x7f28d400b2c0
prefetcher_th: TID:6923: going to fetch from 0 for size 30890644 on file 82 total size=30890644,rasize = 1048576, stride = 0 bytes, ptr=0x563a066a89c0, ino=24641948, inode=0x563a066a7fe0
prefetcher_th: TID:6940: going to fetch from 0 for size 30890601 on file 83 total size=30890601,rasize = 1048576, stride = 0 bytes, ptr=0x7f289000ef50, ino=24641949, inode=0x7f289000b1d0
prefetcher_th: TID:6935: going to fetch from 0 for size 30890444 on file 84 total size=30890444,rasize = 1048576, stride = 0 bytes, ptr=0x7f28b000ef50, ino=24641950, inode=0x7f28b000b1d0
prefetcher_th: TID:6930: going to fetch from 0 for size 30890399 on file 85 total size=30890399,rasize = 1048576, stride = 0 bytes, ptr=0x7f28d000f050, ino=24641951, inode=0x7f28d000b2d0
prefetcher_th: TID:6932: going to fetch from 0 for size 30890479 on file 86 total size=30890479,rasize = 1048576, stride = 0 bytes, ptr=0x7f28c8012240, ino=24641952, inode=0x7f28c8011a50
prefetcher_th: TID:6927: going to fetch from 0 for size 30890409 on file 87 total size=30890409,rasize = 1048576, stride = 0 bytes, ptr=0x7f28e000f050, ino=24641953, inode=0x7f28e000b2d0
prefetcher_th: TID:6929: going to fetch from 0 for size 30890535 on file 88 total size=30890535,rasize = 1048576, stride = 0 bytes, ptr=0x7f28e40126a0, ino=24641954, inode=0x7f28e4011c20
prefetcher_th: TID:6937: going to fetch from 0 for size 30890564 on file 89 total size=30890564,rasize = 1048576, stride = 0 bytes, ptr=0x7f28c00122c0, ino=24641955, inode=0x7f28c000b2d0
prefetcher_th: TID:6936: going to fetch from 0 for size 30890587 on file 90 total size=30890587,rasize = 1048576, stride = 0 bytes, ptr=0x7f28cc0121a0, ino=24641956, inode=0x7f28cc0119b0
prefetcher_th: TID:6939: going to fetch from 0 for size 30890611 on file 91 total size=30890611,rasize = 1048576, stride = 0 bytes, ptr=0x7f28b800ef50, ino=24641958, inode=0x7f28b800b1d0
prefetcher_th: TID:6933: going to fetch from 0 for size 30890586 on file 92 total size=30890586,rasize = 1048576, stride = 0 bytes, ptr=0x7f28a8012320, ino=24641959, inode=0x7f28a800b330
prefetcher_th: TID:6934: going to fetch from 0 for size 30890181 on file 93 total size=30890181,rasize = 1048576, stride = 0 bytes, ptr=0x7f28980122a0, ino=24641960, inode=0x7f2898011ab0
prefetcher_th: TID:6928: going to fetch from 0 for size 30890251 on file 94 total size=30890251,rasize = 1048576, stride = 0 bytes, ptr=0x7f28d80120d0, ino=24641961, inode=0x7f28d800e3f0
prefetcher_th: TID:6931: going to fetch from 0 for size 30890351 on file 95 total size=30890351,rasize = 1048576, stride = 0 bytes, ptr=0x7f28d4012240, ino=24641963, inode=0x7f28d400e730
prefetcher_th: TID:6938: going to fetch from 0 for size 30890223 on file 96 total size=30890223,rasize = 1048576, stride = 0 bytes, ptr=0x7f28a000ef50, ino=24641962, inode=0x7f28a000b1d0
prefetcher_th: TID:6940: going to fetch from 0 for size 30890669 on file 97 total size=30890669,rasize = 1048576, stride = 0 bytes, ptr=0x7f28900122b0, ino=24641965, inode=0x7f2890011a50
prefetcher_th: TID:6930: going to fetch from 0 for size 30890369 on file 98 total size=30890369,rasize = 1048576, stride = 0 bytes, ptr=0x7f28d00123b0, ino=24641888, inode=0x7f28d0011b50
prefetcher_th: TID:6932: going to fetch from 0 for size 30890392 on file 99 total size=30890392,rasize = 1048576, stride = 0 bytes, ptr=0x7f28c8015540, ino=24641887, inode=0x7f28c800e5d0
prefetcher_th: TID:6927: going to fetch from 0 for size 30890402 on file 100 total size=30890402,rasize = 1048576, stride = 0 bytes, ptr=0x7f28e00123b0, ino=24641886, inode=0x7f28e0011b50
prefetcher_th: TID:6926: going to fetch from 0 for size 30890638 on file 101 total size=30890638,rasize = 1048576, stride = 0 bytes, ptr=0x7f28ec015810, ino=24641957, inode=0x7f28ec0156a0
prefetcher_th: TID:6929: going to fetch from 0 for size 30890361 on file 102 total size=30890361,rasize = 1048576, stride = 0 bytes, ptr=0x7f28e4031af0, ino=24641885, inode=0x7f28e4011d90
prefetcher_th: TID:6937: going to fetch from 0 for size 30890480 on file 103 total size=30890480,rasize = 1048576, stride = 0 bytes, ptr=0x7f28c0015660, ino=24641884, inode=0x7f28c00154f0
prefetcher_th: TID:6935: going to fetch from 0 for size 30890506 on file 104 total size=30890506,rasize = 1048576, stride = 0 bytes, ptr=0x7f28b00122b0, ino=24641966, inode=0x7f28b0011a50
prefetcher_th: TID:6936: going to fetch from 0 for size 30890673 on file 105 total size=30890673,rasize = 1048576, stride = 0 bytes, ptr=0x7f28cc0154a0, ino=24641883, inode=0x7f28cc00e5d0
prefetcher_th: TID:6939: going to fetch from 0 for size 30890487 on file 106 total size=30890487,rasize = 1048576, stride = 0 bytes, ptr=0x7f28b80122b0, ino=24641882, inode=0x7f28b8011a50
prefetcher_th: TID:6933: going to fetch from 0 for size 30890567 on file 107 total size=30890567,rasize = 1048576, stride = 0 bytes, ptr=0x7f28a8015730, ino=24641881, inode=0x7f28a80155c0
prefetcher_th: TID:6934: going to fetch from 0 for size 30890515 on file 108 total size=30890515,rasize = 1048576, stride = 0 bytes, ptr=0x7f28980155a0, ino=24641880, inode=0x7f289800e6d0
prefetcher_th: TID:6923: going to fetch from 0 for size 30890374 on file 109 total size=30890374,rasize = 1048576, stride = 0 bytes, ptr=0x563a066abe30, ino=24641964, inode=0x563a066a8150
prefetcher_th: TID:6928: going to fetch from 0 for size 30890574 on file 110 total size=30890574,rasize = 1048576, stride = 0 bytes, ptr=0x7f28d8015410, ino=24641879, inode=0x7f28d8011790
prefetcher_th: TID:6931: going to fetch from 0 for size 30890521 on file 111 total size=30890521,rasize = 1048576, stride = 0 bytes, ptr=0x7f28d4015610, ino=24641878, inode=0x7f28d40154a0
prefetcher_th: TID:6938: going to fetch from 0 for size 30890428 on file 112 total size=30890428,rasize = 1048576, stride = 0 bytes, ptr=0x7f28a00122b0, ino=24641877, inode=0x7f28a0011a50
prefetcher_th: TID:6940: going to fetch from 0 for size 30890463 on file 113 total size=30890463,rasize = 1048576, stride = 0 bytes, ptr=0x7f28900155b0, ino=24641876, inode=0x7f289000e5d0
prefetcher_th: TID:6930: going to fetch from 0 for size 30890422 on file 114 total size=30890422,rasize = 1048576, stride = 0 bytes, ptr=0x7f28d00156b0, ino=24641875, inode=0x7f28d000e6d0
prefetcher_th: TID:6932: going to fetch from 0 for size 30890440 on file 115 total size=30890440,rasize = 1048576, stride = 0 bytes, ptr=0x7f28c8018930, ino=24641874, inode=0x7f28c80187c0
prefetcher_th: TID:6926: going to fetch from 0 for size 30890035 on file 116 total size=30890035,rasize = 1048576, stride = 0 bytes, ptr=0x7f28ec018bc0, ino=24641873, inode=0x7f28ec018a50
prefetcher_th: TID:6935: going to fetch from 0 for size 30890092 on file 117 total size=30890092,rasize = 1048576, stride = 0 bytes, ptr=0x7f28b00155b0, ino=24641871, inode=0x7f28b000e5d0
prefetcher_th: TID:6936: going to fetch from 0 for size 30890070 on file 118 total size=30890070,rasize = 1048576, stride = 0 bytes, ptr=0x7f28cc018890, ino=24641870, inode=0x7f28cc018720
prefetcher_th: TID:6927: going to fetch from 0 for size 30890195 on file 119 total size=30890195,rasize = 1048576, stride = 0 bytes, ptr=0x7f28e00156b0, ino=24641869, inode=0x7f28e000e6d0
prefetcher_th: TID:6939: going to fetch from 0 for size 30890463 on file 120 total size=30890463,rasize = 1048576, stride = 0 bytes, ptr=0x7f28b80155b0, ino=24641868, inode=0x7f28b800e5d0
prefetcher_th: TID:6933: going to fetch from 0 for size 30890431 on file 121 total size=30890431,rasize = 1048576, stride = 0 bytes, ptr=0x7f28a8018ae0, ino=24641867, inode=0x7f28a8018970
prefetcher_th: TID:6937: going to fetch from 0 for size 30890459 on file 122 total size=30890459,rasize = 1048576, stride = 0 bytes, ptr=0x7f28c0018a10, ino=24641866, inode=0x7f28c00188a0
prefetcher_th: TID:6923: going to fetch from 0 for size 30890516 on file 123 total size=30890516,rasize = 1048576, stride = 0 bytes, ptr=0x563a066af170, ino=24641865, inode=0x563a066ab4f0
prefetcher_th: TID:6929: going to fetch from 0 for size 30890016 on file 124 total size=30890016,rasize = 1048576, stride = 0 bytes, ptr=0x7f28e40349e0, ino=24641872, inode=0x7f28e4015170
prefetcher_th: TID:6928: going to fetch from 0 for size 30890560 on file 125 total size=30890560,rasize = 1048576, stride = 0 bytes, ptr=0x7f28d80187e0, ino=24641864, inode=0x7f28d8018670
prefetcher_th: TID:6938: going to fetch from 0 for size 30890608 on file 126 total size=30890608,rasize = 1048576, stride = 0 bytes, ptr=0x7f28a00155b0, ino=24641863, inode=0x7f28a000e5d0
prefetcher_th: TID:6940: going to fetch from 0 for size 30890367 on file 127 total size=30890367,rasize = 1048576, stride = 0 bytes, ptr=0x7f2890018960, ino=24641862, inode=0x7f28900187f0
prefetcher_th: TID:6934: going to fetch from 0 for size 30890418 on file 128 total size=30890418,rasize = 1048576, stride = 0 bytes, ptr=0x7f2898018990, ino=24641861, inode=0x7f2898018820
prefetcher_th: TID:6931: going to fetch from 0 for size 30890404 on file 129 total size=30890404,rasize = 1048576, stride = 0 bytes, ptr=0x7f28d4018960, ino=24641857, inode=0x7f28d40187f0
prefetcher_th: TID:6926: going to fetch from 0 for size 30890608 on file 130 total size=30890608,rasize = 1048576, stride = 0 bytes, ptr=0x7f28ec01beb0, ino=24641858, inode=0x7f28ec01bd40
prefetcher_th: TID:6930: going to fetch from 0 for size 30890517 on file 131 total size=30890517,rasize = 1048576, stride = 0 bytes, ptr=0x7f28d0018a60, ino=24641860, inode=0x7f28d00188f0
prefetcher_th: TID:6935: going to fetch from 0 for size 30890442 on file 132 total size=30890442,rasize = 1048576, stride = 0 bytes, ptr=0x7f28b0018960, ino=24641856, inode=0x7f28b00187f0
prefetcher_th: TID:6932: going to fetch from 0 for size 30890478 on file 133 total size=30890478,rasize = 1048576, stride = 0 bytes, ptr=0x7f28c801bc80, ino=24641859, inode=0x7f28c801bb10
prefetcher_th: TID:6936: going to fetch from 0 for size 30890510 on file 134 total size=30890510,rasize = 1048576, stride = 0 bytes, ptr=0x7f28cc01bbe0, ino=24641855, inode=0x7f28cc01ba70
prefetcher_th: TID:6939: going to fetch from 0 for size 30890420 on file 135 total size=30890420,rasize = 1048576, stride = 0 bytes, ptr=0x7f28b8018960, ino=24641854, inode=0x7f28b80187f0
prefetcher_th: TID:6933: going to fetch from 0 for size 30890335 on file 136 total size=30890335,rasize = 1048576, stride = 0 bytes, ptr=0x7f28a801bdd0, ino=24641853, inode=0x7f28a801bc60
prefetcher_th: TID:6937: going to fetch from 0 for size 30890330 on file 137 total size=30890330,rasize = 1048576, stride = 0 bytes, ptr=0x7f28c001bd40, ino=24641852, inode=0x7f28c001bbd0
prefetcher_th: TID:6929: going to fetch from 0 for size 30890379 on file 138 total size=30890379,rasize = 1048576, stride = 0 bytes, ptr=0x7f28e4037c80, ino=24641851, inode=0x7f28e4015f80
prefetcher_th: TID:6927: going to fetch from 0 for size 30890345 on file 139 total size=30890345,rasize = 1048576, stride = 0 bytes, ptr=0x7f28e0018a60, ino=24641850, inode=0x7f28e00188f0
prefetcher_th: TID:6928: going to fetch from 0 for size 30890338 on file 140 total size=30890338,rasize = 1048576, stride = 0 bytes, ptr=0x7f28d801bad0, ino=24641849, inode=0x7f28d801b960
prefetcher_th: TID:6938: going to fetch from 0 for size 30890363 on file 141 total size=30890363,rasize = 1048576, stride = 0 bytes, ptr=0x7f28a0018960, ino=24641848, inode=0x7f28a00187f0
prefetcher_th: TID:6940: going to fetch from 0 for size 30890377 on file 142 total size=30890377,rasize = 1048576, stride = 0 bytes, ptr=0x7f289001bc50, ino=24641847, inode=0x7f289001bae0
prefetcher_th: TID:6923: going to fetch from 0 for size 30890394 on file 143 total size=30890394,rasize = 1048576, stride = 0 bytes, ptr=0x563a066b2540, ino=24641846, inode=0x563a066b23d0
prefetcher_th: TID:6934: going to fetch from 0 for size 30890467 on file 144 total size=30890467,rasize = 1048576, stride = 0 bytes, ptr=0x7f289801bce0, ino=24641845, inode=0x7f289801bb70
prefetcher_th: TID:6932: going to fetch from 0 for size 30890476 on file 145 total size=30890476,rasize = 1048576, stride = 0 bytes, ptr=0x7f28c801efd0, ino=24641843, inode=0x7f28c801ee60
prefetcher_th: TID:6936: going to fetch from 0 for size 30890483 on file 146 total size=30890483,rasize = 1048576, stride = 0 bytes, ptr=0x7f28cc01ef30, ino=24641842, inode=0x7f28cc01edc0
prefetcher_th: TID:6939: going to fetch from 0 for size 30890440 on file 147 total size=30890440,rasize = 1048576, stride = 0 bytes, ptr=0x7f28b801bc50, ino=24641841, inode=0x7f28b801bae0
prefetcher_th: TID:6931: going to fetch from 0 for size 30890441 on file 148 total size=30890441,rasize = 1048576, stride = 0 bytes, ptr=0x7f28d401bc50, ino=24641840, inode=0x7f28d401bae0
prefetcher_th: TID:6933: going to fetch from 0 for size 30890405 on file 149 total size=30890405,rasize = 1048576, stride = 0 bytes, ptr=0x7f28a801f0c0, ino=24641839, inode=0x7f28a801ef50
prefetcher_th: TID:6926: going to fetch from 0 for size 30890514 on file 150 total size=30890514,rasize = 1048576, stride = 0 bytes, ptr=0x7f28ec01f1a0, ino=24641838, inode=0x7f28ec01f030
prefetcher_th: TID:6930: going to fetch from 0 for size 30890361 on file 151 total size=30890361,rasize = 1048576, stride = 0 bytes, ptr=0x7f28d001bd50, ino=24641844, inode=0x7f28d001bbe0
prefetcher_th: TID:6929: going to fetch from 0 for size 30890414 on file 152 total size=30890414,rasize = 1048576, stride = 0 bytes, ptr=0x7f28e403afd0, ino=24641836, inode=0x7f28e403ae60
prefetcher_th: TID:6935: going to fetch from 0 for size 30890427 on file 153 total size=30890427,rasize = 1048576, stride = 0 bytes, ptr=0x7f28b001bc50, ino=24641835, inode=0x7f28b001bae0
prefetcher_th: TID:6927: going to fetch from 0 for size 30890421 on file 154 total size=30890421,rasize = 1048576, stride = 0 bytes, ptr=0x7f28e001bd50, ino=24641834, inode=0x7f28e001bbe0
prefetcher_th: TID:6940: going to fetch from 0 for size 30890134 on file 155 total size=30890134,rasize = 1048576, stride = 0 bytes, ptr=0x7f289001ef40, ino=24641831, inode=0x7f289001edd0
prefetcher_th: TID:6923: going to fetch from 0 for size 30890276 on file 156 total size=30890276,rasize = 1048576, stride = 0 bytes, ptr=0x563a066b5830, ino=24641830, inode=0x563a066b56c0
prefetcher_th: TID:6934: going to fetch from 0 for size 30890251 on file 157 total size=30890251,rasize = 1048576, stride = 0 bytes, ptr=0x7f289801f030, ino=24641829, inode=0x7f289801eec0
prefetcher_th: TID:6928: going to fetch from 0 for size 30890314 on file 158 total size=30890314,rasize = 1048576, stride = 0 bytes, ptr=0x7f28d801edc0, ino=24641833, inode=0x7f28d801ec50
prefetcher_th: TID:6936: going to fetch from 0 for size 30890102 on file 159 total size=30890102,rasize = 1048576, stride = 0 bytes, ptr=0x7f28cc022280, ino=24641827, inode=0x7f28cc022110
prefetcher_th: TID:6937: going to fetch from 0 for size 30890583 on file 160 total size=30890583,rasize = 1048576, stride = 0 bytes, ptr=0x7f28c001f090, ino=24641837, inode=0x7f28c001ef20
prefetcher_th: TID:6938: going to fetch from 0 for size 30890199 on file 161 total size=30890199,rasize = 1048576, stride = 0 bytes, ptr=0x7f28a001bc50, ino=24641832, inode=0x7f28a001bae0
prefetcher_th: TID:6933: going to fetch from 0 for size 30890192 on file 162 total size=30890192,rasize = 1048576, stride = 0 bytes, ptr=0x7f28a8022410, ino=24641825, inode=0x7f28a80222a0
prefetcher_th: TID:6930: going to fetch from 0 for size 30890194 on file 163 total size=30890194,rasize = 1048576, stride = 0 bytes, ptr=0x7f28d001f040, ino=24641824, inode=0x7f28d001eed0
prefetcher_th: TID:6932: going to fetch from 0 for size 30890261 on file 164 total size=30890261,rasize = 1048576, stride = 0 bytes, ptr=0x7f28c8022320, ino=24641828, inode=0x7f28c80221b0
prefetcher_th: TID:6935: going to fetch from 0 for size 30890651 on file 165 total size=30890651,rasize = 1048576, stride = 0 bytes, ptr=0x7f28b001ef40, ino=24641822, inode=0x7f28b001edd0
prefetcher_th: TID:6927: going to fetch from 0 for size 30890533 on file 166 total size=30890533,rasize = 1048576, stride = 0 bytes, ptr=0x7f28e001f040, ino=24641821, inode=0x7f28e001eed0
prefetcher_th: TID:6940: going to fetch from 0 for size 30890667 on file 167 total size=30890667,rasize = 1048576, stride = 0 bytes, ptr=0x7f2890022290, ino=24641819, inode=0x7f2890022120
prefetcher_th: TID:6931: going to fetch from 0 for size 30890624 on file 168 total size=30890624,rasize = 1048576, stride = 0 bytes, ptr=0x7f28d401efa0, ino=24641820, inode=0x7f28d401ee30
prefetcher_th: TID:6934: going to fetch from 0 for size 30890677 on file 169 total size=30890677,rasize = 1048576, stride = 0 bytes, ptr=0x7f2898022380, ino=24641817, inode=0x7f2898022210
prefetcher_th: TID:6926: going to fetch from 0 for size 30890528 on file 170 total size=30890528,rasize = 1048576, stride = 0 bytes, ptr=0x7f28ec0224f0, ino=24641823, inode=0x7f28ec022380
prefetcher_th: TID:6928: going to fetch from 0 for size 30890507 on file 171 total size=30890507,rasize = 1048576, stride = 0 bytes, ptr=0x7f28d8022110, ino=24641816, inode=0x7f28d8021fa0
prefetcher_th: TID:6929: going to fetch from 0 for size 30890485 on file 172 total size=30890485,rasize = 1048576, stride = 0 bytes, ptr=0x7f28e403e320, ino=24641815, inode=0x7f28e403e1b0
prefetcher_th: TID:6939: going to fetch from 0 for size 30890030 on file 173 total size=30890030,rasize = 1048576, stride = 0 bytes, ptr=0x7f28b801ef40, ino=24641826, inode=0x7f28b801edd0
prefetcher_th: TID:6937: going to fetch from 0 for size 30890546 on file 174 total size=30890546,rasize = 1048576, stride = 0 bytes, ptr=0x7f28c0022440, ino=24641814, inode=0x7f28c00222d0
prefetcher_th: TID:6938: going to fetch from 0 for size 30890520 on file 175 total size=30890520,rasize = 1048576, stride = 0 bytes, ptr=0x7f28a001ef40, ino=24641813, inode=0x7f28a001edd0
prefetcher_th: TID:6933: going to fetch from 0 for size 30890390 on file 176 total size=30890390,rasize = 1048576, stride = 0 bytes, ptr=0x7f28a8025760, ino=24641812, inode=0x7f28a80255f0
prefetcher_th: TID:6932: going to fetch from 0 for size 30890361 on file 177 total size=30890361,rasize = 1048576, stride = 0 bytes, ptr=0x7f28c8025670, ino=24641810, inode=0x7f28c8025500
prefetcher_th: TID:6930: going to fetch from 0 for size 30890324 on file 178 total size=30890324,rasize = 1048576, stride = 0 bytes, ptr=0x7f28d0022390, ino=24641811, inode=0x7f28d0022220
prefetcher_th: TID:6935: going to fetch from 0 for size 30890344 on file 179 total size=30890344,rasize = 1048576, stride = 0 bytes, ptr=0x7f28b0022290, ino=24641809, inode=0x7f28b0022120
prefetcher_th: TID:6927: going to fetch from 0 for size 30890409 on file 180 total size=30890409,rasize = 1048576, stride = 0 bytes, ptr=0x7f28e0022390, ino=24641808, inode=0x7f28e0022220
prefetcher_th: TID:6923: going to fetch from 0 for size 30890668 on file 181 total size=30890668,rasize = 1048576, stride = 0 bytes, ptr=0x563a066b8b20, ino=24641818, inode=0x563a066b89b0
prefetcher_th: TID:6926: going to fetch from 0 for size 30890492 on file 182 total size=30890492,rasize = 1048576, stride = 0 bytes, ptr=0x7f28ec025820, ino=24641805, inode=0x7f28ec0256b0
prefetcher_th: TID:6929: going to fetch from 0 for size 30890673 on file 183 total size=30890673,rasize = 1048576, stride = 0 bytes, ptr=0x7f28e4041670, ino=24641803, inode=0x7f28e4041500
prefetcher_th: TID:6939: going to fetch from 0 for size 30890576 on file 184 total size=30890576,rasize = 1048576, stride = 0 bytes, ptr=0x7f28b8022290, ino=24641802, inode=0x7f28b8022120
prefetcher_th: TID:6936: going to fetch from 0 for size 30890515 on file 185 total size=30890515,rasize = 1048576, stride = 0 bytes, ptr=0x7f28cc0255d0, ino=24641807, inode=0x7f28cc025460
prefetcher_th: TID:6937: going to fetch from 0 for size 30890638 on file 186 total size=30890638,rasize = 1048576, stride = 0 bytes, ptr=0x7f28c0025730, ino=24641801, inode=0x7f28c00255c0
prefetcher_th: TID:6940: going to fetch from 0 for size 30890605 on file 187 total size=30890605,rasize = 1048576, stride = 0 bytes, ptr=0x7f28900255e0, ino=24641800, inode=0x7f2890025470
prefetcher_th: TID:6938: going to fetch from 0 for size 30890591 on file 188 total size=30890591,rasize = 1048576, stride = 0 bytes, ptr=0x7f28a0022290, ino=24641799, inode=0x7f28a0022120
prefetcher_th: TID:6931: going to fetch from 0 for size 30890406 on file 189 total size=30890406,rasize = 1048576, stride = 0 bytes, ptr=0x7f28d40222f0, ino=24641806, inode=0x7f28d4022180
prefetcher_th: TID:6934: going to fetch from 0 for size 30890010 on file 190 total size=30890010,rasize = 1048576, stride = 0 bytes, ptr=0x7f28980256d0, ino=24641797, inode=0x7f2898025560
prefetcher_th: TID:6930: going to fetch from 0 for size 30890184 on file 191 total size=30890184,rasize = 1048576, stride = 0 bytes, ptr=0x7f28d00256e0, ino=24641796, inode=0x7f28d0025570
prefetcher_th: TID:6935: going to fetch from 0 for size 30890037 on file 192 total size=30890037,rasize = 1048576, stride = 0 bytes, ptr=0x7f28b00255b0, ino=24641795, inode=0x7f28b0025440
prefetcher_th: TID:6928: going to fetch from 0 for size 30890612 on file 193 total size=30890612,rasize = 1048576, stride = 0 bytes, ptr=0x7f28d8025460, ino=24641804, inode=0x7f28d80252f0
prefetcher_th: TID:6927: going to fetch from 0 for size 30890037 on file 194 total size=30890037,rasize = 1048576, stride = 0 bytes, ptr=0x7f28e00256e0, ino=24641794, inode=0x7f28e0025570
prefetcher_th: TID:6933: going to fetch from 0 for size 30890336 on file 195 total size=30890336,rasize = 1048576, stride = 0 bytes, ptr=0x7f28a8028a90, ino=24641798, inode=0x7f28a8028920
prefetcher_th: TID:6932: going to fetch from 0 for size 30890221 on file 196 total size=30890221,rasize = 1048576, stride = 0 bytes, ptr=0x7f28c80289c0, ino=24641791, inode=0x7f28c8028850
prefetcher_th: TID:6936: going to fetch from 0 for size 30890183 on file 197 total size=30890183,rasize = 1048576, stride = 0 bytes, ptr=0x7f28cc028920, ino=24641790, inode=0x7f28cc0287b0
prefetcher_th: TID:6938: going to fetch from 0 for size 30890517 on file 198 total size=30890517,rasize = 1048576, stride = 0 bytes, ptr=0x7f28a00255e0, ino=24641786, inode=0x7f28a0025470
prefetcher_th: TID:6931: going to fetch from 0 for size 30890594 on file 199 total size=30890594,rasize = 1048576, stride = 0 bytes, ptr=0x7f28d4025640, ino=24641785, inode=0x7f28d40254d0
prefetcher_th: TID:6926: going to fetch from 0 for size 30890182 on file 200 total size=30890182,rasize = 1048576, stride = 0 bytes, ptr=0x7f28ec028b50, ino=24641792, inode=0x7f28ec0289e0
prefetcher_th: TID:6929: going to fetch from 0 for size 30890614 on file 201 total size=30890614,rasize = 1048576, stride = 0 bytes, ptr=0x7f28e40449c0, ino=24641784, inode=0x7f28e4044850
prefetcher_th: TID:6934: going to fetch from 0 for size 30890688 on file 202 total size=30890688,rasize = 1048576, stride = 0 bytes, ptr=0x7f2898028a20, ino=24641783, inode=0x7f28980288b0
prefetcher_th: TID:6930: going to fetch from 0 for size 30890465 on file 203 total size=30890465,rasize = 1048576, stride = 0 bytes, ptr=0x7f28d0028a30, ino=24641782, inode=0x7f28d00288c0
prefetcher_th: TID:6928: going to fetch from 0 for size 30890537 on file 204 total size=30890537,rasize = 1048576, stride = 0 bytes, ptr=0x7f28d8028790, ino=24641781, inode=0x7f28d8028620
prefetcher_th: TID:6933: going to fetch from 0 for size 30890457 on file 205 total size=30890457,rasize = 1048576, stride = 0 bytes, ptr=0x7f28a806aff0, ino=24641780, inode=0x7f28a806ae80
prefetcher_th: TID:6923: going to fetch from 0 for size 30890641 on file 206 total size=30890641,rasize = 1048576, stride = 0 bytes, ptr=0x563a066c2d90, ino=24641793, inode=0x563a066bbd00
prefetcher_th: TID:6936: going to fetch from 0 for size 30890502 on file 207 total size=30890502,rasize = 1048576, stride = 0 bytes, ptr=0x7f28cc06af30, ino=24641779, inode=0x7f28cc06adc0
prefetcher_th: TID:6932: going to fetch from 0 for size 30890516 on file 208 total size=30890516,rasize = 1048576, stride = 0 bytes, ptr=0x7f28c806af00, ino=24641778, inode=0x7f28c806ad90
prefetcher_th: TID:6938: going to fetch from 0 for size 30890150 on file 209 total size=30890150,rasize = 1048576, stride = 0 bytes, ptr=0x7f28a0028930, ino=24641777, inode=0x7f28a00287c0
prefetcher_th: TID:6931: going to fetch from 0 for size 30890320 on file 210 total size=30890320,rasize = 1048576, stride = 0 bytes, ptr=0x7f28d4028990, ino=24641776, inode=0x7f28d4028820
prefetcher_th: TID:6926: going to fetch from 0 for size 30890111 on file 211 total size=30890111,rasize = 1048576, stride = 0 bytes, ptr=0x7f28ec06af00, ino=24641775, inode=0x7f28ec06ad90
prefetcher_th: TID:6939: going to fetch from 0 for size 30890258 on file 212 total size=30890258,rasize = 1048576, stride = 0 bytes, ptr=0x7f28b80255e0, ino=24641789, inode=0x7f28b8025470
prefetcher_th: TID:6935: going to fetch from 0 for size 30890085 on file 213 total size=30890085,rasize = 1048576, stride = 0 bytes, ptr=0x7f28b0028900, ino=24641774, inode=0x7f28b0028790
prefetcher_th: TID:6929: going to fetch from 0 for size 30890257 on file 214 total size=30890257,rasize = 1048576, stride = 0 bytes, ptr=0x7f28e4047d10, ino=24641773, inode=0x7f28e4047ba0
prefetcher_th: TID:6934: going to fetch from 0 for size 30890023 on file 215 total size=30890023,rasize = 1048576, stride = 0 bytes, ptr=0x7f289806af50, ino=24641772, inode=0x7f289806ade0
prefetcher_th: TID:6927: going to fetch from 0 for size 30890141 on file 216 total size=30890141,rasize = 1048576, stride = 0 bytes, ptr=0x7f28e0028a30, ino=24641771, inode=0x7f28e00288c0
prefetcher_th: TID:6937: going to fetch from 0 for size 30890455 on file 217 total size=30890455,rasize = 1048576, stride = 0 bytes, ptr=0x7f28c0028a80, ino=24641788, inode=0x7f28c0028910
prefetcher_th: TID:6930: going to fetch from 0 for size 30890014 on file 218 total size=30890014,rasize = 1048576, stride = 0 bytes, ptr=0x7f28d006afa0, ino=24641770, inode=0x7f28d006ae30
prefetcher_th: TID:6928: going to fetch from 0 for size 30890104 on file 219 total size=30890104,rasize = 1048576, stride = 0 bytes, ptr=0x7f28d806afc0, ino=24641769, inode=0x7f28d806ae50
prefetcher_th: TID:6923: going to fetch from 0 for size 30890299 on file 220 total size=30890299,rasize = 1048576, stride = 0 bytes, ptr=0x563a066c5ae0, ino=24641768, inode=0x563a066bc300
prefetcher_th: TID:6936: going to fetch from 0 for size 30890381 on file 221 total size=30890381,rasize = 1048576, stride = 0 bytes, ptr=0x7f28cc06e240, ino=24641767, inode=0x7f28cc06e0d0
prefetcher_th: TID:6926: going to fetch from 0 for size 30890373 on file 222 total size=30890373,rasize = 1048576, stride = 0 bytes, ptr=0x7f28ec06e140, ino=24641764, inode=0x7f28ec06dfd0
prefetcher_th: TID:6932: going to fetch from 0 for size 30890308 on file 223 total size=30890308,rasize = 1048576, stride = 0 bytes, ptr=0x7f28c806e1b0, ino=24641766, inode=0x7f28c806e040
prefetcher_th: TID:6935: going to fetch from 0 for size 30886779 on file 224 total size=30886779,rasize = 1048576, stride = 0 bytes, ptr=0x7f28b006af80, ino=24641763, inode=0x7f28b006ae10
prefetcher_th: TID:6929: going to fetch from 0 for size 30890552 on file 225 total size=30890552,rasize = 1048576, stride = 0 bytes, ptr=0x7f28e404b0c0, ino=24641674, inode=0x7f28e404af50
prefetcher_th: TID:6938: going to fetch from 0 for size 30890303 on file 226 total size=30890303,rasize = 1048576, stride = 0 bytes, ptr=0x7f28a006af70, ino=24641765, inode=0x7f28a006ae00
prefetcher_th: TID:6933: going to fetch from 0 for size 30890666 on file 227 total size=30890666,rasize = 1048576, stride = 0 bytes, ptr=0x7f28a806e290, ino=24641673, inode=0x7f28a806e120
prefetcher_th: TID:6934: going to fetch from 0 for size 30890711 on file 228 total size=30890711,rasize = 1048576, stride = 0 bytes, ptr=0x7f289806e230, ino=24641672, inode=0x7f289806e0c0
prefetcher_th: TID:6928: going to fetch from 0 for size 30890586 on file 229 total size=30890586,rasize = 1048576, stride = 0 bytes, ptr=0x7f28d806e2f0, ino=24641669, inode=0x7f28d806e180
prefetcher_th: TID:6931: going to fetch from 0 for size 30890742 on file 230 total size=30890742,rasize = 1048576, stride = 0 bytes, ptr=0x7f28d406af20, ino=24641668, inode=0x7f28d406adb0
prefetcher_th: TID:6923: going to fetch from 0 for size 30890631 on file 231 total size=30890631,rasize = 1048576, stride = 0 bytes, ptr=0x563a066c8e30, ino=24641667, inode=0x563a066c8cc0
prefetcher_th: TID:6936: going to fetch from 0 for size 30890676 on file 232 total size=30890676,rasize = 1048576, stride = 0 bytes, ptr=0x7f28cc0715f0, ino=24641666, inode=0x7f28cc071480
prefetcher_th: TID:6939: going to fetch from 0 for size 30890601 on file 233 total size=30890601,rasize = 1048576, stride = 0 bytes, ptr=0x7f28b8028930, ino=24641665, inode=0x7f28b80287c0
prefetcher_th: TID:6940: going to fetch from 0 for size 30890601 on file 234 total size=30890601,rasize = 1048576, stride = 0 bytes, ptr=0x7f2890028900, ino=24641787, inode=0x7f2890028790
prefetcher_th: TID:6932: going to fetch from 0 for size 30890603 on file 235 total size=30890603,rasize = 1048576, stride = 0 bytes, ptr=0x7f28c8071560, ino=24641664, inode=0x7f28c80713f0
prefetcher_th: TID:6935: going to fetch from 0 for size 30890572 on file 236 total size=30890572,rasize = 1048576, stride = 0 bytes, ptr=0x7f28b006e2d0, ino=24641663, inode=0x7f28b006e160
prefetcher_th: TID:6930: going to fetch from 0 for size 30890522 on file 237 total size=30890522,rasize = 1048576, stride = 0 bytes, ptr=0x7f28d006e290, ino=24641670, inode=0x7f28d006e120
prefetcher_th: TID:6927: going to fetch from 0 for size 30890630 on file 238 total size=30890630,rasize = 1048576, stride = 0 bytes, ptr=0x7f28e006af80, ino=24641662, inode=0x7f28e006ae10
prefetcher_th: TID:6929: going to fetch from 0 for size 30890662 on file 239 total size=30890662,rasize = 1048576, stride = 0 bytes, ptr=0x7f28e404e410, ino=24641661, inode=0x7f28e404e2a0
prefetcher_th: TID:6938: going to fetch from 0 for size 30890578 on file 240 total size=30890578,rasize = 1048576, stride = 0 bytes, ptr=0x7f28a006e2a0, ino=24641660, inode=0x7f28a006e130
prefetcher_th: TID:6937: going to fetch from 0 for size 30890642 on file 241 total size=30890642,rasize = 1048576, stride = 0 bytes, ptr=0x7f28c006af70, ino=24641671, inode=0x7f28c006ae00
prefetcher_th: TID:6933: going to fetch from 0 for size 30890536 on file 242 total size=30890536,rasize = 1048576, stride = 0 bytes, ptr=0x7f28a80715c0, ino=24641659, inode=0x7f28a8071450
prefetcher_th: TID:6934: going to fetch from 0 for size 30890552 on file 243 total size=30890552,rasize = 1048576, stride = 0 bytes, ptr=0x7f2898071580, ino=24641658, inode=0x7f2898071410
prefetcher_th: TID:6931: going to fetch from 0 for size 30890648 on file 244 total size=30890648,rasize = 1048576, stride = 0 bytes, ptr=0x7f28d406e2d0, ino=24641657, inode=0x7f28d406e160
prefetcher_th: TID:6923: going to fetch from 0 for size 30890636 on file 245 total size=30890636,rasize = 1048576, stride = 0 bytes, ptr=0x563a066cc160, ino=24641656, inode=0x563a066cbff0
prefetcher_th: TID:6926: going to fetch from 0 for size 30890632 on file 246 total size=30890632,rasize = 1048576, stride = 0 bytes, ptr=0x7f28ec0713b0, ino=24641655, inode=0x7f28ec071240
prefetcher_th: TID:6936: going to fetch from 0 for size 30890542 on file 247 total size=30890542,rasize = 1048576, stride = 0 bytes, ptr=0x7f28cc074940, ino=24641654, inode=0x7f28cc0747d0
prefetcher_th: TID:6940: going to fetch from 0 for size 30890642 on file 248 total size=30890642,rasize = 1048576, stride = 0 bytes, ptr=0x7f289006afc0, ino=24641653, inode=0x7f289006ae50
prefetcher_th: TID:6939: going to fetch from 0 for size 30890682 on file 249 total size=30890682,rasize = 1048576, stride = 0 bytes, ptr=0x7f28b806afc0, ino=24641652, inode=0x7f28b806ae50
prefetcher_th: TID:6932: going to fetch from 0 for size 30890647 on file 250 total size=30890647,rasize = 1048576, stride = 0 bytes, ptr=0x7f28c80748b0, ino=24641651, inode=0x7f28c8074740
prefetcher_th: TID:6930: going to fetch from 0 for size 30890611 on file 251 total size=30890611,rasize = 1048576, stride = 0 bytes, ptr=0x7f28d00715c0, ino=24641650, inode=0x7f28d0071450
prefetcher_th: TID:6935: going to fetch from 0 for size 30890574 on file 252 total size=30890574,rasize = 1048576, stride = 0 bytes, ptr=0x7f28b0071620, ino=24641649, inode=0x7f28b00714b0
prefetcher_th: TID:6928: going to fetch from 0 for size 30890770 on file 253 total size=30890770,rasize = 1048576, stride = 0 bytes, ptr=0x7f28d8071620, ino=24641648, inode=0x7f28d80714b0
prefetcher_th: TID:6927: going to fetch from 0 for size 30890617 on file 254 total size=30890617,rasize = 1048576, stride = 0 bytes, ptr=0x7f28e006e290, ino=24641647, inode=0x7f28e006e120
prefetcher_th: TID:6929: going to fetch from 0 for size 30890606 on file 255 total size=30890606,rasize = 1048576, stride = 0 bytes, ptr=0x7f28e4051700, ino=24641646, inode=0x7f28e4051590
prefetcher_th: TID:6937: going to fetch from 0 for size 30890646 on file 256 total size=30890646,rasize = 1048576, stride = 0 bytes, ptr=0x7f28c006e210, ino=24641645, inode=0x7f28c006e0a0
prefetcher_th: TID:6933: going to fetch from 0 for size 30890590 on file 257 total size=30890590,rasize = 1048576, stride = 0 bytes, ptr=0x7f28a80748f0, ino=24641644, inode=0x7f28a8074780
prefetcher_th: TID:6934: going to fetch from 0 for size 30890617 on file 258 total size=30890617,rasize = 1048576, stride = 0 bytes, ptr=0x7f2898074930, ino=24641643, inode=0x7f28980747c0
prefetcher_th: TID:6931: going to fetch from 0 for size 30890668 on file 259 total size=30890668,rasize = 1048576, stride = 0 bytes, ptr=0x7f28d4071600, ino=24641642, inode=0x7f28d4071490
prefetcher_th: TID:6923: going to fetch from 0 for size 30890654 on file 260 total size=30890654,rasize = 1048576, stride = 0 bytes, ptr=0x563a066cf490, ino=24641641, inode=0x563a066cf320
prefetcher_th: TID:6926: going to fetch from 0 for size 30890601 on file 261 total size=30890601,rasize = 1048576, stride = 0 bytes, ptr=0x7f28ec0746e0, ino=24641640, inode=0x7f28ec074570
prefetcher_th: TID:6936: going to fetch from 0 for size 30890578 on file 262 total size=30890578,rasize = 1048576, stride = 0 bytes, ptr=0x7f28cc077c40, ino=24641639, inode=0x7f28cc077ad0
prefetcher_th: TID:6939: going to fetch from 0 for size 30890565 on file 263 total size=30890565,rasize = 1048576, stride = 0 bytes, ptr=0x7f28b806e310, ino=24641638, inode=0x7f28b806e1a0
prefetcher_th: TID:6932: going to fetch from 0 for size 30890558 on file 264 total size=30890558,rasize = 1048576, stride = 0 bytes, ptr=0x7f28c8077be0, ino=24641637, inode=0x7f28c8077a70
prefetcher_th: TID:6938: going to fetch from 0 for size 30890630 on file 265 total size=30890630,rasize = 1048576, stride = 0 bytes, ptr=0x7f28a00715a0, ino=24641636, inode=0x7f28a0071430
prefetcher_th: TID:6935: going to fetch from 0 for size 30890609 on file 266 total size=30890609,rasize = 1048576, stride = 0 bytes, ptr=0x7f28b0074950, ino=24641635, inode=0x7f28b00747e0
prefetcher_th: TID:6927: going to fetch from 0 for size 30890601 on file 267 total size=30890601,rasize = 1048576, stride = 0 bytes, ptr=0x7f28e0071600, ino=24641634, inode=0x7f28e0071490
prefetcher_th: TID:6929: going to fetch from 0 for size 30890659 on file 268 total size=30890659,rasize = 1048576, stride = 0 bytes, ptr=0x7f28e4054a30, ino=24641612, inode=0x7f28e40548c0
prefetcher_th: TID:6933: going to fetch from 0 for size 30890577 on file 269 total size=30890577,rasize = 1048576, stride = 0 bytes, ptr=0x7f28a8077c20, ino=24641611, inode=0x7f28a8077ab0
prefetcher_th: TID:6937: going to fetch from 0 for size 30890620 on file 270 total size=30890620,rasize = 1048576, stride = 0 bytes, ptr=0x7f28c0071540, ino=24641610, inode=0x7f28c00713d0
prefetcher_th: TID:6934: going to fetch from 0 for size 30890647 on file 271 total size=30890647,rasize = 1048576, stride = 0 bytes, ptr=0x7f2898077c60, ino=24641609, inode=0x7f2898077af0
prefetcher_th: TID:6940: going to fetch from 0 for size 30890557 on file 272 total size=30890557,rasize = 1048576, stride = 0 bytes, ptr=0x7f289006e2f0, ino=24641608, inode=0x7f289006e180
prefetcher_th: TID:6931: going to fetch from 0 for size 30890889 on file 273 total size=30890889,rasize = 1048576, stride = 0 bytes, ptr=0x7f28d4074a40, ino=24641607, inode=0x7f28d40748d0
prefetcher_th: TID:6926: going to fetch from 0 for size 30890583 on file 274 total size=30890583,rasize = 1048576, stride = 0 bytes, ptr=0x7f28ec077a10, ino=24641605, inode=0x7f28ec0778a0
prefetcher_th: TID:6930: going to fetch from 0 for size 30890671 on file 275 total size=30890671,rasize = 1048576, stride = 0 bytes, ptr=0x7f28d00748f0, ino=24641604, inode=0x7f28d0074780
prefetcher_th: TID:6928: going to fetch from 0 for size 30890568 on file 276 total size=30890568,rasize = 1048576, stride = 0 bytes, ptr=0x7f28d8074950, ino=24641633, inode=0x7f28d80747e0
prefetcher_th: TID:6936: going to fetch from 0 for size 30890625 on file 277 total size=30890625,rasize = 1048576, stride = 0 bytes, ptr=0x7f28cc07af70, ino=24641603, inode=0x7f28cc07ae00
prefetcher_th: TID:6923: going to fetch from 0 for size 30890577 on file 278 total size=30890577,rasize = 1048576, stride = 0 bytes, ptr=0x563a066d27c0, ino=24641606, inode=0x563a066d2650
prefetcher_th: TID:6938: going to fetch from 0 for size 30863660 on file 279 total size=30863660,rasize = 1048576, stride = 0 bytes, ptr=0x7f28a00749e0, ino=24641599, inode=0x7f28a0074870
prefetcher_th: TID:6939: going to fetch from 0 for size 30864366 on file 280 total size=30864366,rasize = 1048576, stride = 0 bytes, ptr=0x7f28b8071640, ino=24641596, inode=0x7f28b80714d0
prefetcher_th: TID:6935: going to fetch from 0 for size 30864444 on file 281 total size=30864444,rasize = 1048576, stride = 0 bytes, ptr=0x7f28b0077c80, ino=24641591, inode=0x7f28b0077b10
prefetcher_th: TID:6927: going to fetch from 0 for size 30864639 on file 282 total size=30864639,rasize = 1048576, stride = 0 bytes, ptr=0x7f28e0074930, ino=24641600, inode=0x7f28e00747c0
prefetcher_th: TID:6929: going to fetch from 0 for size 30864543 on file 283 total size=30864543,rasize = 1048576, stride = 0 bytes, ptr=0x7f28e4097520, ino=24641601, inode=0x7f28e4057bf0
prefetcher_th: TID:6937: going to fetch from 0 for size 30889745 on file 284 total size=30889745,rasize = 1048576, stride = 0 bytes, ptr=0x7f28c0074840, ino=24641602, inode=0x7f28c00746d0
prefetcher_th: TID:6931: going to fetch from 0 for size 30890614 on file 285 total size=30890614,rasize = 1048576, stride = 0 bytes, ptr=0x7f28d4077d70, ino=24641614, inode=0x7f28d4077c00
prefetcher_th: TID:6926: going to fetch from 0 for size 30890624 on file 286 total size=30890624,rasize = 1048576, stride = 0 bytes, ptr=0x7f28ec07ad10, ino=24641615, inode=0x7f28ec07aba0
prefetcher_th: TID:6932: going to fetch from 0 for size 30891071 on file 287 total size=30891071,rasize = 1048576, stride = 0 bytes, ptr=0x7f28c807af10, ino=24641616, inode=0x7f28c807ada0
prefetcher_th: TID:6923: going to fetch from 0 for size 30890548 on file 288 total size=30890548,rasize = 1048576, stride = 0 bytes, ptr=0x563a066d5af0, ino=24641618, inode=0x563a066d5980
prefetcher_th: TID:6928: going to fetch from 0 for size 30890622 on file 289 total size=30890622,rasize = 1048576, stride = 0 bytes, ptr=0x7f28d8077c80, ino=24641617, inode=0x7f28d8077b10
prefetcher_th: TID:6939: going to fetch from 0 for size 30890583 on file 290 total size=30890583,rasize = 1048576, stride = 0 bytes, ptr=0x7f28b8074970, ino=24641620, inode=0x7f28b8074800
prefetcher_th: TID:6934: going to fetch from 0 for size 30890566 on file 291 total size=30890566,rasize = 1048576, stride = 0 bytes, ptr=0x7f289807af90, ino=24641613, inode=0x7f289807ae20
prefetcher_th: TID:6935: going to fetch from 0 for size 30890618 on file 292 total size=30890618,rasize = 1048576, stride = 0 bytes, ptr=0x7f28b007b0c0, ino=24641621, inode=0x7f28b007af50
prefetcher_th: TID:6927: going to fetch from 0 for size 30890750 on file 293 total size=30890750,rasize = 1048576, stride = 0 bytes, ptr=0x7f28e0077c60, ino=24641622, inode=0x7f28e0077af0
prefetcher_th: TID:6940: going to fetch from 0 for size 30890604 on file 294 total size=30890604,rasize = 1048576, stride = 0 bytes, ptr=0x7f2890071730, ino=24641623, inode=0x7f28900715c0
prefetcher_th: TID:6929: going to fetch from 0 for size 30890591 on file 295 total size=30890591,rasize = 1048576, stride = 0 bytes, ptr=0x7f28e409a380, ino=24641624, inode=0x7f28e409a210
prefetcher_th: TID:6937: going to fetch from 0 for size 30890645 on file 296 total size=30890645,rasize = 1048576, stride = 0 bytes, ptr=0x7f28c0077b70, ino=24641625, inode=0x7f28c0077a00
prefetcher_th: TID:6931: going to fetch from 0 for size 30890592 on file 297 total size=30890592,rasize = 1048576, stride = 0 bytes, ptr=0x7f28d407b0a0, ino=24641626, inode=0x7f28d407af30
prefetcher_th: TID:6933: going to fetch from 0 for size 30890604 on file 298 total size=30890604,rasize = 1048576, stride = 0 bytes, ptr=0x7f28a807af50, ino=24641619, inode=0x7f28a807ade0
prefetcher_th: TID:6926: going to fetch from 0 for size 30890563 on file 299 total size=30890563,rasize = 1048576, stride = 0 bytes, ptr=0x7f28ec07e040, ino=24641628, inode=0x7f28ec07ded0
prefetcher_th: TID:6932: going to fetch from 0 for size 30890530 on file 300 total size=30890530,rasize = 1048576, stride = 0 bytes, ptr=0x7f28c807e240, ino=24641629, inode=0x7f28c807e0d0
prefetcher_th: TID:6923: going to fetch from 0 for size 30890626 on file 301 total size=30890626,rasize = 1048576, stride = 0 bytes, ptr=0x563a066d8e20, ino=24641631, inode=0x563a066d8cb0
prefetcher_th: TID:6928: going to fetch from 0 for size 30890587 on file 302 total size=30890587,rasize = 1048576, stride = 0 bytes, ptr=0x7f28d807afb0, ino=24641632, inode=0x7f28d807ae40
prefetcher_th: TID:6938: going to fetch from 0 for size 30890556 on file 303 total size=30890556,rasize = 1048576, stride = 0 bytes, ptr=0x7f28a0077d10, ino=24641675, inode=0x7f28a0077ba0
prefetcher_th: TID:6939: going to fetch from 0 for size 30890650 on file 304 total size=30890650,rasize = 1048576, stride = 0 bytes, ptr=0x7f28b8077ca0, ino=24641676, inode=0x7f28b8077b30
prefetcher_th: TID:6930: going to fetch from 0 for size 30890811 on file 305 total size=30890811,rasize = 1048576, stride = 0 bytes, ptr=0x7f28d0077c20, ino=24641627, inode=0x7f28d0077ab0
prefetcher_th: TID:6934: going to fetch from 0 for size 30890600 on file 306 total size=30890600,rasize = 1048576, stride = 0 bytes, ptr=0x7f289807e2c0, ino=24641677, inode=0x7f289807e150
prefetcher_th: TID:6935: going to fetch from 0 for size 30890467 on file 307 total size=30890467,rasize = 1048576, stride = 0 bytes, ptr=0x7f28b007e3f0, ino=24641678, inode=0x7f28b007e280
prefetcher_th: TID:6940: going to fetch from 0 for size 30890559 on file 308 total size=30890559,rasize = 1048576, stride = 0 bytes, ptr=0x7f2890074a60, ino=24641679, inode=0x7f28900748f0
prefetcher_th: TID:6929: going to fetch from 0 for size 30890602 on file 309 total size=30890602,rasize = 1048576, stride = 0 bytes, ptr=0x7f28e409d6a0, ino=24641680, inode=0x7f28e409d530
prefetcher_th: TID:6936: going to fetch from 0 for size 30890696 on file 310 total size=30890696,rasize = 1048576, stride = 0 bytes, ptr=0x7f28cc07e2a0, ino=24641630, inode=0x7f28cc07e130
prefetcher_th: TID:6937: going to fetch from 0 for size 30890617 on file 311 total size=30890617,rasize = 1048576, stride = 0 bytes, ptr=0x7f28c007aea0, ino=24641681, inode=0x7f28c007ad30
prefetcher_th: TID:6933: going to fetch from 0 for size 30890663 on file 312 total size=30890663,rasize = 1048576, stride = 0 bytes, ptr=0x7f28a807e280, ino=24641682, inode=0x7f28a807e110
prefetcher_th: TID:6926: going to fetch from 0 for size 30890529 on file 313 total size=30890529,rasize = 1048576, stride = 0 bytes, ptr=0x7f28ec081370, ino=24641683, inode=0x7f28ec081200
prefetcher_th: TID:6932: going to fetch from 0 for size 30890558 on file 314 total size=30890558,rasize = 1048576, stride = 0 bytes, ptr=0x7f28c8081570, ino=24641684, inode=0x7f28c8081400
prefetcher_th: TID:6928: going to fetch from 0 for size 30890556 on file 315 total size=30890556,rasize = 1048576, stride = 0 bytes, ptr=0x7f28d807e2e0, ino=24641685, inode=0x7f28d807e170
prefetcher_th: TID:6938: going to fetch from 0 for size 30890671 on file 316 total size=30890671,rasize = 1048576, stride = 0 bytes, ptr=0x7f28a007b040, ino=24641686, inode=0x7f28a007aed0
prefetcher_th: TID:6927: going to fetch from 0 for size 30890696 on file 317 total size=30890696,rasize = 1048576, stride = 0 bytes, ptr=0x7f28e007af90, ino=24641687, inode=0x7f28e007ae20
prefetcher_th: TID:6934: going to fetch from 0 for size 30890577 on file 318 total size=30890577,rasize = 1048576, stride = 0 bytes, ptr=0x7f28980815f0, ino=24641688, inode=0x7f2898081480
prefetcher_th: TID:6939: going to fetch from 0 for size 30890785 on file 319 total size=30890785,rasize = 1048576, stride = 0 bytes, ptr=0x7f28b807afa0, ino=24641689, inode=0x7f28b807ae30
prefetcher_th: TID:6935: going to fetch from 0 for size 30890553 on file 320 total size=30890553,rasize = 1048576, stride = 0 bytes, ptr=0x7f28b0081720, ino=24641690, inode=0x7f28b00815b0
prefetcher_th: TID:6940: going to fetch from 0 for size 30890627 on file 321 total size=30890627,rasize = 1048576, stride = 0 bytes, ptr=0x7f2890077d90, ino=24641691, inode=0x7f2890077c20
prefetcher_th: TID:6931: going to fetch from 0 for size 30890715 on file 322 total size=30890715,rasize = 1048576, stride = 0 bytes, ptr=0x7f28d407e3d0, ino=24641692, inode=0x7f28d407e260
prefetcher_th: TID:6936: going to fetch from 0 for size 30890567 on file 323 total size=30890567,rasize = 1048576, stride = 0 bytes, ptr=0x7f28cc0815d0, ino=24641693, inode=0x7f28cc081460
prefetcher_th: TID:6937: going to fetch from 0 for size 30890728 on file 324 total size=30890728,rasize = 1048576, stride = 0 bytes, ptr=0x7f28c007e1d0, ino=24641694, inode=0x7f28c007e060
prefetcher_th: TID:6923: going to fetch from 0 for size 30890659 on file 325 total size=30890659,rasize = 1048576, stride = 0 bytes, ptr=0x563a066dc150, ino=24641695, inode=0x563a066dbfe0
prefetcher_th: TID:6933: going to fetch from 0 for size 30890661 on file 326 total size=30890661,rasize = 1048576, stride = 0 bytes, ptr=0x7f28a80815b0, ino=24641696, inode=0x7f28a8081440
prefetcher_th: TID:6926: going to fetch from 0 for size 30890760 on file 327 total size=30890760,rasize = 1048576, stride = 0 bytes, ptr=0x7f28ec0846a0, ino=24641697, inode=0x7f28ec084530
prefetcher_th: TID:6932: going to fetch from 0 for size 30890545 on file 328 total size=30890545,rasize = 1048576, stride = 0 bytes, ptr=0x7f28c80848a0, ino=24641698, inode=0x7f28c8084730
prefetcher_th: TID:6928: going to fetch from 0 for size 30890521 on file 329 total size=30890521,rasize = 1048576, stride = 0 bytes, ptr=0x7f28d8081610, ino=24641699, inode=0x7f28d80814a0
prefetcher_th: TID:6938: going to fetch from 0 for size 30890585 on file 330 total size=30890585,rasize = 1048576, stride = 0 bytes, ptr=0x7f28a007e370, ino=24641700, inode=0x7f28a007e200
prefetcher_th: TID:6930: going to fetch from 0 for size 30890609 on file 331 total size=30890609,rasize = 1048576, stride = 0 bytes, ptr=0x7f28d007af50, ino=24641701, inode=0x7f28d007ade0
prefetcher_th: TID:6927: going to fetch from 0 for size 30890710 on file 332 total size=30890710,rasize = 1048576, stride = 0 bytes, ptr=0x7f28e007e2c0, ino=24641702, inode=0x7f28e007e150
prefetcher_th: TID:6935: going to fetch from 0 for size 30890529 on file 333 total size=30890529,rasize = 1048576, stride = 0 bytes, ptr=0x7f28b0084a50, ino=24641704, inode=0x7f28b00848e0
prefetcher_th: TID:6929: going to fetch from 0 for size 30890591 on file 334 total size=30890591,rasize = 1048576, stride = 0 bytes, ptr=0x7f28e40a09d0, ino=24641705, inode=0x7f28e40a0860
prefetcher_th: TID:6940: going to fetch from 0 for size 30890577 on file 335 total size=30890577,rasize = 1048576, stride = 0 bytes, ptr=0x7f289007b0c0, ino=24641706, inode=0x7f289007af50
prefetcher_th: TID:6931: going to fetch from 0 for size 30890754 on file 336 total size=30890754,rasize = 1048576, stride = 0 bytes, ptr=0x7f28d4081700, ino=24641707, inode=0x7f28d4081590
prefetcher_th: TID:6936: going to fetch from 0 for size 30890648 on file 337 total size=30890648,rasize = 1048576, stride = 0 bytes, ptr=0x7f28cc084900, ino=24641708, inode=0x7f28cc084790
prefetcher_th: TID:6937: going to fetch from 0 for size 30890792 on file 338 total size=30890792,rasize = 1048576, stride = 0 bytes, ptr=0x7f28c0081500, ino=24641709, inode=0x7f28c0081390
prefetcher_th: TID:6933: going to fetch from 0 for size 30890585 on file 339 total size=30890585,rasize = 1048576, stride = 0 bytes, ptr=0x7f28a80848e0, ino=24641710, inode=0x7f28a8084770
prefetcher_th: TID:6926: going to fetch from 0 for size 30890599 on file 340 total size=30890599,rasize = 1048576, stride = 0 bytes, ptr=0x7f28ec0879d0, ino=24641711, inode=0x7f28ec087860
prefetcher_th: TID:6932: going to fetch from 0 for size 30890762 on file 341 total size=30890762,rasize = 1048576, stride = 0 bytes, ptr=0x7f28c8087bd0, ino=24641712, inode=0x7f28c8087a60
prefetcher_th: TID:6928: going to fetch from 0 for size 30890592 on file 342 total size=30890592,rasize = 1048576, stride = 0 bytes, ptr=0x7f28d8084940, ino=24641713, inode=0x7f28d80847d0
prefetcher_th: TID:6934: going to fetch from 0 for size 30890556 on file 343 total size=30890556,rasize = 1048576, stride = 0 bytes, ptr=0x7f2898084920, ino=24641703, inode=0x7f28980847b0
prefetcher_th: TID:6939: going to fetch from 0 for size 30890578 on file 344 total size=30890578,rasize = 1048576, stride = 0 bytes, ptr=0x7f28b807e3e0, ino=24641715, inode=0x7f28b807e270
prefetcher_th: TID:6930: going to fetch from 0 for size 30890517 on file 345 total size=30890517,rasize = 1048576, stride = 0 bytes, ptr=0x7f28d007e280, ino=24641716, inode=0x7f28d007e110
prefetcher_th: TID:6927: going to fetch from 0 for size 30890667 on file 346 total size=30890667,rasize = 1048576, stride = 0 bytes, ptr=0x7f28e00815c0, ino=24641717, inode=0x7f28e0081450
prefetcher_th: TID:6935: going to fetch from 0 for size 30890602 on file 347 total size=30890602,rasize = 1048576, stride = 0 bytes, ptr=0x7f28b0087d80, ino=24641718, inode=0x7f28b0087c10
prefetcher_th: TID:6940: going to fetch from 0 for size 30890569 on file 348 total size=30890569,rasize = 1048576, stride = 0 bytes, ptr=0x7f289007e3f0, ino=24641720, inode=0x7f289007e280
prefetcher_th: TID:6938: going to fetch from 0 for size 30890709 on file 349 total size=30890709,rasize = 1048576, stride = 0 bytes, ptr=0x7f28a00816a0, ino=24641714, inode=0x7f28a0081530
prefetcher_th: TID:6931: going to fetch from 0 for size 30890582 on file 350 total size=30890582,rasize = 1048576, stride = 0 bytes, ptr=0x7f28d4084a30, ino=24641721, inode=0x7f28d40848c0
prefetcher_th: TID:6936: going to fetch from 0 for size 30890715 on file 351 total size=30890715,rasize = 1048576, stride = 0 bytes, ptr=0x7f28cc087c30, ino=24641722, inode=0x7f28cc087ac0
prefetcher_th: TID:6937: going to fetch from 0 for size 30890536 on file 352 total size=30890536,rasize = 1048576, stride = 0 bytes, ptr=0x7f28c0084830, ino=24641724, inode=0x7f28c00846c0
prefetcher_th: TID:6933: going to fetch from 0 for size 30890548 on file 353 total size=30890548,rasize = 1048576, stride = 0 bytes, ptr=0x7f28a8087c10, ino=24641725, inode=0x7f28a8087aa0
prefetcher_th: TID:6926: going to fetch from 0 for size 30890619 on file 354 total size=30890619,rasize = 1048576, stride = 0 bytes, ptr=0x7f28ec08ad00, ino=24641726, inode=0x7f28ec08ab90
prefetcher_th: TID:6929: going to fetch from 0 for size 30890558 on file 355 total size=30890558,rasize = 1048576, stride = 0 bytes, ptr=0x7f28e40a3d00, ino=24641719, inode=0x7f28e40a3b90
prefetcher_th: TID:6932: going to fetch from 0 for size 30890658 on file 356 total size=30890658,rasize = 1048576, stride = 0 bytes, ptr=0x7f28c808af00, ino=24641727, inode=0x7f28c808ad90
prefetcher_th: TID:6923: going to fetch from 0 for size 30890653 on file 357 total size=30890653,rasize = 1048576, stride = 0 bytes, ptr=0x563a066df480, ino=24641723, inode=0x563a066df310
prefetcher_th: TID:6928: going to fetch from 0 for size 30890665 on file 358 total size=30890665,rasize = 1048576, stride = 0 bytes, ptr=0x7f28d8087c70, ino=24641728, inode=0x7f28d8087b00
prefetcher_th: TID:6939: going to fetch from 0 for size 30890558 on file 359 total size=30890558,rasize = 1048576, stride = 0 bytes, ptr=0x7f28b8081710, ino=24641729, inode=0x7f28b80815a0
prefetcher_th: TID:6930: going to fetch from 0 for size 30890706 on file 360 total size=30890706,rasize = 1048576, stride = 0 bytes, ptr=0x7f28d00815b0, ino=24641730, inode=0x7f28d0081440
prefetcher_th: TID:6927: going to fetch from 0 for size 30890617 on file 361 total size=30890617,rasize = 1048576, stride = 0 bytes, ptr=0x7f28e00848f0, ino=24641731, inode=0x7f28e0084780
prefetcher_th: TID:6935: going to fetch from 0 for size 30890696 on file 362 total size=30890696,rasize = 1048576, stride = 0 bytes, ptr=0x7f28b008b0b0, ino=24641732, inode=0x7f28b008af40
prefetcher_th: TID:6938: going to fetch from 0 for size 30890683 on file 363 total size=30890683,rasize = 1048576, stride = 0 bytes, ptr=0x7f28a00849d0, ino=24641733, inode=0x7f28a0084860
prefetcher_th: TID:6940: going to fetch from 0 for size 30890562 on file 364 total size=30890562,rasize = 1048576, stride = 0 bytes, ptr=0x7f2890081720, ino=24641734, inode=0x7f28900815b0
prefetcher_th: TID:6931: going to fetch from 0 for size 30890728 on file 365 total size=30890728,rasize = 1048576, stride = 0 bytes, ptr=0x7f28d4087d60, ino=24641735, inode=0x7f28d4087bf0
prefetcher_th: TID:6936: going to fetch from 0 for size 30890591 on file 366 total size=30890591,rasize = 1048576, stride = 0 bytes, ptr=0x7f28cc08af60, ino=24641736, inode=0x7f28cc08adf0
prefetcher_th: TID:6937: going to fetch from 0 for size 30890648 on file 367 total size=30890648,rasize = 1048576, stride = 0 bytes, ptr=0x7f28c0087b60, ino=24641737, inode=0x7f28c00879f0
prefetcher_th: TID:6933: going to fetch from 0 for size 30890722 on file 368 total size=30890722,rasize = 1048576, stride = 0 bytes, ptr=0x7f28a808af40, ino=24641738, inode=0x7f28a808add0
prefetcher_th: TID:6934: going to fetch from 0 for size 30890592 on file 369 total size=30890592,rasize = 1048576, stride = 0 bytes, ptr=0x7f2898087c50, ino=24641739, inode=0x7f2898087ae0
prefetcher_th: TID:6926: going to fetch from 0 for size 30890566 on file 370 total size=30890566,rasize = 1048576, stride = 0 bytes, ptr=0x7f28ec08e030, ino=24641740, inode=0x7f28ec08dec0
prefetcher_th: TID:6923: going to fetch from 0 for size 30890653 on file 371 total size=30890653,rasize = 1048576, stride = 0 bytes, ptr=0x563a06738db0, ino=24641742, inode=0x563a066e2640
prefetcher_th: TID:6932: going to fetch from 0 for size 30890740 on file 372 total size=30890740,rasize = 1048576, stride = 0 bytes, ptr=0x7f28c808e230, ino=24641743, inode=0x7f28c808e0c0
prefetcher_th: TID:6928: going to fetch from 0 for size 30890575 on file 373 total size=30890575,rasize = 1048576, stride = 0 bytes, ptr=0x7f28d808afa0, ino=24641744, inode=0x7f28d808ae30
prefetcher_th: TID:6939: going to fetch from 0 for size 30890563 on file 374 total size=30890563,rasize = 1048576, stride = 0 bytes, ptr=0x7f28b8084a40, ino=24641745, inode=0x7f28b80848d0
prefetcher_th: TID:6930: going to fetch from 0 for size 30890556 on file 375 total size=30890556,rasize = 1048576, stride = 0 bytes, ptr=0x7f28d00848e0, ino=24641746, inode=0x7f28d0084770
prefetcher_th: TID:6927: going to fetch from 0 for size 30890586 on file 376 total size=30890586,rasize = 1048576, stride = 0 bytes, ptr=0x7f28e0087c20, ino=24641747, inode=0x7f28e0087ab0
prefetcher_th: TID:6929: going to fetch from 0 for size 30890599 on file 377 total size=30890599,rasize = 1048576, stride = 0 bytes, ptr=0x7f28e40a7030, ino=24641741, inode=0x7f28e40a6ec0
prefetcher_th: TID:6935: going to fetch from 0 for size 30890702 on file 378 total size=RocksDB:    version 7.6.0
Date:       Thu Sep 15 17:55:51 2022
CPU:        48 * AMD EPYC 7402P 24-Core Processor
CPUCache:   512 KB
... finished 100 ops                              ... finished 200 ops                              ... finished 300 ops                              ... finished 400 ops                              ... finished 500 ops                              ... finished 600 ops                              ... finished 700 ops                              ... finished 800 ops                              ... finished 900 ops                              ... finished 1000 ops                              ... finished 1500 ops                              ... finished 2000 ops                              ... finished 2500 ops                              ... finished 3000 ops                              ... finished 3500 ops                              ... finished 4000 ops                              ... finished 4500 ops                              ... finished 5000 ops                              ... finished 6000 ops                              ... finished 7000 ops                              ... finished 8000 ops                              ... finished 9000 ops                              ... finished 10000 ops                              ... finished 15000 ops                              ... finished 20000 ops                              ... finished 25000 ops                              ... finished 30000 ops                              ... finished 35000 ops                              ... finished 40000 ops                              ... finished 45000 ops                              ... finished 50000 ops                              ... finished 60000 ops                              ... finished 70000 ops                              ... finished 80000 ops                              ... finished 90000 ops                              ... finished 100000 ops                              ... finished 150000 ops                              ... finished 200000 ops                              ... finished 250000 ops                              ... finished 300000 ops                              ... finished 350000 ops                              ... finished 400000 ops                              ... finished 450000 ops                              ... finished 500000 ops                              ... finished 600000 ops                              ... finished 700000 ops                              ... finished 800000 ops                              ... finished 900000 ops                              ... finished 1000000 ops                              ... finished 1100000 ops                              ... finished 1200000 ops                              ... finished 1300000 ops                              ... finished 1400000 ops                              ... finished 1500000 ops                              ... finished 1600000 ops                              ... finished 1700000 ops                              ... finished 1800000 ops                              ... finished 1900000 ops                              ... finished 2000000 ops                              ... finished 2100000 ops                              ... finished 2200000 ops                              ... finished 2300000 ops                              ... finished 2400000 ops                              ... finished 2500000 ops                              ... finished 2600000 ops                              ... finished 2700000 ops                              ... finished 2800000 ops                              ... finished 2900000 ops                              ... finished 3000000 ops                              ... finished 3100000 ops                              ... finished 3200000 ops                              ... finished 3300000 ops                              ... finished 3400000 ops                              ... finished 3500000 ops                              ... finished 3600000 ops                              ... finished 3700000 ops                              ... finished 3800000 ops                              ... finished 3900000 ops                              ... finished 4000000 ops                              ... finished 4100000 ops                              ... finished 4200000 ops                              ... finished 4300000 ops                              ... finished 4400000 ops                              ... finished 4500000 ops                              ... finished 4600000 ops                              ... finished 4700000 ops                              ... finished 4800000 ops                              ... finished 4900000 ops                              ... finished 5000000 ops                              30890702,rasize = 1048576, stride = 0 bytes, ptr=0x7f28b008e3e0, ino=24641748, inode=0x7f28b008e270
prefetcher_th: TID:6940: going to fetch from 0 for size 30890591 on file 379 total size=30890591,rasize = 1048576, stride = 0 bytes, ptr=0x7f2890084a50, ino=24641749, inode=0x7f28900848e0
prefetcher_th: TID:6938: going to fetch from 0 for size 30890659 on file 380 total size=30890659,rasize = 1048576, stride = 0 bytes, ptr=0x7f28a0087d00, ino=24641750, inode=0x7f28a0087b90
prefetcher_th: TID:6931: going to fetch from 0 for size 30890529 on file 381 total size=30890529,rasize = 1048576, stride = 0 bytes, ptr=0x7f28d408b090, ino=24641751, inode=0x7f28d408af20
prefetcher_th: TID:6936: going to fetch from 0 for size 30890622 on file 382 total size=30890622,rasize = 1048576, stride = 0 bytes, ptr=0x7f28cc08e290, ino=24641752, inode=0x7f28cc08e120
prefetcher_th: TID:6937: going to fetch from 0 for size 30890729 on file 383 total size=30890729,rasize = 1048576, stride = 0 bytes, ptr=0x7f28c008ae90, ino=24641753, inode=0x7f28c008ad20
prefetcher_th: TID:6933: going to fetch from 0 for size 30890601 on file 384 total size=30890601,rasize = 1048576, stride = 0 bytes, ptr=0x7f28a808e270, ino=24641754, inode=0x7f28a808e100
prefetcher_th: TID:6934: going to fetch from 0 for size 30890678 on file 385 total size=30890678,rasize = 1048576, stride = 0 bytes, ptr=0x7f289808af80, ino=24641755, inode=0x7f289808ae10
prefetcher_th: TID:6926: going to fetch from 0 for size 30890540 on file 386 total size=30890540,rasize = 1048576, stride = 0 bytes, ptr=0x7f28ec0d0930, ino=24641756, inode=0x7f28ec0d07c0
prefetcher_th: TID:6932: going to fetch from 0 for size 30890584 on file 387 total size=30890584,rasize = 1048576, stride = 0 bytes, ptr=0x7f28c810fde0, ino=24641757, inode=0x7f28c810fc70
prefetcher_th: TID:6928: going to fetch from 0 for size 30880873 on file 388 total size=30880873,rasize = 1048576, stride = 0 bytes, ptr=0x7f28d808e2d0, ino=24641758, inode=0x7f28d808e160
prefetcher_th: TID:6939: going to fetch from 0 for size 30877554 on file 389 total size=30877554,rasize = 1048576, stride = 0 bytes, ptr=0x7f28b8087d70, ino=24641759, inode=0x7f28b8087c00
prefetcher_th: TID:6930: going to fetch from 0 for size 30877325 on file 390 total size=30877325,rasize = 1048576, stride = 0 bytes, ptr=0x7f28d0087c10, ino=24641760, inode=0x7f28d0087aa0
prefetcher_th: TID:6929: going to fetch from 0 for size 30877569 on file 391 total size=30877569,rasize = 1048576, stride = 0 bytes, ptr=0x7f28e40aa360, ino=24641761, inode=0x7f28e40aa1f0
prefetcher_th: TID:6927: going to fetch from 0 for size 30877622 on file 392 total size=30877622,rasize = 1048576, stride = 0 bytes, ptr=0x7f28e008af50, ino=24641762, inode=0x7f28e008ade0
Keys:       1000 bytes each (+ 0 bytes user-defined timestamp)
Values:     4096 bytes each (2048 bytes after compression)
Entries:    5000000
Prefix:    0 bytes
Keys per prefix:    0
RawSize:    24299.6 MB (estimated)
FileSize:   14534.0 MB (estimated)
Write rate: 0 bytes/second
Read rate: 0 ops/second
Compression: Snappy
Compression sampling rate: 0
Memtablerep: SkipListFactory
Perf Level: 1
------------------------------------------------
DB path: [/users/kannan11/ssd/prefetching/appbench/apps/rocksdb/DATA]
readreverse  :       3.676 micros/op 272027 ops/sec 18.380 seconds 5000000 operations; 1322.0 MB/s
DESTRUCTOR GETTING CALLED 
PRINT_GLOBAL_STATS in dest
PRINT_GLOBAL_LIB_STATS in dest
Total nr_ra = 11904
Total nr_bytes_ra = 12482248704
	Command being timed: "./db_bench --db=/users/kannan11/ssd/prefetching/appbench/apps/rocksdb/DATA --value_size=4096 --wal_dir=/users/kannan11/ssd/prefetching/appbench/apps/rocksdb/DATA/WAL_LOG --sync=0 --key_size=1000 --write_buffer_size=67108864 --num=5000000 --seed=1576170874 --benchmarks=readreverse --use_existing_db=1 --mmap_read=0 --threads=1"
	User time (seconds): 14.37
	System time (seconds): 5.23
	Percent of CPU this job got: 90%
	Elapsed (wall clock) time (h:mm:ss or m:ss): 0:21.76
	Average shared text size (kbytes): 0
	Average unshared data size (kbytes): 0
	Average stack size (kbytes): 0
	Average total size (kbytes): 0
	Maximum resident set size (kbytes): 131388
	Average resident set size (kbytes): 0
	Major (requiring I/O) page faults: 87
	Minor (reclaiming a frame) page faults: 31271
	Voluntary context switches: 3927
	Involuntary context switches: 42
	Swaps: 0
	File system inputs: 23211984
	File system outputs: 1832
	Socket messages sent: 0
	Socket messages received: 0
	Signals delivered: 0
	Page size (bytes): 4096
	Exit status: 0
DESTRUCTOR GETTING CALLED 
PRINT_GLOBAL_STATS in dest
PRINT_GLOBAL_LIB_STATS in dest
Total nr_ra = 0
Total nr_bytes_ra = 0
[101632.548226] write_proc_unbounded: Value of write = 0
[101632.548233] write_proc_2mb_limit: Value of write = 0
[101632.548238] write_proc_bitmap_shift: Value of write = 28
[101632.555027] write_proc_unbounded: Value of write = 0
[101632.555034] write_proc_2mb_limit: Value of write = 0
[101632.555038] write_proc_bitmap_shift: Value of write = 28
[101654.306492] write_proc_unbounded: Value of write = 0
[101654.306500] write_proc_2mb_limit: Value of write = 0
[101654.309627] write_proc_unbounded: Value of write = 0
[101654.309637] write_proc_2mb_limit: Value of write = 0
