[1;31mreadahead_info: failed TID:7452 
readahead_info: failed TID:7453 
readahead_info: failed TID:7454 
readahead_info: failed TID:7455 
readahead_info: failed TID:7452 
readahead_info: failed TID:7453 
readahead_info: failed TID:7455 
ERROR:    chifilenames.hpp(find_shards:249): Missing degree file: /users/kannan11/ssd/prefetching/dataset/com-friendster.ungraph.txt_degs.bin
[0m[1;31mERR: prefetcher_th: No bits are set - giving up
ERR:prefetcher_th, pg_diff==0
ERROR:    chifilenames.hpp(find_shards:250): You need to preprocess (sharder) your file again!
[0mINFO:     conversions.hpp(convert_if_notexists:768): Did not find preprocessed shards for /users/kannan11/ssd/prefetching/dataset/com-friendster.ungraph.txt
[0mINFO:     conversions.hpp(convert_if_notexists:769): (Edge-value size: 4)
[0mINFO:     conversions.hpp(convert_if_notexists:770): Will try create them now...
[0mPlease enter value for command-line argument [filetype]
  (Options are: edgelist, adjlist, binedgelist, metis)
INFO:     sharder.hpp(start_preprocessing:370): Starting preprocessing, shovel size: 174762666
[0mINFO:     conversions.hpp(convert_edgelist:221): Reading in edge list format!
[0m[1;33mDEBUG:    conversions.hpp(convert_edgelist:226): Read 10000000 lines, 130.769 MB
[0m[1;33mDEBUG:    conversions.hpp(convert_edgelist:226): Read 20000000 lines, 273.624 MB
[0m[1;33mDEBUG:    conversions.hpp(convert_edgelist:226): Read 30000000 lines, 419.701 MB
[0m[1;33mDEBUG:    conversions.hpp(convert_edgelist:226): Read 40000000 lines, 566.05 MB
[0m[1;33mERR:prefetcher_th, pg_diff==0
DEBUG:    conversions.hpp(convert_edgelist:226): Read 50000000 lines, 712.884 MB
[0m[1;33mDEBUG:    conversions.hpp(convert_edgelist:226): Read 60000000 lines, 860.199 MB
[0m[1;33mDEBUG:    conversions.hpp(convert_edgelist:226): Read 70000000 lines, 1007.91 MB
[0m[1;33mDEBUG:    conversions.hpp(convert_edgelist:226): Read 80000000 lines, 1156.05 MB
[0m[1;33mDEBUG:    conversions.hpp(convert_edgelist:226): Read 90000000 lines, 1304.49 MB
[0m[1;33mDEBUG:    conversions.hpp(convert_edgelist:226): Read 100000000 lines, 1453.26 MB
[0m[1;33mDEBUG:    conversions.hpp(convert_edgelist:226): Read 110000000 lines, 1602.32 MB
[0m[1;33mDEBUG:    conversions.hpp(convert_edgelist:226): Read 120000000 lines, 1751.6 MB
[0m[1;33mDEBUG:    conversions.hpp(convert_edgelist:226): Read 130000000 lines, 1901.1 MB
[0m[1;33mDEBUG:    conversions.hpp(convert_edgelist:226): Read 140000000 lines, 2050.84 MB
[0m[1;33mDEBUG:    conversions.hpp(convert_edgelist:226): Read 150000000 lines, 2200.8 MB
[0m[1;33mDEBUG:    conversions.hpp(convert_edgelist:226): Read 160000000 lines, 2350.97 MB
[0m[1;33mDEBUG:    conversions.hpp(convert_edgelist:226): Read 170000000 lines, 2501.28 MB
[0mINFO:     sharder.hpp(flush:191): Sorting shovel: /users/kannan11/ssd/prefetching/dataset/com-friendster.ungraph.txt4.0.shovel, max:124823338
[0m[1;33mDEBUG:    conversions.hpp(convert_edgelist:226): Read 180000000 lines, 2651.61 MB
[0m[1;33mDEBUG:    conversions.hpp(convert_edgelist:226): Read 190000000 lines, 2802.08 MB
[0m[1;33mDEBUG:    conversions.hpp(convert_edgelist:226): Read 200000000 lines, 2952.63 MB
[0mINFO:     sharder.hpp(flush:193): Sort done./users/kannan11/ssd/prefetching/dataset/com-friendster.ungraph.txt4.0.shovel
[0m[1;33mDEBUG:    conversions.hpp(convert_edgelist:226): Read 210000000 lines, 3103.3 MB
[0m[1;33mDEBUG:    conversions.hpp(convert_edgelist:226): Read 220000000 lines, 3254.11 MB
[0m[1;33mDEBUG:    conversions.hpp(convert_edgelist:226): Read 230000000 lines, 3405 MB
[0m[1;33mDEBUG:    conversions.hpp(convert_edgelist:226): Read 240000000 lines, 3556.01 MB
[0m[1;33mDEBUG:    conversions.hpp(convert_edgelist:226): Read 250000000 lines, 3707.26 MB
[0m[1;33mDEBUG:    conversions.hpp(convert_edgelist:226): Read 260000000 lines, 3858.75 MB
[0m[1;33mDEBUG:    conversions.hpp(convert_edgelist:226): Read 270000000 lines, 4010.44 MB
[0m[1;33mDEBUG:    conversions.hpp(convert_edgelist:226): Read 280000000 lines, 4162.3 MB
[0m[1;33mDEBUG:    conversions.hpp(convert_edgelist:226): Read 290000000 lines, 4314.36 MB
[0m[1;33mDEBUG:    conversions.hpp(convert_edgelist:226): Read 300000000 lines, 4466.64 MB
[0m[1;33mDEBUG:    conversions.hpp(convert_edgelist:226): Read 310000000 lines, 4619.12 MB
[0m[1;33mDEBUG:    conversions.hpp(convert_edgelist:226): Read 320000000 lines, 4772.23 MB
[0m[1;33mDEBUG:    conversions.hpp(convert_edgelist:226): Read 330000000 lines, 4934.64 MB
[0m[1;33mDEBUG:    conversions.hpp(convert_edgelist:226): Read 340000000 lines, 5097.07 MB
[0mINFO:     sharder.hpp(flush:191): Sorting shovel: /users/kannan11/ssd/prefetching/dataset/com-friendster.ungraph.txt4.1.shovel, max:124833693
[0m[1;33mDEBUG:    conversions.hpp(convert_edgelist:226): Read 350000000 lines, 5259.51 MB
[0m[1;33mDEBUG:    conversions.hpp(convert_edgelist:226): Read 360000000 lines, 5421.94 MB
[0m[1;33mDEBUG:    conversions.hpp(convert_edgelist:226): Read 370000000 lines, 5584.38 MB
[0mINFO:     sharder.hpp(flush:193): Sort done./users/kannan11/ssd/prefetching/dataset/com-friendster.ungraph.txt4.1.shovel
[0m[1;33mDEBUG:    conversions.hpp(convert_edgelist:226): Read 380000000 lines, 5746.82 MB
[0m[1;33mDEBUG:    conversions.hpp(convert_edgelist:226): Read 390000000 lines, 5909.27 MB
[0m[1;33mDEBUG:    conversions.hpp(convert_edgelist:226): Read 400000000 lines, 6071.72 MB
[0m[1;33mDEBUG:    conversions.hpp(convert_edgelist:226): Read 410000000 lines, 6234.17 MB
[0m[1;33mDEBUG:    conversions.hpp(convert_edgelist:226): Read 420000000 lines, 6396.62 MB
[0m[1;33mDEBUG:    conversions.hpp(convert_edgelist:226): Read 430000000 lines, 6559.07 MB
[0m[1;33mDEBUG:    conversions.hpp(convert_edgelist:226): Read 440000000 lines, 6721.5 MB
[0m[1;33mDEBUG:    conversions.hpp(convert_edgelist:226): Read 450000000 lines, 6883.92 MB
[0m[1;33mDEBUG:    conversions.hpp(convert_edgelist:226): Read 460000000 lines, 7046.39 MB
[0m[1;33mDEBUG:    conversions.hpp(convert_edgelist:226): Read 470000000 lines, 7208.83 MB
[0m[1;33mDEBUG:    conversions.hpp(convert_edgelist:226): Read 480000000 lines, 7371.25 MB
[0m[1;33mDEBUG:    conversions.hpp(convert_edgelist:226): Read 490000000 lines, 7533.64 MB
[0m[1;33mDEBUG:    conversions.hpp(convert_edgelist:226): Read 500000000 lines, 7696.07 MB
[0m[1;33mDEBUG:    conversions.hpp(convert_edgelist:226): Read 510000000 lines, 7858.51 MB
[0m[1;33mDEBUG:    conversions.hpp(convert_edgelist:226): Read 520000000 lines, 8020.96 MB
[0mINFO:     sharder.hpp(flush:191): Sorting shovel: /users/kannan11/ssd/prefetching/dataset/com-friendster.ungraph.txt4.2.shovel, max:124833780
[0m[1;33mDEBUG:    conversions.hpp(convert_edgelist:226): Read 530000000 lines, 8183.39 MB
[0m[1;33mDEBUG:    conversions.hpp(convert_edgelist:226): Read 540000000 lines, 8345.84 MB
[0mINFO:     sharder.hpp(flush:193): Sort done./users/kannan11/ssd/prefetching/dataset/com-friendster.ungraph.txt4.2.shovel
[0m[1;33mDEBUG:    conversions.hpp(convert_edgelist:226): Read 550000000 lines, 8508.29 MB
[0m[1;33mDEBUG:    conversions.hpp(convert_edgelist:226): Read 560000000 lines, 8670.73 MB
[0m[1;33mDEBUG:    conversions.hpp(convert_edgelist:226): Read 570000000 lines, 8833.17 MB
[0m[1;33mDEBUG:    conversions.hpp(convert_edgelist:226): Read 580000000 lines, 8995.61 MB
[0m[1;33mDEBUG:    conversions.hpp(convert_edgelist:226): Read 590000000 lines, 9158.05 MB
[0m[1;33mDEBUG:    conversions.hpp(convert_edgelist:226): Read 600000000 lines, 9320.51 MB
[0m[1;33mDEBUG:    conversions.hpp(convert_edgelist:226): Read 610000000 lines, 9482.99 MB
[0m[1;33mDEBUG:    conversions.hpp(convert_edgelist:226): Read 620000000 lines, 9645.51 MB
[0m[1;33mDEBUG:    conversions.hpp(convert_edgelist:226): Read 630000000 lines, 9808.04 MB
[0m[1;33mDEBUG:    conversions.hpp(convert_edgelist:226): Read 640000000 lines, 9970.57 MB
[0m[1;33mDEBUG:    conversions.hpp(convert_edgelist:226): Read 650000000 lines, 10133.1 MB
[0m[1;33mDEBUG:    conversions.hpp(convert_edgelist:226): Read 660000000 lines, 10295.7 MB
[0m[1;33mDEBUG:    conversions.hpp(convert_edgelist:226): Read 670000000 lines, 10458.2 MB
[0m[1;33mDEBUG:    conversions.hpp(convert_edgelist:226): Read 680000000 lines, 10620.8 MB
[0m[1;33mDEBUG:    conversions.hpp(convert_edgelist:226): Read 690000000 lines, 10783.4 MB
[0mINFO:     sharder.hpp(flush_shovel:407): Too many outstanding shoveling threads...
[0mINFO:     sharder.hpp(flush:191): Sorting shovel: /users/kannan11/ssd/prefetching/dataset/com-friendster.ungraph.txt4.3.shovel, max:124833780
[0m[1;33mDEBUG:    conversions.hpp(convert_edgelist:226): Read 700000000 lines, 10945.9 MB
[0m[1;33mDEBUG:    conversions.hpp(convert_edgelist:226): Read 710000000 lines, 11108.5 MB
[0m[1;33mDEBUG:    conversions.hpp(convert_edgelist:226): Read 720000000 lines, 11271.1 MB
[0mINFO:     sharder.hpp(flush:193): Sort done./users/kannan11/ssd/prefetching/dataset/com-friendster.ungraph.txt4.3.shovel
[0m[1;33mDEBUG:    conversions.hpp(convert_edgelist:226): Read 730000000 lines, 11433.8 MB
[0m[1;33mDEBUG:    conversions.hpp(convert_edgelist:226): Read 740000000 lines, 11596.4 MB
[0m[1;33mDEBUG:    conversions.hpp(convert_edgelist:226): Read 750000000 lines, 11759 MB
[0m[1;33mDEBUG:    conversions.hpp(convert_edgelist:226): Read 760000000 lines, 11921.7 MB
[0m[1;33mDEBUG:    conversions.hpp(convert_edgelist:226): Read 770000000 lines, 12084.3 MB
[0m[1;33mDEBUG:    conversions.hpp(convert_edgelist:226): Read 780000000 lines, 12247 MB
[0m[1;33mDEBUG:    conversions.hpp(convert_edgelist:226): Read 790000000 lines, 12409.6 MB
[0m[1;33mDEBUG:    conversions.hpp(convert_edgelist:226): Read 800000000 lines, 12572.3 MB
[0m[1;33mDEBUG:    conversions.hpp(convert_edgelist:226): Read 810000000 lines, 12735 MB
[0m[1;33mDEBUG:    conversions.hpp(convert_edgelist:226): Read 820000000 lines, 12897.6 MB
[0m[1;33mDEBUG:    conversions.hpp(convert_edgelist:226): Read 830000000 lines, 13060.3 MB
[0m[1;33mDEBUG:    conversions.hpp(convert_edgelist:226): Read 840000000 lines, 13223 MB
[0m[1;33mDEBUG:    conversions.hpp(convert_edgelist:226): Read 850000000 lines, 13385.7 MB
[0m[1;33mDEBUG:    conversions.hpp(convert_edgelist:226): Read 860000000 lines, 13548.4 MB
[0m[1;33mDEBUG:    conversions.hpp(convert_edgelist:226): Read 870000000 lines, 13711.1 MB
[0mINFO:     sharder.hpp(flush:191): Sorting shovel: /users/kannan11/ssd/prefetching/dataset/com-friendster.ungraph.txt4.4.shovel, max:124833780
[0m[1;33mDEBUG:    conversions.hpp(convert_edgelist:226): Read 880000000 lines, 13873.9 MB
[0m[1;33mDEBUG:    conversions.hpp(convert_edgelist:226): Read 890000000 lines, 14036.6 MB
[0mINFO:     sharder.hpp(flush:193): Sort done./users/kannan11/ssd/prefetching/dataset/com-friendster.ungraph.txt4.4.shovel
[0m[1;33mDEBUG:    conversions.hpp(convert_edgelist:226): Read 900000000 lines, 14199.4 MB
[0m[1;33mDEBUG:    conversions.hpp(convert_edgelist:226): Read 910000000 lines, 14362.1 MB
[0m[1;33mDEBUG:    conversions.hpp(convert_edgelist:226): Read 920000000 lines, 14524.9 MB
[0m[1;33mDEBUG:    conversions.hpp(convert_edgelist:226): Read 930000000 lines, 14687.7 MB
[0m[1;33mDEBUG:    conversions.hpp(convert_edgelist:226): Read 940000000 lines, 14850.5 MB
[0m[1;33mDEBUG:    conversions.hpp(convert_edgelist:226): Read 950000000 lines, 15013.3 MB
[0m[1;33mDEBUG:    conversions.hpp(convert_edgelist:226): Read 960000000 lines, 15176.2 MB
[0m[1;33mDEBUG:    conversions.hpp(convert_edgelist:226): Read 970000000 lines, 15339 MB
[0m[1;33mDEBUG:    conversions.hpp(convert_edgelist:226): Read 980000000 lines, 15501.9 MB
[0m[1;33mDEBUG:    conversions.hpp(convert_edgelist:226): Read 990000000 lines, 15664.8 MB
[0m[1;33mDEBUG:    conversions.hpp(convert_edgelist:226): Read 1000000000 lines, 15827.7 MB
[0m[1;33mDEBUG:    conversions.hpp(convert_edgelist:226): Read 1010000000 lines, 15990.6 MB
[0m[1;33mDEBUG:    conversions.hpp(convert_edgelist:226): Read 1020000000 lines, 16153.6 MB
[0m[1;33mDEBUG:    conversions.hpp(convert_edgelist:226): Read 1030000000 lines, 16316.6 MB
[0m[1;33mDEBUG:    conversions.hpp(convert_edgelist:226): Read 1040000000 lines, 16479.5 MB
[0mINFO:     sharder.hpp(flush:191): Sorting shovel: /users/kannan11/ssd/prefetching/dataset/com-friendster.ungraph.txt4.5.shovel, max:124833780
[0m[1;33mDEBUG:    conversions.hpp(convert_edgelist:226): Read 1050000000 lines, 16642.5 MB
[0m[1;33mDEBUG:    conversions.hpp(convert_edgelist:226): Read 1060000000 lines, 16805.6 MB
[0m[1;33mDEBUG:    conversions.hpp(convert_edgelist:226): Read 1070000000 lines, 16968.6 MB
[0mINFO:     sharder.hpp(flush:193): Sort done./users/kannan11/ssd/prefetching/dataset/com-friendster.ungraph.txt4.5.shovel
[0m[1;33mDEBUG:    conversions.hpp(convert_edgelist:226): Read 1080000000 lines, 17131.7 MB
[0m[1;33mDEBUG:    conversions.hpp(convert_edgelist:226): Read 1090000000 lines, 17294.7 MB
[0m[1;33mDEBUG:    conversions.hpp(convert_edgelist:226): Read 1100000000 lines, 17457.8 MB
[0m[1;33mDEBUG:    conversions.hpp(convert_edgelist:226): Read 1110000000 lines, 17620.9 MB
[0m[1;33mDEBUG:    conversions.hpp(convert_edgelist:226): Read 1120000000 lines, 17784 MB
[0m[1;33mDEBUG:    conversions.hpp(convert_edgelist:226): Read 1130000000 lines, 17947.1 MB
[0m[1;33mDEBUG:    conversions.hpp(convert_edgelist:226): Read 1140000000 lines, 18110.2 MB
[0m[1;33mDEBUG:    conversions.hpp(convert_edgelist:226): Read 1150000000 lines, 18273.3 MB
[0m[1;33mDEBUG:    conversions.hpp(convert_edgelist:226): Read 1160000000 lines, 18436.4 MB
[0m[1;33mDEBUG:    conversions.hpp(convert_edgelist:226): Read 1170000000 lines, 18599.6 MB
[0m[1;33mDEBUG:    conversions.hpp(convert_edgelist:226): Read 1180000000 lines, 18762.8 MB
[0m[1;33mDEBUG:    conversions.hpp(convert_edgelist:226): Read 1190000000 lines, 18926 MB
[0m[1;33mDEBUG:    conversions.hpp(convert_edgelist:226): Read 1200000000 lines, 19089.3 MB
[0m[1;33mDEBUG:    conversions.hpp(convert_edgelist:226): Read 1210000000 lines, 19252.6 MB
[0m[1;33mDEBUG:    conversions.hpp(convert_edgelist:226): Read 1220000000 lines, 19416 MB
[0mINFO:     sharder.hpp(flush_shovel:407): Too many outstanding shoveling threads...
[0mINFO:     sharder.hpp(flush:191): Sorting shovel: /users/kannan11/ssd/prefetching/dataset/com-friendster.ungraph.txt4.6.shovel, max:124833780
[0m[1;33mDEBUG:    conversions.hpp(convert_edgelist:226): Read 1230000000 lines, 19579.4 MB
[0m[1;33mDEBUG:    conversions.hpp(convert_edgelist:226): Read 1240000000 lines, 19742.8 MB
[0mINFO:     sharder.hpp(flush:193): Sort done./users/kannan11/ssd/prefetching/dataset/com-friendster.ungraph.txt4.6.shovel
[0m[1;33mDEBUG:    conversions.hpp(convert_edgelist:226): Read 1250000000 lines, 19906.2 MB
[0m[1;33mDEBUG:    conversions.hpp(convert_edgelist:226): Read 1260000000 lines, 20069.7 MB
[0m[1;33mDEBUG:    conversions.hpp(convert_edgelist:226): Read 1270000000 lines, 20233.1 MB
[0m[1;33mDEBUG:    conversions.hpp(convert_edgelist:226): Read 1280000000 lines, 20396.6 MB
[0m[1;33mDEBUG:    conversions.hpp(convert_edgelist:226): Read 1290000000 lines, 20560 MB
[0m[1;33mDEBUG:    conversions.hpp(convert_edgelist:226): Read 1300000000 lines, 20723.5 MB
[0m[1;33mDEBUG:    conversions.hpp(convert_edgelist:226): Read 1310000000 lines, 20886.9 MB
[0m[1;33mDEBUG:    conversions.hpp(convert_edgelist:226): Read 1320000000 lines, 21050.4 MB
[0m[1;33mDEBUG:    conversions.hpp(convert_edgelist:226): Read 1330000000 lines, 21214 MB
[0m[1;33mDEBUG:    conversions.hpp(convert_edgelist:226): Read 1340000000 lines, 21377.6 MB
[0m[1;33mDEBUG:    conversions.hpp(convert_edgelist:226): Read 1350000000 lines, 21541.2 MB
[0m[1;33mDEBUG:    conversions.hpp(convert_edgelist:226): Read 1360000000 lines, 21704.8 MB
[0m[1;33mDEBUG:    conversions.hpp(convert_edgelist:226): Read 1370000000 lines, 21868.4 MB
[0m[1;33mDEBUG:    conversions.hpp(convert_edgelist:226): Read 1380000000 lines, 22032 MB
[0m[1;33mDEBUG:    conversions.hpp(convert_edgelist:226): Read 1390000000 lines, 22195.7 MB
[0mINFO:     sharder.hpp(flush:191): Sorting shovel: /users/kannan11/ssd/prefetching/dataset/com-friendster.ungraph.txt4.7.shovel, max:124836179
[0m[1;33mDEBUG:    conversions.hpp(convert_edgelist:226): Read 1400000000 lines, 22359.5 MB
[0m[1;33mDEBUG:    conversions.hpp(convert_edgelist:226): Read 1410000000 lines, 22523.2 MB
[0m[1;33mDEBUG:    conversions.hpp(convert_edgelist:226): Read 1420000000 lines, 22687.1 MB
[0mINFO:     sharder.hpp(flush:193): Sort done./users/kannan11/ssd/prefetching/dataset/com-friendster.ungraph.txt4.7.shovel
[0m[1;33mDEBUG:    conversions.hpp(convert_edgelist:226): Read 1430000000 lines, 22851 MB
[0m[1;33mDEBUG:    conversions.hpp(convert_edgelist:226): Read 1440000000 lines, 23014.9 MB
[0m[1;33mDEBUG:    conversions.hpp(convert_edgelist:226): Read 1450000000 lines, 23178.9 MB
[0m[1;33mDEBUG:    conversions.hpp(convert_edgelist:226): Read 1460000000 lines, 23342.9 MB
[0m[1;33mDEBUG:    conversions.hpp(convert_edgelist:226): Read 1470000000 lines, 23506.8 MB
[0m[1;33mDEBUG:    conversions.hpp(convert_edgelist:226): Read 1480000000 lines, 23670.9 MB
[0m[1;33mDEBUG:    conversions.hpp(convert_edgelist:226): Read 1490000000 lines, 23835 MB
[0m[1;33mDEBUG:    conversions.hpp(convert_edgelist:226): Read 1500000000 lines, 23999.1 MB
[0m[1;33mDEBUG:    conversions.hpp(convert_edgelist:226): Read 1510000000 lines, 24163.2 MB
[0m[1;33mDEBUG:    conversions.hpp(convert_edgelist:226): Read 1520000000 lines, 24327.3 MB
[0m[1;33mDEBUG:    conversions.hpp(convert_edgelist:226): Read 1530000000 lines, 24491.4 MB
[0m[1;33mDEBUG:    conversions.hpp(convert_edgelist:226): Read 1540000000 lines, 24655.5 MB
[0m[1;33mDEBUG:    conversions.hpp(convert_edgelist:226): Read 1550000000 lines, 24819.7 MB
[0m[1;33mDEBUG:    conversions.hpp(convert_edgelist:226): Read 1560000000 lines, 24984 MB
[0m[1;33mDEBUG:    conversions.hpp(convert_edgelist:226): Read 1570000000 lines, 25148.4 MB
[0mINFO:     sharder.hpp(flush:191): Sorting shovel: /users/kannan11/ssd/prefetching/dataset/com-friendster.ungraph.txt4.8.shovel, max:124836179
[0m[1;33mDEBUG:    conversions.hpp(convert_edgelist:226): Read 1580000000 lines, 25312.8 MB
[0m[1;33mDEBUG:    conversions.hpp(convert_edgelist:226): Read 1590000000 lines, 25477.4 MB
[0mINFO:     sharder.hpp(flush:193): Sort done./users/kannan11/ssd/prefetching/dataset/com-friendster.ungraph.txt4.8.shovel
[0m[1;33mDEBUG:    conversions.hpp(convert_edgelist:226): Read 1600000000 lines, 25642.1 MB
[0m[1;33mDEBUG:    conversions.hpp(convert_edgelist:226): Read 1610000000 lines, 25807.1 MB
[0m[1;33mDEBUG:    conversions.hpp(convert_edgelist:226): Read 1620000000 lines, 25972 MB
[0m[1;33mDEBUG:    conversions.hpp(convert_edgelist:226): Read 1630000000 lines, 26136.9 MB
[0m[1;33mDEBUG:    conversions.hpp(convert_edgelist:226): Read 1640000000 lines, 26301.9 MB
[0m[1;33mDEBUG:    conversions.hpp(convert_edgelist:226): Read 1650000000 lines, 26467.1 MB
[0m[1;33mDEBUG:    conversions.hpp(convert_edgelist:226): Read 1660000000 lines, 26632.2 MB
[0m[1;33mDEBUG:    conversions.hpp(convert_edgelist:226): Read 1670000000 lines, 26797.5 MB
[0m[1;33mDEBUG:    conversions.hpp(convert_edgelist:226): Read 1680000000 lines, 26963.4 MB
[0m[1;33mDEBUG:    conversions.hpp(convert_edgelist:226): Read 1690000000 lines, 27129.3 MB
[0m[1;33mDEBUG:    conversions.hpp(convert_edgelist:226): Read 1700000000 lines, 27295.5 MB
[0m[1;33mDEBUG:    conversions.hpp(convert_edgelist:226): Read 1710000000 lines, 27462.1 MB
[0m[1;33mDEBUG:    conversions.hpp(convert_edgelist:226): Read 1720000000 lines, 27629.3 MB
[0m[1;33mDEBUG:    conversions.hpp(convert_edgelist:226): Read 1730000000 lines, 27797.1 MB
[0m[1;33mDEBUG:    conversions.hpp(convert_edgelist:226): Read 1740000000 lines, 27965.6 MB
[0mINFO:     sharder.hpp(flush_shovel:407): Too many outstanding shoveling threads...
[0mINFO:     sharder.hpp(flush:191): Sorting shovel: /users/kannan11/ssd/prefetching/dataset/com-friendster.ungraph.txt4.9.shovel, max:124836179
[0m[1;33mDEBUG:    conversions.hpp(convert_edgelist:226): Read 1750000000 lines, 28135.1 MB
[0m[1;33mDEBUG:    conversions.hpp(convert_edgelist:226): Read 1760000000 lines, 28308.2 MB
[0m[1;33mDEBUG:    conversions.hpp(convert_edgelist:226): Read 1770000000 lines, 28489.4 MB
[0mINFO:     sharder.hpp(flush:193): Sort done./users/kannan11/ssd/prefetching/dataset/com-friendster.ungraph.txt4.9.shovel
[0m[1;33mDEBUG:    conversions.hpp(convert_edgelist:226): Read 1780000000 lines, 28670.6 MB
[0m[1;33mDEBUG:    conversions.hpp(convert_edgelist:226): Read 1790000000 lines, 28851.8 MB
[0m[1;33mDEBUG:    conversions.hpp(convert_edgelist:226): Read 1800000000 lines, 29033 MB
[0mINFO:     sharder.hpp(flush:191): Sorting shovel: /users/kannan11/ssd/prefetching/dataset/com-friendster.ungraph.txt4.10.shovel, max:124836179
[0mINFO:     sharder.hpp(flush:193): Sort done./users/kannan11/ssd/prefetching/dataset/com-friendster.ungraph.txt4.10.shovel
[0mINFO:     sharder.hpp(flush_shovel:401): Waiting shoveling threads...
[0mINFO:     sharder.hpp(determine_number_of_shards:564): Determining number of shards automatically.
[0mINFO:     sharder.hpp(determine_number_of_shards:567): Assuming available memory is 8000 megabytes. 
[0mINFO:     sharder.hpp(determine_number_of_shards:568):  (This can be defined with configuration parameter 'membudget_mb')
[0mINFO:     sharder.hpp(determine_number_of_shards:573): Determining maximum shard size: 1000 MB.
[0mINFO:     sharder.hpp(determine_number_of_shards:586): Number of shards to be created: 8
[0mINFO:     sharder.hpp(write_shards:967): Edges per shard: 225758392 nshards=8 total: 1806067135
[0mINFO:     sharder.hpp(write_shards:973): Buffer size in merge phase: 381300372
[0mreadahead_info: failed TID:7455 
readahead_info: failed TID:7452 
readahead_info: failed TID:7455 
readahead_info: failed TID:7452 
readahead_info: failed TID:7453 
readahead_info: failed TID:7452 
readahead_info: failed TID:7453 
readahead_info: failed TID:7452 
readahead_info: failed TID:7453 
readahead_info: failed TID:7452 
ERR:prefetcher_th, pg_diff==0
readahead_info: failed TID:7453 
INFO:     sharder.hpp(finish_shard:625): Starting final processing for shard: 0
[0m[1;33mDEBUG:    sharder.hpp(finish_shard:636): Shovel size:2709102000 edges: 225758500
[0m[1;33mreadahead_info: failed TID:7454 
DEBUG:    sharder.hpp(finish_shard:702): 0 / 225758500
[0m[1;33mDEBUG:    sharder.hpp(finish_shard:702): 10000000 / 225758500
[0m[1;33mDEBUG:    sharder.hpp(finish_shard:702): 20000000 / 225758500
[0m[1;33mDEBUG:    sharder.hpp(finish_shard:702): 30000000 / 225758500
[0m[1;33mDEBUG:    sharder.hpp(finish_shard:702): 40000000 / 225758500
[0m[1;33mDEBUG:    sharder.hpp(finish_shard:702): 50000000 / 225758500
[0m[1;33mDEBUG:    sharder.hpp(finish_shard:702): 60000000 / 225758500
[0m[1;33mDEBUG:    sharder.hpp(finish_shard:702): 70000000 / 225758500
[0m[1;33mDEBUG:    sharder.hpp(finish_shard:702): 80000000 / 225758500
[0m[1;33mDEBUG:    sharder.hpp(finish_shard:702): 90000000 / 225758500
[0m[1;33mDEBUG:    sharder.hpp(finish_shard:702): 100000000 / 225758500
[0m[1;33mDEBUG:    sharder.hpp(finish_shard:702): 110000000 / 225758500
[0m[1;33mDEBUG:    sharder.hpp(finish_shard:702): 120000000 / 225758500
[0m[1;33mDEBUG:    sharder.hpp(finish_shard:702): 130000000 / 225758500
[0m[1;33mDEBUG:    sharder.hpp(finish_shard:702): 140000000 / 225758500
[0m[1;33mDEBUG:    sharder.hpp(finish_shard:702): 150000000 / 225758500
[0m[1;33mDEBUG:    sharder.hpp(finish_shard:702): 160000000 / 225758500
[0m[1;33mDEBUG:    sharder.hpp(finish_shard:702): 170000000 / 225758500
[0m[1;33mDEBUG:    sharder.hpp(finish_shard:702): 180000000 / 225758500
[0m[1;33mDEBUG:    sharder.hpp(finish_shard:702): 190000000 / 225758500
[0m[1;33mDEBUG:    sharder.hpp(finish_shard:702): 200000000 / 225758500
[0m[1;33mDEBUG:    sharder.hpp(finish_shard:702): 210000000 / 225758500
[0m[1;33mDEBUG:    sharder.hpp(finish_shard:702): 220000000 / 225758500
[0mINFO:     sharder.hpp(createnextshard:887): Remaining edges: 1580308635 remaining shards:7 edges per shard=225758392
[0mINFO:     sharder.hpp(createnextshard:890): Edges per shard: 225758376
[0mINFO:     sharder.hpp(finish_shard:625): Starting final processing for shard: 1
[0m[1;33mDEBUG:    sharder.hpp(finish_shard:636): Shovel size:2709101220 edges: 225758435
[0m[1;33mreadahead_info: failed TID:7452 
DEBUG:    sharder.hpp(finish_shard:702): 0 / 225758435
[0m[1;33mDEBUG:    sharder.hpp(finish_shard:702): 10000000 / 225758435
[0m[1;33mDEBUG:    sharder.hpp(finish_shard:702): 20000000 / 225758435
[0m[1;33mDEBUG:    sharder.hpp(finish_shard:702): 30000000 / 225758435
[0m[1;33mDEBUG:    sharder.hpp(finish_shard:702): 40000000 / 225758435
[0m[1;33mDEBUG:    sharder.hpp(finish_shard:702): 50000000 / 225758435
[0m[1;33mDEBUG:    sharder.hpp(finish_shard:702): 60000000 / 225758435
[0m[1;33mDEBUG:    sharder.hpp(finish_shard:702): 70000000 / 225758435
[0m[1;33mDEBUG:    sharder.hpp(finish_shard:702): 80000000 / 225758435
[0m[1;33mDEBUG:    sharder.hpp(finish_shard:702): 90000000 / 225758435
[0m[1;33mDEBUG:    sharder.hpp(finish_shard:702): 100000000 / 225758435
[0m[1;33mDEBUG:    sharder.hpp(finish_shard:702): 110000000 / 225758435
[0m[1;33mDEBUG:    sharder.hpp(finish_shard:702): 120000000 / 225758435
[0m[1;33mDEBUG:    sharder.hpp(finish_shard:702): 130000000 / 225758435
[0m[1;33mDEBUG:    sharder.hpp(finish_shard:702): 140000000 / 225758435
[0m[1;33mDEBUG:    sharder.hpp(finish_shard:702): 150000000 / 225758435
[0m[1;33mDEBUG:    sharder.hpp(finish_shard:702): 160000000 / 225758435
[0m[1;33mDEBUG:    sharder.hpp(finish_shard:702): 170000000 / 225758435
[0m[1;33mDEBUG:    sharder.hpp(finish_shard:702): 180000000 / 225758435
[0m[1;33mDEBUG:    sharder.hpp(finish_shard:702): 190000000 / 225758435
[0m[1;33mDEBUG:    sharder.hpp(finish_shard:702): 200000000 / 225758435
[0m[1;33mDEBUG:    sharder.hpp(finish_shard:702): 210000000 / 225758435
[0m[1;33mDEBUG:    sharder.hpp(finish_shard:702): 220000000 / 225758435
[0mINFO:     sharder.hpp(createnextshard:887): Remaining edges: 1354550200 remaining shards:6 edges per shard=225758376
[0mINFO:     sharder.hpp(createnextshard:890): Edges per shard: 225758366
[0mINFO:     sharder.hpp(finish_shard:625): Starting final processing for shard: 2
[0m[1;33mDEBUG:    sharder.hpp(finish_shard:636): Shovel size:2709101376 edges: 225758448
[0m[1;33mreadahead_info: failed TID:7455 
DEBUG:    sharder.hpp(finish_shard:702): 0 / 225758448
[0m[1;33mDEBUG:    sharder.hpp(finish_shard:702): 10000000 / 225758448
[0m[1;33mDEBUG:    sharder.hpp(finish_shard:702): 20000000 / 225758448
[0m[1;33mDEBUG:    sharder.hpp(finish_shard:702): 30000000 / 225758448
[0m[1;33mDEBUG:    sharder.hpp(finish_shard:702): 40000000 / 225758448
[0m[1;33mDEBUG:    sharder.hpp(finish_shard:702): 50000000 / 225758448
[0m[1;33mDEBUG:    sharder.hpp(finish_shard:702): 60000000 / 225758448
[0m[1;33mDEBUG:    sharder.hpp(finish_shard:702): 70000000 / 225758448
[0m[1;33mDEBUG:    sharder.hpp(finish_shard:702): 80000000 / 225758448
[0m[1;33mDEBUG:    sharder.hpp(finish_shard:702): 90000000 / 225758448
[0m[1;33mDEBUG:    sharder.hpp(finish_shard:702): 100000000 / 225758448
[0m[1;33mDEBUG:    sharder.hpp(finish_shard:702): 110000000 / 225758448
[0m[1;33mDEBUG:    sharder.hpp(finish_shard:702): 120000000 / 225758448
[0m[1;33mDEBUG:    sharder.hpp(finish_shard:702): 130000000 / 225758448
[0m[1;33mDEBUG:    sharder.hpp(finish_shard:702): 140000000 / 225758448
[0m[1;33mDEBUG:    sharder.hpp(finish_shard:702): 150000000 / 225758448
[0m[1;33mDEBUG:    sharder.hpp(finish_shard:702): 160000000 / 225758448
[0m[1;33mDEBUG:    sharder.hpp(finish_shard:702): 170000000 / 225758448
[0m[1;33mDEBUG:    sharder.hpp(finish_shard:702): 180000000 / 225758448
[0m[1;33mDEBUG:    sharder.hpp(finish_shard:702): 190000000 / 225758448
[0m[1;33mDEBUG:    sharder.hpp(finish_shard:702): 200000000 / 225758448
[0m[1;33mDEBUG:    sharder.hpp(finish_shard:702): 210000000 / 225758448
[0m[1;33mDEBUG:    sharder.hpp(finish_shard:702): 220000000 / 225758448
[0mINFO:     sharder.hpp(createnextshard:887): Remaining edges: 1128791752 remaining shards:5 edges per shard=225758366
[0mINFO:     sharder.hpp(createnextshard:890): Edges per shard: 225758350
[0mINFO:     sharder.hpp(finish_shard:625): Starting final processing for shard: 3
[0m[1;33mDEBUG:    sharder.hpp(finish_shard:636): Shovel size:2709100260 edges: 225758355
[0m[1;33mreadahead_info: failed TID:7453 
DEBUG:    sharder.hpp(finish_shard:702): 0 / 225758355
[0m[1;33mDEBUG:    sharder.hpp(finish_shard:702): 10000000 / 225758355
[0m[1;33mDEBUG:    sharder.hpp(finish_shard:702): 20000000 / 225758355
[0m[1;33mDEBUG:    sharder.hpp(finish_shard:702): 30000000 / 225758355
[0m[1;33mDEBUG:    sharder.hpp(finish_shard:702): 40000000 / 225758355
[0m[1;33mDEBUG:    sharder.hpp(finish_shard:702): 50000000 / 225758355
[0m[1;33mDEBUG:    sharder.hpp(finish_shard:702): 60000000 / 225758355
[0m[1;33mDEBUG:    sharder.hpp(finish_shard:702): 70000000 / 225758355
[0m[1;33mDEBUG:    sharder.hpp(finish_shard:702): 80000000 / 225758355
[0m[1;33mDEBUG:    sharder.hpp(finish_shard:702): 90000000 / 225758355
[0m[1;33mDEBUG:    sharder.hpp(finish_shard:702): 100000000 / 225758355
[0m[1;33mDEBUG:    sharder.hpp(finish_shard:702): 110000000 / 225758355
[0m[1;33mDEBUG:    sharder.hpp(finish_shard:702): 120000000 / 225758355
[0m[1;33mDEBUG:    sharder.hpp(finish_shard:702): 130000000 / 225758355
[0m[1;33mDEBUG:    sharder.hpp(finish_shard:702): 140000000 / 225758355
[0m[1;33mDEBUG:    sharder.hpp(finish_shard:702): 150000000 / 225758355
[0m[1;33mDEBUG:    sharder.hpp(finish_shard:702): 160000000 / 225758355
[0m[1;33mDEBUG:    sharder.hpp(finish_shard:702): 170000000 / 225758355
[0m[1;33mDEBUG:    sharder.hpp(finish_shard:702): 180000000 / 225758355
[0m[1;33mDEBUG:    sharder.hpp(finish_shard:702): 190000000 / 225758355
[0m[1;33mDEBUG:    sharder.hpp(finish_shard:702): 200000000 / 225758355
[0m[1;33mDEBUG:    sharder.hpp(finish_shard:702): 210000000 / 225758355
[0m[1;33mDEBUG:    sharder.hpp(finish_shard:702): 220000000 / 225758355
[0mINFO:     sharder.hpp(createnextshard:887): Remaining edges: 903033397 remaining shards:4 edges per shard=225758350
[0mINFO:     sharder.hpp(createnextshard:890): Edges per shard: 225758349
[0mINFO:     sharder.hpp(finish_shard:625): Starting final processing for shard: 4
[0m[1;33mDEBUG:    sharder.hpp(finish_shard:636): Shovel size:2709100860 edges: 225758405
[0m[1;33mreadahead_info: failed TID:7454 
DEBUG:    sharder.hpp(finish_shard:702): 0 / 225758405
[0m[1;33mDEBUG:    sharder.hpp(finish_shard:702): 10000000 / 225758405
[0m[1;33mDEBUG:    sharder.hpp(finish_shard:702): 20000000 / 225758405
[0m[1;33mDEBUG:    sharder.hpp(finish_shard:702): 30000000 / 225758405
[0m[1;33mDEBUG:    sharder.hpp(finish_shard:702): 40000000 / 225758405
[0m[1;33mDEBUG:    sharder.hpp(finish_shard:702): 50000000 / 225758405
[0m[1;33mDEBUG:    sharder.hpp(finish_shard:702): 60000000 / 225758405
[0m[1;33mDEBUG:    sharder.hpp(finish_shard:702): 70000000 / 225758405
[0m[1;33mDEBUG:    sharder.hpp(finish_shard:702): 80000000 / 225758405
[0m[1;33mDEBUG:    sharder.hpp(finish_shard:702): 90000000 / 225758405
[0m[1;33mDEBUG:    sharder.hpp(finish_shard:702): 100000000 / 225758405
[0m[1;33mDEBUG:    sharder.hpp(finish_shard:702): 110000000 / 225758405
[0m[1;33mDEBUG:    sharder.hpp(finish_shard:702): 120000000 / 225758405
[0m[1;33mDEBUG:    sharder.hpp(finish_shard:702): 130000000 / 225758405
[0m[1;33mDEBUG:    sharder.hpp(finish_shard:702): 140000000 / 225758405
[0m[1;33mDEBUG:    sharder.hpp(finish_shard:702): 150000000 / 225758405
[0m[1;33mDEBUG:    sharder.hpp(finish_shard:702): 160000000 / 225758405
[0m[1;33mDEBUG:    sharder.hpp(finish_shard:702): 170000000 / 225758405
[0m[1;33mDEBUG:    sharder.hpp(finish_shard:702): 180000000 / 225758405
[0m[1;33mDEBUG:    sharder.hpp(finish_shard:702): 190000000 / 225758405
[0m[1;33mDEBUG:    sharder.hpp(finish_shard:702): 200000000 / 225758405
[0m[1;33mDEBUG:    sharder.hpp(finish_shard:702): 210000000 / 225758405
[0m[1;33mDEBUG:    sharder.hpp(finish_shard:702): 220000000 / 225758405
[0mINFO:     sharder.hpp(createnextshard:887): Remaining edges: 677274992 remaining shards:3 edges per shard=225758349
[0mINFO:     sharder.hpp(createnextshard:890): Edges per shard: 225758330
[0mINFO:     sharder.hpp(finish_shard:625): Starting final processing for shard: 5
[0m[1;33mDEBUG:    sharder.hpp(finish_shard:636): Shovel size:2709100140 edges: 225758345
[0m[1;33mreadahead_info: failed TID:7452 
DEBUG:    sharder.hpp(finish_shard:702): 0 / 225758345
[0m[1;33mDEBUG:    sharder.hpp(finish_shard:702): 10000000 / 225758345
[0m[1;33mDEBUG:    sharder.hpp(finish_shard:702): 20000000 / 225758345
[0m[1;33mDEBUG:    sharder.hpp(finish_shard:702): 30000000 / 225758345
[0m[1;33mDEBUG:    sharder.hpp(finish_shard:702): 40000000 / 225758345
[0m[1;33mDEBUG:    sharder.hpp(finish_shard:702): 50000000 / 225758345
[0m[1;33mDEBUG:    sharder.hpp(finish_shard:702): 60000000 / 225758345
[0m[1;33mDEBUG:    sharder.hpp(finish_shard:702): 70000000 / 225758345
[0m[1;33mDEBUG:    sharder.hpp(finish_shard:702): 80000000 / 225758345
[0m[1;33mDEBUG:    sharder.hpp(finish_shard:702): 90000000 / 225758345
[0m[1;33mDEBUG:    sharder.hpp(finish_shard:702): 100000000 / 225758345
[0m[1;33mDEBUG:    sharder.hpp(finish_shard:702): 110000000 / 225758345
[0m[1;33mDEBUG:    sharder.hpp(finish_shard:702): 120000000 / 225758345
[0m[1;33mDEBUG:    sharder.hpp(finish_shard:702): 130000000 / 225758345
[0m[1;33mDEBUG:    sharder.hpp(finish_shard:702): 140000000 / 225758345
[0m[1;33mDEBUG:    sharder.hpp(finish_shard:702): 150000000 / 225758345
[0m[1;33mDEBUG:    sharder.hpp(finish_shard:702): 160000000 / 225758345
[0m[1;33mDEBUG:    sharder.hpp(finish_shard:702): 170000000 / 225758345
[0m[1;33mDEBUG:    sharder.hpp(finish_shard:702): 180000000 / 225758345
[0m[1;33mDEBUG:    sharder.hpp(finish_shard:702): 190000000 / 225758345
[0m[1;33mDEBUG:    sharder.hpp(finish_shard:702): 200000000 / 225758345
[0m[1;33mDEBUG:    sharder.hpp(finish_shard:702): 210000000 / 225758345
[0m[1;33mDEBUG:    sharder.hpp(finish_shard:702): 220000000 / 225758345
[0mINFO:     sharder.hpp(createnextshard:887): Remaining edges: 451516647 remaining shards:2 edges per shard=225758330
[0mINFO:     sharder.hpp(createnextshard:890): Edges per shard: 225758323
[0mINFO:     sharder.hpp(finish_shard:625): Starting final processing for shard: 6
[0m[1;33mDEBUG:    sharder.hpp(finish_shard:636): Shovel size:2709099972 edges: 225758331
[0m[1;33mreadahead_info: failed TID:7455 
DEBUG:    sharder.hpp(finish_shard:702): 0 / 225758331
[0m[1;33mDEBUG:    sharder.hpp(finish_shard:702): 10000000 / 225758331
[0m[1;33mDEBUG:    sharder.hpp(finish_shard:702): 20000000 / 225758331
[0m[1;33mDEBUG:    sharder.hpp(finish_shard:702): 30000000 / 225758331
[0m[1;33mDEBUG:    sharder.hpp(finish_shard:702): 40000000 / 225758331
[0m[1;33mDEBUG:    sharder.hpp(finish_shard:702): 50000000 / 225758331
[0m[1;33mDEBUG:    sharder.hpp(finish_shard:702): 60000000 / 225758331
[0m[1;33mDEBUG:    sharder.hpp(finish_shard:702): 70000000 / 225758331
[0m[1;33mDEBUG:    sharder.hpp(finish_shard:702): 80000000 / 225758331
[0m[1;33mDEBUG:    sharder.hpp(finish_shard:702): 90000000 / 225758331
[0m[1;33mDEBUG:    sharder.hpp(finish_shard:702): 100000000 / 225758331
[0m[1;33mDEBUG:    sharder.hpp(finish_shard:702): 110000000 / 225758331
[0m[1;33mDEBUG:    sharder.hpp(finish_shard:702): 120000000 / 225758331
[0m[1;33mDEBUG:    sharder.hpp(finish_shard:702): 130000000 / 225758331
[0m[1;33mDEBUG:    sharder.hpp(finish_shard:702): 140000000 / 225758331
[0m[1;33mDEBUG:    sharder.hpp(finish_shard:702): 150000000 / 225758331
[0m[1;33mDEBUG:    sharder.hpp(finish_shard:702): 160000000 / 225758331
[0m[1;33mDEBUG:    sharder.hpp(finish_shard:702): 170000000 / 225758331
[0m[1;33mDEBUG:    sharder.hpp(finish_shard:702): 180000000 / 225758331
[0m[1;33mDEBUG:    sharder.hpp(finish_shard:702): 190000000 / 225758331
[0m[1;33mDEBUG:    sharder.hpp(finish_shard:702): 200000000 / 225758331
[0m[1;33mDEBUG:    sharder.hpp(finish_shard:702): 210000000 / 225758331
[0m[1;33mDEBUG:    sharder.hpp(finish_shard:702): 220000000 / 225758331
[0mINFO:     sharder.hpp(createnextshard:887): Remaining edges: 225758316 remaining shards:1 edges per shard=225758323
[0mINFO:     sharder.hpp(createnextshard:890): Edges per shard: 225758316
[0mINFO:     sharder.hpp(finish_shard:625): Starting final processing for shard: 7
[0m[1;33mDEBUG:    sharder.hpp(finish_shard:636): Shovel size:2709099792 edges: 225758316
[0m[1;33mreadahead_info: failed TID:7453 
DEBUG:    sharder.hpp(finish_shard:702): 0 / 225758316
[0m[1;33mDEBUG:    sharder.hpp(finish_shard:702): 10000000 / 225758316
[0m[1;33mDEBUG:    sharder.hpp(finish_shard:702): 20000000 / 225758316
[0m[1;33mDEBUG:    sharder.hpp(finish_shard:702): 30000000 / 225758316
[0m[1;33mDEBUG:    sharder.hpp(finish_shard:702): 40000000 / 225758316
[0m[1;33mDEBUG:    sharder.hpp(finish_shard:702): 50000000 / 225758316
[0m[1;33mDEBUG:    sharder.hpp(finish_shard:702): 60000000 / 225758316
[0m[1;33mDEBUG:    sharder.hpp(finish_shard:702): 70000000 / 225758316
[0m[1;33mDEBUG:    sharder.hpp(finish_shard:702): 80000000 / 225758316
[0m[1;33mDEBUG:    sharder.hpp(finish_shard:702): 90000000 / 225758316
[0m[1;33mDEBUG:    sharder.hpp(finish_shard:702): 100000000 / 225758316
[0m[1;33mDEBUG:    sharder.hpp(finish_shard:702): 110000000 / 225758316
[0m[1;33mDEBUG:    sharder.hpp(finish_shard:702): 120000000 / 225758316
[0m[1;33mDEBUG:    sharder.hpp(finish_shard:702): 130000000 / 225758316
[0m[1;33mDEBUG:    sharder.hpp(finish_shard:702): 140000000 / 225758316
[0m[1;33mDEBUG:    sharder.hpp(finish_shard:702): 150000000 / 225758316
[0m[1;33mDEBUG:    sharder.hpp(finish_shard:702): 160000000 / 225758316
[0m[1;33mDEBUG:    sharder.hpp(finish_shard:702): 170000000 / 225758316
[0m[1;33mDEBUG:    sharder.hpp(finish_shard:702): 180000000 / 225758316
[0m[1;33mDEBUG:    sharder.hpp(finish_shard:702): 190000000 / 225758316
[0m[1;33mDEBUG:    sharder.hpp(finish_shard:702): 200000000 / 225758316
[0m[1;33mDEBUG:    sharder.hpp(finish_shard:702): 210000000 / 225758316
[0m[1;33mDEBUG:    sharder.hpp(finish_shard:702): 220000000 / 225758316
[0mINFO:     sharder.hpp(createnextshard:887): Remaining edges: 0 remaining shards:0 edges per shard=225758316
[0mINFO:     sharder.hpp(createnextshard:890): Edges per shard: 225758316
[0m
 === REPORT FOR sharder() ===
[Timings]
edata_flush:		4.13601s	 (count: 6896, min: 0.000281s, max: 0.00139, avg: 0.00059977s)
execute_sharding:		147.838 s
finish_shard.sort:		42.9416s	 (count: 8, min: 5.27198s, max: 5.67066, avg: 5.3677s)
preprocessing:		335.304 s
shard_final:		113.71s	 (count: 8, min: 12.6222s, max: 15.1065, avg: 14.2137s)
[Other]
app:	sharder
INFO:     sharder.hpp(done:903): Created 8 shards, for 1806067135 edgesSuccessfully finished sharding for /users/kannan11/ssd/prefetching/dataset/com-friendster.ungraph.txt
[0mINFO:     conversions.hpp(convert:652): Created 8 shards.
[0m[1;33mDEBUG:    stripedio.hpp(stripedio:271): Start io-manager with 24 threads.
[0mINFO:     graphchi_engine.hpp(graphchi_engine:154): Initializing graphchi_engine. This engine expects 4-byte edge data. 
[0mINFO:     chifilenames.hpp(load_vertex_intervals:400): shard: 0 - 17209751
[0mINFO:     chifilenames.hpp(load_vertex_intervals:400): shard: 17209752 - 32643034
[0mINFO:     chifilenames.hpp(load_vertex_intervals:400): shard: 32643035 - 44490062
[0mINFO:     chifilenames.hpp(load_vertex_intervals:400): shard: 44490063 - 56663196
[0mINFO:     chifilenames.hpp(load_vertex_intervals:400): shard: 56663197 - 69867700
[0mINFO:     chifilenames.hpp(load_vertex_intervals:400): shard: 69867701 - 85587528
[0mINFO:     chifilenames.hpp(load_vertex_intervals:400): shard: 85587529 - 101961017
[0mINFO:     chifilenames.hpp(load_vertex_intervals:400): shard: 101961018 - 124836179
[0mINFO:     pagerank.cpp(main:168): Running Pagerank by holding vertices in-memory mode!
[0mINFO:     graphchi_engine.hpp(run:744): GraphChi starting
[0mINFO:     graphchi_engine.hpp(run:745): Licensed under the Apache License 2.0
[0mINFO:     graphchi_engine.hpp(run:746): Copyright Aapo Kyrola et al., Carnegie Mellon University (2012)
[0mERR:prefetcher_th, pg_diff==0
ERR:prefetcher_th, pg_diff==0
ERR:prefetcher_th, pg_diff==0
ERR:prefetcher_th, pg_diff==0
ERR:prefetcher_th, pg_diff==0
ERR:prefetcher_th, pg_diff==0
ERR:prefetcher_th, pg_diff==0
ERR:prefetcher_th, pg_diff==0
ERR:prefetcher_th, pg_diff==0
ERR:prefetcher_th, pg_diff==0
ERR:prefetcher_th, pg_diff==0
ERR:prefetcher_th, pg_diff==0
ERR:prefetcher_th, pg_diff==0
ERR:prefetcher_th, pg_diff==0
ERR:prefetcher_th, pg_diff==0
ERR:prefetcher_th, pg_diff==0
ERR:prefetcher_th, pg_diff==0
ERR:prefetcher_th, pg_diff==0
ERR:prefetcher_th, pg_diff==0
ERR:prefetcher_th, pg_diff==0
ERR:prefetcher_th, pg_diff==0
ERR:prefetcher_th, pg_diff==0
ERR:prefetcher_th, pg_diff==0
ERR:prefetcher_th, pg_diff==0
ERR:prefetcher_th, pg_diff==0
ERR:prefetcher_th, pg_diff==0
ERR:prefetcher_th, pg_diff==0
ERR:prefetcher_th, pg_diff==0
ERR:prefetcher_th, pg_diff==0
ERR:prefetcher_th, pg_diff==0
ERR:prefetcher_th, pg_diff==0
ERR:prefetcher_th, pg_diff==0
ERR:prefetcher_th, pg_diff==0
ERR:prefetcher_th, pg_diff==0
ERR:prefetcher_th, pg_diff==0
ERR:prefetcher_th, pg_diff==0
ERR:prefetcher_th, pg_diff==0
ERR:prefetcher_th, pg_diff==0
ERR:prefetcher_th, pg_diff==0
ERR:prefetcher_th, pg_diff==0
ERR:prefetcher_th, pg_diff==0
ERR:prefetcher_th, pg_diff==0
ERR:prefetcher_th, pg_diff==0
ERR:prefetcher_th, pg_diff==0
ERR:prefetcher_th, pg_diff==0
ERR:prefetcher_th, pg_diff==0
ERR:prefetcher_th, pg_diff==0
ERR:prefetcher_th, pg_diff==0
ERR:prefetcher_th, pg_diff==0
ERR:prefetcher_th, pg_diff==0
ERR:prefetcher_th, pg_diff==0
ERR:prefetcher_th, pg_diff==0
ERR:prefetcher_th, pg_diff==0
ERR:prefetcher_th, pg_diff==0
ERR:prefetcher_th, pg_diff==0
ERR:prefetcher_th, pg_diff==0
ERR:prefetcher_th, pg_diff==0
ERR:prefetcher_th, pg_diff==0
ERR:prefetcher_th, pg_diff==0
ERR:prefetcher_th, pg_diff==0
ERR:prefetcher_th, pg_diff==0
ERR:prefetcher_th, pg_diff==0
ERR:prefetcher_th, pg_diff==0
ERR:prefetcher_th, pg_diff==0
ERR:prefetcher_th, pg_diff==0
ERR:prefetcher_th, pg_diff==0
ERR:prefetcher_th, pg_diff==0
ERR:prefetcher_th, pg_diff==0
ERR:prefetcher_th, pg_diff==0
ERR:prefetcher_th, pg_diff==0
ERR:prefetcher_th, pg_diff==0
ERR:prefetcher_th, pg_diff==0
ERR:prefetcher_th, pg_diff==0
ERR:prefetcher_th, pg_diff==0
ERR:prefetcher_th, pg_diff==0
readahead_info: failed TID:7453 
ERR:prefetcher_th, pg_diff==0
ERR:prefetcher_th, pg_diff==0
ERR:prefetcher_th, pg_diff==0
readahead_info: failed TID:7454 
INFO:     graphchi_engine.hpp(print_config:132): Engine configuration: 
[0mINFO:     graphchi_engine.hpp(print_config:133):  exec_threads = 64
[0mINFO:     graphchi_engine.hpp(print_config:134):  load_threads = 8
[0mINFO:     graphchi_engine.hpp(print_config:135):  membudget_mb = 8000
[0mINFO:     graphchi_engine.hpp(print_config:136):  blocksize = 1048576
[0mINFO:     graphchi_engine.hpp(print_config:137):  scheduler = 0
[0mINFO:     graphchi_engine.hpp(run:780): Start iteration: 0
[0mINFO:     graphchi_engine.hpp(run:859): 1.21191s: Starting: 0 -- 17209751
[0mINFO:     graphchi_engine.hpp(run:872): Iteration 0/0, subinterval: 0 - 17209751
[0m[1;33mDEBUG:    graphchi_engine.hpp(run:887): Allocation 17209752 vertices, sizeof:64 total:1101424128
[0mreadahead_info: failed TID:7452 
INFO:     graphchi_engine.hpp(run:896): Start updates
[0mINFO:     graphchi_engine.hpp(run:906): Finished updates
[0mINFO:     graphchi_engine.hpp(run:859): 4.39865s: Starting: 17209752 -- 32643034
[0mINFO:     graphchi_engine.hpp(run:872): Iteration 0/0, subinterval: 17209752 - 32643034
[0m[1;33mDEBUG:    graphchi_engine.hpp(run:887): Allocation 15433283 vertices, sizeof:64 total:987730112
[0mERR:prefetcher_th, pg_diff==0
ERR:prefetcher_th, pg_diff==0
ERR:prefetcher_th, pg_diff==0
ERR:prefetcher_th, pg_diff==0
ERR:prefetcher_th, pg_diff==0
ERR:prefetcher_th, pg_diff==0
ERR:prefetcher_th, pg_diff==0
ERR:prefetcher_th, pg_diff==0
ERR:prefetcher_th, pg_diff==0
ERR:prefetcher_th, pg_diff==0
ERR:prefetcher_th, pg_diff==0
ERR:prefetcher_th, pg_diff==0
ERR:prefetcher_th, pg_diff==0
ERR:prefetcher_th, pg_diff==0
ERR:prefetcher_th, pg_diff==0
ERR:prefetcher_th, pg_diff==0
ERR:prefetcher_th, pg_diff==0
ERR:prefetcher_th, pg_diff==0
ERR:prefetcher_th, pg_diff==0
ERR:prefetcher_th, pg_diff==0
ERR:prefetcher_th, pg_diff==0
ERR:prefetcher_th, pg_diff==0
ERR:prefetcher_th, pg_diff==0
ERR:prefetcher_th, pg_diff==0
ERR:prefetcher_th, pg_diff==0
ERR:prefetcher_th, pg_diff==0
INFO:     graphchi_engine.hpp(run:896): Start updates
[0mINFO:     graphchi_engine.hpp(run:906): Finished updates
[0mINFO:     graphchi_engine.hpp(run:859): 7.53159s: Starting: 32643035 -- 44490062
[0mINFO:     graphchi_engine.hpp(run:872): Iteration 0/0, subinterval: 32643035 - 44490062
[0m[1;33mDEBUG:    graphchi_engine.hpp(run:887): Allocation 11847028 vertices, sizeof:64 total:758209792
[0mreadahead_info: failed TID:7453 
INFO:     graphchi_engine.hpp(run:896): Start updates
[0mINFO:     graphchi_engine.hpp(run:906): Finished updates
[0mINFO:     graphchi_engine.hpp(run:859): 10.5788s: Starting: 44490063 -- 56663196
[0mINFO:     graphchi_engine.hpp(run:872): Iteration 0/0, subinterval: 44490063 - 56663196
[0m[1;33mDEBUG:    graphchi_engine.hpp(run:887): Allocation 12173134 vertices, sizeof:64 total:779080576
[0mERR:prefetcher_th, pg_diff==0
ERR:prefetcher_th, pg_diff==0
ERR:prefetcher_th, pg_diff==0
ERR:prefetcher_th, pg_diff==0
ERR:prefetcher_th, pg_diff==0
ERR:prefetcher_th, pg_diff==0
ERR:prefetcher_th, pg_diff==0
ERR:prefetcher_th, pg_diff==0
ERR:prefetcher_th, pg_diff==0
ERR:prefetcher_th, pg_diff==0
ERR:prefetcher_th, pg_diff==0
ERR:prefetcher_th, pg_diff==0
ERR:prefetcher_th, pg_diff==0
ERR:prefetcher_th, pg_diff==0
ERR:prefetcher_th, pg_diff==0
ERR:prefetcher_th, pg_diff==0
ERR:prefetcher_th, pg_diff==0
ERR:prefetcher_th, pg_diff==0
ERR:prefetcher_th, pg_diff==0
ERR:prefetcher_th, pg_diff==0
ERR:prefetcher_th, pg_diff==0
ERR:prefetcher_th, pg_diff==0
ERR:prefetcher_th, pg_diff==0
ERR:prefetcher_th, pg_diff==0
ERR:prefetcher_th, pg_diff==0
ERR:prefetcher_th, pg_diff==0
INFO:     graphchi_engine.hpp(run:896): Start updates
[0mINFO:     graphchi_engine.hpp(run:906): Finished updates
[0mINFO:     graphchi_engine.hpp(run:859): 13.6764s: Starting: 56663197 -- 69867700
[0mINFO:     graphchi_engine.hpp(run:872): Iteration 0/0, subinterval: 56663197 - 69867700
[0m[1;33mDEBUG:    graphchi_engine.hpp(run:887): Allocation 13204504 vertices, sizeof:64 total:845088256
[0mINFO:     graphchi_engine.hpp(run:896): Start updates
[0mINFO:     graphchi_engine.hpp(run:906): Finished updates
[0mINFO:     graphchi_engine.hpp(run:859): 16.1046s: Starting: 69867701 -- 85587528
[0mINFO:     graphchi_engine.hpp(run:872): Iteration 0/0, subinterval: 69867701 - 85587528
[0m[1;33mDEBUG:    graphchi_engine.hpp(run:887): Allocation 15719828 vertices, sizeof:64 total:1006068992
[0mERR:prefetcher_th, pg_diff==0
ERR:prefetcher_th, pg_diff==0
ERR:prefetcher_th, pg_diff==0
ERR:prefetcher_th, pg_diff==0
ERR:prefetcher_th, pg_diff==0
ERR:prefetcher_th, pg_diff==0
ERR:prefetcher_th, pg_diff==0
ERR:prefetcher_th, pg_diff==0
ERR:prefetcher_th, pg_diff==0
ERR:prefetcher_th, pg_diff==0
ERR:prefetcher_th, pg_diff==0
ERR:prefetcher_th, pg_diff==0
ERR:prefetcher_th, pg_diff==0
ERR:prefetcher_th, pg_diff==0
ERR:prefetcher_th, pg_diff==0
ERR:prefetcher_th, pg_diff==0
ERR:prefetcher_th, pg_diff==0
ERR:prefetcher_th, pg_diff==0
ERR:prefetcher_th, pg_diff==0
ERR:prefetcher_th, pg_diff==0
ERR:prefetcher_th, pg_diff==0
ERR:prefetcher_th, pg_diff==0
ERR:prefetcher_th, pg_diff==0
ERR:prefetcher_th, pg_diff==0
ERR:prefetcher_th, pg_diff==0
ERR:prefetcher_th, pg_diff==0
INFO:     graphchi_engine.hpp(run:896): Start updates
[0mINFO:     graphchi_engine.hpp(run:906): Finished updates
[0mINFO:     graphchi_engine.hpp(run:859): 18.6131s: Starting: 85587529 -- 101961017
[0mINFO:     graphchi_engine.hpp(run:872): Iteration 0/0, subinterval: 85587529 - 101961017
[0m[1;33mDEBUG:    graphchi_engine.hpp(run:887): Allocation 16373489 vertices, sizeof:64 total:1047903296
[0mreadahead_info: failed TID:7452 
INFO:     graphchi_engine.hpp(run:896): Start updates
[0mINFO:     graphchi_engine.hpp(run:906): Finished updates
[0mINFO:     graphchi_engine.hpp(run:859): 21.2662s: Starting: 101961018 -- 124836179
[0mINFO:     graphchi_engine.hpp(run:872): Iteration 0/0, subinterval: 101961018 - 124836179
[0m[1;33mDEBUG:    graphchi_engine.hpp(run:887): Allocation 22875162 vertices, sizeof:64 total:1464010368
[0mINFO:     graphchi_engine.hpp(run:896): Start updates
[0mINFO:     graphchi_engine.hpp(run:906): Finished updates
[0m[1;33mDEBUG:    stripedio.hpp(stripedio:271): Start io-manager with 24 threads.
[0mPrint top 20 vertices:
1. 101	1
2. 102	1
3. 104	1
4. 107	1
5. 114	1
6. 1048572	1
7. 125	1
8. 134	1
9. 146	1
10. 147	1
11. 151	1
12. 161	1
13. 163	1
14. 165	1
15. 1048571	1
16. 168	1
17. 169	1
18. 170	1
19. 173	1
20. 175	1

 === REPORT FOR pagerank() ===
[Numeric]
cachesize_mb:		4000
compression:		0
execthreads:		64
loadthreads:		8
membudget_mb:		8000
niothreads:		24
niters:		1
nshards:		8
nvertices:		1.24836e+08
scheduler:		0
serialized-updates:		5.0244e+07	(count: 8, min: 5.30982e+06, max: 9.4962e+06, avg: 6.2805e+06)
stripesize:		1.07374e+09
updates:		1.24836e+08
work:		1.80607e+09
[Timings]
execute-updates:		1.50539s	 (count: 8, min: 0.146396s, max: 0.254755, avg: 0.188174s)
iomgr_init:		0.000499 s
memoryshard_create_edges:		15.6558s	 (count: 8, min: 1.67032s, max: 2.2769, avg: 1.95698s)
preada_now:		4.23126s	 (count: 467, min: 0.002006s, max: 0.067201, avg: 0.00906052s)
pwritea_now:		0.121638s	 (count: 8, min: 0.010779s, max: 0.019718, avg: 0.0152048s)
runtime:		23.8575 s
stripedio_wait_for_reads:		3.5e-05s	 (count: 8, min: 3e-06s, max: 1e-05, avg: 4.375e-06s)
stripedio_wait_for_writes:		2.3e-05s	 (count: 10, min: 0s, max: 6e-06, avg: 2.3e-06s)
[Other]
app:	pagerank
engine:	default
file:	/users/kannan11/ssd/prefetching/dataset/com-friendster.ungraph.txt
DESTRUCTOR GETTING CALLED 
	Command being timed: "/users/kannan11/ssd/prefetching/appbench/apps/graphchi/graphchi-cpp/bin/example_apps/pagerank file /users/kannan11/ssd/prefetching/dataset/com-friendster.ungraph.txt niters 1"
	User time (seconds): 526.70
	System time (seconds): 169.02
	Percent of CPU this job got: 136%
	Elapsed (wall clock) time (h:mm:ss or m:ss): 8:29.20
	Average shared text size (kbytes): 0
	Average unshared data size (kbytes): 0
	Average stack size (kbytes): 0
	Average total size (kbytes): 0
	Maximum resident set size (kbytes): 20960428
	Average resident set size (kbytes): 0
	Major (requiring I/O) page faults: 9
	Minor (reclaiming a frame) page faults: 43509953
	Voluntary context switches: 45862
	Involuntary context switches: 1387
	Swaps: 0
	File system inputs: 64197856
	File system outputs: 74037864
	Socket messages sent: 0
	Socket messages received: 0
	Signals delivered: 0
	Page size (bytes): 4096
	Exit status: 0
DESTRUCTOR GETTING CALLED 
[23864.453032] sh (7430): drop_caches: 3
[23865.744966] sh (7436): drop_caches: 3
[23870.780715] write_proc_unbounded: Value of write = 1
[23870.780725] write_proc_2mb_limit: Value of write = 1
[23870.780729] write_proc_bitmap_shift: Value of write = 36
[23870.785795] write_proc_unbounded: Value of write = 1
[23870.785804] write_proc_2mb_limit: Value of write = 1
[23870.785809] write_proc_bitmap_shift: Value of write = 36
[24379.707068] write_proc_unbounded: Value of write = 0
[24379.707081] write_proc_2mb_limit: Value of write = 0
[24379.989059] write_proc_unbounded: Value of write = 0
[24379.989071] write_proc_2mb_limit: Value of write = 0
