ENABLE_FILE_STATS in con
ENABLE_FILE_STATS in con
RocksDB:    version 6.20
Date:       Wed Aug 10 18:26:52 2022
CPU:        48 * AMD EPYC 7402P 24-Core Processor
CPUCache:   512 KB
Initializing RocksDB Options from the specified file
Initializing RocksDB Options from command-line flags
Keys:       1000 bytes each (+ 0 bytes user-defined timestamp)
Values:     4096 bytes each (2048 bytes after compression)
Entries:    2000000
Prefix:    0 bytes
Keys per prefix:    0
RawSize:    9719.8 MB (estimated)
FileSize:   5813.6 MB (estimated)
Write rate: 0 bytes/second
Read rate: 0 ops/second
Compression: Snappy
Compression sampling rate: 0
Memtablerep: skip_list
Perf Level: 1
------------------------------------------------
DB path: [/users/kannan11/ssd/sudarsun/prefetching/appbench/apps/rocksdb/DATA]
readseq      :    4130.000 micros/op 1828 ops/sec;
DESTRUCTOR GETTING CALLED 
PRINT_GLOBAL_STATS in dest
	Command being timed: "./db_bench --db=/users/kannan11/ssd/sudarsun/prefetching/appbench/apps/rocksdb/DATA --value_size=4096 --wal_dir=/users/kannan11/ssd/sudarsun/prefetching/appbench/apps/rocksdb/DATA/WAL_LOG --sync=0 --key_size=1000 --write_buffer_size=67108864 --num=2000000 --benchmarks=readseq --use_existing_db=1 --mmap_read=0 --threads=8"
	User time (seconds): 0.20
	System time (seconds): 5.94
	Percent of CPU this job got: 369%
	Elapsed (wall clock) time (h:mm:ss or m:ss): 0:01.66
	Average shared text size (kbytes): 0
	Average unshared data size (kbytes): 0
	Average stack size (kbytes): 0
	Average total size (kbytes): 0
	Maximum resident set size (kbytes): 6206404
	Average resident set size (kbytes): 0
	Major (requiring I/O) page faults: 78
	Minor (reclaiming a frame) page faults: 1550426
	Voluntary context switches: 4449
	Involuntary context switches: 17
	Swaps: 0
	File system inputs: 126192
	File system outputs: 1664
	Socket messages sent: 0
	Socket messages received: 0
	Signals delivered: 0
	Page size (bytes): 4096
	Exit status: 0
DESTRUCTOR GETTING CALLED 
PRINT_GLOBAL_STATS in dest
[ 8895.462710] free_cross_bitmap: releasing mem for inode with i_count 2
[ 8895.469946] free_cross_bitmap: releasing mem for inode with i_count 2
[ 8895.477123] free_cross_bitmap: releasing mem for inode with i_count 2
[ 8895.484108] free_cross_bitmap: releasing mem for inode with i_count 2
[ 8895.491034] free_cross_bitmap: releasing mem for inode with i_count 2
[ 8895.498397] free_cross_bitmap: releasing mem for inode with i_count 2
[ 8895.505348] free_cross_bitmap: releasing mem for inode with i_count 2
[ 8895.512335] free_cross_bitmap: releasing mem for inode with i_count 2
[ 8895.519314] free_cross_bitmap: releasing mem for inode with i_count 2
[ 8895.526239] free_cross_bitmap: releasing mem for inode with i_count 2
[ 8895.533199] free_cross_bitmap: releasing mem for inode with i_count 2
[ 8895.540472] free_cross_bitmap: releasing mem for inode with i_count 2
[ 8895.547468] free_cross_bitmap: releasing mem for inode with i_count 2
[ 8895.554786] free_cross_bitmap: releasing mem for inode with i_count 2
[ 8895.561726] free_cross_bitmap: releasing mem for inode with i_count 2
[ 8895.568974] free_cross_bitmap: releasing mem for inode with i_count 2
[ 8895.576206] free_cross_bitmap: releasing mem for inode with i_count 2
[ 8895.583485] free_cross_bitmap: releasing mem for inode with i_count 2
[ 8895.590458] free_cross_bitmap: releasing mem for inode with i_count 2
[ 8895.597441] free_cross_bitmap: releasing mem for inode with i_count 2
[ 8895.604460] free_cross_bitmap: releasing mem for inode with i_count 2
[ 8895.611557] free_cross_bitmap: releasing mem for inode with i_count 2
[ 8895.618570] free_cross_bitmap: releasing mem for inode with i_count 2
[ 8895.625859] free_cross_bitmap: releasing mem for inode with i_count 2
[ 8895.632860] free_cross_bitmap: releasing mem for inode with i_count 2
[ 8895.639771] free_cross_bitmap: releasing mem for inode with i_count 2
[ 8895.646914] free_cross_bitmap: releasing mem for inode with i_count 2
[ 8895.654089] free_cross_bitmap: releasing mem for inode with i_count 2
[ 8895.661077] free_cross_bitmap: releasing mem for inode with i_count 2
[ 8895.668366] free_cross_bitmap: releasing mem for inode with i_count 2
[ 8895.675396] free_cross_bitmap: releasing mem for inode with i_count 2
[ 8895.682586] free_cross_bitmap: releasing mem for inode with i_count 2
[ 8895.689779] free_cross_bitmap: releasing mem for inode with i_count 2
[ 8895.696819] free_cross_bitmap: releasing mem for inode with i_count 2
[ 8895.703977] free_cross_bitmap: releasing mem for inode with i_count 2
[ 8895.711408] free_cross_bitmap: releasing mem for inode with i_count 2
[ 8895.718545] free_cross_bitmap: releasing mem for inode with i_count 2
[ 8895.725510] free_cross_bitmap: releasing mem for inode with i_count 2
[ 8895.732625] free_cross_bitmap: releasing mem for inode with i_count 2
[ 8895.739564] free_cross_bitmap: releasing mem for inode with i_count 2
[ 8895.746519] free_cross_bitmap: releasing mem for inode with i_count 2
[ 8895.753888] free_cross_bitmap: releasing mem for inode with i_count 2
[ 8895.760906] free_cross_bitmap: releasing mem for inode with i_count 2
[ 8895.767820] free_cross_bitmap: releasing mem for inode with i_count 2
[ 8895.774860] free_cross_bitmap: releasing mem for inode with i_count 2
[ 8895.781816] free_cross_bitmap: releasing mem for inode with i_count 2
[ 8895.788788] free_cross_bitmap: releasing mem for inode with i_count 2
[ 8895.796329] free_cross_bitmap: releasing mem for inode with i_count 2
[ 8895.803304] free_cross_bitmap: releasing mem for inode with i_count 2
[ 8895.810302] free_cross_bitmap: releasing mem for inode with i_count 2
[ 8895.817297] free_cross_bitmap: releasing mem for inode with i_count 2
[ 8895.824269] free_cross_bitmap: releasing mem for inode with i_count 2
[ 8895.831232] free_cross_bitmap: releasing mem for inode with i_count 2
[ 8895.838547] free_cross_bitmap: releasing mem for inode with i_count 2
[ 8895.845493] free_cross_bitmap: releasing mem for inode with i_count 2
[ 8895.852468] free_cross_bitmap: releasing mem for inode with i_count 2
[ 8895.859455] free_cross_bitmap: releasing mem for inode with i_count 2
[ 8895.866509] free_cross_bitmap: releasing mem for inode with i_count 2
[ 8895.873476] free_cross_bitmap: releasing mem for inode with i_count 2
[ 8895.880793] free_cross_bitmap: releasing mem for inode with i_count 2
[ 8895.887780] free_cross_bitmap: releasing mem for inode with i_count 2
[ 8895.894756] free_cross_bitmap: releasing mem for inode with i_count 2
[ 8895.901731] free_cross_bitmap: releasing mem for inode with i_count 2
[ 8895.908685] free_cross_bitmap: releasing mem for inode with i_count 2
[ 8895.915633] free_cross_bitmap: releasing mem for inode with i_count 2
[ 8895.922916] free_cross_bitmap: releasing mem for inode with i_count 2
[ 8895.929847] free_cross_bitmap: releasing mem for inode with i_count 2
[ 8895.936788] free_cross_bitmap: releasing mem for inode with i_count 2
[ 8895.943724] free_cross_bitmap: releasing mem for inode with i_count 2
[ 8895.950687] free_cross_bitmap: releasing mem for inode with i_count 2
[ 8895.957650] free_cross_bitmap: releasing mem for inode with i_count 2
[ 8895.964915] free_cross_bitmap: releasing mem for inode with i_count 2
[ 8895.971860] free_cross_bitmap: releasing mem for inode with i_count 2
[ 8895.978817] free_cross_bitmap: releasing mem for inode with i_count 2
[ 8895.985752] free_cross_bitmap: releasing mem for inode with i_count 2
[ 8895.992675] free_cross_bitmap: releasing mem for inode with i_count 2
[ 8895.999577] free_cross_bitmap: releasing mem for inode with i_count 2
[ 8896.006863] free_cross_bitmap: releasing mem for inode with i_count 2
[ 8896.013807] free_cross_bitmap: releasing mem for inode with i_count 2
[ 8896.020810] free_cross_bitmap: releasing mem for inode with i_count 2
[ 8896.027787] free_cross_bitmap: releasing mem for inode with i_count 2
[ 8896.034718] free_cross_bitmap: releasing mem for inode with i_count 2
[ 8896.041662] free_cross_bitmap: releasing mem for inode with i_count 2
[ 8896.048928] free_cross_bitmap: releasing mem for inode with i_count 2
[ 8896.055912] free_cross_bitmap: releasing mem for inode with i_count 2
[ 8896.062836] free_cross_bitmap: releasing mem for inode with i_count 2
[ 8896.069759] free_cross_bitmap: releasing mem for inode with i_count 2
[ 8896.076709] free_cross_bitmap: releasing mem for inode with i_count 2
[ 8896.083658] free_cross_bitmap: releasing mem for inode with i_count 2
[ 8896.090896] free_cross_bitmap: releasing mem for inode with i_count 2
[ 8896.097872] free_cross_bitmap: releasing mem for inode with i_count 2
[ 8896.104776] free_cross_bitmap: releasing mem for inode with i_count 2
[ 8896.111707] free_cross_bitmap: releasing mem for inode with i_count 2
[ 8896.118666] free_cross_bitmap: releasing mem for inode with i_count 2
[ 8896.125649] free_cross_bitmap: releasing mem for inode with i_count 2
[ 8896.133295] free_cross_bitmap: releasing mem for inode with i_count 2
[ 8896.140252] free_cross_bitmap: releasing mem for inode with i_count 2
[ 8896.147222] free_cross_bitmap: releasing mem for inode with i_count 2
[ 8896.154113] free_cross_bitmap: releasing mem for inode with i_count 2
[ 8896.161088] free_cross_bitmap: releasing mem for inode with i_count 2
[ 8896.168042] free_cross_bitmap: releasing mem for inode with i_count 2
[ 8896.175301] free_cross_bitmap: releasing mem for inode with i_count 2
[ 8896.182231] free_cross_bitmap: releasing mem for inode with i_count 2
[ 8896.189192] free_cross_bitmap: releasing mem for inode with i_count 2
[ 8896.196198] free_cross_bitmap: releasing mem for inode with i_count 2
[ 8896.203212] free_cross_bitmap: releasing mem for inode with i_count 2
[ 8896.210165] free_cross_bitmap: releasing mem for inode with i_count 2
[ 8896.217502] free_cross_bitmap: releasing mem for inode with i_count 2
[ 8896.224460] free_cross_bitmap: releasing mem for inode with i_count 2
[ 8896.231444] free_cross_bitmap: releasing mem for inode with i_count 2
[ 8896.238423] free_cross_bitmap: releasing mem for inode with i_count 2
[ 8896.245345] free_cross_bitmap: releasing mem for inode with i_count 2
[ 8896.252340] free_cross_bitmap: releasing mem for inode with i_count 2
[ 8896.259775] free_cross_bitmap: releasing mem for inode with i_count 2
[ 8896.266757] free_cross_bitmap: releasing mem for inode with i_count 2
[ 8896.273720] free_cross_bitmap: releasing mem for inode with i_count 2
[ 8896.280670] free_cross_bitmap: releasing mem for inode with i_count 2
[ 8896.287769] free_cross_bitmap: releasing mem for inode with i_count 2
[ 8896.294716] free_cross_bitmap: releasing mem for inode with i_count 2
[ 8896.302162] free_cross_bitmap: releasing mem for inode with i_count 2
[ 8896.309131] free_cross_bitmap: releasing mem for inode with i_count 2
[ 8896.316060] free_cross_bitmap: releasing mem for inode with i_count 2
[ 8896.323002] free_cross_bitmap: releasing mem for inode with i_count 2
[ 8896.329919] free_cross_bitmap: releasing mem for inode with i_count 2
[ 8896.336850] free_cross_bitmap: releasing mem for inode with i_count 2
[ 8896.344333] free_cross_bitmap: releasing mem for inode with i_count 2
[ 8896.351251] free_cross_bitmap: releasing mem for inode with i_count 2
[ 8896.358170] free_cross_bitmap: releasing mem for inode with i_count 2
[ 8896.365101] free_cross_bitmap: releasing mem for inode with i_count 2
[ 8896.372032] free_cross_bitmap: releasing mem for inode with i_count 2
[ 8896.378961] free_cross_bitmap: releasing mem for inode with i_count 2
[ 8896.386379] free_cross_bitmap: releasing mem for inode with i_count 2
[ 8896.393358] free_cross_bitmap: releasing mem for inode with i_count 2
[ 8896.400297] free_cross_bitmap: releasing mem for inode with i_count 2
[ 8896.407189] free_cross_bitmap: releasing mem for inode with i_count 2
[ 8896.414131] free_cross_bitmap: releasing mem for inode with i_count 2
[ 8896.421076] free_cross_bitmap: releasing mem for inode with i_count 2
[ 8896.428455] free_cross_bitmap: releasing mem for inode with i_count 2
[ 8896.435410] free_cross_bitmap: releasing mem for inode with i_count 2
[ 8896.442328] free_cross_bitmap: releasing mem for inode with i_count 2
[ 8896.449243] free_cross_bitmap: releasing mem for inode with i_count 2
[ 8896.456191] free_cross_bitmap: releasing mem for inode with i_count 2
[ 8896.463096] free_cross_bitmap: releasing mem for inode with i_count 2
[ 8896.470442] free_cross_bitmap: releasing mem for inode with i_count 2
[ 8896.477381] free_cross_bitmap: releasing mem for inode with i_count 2
[ 8896.484266] free_cross_bitmap: releasing mem for inode with i_count 2
[ 8896.491176] free_cross_bitmap: releasing mem for inode with i_count 2
[ 8896.498107] free_cross_bitmap: releasing mem for inode with i_count 2
[ 8896.505039] free_cross_bitmap: releasing mem for inode with i_count 2
[ 8896.512367] free_cross_bitmap: releasing mem for inode with i_count 2
[ 8896.519301] free_cross_bitmap: releasing mem for inode with i_count 2
[ 8896.526243] free_cross_bitmap: releasing mem for inode with i_count 2
[ 8896.533147] free_cross_bitmap: releasing mem for inode with i_count 2
[ 8896.540083] free_cross_bitmap: releasing mem for inode with i_count 2
[ 8896.547039] free_cross_bitmap: releasing mem for inode with i_count 2
[ 8896.554243] free_cross_bitmap: releasing mem for inode with i_count 2
[ 8896.561184] free_cross_bitmap: releasing mem for inode with i_count 2
[ 8896.568094] free_cross_bitmap: releasing mem for inode with i_count 2
[ 8896.574989] free_cross_bitmap: releasing mem for inode with i_count 2
[ 8896.581925] free_cross_bitmap: releasing mem for inode with i_count 2
[ 8896.588824] free_cross_bitmap: releasing mem for inode with i_count 2
[ 8896.596069] free_cross_bitmap: releasing mem for inode with i_count 2
[ 8896.602975] free_cross_bitmap: releasing mem for inode with i_count 2
[ 8896.609901] free_cross_bitmap: releasing mem for inode with i_count 2
[ 8896.616817] free_cross_bitmap: releasing mem for inode with i_count 2
[ 8896.623704] free_cross_bitmap: releasing mem for inode with i_count 2
[ 8896.630647] free_cross_bitmap: releasing mem for inode with i_count 2
[ 8896.637842] free_cross_bitmap: releasing mem for inode with i_count 2
[ 8896.644718] free_cross_bitmap: releasing mem for inode with i_count 2
[ 8896.651635] free_cross_bitmap: releasing mem for inode with i_count 2
[ 8896.658551] free_cross_bitmap: releasing mem for inode with i_count 2
[ 8896.665423] free_cross_bitmap: releasing mem for inode with i_count 2
[ 8896.672355] free_cross_bitmap: releasing mem for inode with i_count 2
[ 8896.679623] free_cross_bitmap: releasing mem for inode with i_count 2
[ 8896.686566] free_cross_bitmap: releasing mem for inode with i_count 2
[ 8896.693503] free_cross_bitmap: releasing mem for inode with i_count 2
[ 8896.700406] free_cross_bitmap: releasing mem for inode with i_count 2
[ 8896.707347] free_cross_bitmap: releasing mem for inode with i_count 2
[ 8896.714251] free_cross_bitmap: releasing mem for inode with i_count 2
[ 8896.721507] free_cross_bitmap: releasing mem for inode with i_count 2
[ 8896.728460] free_cross_bitmap: releasing mem for inode with i_count 2
[ 8896.735352] free_cross_bitmap: releasing mem for inode with i_count 2
[ 8896.742299] free_cross_bitmap: releasing mem for inode with i_count 2
[ 8896.749214] free_cross_bitmap: releasing mem for inode with i_count 2
[ 8896.756121] free_cross_bitmap: releasing mem for inode with i_count 2
[ 8896.765240] free_cross_bitmap: releasing mem for inode with i_count 2
[ 8896.772489] sh (46085): drop_caches: 3
[ 8896.803205] sh (46276): drop_caches: 3
[ 8901.827960] Enabled file stats for time:46283
[ 8901.828164] write_proc: Value of write = 0
[ 8901.833197] Enabled file stats for db_bench:46292
[ 8901.833387] write_proc: Value of write = 0
[ 8901.881998] alloc_cross_bitmap: preallocate 268435456 pg, nr_longs=4194304 in 8 millisec
[ 8901.887540] alloc_cross_bitmap: preallocate 268435456 pg, nr_longs=4194304 in 16 millisec
[ 8901.887764] alloc_cross_bitmap: preallocate 268435456 pg, nr_longs=4194304 in 12 millisec
[ 8901.889489] alloc_cross_bitmap: preallocate 268435456 pg, nr_longs=4194304 in 16 millisec
[ 8901.889570] alloc_cross_bitmap: preallocate 268435456 pg, nr_longs=4194304 in 16 millisec
[ 8901.889714] alloc_cross_bitmap: preallocate 268435456 pg, nr_longs=4194304 in 16 millisec
[ 8901.889958] alloc_cross_bitmap: preallocate 268435456 pg, nr_longs=4194304 in 12 millisec
[ 8901.890079] alloc_cross_bitmap: preallocate 268435456 pg, nr_longs=4194304 in 12 millisec
[ 8901.890184] alloc_cross_bitmap: preallocate 268435456 pg, nr_longs=4194304 in 12 millisec
[ 8901.890401] alloc_cross_bitmap: preallocate 268435456 pg, nr_longs=4194304 in 16 millisec
[ 8901.890450] alloc_cross_bitmap: preallocate 268435456 pg, nr_longs=4194304 in 16 millisec
[ 8901.890466] alloc_cross_bitmap: preallocate 268435456 pg, nr_longs=4194304 in 16 millisec
[ 8901.890469] alloc_cross_bitmap: preallocate 268435456 pg, nr_longs=4194304 in 16 millisec
[ 8901.891158] alloc_cross_bitmap: preallocate 268435456 pg, nr_longs=4194304 in 20 millisec
[ 8901.891486] alloc_cross_bitmap: preallocate 268435456 pg, nr_longs=4194304 in 16 millisec
[ 8901.891702] alloc_cross_bitmap: preallocate 268435456 pg, nr_longs=4194304 in 16 millisec
[ 8901.902815] alloc_cross_bitmap: preallocate 268435456 pg, nr_longs=4194304 in 4 millisec
[ 8901.916163] alloc_cross_bitmap: preallocate 268435456 pg, nr_longs=4194304 in 4 millisec
[ 8901.916351] alloc_cross_bitmap: preallocate 268435456 pg, nr_longs=4194304 in 4 millisec
[ 8901.921442] alloc_cross_bitmap: preallocate 268435456 pg, nr_longs=4194304 in 4 millisec
[ 8901.922607] alloc_cross_bitmap: preallocate 268435456 pg, nr_longs=4194304 in 8 millisec
[ 8901.922800] alloc_cross_bitmap: preallocate 268435456 pg, nr_longs=4194304 in 8 millisec
[ 8901.925342] alloc_cross_bitmap: preallocate 268435456 pg, nr_longs=4194304 in 8 millisec
[ 8901.925626] alloc_cross_bitmap: preallocate 268435456 pg, nr_longs=4194304 in 8 millisec
[ 8901.925725] alloc_cross_bitmap: preallocate 268435456 pg, nr_longs=4194304 in 8 millisec
[ 8901.926240] alloc_cross_bitmap: preallocate 268435456 pg, nr_longs=4194304 in 8 millisec
[ 8901.926456] alloc_cross_bitmap: preallocate 268435456 pg, nr_longs=4194304 in 12 millisec
[ 8901.927266] alloc_cross_bitmap: preallocate 268435456 pg, nr_longs=4194304 in 12 millisec
[ 8901.927395] alloc_cross_bitmap: preallocate 268435456 pg, nr_longs=4194304 in 12 millisec
[ 8901.927407] alloc_cross_bitmap: preallocate 268435456 pg, nr_longs=4194304 in 4 millisec
[ 8901.927462] alloc_cross_bitmap: preallocate 268435456 pg, nr_longs=4194304 in 12 millisec
[ 8901.936248] alloc_cross_bitmap: preallocate 268435456 pg, nr_longs=4194304 in 4 millisec
[ 8901.938694] alloc_cross_bitmap: preallocate 268435456 pg, nr_longs=4194304 in 4 millisec
[ 8901.948958] alloc_cross_bitmap: preallocate 268435456 pg, nr_longs=4194304 in 4 millisec
[ 8901.949860] alloc_cross_bitmap: preallocate 268435456 pg, nr_longs=4194304 in 4 millisec
[ 8901.955796] alloc_cross_bitmap: preallocate 268435456 pg, nr_longs=4194304 in 4 millisec
[ 8901.956125] alloc_cross_bitmap: preallocate 268435456 pg, nr_longs=4194304 in 4 millisec
[ 8901.956693] alloc_cross_bitmap: preallocate 268435456 pg, nr_longs=4194304 in 4 millisec
[ 8901.959290] alloc_cross_bitmap: preallocate 268435456 pg, nr_longs=4194304 in 8 millisec
[ 8901.959905] alloc_cross_bitmap: preallocate 268435456 pg, nr_longs=4194304 in 8 millisec
[ 8901.960506] alloc_cross_bitmap: preallocate 268435456 pg, nr_longs=4194304 in 8 millisec
[ 8901.960938] alloc_cross_bitmap: preallocate 268435456 pg, nr_longs=4194304 in 8 millisec
[ 8901.963168] alloc_cross_bitmap: preallocate 268435456 pg, nr_longs=4194304 in 12 millisec
[ 8901.963581] alloc_cross_bitmap: preallocate 268435456 pg, nr_longs=4194304 in 4 millisec
[ 8901.963688] alloc_cross_bitmap: preallocate 268435456 pg, nr_longs=4194304 in 12 millisec
[ 8901.963744] alloc_cross_bitmap: preallocate 268435456 pg, nr_longs=4194304 in 12 millisec
[ 8901.965394] alloc_cross_bitmap: preallocate 268435456 pg, nr_longs=4194304 in 4 millisec
[ 8901.965399] alloc_cross_bitmap: preallocate 268435456 pg, nr_longs=4194304 in 4 millisec
[ 8901.970768] alloc_cross_bitmap: preallocate 268435456 pg, nr_longs=4194304 in 4 millisec
[ 8901.970807] alloc_cross_bitmap: preallocate 268435456 pg, nr_longs=4194304 in 4 millisec
[ 8901.974007] alloc_cross_bitmap: preallocate 268435456 pg, nr_longs=4194304 in 0 millisec
[ 8901.974554] alloc_cross_bitmap: preallocate 268435456 pg, nr_longs=4194304 in 4 millisec
[ 8901.975618] alloc_cross_bitmap: preallocate 268435456 pg, nr_longs=4194304 in 4 millisec
[ 8902.028406] alloc_cross_bitmap: preallocate 268435456 pg, nr_longs=4194304 in 8 millisec
[ 8902.028509] alloc_cross_bitmap: preallocate 268435456 pg, nr_longs=4194304 in 8 millisec
[ 8902.030164] alloc_cross_bitmap: preallocate 268435456 pg, nr_longs=4194304 in 8 millisec
[ 8902.030547] alloc_cross_bitmap: preallocate 268435456 pg, nr_longs=4194304 in 12 millisec
[ 8902.031407] alloc_cross_bitmap: preallocate 268435456 pg, nr_longs=4194304 in 12 millisec
[ 8902.031435] alloc_cross_bitmap: preallocate 268435456 pg, nr_longs=4194304 in 12 millisec
[ 8902.031594] alloc_cross_bitmap: preallocate 268435456 pg, nr_longs=4194304 in 12 millisec
[ 8902.031601] alloc_cross_bitmap: preallocate 268435456 pg, nr_longs=4194304 in 12 millisec
[ 8902.032044] alloc_cross_bitmap: preallocate 268435456 pg, nr_longs=4194304 in 12 millisec
[ 8902.032229] alloc_cross_bitmap: preallocate 268435456 pg, nr_longs=4194304 in 12 millisec
[ 8902.032291] alloc_cross_bitmap: preallocate 268435456 pg, nr_longs=4194304 in 12 millisec
[ 8902.032411] alloc_cross_bitmap: preallocate 268435456 pg, nr_longs=4194304 in 12 millisec
[ 8902.033753] alloc_cross_bitmap: preallocate 268435456 pg, nr_longs=4194304 in 12 millisec
[ 8902.033896] alloc_cross_bitmap: preallocate 268435456 pg, nr_longs=4194304 in 12 millisec
[ 8902.033964] alloc_cross_bitmap: preallocate 268435456 pg, nr_longs=4194304 in 12 millisec
[ 8902.057604] alloc_cross_bitmap: preallocate 268435456 pg, nr_longs=4194304 in 4 millisec
[ 8902.057874] alloc_cross_bitmap: preallocate 268435456 pg, nr_longs=4194304 in 4 millisec
[ 8902.057967] alloc_cross_bitmap: preallocate 268435456 pg, nr_longs=4194304 in 4 millisec
[ 8902.059582] alloc_cross_bitmap: preallocate 268435456 pg, nr_longs=4194304 in 4 millisec
[ 8902.063080] alloc_cross_bitmap: preallocate 268435456 pg, nr_longs=4194304 in 8 millisec
[ 8902.065497] alloc_cross_bitmap: preallocate 268435456 pg, nr_longs=4194304 in 8 millisec
[ 8902.067329] alloc_cross_bitmap: preallocate 268435456 pg, nr_longs=4194304 in 12 millisec
[ 8902.068424] alloc_cross_bitmap: preallocate 268435456 pg, nr_longs=4194304 in 12 millisec
[ 8902.068471] alloc_cross_bitmap: preallocate 268435456 pg, nr_longs=4194304 in 12 millisec
[ 8902.068792] alloc_cross_bitmap: preallocate 268435456 pg, nr_longs=4194304 in 12 millisec
[ 8902.068801] alloc_cross_bitmap: preallocate 268435456 pg, nr_longs=4194304 in 12 millisec
[ 8902.068927] alloc_cross_bitmap: preallocate 268435456 pg, nr_longs=4194304 in 12 millisec
[ 8902.069048] alloc_cross_bitmap: preallocate 268435456 pg, nr_longs=4194304 in 8 millisec
[ 8902.070687] alloc_cross_bitmap: preallocate 268435456 pg, nr_longs=4194304 in 12 millisec
[ 8902.070828] alloc_cross_bitmap: preallocate 268435456 pg, nr_longs=4194304 in 12 millisec
[ 8902.070834] alloc_cross_bitmap: preallocate 268435456 pg, nr_longs=4194304 in 12 millisec
[ 8902.079712] alloc_cross_bitmap: preallocate 268435456 pg, nr_longs=4194304 in 4 millisec
[ 8902.079832] alloc_cross_bitmap: preallocate 268435456 pg, nr_longs=4194304 in 4 millisec
[ 8902.080024] alloc_cross_bitmap: preallocate 268435456 pg, nr_longs=4194304 in 4 millisec
[ 8902.080380] alloc_cross_bitmap: preallocate 268435456 pg, nr_longs=4194304 in 4 millisec
[ 8902.087755] alloc_cross_bitmap: preallocate 268435456 pg, nr_longs=4194304 in 4 millisec
[ 8902.094875] alloc_cross_bitmap: preallocate 268435456 pg, nr_longs=4194304 in 4 millisec
[ 8902.096084] alloc_cross_bitmap: preallocate 268435456 pg, nr_longs=4194304 in 4 millisec
[ 8902.099736] alloc_cross_bitmap: preallocate 268435456 pg, nr_longs=4194304 in 8 millisec
[ 8902.101899] alloc_cross_bitmap: preallocate 268435456 pg, nr_longs=4194304 in 8 millisec
[ 8902.101956] alloc_cross_bitmap: preallocate 268435456 pg, nr_longs=4194304 in 8 millisec
[ 8902.101984] alloc_cross_bitmap: preallocate 268435456 pg, nr_longs=4194304 in 8 millisec
[ 8902.101998] alloc_cross_bitmap: preallocate 268435456 pg, nr_longs=4194304 in 8 millisec
[ 8902.103436] alloc_cross_bitmap: preallocate 268435456 pg, nr_longs=4194304 in 12 millisec
[ 8902.103838] alloc_cross_bitmap: preallocate 268435456 pg, nr_longs=4194304 in 8 millisec
[ 8902.103860] alloc_cross_bitmap: preallocate 268435456 pg, nr_longs=4194304 in 8 millisec
[ 8902.104940] alloc_cross_bitmap: preallocate 268435456 pg, nr_longs=4194304 in 4 millisec
[ 8902.105018] alloc_cross_bitmap: preallocate 268435456 pg, nr_longs=4194304 in 4 millisec
[ 8902.105313] alloc_cross_bitmap: preallocate 268435456 pg, nr_longs=4194304 in 4 millisec
[ 8902.105447] alloc_cross_bitmap: preallocate 268435456 pg, nr_longs=4194304 in 4 millisec
[ 8902.115223] alloc_cross_bitmap: preallocate 268435456 pg, nr_longs=4194304 in 4 millisec
[ 8902.118677] alloc_cross_bitmap: preallocate 268435456 pg, nr_longs=4194304 in 4 millisec
[ 8902.123208] alloc_cross_bitmap: preallocate 268435456 pg, nr_longs=4194304 in 4 millisec
[ 8902.128635] alloc_cross_bitmap: preallocate 268435456 pg, nr_longs=4194304 in 4 millisec
[ 8902.128908] alloc_cross_bitmap: preallocate 268435456 pg, nr_longs=4194304 in 4 millisec
[ 8902.129754] alloc_cross_bitmap: preallocate 268435456 pg, nr_longs=4194304 in 4 millisec
[ 8902.129876] alloc_cross_bitmap: preallocate 268435456 pg, nr_longs=4194304 in 4 millisec
[ 8902.129883] alloc_cross_bitmap: preallocate 268435456 pg, nr_longs=4194304 in 4 millisec
[ 8902.130451] alloc_cross_bitmap: preallocate 268435456 pg, nr_longs=4194304 in 8 millisec
[ 8902.130827] alloc_cross_bitmap: preallocate 268435456 pg, nr_longs=4194304 in 8 millisec
[ 8902.130909] alloc_cross_bitmap: preallocate 268435456 pg, nr_longs=4194304 in 8 millisec
[ 8902.160116] alloc_cross_bitmap: preallocate 268435456 pg, nr_longs=4194304 in 8 millisec
[ 8902.160411] alloc_cross_bitmap: preallocate 268435456 pg, nr_longs=4194304 in 8 millisec
[ 8902.160443] alloc_cross_bitmap: preallocate 268435456 pg, nr_longs=4194304 in 8 millisec
[ 8902.161007] alloc_cross_bitmap: preallocate 268435456 pg, nr_longs=4194304 in 4 millisec
[ 8902.161200] alloc_cross_bitmap: preallocate 268435456 pg, nr_longs=4194304 in 8 millisec
[ 8902.161658] alloc_cross_bitmap: preallocate 268435456 pg, nr_longs=4194304 in 8 millisec
[ 8902.161756] alloc_cross_bitmap: preallocate 268435456 pg, nr_longs=4194304 in 8 millisec
[ 8902.161839] alloc_cross_bitmap: preallocate 268435456 pg, nr_longs=4194304 in 8 millisec
[ 8902.162288] alloc_cross_bitmap: preallocate 268435456 pg, nr_longs=4194304 in 12 millisec
[ 8902.163788] alloc_cross_bitmap: preallocate 268435456 pg, nr_longs=4194304 in 8 millisec
[ 8902.163843] alloc_cross_bitmap: preallocate 268435456 pg, nr_longs=4194304 in 8 millisec
[ 8902.163942] alloc_cross_bitmap: preallocate 268435456 pg, nr_longs=4194304 in 8 millisec
[ 8902.164198] alloc_cross_bitmap: preallocate 268435456 pg, nr_longs=4194304 in 8 millisec
[ 8902.165109] alloc_cross_bitmap: preallocate 268435456 pg, nr_longs=4194304 in 8 millisec
[ 8902.165188] alloc_cross_bitmap: preallocate 268435456 pg, nr_longs=4194304 in 8 millisec
[ 8902.190581] alloc_cross_bitmap: preallocate 268435456 pg, nr_longs=4194304 in 8 millisec
[ 8902.191105] alloc_cross_bitmap: preallocate 268435456 pg, nr_longs=4194304 in 4 millisec
[ 8902.191637] alloc_cross_bitmap: preallocate 268435456 pg, nr_longs=4194304 in 4 millisec
[ 8902.192506] alloc_cross_bitmap: preallocate 268435456 pg, nr_longs=4194304 in 4 millisec
[ 8902.195867] alloc_cross_bitmap: preallocate 268435456 pg, nr_longs=4194304 in 8 millisec
[ 8902.196013] alloc_cross_bitmap: preallocate 268435456 pg, nr_longs=4194304 in 8 millisec
[ 8902.197662] alloc_cross_bitmap: preallocate 268435456 pg, nr_longs=4194304 in 8 millisec
[ 8902.199353] alloc_cross_bitmap: preallocate 268435456 pg, nr_longs=4194304 in 12 millisec
[ 8902.199428] alloc_cross_bitmap: preallocate 268435456 pg, nr_longs=4194304 in 12 millisec
[ 8902.199492] alloc_cross_bitmap: preallocate 268435456 pg, nr_longs=4194304 in 12 millisec
[ 8902.199604] alloc_cross_bitmap: preallocate 268435456 pg, nr_longs=4194304 in 12 millisec
[ 8902.200000] alloc_cross_bitmap: preallocate 268435456 pg, nr_longs=4194304 in 12 millisec
[ 8902.200051] alloc_cross_bitmap: preallocate 268435456 pg, nr_longs=4194304 in 12 millisec
[ 8902.200082] alloc_cross_bitmap: preallocate 268435456 pg, nr_longs=4194304 in 12 millisec
[ 8902.200747] alloc_cross_bitmap: preallocate 268435456 pg, nr_longs=4194304 in 8 millisec
[ 8902.200821] alloc_cross_bitmap: preallocate 268435456 pg, nr_longs=4194304 in 8 millisec
[ 8902.214051] alloc_cross_bitmap: preallocate 268435456 pg, nr_longs=4194304 in 4 millisec
[ 8902.216416] alloc_cross_bitmap: preallocate 268435456 pg, nr_longs=4194304 in 4 millisec
[ 8902.217084] alloc_cross_bitmap: preallocate 268435456 pg, nr_longs=4194304 in 4 millisec
[ 8902.217707] alloc_cross_bitmap: preallocate 268435456 pg, nr_longs=4194304 in 4 millisec
[ 8902.225141] alloc_cross_bitmap: preallocate 268435456 pg, nr_longs=4194304 in 4 millisec
[ 8902.225370] alloc_cross_bitmap: preallocate 268435456 pg, nr_longs=4194304 in 4 millisec
[ 8902.228134] alloc_cross_bitmap: preallocate 268435456 pg, nr_longs=4194304 in 4 millisec
[ 8902.230079] alloc_cross_bitmap: preallocate 268435456 pg, nr_longs=4194304 in 4 millisec
[ 8902.232604] alloc_cross_bitmap: preallocate 268435456 pg, nr_longs=4194304 in 4 millisec
[ 8902.233841] alloc_cross_bitmap: preallocate 268435456 pg, nr_longs=4194304 in 4 millisec
[ 8902.234916] alloc_cross_bitmap: preallocate 268435456 pg, nr_longs=4194304 in 8 millisec
[ 8902.235229] alloc_cross_bitmap: preallocate 268435456 pg, nr_longs=4194304 in 8 millisec
[ 8902.235243] alloc_cross_bitmap: preallocate 268435456 pg, nr_longs=4194304 in 8 millisec
[ 8902.236150] alloc_cross_bitmap: preallocate 268435456 pg, nr_longs=4194304 in 8 millisec
[ 8902.236158] alloc_cross_bitmap: preallocate 268435456 pg, nr_longs=4194304 in 8 millisec
[ 8902.236244] alloc_cross_bitmap: preallocate 268435456 pg, nr_longs=4194304 in 8 millisec
[ 8902.239639] alloc_cross_bitmap: preallocate 268435456 pg, nr_longs=4194304 in 4 millisec
[ 8902.242509] alloc_cross_bitmap: preallocate 268435456 pg, nr_longs=4194304 in 4 millisec
[ 8902.243423] alloc_cross_bitmap: preallocate 268435456 pg, nr_longs=4194304 in 4 millisec
[ 8902.243942] alloc_cross_bitmap: preallocate 268435456 pg, nr_longs=4194304 in 4 millisec
[ 8902.250517] alloc_cross_bitmap: preallocate 268435456 pg, nr_longs=4194304 in 4 millisec
[ 8902.250629] alloc_cross_bitmap: preallocate 268435456 pg, nr_longs=4194304 in 4 millisec
[ 8902.254647] alloc_cross_bitmap: preallocate 268435456 pg, nr_longs=4194304 in 4 millisec
[ 8902.255886] alloc_cross_bitmap: preallocate 268435456 pg, nr_longs=4194304 in 4 millisec
[ 8902.259331] alloc_cross_bitmap: preallocate 268435456 pg, nr_longs=4194304 in 4 millisec
[ 8902.261472] alloc_cross_bitmap: preallocate 268435456 pg, nr_longs=4194304 in 4 millisec
[ 8902.263438] alloc_cross_bitmap: preallocate 268435456 pg, nr_longs=4194304 in 4 millisec
[ 8902.263582] alloc_cross_bitmap: preallocate 268435456 pg, nr_longs=4194304 in 4 millisec
[ 8902.266075] alloc_cross_bitmap: preallocate 268435456 pg, nr_longs=4194304 in 4 millisec
[ 8902.266209] alloc_cross_bitmap: preallocate 268435456 pg, nr_longs=4194304 in 4 millisec
[ 8902.266259] alloc_cross_bitmap: preallocate 268435456 pg, nr_longs=4194304 in 4 millisec
[ 8902.268572] alloc_cross_bitmap: preallocate 268435456 pg, nr_longs=4194304 in 4 millisec
[ 8902.269728] alloc_cross_bitmap: preallocate 268435456 pg, nr_longs=4194304 in 4 millisec
[ 8902.275448] alloc_cross_bitmap: preallocate 268435456 pg, nr_longs=4194304 in 4 millisec
[ 8902.275512] alloc_cross_bitmap: preallocate 268435456 pg, nr_longs=4194304 in 4 millisec
[ 8902.278428] alloc_cross_bitmap: preallocate 268435456 pg, nr_longs=4194304 in 4 millisec
[ 8902.279269] alloc_cross_bitmap: preallocate 268435456 pg, nr_longs=4194304 in 4 millisec
[ 8902.279303] alloc_cross_bitmap: preallocate 268435456 pg, nr_longs=4194304 in 4 millisec
[ 8902.281195] alloc_cross_bitmap: preallocate 268435456 pg, nr_longs=4194304 in 4 millisec
[ 8902.281198] alloc_cross_bitmap: preallocate 268435456 pg, nr_longs=4194304 in 4 millisec
[ 8902.283424] alloc_cross_bitmap: preallocate 268435456 pg, nr_longs=4194304 in 4 millisec
[ 8903.488722] write_proc: Value of write = 0
[ 8903.488742] __do_sys_start_cross_trace: PRINT_GLOBAL_STATS 
[ 8903.488744] Final GlobalReport: nr_pages_read:13201415500, nr_pages_hit:12915835839, nr_do_read_fault:6894447, nr_pages_miss:103874373
[ 8903.488798] FinalTaskReport: db_bench:46292 - ra_orig_nr_pages:0, ra_final_nr_pages:0
                                        async_pages:1032, final_async_pages:2047
                                        full_pfetches:0, less256_pfetches:0, partial_pfetches:0
                                        failed_pfetches:0, total_pfetches:0, os_pfetches:92
                                        nr_pages_read:1810, nr_pages_hit:934, nr_do_read_fault:166
[ 8903.491041] write_proc: Value of write = 0
[ 8903.491053] __do_sys_start_cross_trace: PRINT_GLOBAL_STATS 
[ 8903.491055] Final GlobalReport: nr_pages_read:13201415500, nr_pages_hit:12915835839, nr_do_read_fault:6894453, nr_pages_miss:103874373
[ 8903.491092] FinalTaskReport: time:46283 - ra_orig_nr_pages:0, ra_final_nr_pages:0
                                        async_pages:0, final_async_pages:25
                                        full_pfetches:0, less256_pfetches:0, partial_pfetches:0
                                        failed_pfetches:0, total_pfetches:0, os_pfetches:1
                                        nr_pages_read:0, nr_pages_hit:0, nr_do_read_fault:18
