ENABLE_FILE_STATS in con
ENABLE_FILE_STATS in per_thread_ds
ENABLE_FILE_STATS in con
ENABLE_FILE_STATS in per_thread_ds
ENABLE_FILE_STATS in per_thread_ds
ENABLE_FILE_STATS in per_thread_ds
Received signal 11 (Segmentation fault)
ENABLE_FILE_STATS in per_thread_ds
ENABLE_FILE_STATS in per_thread_ds
Command terminated by signal 11
	Command being timed: "./db_bench --db=/users/kannan11/ssd/prefetching/appbench/apps/rocksdb/DATA --value_size=4096 --wal_dir=/users/kannan11/ssd/prefetching/appbench/apps/rocksdb/DATA/WAL_LOG --sync=0 --key_size=1000 --write_buffer_size=67108864 --num=5000000 --seed=1576170874 --benchmarks=readwhilewriting --use_existing_db=1 --mmap_read=0 --threads=4"
	User time (seconds): 0.00
	System time (seconds): 0.00
	Percent of CPU this job got: 59%
	Elapsed (wall clock) time (h:mm:ss or m:ss): 0:00.02
	Average shared text size (kbytes): 0
	Average unshared data size (kbytes): 0
	Average stack size (kbytes): 0
	Average total size (kbytes): 0
	Maximum resident set size (kbytes): 13836
	Average resident set size (kbytes): 0
	Major (requiring I/O) page faults: 76
	Minor (reclaiming a frame) page faults: 1801
	Voluntary context switches: 165
	Involuntary context switches: 3
	Swaps: 0
	File system inputs: 21264
	File system outputs: 8
	Socket messages sent: 0
	Socket messages received: 0
	Signals delivered: 0
	Page size (bytes): 4096
	Exit status: 0
DESTRUCTOR GETTING CALLED 
PRINT_GLOBAL_STATS in dest
PRINT_GLOBAL_LIB_STATS in dest
Total nr_ra = 0
Total nr_bytes_ra = 0
[102787.018227] sh (8598): drop_caches: 3
[102787.049111] sh (8603): drop_caches: 3
[102792.074946] write_proc_unbounded: Value of write = 0
[102792.074954] write_proc_2mb_limit: Value of write = 0
[102792.074958] write_proc_bitmap_shift: Value of write = 28
[102792.082322] write_proc_unbounded: Value of write = 0
[102792.082330] write_proc_2mb_limit: Value of write = 0
[102792.082334] write_proc_bitmap_shift: Value of write = 28
[102792.096528] thread-pool-2[8619]: segfault at 0 ip 00007efd03fda3b4 sp 00007efd00d5c940 error 4
[102792.096538] Code: 89 c7 e8 bf ee ff ff 48 89 45 98 48 8b 85 68 ff ff ff 48 89 c7 e8 fc e9 ff ff 48 8b 45 90 4c 8b 50 40 48 8b 45 90 48 8b 40 40 <44> 8b 08 48 8b 45 98 4c 8b 00 48 8b 45 90 48 8b 78 28 48 8b 45 90
[102792.096605] thread-pool-1[8618]: segfault at 0 ip 00007efd03fda3b4 sp 00007efd0155d940 error 4
[102792.096611] thread-pool-3[8620]: segfault at 0 ip 00007efd03fda3b4 sp 00007efd0055b940 error 4
[102792.096614]  in lib_Cross_Blind.so[7efd03fd5000+b000]
[102792.096620] Code: 89 c7 e8 bf ee ff ff 48 89 45 98 48 8b 85 68 ff ff ff 48 89 c7 e8 fc e9 ff ff 48 8b 45 90 4c 8b 50 40 48 8b 45 90 48 8b 40 40 <44> 8b 08 48 8b 45 98 4c 8b 00 48 8b 45 90 48 8b 78 28 48 8b 45 90
[102792.096621]  in lib_Cross_Blind.so[7efd03fd5000+b000]
[102792.096626] Code: 89 c7 e8 bf ee ff ff 48 89 45 98 48 8b 85 68 ff ff ff 48 89 c7 e8 fc e9 ff ff 48 8b 45 90 4c 8b 50 40 48 8b 45 90 48 8b 40 40 <44> 8b 08 48 8b 45 98 4c 8b 00 48 8b 45 90 48 8b 78 28 48 8b 45 90
[102792.098468] write_proc_unbounded: Value of write = 0
[102792.098474] write_proc_2mb_limit: Value of write = 0
