ENABLE_FILE_STATS in con
ENABLE_FILE_STATS in per_thread_ds
ENABLE_FILE_STATS in con
ENABLE_FILE_STATS in per_thread_ds
ENABLE_FILE_STATS in per_thread_ds
ENABLE_FILE_STATS in per_thread_ds
ENABLE_FILE_STATS in per_thread_ds
ENABLE_FILE_STATS in per_thread_ds
ENABLE_FILE_STATS in per_thread_ds
ENABLE_FILE_STATS in per_thread_ds
ENABLE_FILE_STATS in per_thread_ds
ENABLE_FILE_STATS in per_thread_ds
ENABLE_FILE_STATS in per_thread_ds
ENABLE_FILE_STATS in per_thread_ds
ENABLE_FILE_STATS in per_thread_ds
ENABLE_FILE_STATS in per_thread_ds
ENABLE_FILE_STATS in per_thread_ds
ENABLE_FILE_STATS in per_thread_ds
RocksDB:    version 7.6.0
Date:       Thu Sep 15 18:13:51 2022
CPU:        48 * AMD EPYC 7402P 24-Core Processor
CPUCache:   512 KB
Get returned an error: Corruption: bad entry in block
Get returned an error: Corruption: bad entry in block
Get returned an error: Corruption: bad entry in block
Command terminated by signal 6
	Command being timed: "./db_bench --db=/users/kannan11/ssd/prefetching/appbench/apps/rocksdb/DATA --value_size=4096 --wal_dir=/users/kannan11/ssd/prefetching/appbench/apps/rocksdb/DATA/WAL_LOG --sync=0 --key_size=1000 --write_buffer_size=67108864 --num=5000000 --seed=1576170874 --benchmarks=readwhilewriting --use_existing_db=1 --mmap_read=0 --threads=4"
	User time (seconds): 0.12
	System time (seconds): 0.15
	Percent of CPU this job got: 153%
	Elapsed (wall clock) time (h:mm:ss or m:ss): 0:00.18
	Average shared text size (kbytes): 0
	Average unshared data size (kbytes): 0
	Average stack size (kbytes): 0
	Average total size (kbytes): 0
	Maximum resident set size (kbytes): 207956
	Average resident set size (kbytes): 0
	Major (requiring I/O) page faults: 98
	Minor (reclaiming a frame) page faults: 50632
	Voluntary context switches: 2946
	Involuntary context switches: 2
	Swaps: 0
	File system inputs: 264880
	File system outputs: 2224
	Socket messages sent: 0
	Socket messages received: 0
	Signals delivered: 0
	Page size (bytes): 4096
	Exit status: 0
DESTRUCTOR GETTING CALLED 
PRINT_GLOBAL_STATS in dest
PRINT_GLOBAL_LIB_STATS in dest
Total nr_ra = 0
Total nr_bytes_ra = 0
[102711.276305] sh (8280): drop_caches: 3
[102711.307489] sh (8285): drop_caches: 3
[102716.333041] write_proc_unbounded: Value of write = 0
[102716.333049] write_proc_2mb_limit: Value of write = 0
[102716.333054] write_proc_bitmap_shift: Value of write = 28
[102716.339858] write_proc_unbounded: Value of write = 0
[102716.339865] write_proc_2mb_limit: Value of write = 0
[102716.339869] write_proc_bitmap_shift: Value of write = 28
[102716.516554] write_proc_unbounded: Value of write = 0
[102716.516563] write_proc_2mb_limit: Value of write = 0
