ENABLE_FILE_STATS in con
ENABLE_FILE_STATS in con
open error: IO error: While open a file for appending: /users/kannan11/ssd/sudarsun/prefetching/appbench/apps/rocksdb/DATA/002146.dbtmp: Too many open files
DESTRUCTOR GETTING CALLED 
PRINT_GLOBAL_STATS in dest
Set seed to 1660750792372872 because --seed was 0
Initializing RocksDB Options from the specified file
Initializing RocksDB Options from command-line flags
Integrated BlobDB: blob cache disabled
Command exited with non-zero status 1
	Command being timed: "./db_bench --db=/users/kannan11/ssd/sudarsun/prefetching/appbench/apps/rocksdb/DATA --value_size=4096 --wal_dir=/users/kannan11/ssd/sudarsun/prefetching/appbench/apps/rocksdb/DATA/WAL_LOG --sync=0 --key_size=1000 --write_buffer_size=67108864 --num=40000000 --benchmarks=readrandom --use_existing_db=1 --mmap_read=0 --threads=8"
	User time (seconds): 1.41
	System time (seconds): 14.28
	Percent of CPU this job got: 171%
	Elapsed (wall clock) time (h:mm:ss or m:ss): 0:09.15
	Average shared text size (kbytes): 0
	Average unshared data size (kbytes): 0
	Average stack size (kbytes): 0
	Average total size (kbytes): 0
	Maximum resident set size (kbytes): 376956
	Average resident set size (kbytes): 0
	Major (requiring I/O) page faults: 88
	Minor (reclaiming a frame) page faults: 8427312
	Voluntary context switches: 9106
	Involuntary context switches: 63
	Swaps: 0
	File system inputs: 61351896
	File system outputs: 124880
	Socket messages sent: 0
	Socket messages received: 0
	Signals delivered: 0
	Page size (bytes): 4096
	Exit status: 1
DESTRUCTOR GETTING CALLED 
PRINT_GLOBAL_STATS in dest
[39233.823267] sh (7477): drop_caches: 3
[39233.854756] sh (7482): drop_caches: 3
[39238.879251] Enabled file stats for time:7489
[39238.879380] write_proc: Value of write = 1
[39238.886478] Enabled file stats for db_bench:7492
[39238.886637] write_proc: Value of write = 1
[39248.030882] write_proc: Value of write = 0
[39248.030897] __do_sys_start_cross_trace: PRINT_GLOBAL_STATS 
[39248.030898] Final GlobalReport: nr_pages_read:85959, nr_pages_hit:42180, nr_do_read_fault:2047, nr_pages_miss:121
[39248.030900] __do_sys_start_cross_trace: RESET_GLOBAL_STATS 
[39248.030953] FinalTaskReport: db_bench:7492 - ra_orig_nr_pages:0, ra_final_nr_pages:0
                                        async_pages:6108, final_async_pages:8100
                                        full_pfetches:0, less256_pfetches:0, partial_pfetches:0
                                        failed_pfetches:0, total_pfetches:0, os_pfetches:327
                                        nr_pages_read:44801, nr_pages_hit:41606, nr_do_read_fault:175
[39248.033315] write_proc: Value of write = 0
[39248.033325] __do_sys_start_cross_trace: PRINT_GLOBAL_STATS 
[39248.033325] Final GlobalReport: nr_pages_read:0, nr_pages_hit:0, nr_do_read_fault:4, nr_pages_miss:0
[39248.033327] __do_sys_start_cross_trace: RESET_GLOBAL_STATS 
[39248.033351] FinalTaskReport: time:7489 - ra_orig_nr_pages:0, ra_final_nr_pages:0
                                        async_pages:0, final_async_pages:25
                                        full_pfetches:0, less256_pfetches:0, partial_pfetches:0
                                        failed_pfetches:0, total_pfetches:0, os_pfetches:1
                                        nr_pages_read:0, nr_pages_hit:0, nr_do_read_fault:15
