ENABLE_FILE_STATS in con
ENABLE_FILE_STATS in con
open error: IO error: While open a file for appending: /users/kannan11/ssd/sudarsun/prefetching/appbench/apps/rocksdb/DATA/002158.dbtmp: Too many open files
DESTRUCTOR GETTING CALLED 
PRINT_GLOBAL_STATS in dest
Set seed to 1660750840091653 because --seed was 0
Initializing RocksDB Options from the specified file
Initializing RocksDB Options from command-line flags
Integrated BlobDB: blob cache disabled
Command exited with non-zero status 1
	Command being timed: "./db_bench --db=/users/kannan11/ssd/sudarsun/prefetching/appbench/apps/rocksdb/DATA --value_size=4096 --wal_dir=/users/kannan11/ssd/sudarsun/prefetching/appbench/apps/rocksdb/DATA/WAL_LOG --sync=0 --key_size=1000 --write_buffer_size=67108864 --num=40000000 --benchmarks=readrandom --use_existing_db=1 --mmap_read=0 --threads=8"
	User time (seconds): 0.39
	System time (seconds): 0.39
	Percent of CPU this job got: 130%
	Elapsed (wall clock) time (h:mm:ss or m:ss): 0:00.59
	Average shared text size (kbytes): 0
	Average unshared data size (kbytes): 0
	Average stack size (kbytes): 0
	Average total size (kbytes): 0
	Maximum resident set size (kbytes): 349240
	Average resident set size (kbytes): 0
	Major (requiring I/O) page faults: 90
	Minor (reclaiming a frame) page faults: 103417
	Voluntary context switches: 11791
	Involuntary context switches: 6
	Swaps: 0
	File system inputs: 609520
	File system outputs: 124880
	Socket messages sent: 0
	Socket messages received: 0
	Signals delivered: 0
	Page size (bytes): 4096
	Exit status: 1
DESTRUCTOR GETTING CALLED 
PRINT_GLOBAL_STATS in dest
[39281.542358] sh (7595): drop_caches: 3
[39281.572904] sh (7600): drop_caches: 3
[39286.598381] Enabled file stats for time:7607
[39286.598532] write_proc: Value of write = 0
[39286.605244] Enabled file stats for db_bench:7610
[39286.605379] write_proc: Value of write = 0
[39287.195641] write_proc: Value of write = 0
[39287.195657] __do_sys_start_cross_trace: PRINT_GLOBAL_STATS 
[39287.195658] Final GlobalReport: nr_pages_read:1312, nr_pages_hit:788, nr_do_read_fault:2075, nr_pages_miss:4
[39287.195660] __do_sys_start_cross_trace: RESET_GLOBAL_STATS 
[39287.195712] FinalTaskReport: db_bench:7610 - ra_orig_nr_pages:0, ra_final_nr_pages:0
                                        async_pages:36120, final_async_pages:38672
                                        full_pfetches:0, less256_pfetches:0, partial_pfetches:0
                                        failed_pfetches:0, total_pfetches:0, os_pfetches:1279
                                        nr_pages_read:45422, nr_pages_hit:41858, nr_do_read_fault:176
[39287.198187] write_proc: Value of write = 0
[39287.198203] __do_sys_start_cross_trace: PRINT_GLOBAL_STATS 
[39287.198204] Final GlobalReport: nr_pages_read:0, nr_pages_hit:0, nr_do_read_fault:4, nr_pages_miss:0
[39287.198206] __do_sys_start_cross_trace: RESET_GLOBAL_STATS 
[39287.198247] FinalTaskReport: time:7607 - ra_orig_nr_pages:0, ra_final_nr_pages:0
                                        async_pages:0, final_async_pages:25
                                        full_pfetches:0, less256_pfetches:0, partial_pfetches:0
                                        failed_pfetches:0, total_pfetches:0, os_pfetches:1
                                        nr_pages_read:0, nr_pages_hit:0, nr_do_read_fault:17
