ENABLE_FILE_STATS in con
ENABLE_FILE_STATS in con
open error: IO error: While open a file for appending: /users/kannan11/ssd/sudarsun/prefetching/appbench/apps/rocksdb/DATA/002170.dbtmp: Too many open files
DESTRUCTOR GETTING CALLED 
PRINT_GLOBAL_STATS in dest
Set seed to 1660750857081698 because --seed was 0
Initializing RocksDB Options from the specified file
Initializing RocksDB Options from command-line flags
Integrated BlobDB: blob cache disabled
Command exited with non-zero status 1
	Command being timed: "./db_bench --db=/users/kannan11/ssd/sudarsun/prefetching/appbench/apps/rocksdb/DATA --value_size=4096 --wal_dir=/users/kannan11/ssd/sudarsun/prefetching/appbench/apps/rocksdb/DATA/WAL_LOG --sync=0 --key_size=1000 --write_buffer_size=67108864 --num=40000000 --benchmarks=readrandom --use_existing_db=1 --mmap_read=0 --threads=8"
	User time (seconds): 1.26
	System time (seconds): 27.54
	Percent of CPU this job got: 854%
	Elapsed (wall clock) time (h:mm:ss or m:ss): 0:03.37
	Average shared text size (kbytes): 0
	Average unshared data size (kbytes): 0
	Average stack size (kbytes): 0
	Average total size (kbytes): 0
	Maximum resident set size (kbytes): 33645544
	Average resident set size (kbytes): 0
	Major (requiring I/O) page faults: 84
	Minor (reclaiming a frame) page faults: 8426946
	Voluntary context switches: 36205
	Involuntary context switches: 30
	Swaps: 0
	File system inputs: 609752
	File system outputs: 124888
	Socket messages sent: 0
	Socket messages received: 0
	Signals delivered: 0
	Page size (bytes): 4096
	Exit status: 1
DESTRUCTOR GETTING CALLED 
PRINT_GLOBAL_STATS in dest
[39298.536668] sh (7709): drop_caches: 3
[39298.565354] sh (7714): drop_caches: 3
[39303.589630] Enabled file stats for time:7771
[39303.589769] write_proc: Value of write = 0
[39303.595469] Enabled file stats for db_bench:7774
[39303.595600] write_proc: Value of write = 0
[39305.958989] write_proc: Value of write = 0
[39305.959005] __do_sys_start_cross_trace: PRINT_GLOBAL_STATS 
[39305.959006] Final GlobalReport: nr_pages_read:67747, nr_pages_hit:34844, nr_do_read_fault:9932, nr_pages_miss:152
[39305.959008] __do_sys_start_cross_trace: RESET_GLOBAL_STATS 
[39305.959063] FinalTaskReport: db_bench:7774 - ra_orig_nr_pages:0, ra_final_nr_pages:0
                                        async_pages:36168, final_async_pages:38335
                                        full_pfetches:0, less256_pfetches:0, partial_pfetches:0
                                        failed_pfetches:0, total_pfetches:0, os_pfetches:1270
                                        nr_pages_read:44777, nr_pages_hit:41569, nr_do_read_fault:175
[39306.961245] write_proc: Value of write = 0
[39306.961260] __do_sys_start_cross_trace: PRINT_GLOBAL_STATS 
[39306.961262] Final GlobalReport: nr_pages_read:2, nr_pages_hit:1, nr_do_read_fault:91, nr_pages_miss:0
[39306.961264] __do_sys_start_cross_trace: RESET_GLOBAL_STATS 
[39306.961303] FinalTaskReport: time:7771 - ra_orig_nr_pages:0, ra_final_nr_pages:0
                                        async_pages:0, final_async_pages:25
                                        full_pfetches:0, less256_pfetches:0, partial_pfetches:0
                                        failed_pfetches:0, total_pfetches:0, os_pfetches:1
                                        nr_pages_read:0, nr_pages_hit:0, nr_do_read_fault:14
