ENABLE_FILE_STATS in con
ENABLE_FILE_STATS in con
ENABLE_FILE_STATS in con
ENABLE_FILE_STATS in con
ENABLE_FILE_STATS in con
ENABLE_FILE_STATS in con
ENABLE_FILE_STATS in con
ENABLE_FILE_STATS in con
ENABLE_FILE_STATS in con
ENABLE_FILE_STATS in con
ENABLE_FILE_STATS in con
ENABLE_FILE_STATS in con
ENABLE_FILE_STATS in con
ENABLE_FILE_STATS in con
ENABLE_FILE_STATS in con
ENABLE_FILE_STATS in con
No pcbitmap
No pcbitmap
No pcbitmap
No pcbitmap
No pcbitmap
No pcbitmap
No pcbitmap
No pcbitmap
No pcbitmap
No pcbitmap
No pcbitmap
No pcbitmap
No pcbitmap
No pcbitmap
No pcbitmap
No pcbitmap
No pcbitmap
No pcbitmap
No pcbitmap
No pcbitmap
No pcbitmap
No pcbitmap
No pcbitmap
No pcbitmap
No pcbitmap
No pcbitmap
ENABLE_FILE_STATS in per_thread_ds
ENABLE_FILE_STATS in per_thread_ds
ENABLE_FILE_STATS in per_thread_ds
ENABLE_FILE_STATS in per_thread_ds
ENABLE_FILE_STATS in per_thread_ds
ENABLE_FILE_STATS in per_thread_ds
ENABLE_FILE_STATS in per_thread_ds
ENABLE_FILE_STATS in per_thread_ds
ENABLE_FILE_STATS in per_thread_ds
ENABLE_FILE_STATS in per_thread_ds
ENABLE_FILE_STATS in per_thread_ds
ENABLE_FILE_STATS in per_thread_ds
ENABLE_FILE_STATS in per_thread_ds
No pcbitmap
No pcbitmap
No pcbitmap
ENABLE_FILE_STATS in per_thread_ds
ENABLE_FILE_STATS in per_thread_ds
No pcbitmap
ENABLE_FILE_STATS in per_thread_ds
No pcbitmap
No pcbitmap
No pcbitmap
No pcbitmap
No pcbitmap
No pcbitmap
No pcbitmap
No pcbitmap
No pcbitmap
No pcbitmap
No pcbitmap
No pcbitmap
No pcbitmap
No pcbitmap
No pcbitmap
No pcbitmap
No pcbitmap
-------- Aggregate Performance --------
 READ Restart Perf: 2224.2 BW[MB/s] 24722653184 Bytes 10.6004 MaxTime[sec] 
Total nr_ra = 5805
Total nr_bytes_ra = 24347934720
Total nr_ra = 5805
Total nr_bytes_ra = 24347934720
DESTRUCTOR GETTING CALLED 
PRINT_GLOBAL_STATS in dest
PRINT_GLOBAL_LIB_STATS in dest
DESTRUCTOR GETTING CALLED 
PRINT_GLOBAL_STATS in dest
PRINT_GLOBAL_LIB_STATS in dest
DESTRUCTOR GETTING CALLED 
PRINT_GLOBAL_STATS in dest
PRINT_GLOBAL_LIB_STATS in dest
Total nr_ra = 5806
Total nr_bytes_ra = 24352129024
Total nr_ra = 11610
Total nr_bytes_ra = 48695869440
Total nr_ra = 5805
Total nr_bytes_ra = 24347934720
Total nr_ra = 5825
Total nr_bytes_ra = 24431820800
Total nr_ra = 5805
Total nr_bytes_ra = 24347934720
Total nr_ra = 5806
Total nr_bytes_ra = 24352129024
Total nr_ra = 5805
Total nr_bytes_ra = 24347934720
Total nr_ra = 5805
Total nr_bytes_ra = 24347934720
Total nr_ra = 5805
Total nr_bytes_ra = 24347934720
Total nr_ra = 5805
Total nr_bytes_ra = 24347934720
Total nr_ra = 5805
Total nr_bytes_ra = 24347934720
Total nr_ra = 5809
Total nr_bytes_ra = 24364711936
Total nr_ra = 5805
Total nr_bytes_ra = 24347934720
Total nr_ra = 5825
Total nr_bytes_ra = 24431820800
DESTRUCTOR GETTING CALLED 
PRINT_GLOBAL_STATS in dest
PRINT_GLOBAL_LIB_STATS in dest
DESTRUCTOR GETTING CALLED 
PRINT_GLOBAL_STATS in dest
PRINT_GLOBAL_LIB_STATS in dest
DESTRUCTOR GETTING CALLED 
PRINT_GLOBAL_STATS in dest
PRINT_GLOBAL_LIB_STATS in dest
DESTRUCTOR GETTING CALLED 
PRINT_GLOBAL_STATS in dest
PRINT_GLOBAL_LIB_STATS in dest
DESTRUCTOR GETTING CALLED 
PRINT_GLOBAL_STATS in dest
PRINT_GLOBAL_LIB_STATS in dest
DESTRUCTOR GETTING CALLED 
PRINT_GLOBAL_STATS in dest
PRINT_GLOBAL_LIB_STATS in dest
DESTRUCTOR GETTING CALLED 
PRINT_GLOBAL_STATS in dest
PRINT_GLOBAL_LIB_STATS in dest
DESTRUCTOR GETTING CALLED 
PRINT_GLOBAL_STATS in dest
PRINT_GLOBAL_LIB_STATS in dest
DESTRUCTOR GETTING CALLED 
PRINT_GLOBAL_STATS in dest
PRINT_GLOBAL_LIB_STATS in dest
DESTRUCTOR GETTING CALLED 
PRINT_GLOBAL_STATS in dest
PRINT_GLOBAL_LIB_STATS in dest
DESTRUCTOR GETTING CALLED 
PRINT_GLOBAL_STATS in dest
PRINT_GLOBAL_LIB_STATS in dest
DESTRUCTOR GETTING CALLED 
PRINT_GLOBAL_STATS in dest
PRINT_GLOBAL_LIB_STATS in dest
DESTRUCTOR GETTING CALLED 
PRINT_GLOBAL_STATS in dest
PRINT_GLOBAL_LIB_STATS in dest
[33726.230352] sh (14605): drop_caches: 3
[33726.299701] sh (14610): drop_caches: 3
[33726.344043] write_proc_unbounded: Value of write = 0
[33726.344050] write_proc_unbounded: Value of write = 0
[33726.344056] write_proc_2mb_limit: Value of write = 0
[33726.344059] write_proc_2mb_limit: Value of write = 0
[33726.344061] write_proc_unbounded: Value of write = 0
[33726.344063] write_proc_bitmap_shift: Value of write = 37
[33726.344063] write_proc_bitmap_shift: Value of write = 37
[33726.344076] write_proc_2mb_limit: Value of write = 0
[33726.344085] write_proc_bitmap_shift: Value of write = 37
[33726.344088] write_proc_unbounded: Value of write = 0
[33726.344089] write_proc_unbounded: Value of write = 0
[33726.344092] write_proc_unbounded: Value of write = 0
[33726.344103] write_proc_2mb_limit: Value of write = 0
[33726.344103] write_proc_2mb_limit: Value of write = 0
[33726.344104] write_proc_2mb_limit: Value of write = 0
[33726.344108] write_proc_unbounded: Value of write = 0
[33726.344115] write_proc_bitmap_shift: Value of write = 37
[33726.344115] write_proc_bitmap_shift: Value of write = 37
[33726.344117] write_proc_bitmap_shift: Value of write = 37
[33726.344121] write_proc_2mb_limit: Value of write = 0
[33726.344130] write_proc_unbounded: Value of write = 0
[33726.344133] write_proc_bitmap_shift: Value of write = 37
[33726.344136] write_proc_2mb_limit: Value of write = 0
[33726.344140] write_proc_bitmap_shift: Value of write = 37
[33726.344157] write_proc_unbounded: Value of write = 0
[33726.344165] write_proc_2mb_limit: Value of write = 0
[33726.344171] write_proc_bitmap_shift: Value of write = 37
[33726.344175] write_proc_unbounded: Value of write = 0
[33726.344175] write_proc_unbounded: Value of write = 0
[33726.344183] write_proc_2mb_limit: Value of write = 0
[33726.344185] write_proc_2mb_limit: Value of write = 0
[33726.344189] write_proc_bitmap_shift: Value of write = 37
[33726.344191] write_proc_unbounded: Value of write = 0
[33726.344192] write_proc_bitmap_shift: Value of write = 37
[33726.344205] write_proc_2mb_limit: Value of write = 0
[33726.344211] write_proc_bitmap_shift: Value of write = 37
[33726.344210] write_proc_unbounded: Value of write = 0
[33726.344222] write_proc_unbounded: Value of write = 0
[33726.344225] write_proc_2mb_limit: Value of write = 0
[33726.344229] write_proc_2mb_limit: Value of write = 0
[33726.344229] write_proc_unbounded: Value of write = 0
[33726.344231] write_proc_bitmap_shift: Value of write = 37
[33726.344233] write_proc_bitmap_shift: Value of write = 37
[33726.344239] write_proc_2mb_limit: Value of write = 0
[33726.344244] write_proc_bitmap_shift: Value of write = 37
[33726.344262] write_proc_unbounded: Value of write = 0
[33726.344272] write_proc_2mb_limit: Value of write = 0
[33726.344277] write_proc_bitmap_shift: Value of write = 37
[33737.262445] write_proc_unbounded: Value of write = 0
[33737.262460] write_proc_2mb_limit: Value of write = 0
[33737.262598] write_proc_unbounded: Value of write = 0
[33737.262605] write_proc_2mb_limit: Value of write = 0
[33737.263830] write_proc_unbounded: Value of write = 0
[33737.263848] write_proc_2mb_limit: Value of write = 0
[33737.264230] write_proc_unbounded: Value of write = 0
[33737.264239] write_proc_2mb_limit: Value of write = 0
[33737.264363] write_proc_unbounded: Value of write = 0
[33737.264371] write_proc_2mb_limit: Value of write = 0
[33737.264411] write_proc_unbounded: Value of write = 0
[33737.264417] write_proc_2mb_limit: Value of write = 0
[33737.264464] write_proc_unbounded: Value of write = 0
[33737.264468] write_proc_2mb_limit: Value of write = 0
[33737.264713] write_proc_unbounded: Value of write = 0
[33737.264715] write_proc_unbounded: Value of write = 0
[33737.264721] write_proc_2mb_limit: Value of write = 0
[33737.264722] write_proc_2mb_limit: Value of write = 0
[33737.265144] write_proc_unbounded: Value of write = 0
[33737.265153] write_proc_2mb_limit: Value of write = 0
[33737.265413] write_proc_unbounded: Value of write = 0
[33737.265420] write_proc_2mb_limit: Value of write = 0
[33737.265571] write_proc_unbounded: Value of write = 0
[33737.265578] write_proc_2mb_limit: Value of write = 0
[33737.265612] write_proc_unbounded: Value of write = 0
[33737.265621] write_proc_2mb_limit: Value of write = 0
[33737.265740] write_proc_unbounded: Value of write = 0
[33737.265745] write_proc_2mb_limit: Value of write = 0
[33737.265893] write_proc_unbounded: Value of write = 0
[33737.265903] write_proc_2mb_limit: Value of write = 0
[33737.265963] write_proc_unbounded: Value of write = 0
[33737.265970] write_proc_2mb_limit: Value of write = 0
