ENABLE_FILE_STATS in con
ENABLE_FILE_STATS in con
RocksDB:    version 6.20
Date:       Wed Aug 10 18:27:54 2022
CPU:        48 * AMD EPYC 7402P 24-Core Processor
CPUCache:   512 KB
Initializing RocksDB Options from the specified file
Initializing RocksDB Options from command-line flags
Keys:       1000 bytes each (+ 0 bytes user-defined timestamp)
Values:     4096 bytes each (2048 bytes after compression)
Entries:    2000000
Prefix:    0 bytes
Keys per prefix:    0
RawSize:    9719.8 MB (estimated)
FileSize:   5813.6 MB (estimated)
Write rate: 0 bytes/second
Read rate: 0 ops/second
Compression: Snappy
Compression sampling rate: 0
Memtablerep: skip_list
Perf Level: 1
------------------------------------------------
DB path: [/users/kannan11/ssd/sudarsun/prefetching/appbench/apps/rocksdb/DATA]
compact      :     156.000 micros/op 18181 ops/sec;
DESTRUCTOR GETTING CALLED 
PRINT_GLOBAL_STATS in dest
	Command being timed: "./db_bench --db=/users/kannan11/ssd/sudarsun/prefetching/appbench/apps/rocksdb/DATA --value_size=4096 --wal_dir=/users/kannan11/ssd/sudarsun/prefetching/appbench/apps/rocksdb/DATA/WAL_LOG --sync=0 --key_size=1000 --write_buffer_size=67108864 --num=2000000 --benchmarks=compact --use_existing_db=1 --mmap_read=0 --threads=8"
	User time (seconds): 0.27
	System time (seconds): 6.21
	Percent of CPU this job got: 381%
	Elapsed (wall clock) time (h:mm:ss or m:ss): 0:01.70
	Average shared text size (kbytes): 0
	Average unshared data size (kbytes): 0
	Average stack size (kbytes): 0
	Average total size (kbytes): 0
	Maximum resident set size (kbytes): 6206000
	Average resident set size (kbytes): 0
	Major (requiring I/O) page faults: 76
	Minor (reclaiming a frame) page faults: 1550242
	Voluntary context switches: 4104
	Involuntary context switches: 5
	Swaps: 0
	File system inputs: 127144
	File system outputs: 1664
	Socket messages sent: 0
	Socket messages received: 0
	Signals delivered: 0
	Page size (bytes): 4096
	Exit status: 0
DESTRUCTOR GETTING CALLED 
PRINT_GLOBAL_STATS in dest
[ 8956.994362] free_cross_bitmap: releasing mem for inode with i_count 2
[ 8957.001596] free_cross_bitmap: releasing mem for inode with i_count 2
[ 8957.009069] free_cross_bitmap: releasing mem for inode with i_count 2
[ 8957.016048] free_cross_bitmap: releasing mem for inode with i_count 2
[ 8957.022952] free_cross_bitmap: releasing mem for inode with i_count 2
[ 8957.030351] free_cross_bitmap: releasing mem for inode with i_count 2
[ 8957.037293] free_cross_bitmap: releasing mem for inode with i_count 2
[ 8957.044254] free_cross_bitmap: releasing mem for inode with i_count 2
[ 8957.051166] free_cross_bitmap: releasing mem for inode with i_count 2
[ 8957.058124] free_cross_bitmap: releasing mem for inode with i_count 2
[ 8957.065084] free_cross_bitmap: releasing mem for inode with i_count 2
[ 8957.072298] free_cross_bitmap: releasing mem for inode with i_count 2
[ 8957.079265] free_cross_bitmap: releasing mem for inode with i_count 2
[ 8957.086432] free_cross_bitmap: releasing mem for inode with i_count 2
[ 8957.093356] free_cross_bitmap: releasing mem for inode with i_count 2
[ 8957.100653] free_cross_bitmap: releasing mem for inode with i_count 2
[ 8957.107638] free_cross_bitmap: releasing mem for inode with i_count 2
[ 8957.115087] free_cross_bitmap: releasing mem for inode with i_count 2
[ 8957.122048] free_cross_bitmap: releasing mem for inode with i_count 2
[ 8957.129063] free_cross_bitmap: releasing mem for inode with i_count 2
[ 8957.136202] free_cross_bitmap: releasing mem for inode with i_count 2
[ 8957.143267] free_cross_bitmap: releasing mem for inode with i_count 2
[ 8957.150295] free_cross_bitmap: releasing mem for inode with i_count 2
[ 8957.157496] free_cross_bitmap: releasing mem for inode with i_count 2
[ 8957.164508] free_cross_bitmap: releasing mem for inode with i_count 2
[ 8957.171428] free_cross_bitmap: releasing mem for inode with i_count 2
[ 8957.178420] free_cross_bitmap: releasing mem for inode with i_count 2
[ 8957.185530] free_cross_bitmap: releasing mem for inode with i_count 2
[ 8957.192540] free_cross_bitmap: releasing mem for inode with i_count 2
[ 8957.199937] free_cross_bitmap: releasing mem for inode with i_count 2
[ 8957.207094] free_cross_bitmap: releasing mem for inode with i_count 2
[ 8957.214204] free_cross_bitmap: releasing mem for inode with i_count 2
[ 8957.221406] free_cross_bitmap: releasing mem for inode with i_count 2
[ 8957.228352] free_cross_bitmap: releasing mem for inode with i_count 2
[ 8957.235451] free_cross_bitmap: releasing mem for inode with i_count 2
[ 8957.243089] free_cross_bitmap: releasing mem for inode with i_count 2
[ 8957.250156] free_cross_bitmap: releasing mem for inode with i_count 2
[ 8957.257119] free_cross_bitmap: releasing mem for inode with i_count 2
[ 8957.264235] free_cross_bitmap: releasing mem for inode with i_count 2
[ 8957.271192] free_cross_bitmap: releasing mem for inode with i_count 2
[ 8957.278162] free_cross_bitmap: releasing mem for inode with i_count 2
[ 8957.285760] free_cross_bitmap: releasing mem for inode with i_count 2
[ 8957.292761] free_cross_bitmap: releasing mem for inode with i_count 2
[ 8957.299694] free_cross_bitmap: releasing mem for inode with i_count 2
[ 8957.306698] free_cross_bitmap: releasing mem for inode with i_count 2
[ 8957.313692] free_cross_bitmap: releasing mem for inode with i_count 2
[ 8957.320656] free_cross_bitmap: releasing mem for inode with i_count 2
[ 8957.327961] free_cross_bitmap: releasing mem for inode with i_count 2
[ 8957.334899] free_cross_bitmap: releasing mem for inode with i_count 2
[ 8957.341891] free_cross_bitmap: releasing mem for inode with i_count 2
[ 8957.348873] free_cross_bitmap: releasing mem for inode with i_count 2
[ 8957.355835] free_cross_bitmap: releasing mem for inode with i_count 2
[ 8957.362837] free_cross_bitmap: releasing mem for inode with i_count 2
[ 8957.370366] free_cross_bitmap: releasing mem for inode with i_count 2
[ 8957.377294] free_cross_bitmap: releasing mem for inode with i_count 2
[ 8957.384283] free_cross_bitmap: releasing mem for inode with i_count 2
[ 8957.391277] free_cross_bitmap: releasing mem for inode with i_count 2
[ 8957.398276] free_cross_bitmap: releasing mem for inode with i_count 2
[ 8957.405228] free_cross_bitmap: releasing mem for inode with i_count 2
[ 8957.412513] free_cross_bitmap: releasing mem for inode with i_count 2
[ 8957.419478] free_cross_bitmap: releasing mem for inode with i_count 2
[ 8957.426427] free_cross_bitmap: releasing mem for inode with i_count 2
[ 8957.433385] free_cross_bitmap: releasing mem for inode with i_count 2
[ 8957.440341] free_cross_bitmap: releasing mem for inode with i_count 2
[ 8957.447317] free_cross_bitmap: releasing mem for inode with i_count 2
[ 8957.454553] free_cross_bitmap: releasing mem for inode with i_count 2
[ 8957.461464] free_cross_bitmap: releasing mem for inode with i_count 2
[ 8957.468396] free_cross_bitmap: releasing mem for inode with i_count 2
[ 8957.475318] free_cross_bitmap: releasing mem for inode with i_count 2
[ 8957.482256] free_cross_bitmap: releasing mem for inode with i_count 2
[ 8957.489213] free_cross_bitmap: releasing mem for inode with i_count 2
[ 8957.496544] free_cross_bitmap: releasing mem for inode with i_count 2
[ 8957.503501] free_cross_bitmap: releasing mem for inode with i_count 2
[ 8957.510505] free_cross_bitmap: releasing mem for inode with i_count 2
[ 8957.517432] free_cross_bitmap: releasing mem for inode with i_count 2
[ 8957.524383] free_cross_bitmap: releasing mem for inode with i_count 2
[ 8957.531293] free_cross_bitmap: releasing mem for inode with i_count 2
[ 8957.538744] free_cross_bitmap: releasing mem for inode with i_count 2
[ 8957.545679] free_cross_bitmap: releasing mem for inode with i_count 2
[ 8957.552652] free_cross_bitmap: releasing mem for inode with i_count 2
[ 8957.559612] free_cross_bitmap: releasing mem for inode with i_count 2
[ 8957.566536] free_cross_bitmap: releasing mem for inode with i_count 2
[ 8957.573506] free_cross_bitmap: releasing mem for inode with i_count 2
[ 8957.580862] free_cross_bitmap: releasing mem for inode with i_count 2
[ 8957.587832] free_cross_bitmap: releasing mem for inode with i_count 2
[ 8957.594748] free_cross_bitmap: releasing mem for inode with i_count 2
[ 8957.601673] free_cross_bitmap: releasing mem for inode with i_count 2
[ 8957.608654] free_cross_bitmap: releasing mem for inode with i_count 2
[ 8957.615587] free_cross_bitmap: releasing mem for inode with i_count 2
[ 8957.622833] free_cross_bitmap: releasing mem for inode with i_count 2
[ 8957.629784] free_cross_bitmap: releasing mem for inode with i_count 2
[ 8957.636678] free_cross_bitmap: releasing mem for inode with i_count 2
[ 8957.643662] free_cross_bitmap: releasing mem for inode with i_count 2
[ 8957.650660] free_cross_bitmap: releasing mem for inode with i_count 2
[ 8957.657617] free_cross_bitmap: releasing mem for inode with i_count 2
[ 8957.664923] free_cross_bitmap: releasing mem for inode with i_count 2
[ 8957.671872] free_cross_bitmap: releasing mem for inode with i_count 2
[ 8957.678862] free_cross_bitmap: releasing mem for inode with i_count 2
[ 8957.685784] free_cross_bitmap: releasing mem for inode with i_count 2
[ 8957.692729] free_cross_bitmap: releasing mem for inode with i_count 2
[ 8957.699703] free_cross_bitmap: releasing mem for inode with i_count 2
[ 8957.706910] free_cross_bitmap: releasing mem for inode with i_count 2
[ 8957.713892] free_cross_bitmap: releasing mem for inode with i_count 2
[ 8957.720864] free_cross_bitmap: releasing mem for inode with i_count 2
[ 8957.727828] free_cross_bitmap: releasing mem for inode with i_count 2
[ 8957.734827] free_cross_bitmap: releasing mem for inode with i_count 2
[ 8957.741805] free_cross_bitmap: releasing mem for inode with i_count 2
[ 8957.749103] free_cross_bitmap: releasing mem for inode with i_count 2
[ 8957.756071] free_cross_bitmap: releasing mem for inode with i_count 2
[ 8957.763053] free_cross_bitmap: releasing mem for inode with i_count 2
[ 8957.770031] free_cross_bitmap: releasing mem for inode with i_count 2
[ 8957.776933] free_cross_bitmap: releasing mem for inode with i_count 2
[ 8957.783880] free_cross_bitmap: releasing mem for inode with i_count 2
[ 8957.791126] free_cross_bitmap: releasing mem for inode with i_count 2
[ 8957.798037] free_cross_bitmap: releasing mem for inode with i_count 2
[ 8957.804989] free_cross_bitmap: releasing mem for inode with i_count 2
[ 8957.811965] free_cross_bitmap: releasing mem for inode with i_count 2
[ 8957.818957] free_cross_bitmap: releasing mem for inode with i_count 2
[ 8957.825905] free_cross_bitmap: releasing mem for inode with i_count 2
[ 8957.833265] free_cross_bitmap: releasing mem for inode with i_count 2
[ 8957.840228] free_cross_bitmap: releasing mem for inode with i_count 2
[ 8957.847155] free_cross_bitmap: releasing mem for inode with i_count 2
[ 8957.854077] free_cross_bitmap: releasing mem for inode with i_count 2
[ 8957.861012] free_cross_bitmap: releasing mem for inode with i_count 2
[ 8957.867966] free_cross_bitmap: releasing mem for inode with i_count 2
[ 8957.875300] free_cross_bitmap: releasing mem for inode with i_count 2
[ 8957.882214] free_cross_bitmap: releasing mem for inode with i_count 2
[ 8957.889181] free_cross_bitmap: releasing mem for inode with i_count 2
[ 8957.896147] free_cross_bitmap: releasing mem for inode with i_count 2
[ 8957.903089] free_cross_bitmap: releasing mem for inode with i_count 2
[ 8957.910015] free_cross_bitmap: releasing mem for inode with i_count 2
[ 8957.917411] free_cross_bitmap: releasing mem for inode with i_count 2
[ 8957.924337] free_cross_bitmap: releasing mem for inode with i_count 2
[ 8957.931250] free_cross_bitmap: releasing mem for inode with i_count 2
[ 8957.938156] free_cross_bitmap: releasing mem for inode with i_count 2
[ 8957.945090] free_cross_bitmap: releasing mem for inode with i_count 2
[ 8957.951994] free_cross_bitmap: releasing mem for inode with i_count 2
[ 8957.959449] free_cross_bitmap: releasing mem for inode with i_count 2
[ 8957.966367] free_cross_bitmap: releasing mem for inode with i_count 2
[ 8957.973274] free_cross_bitmap: releasing mem for inode with i_count 2
[ 8957.980212] free_cross_bitmap: releasing mem for inode with i_count 2
[ 8957.987157] free_cross_bitmap: releasing mem for inode with i_count 2
[ 8957.994080] free_cross_bitmap: releasing mem for inode with i_count 2
[ 8958.001609] free_cross_bitmap: releasing mem for inode with i_count 2
[ 8958.008517] free_cross_bitmap: releasing mem for inode with i_count 2
[ 8958.015475] free_cross_bitmap: releasing mem for inode with i_count 2
[ 8958.022387] free_cross_bitmap: releasing mem for inode with i_count 2
[ 8958.029262] free_cross_bitmap: releasing mem for inode with i_count 2
[ 8958.036162] free_cross_bitmap: releasing mem for inode with i_count 2
[ 8958.043549] free_cross_bitmap: releasing mem for inode with i_count 2
[ 8958.050474] free_cross_bitmap: releasing mem for inode with i_count 2
[ 8958.057411] free_cross_bitmap: releasing mem for inode with i_count 2
[ 8958.064304] free_cross_bitmap: releasing mem for inode with i_count 2
[ 8958.071201] free_cross_bitmap: releasing mem for inode with i_count 2
[ 8958.078099] free_cross_bitmap: releasing mem for inode with i_count 2
[ 8958.085405] free_cross_bitmap: releasing mem for inode with i_count 2
[ 8958.092334] free_cross_bitmap: releasing mem for inode with i_count 2
[ 8958.099237] free_cross_bitmap: releasing mem for inode with i_count 2
[ 8958.106170] free_cross_bitmap: releasing mem for inode with i_count 2
[ 8958.113133] free_cross_bitmap: releasing mem for inode with i_count 2
[ 8958.120068] free_cross_bitmap: releasing mem for inode with i_count 2
[ 8958.127387] free_cross_bitmap: releasing mem for inode with i_count 2
[ 8958.134276] free_cross_bitmap: releasing mem for inode with i_count 2
[ 8958.141177] free_cross_bitmap: releasing mem for inode with i_count 2
[ 8958.148078] free_cross_bitmap: releasing mem for inode with i_count 2
[ 8958.155016] free_cross_bitmap: releasing mem for inode with i_count 2
[ 8958.161943] free_cross_bitmap: releasing mem for inode with i_count 2
[ 8958.169157] free_cross_bitmap: releasing mem for inode with i_count 2
[ 8958.176062] free_cross_bitmap: releasing mem for inode with i_count 2
[ 8958.182978] free_cross_bitmap: releasing mem for inode with i_count 2
[ 8958.189859] free_cross_bitmap: releasing mem for inode with i_count 2
[ 8958.196759] free_cross_bitmap: releasing mem for inode with i_count 2
[ 8958.203653] free_cross_bitmap: releasing mem for inode with i_count 2
[ 8958.210910] free_cross_bitmap: releasing mem for inode with i_count 2
[ 8958.217843] free_cross_bitmap: releasing mem for inode with i_count 2
[ 8958.224762] free_cross_bitmap: releasing mem for inode with i_count 2
[ 8958.231700] free_cross_bitmap: releasing mem for inode with i_count 2
[ 8958.238663] free_cross_bitmap: releasing mem for inode with i_count 2
[ 8958.245576] free_cross_bitmap: releasing mem for inode with i_count 2
[ 8958.252823] free_cross_bitmap: releasing mem for inode with i_count 2
[ 8958.259709] free_cross_bitmap: releasing mem for inode with i_count 2
[ 8958.266615] free_cross_bitmap: releasing mem for inode with i_count 2
[ 8958.273516] free_cross_bitmap: releasing mem for inode with i_count 2
[ 8958.280436] free_cross_bitmap: releasing mem for inode with i_count 2
[ 8958.287357] free_cross_bitmap: releasing mem for inode with i_count 2
[ 8958.296491] free_cross_bitmap: releasing mem for inode with i_count 2
[ 8958.303736] sh (48047): drop_caches: 3
[ 8958.335583] sh (48238): drop_caches: 3
[ 8963.359700] Enabled file stats for time:48245
[ 8963.359920] write_proc: Value of write = 1
[ 8963.364877] Enabled file stats for db_bench:48254
[ 8963.365069] write_proc: Value of write = 1
[ 8963.415918] alloc_cross_bitmap: preallocate 268435456 pg, nr_longs=4194304 in 12 millisec
[ 8963.419319] alloc_cross_bitmap: preallocate 268435456 pg, nr_longs=4194304 in 16 millisec
[ 8963.419601] alloc_cross_bitmap: preallocate 268435456 pg, nr_longs=4194304 in 12 millisec
[ 8963.419956] alloc_cross_bitmap: preallocate 268435456 pg, nr_longs=4194304 in 16 millisec
[ 8963.420969] alloc_cross_bitmap: preallocate 268435456 pg, nr_longs=4194304 in 16 millisec
[ 8963.421099] alloc_cross_bitmap: preallocate 268435456 pg, nr_longs=4194304 in 16 millisec
[ 8963.421368] alloc_cross_bitmap: preallocate 268435456 pg, nr_longs=4194304 in 16 millisec
[ 8963.422056] alloc_cross_bitmap: preallocate 268435456 pg, nr_longs=4194304 in 12 millisec
[ 8963.422055] alloc_cross_bitmap: preallocate 268435456 pg, nr_longs=4194304 in 12 millisec
[ 8963.422137] alloc_cross_bitmap: preallocate 268435456 pg, nr_longs=4194304 in 12 millisec
[ 8963.422158] alloc_cross_bitmap: preallocate 268435456 pg, nr_longs=4194304 in 12 millisec
[ 8963.422303] alloc_cross_bitmap: preallocate 268435456 pg, nr_longs=4194304 in 16 millisec
[ 8963.422303] alloc_cross_bitmap: preallocate 268435456 pg, nr_longs=4194304 in 16 millisec
[ 8963.422784] alloc_cross_bitmap: preallocate 268435456 pg, nr_longs=4194304 in 20 millisec
[ 8963.423571] alloc_cross_bitmap: preallocate 268435456 pg, nr_longs=4194304 in 16 millisec
[ 8963.423611] alloc_cross_bitmap: preallocate 268435456 pg, nr_longs=4194304 in 16 millisec
[ 8963.439521] alloc_cross_bitmap: preallocate 268435456 pg, nr_longs=4194304 in 4 millisec
[ 8963.447435] alloc_cross_bitmap: preallocate 268435456 pg, nr_longs=4194304 in 4 millisec
[ 8963.448774] alloc_cross_bitmap: preallocate 268435456 pg, nr_longs=4194304 in 4 millisec
[ 8963.450001] alloc_cross_bitmap: preallocate 268435456 pg, nr_longs=4194304 in 4 millisec
[ 8963.452015] alloc_cross_bitmap: preallocate 268435456 pg, nr_longs=4194304 in 4 millisec
[ 8963.455336] alloc_cross_bitmap: preallocate 268435456 pg, nr_longs=4194304 in 8 millisec
[ 8963.456332] alloc_cross_bitmap: preallocate 268435456 pg, nr_longs=4194304 in 8 millisec
[ 8963.456676] alloc_cross_bitmap: preallocate 268435456 pg, nr_longs=4194304 in 8 millisec
[ 8963.456875] alloc_cross_bitmap: preallocate 268435456 pg, nr_longs=4194304 in 8 millisec
[ 8963.457301] alloc_cross_bitmap: preallocate 268435456 pg, nr_longs=4194304 in 8 millisec
[ 8963.457424] alloc_cross_bitmap: preallocate 268435456 pg, nr_longs=4194304 in 8 millisec
[ 8963.459081] alloc_cross_bitmap: preallocate 268435456 pg, nr_longs=4194304 in 12 millisec
[ 8963.459168] alloc_cross_bitmap: preallocate 268435456 pg, nr_longs=4194304 in 12 millisec
[ 8963.459240] alloc_cross_bitmap: preallocate 268435456 pg, nr_longs=4194304 in 12 millisec
[ 8963.460565] alloc_cross_bitmap: preallocate 268435456 pg, nr_longs=4194304 in 4 millisec
[ 8963.467364] alloc_cross_bitmap: preallocate 268435456 pg, nr_longs=4194304 in 4 millisec
[ 8963.472134] alloc_cross_bitmap: preallocate 268435456 pg, nr_longs=4194304 in 4 millisec
[ 8963.476736] alloc_cross_bitmap: preallocate 268435456 pg, nr_longs=4194304 in 4 millisec
[ 8963.484295] alloc_cross_bitmap: preallocate 268435456 pg, nr_longs=4194304 in 4 millisec
[ 8963.486282] alloc_cross_bitmap: preallocate 268435456 pg, nr_longs=4194304 in 8 millisec
[ 8963.486764] alloc_cross_bitmap: preallocate 268435456 pg, nr_longs=4194304 in 8 millisec
[ 8963.489285] alloc_cross_bitmap: preallocate 268435456 pg, nr_longs=4194304 in 4 millisec
[ 8963.490174] alloc_cross_bitmap: preallocate 268435456 pg, nr_longs=4194304 in 4 millisec
[ 8963.490230] alloc_cross_bitmap: preallocate 268435456 pg, nr_longs=4194304 in 4 millisec
[ 8963.491889] alloc_cross_bitmap: preallocate 268435456 pg, nr_longs=4194304 in 8 millisec
[ 8963.492035] alloc_cross_bitmap: preallocate 268435456 pg, nr_longs=4194304 in 8 millisec
[ 8963.492935] alloc_cross_bitmap: preallocate 268435456 pg, nr_longs=4194304 in 8 millisec
[ 8963.493172] alloc_cross_bitmap: preallocate 268435456 pg, nr_longs=4194304 in 8 millisec
[ 8963.493518] alloc_cross_bitmap: preallocate 268435456 pg, nr_longs=4194304 in 8 millisec
[ 8963.493900] alloc_cross_bitmap: preallocate 268435456 pg, nr_longs=4194304 in 4 millisec
[ 8963.497311] alloc_cross_bitmap: preallocate 268435456 pg, nr_longs=4194304 in 4 millisec
[ 8963.497573] alloc_cross_bitmap: preallocate 268435456 pg, nr_longs=4194304 in 4 millisec
[ 8963.499110] alloc_cross_bitmap: preallocate 268435456 pg, nr_longs=4194304 in 4 millisec
[ 8963.503611] alloc_cross_bitmap: preallocate 268435456 pg, nr_longs=4194304 in 4 millisec
[ 8963.504820] alloc_cross_bitmap: preallocate 268435456 pg, nr_longs=4194304 in 4 millisec
[ 8963.506858] alloc_cross_bitmap: preallocate 268435456 pg, nr_longs=4194304 in 4 millisec
[ 8963.507354] alloc_cross_bitmap: preallocate 268435456 pg, nr_longs=4194304 in 4 millisec
[ 8963.554595] alloc_cross_bitmap: preallocate 268435456 pg, nr_longs=4194304 in 12 millisec
[ 8963.554643] alloc_cross_bitmap: preallocate 268435456 pg, nr_longs=4194304 in 12 millisec
[ 8963.554841] alloc_cross_bitmap: preallocate 268435456 pg, nr_longs=4194304 in 12 millisec
[ 8963.555573] alloc_cross_bitmap: preallocate 268435456 pg, nr_longs=4194304 in 12 millisec
[ 8963.555587] alloc_cross_bitmap: preallocate 268435456 pg, nr_longs=4194304 in 12 millisec
[ 8963.555614] alloc_cross_bitmap: preallocate 268435456 pg, nr_longs=4194304 in 12 millisec
[ 8963.555646] alloc_cross_bitmap: preallocate 268435456 pg, nr_longs=4194304 in 12 millisec
[ 8963.555702] alloc_cross_bitmap: preallocate 268435456 pg, nr_longs=4194304 in 12 millisec
[ 8963.556025] alloc_cross_bitmap: preallocate 268435456 pg, nr_longs=4194304 in 12 millisec
[ 8963.556264] alloc_cross_bitmap: preallocate 268435456 pg, nr_longs=4194304 in 12 millisec
[ 8963.556312] alloc_cross_bitmap: preallocate 268435456 pg, nr_longs=4194304 in 12 millisec
[ 8963.556708] alloc_cross_bitmap: preallocate 268435456 pg, nr_longs=4194304 in 12 millisec
[ 8963.556746] alloc_cross_bitmap: preallocate 268435456 pg, nr_longs=4194304 in 12 millisec
[ 8963.556771] alloc_cross_bitmap: preallocate 268435456 pg, nr_longs=4194304 in 12 millisec
[ 8963.556807] alloc_cross_bitmap: preallocate 268435456 pg, nr_longs=4194304 in 12 millisec
[ 8963.585465] alloc_cross_bitmap: preallocate 268435456 pg, nr_longs=4194304 in 4 millisec
[ 8963.585656] alloc_cross_bitmap: preallocate 268435456 pg, nr_longs=4194304 in 4 millisec
[ 8963.586219] alloc_cross_bitmap: preallocate 268435456 pg, nr_longs=4194304 in 4 millisec
[ 8963.591618] alloc_cross_bitmap: preallocate 268435456 pg, nr_longs=4194304 in 8 millisec
[ 8963.592034] alloc_cross_bitmap: preallocate 268435456 pg, nr_longs=4194304 in 8 millisec
[ 8963.592243] alloc_cross_bitmap: preallocate 268435456 pg, nr_longs=4194304 in 8 millisec
[ 8963.593202] alloc_cross_bitmap: preallocate 268435456 pg, nr_longs=4194304 in 8 millisec
[ 8963.593251] alloc_cross_bitmap: preallocate 268435456 pg, nr_longs=4194304 in 8 millisec
[ 8963.593741] alloc_cross_bitmap: preallocate 268435456 pg, nr_longs=4194304 in 8 millisec
[ 8963.594748] alloc_cross_bitmap: preallocate 268435456 pg, nr_longs=4194304 in 12 millisec
[ 8963.595011] alloc_cross_bitmap: preallocate 268435456 pg, nr_longs=4194304 in 12 millisec
[ 8963.595175] alloc_cross_bitmap: preallocate 268435456 pg, nr_longs=4194304 in 12 millisec
[ 8963.595612] alloc_cross_bitmap: preallocate 268435456 pg, nr_longs=4194304 in 12 millisec
[ 8963.595625] alloc_cross_bitmap: preallocate 268435456 pg, nr_longs=4194304 in 12 millisec
[ 8963.595628] alloc_cross_bitmap: preallocate 268435456 pg, nr_longs=4194304 in 12 millisec
[ 8963.595637] alloc_cross_bitmap: preallocate 268435456 pg, nr_longs=4194304 in 12 millisec
[ 8963.610809] alloc_cross_bitmap: preallocate 268435456 pg, nr_longs=4194304 in 4 millisec
[ 8963.611045] alloc_cross_bitmap: preallocate 268435456 pg, nr_longs=4194304 in 4 millisec
[ 8963.611694] alloc_cross_bitmap: preallocate 268435456 pg, nr_longs=4194304 in 4 millisec
[ 8963.621202] alloc_cross_bitmap: preallocate 268435456 pg, nr_longs=4194304 in 4 millisec
[ 8963.621245] alloc_cross_bitmap: preallocate 268435456 pg, nr_longs=4194304 in 4 millisec
[ 8963.624929] alloc_cross_bitmap: preallocate 268435456 pg, nr_longs=4194304 in 4 millisec
[ 8963.625157] alloc_cross_bitmap: preallocate 268435456 pg, nr_longs=4194304 in 4 millisec
[ 8963.625210] alloc_cross_bitmap: preallocate 268435456 pg, nr_longs=4194304 in 4 millisec
[ 8963.629496] alloc_cross_bitmap: preallocate 268435456 pg, nr_longs=4194304 in 4 millisec
[ 8963.629779] alloc_cross_bitmap: preallocate 268435456 pg, nr_longs=4194304 in 4 millisec
[ 8963.630992] alloc_cross_bitmap: preallocate 268435456 pg, nr_longs=4194304 in 8 millisec
[ 8963.631908] alloc_cross_bitmap: preallocate 268435456 pg, nr_longs=4194304 in 8 millisec
[ 8963.632169] alloc_cross_bitmap: preallocate 268435456 pg, nr_longs=4194304 in 8 millisec
[ 8963.632267] alloc_cross_bitmap: preallocate 268435456 pg, nr_longs=4194304 in 8 millisec
[ 8963.632301] alloc_cross_bitmap: preallocate 268435456 pg, nr_longs=4194304 in 8 millisec
[ 8963.637715] alloc_cross_bitmap: preallocate 268435456 pg, nr_longs=4194304 in 4 millisec
[ 8963.637798] alloc_cross_bitmap: preallocate 268435456 pg, nr_longs=4194304 in 4 millisec
[ 8963.637971] alloc_cross_bitmap: preallocate 268435456 pg, nr_longs=4194304 in 4 millisec
[ 8963.638205] alloc_cross_bitmap: preallocate 268435456 pg, nr_longs=4194304 in 4 millisec
[ 8963.651665] alloc_cross_bitmap: preallocate 268435456 pg, nr_longs=4194304 in 4 millisec
[ 8963.652025] alloc_cross_bitmap: preallocate 268435456 pg, nr_longs=4194304 in 4 millisec
[ 8963.652571] alloc_cross_bitmap: preallocate 268435456 pg, nr_longs=4194304 in 4 millisec
[ 8963.658594] alloc_cross_bitmap: preallocate 268435456 pg, nr_longs=4194304 in 8 millisec
[ 8963.658741] alloc_cross_bitmap: preallocate 268435456 pg, nr_longs=4194304 in 8 millisec
[ 8963.659235] alloc_cross_bitmap: preallocate 268435456 pg, nr_longs=4194304 in 8 millisec
[ 8963.659811] alloc_cross_bitmap: preallocate 268435456 pg, nr_longs=4194304 in 4 millisec
[ 8963.660360] alloc_cross_bitmap: preallocate 268435456 pg, nr_longs=4194304 in 4 millisec
[ 8963.660584] alloc_cross_bitmap: preallocate 268435456 pg, nr_longs=4194304 in 4 millisec
[ 8963.661403] alloc_cross_bitmap: preallocate 268435456 pg, nr_longs=4194304 in 4 millisec
[ 8963.661412] alloc_cross_bitmap: preallocate 268435456 pg, nr_longs=4194304 in 4 millisec
[ 8963.722581] alloc_cross_bitmap: preallocate 268435456 pg, nr_longs=4194304 in 12 millisec
[ 8963.722826] alloc_cross_bitmap: preallocate 268435456 pg, nr_longs=4194304 in 12 millisec
[ 8963.723312] alloc_cross_bitmap: preallocate 268435456 pg, nr_longs=4194304 in 12 millisec
[ 8963.723326] alloc_cross_bitmap: preallocate 268435456 pg, nr_longs=4194304 in 12 millisec
[ 8963.723377] alloc_cross_bitmap: preallocate 268435456 pg, nr_longs=4194304 in 12 millisec
[ 8963.723571] alloc_cross_bitmap: preallocate 268435456 pg, nr_longs=4194304 in 12 millisec
[ 8963.723756] alloc_cross_bitmap: preallocate 268435456 pg, nr_longs=4194304 in 12 millisec
[ 8963.724043] alloc_cross_bitmap: preallocate 268435456 pg, nr_longs=4194304 in 12 millisec
[ 8963.724201] alloc_cross_bitmap: preallocate 268435456 pg, nr_longs=4194304 in 12 millisec
[ 8963.724294] alloc_cross_bitmap: preallocate 268435456 pg, nr_longs=4194304 in 12 millisec
[ 8963.724293] alloc_cross_bitmap: preallocate 268435456 pg, nr_longs=4194304 in 12 millisec
[ 8963.724639] alloc_cross_bitmap: preallocate 268435456 pg, nr_longs=4194304 in 12 millisec
[ 8963.724645] alloc_cross_bitmap: preallocate 268435456 pg, nr_longs=4194304 in 12 millisec
[ 8963.724659] alloc_cross_bitmap: preallocate 268435456 pg, nr_longs=4194304 in 12 millisec
[ 8963.724668] alloc_cross_bitmap: preallocate 268435456 pg, nr_longs=4194304 in 12 millisec
[ 8963.752039] alloc_cross_bitmap: preallocate 268435456 pg, nr_longs=4194304 in 4 millisec
[ 8963.754862] alloc_cross_bitmap: preallocate 268435456 pg, nr_longs=4194304 in 4 millisec
[ 8963.755560] alloc_cross_bitmap: preallocate 268435456 pg, nr_longs=4194304 in 4 millisec
[ 8963.758918] alloc_cross_bitmap: preallocate 268435456 pg, nr_longs=4194304 in 8 millisec
[ 8963.762163] alloc_cross_bitmap: preallocate 268435456 pg, nr_longs=4194304 in 8 millisec
[ 8963.762344] alloc_cross_bitmap: preallocate 268435456 pg, nr_longs=4194304 in 12 millisec
[ 8963.762480] alloc_cross_bitmap: preallocate 268435456 pg, nr_longs=4194304 in 12 millisec
[ 8963.762665] alloc_cross_bitmap: preallocate 268435456 pg, nr_longs=4194304 in 12 millisec
[ 8963.762686] alloc_cross_bitmap: preallocate 268435456 pg, nr_longs=4194304 in 12 millisec
[ 8963.763085] alloc_cross_bitmap: preallocate 268435456 pg, nr_longs=4194304 in 12 millisec
[ 8963.763219] alloc_cross_bitmap: preallocate 268435456 pg, nr_longs=4194304 in 12 millisec
[ 8963.763378] alloc_cross_bitmap: preallocate 268435456 pg, nr_longs=4194304 in 12 millisec
[ 8963.763844] alloc_cross_bitmap: preallocate 268435456 pg, nr_longs=4194304 in 12 millisec
[ 8963.763850] alloc_cross_bitmap: preallocate 268435456 pg, nr_longs=4194304 in 12 millisec
[ 8963.763851] alloc_cross_bitmap: preallocate 268435456 pg, nr_longs=4194304 in 12 millisec
[ 8963.763862] alloc_cross_bitmap: preallocate 268435456 pg, nr_longs=4194304 in 12 millisec
[ 8963.772345] alloc_cross_bitmap: preallocate 268435456 pg, nr_longs=4194304 in 4 millisec
[ 8963.778598] alloc_cross_bitmap: preallocate 268435456 pg, nr_longs=4194304 in 4 millisec
[ 8963.782389] alloc_cross_bitmap: preallocate 268435456 pg, nr_longs=4194304 in 4 millisec
[ 8963.787516] alloc_cross_bitmap: preallocate 268435456 pg, nr_longs=4194304 in 4 millisec
[ 8963.796011] alloc_cross_bitmap: preallocate 268435456 pg, nr_longs=4194304 in 4 millisec
[ 8963.798458] alloc_cross_bitmap: preallocate 268435456 pg, nr_longs=4194304 in 8 millisec
[ 8963.799622] alloc_cross_bitmap: preallocate 268435456 pg, nr_longs=4194304 in 8 millisec
[ 8963.799993] alloc_cross_bitmap: preallocate 268435456 pg, nr_longs=4194304 in 8 millisec
[ 8963.800580] alloc_cross_bitmap: preallocate 268435456 pg, nr_longs=4194304 in 8 millisec
[ 8963.800792] alloc_cross_bitmap: preallocate 268435456 pg, nr_longs=4194304 in 8 millisec
[ 8963.801706] alloc_cross_bitmap: preallocate 268435456 pg, nr_longs=4194304 in 8 millisec
[ 8963.801806] alloc_cross_bitmap: preallocate 268435456 pg, nr_longs=4194304 in 8 millisec
[ 8963.802327] alloc_cross_bitmap: preallocate 268435456 pg, nr_longs=4194304 in 12 millisec
[ 8963.802397] alloc_cross_bitmap: preallocate 268435456 pg, nr_longs=4194304 in 8 millisec
[ 8963.802480] alloc_cross_bitmap: preallocate 268435456 pg, nr_longs=4194304 in 12 millisec
[ 8963.802492] alloc_cross_bitmap: preallocate 268435456 pg, nr_longs=4194304 in 12 millisec
[ 8963.802507] alloc_cross_bitmap: preallocate 268435456 pg, nr_longs=4194304 in 12 millisec
[ 8963.804275] alloc_cross_bitmap: preallocate 268435456 pg, nr_longs=4194304 in 4 millisec
[ 8963.805789] alloc_cross_bitmap: preallocate 268435456 pg, nr_longs=4194304 in 4 millisec
[ 8963.808903] alloc_cross_bitmap: preallocate 268435456 pg, nr_longs=4194304 in 4 millisec
[ 8963.822126] alloc_cross_bitmap: preallocate 268435456 pg, nr_longs=4194304 in 0 millisec
[ 8963.827122] alloc_cross_bitmap: preallocate 268435456 pg, nr_longs=4194304 in 4 millisec
[ 8963.829283] alloc_cross_bitmap: preallocate 268435456 pg, nr_longs=4194304 in 4 millisec
[ 8963.830865] alloc_cross_bitmap: preallocate 268435456 pg, nr_longs=4194304 in 8 millisec
[ 8963.831260] alloc_cross_bitmap: preallocate 268435456 pg, nr_longs=4194304 in 4 millisec
[ 8963.832208] alloc_cross_bitmap: preallocate 268435456 pg, nr_longs=4194304 in 4 millisec
[ 8963.832864] alloc_cross_bitmap: preallocate 268435456 pg, nr_longs=4194304 in 4 millisec
[ 8963.834599] alloc_cross_bitmap: preallocate 268435456 pg, nr_longs=4194304 in 8 millisec
[ 8963.834815] alloc_cross_bitmap: preallocate 268435456 pg, nr_longs=4194304 in 8 millisec
[ 8963.834975] alloc_cross_bitmap: preallocate 268435456 pg, nr_longs=4194304 in 8 millisec
[ 8963.835365] alloc_cross_bitmap: preallocate 268435456 pg, nr_longs=4194304 in 8 millisec
[ 8963.836288] alloc_cross_bitmap: preallocate 268435456 pg, nr_longs=4194304 in 4 millisec
[ 8963.836764] alloc_cross_bitmap: preallocate 268435456 pg, nr_longs=4194304 in 4 millisec
[ 8963.845128] alloc_cross_bitmap: preallocate 268435456 pg, nr_longs=4194304 in 4 millisec
[ 8963.848714] alloc_cross_bitmap: preallocate 268435456 pg, nr_longs=4194304 in 4 millisec
[ 8963.850937] alloc_cross_bitmap: preallocate 268435456 pg, nr_longs=4194304 in 4 millisec
[ 8963.851153] alloc_cross_bitmap: preallocate 268435456 pg, nr_longs=4194304 in 4 millisec
[ 8963.852727] alloc_cross_bitmap: preallocate 268435456 pg, nr_longs=4194304 in 4 millisec
[ 8963.852727] alloc_cross_bitmap: preallocate 268435456 pg, nr_longs=4194304 in 4 millisec
[ 8963.853923] alloc_cross_bitmap: preallocate 268435456 pg, nr_longs=4194304 in 4 millisec
[ 8963.854786] alloc_cross_bitmap: preallocate 268435456 pg, nr_longs=4194304 in 4 millisec
[ 8965.059448] write_proc: Value of write = 0
[ 8965.059468] __do_sys_start_cross_trace: PRINT_GLOBAL_STATS 
[ 8965.059470] Final GlobalReport: nr_pages_read:13201642687, nr_pages_hit:12915961085, nr_do_read_fault:6911073, nr_pages_miss:103874919
[ 8965.059522] FinalTaskReport: db_bench:48254 - ra_orig_nr_pages:0, ra_final_nr_pages:0
                                        async_pages:1180, final_async_pages:2184
                                        full_pfetches:0, less256_pfetches:0, partial_pfetches:0
                                        failed_pfetches:0, total_pfetches:0, os_pfetches:90
                                        nr_pages_read:1962, nr_pages_hit:1041, nr_do_read_fault:173
[ 8965.061814] write_proc: Value of write = 0
[ 8965.061830] __do_sys_start_cross_trace: PRINT_GLOBAL_STATS 
[ 8965.061831] Final GlobalReport: nr_pages_read:13201642687, nr_pages_hit:12915961085, nr_do_read_fault:6911078, nr_pages_miss:103874919
[ 8965.061876] FinalTaskReport: time:48245 - ra_orig_nr_pages:0, ra_final_nr_pages:0
                                        async_pages:0, final_async_pages:25
                                        full_pfetches:0, less256_pfetches:0, partial_pfetches:0
                                        failed_pfetches:0, total_pfetches:0, os_pfetches:1
                                        nr_pages_read:0, nr_pages_hit:0, nr_do_read_fault:16
