Command terminated by signal 9
	Command being timed: "./db_bench --db=/users/shaleen/ssd/sudarsun/prefetching/appbench/apps/rocksdb/DATA --value_size=4096 --wal_dir=/users/shaleen/ssd/sudarsun/prefetching/appbench/apps/rocksdb/DATA/WAL_LOG --sync=0 --key_size=1000 --write_buffer_size=67108864 --num=4000000 --benchmarks=compact --use_existing_db=1 --mmap_read=0 --threads=8"
	User time (seconds): 0.02
	System time (seconds): 0.32
	Percent of CPU this job got: 16%
	Elapsed (wall clock) time (h:mm:ss or m:ss): 0:02.12
	Average shared text size (kbytes): 0
	Average unshared data size (kbytes): 0
	Average stack size (kbytes): 0
	Average total size (kbytes): 0
	Maximum resident set size (kbytes): 5316
	Average resident set size (kbytes): 0
	Major (requiring I/O) page faults: 35448
	Minor (reclaiming a frame) page faults: 22876
	Voluntary context switches: 35751
	Involuntary context switches: 22
	Swaps: 0
	File system inputs: 816928
	File system outputs: 72
	Socket messages sent: 0
	Socket messages received: 0
	Signals delivered: 0
	Page size (bytes): 4096
	Exit status: 0
DESTRUCTOR GETTING CALLED 
