ENABLE_FILE_STATS in con
ENABLE_FILE_STATS in con
RocksDB:    version 6.20
Date:       Thu Aug 11 13:50:51 2022
CPU:        48 * AMD EPYC 7402P 24-Core Processor
CPUCache:   512 KB
Initializing RocksDB Options from the specified file
Initializing RocksDB Options from command-line flags
Keys:       1000 bytes each (+ 0 bytes user-defined timestamp)
Values:     4096 bytes each (2048 bytes after compression)
Entries:    2000000
Prefix:    0 bytes
Keys per prefix:    0
RawSize:    9719.8 MB (estimated)
FileSize:   5813.6 MB (estimated)
Write rate: 0 bytes/second
Read rate: 0 ops/second
Compression: Snappy
Compression sampling rate: 0
Memtablerep: skip_list
Perf Level: 1
------------------------------------------------
DB path: [/users/kannan11/ssd/sudarsun/prefetching/appbench/apps/rocksdb/DATA]
compact      : 532058506.000 micros/op 0 ops/sec;
DESTRUCTOR GETTING CALLED 
PRINT_GLOBAL_STATS in dest
	Command being timed: "./db_bench --db=/users/kannan11/ssd/sudarsun/prefetching/appbench/apps/rocksdb/DATA --value_size=4096 --wal_dir=/users/kannan11/ssd/sudarsun/prefetching/appbench/apps/rocksdb/DATA/WAL_LOG --sync=0 --key_size=1000 --write_buffer_size=67108864 --num=2000000 --benchmarks=compact --use_existing_db=1 --mmap_read=0 --threads=16"
	User time (seconds): 25.17
	System time (seconds): 10.80
	Percent of CPU this job got: 106%
	Elapsed (wall clock) time (h:mm:ss or m:ss): 0:33.67
	Average shared text size (kbytes): 0
	Average unshared data size (kbytes): 0
	Average stack size (kbytes): 0
	Average total size (kbytes): 0
	Maximum resident set size (kbytes): 4919004
	Average resident set size (kbytes): 0
	Major (requiring I/O) page faults: 77
	Minor (reclaiming a frame) page faults: 1717942
	Voluntary context switches: 89147
	Involuntary context switches: 111
	Swaps: 0
	File system inputs: 14519048
	File system outputs: 11288968
	Socket messages sent: 0
	Socket messages received: 0
	Signals delivered: 0
	Page size (bytes): 4096
	Exit status: 0
DESTRUCTOR GETTING CALLED 
PRINT_GLOBAL_STATS in dest
[ 1134.843521] free_cross_bitmap: releasing mem for inode with i_count 2
[ 1134.855291] free_cross_bitmap: releasing mem for inode with i_count 2
[ 1134.866210] free_cross_bitmap: releasing mem for inode with i_count 2
[ 1134.877328] free_cross_bitmap: releasing mem for inode with i_count 2
[ 1134.888220] free_cross_bitmap: releasing mem for inode with i_count 2
[ 1134.899016] free_cross_bitmap: releasing mem for inode with i_count 2
[ 1134.910096] free_cross_bitmap: releasing mem for inode with i_count 2
[ 1134.921409] free_cross_bitmap: releasing mem for inode with i_count 2
[ 1134.932335] free_cross_bitmap: releasing mem for inode with i_count 2
[ 1134.943211] free_cross_bitmap: releasing mem for inode with i_count 2
[ 1134.954234] free_cross_bitmap: releasing mem for inode with i_count 2
[ 1134.965166] free_cross_bitmap: releasing mem for inode with i_count 2
[ 1134.975973] free_cross_bitmap: releasing mem for inode with i_count 2
[ 1134.987026] free_cross_bitmap: releasing mem for inode with i_count 2
[ 1134.997880] free_cross_bitmap: releasing mem for inode with i_count 2
[ 1135.008748] free_cross_bitmap: releasing mem for inode with i_count 2
[ 1135.015681] free_cross_bitmap: releasing mem for inode with i_count 2
[ 1135.030392] free_cross_bitmap: releasing mem for inode with i_count 2
[ 1135.041273] free_cross_bitmap: releasing mem for inode with i_count 2
[ 1135.051203] free_cross_bitmap: releasing mem for inode with i_count 2
[ 1135.059322] free_cross_bitmap: releasing mem for inode with i_count 2
[ 1135.074160] free_cross_bitmap: releasing mem for inode with i_count 2
[ 1135.084938] free_cross_bitmap: releasing mem for inode with i_count 2
[ 1135.095660] free_cross_bitmap: releasing mem for inode with i_count 2
[ 1135.106539] free_cross_bitmap: releasing mem for inode with i_count 2
[ 1135.117728] free_cross_bitmap: releasing mem for inode with i_count 2
[ 1135.128621] free_cross_bitmap: releasing mem for inode with i_count 2
[ 1135.139547] free_cross_bitmap: releasing mem for inode with i_count 2
[ 1135.150580] free_cross_bitmap: releasing mem for inode with i_count 2
[ 1135.161362] free_cross_bitmap: releasing mem for inode with i_count 2
[ 1135.172206] free_cross_bitmap: releasing mem for inode with i_count 2
[ 1135.183615] free_cross_bitmap: releasing mem for inode with i_count 2
[ 1135.194570] free_cross_bitmap: releasing mem for inode with i_count 2
[ 1135.205440] free_cross_bitmap: releasing mem for inode with i_count 2
[ 1135.214291] free_cross_bitmap: releasing mem for inode with i_count 2
[ 1135.225487] free_cross_bitmap: releasing mem for inode with i_count 2
[ 1135.236590] free_cross_bitmap: releasing mem for inode with i_count 2
[ 1135.244340] free_cross_bitmap: releasing mem for inode with i_count 2
[ 1135.259394] free_cross_bitmap: releasing mem for inode with i_count 2
[ 1135.270326] free_cross_bitmap: releasing mem for inode with i_count 2
[ 1135.281211] free_cross_bitmap: releasing mem for inode with i_count 2
[ 1135.292096] free_cross_bitmap: releasing mem for inode with i_count 2
[ 1135.304062] free_cross_bitmap: releasing mem for inode with i_count 2
[ 1135.315326] free_cross_bitmap: releasing mem for inode with i_count 2
[ 1135.326141] free_cross_bitmap: releasing mem for inode with i_count 2
[ 1135.336421] free_cross_bitmap: releasing mem for inode with i_count 2
[ 1135.347457] free_cross_bitmap: releasing mem for inode with i_count 2
[ 1135.358492] free_cross_bitmap: releasing mem for inode with i_count 2
[ 1135.369608] free_cross_bitmap: releasing mem for inode with i_count 2
[ 1135.379942] free_cross_bitmap: releasing mem for inode with i_count 2
[ 1135.391079] free_cross_bitmap: releasing mem for inode with i_count 2
[ 1135.402144] free_cross_bitmap: releasing mem for inode with i_count 2
[ 1135.413365] free_cross_bitmap: releasing mem for inode with i_count 2
[ 1135.424362] free_cross_bitmap: releasing mem for inode with i_count 2
[ 1135.435106] free_cross_bitmap: releasing mem for inode with i_count 2
[ 1135.446605] free_cross_bitmap: releasing mem for inode with i_count 2
[ 1135.457621] free_cross_bitmap: releasing mem for inode with i_count 2
[ 1135.468635] free_cross_bitmap: releasing mem for inode with i_count 2
[ 1135.479708] free_cross_bitmap: releasing mem for inode with i_count 2
[ 1135.490756] free_cross_bitmap: releasing mem for inode with i_count 2
[ 1135.501692] free_cross_bitmap: releasing mem for inode with i_count 2
[ 1135.512992] free_cross_bitmap: releasing mem for inode with i_count 2
[ 1135.524840] free_cross_bitmap: releasing mem for inode with i_count 2
[ 1135.535806] free_cross_bitmap: releasing mem for inode with i_count 2
[ 1135.547089] free_cross_bitmap: releasing mem for inode with i_count 2
[ 1135.559046] free_cross_bitmap: releasing mem for inode with i_count 2
[ 1135.570092] free_cross_bitmap: releasing mem for inode with i_count 2
[ 1135.581488] free_cross_bitmap: releasing mem for inode with i_count 2
[ 1135.592582] free_cross_bitmap: releasing mem for inode with i_count 2
[ 1135.603617] free_cross_bitmap: releasing mem for inode with i_count 2
[ 1135.614796] free_cross_bitmap: releasing mem for inode with i_count 2
[ 1135.626119] free_cross_bitmap: releasing mem for inode with i_count 2
[ 1135.637355] free_cross_bitmap: releasing mem for inode with i_count 2
[ 1135.644848] free_cross_bitmap: releasing mem for inode with i_count 2
[ 1135.655960] free_cross_bitmap: releasing mem for inode with i_count 2
[ 1135.671191] free_cross_bitmap: releasing mem for inode with i_count 2
[ 1135.682286] free_cross_bitmap: releasing mem for inode with i_count 2
[ 1135.693315] free_cross_bitmap: releasing mem for inode with i_count 2
[ 1135.704363] free_cross_bitmap: releasing mem for inode with i_count 2
[ 1135.716041] free_cross_bitmap: releasing mem for inode with i_count 2
[ 1135.727300] free_cross_bitmap: releasing mem for inode with i_count 2
[ 1135.734211] free_cross_bitmap: releasing mem for inode with i_count 2
[ 1135.749890] free_cross_bitmap: releasing mem for inode with i_count 2
[ 1135.761106] free_cross_bitmap: releasing mem for inode with i_count 2
[ 1135.772388] free_cross_bitmap: releasing mem for inode with i_count 2
[ 1135.783845] free_cross_bitmap: releasing mem for inode with i_count 2
[ 1135.793061] free_cross_bitmap: releasing mem for inode with i_count 2
[ 1135.804357] free_cross_bitmap: releasing mem for inode with i_count 2
[ 1135.815601] free_cross_bitmap: releasing mem for inode with i_count 2
[ 1135.822553] free_cross_bitmap: releasing mem for inode with i_count 2
[ 1135.838320] free_cross_bitmap: releasing mem for inode with i_count 2
[ 1135.845566] free_cross_bitmap: releasing mem for inode with i_count 2
[ 1135.861068] free_cross_bitmap: releasing mem for inode with i_count 2
[ 1135.872383] free_cross_bitmap: releasing mem for inode with i_count 2
[ 1135.882343] free_cross_bitmap: releasing mem for inode with i_count 2
[ 1135.892159] free_cross_bitmap: releasing mem for inode with i_count 2
[ 1135.903255] free_cross_bitmap: releasing mem for inode with i_count 2
[ 1135.914867] free_cross_bitmap: releasing mem for inode with i_count 2
[ 1135.926236] free_cross_bitmap: releasing mem for inode with i_count 2
[ 1135.937432] free_cross_bitmap: releasing mem for inode with i_count 2
[ 1135.948920] free_cross_bitmap: releasing mem for inode with i_count 2
[ 1135.960368] free_cross_bitmap: releasing mem for inode with i_count 2
[ 1135.972167] free_cross_bitmap: releasing mem for inode with i_count 2
[ 1135.984042] free_cross_bitmap: releasing mem for inode with i_count 2
[ 1135.995304] free_cross_bitmap: releasing mem for inode with i_count 2
[ 1136.006560] free_cross_bitmap: releasing mem for inode with i_count 2
[ 1136.017879] free_cross_bitmap: releasing mem for inode with i_count 2
[ 1136.029993] free_cross_bitmap: releasing mem for inode with i_count 2
[ 1136.042085] free_cross_bitmap: releasing mem for inode with i_count 2
[ 1136.053857] free_cross_bitmap: releasing mem for inode with i_count 2
[ 1136.065779] free_cross_bitmap: releasing mem for inode with i_count 2
[ 1136.077467] free_cross_bitmap: releasing mem for inode with i_count 2
[ 1136.084715] free_cross_bitmap: releasing mem for inode with i_count 2
[ 1136.096695] free_cross_bitmap: releasing mem for inode with i_count 2
[ 1136.104141] sh (6485): drop_caches: 3
[ 1136.132710] sh (6604): drop_caches: 3
[ 1141.157575] Enabled file stats for time:6611
[ 1141.157778] write_proc: Value of write = 1
[ 1141.162817] Enabled file stats for db_bench:6620
[ 1141.163012] write_proc: Value of write = 1
[ 1141.209751] alloc_cross_bitmap: preallocate 268435456 pg, nr_longs=4194304 in 8 millisec
[ 1141.215244] alloc_cross_bitmap: preallocate 268435456 pg, nr_longs=4194304 in 12 millisec
[ 1141.215363] alloc_cross_bitmap: preallocate 268435456 pg, nr_longs=4194304 in 12 millisec
[ 1141.215562] alloc_cross_bitmap: preallocate 268435456 pg, nr_longs=4194304 in 12 millisec
[ 1141.215641] alloc_cross_bitmap: preallocate 268435456 pg, nr_longs=4194304 in 12 millisec
[ 1141.215847] alloc_cross_bitmap: preallocate 268435456 pg, nr_longs=4194304 in 12 millisec
[ 1141.216050] alloc_cross_bitmap: preallocate 268435456 pg, nr_longs=4194304 in 12 millisec
[ 1141.216052] alloc_cross_bitmap: preallocate 268435456 pg, nr_longs=4194304 in 12 millisec
[ 1141.217795] alloc_cross_bitmap: preallocate 268435456 pg, nr_longs=4194304 in 16 millisec
[ 1141.217845] alloc_cross_bitmap: preallocate 268435456 pg, nr_longs=4194304 in 16 millisec
[ 1141.217856] alloc_cross_bitmap: preallocate 268435456 pg, nr_longs=4194304 in 16 millisec
[ 1141.217864] alloc_cross_bitmap: preallocate 268435456 pg, nr_longs=4194304 in 16 millisec
[ 1141.218383] alloc_cross_bitmap: preallocate 268435456 pg, nr_longs=4194304 in 16 millisec
[ 1141.220025] alloc_cross_bitmap: preallocate 268435456 pg, nr_longs=4194304 in 12 millisec
[ 1141.220050] alloc_cross_bitmap: preallocate 268435456 pg, nr_longs=4194304 in 12 millisec
[ 1141.234578] alloc_cross_bitmap: preallocate 268435456 pg, nr_longs=4194304 in 4 millisec
[ 1141.241741] alloc_cross_bitmap: preallocate 268435456 pg, nr_longs=4194304 in 4 millisec
[ 1141.247373] alloc_cross_bitmap: preallocate 268435456 pg, nr_longs=4194304 in 4 millisec
[ 1141.247678] alloc_cross_bitmap: preallocate 268435456 pg, nr_longs=4194304 in 4 millisec
[ 1141.248112] alloc_cross_bitmap: preallocate 268435456 pg, nr_longs=4194304 in 4 millisec
[ 1141.248491] alloc_cross_bitmap: preallocate 268435456 pg, nr_longs=4194304 in 4 millisec
[ 1141.248687] alloc_cross_bitmap: preallocate 268435456 pg, nr_longs=4194304 in 4 millisec
[ 1141.251096] alloc_cross_bitmap: preallocate 268435456 pg, nr_longs=4194304 in 8 millisec
[ 1141.251122] alloc_cross_bitmap: preallocate 268435456 pg, nr_longs=4194304 in 8 millisec
[ 1141.252129] alloc_cross_bitmap: preallocate 268435456 pg, nr_longs=4194304 in 4 millisec
[ 1141.253693] alloc_cross_bitmap: preallocate 268435456 pg, nr_longs=4194304 in 12 millisec
[ 1141.253817] alloc_cross_bitmap: preallocate 268435456 pg, nr_longs=4194304 in 12 millisec
[ 1141.253814] alloc_cross_bitmap: preallocate 268435456 pg, nr_longs=4194304 in 12 millisec
[ 1141.253820] alloc_cross_bitmap: preallocate 268435456 pg, nr_longs=4194304 in 12 millisec
[ 1141.257394] alloc_cross_bitmap: preallocate 268435456 pg, nr_longs=4194304 in 4 millisec
[ 1141.266838] alloc_cross_bitmap: preallocate 268435456 pg, nr_longs=4194304 in 4 millisec
[ 1141.274233] alloc_cross_bitmap: preallocate 268435456 pg, nr_longs=4194304 in 4 millisec
[ 1141.276890] alloc_cross_bitmap: preallocate 268435456 pg, nr_longs=4194304 in 4 millisec
[ 1141.277787] alloc_cross_bitmap: preallocate 268435456 pg, nr_longs=4194304 in 4 millisec
[ 1141.278467] alloc_cross_bitmap: preallocate 268435456 pg, nr_longs=4194304 in 4 millisec
[ 1141.278942] alloc_cross_bitmap: preallocate 268435456 pg, nr_longs=4194304 in 4 millisec
[ 1141.282923] alloc_cross_bitmap: preallocate 268435456 pg, nr_longs=4194304 in 4 millisec
[ 1141.283282] alloc_cross_bitmap: preallocate 268435456 pg, nr_longs=4194304 in 4 millisec
[ 1141.283425] alloc_cross_bitmap: preallocate 268435456 pg, nr_longs=4194304 in 4 millisec
[ 1141.287190] alloc_cross_bitmap: preallocate 268435456 pg, nr_longs=4194304 in 8 millisec
[ 1141.287379] alloc_cross_bitmap: preallocate 268435456 pg, nr_longs=4194304 in 4 millisec
[ 1141.287584] alloc_cross_bitmap: preallocate 268435456 pg, nr_longs=4194304 in 8 millisec
[ 1141.287978] alloc_cross_bitmap: preallocate 268435456 pg, nr_longs=4194304 in 8 millisec
[ 1141.288263] alloc_cross_bitmap: preallocate 268435456 pg, nr_longs=4194304 in 8 millisec
[ 1141.288703] alloc_cross_bitmap: preallocate 268435456 pg, nr_longs=4194304 in 8 millisec
[ 1141.289575] alloc_cross_bitmap: preallocate 268435456 pg, nr_longs=4194304 in 8 millisec
[ 1141.292168] alloc_cross_bitmap: preallocate 268435456 pg, nr_longs=4194304 in 4 millisec
[ 1141.295456] alloc_cross_bitmap: preallocate 268435456 pg, nr_longs=4194304 in 4 millisec
[ 1141.297191] alloc_cross_bitmap: preallocate 268435456 pg, nr_longs=4194304 in 4 millisec
[ 1141.298128] alloc_cross_bitmap: preallocate 268435456 pg, nr_longs=4194304 in 4 millisec
[ 1141.301622] alloc_cross_bitmap: preallocate 268435456 pg, nr_longs=4194304 in 4 millisec
[ 1141.301975] alloc_cross_bitmap: preallocate 268435456 pg, nr_longs=4194304 in 4 millisec
[ 1141.303535] alloc_cross_bitmap: preallocate 268435456 pg, nr_longs=4194304 in 4 millisec
[ 1141.351969] alloc_cross_bitmap: preallocate 268435456 pg, nr_longs=4194304 in 4 millisec
[ 1141.354197] alloc_cross_bitmap: preallocate 268435456 pg, nr_longs=4194304 in 8 millisec
[ 1141.354885] alloc_cross_bitmap: preallocate 268435456 pg, nr_longs=4194304 in 8 millisec
[ 1141.356792] alloc_cross_bitmap: preallocate 268435456 pg, nr_longs=4194304 in 8 millisec
[ 1141.357028] alloc_cross_bitmap: preallocate 268435456 pg, nr_longs=4194304 in 12 millisec
[ 1141.357138] alloc_cross_bitmap: preallocate 268435456 pg, nr_longs=4194304 in 12 millisec
[ 1141.357202] alloc_cross_bitmap: preallocate 268435456 pg, nr_longs=4194304 in 12 millisec
[ 1141.357308] alloc_cross_bitmap: preallocate 268435456 pg, nr_longs=4194304 in 12 millisec
[ 1141.357960] alloc_cross_bitmap: preallocate 268435456 pg, nr_longs=4194304 in 12 millisec
[ 1141.358951] alloc_cross_bitmap: preallocate 268435456 pg, nr_longs=4194304 in 12 millisec
[ 1141.358955] alloc_cross_bitmap: preallocate 268435456 pg, nr_longs=4194304 in 12 millisec
[ 1141.358969] alloc_cross_bitmap: preallocate 268435456 pg, nr_longs=4194304 in 12 millisec
[ 1141.359001] alloc_cross_bitmap: preallocate 268435456 pg, nr_longs=4194304 in 12 millisec
[ 1141.359562] alloc_cross_bitmap: preallocate 268435456 pg, nr_longs=4194304 in 12 millisec
[ 1141.361495] alloc_cross_bitmap: preallocate 268435456 pg, nr_longs=4194304 in 16 millisec
[ 1141.361525] alloc_cross_bitmap: preallocate 268435456 pg, nr_longs=4194304 in 16 millisec
[ 1141.380847] alloc_cross_bitmap: preallocate 268435456 pg, nr_longs=4194304 in 0 millisec
[ 1141.382670] alloc_cross_bitmap: preallocate 268435456 pg, nr_longs=4194304 in 4 millisec
[ 1141.383633] alloc_cross_bitmap: preallocate 268435456 pg, nr_longs=4194304 in 4 millisec
[ 1141.387906] alloc_cross_bitmap: preallocate 268435456 pg, nr_longs=4194304 in 4 millisec
[ 1141.387932] alloc_cross_bitmap: preallocate 268435456 pg, nr_longs=4194304 in 4 millisec
[ 1141.388545] alloc_cross_bitmap: preallocate 268435456 pg, nr_longs=4194304 in 4 millisec
[ 1141.390229] alloc_cross_bitmap: preallocate 268435456 pg, nr_longs=4194304 in 4 millisec
[ 1141.391157] alloc_cross_bitmap: preallocate 268435456 pg, nr_longs=4194304 in 4 millisec
[ 1141.392287] alloc_cross_bitmap: preallocate 268435456 pg, nr_longs=4194304 in 4 millisec
[ 1141.393920] alloc_cross_bitmap: preallocate 268435456 pg, nr_longs=4194304 in 8 millisec
[ 1141.394136] alloc_cross_bitmap: preallocate 268435456 pg, nr_longs=4194304 in 8 millisec
[ 1141.394911] alloc_cross_bitmap: preallocate 268435456 pg, nr_longs=4194304 in 8 millisec
[ 1141.394983] alloc_cross_bitmap: preallocate 268435456 pg, nr_longs=4194304 in 8 millisec
[ 1141.395001] alloc_cross_bitmap: preallocate 268435456 pg, nr_longs=4194304 in 8 millisec
[ 1141.395002] alloc_cross_bitmap: preallocate 268435456 pg, nr_longs=4194304 in 8 millisec
[ 1141.400837] alloc_cross_bitmap: preallocate 268435456 pg, nr_longs=4194304 in 0 millisec
[ 1141.411031] alloc_cross_bitmap: preallocate 268435456 pg, nr_longs=4194304 in 4 millisec
[ 1141.411728] alloc_cross_bitmap: preallocate 268435456 pg, nr_longs=4194304 in 4 millisec
[ 1141.411863] alloc_cross_bitmap: preallocate 268435456 pg, nr_longs=4194304 in 4 millisec
[ 1141.416215] alloc_cross_bitmap: preallocate 268435456 pg, nr_longs=4194304 in 4 millisec
[ 1141.417407] alloc_cross_bitmap: preallocate 268435456 pg, nr_longs=4194304 in 4 millisec
[ 1141.417707] alloc_cross_bitmap: preallocate 268435456 pg, nr_longs=4194304 in 4 millisec
[ 1141.422086] alloc_cross_bitmap: preallocate 268435456 pg, nr_longs=4194304 in 8 millisec
[ 1141.422428] alloc_cross_bitmap: preallocate 268435456 pg, nr_longs=4194304 in 4 millisec
[ 1141.424252] alloc_cross_bitmap: preallocate 268435456 pg, nr_longs=4194304 in 4 millisec
[ 1141.424305] alloc_cross_bitmap: preallocate 268435456 pg, nr_longs=4194304 in 4 millisec
[ 1141.424531] alloc_cross_bitmap: preallocate 268435456 pg, nr_longs=4194304 in 4 millisec
[ 1141.424553] alloc_cross_bitmap: preallocate 268435456 pg, nr_longs=4194304 in 4 millisec
[ 1141.425752] alloc_cross_bitmap: preallocate 268435456 pg, nr_longs=4194304 in 4 millisec
[ 1141.434802] alloc_cross_bitmap: preallocate 268435456 pg, nr_longs=4194304 in 4 millisec
[ 1141.436632] alloc_cross_bitmap: preallocate 268435456 pg, nr_longs=4194304 in 4 millisec
[ 1141.436782] alloc_cross_bitmap: preallocate 268435456 pg, nr_longs=4194304 in 4 millisec
[ 1141.441298] alloc_cross_bitmap: preallocate 268435456 pg, nr_longs=4194304 in 4 millisec
[ 1141.441707] alloc_cross_bitmap: preallocate 268435456 pg, nr_longs=4194304 in 4 millisec
[ 1141.442660] alloc_cross_bitmap: preallocate 268435456 pg, nr_longs=4194304 in 4 millisec
[ 1141.442910] alloc_cross_bitmap: preallocate 268435456 pg, nr_longs=4194304 in 4 millisec
[ 1141.444819] alloc_cross_bitmap: preallocate 268435456 pg, nr_longs=4194304 in 0 millisec
[ 1141.445569] alloc_cross_bitmap: preallocate 268435456 pg, nr_longs=4194304 in 4 millisec
[ 1141.445678] alloc_cross_bitmap: preallocate 268435456 pg, nr_longs=4194304 in 4 millisec
[ 1141.478413] alloc_cross_bitmap: preallocate 268435456 pg, nr_longs=4194304 in 4 millisec
[ 1141.479317] alloc_cross_bitmap: preallocate 268435456 pg, nr_longs=4194304 in 4 millisec
[ 1141.479619] alloc_cross_bitmap: preallocate 268435456 pg, nr_longs=4194304 in 4 millisec
[ 1141.479739] alloc_cross_bitmap: preallocate 268435456 pg, nr_longs=4194304 in 4 millisec
[ 1141.480354] alloc_cross_bitmap: preallocate 268435456 pg, nr_longs=4194304 in 4 millisec
[ 1141.480404] alloc_cross_bitmap: preallocate 268435456 pg, nr_longs=4194304 in 4 millisec
[ 1146.854848] alloc_cross_bitmap: preallocate 268435456 pg, nr_longs=4194304 in 4 millisec
[ 1146.865074] alloc_cross_bitmap: preallocate 268435456 pg, nr_longs=4194304 in 4 millisec
[ 1146.875303] alloc_cross_bitmap: preallocate 268435456 pg, nr_longs=4194304 in 4 millisec
[ 1146.885531] alloc_cross_bitmap: preallocate 268435456 pg, nr_longs=4194304 in 4 millisec
[ 1146.895625] alloc_cross_bitmap: preallocate 268435456 pg, nr_longs=4194304 in 4 millisec
[ 1146.905774] alloc_cross_bitmap: preallocate 268435456 pg, nr_longs=4194304 in 4 millisec
[ 1146.915807] alloc_cross_bitmap: preallocate 268435456 pg, nr_longs=4194304 in 4 millisec
[ 1146.925747] alloc_cross_bitmap: preallocate 268435456 pg, nr_longs=4194304 in 4 millisec
[ 1146.935953] alloc_cross_bitmap: preallocate 268435456 pg, nr_longs=4194304 in 4 millisec
[ 1146.946124] alloc_cross_bitmap: preallocate 268435456 pg, nr_longs=4194304 in 4 millisec
[ 1146.956264] alloc_cross_bitmap: preallocate 268435456 pg, nr_longs=4194304 in 0 millisec
[ 1146.966509] alloc_cross_bitmap: preallocate 268435456 pg, nr_longs=4194304 in 4 millisec
[ 1146.976791] alloc_cross_bitmap: preallocate 268435456 pg, nr_longs=4194304 in 0 millisec
[ 1146.987111] alloc_cross_bitmap: preallocate 268435456 pg, nr_longs=4194304 in 4 millisec
[ 1146.997432] alloc_cross_bitmap: preallocate 268435456 pg, nr_longs=4194304 in 4 millisec
[ 1147.007518] alloc_cross_bitmap: preallocate 268435456 pg, nr_longs=4194304 in 4 millisec
[ 1147.017687] alloc_cross_bitmap: preallocate 268435456 pg, nr_longs=4194304 in 4 millisec
[ 1147.020688] free_cross_bitmap: releasing mem for inode with i_count 2
[ 1147.029109] free_cross_bitmap: releasing mem for inode with i_count 2
[ 1147.037116] free_cross_bitmap: releasing mem for inode with i_count 2
[ 1147.045026] free_cross_bitmap: releasing mem for inode with i_count 2
[ 1147.053006] free_cross_bitmap: releasing mem for inode with i_count 2
[ 1147.061023] free_cross_bitmap: releasing mem for inode with i_count 2
[ 1147.068952] free_cross_bitmap: releasing mem for inode with i_count 2
[ 1147.077437] free_cross_bitmap: releasing mem for inode with i_count 2
[ 1147.085349] free_cross_bitmap: releasing mem for inode with i_count 2
[ 1147.093585] free_cross_bitmap: releasing mem for inode with i_count 2
[ 1147.101771] free_cross_bitmap: releasing mem for inode with i_count 2
[ 1147.109746] free_cross_bitmap: releasing mem for inode with i_count 2
[ 1147.117730] free_cross_bitmap: releasing mem for inode with i_count 2
[ 1147.126298] free_cross_bitmap: releasing mem for inode with i_count 2
[ 1147.134673] free_cross_bitmap: releasing mem for inode with i_count 2
[ 1147.142866] free_cross_bitmap: releasing mem for inode with i_count 2
[ 1147.151022] free_cross_bitmap: releasing mem for inode with i_count 2
[ 1147.159073] free_cross_bitmap: releasing mem for inode with i_count 2
[ 1147.167289] free_cross_bitmap: releasing mem for inode with i_count 2
[ 1160.856050] alloc_cross_bitmap: preallocate 268435456 pg, nr_longs=4194304 in 4 millisec
[ 1160.866308] alloc_cross_bitmap: preallocate 268435456 pg, nr_longs=4194304 in 4 millisec
[ 1160.876910] alloc_cross_bitmap: preallocate 268435456 pg, nr_longs=4194304 in 0 millisec
[ 1160.887106] alloc_cross_bitmap: preallocate 268435456 pg, nr_longs=4194304 in 4 millisec
[ 1160.897291] alloc_cross_bitmap: preallocate 268435456 pg, nr_longs=4194304 in 4 millisec
[ 1160.907325] alloc_cross_bitmap: preallocate 268435456 pg, nr_longs=4194304 in 4 millisec
[ 1160.917576] alloc_cross_bitmap: preallocate 268435456 pg, nr_longs=4194304 in 4 millisec
[ 1160.927748] alloc_cross_bitmap: preallocate 268435456 pg, nr_longs=4194304 in 4 millisec
[ 1160.937917] alloc_cross_bitmap: preallocate 268435456 pg, nr_longs=4194304 in 4 millisec
[ 1160.947998] alloc_cross_bitmap: preallocate 268435456 pg, nr_longs=4194304 in 0 millisec
[ 1160.958079] alloc_cross_bitmap: preallocate 268435456 pg, nr_longs=4194304 in 4 millisec
[ 1160.968353] alloc_cross_bitmap: preallocate 268435456 pg, nr_longs=4194304 in 0 millisec
[ 1160.978524] alloc_cross_bitmap: preallocate 268435456 pg, nr_longs=4194304 in 4 millisec
[ 1160.988914] alloc_cross_bitmap: preallocate 268435456 pg, nr_longs=4194304 in 0 millisec
[ 1160.999129] alloc_cross_bitmap: preallocate 268435456 pg, nr_longs=4194304 in 4 millisec
[ 1161.009172] alloc_cross_bitmap: preallocate 268435456 pg, nr_longs=4194304 in 4 millisec
[ 1161.019182] alloc_cross_bitmap: preallocate 268435456 pg, nr_longs=4194304 in 4 millisec
[ 1161.029274] alloc_cross_bitmap: preallocate 268435456 pg, nr_longs=4194304 in 4 millisec
[ 1161.039406] alloc_cross_bitmap: preallocate 268435456 pg, nr_longs=4194304 in 4 millisec
[ 1161.049477] alloc_cross_bitmap: preallocate 268435456 pg, nr_longs=4194304 in 4 millisec
[ 1161.059506] alloc_cross_bitmap: preallocate 268435456 pg, nr_longs=4194304 in 4 millisec
[ 1161.069638] alloc_cross_bitmap: preallocate 268435456 pg, nr_longs=4194304 in 4 millisec
[ 1161.079884] alloc_cross_bitmap: preallocate 268435456 pg, nr_longs=4194304 in 4 millisec
[ 1161.089912] alloc_cross_bitmap: preallocate 268435456 pg, nr_longs=4194304 in 4 millisec
[ 1161.100350] alloc_cross_bitmap: preallocate 268435456 pg, nr_longs=4194304 in 0 millisec
[ 1161.110674] alloc_cross_bitmap: preallocate 268435456 pg, nr_longs=4194304 in 4 millisec
[ 1161.120980] alloc_cross_bitmap: preallocate 268435456 pg, nr_longs=4194304 in 4 millisec
[ 1161.131123] alloc_cross_bitmap: preallocate 268435456 pg, nr_longs=4194304 in 4 millisec
[ 1161.141106] alloc_cross_bitmap: preallocate 268435456 pg, nr_longs=4194304 in 4 millisec
[ 1161.151206] alloc_cross_bitmap: preallocate 268435456 pg, nr_longs=4194304 in 4 millisec
[ 1161.161383] alloc_cross_bitmap: preallocate 268435456 pg, nr_longs=4194304 in 4 millisec
[ 1161.171500] alloc_cross_bitmap: preallocate 268435456 pg, nr_longs=4194304 in 4 millisec
[ 1161.181612] alloc_cross_bitmap: preallocate 268435456 pg, nr_longs=4194304 in 4 millisec
[ 1161.191727] alloc_cross_bitmap: preallocate 268435456 pg, nr_longs=4194304 in 4 millisec
[ 1161.201863] alloc_cross_bitmap: preallocate 268435456 pg, nr_longs=4194304 in 4 millisec
[ 1161.204464] free_cross_bitmap: releasing mem for inode with i_count 2
[ 1161.212460] free_cross_bitmap: releasing mem for inode with i_count 2
[ 1161.220315] free_cross_bitmap: releasing mem for inode with i_count 2
[ 1161.228149] free_cross_bitmap: releasing mem for inode with i_count 2
[ 1161.235991] free_cross_bitmap: releasing mem for inode with i_count 2
[ 1161.243822] free_cross_bitmap: releasing mem for inode with i_count 2
[ 1161.252066] free_cross_bitmap: releasing mem for inode with i_count 2
[ 1161.259902] free_cross_bitmap: releasing mem for inode with i_count 2
[ 1161.267740] free_cross_bitmap: releasing mem for inode with i_count 2
[ 1161.275579] free_cross_bitmap: releasing mem for inode with i_count 2
[ 1161.283441] free_cross_bitmap: releasing mem for inode with i_count 2
[ 1161.291515] free_cross_bitmap: releasing mem for inode with i_count 2
[ 1161.299871] free_cross_bitmap: releasing mem for inode with i_count 2
[ 1161.307824] free_cross_bitmap: releasing mem for inode with i_count 2
[ 1161.315832] free_cross_bitmap: releasing mem for inode with i_count 2
[ 1161.323757] free_cross_bitmap: releasing mem for inode with i_count 2
[ 1161.331813] free_cross_bitmap: releasing mem for inode with i_count 2
[ 1161.338745] free_cross_bitmap: releasing mem for inode with i_count 2
[ 1161.347511] free_cross_bitmap: releasing mem for inode with i_count 2
[ 1161.355467] free_cross_bitmap: releasing mem for inode with i_count 2
[ 1161.363527] free_cross_bitmap: releasing mem for inode with i_count 2
[ 1161.371478] free_cross_bitmap: releasing mem for inode with i_count 2
[ 1161.379570] free_cross_bitmap: releasing mem for inode with i_count 2
[ 1161.387521] free_cross_bitmap: releasing mem for inode with i_count 2
[ 1161.395998] free_cross_bitmap: releasing mem for inode with i_count 2
[ 1161.403987] free_cross_bitmap: releasing mem for inode with i_count 2
[ 1161.411969] free_cross_bitmap: releasing mem for inode with i_count 2
[ 1161.420235] free_cross_bitmap: releasing mem for inode with i_count 2
[ 1161.428495] free_cross_bitmap: releasing mem for inode with i_count 2
[ 1161.436709] free_cross_bitmap: releasing mem for inode with i_count 2
[ 1161.445486] free_cross_bitmap: releasing mem for inode with i_count 2
[ 1161.453506] free_cross_bitmap: releasing mem for inode with i_count 2
[ 1161.461515] free_cross_bitmap: releasing mem for inode with i_count 2
[ 1161.469777] free_cross_bitmap: releasing mem for inode with i_count 2
[ 1161.478119] free_cross_bitmap: releasing mem for inode with i_count 2
[ 1161.486231] free_cross_bitmap: releasing mem for inode with i_count 2
[ 1161.494645] free_cross_bitmap: releasing mem for inode with i_count 2
[ 1161.502622] free_cross_bitmap: releasing mem for inode with i_count 2
[ 1161.510858] free_cross_bitmap: releasing mem for inode with i_count 2
[ 1161.519045] free_cross_bitmap: releasing mem for inode with i_count 2
[ 1161.527312] free_cross_bitmap: releasing mem for inode with i_count 2
[ 1161.535325] free_cross_bitmap: releasing mem for inode with i_count 2
[ 1161.543742] free_cross_bitmap: releasing mem for inode with i_count 2
[ 1161.551728] free_cross_bitmap: releasing mem for inode with i_count 2
[ 1161.559711] free_cross_bitmap: releasing mem for inode with i_count 2
[ 1161.567629] free_cross_bitmap: releasing mem for inode with i_count 2
[ 1161.575575] free_cross_bitmap: releasing mem for inode with i_count 2
[ 1161.583558] free_cross_bitmap: releasing mem for inode with i_count 2
[ 1161.591854] free_cross_bitmap: releasing mem for inode with i_count 2
[ 1161.599807] free_cross_bitmap: releasing mem for inode with i_count 2
[ 1161.607778] free_cross_bitmap: releasing mem for inode with i_count 2
[ 1161.615708] free_cross_bitmap: releasing mem for inode with i_count 2
[ 1161.623689] free_cross_bitmap: releasing mem for inode with i_count 2
[ 1161.631686] free_cross_bitmap: releasing mem for inode with i_count 2
[ 1161.640073] free_cross_bitmap: releasing mem for inode with i_count 2
[ 1161.648041] free_cross_bitmap: releasing mem for inode with i_count 2
[ 1161.655974] free_cross_bitmap: releasing mem for inode with i_count 2
[ 1161.663890] free_cross_bitmap: releasing mem for inode with i_count 2
[ 1161.671814] free_cross_bitmap: releasing mem for inode with i_count 2
[ 1161.679758] free_cross_bitmap: releasing mem for inode with i_count 2
[ 1161.688018] free_cross_bitmap: releasing mem for inode with i_count 2
[ 1174.007057] alloc_cross_bitmap: preallocate 268435456 pg, nr_longs=4194304 in 4 millisec
[ 1174.017431] alloc_cross_bitmap: preallocate 268435456 pg, nr_longs=4194304 in 4 millisec
[ 1174.027837] alloc_cross_bitmap: preallocate 268435456 pg, nr_longs=4194304 in 4 millisec
[ 1174.038101] alloc_cross_bitmap: preallocate 268435456 pg, nr_longs=4194304 in 4 millisec
[ 1174.048165] alloc_cross_bitmap: preallocate 268435456 pg, nr_longs=4194304 in 0 millisec
[ 1174.058085] alloc_cross_bitmap: preallocate 268435456 pg, nr_longs=4194304 in 4 millisec
[ 1174.068018] alloc_cross_bitmap: preallocate 268435456 pg, nr_longs=4194304 in 0 millisec
[ 1174.077998] alloc_cross_bitmap: preallocate 268435456 pg, nr_longs=4194304 in 4 millisec
[ 1174.088054] alloc_cross_bitmap: preallocate 268435456 pg, nr_longs=4194304 in 0 millisec
[ 1174.097965] alloc_cross_bitmap: preallocate 268435456 pg, nr_longs=4194304 in 4 millisec
[ 1174.108000] alloc_cross_bitmap: preallocate 268435456 pg, nr_longs=4194304 in 0 millisec
[ 1174.118041] alloc_cross_bitmap: preallocate 268435456 pg, nr_longs=4194304 in 4 millisec
[ 1174.128199] alloc_cross_bitmap: preallocate 268435456 pg, nr_longs=4194304 in 0 millisec
[ 1174.138654] alloc_cross_bitmap: preallocate 268435456 pg, nr_longs=4194304 in 4 millisec
[ 1174.149046] alloc_cross_bitmap: preallocate 268435456 pg, nr_longs=4194304 in 4 millisec
[ 1174.159261] alloc_cross_bitmap: preallocate 268435456 pg, nr_longs=4194304 in 4 millisec
[ 1174.169329] alloc_cross_bitmap: preallocate 268435456 pg, nr_longs=4194304 in 4 millisec
[ 1174.179511] alloc_cross_bitmap: preallocate 268435456 pg, nr_longs=4194304 in 4 millisec
[ 1174.189680] alloc_cross_bitmap: preallocate 268435456 pg, nr_longs=4194304 in 4 millisec
[ 1174.199685] alloc_cross_bitmap: preallocate 268435456 pg, nr_longs=4194304 in 4 millisec
[ 1174.209889] alloc_cross_bitmap: preallocate 268435456 pg, nr_longs=4194304 in 4 millisec
[ 1174.219936] alloc_cross_bitmap: preallocate 268435456 pg, nr_longs=4194304 in 0 millisec
[ 1174.229945] alloc_cross_bitmap: preallocate 268435456 pg, nr_longs=4194304 in 4 millisec
[ 1174.239900] alloc_cross_bitmap: preallocate 268435456 pg, nr_longs=4194304 in 0 millisec
[ 1174.250207] alloc_cross_bitmap: preallocate 268435456 pg, nr_longs=4194304 in 4 millisec
[ 1174.260488] alloc_cross_bitmap: preallocate 268435456 pg, nr_longs=4194304 in 0 millisec
[ 1174.270985] alloc_cross_bitmap: preallocate 268435456 pg, nr_longs=4194304 in 4 millisec
[ 1174.281309] alloc_cross_bitmap: preallocate 268435456 pg, nr_longs=4194304 in 4 millisec
[ 1174.291428] alloc_cross_bitmap: preallocate 268435456 pg, nr_longs=4194304 in 4 millisec
[ 1174.301659] alloc_cross_bitmap: preallocate 268435456 pg, nr_longs=4194304 in 4 millisec
[ 1174.311847] alloc_cross_bitmap: preallocate 268435456 pg, nr_longs=4194304 in 4 millisec
[ 1174.321856] alloc_cross_bitmap: preallocate 268435456 pg, nr_longs=4194304 in 4 millisec
[ 1174.331974] alloc_cross_bitmap: preallocate 268435456 pg, nr_longs=4194304 in 4 millisec
[ 1174.342193] alloc_cross_bitmap: preallocate 268435456 pg, nr_longs=4194304 in 4 millisec
[ 1174.345096] free_cross_bitmap: releasing mem for inode with i_count 2
[ 1174.352951] free_cross_bitmap: releasing mem for inode with i_count 2
[ 1174.360812] free_cross_bitmap: releasing mem for inode with i_count 2
[ 1174.368677] free_cross_bitmap: releasing mem for inode with i_count 2
[ 1174.376582] free_cross_bitmap: releasing mem for inode with i_count 2
[ 1174.384419] free_cross_bitmap: releasing mem for inode with i_count 2
[ 1174.392893] free_cross_bitmap: releasing mem for inode with i_count 2
[ 1174.401066] free_cross_bitmap: releasing mem for inode with i_count 2
[ 1174.408997] free_cross_bitmap: releasing mem for inode with i_count 2
[ 1174.416925] free_cross_bitmap: releasing mem for inode with i_count 2
[ 1174.424853] free_cross_bitmap: releasing mem for inode with i_count 2
[ 1174.432928] free_cross_bitmap: releasing mem for inode with i_count 2
[ 1174.441199] free_cross_bitmap: releasing mem for inode with i_count 2
[ 1174.449105] free_cross_bitmap: releasing mem for inode with i_count 2
[ 1174.457077] free_cross_bitmap: releasing mem for inode with i_count 2
[ 1174.465142] free_cross_bitmap: releasing mem for inode with i_count 2
[ 1174.473094] free_cross_bitmap: releasing mem for inode with i_count 2
[ 1174.481055] free_cross_bitmap: releasing mem for inode with i_count 2
[ 1174.489348] free_cross_bitmap: releasing mem for inode with i_count 2
[ 1174.497426] free_cross_bitmap: releasing mem for inode with i_count 2
[ 1174.505420] free_cross_bitmap: releasing mem for inode with i_count 2
[ 1174.513537] free_cross_bitmap: releasing mem for inode with i_count 2
[ 1174.521463] free_cross_bitmap: releasing mem for inode with i_count 2
[ 1174.529449] free_cross_bitmap: releasing mem for inode with i_count 2
[ 1174.537788] free_cross_bitmap: releasing mem for inode with i_count 2
[ 1174.546010] free_cross_bitmap: releasing mem for inode with i_count 2
[ 1174.554098] free_cross_bitmap: releasing mem for inode with i_count 2
[ 1174.562164] free_cross_bitmap: releasing mem for inode with i_count 2
[ 1174.570581] free_cross_bitmap: releasing mem for inode with i_count 2
[ 1174.578879] free_cross_bitmap: releasing mem for inode with i_count 2
[ 1174.587509] free_cross_bitmap: releasing mem for inode with i_count 2
[ 1174.595459] free_cross_bitmap: releasing mem for inode with i_count 2
[ 1174.603446] free_cross_bitmap: releasing mem for inode with i_count 2
[ 1174.611440] free_cross_bitmap: releasing mem for inode with i_count 2
[ 1174.619485] free_cross_bitmap: releasing mem for inode with i_count 2
[ 1174.627425] free_cross_bitmap: releasing mem for inode with i_count 2
[ 1174.635753] free_cross_bitmap: releasing mem for inode with i_count 2
[ 1174.643748] free_cross_bitmap: releasing mem for inode with i_count 2
[ 1174.651728] free_cross_bitmap: releasing mem for inode with i_count 2
[ 1174.660076] free_cross_bitmap: releasing mem for inode with i_count 2
[ 1174.669204] free_cross_bitmap: releasing mem for inode with i_count 2
[ 1174.677894] free_cross_bitmap: releasing mem for inode with i_count 2
[ 1174.686937] free_cross_bitmap: releasing mem for inode with i_count 2
[ 1174.695108] free_cross_bitmap: releasing mem for inode with i_count 2
[ 1174.703145] free_cross_bitmap: releasing mem for inode with i_count 2
[ 1174.711133] free_cross_bitmap: releasing mem for inode with i_count 2
[ 1174.719126] free_cross_bitmap: releasing mem for inode with i_count 2
[ 1174.727063] free_cross_bitmap: releasing mem for inode with i_count 2
[ 1174.735622] free_cross_bitmap: releasing mem for inode with i_count 2
[ 1174.743509] free_cross_bitmap: releasing mem for inode with i_count 2
[ 1174.751448] free_cross_bitmap: releasing mem for inode with i_count 2
[ 1174.829873] write_proc: Value of write = 0
[ 1174.829895] __do_sys_start_cross_trace: PRINT_GLOBAL_STATS 
[ 1174.829897] Final GlobalReport: nr_pages_read:338479806, nr_pages_hit:276298162, nr_do_read_fault:372722, nr_pages_miss:26552672
[ 1174.829952] FinalTaskReport: db_bench:6620 - ra_orig_nr_pages:0, ra_final_nr_pages:0
                                        async_pages:1084, final_async_pages:1873
                                        full_pfetches:0, less256_pfetches:0, partial_pfetches:0
                                        failed_pfetches:0, total_pfetches:0, os_pfetches:82
                                        nr_pages_read:1380, nr_pages_hit:709, nr_do_read_fault:167
[ 1174.833795] write_proc: Value of write = 0
[ 1174.833809] __do_sys_start_cross_trace: PRINT_GLOBAL_STATS 
[ 1174.833810] Final GlobalReport: nr_pages_read:338479806, nr_pages_hit:276298162, nr_do_read_fault:372729, nr_pages_miss:26552672
[ 1174.833848] FinalTaskReport: time:6611 - ra_orig_nr_pages:0, ra_final_nr_pages:0
                                        async_pages:0, final_async_pages:42
                                        full_pfetches:0, less256_pfetches:0, partial_pfetches:0
                                        failed_pfetches:0, total_pfetches:0, os_pfetches:2
                                        nr_pages_read:0, nr_pages_hit:0, nr_do_read_fault:19
