ENABLE_FILE_STATS in con
ENABLE_FILE_STATS in con
RocksDB:    version 6.20
Date:       Thu Aug 11 14:01:58 2022
CPU:        48 * AMD EPYC 7402P 24-Core Processor
CPUCache:   512 KB
Initializing RocksDB Options from the specified file
Initializing RocksDB Options from command-line flags
Keys:       1000 bytes each (+ 0 bytes user-defined timestamp)
Values:     4096 bytes each (2048 bytes after compression)
Entries:    2000000
Prefix:    0 bytes
Keys per prefix:    0
RawSize:    9719.8 MB (estimated)
FileSize:   5813.6 MB (estimated)
Write rate: 0 bytes/second
Read rate: 0 ops/second
Compression: Snappy
Compression sampling rate: 0
Memtablerep: skip_list
Perf Level: 1
------------------------------------------------
DB path: [/users/kannan11/ssd/sudarsun/prefetching/appbench/apps/rocksdb/DATA]
compact      : 609323216.000 micros/op 0 ops/sec;
DESTRUCTOR GETTING CALLED 
PRINT_GLOBAL_STATS in dest
	Command being timed: "./db_bench --db=/users/kannan11/ssd/sudarsun/prefetching/appbench/apps/rocksdb/DATA --value_size=4096 --wal_dir=/users/kannan11/ssd/sudarsun/prefetching/appbench/apps/rocksdb/DATA/WAL_LOG --sync=0 --key_size=1000 --write_buffer_size=67108864 --num=2000000 --benchmarks=compact --use_existing_db=1 --mmap_read=0 --threads=16"
	User time (seconds): 26.91
	System time (seconds): 12.39
	Percent of CPU this job got: 102%
	Elapsed (wall clock) time (h:mm:ss or m:ss): 0:38.51
	Average shared text size (kbytes): 0
	Average unshared data size (kbytes): 0
	Average stack size (kbytes): 0
	Average total size (kbytes): 0
	Maximum resident set size (kbytes): 5284604
	Average resident set size (kbytes): 0
	Major (requiring I/O) page faults: 76
	Minor (reclaiming a frame) page faults: 1826062
	Voluntary context switches: 118324
	Involuntary context switches: 71
	Swaps: 0
	File system inputs: 14690080
	File system outputs: 12470120
	Socket messages sent: 0
	Socket messages received: 0
	Signals delivered: 0
	Page size (bytes): 4096
	Exit status: 0
DESTRUCTOR GETTING CALLED 
PRINT_GLOBAL_STATS in dest
[ 1801.666995] free_cross_bitmap: releasing mem for inode with i_count 2
[ 1801.678002] free_cross_bitmap: releasing mem for inode with i_count 2
[ 1801.688761] free_cross_bitmap: releasing mem for inode with i_count 2
[ 1801.699756] free_cross_bitmap: releasing mem for inode with i_count 2
[ 1801.711003] free_cross_bitmap: releasing mem for inode with i_count 2
[ 1801.722141] free_cross_bitmap: releasing mem for inode with i_count 2
[ 1801.733333] free_cross_bitmap: releasing mem for inode with i_count 2
[ 1801.744324] free_cross_bitmap: releasing mem for inode with i_count 2
[ 1801.755112] free_cross_bitmap: releasing mem for inode with i_count 2
[ 1801.765912] free_cross_bitmap: releasing mem for inode with i_count 2
[ 1801.776895] free_cross_bitmap: releasing mem for inode with i_count 2
[ 1801.787740] free_cross_bitmap: releasing mem for inode with i_count 2
[ 1801.799066] free_cross_bitmap: releasing mem for inode with i_count 2
[ 1801.809839] free_cross_bitmap: releasing mem for inode with i_count 2
[ 1801.817395] free_cross_bitmap: releasing mem for inode with i_count 2
[ 1801.832013] free_cross_bitmap: releasing mem for inode with i_count 2
[ 1801.842813] free_cross_bitmap: releasing mem for inode with i_count 2
[ 1801.853670] free_cross_bitmap: releasing mem for inode with i_count 2
[ 1801.865024] free_cross_bitmap: releasing mem for inode with i_count 2
[ 1801.876608] free_cross_bitmap: releasing mem for inode with i_count 2
[ 1801.887501] free_cross_bitmap: releasing mem for inode with i_count 2
[ 1801.898653] free_cross_bitmap: releasing mem for inode with i_count 2
[ 1801.909885] free_cross_bitmap: releasing mem for inode with i_count 2
[ 1801.920698] free_cross_bitmap: releasing mem for inode with i_count 2
[ 1801.931757] free_cross_bitmap: releasing mem for inode with i_count 2
[ 1801.942736] free_cross_bitmap: releasing mem for inode with i_count 2
[ 1801.953581] free_cross_bitmap: releasing mem for inode with i_count 2
[ 1801.964174] free_cross_bitmap: releasing mem for inode with i_count 2
[ 1801.974794] free_cross_bitmap: releasing mem for inode with i_count 2
[ 1801.985560] free_cross_bitmap: releasing mem for inode with i_count 2
[ 1801.996757] free_cross_bitmap: releasing mem for inode with i_count 2
[ 1802.008451] free_cross_bitmap: releasing mem for inode with i_count 2
[ 1802.019813] free_cross_bitmap: releasing mem for inode with i_count 2
[ 1802.030837] free_cross_bitmap: releasing mem for inode with i_count 2
[ 1802.042320] free_cross_bitmap: releasing mem for inode with i_count 2
[ 1802.053262] free_cross_bitmap: releasing mem for inode with i_count 2
[ 1802.064585] free_cross_bitmap: releasing mem for inode with i_count 2
[ 1802.075205] free_cross_bitmap: releasing mem for inode with i_count 2
[ 1802.086145] free_cross_bitmap: releasing mem for inode with i_count 2
[ 1802.096811] free_cross_bitmap: releasing mem for inode with i_count 2
[ 1802.107645] free_cross_bitmap: releasing mem for inode with i_count 2
[ 1802.118534] free_cross_bitmap: releasing mem for inode with i_count 2
[ 1802.129934] free_cross_bitmap: releasing mem for inode with i_count 2
[ 1802.138446] free_cross_bitmap: releasing mem for inode with i_count 2
[ 1802.149542] free_cross_bitmap: releasing mem for inode with i_count 2
[ 1802.160684] free_cross_bitmap: releasing mem for inode with i_count 2
[ 1802.171325] free_cross_bitmap: releasing mem for inode with i_count 2
[ 1802.182242] free_cross_bitmap: releasing mem for inode with i_count 2
[ 1802.193709] free_cross_bitmap: releasing mem for inode with i_count 2
[ 1802.205313] free_cross_bitmap: releasing mem for inode with i_count 2
[ 1802.216353] free_cross_bitmap: releasing mem for inode with i_count 2
[ 1802.227397] free_cross_bitmap: releasing mem for inode with i_count 2
[ 1802.238862] free_cross_bitmap: releasing mem for inode with i_count 2
[ 1802.247887] free_cross_bitmap: releasing mem for inode with i_count 2
[ 1802.259706] free_cross_bitmap: releasing mem for inode with i_count 2
[ 1802.270716] free_cross_bitmap: releasing mem for inode with i_count 2
[ 1802.281735] free_cross_bitmap: releasing mem for inode with i_count 2
[ 1802.290091] free_cross_bitmap: releasing mem for inode with i_count 2
[ 1802.297041] free_cross_bitmap: releasing mem for inode with i_count 2
[ 1802.312807] free_cross_bitmap: releasing mem for inode with i_count 2
[ 1802.324479] free_cross_bitmap: releasing mem for inode with i_count 2
[ 1802.336155] free_cross_bitmap: releasing mem for inode with i_count 2
[ 1802.347449] free_cross_bitmap: releasing mem for inode with i_count 2
[ 1802.358714] free_cross_bitmap: releasing mem for inode with i_count 2
[ 1802.370150] free_cross_bitmap: releasing mem for inode with i_count 2
[ 1802.381325] free_cross_bitmap: releasing mem for inode with i_count 2
[ 1802.393061] free_cross_bitmap: releasing mem for inode with i_count 2
[ 1802.404059] free_cross_bitmap: releasing mem for inode with i_count 2
[ 1802.415129] free_cross_bitmap: releasing mem for inode with i_count 2
[ 1802.426391] free_cross_bitmap: releasing mem for inode with i_count 2
[ 1802.437427] free_cross_bitmap: releasing mem for inode with i_count 2
[ 1802.448486] free_cross_bitmap: releasing mem for inode with i_count 2
[ 1802.457696] free_cross_bitmap: releasing mem for inode with i_count 2
[ 1802.468959] free_cross_bitmap: releasing mem for inode with i_count 2
[ 1802.480020] free_cross_bitmap: releasing mem for inode with i_count 2
[ 1802.491259] free_cross_bitmap: releasing mem for inode with i_count 2
[ 1802.503335] free_cross_bitmap: releasing mem for inode with i_count 2
[ 1802.512199] free_cross_bitmap: releasing mem for inode with i_count 2
[ 1802.524667] free_cross_bitmap: releasing mem for inode with i_count 2
[ 1802.532743] free_cross_bitmap: releasing mem for inode with i_count 2
[ 1802.544050] free_cross_bitmap: releasing mem for inode with i_count 2
[ 1802.555549] free_cross_bitmap: releasing mem for inode with i_count 2
[ 1802.563764] free_cross_bitmap: releasing mem for inode with i_count 2
[ 1802.570933] free_cross_bitmap: releasing mem for inode with i_count 2
[ 1802.588353] free_cross_bitmap: releasing mem for inode with i_count 2
[ 1802.599540] free_cross_bitmap: releasing mem for inode with i_count 2
[ 1802.610705] free_cross_bitmap: releasing mem for inode with i_count 2
[ 1802.622006] free_cross_bitmap: releasing mem for inode with i_count 2
[ 1802.629040] free_cross_bitmap: releasing mem for inode with i_count 2
[ 1802.644336] free_cross_bitmap: releasing mem for inode with i_count 2
[ 1802.655503] free_cross_bitmap: releasing mem for inode with i_count 2
[ 1802.666778] free_cross_bitmap: releasing mem for inode with i_count 2
[ 1802.678150] free_cross_bitmap: releasing mem for inode with i_count 2
[ 1802.689515] free_cross_bitmap: releasing mem for inode with i_count 2
[ 1802.700765] free_cross_bitmap: releasing mem for inode with i_count 2
[ 1802.712042] free_cross_bitmap: releasing mem for inode with i_count 2
[ 1802.723669] free_cross_bitmap: releasing mem for inode with i_count 2
[ 1802.734866] free_cross_bitmap: releasing mem for inode with i_count 2
[ 1802.746052] free_cross_bitmap: releasing mem for inode with i_count 2
[ 1802.757297] free_cross_bitmap: releasing mem for inode with i_count 2
[ 1802.768551] free_cross_bitmap: releasing mem for inode with i_count 2
[ 1802.779754] free_cross_bitmap: releasing mem for inode with i_count 2
[ 1802.791488] free_cross_bitmap: releasing mem for inode with i_count 2
[ 1802.802787] free_cross_bitmap: releasing mem for inode with i_count 2
[ 1802.814848] free_cross_bitmap: releasing mem for inode with i_count 2
[ 1802.826594] free_cross_bitmap: releasing mem for inode with i_count 2
[ 1802.837819] free_cross_bitmap: releasing mem for inode with i_count 2
[ 1802.849030] free_cross_bitmap: releasing mem for inode with i_count 2
[ 1802.860908] free_cross_bitmap: releasing mem for inode with i_count 2
[ 1802.872177] free_cross_bitmap: releasing mem for inode with i_count 2
[ 1802.879206] free_cross_bitmap: releasing mem for inode with i_count 2
[ 1802.894601] free_cross_bitmap: releasing mem for inode with i_count 2
[ 1802.905813] free_cross_bitmap: releasing mem for inode with i_count 2
[ 1802.917020] free_cross_bitmap: releasing mem for inode with i_count 2
[ 1802.928610] free_cross_bitmap: releasing mem for inode with i_count 2
[ 1802.935548] free_cross_bitmap: releasing mem for inode with i_count 2
[ 1802.942781] sh (12450): drop_caches: 3
[ 1802.972866] sh (12571): drop_caches: 3
[ 1807.997141] Enabled file stats for time:12578
[ 1807.997351] write_proc: Value of write = 0
[ 1808.002551] Enabled file stats for db_bench:12587
[ 1808.002752] write_proc: Value of write = 0
[ 1808.055676] alloc_cross_bitmap: preallocate 268435456 pg, nr_longs=4194304 in 12 millisec
[ 1808.055782] alloc_cross_bitmap: preallocate 268435456 pg, nr_longs=4194304 in 12 millisec
[ 1808.056169] alloc_cross_bitmap: preallocate 268435456 pg, nr_longs=4194304 in 12 millisec
[ 1808.056220] alloc_cross_bitmap: preallocate 268435456 pg, nr_longs=4194304 in 12 millisec
[ 1808.056617] alloc_cross_bitmap: preallocate 268435456 pg, nr_longs=4194304 in 12 millisec
[ 1808.058846] alloc_cross_bitmap: preallocate 268435456 pg, nr_longs=4194304 in 16 millisec
[ 1808.058858] alloc_cross_bitmap: preallocate 268435456 pg, nr_longs=4194304 in 16 millisec
[ 1808.058871] alloc_cross_bitmap: preallocate 268435456 pg, nr_longs=4194304 in 16 millisec
[ 1808.058902] alloc_cross_bitmap: preallocate 268435456 pg, nr_longs=4194304 in 16 millisec
[ 1808.059025] alloc_cross_bitmap: preallocate 268435456 pg, nr_longs=4194304 in 16 millisec
[ 1808.059540] alloc_cross_bitmap: preallocate 268435456 pg, nr_longs=4194304 in 16 millisec
[ 1808.060124] alloc_cross_bitmap: preallocate 268435456 pg, nr_longs=4194304 in 16 millisec
[ 1808.060568] alloc_cross_bitmap: preallocate 268435456 pg, nr_longs=4194304 in 16 millisec
[ 1808.060585] alloc_cross_bitmap: preallocate 268435456 pg, nr_longs=4194304 in 16 millisec
[ 1808.060602] alloc_cross_bitmap: preallocate 268435456 pg, nr_longs=4194304 in 16 millisec
[ 1808.084367] alloc_cross_bitmap: preallocate 268435456 pg, nr_longs=4194304 in 4 millisec
[ 1808.085920] alloc_cross_bitmap: preallocate 268435456 pg, nr_longs=4194304 in 4 millisec
[ 1808.087875] alloc_cross_bitmap: preallocate 268435456 pg, nr_longs=4194304 in 4 millisec
[ 1808.088074] alloc_cross_bitmap: preallocate 268435456 pg, nr_longs=4194304 in 4 millisec
[ 1808.088140] alloc_cross_bitmap: preallocate 268435456 pg, nr_longs=4194304 in 4 millisec
[ 1808.089208] alloc_cross_bitmap: preallocate 268435456 pg, nr_longs=4194304 in 4 millisec
[ 1808.092380] alloc_cross_bitmap: preallocate 268435456 pg, nr_longs=4194304 in 4 millisec
[ 1808.095120] alloc_cross_bitmap: preallocate 268435456 pg, nr_longs=4194304 in 8 millisec
[ 1808.095423] alloc_cross_bitmap: preallocate 268435456 pg, nr_longs=4194304 in 8 millisec
[ 1808.096160] alloc_cross_bitmap: preallocate 268435456 pg, nr_longs=4194304 in 8 millisec
[ 1808.096189] alloc_cross_bitmap: preallocate 268435456 pg, nr_longs=4194304 in 8 millisec
[ 1808.096317] alloc_cross_bitmap: preallocate 268435456 pg, nr_longs=4194304 in 8 millisec
[ 1808.096832] alloc_cross_bitmap: preallocate 268435456 pg, nr_longs=4194304 in 8 millisec
[ 1808.098890] alloc_cross_bitmap: preallocate 268435456 pg, nr_longs=4194304 in 12 millisec
[ 1808.098912] alloc_cross_bitmap: preallocate 268435456 pg, nr_longs=4194304 in 12 millisec
[ 1808.098923] alloc_cross_bitmap: preallocate 268435456 pg, nr_longs=4194304 in 12 millisec
[ 1808.104966] alloc_cross_bitmap: preallocate 268435456 pg, nr_longs=4194304 in 4 millisec
[ 1808.107537] alloc_cross_bitmap: preallocate 268435456 pg, nr_longs=4194304 in 4 millisec
[ 1808.111491] alloc_cross_bitmap: preallocate 268435456 pg, nr_longs=4194304 in 4 millisec
[ 1808.111674] alloc_cross_bitmap: preallocate 268435456 pg, nr_longs=4194304 in 4 millisec
[ 1808.114535] alloc_cross_bitmap: preallocate 268435456 pg, nr_longs=4194304 in 4 millisec
[ 1808.122060] alloc_cross_bitmap: preallocate 268435456 pg, nr_longs=4194304 in 4 millisec
[ 1808.125845] alloc_cross_bitmap: preallocate 268435456 pg, nr_longs=4194304 in 4 millisec
[ 1808.126067] alloc_cross_bitmap: preallocate 268435456 pg, nr_longs=4194304 in 4 millisec
[ 1808.127977] alloc_cross_bitmap: preallocate 268435456 pg, nr_longs=4194304 in 4 millisec
[ 1808.128030] alloc_cross_bitmap: preallocate 268435456 pg, nr_longs=4194304 in 4 millisec
[ 1808.128242] alloc_cross_bitmap: preallocate 268435456 pg, nr_longs=4194304 in 4 millisec
[ 1808.129753] alloc_cross_bitmap: preallocate 268435456 pg, nr_longs=4194304 in 8 millisec
[ 1808.130237] alloc_cross_bitmap: preallocate 268435456 pg, nr_longs=4194304 in 8 millisec
[ 1808.131724] alloc_cross_bitmap: preallocate 268435456 pg, nr_longs=4194304 in 4 millisec
[ 1808.132536] alloc_cross_bitmap: preallocate 268435456 pg, nr_longs=4194304 in 0 millisec
[ 1808.135529] alloc_cross_bitmap: preallocate 268435456 pg, nr_longs=4194304 in 4 millisec
[ 1808.135658] alloc_cross_bitmap: preallocate 268435456 pg, nr_longs=4194304 in 4 millisec
[ 1808.136801] alloc_cross_bitmap: preallocate 268435456 pg, nr_longs=4194304 in 0 millisec
[ 1808.139315] alloc_cross_bitmap: preallocate 268435456 pg, nr_longs=4194304 in 4 millisec
[ 1808.141030] alloc_cross_bitmap: preallocate 268435456 pg, nr_longs=4194304 in 4 millisec
[ 1808.193860] alloc_cross_bitmap: preallocate 268435456 pg, nr_longs=4194304 in 8 millisec
[ 1808.194979] alloc_cross_bitmap: preallocate 268435456 pg, nr_longs=4194304 in 8 millisec
[ 1808.195265] alloc_cross_bitmap: preallocate 268435456 pg, nr_longs=4194304 in 8 millisec
[ 1808.195866] alloc_cross_bitmap: preallocate 268435456 pg, nr_longs=4194304 in 8 millisec
[ 1808.196617] alloc_cross_bitmap: preallocate 268435456 pg, nr_longs=4194304 in 8 millisec
[ 1808.196743] alloc_cross_bitmap: preallocate 268435456 pg, nr_longs=4194304 in 8 millisec
[ 1808.196943] alloc_cross_bitmap: preallocate 268435456 pg, nr_longs=4194304 in 12 millisec
[ 1808.198463] alloc_cross_bitmap: preallocate 268435456 pg, nr_longs=4194304 in 12 millisec
[ 1808.198971] alloc_cross_bitmap: preallocate 268435456 pg, nr_longs=4194304 in 12 millisec
[ 1808.198978] alloc_cross_bitmap: preallocate 268435456 pg, nr_longs=4194304 in 12 millisec
[ 1808.198978] alloc_cross_bitmap: preallocate 268435456 pg, nr_longs=4194304 in 12 millisec
[ 1808.199002] alloc_cross_bitmap: preallocate 268435456 pg, nr_longs=4194304 in 12 millisec
[ 1808.200334] alloc_cross_bitmap: preallocate 268435456 pg, nr_longs=4194304 in 12 millisec
[ 1808.200574] alloc_cross_bitmap: preallocate 268435456 pg, nr_longs=4194304 in 12 millisec
[ 1808.200584] alloc_cross_bitmap: preallocate 268435456 pg, nr_longs=4194304 in 12 millisec
[ 1808.221951] alloc_cross_bitmap: preallocate 268435456 pg, nr_longs=4194304 in 4 millisec
[ 1808.225071] alloc_cross_bitmap: preallocate 268435456 pg, nr_longs=4194304 in 8 millisec
[ 1808.225849] alloc_cross_bitmap: preallocate 268435456 pg, nr_longs=4194304 in 4 millisec
[ 1808.227902] alloc_cross_bitmap: preallocate 268435456 pg, nr_longs=4194304 in 4 millisec
[ 1808.228282] alloc_cross_bitmap: preallocate 268435456 pg, nr_longs=4194304 in 4 millisec
[ 1808.228334] alloc_cross_bitmap: preallocate 268435456 pg, nr_longs=4194304 in 4 millisec
[ 1808.232916] alloc_cross_bitmap: preallocate 268435456 pg, nr_longs=4194304 in 8 millisec
[ 1808.233590] alloc_cross_bitmap: preallocate 268435456 pg, nr_longs=4194304 in 8 millisec
[ 1808.234075] alloc_cross_bitmap: preallocate 268435456 pg, nr_longs=4194304 in 8 millisec
[ 1808.234247] alloc_cross_bitmap: preallocate 268435456 pg, nr_longs=4194304 in 8 millisec
[ 1808.234572] alloc_cross_bitmap: preallocate 268435456 pg, nr_longs=4194304 in 8 millisec
[ 1808.235470] alloc_cross_bitmap: preallocate 268435456 pg, nr_longs=4194304 in 8 millisec
[ 1808.235584] alloc_cross_bitmap: preallocate 268435456 pg, nr_longs=4194304 in 8 millisec
[ 1808.237606] alloc_cross_bitmap: preallocate 268435456 pg, nr_longs=4194304 in 12 millisec
[ 1808.237631] alloc_cross_bitmap: preallocate 268435456 pg, nr_longs=4194304 in 12 millisec
[ 1808.237640] alloc_cross_bitmap: preallocate 268435456 pg, nr_longs=4194304 in 12 millisec
[ 1808.243415] alloc_cross_bitmap: preallocate 268435456 pg, nr_longs=4194304 in 4 millisec
[ 1808.248562] alloc_cross_bitmap: preallocate 268435456 pg, nr_longs=4194304 in 4 millisec
[ 1808.248913] alloc_cross_bitmap: preallocate 268435456 pg, nr_longs=4194304 in 4 millisec
[ 1808.252894] alloc_cross_bitmap: preallocate 268435456 pg, nr_longs=4194304 in 4 millisec
[ 1808.253342] alloc_cross_bitmap: preallocate 268435456 pg, nr_longs=4194304 in 4 millisec
[ 1808.262456] alloc_cross_bitmap: preallocate 268435456 pg, nr_longs=4194304 in 4 millisec
[ 1808.262725] alloc_cross_bitmap: preallocate 268435456 pg, nr_longs=4194304 in 4 millisec
[ 1808.265365] alloc_cross_bitmap: preallocate 268435456 pg, nr_longs=4194304 in 8 millisec
[ 1808.265456] alloc_cross_bitmap: preallocate 268435456 pg, nr_longs=4194304 in 8 millisec
[ 1808.265662] alloc_cross_bitmap: preallocate 268435456 pg, nr_longs=4194304 in 8 millisec
[ 1808.268446] alloc_cross_bitmap: preallocate 268435456 pg, nr_longs=4194304 in 4 millisec
[ 1808.268469] alloc_cross_bitmap: preallocate 268435456 pg, nr_longs=4194304 in 4 millisec
[ 1808.271041] alloc_cross_bitmap: preallocate 268435456 pg, nr_longs=4194304 in 4 millisec
[ 1808.271340] alloc_cross_bitmap: preallocate 268435456 pg, nr_longs=4194304 in 8 millisec
[ 1808.271358] alloc_cross_bitmap: preallocate 268435456 pg, nr_longs=4194304 in 8 millisec
[ 1808.271489] alloc_cross_bitmap: preallocate 268435456 pg, nr_longs=4194304 in 8 millisec
[ 1808.276926] alloc_cross_bitmap: preallocate 268435456 pg, nr_longs=4194304 in 8 millisec
[ 1808.277178] alloc_cross_bitmap: preallocate 268435456 pg, nr_longs=4194304 in 4 millisec
[ 1808.280684] alloc_cross_bitmap: preallocate 268435456 pg, nr_longs=4194304 in 0 millisec
[ 1808.282356] alloc_cross_bitmap: preallocate 268435456 pg, nr_longs=4194304 in 4 millisec
[ 1808.282366] alloc_cross_bitmap: preallocate 268435456 pg, nr_longs=4194304 in 4 millisec
[ 1808.289068] alloc_cross_bitmap: preallocate 268435456 pg, nr_longs=4194304 in 4 millisec
[ 1808.289133] alloc_cross_bitmap: preallocate 268435456 pg, nr_longs=4194304 in 4 millisec
[ 1808.291325] alloc_cross_bitmap: preallocate 268435456 pg, nr_longs=4194304 in 4 millisec
[ 1808.291853] alloc_cross_bitmap: preallocate 268435456 pg, nr_longs=4194304 in 4 millisec
[ 1808.294639] alloc_cross_bitmap: preallocate 268435456 pg, nr_longs=4194304 in 4 millisec
[ 1808.296367] alloc_cross_bitmap: preallocate 268435456 pg, nr_longs=4194304 in 4 millisec
[ 1808.296370] alloc_cross_bitmap: preallocate 268435456 pg, nr_longs=4194304 in 4 millisec
[ 1808.296770] alloc_cross_bitmap: preallocate 268435456 pg, nr_longs=4194304 in 0 millisec
[ 1808.299092] alloc_cross_bitmap: preallocate 268435456 pg, nr_longs=4194304 in 8 millisec
[ 1808.299119] alloc_cross_bitmap: preallocate 268435456 pg, nr_longs=4194304 in 8 millisec
[ 1808.299120] alloc_cross_bitmap: preallocate 268435456 pg, nr_longs=4194304 in 8 millisec
[ 1808.326401] alloc_cross_bitmap: preallocate 268435456 pg, nr_longs=4194304 in 4 millisec
[ 1808.326427] alloc_cross_bitmap: preallocate 268435456 pg, nr_longs=4194304 in 4 millisec
[ 1816.934409] alloc_cross_bitmap: preallocate 268435456 pg, nr_longs=4194304 in 4 millisec
[ 1816.944895] alloc_cross_bitmap: preallocate 268435456 pg, nr_longs=4194304 in 4 millisec
[ 1816.955477] alloc_cross_bitmap: preallocate 268435456 pg, nr_longs=4194304 in 4 millisec
[ 1816.965942] alloc_cross_bitmap: preallocate 268435456 pg, nr_longs=4194304 in 4 millisec
[ 1816.976215] alloc_cross_bitmap: preallocate 268435456 pg, nr_longs=4194304 in 0 millisec
[ 1816.986609] alloc_cross_bitmap: preallocate 268435456 pg, nr_longs=4194304 in 4 millisec
[ 1816.996727] alloc_cross_bitmap: preallocate 268435456 pg, nr_longs=4194304 in 0 millisec
[ 1817.006979] alloc_cross_bitmap: preallocate 268435456 pg, nr_longs=4194304 in 4 millisec
[ 1817.017168] alloc_cross_bitmap: preallocate 268435456 pg, nr_longs=4194304 in 4 millisec
[ 1817.027454] alloc_cross_bitmap: preallocate 268435456 pg, nr_longs=4194304 in 4 millisec
[ 1817.037751] alloc_cross_bitmap: preallocate 268435456 pg, nr_longs=4194304 in 4 millisec
[ 1817.047839] alloc_cross_bitmap: preallocate 268435456 pg, nr_longs=4194304 in 0 millisec
[ 1817.058113] alloc_cross_bitmap: preallocate 268435456 pg, nr_longs=4194304 in 4 millisec
[ 1817.068558] alloc_cross_bitmap: preallocate 268435456 pg, nr_longs=4194304 in 0 millisec
[ 1817.078861] alloc_cross_bitmap: preallocate 268435456 pg, nr_longs=4194304 in 4 millisec
[ 1817.089044] alloc_cross_bitmap: preallocate 268435456 pg, nr_longs=4194304 in 4 millisec
[ 1817.099166] alloc_cross_bitmap: preallocate 268435456 pg, nr_longs=4194304 in 4 millisec
[ 1817.109418] alloc_cross_bitmap: preallocate 268435456 pg, nr_longs=4194304 in 4 millisec
[ 1817.119551] alloc_cross_bitmap: preallocate 268435456 pg, nr_longs=4194304 in 4 millisec
[ 1817.129795] alloc_cross_bitmap: preallocate 268435456 pg, nr_longs=4194304 in 4 millisec
[ 1817.139940] alloc_cross_bitmap: preallocate 268435456 pg, nr_longs=4194304 in 0 millisec
[ 1817.150275] alloc_cross_bitmap: preallocate 268435456 pg, nr_longs=4194304 in 4 millisec
[ 1817.160385] alloc_cross_bitmap: preallocate 268435456 pg, nr_longs=4194304 in 0 millisec
[ 1817.170758] alloc_cross_bitmap: preallocate 268435456 pg, nr_longs=4194304 in 4 millisec
[ 1817.181172] alloc_cross_bitmap: preallocate 268435456 pg, nr_longs=4194304 in 4 millisec
[ 1817.183671] free_cross_bitmap: releasing mem for inode with i_count 2
[ 1817.191740] free_cross_bitmap: releasing mem for inode with i_count 2
[ 1817.199789] free_cross_bitmap: releasing mem for inode with i_count 2
[ 1817.207750] free_cross_bitmap: releasing mem for inode with i_count 2
[ 1817.216277] free_cross_bitmap: releasing mem for inode with i_count 2
[ 1817.224858] free_cross_bitmap: releasing mem for inode with i_count 2
[ 1817.233865] free_cross_bitmap: releasing mem for inode with i_count 2
[ 1817.241869] free_cross_bitmap: releasing mem for inode with i_count 2
[ 1817.249860] free_cross_bitmap: releasing mem for inode with i_count 2
[ 1817.257843] free_cross_bitmap: releasing mem for inode with i_count 2
[ 1817.266214] free_cross_bitmap: releasing mem for inode with i_count 2
[ 1817.274220] free_cross_bitmap: releasing mem for inode with i_count 2
[ 1817.282199] free_cross_bitmap: releasing mem for inode with i_count 2
[ 1817.290210] free_cross_bitmap: releasing mem for inode with i_count 2
[ 1817.298237] free_cross_bitmap: releasing mem for inode with i_count 2
[ 1817.306247] free_cross_bitmap: releasing mem for inode with i_count 2
[ 1817.315290] free_cross_bitmap: releasing mem for inode with i_count 2
[ 1817.323456] free_cross_bitmap: releasing mem for inode with i_count 2
[ 1817.331803] free_cross_bitmap: releasing mem for inode with i_count 2
[ 1817.340143] free_cross_bitmap: releasing mem for inode with i_count 2
[ 1817.348543] free_cross_bitmap: releasing mem for inode with i_count 2
[ 1817.356792] free_cross_bitmap: releasing mem for inode with i_count 2
[ 1817.364271] free_cross_bitmap: releasing mem for inode with i_count 2
[ 1817.372370] free_cross_bitmap: releasing mem for inode with i_count 2
[ 1817.380414] free_cross_bitmap: releasing mem for inode with i_count 2
[ 1817.388363] free_cross_bitmap: releasing mem for inode with i_count 2
[ 1817.396494] free_cross_bitmap: releasing mem for inode with i_count 2
[ 1817.404630] free_cross_bitmap: releasing mem for inode with i_count 2
[ 1817.413193] free_cross_bitmap: releasing mem for inode with i_count 2
[ 1817.421176] free_cross_bitmap: releasing mem for inode with i_count 2
[ 1835.407283] alloc_cross_bitmap: preallocate 268435456 pg, nr_longs=4194304 in 4 millisec
[ 1835.417877] alloc_cross_bitmap: preallocate 268435456 pg, nr_longs=4194304 in 4 millisec
[ 1835.428324] alloc_cross_bitmap: preallocate 268435456 pg, nr_longs=4194304 in 0 millisec
[ 1835.438799] alloc_cross_bitmap: preallocate 268435456 pg, nr_longs=4194304 in 4 millisec
[ 1835.449029] alloc_cross_bitmap: preallocate 268435456 pg, nr_longs=4194304 in 4 millisec
[ 1835.459349] alloc_cross_bitmap: preallocate 268435456 pg, nr_longs=4194304 in 4 millisec
[ 1835.469352] alloc_cross_bitmap: preallocate 268435456 pg, nr_longs=4194304 in 4 millisec
[ 1835.479383] alloc_cross_bitmap: preallocate 268435456 pg, nr_longs=4194304 in 4 millisec
[ 1835.489494] alloc_cross_bitmap: preallocate 268435456 pg, nr_longs=4194304 in 4 millisec
[ 1835.499494] alloc_cross_bitmap: preallocate 268435456 pg, nr_longs=4194304 in 4 millisec
[ 1835.509708] alloc_cross_bitmap: preallocate 268435456 pg, nr_longs=4194304 in 4 millisec
[ 1835.519802] alloc_cross_bitmap: preallocate 268435456 pg, nr_longs=4194304 in 0 millisec
[ 1835.530059] alloc_cross_bitmap: preallocate 268435456 pg, nr_longs=4194304 in 4 millisec
[ 1835.540537] alloc_cross_bitmap: preallocate 268435456 pg, nr_longs=4194304 in 0 millisec
[ 1835.550912] alloc_cross_bitmap: preallocate 268435456 pg, nr_longs=4194304 in 4 millisec
[ 1835.561061] alloc_cross_bitmap: preallocate 268435456 pg, nr_longs=4194304 in 4 millisec
[ 1835.571192] alloc_cross_bitmap: preallocate 268435456 pg, nr_longs=4194304 in 4 millisec
[ 1835.581370] alloc_cross_bitmap: preallocate 268435456 pg, nr_longs=4194304 in 4 millisec
[ 1835.591516] alloc_cross_bitmap: preallocate 268435456 pg, nr_longs=4194304 in 4 millisec
[ 1835.601705] alloc_cross_bitmap: preallocate 268435456 pg, nr_longs=4194304 in 4 millisec
[ 1835.611878] alloc_cross_bitmap: preallocate 268435456 pg, nr_longs=4194304 in 0 millisec
[ 1835.622186] alloc_cross_bitmap: preallocate 268435456 pg, nr_longs=4194304 in 4 millisec
[ 1835.632215] alloc_cross_bitmap: preallocate 268435456 pg, nr_longs=4194304 in 0 millisec
[ 1835.642431] alloc_cross_bitmap: preallocate 268435456 pg, nr_longs=4194304 in 4 millisec
[ 1835.652646] alloc_cross_bitmap: preallocate 268435456 pg, nr_longs=4194304 in 0 millisec
[ 1835.662923] alloc_cross_bitmap: preallocate 268435456 pg, nr_longs=4194304 in 4 millisec
[ 1835.673321] alloc_cross_bitmap: preallocate 268435456 pg, nr_longs=4194304 in 4 millisec
[ 1835.683561] alloc_cross_bitmap: preallocate 268435456 pg, nr_longs=4194304 in 4 millisec
[ 1835.693784] alloc_cross_bitmap: preallocate 268435456 pg, nr_longs=4194304 in 4 millisec
[ 1835.703844] alloc_cross_bitmap: preallocate 268435456 pg, nr_longs=4194304 in 0 millisec
[ 1835.713834] alloc_cross_bitmap: preallocate 268435456 pg, nr_longs=4194304 in 4 millisec
[ 1835.723886] alloc_cross_bitmap: preallocate 268435456 pg, nr_longs=4194304 in 0 millisec
[ 1835.734034] alloc_cross_bitmap: preallocate 268435456 pg, nr_longs=4194304 in 4 millisec
[ 1835.744097] alloc_cross_bitmap: preallocate 268435456 pg, nr_longs=4194304 in 0 millisec
[ 1835.754242] alloc_cross_bitmap: preallocate 268435456 pg, nr_longs=4194304 in 4 millisec
[ 1835.764280] alloc_cross_bitmap: preallocate 268435456 pg, nr_longs=4194304 in 0 millisec
[ 1835.774557] alloc_cross_bitmap: preallocate 268435456 pg, nr_longs=4194304 in 4 millisec
[ 1835.784862] alloc_cross_bitmap: preallocate 268435456 pg, nr_longs=4194304 in 4 millisec
[ 1835.795219] alloc_cross_bitmap: preallocate 268435456 pg, nr_longs=4194304 in 4 millisec
[ 1835.805417] alloc_cross_bitmap: preallocate 268435456 pg, nr_longs=4194304 in 4 millisec
[ 1835.815530] alloc_cross_bitmap: preallocate 268435456 pg, nr_longs=4194304 in 4 millisec
[ 1835.825677] alloc_cross_bitmap: preallocate 268435456 pg, nr_longs=4194304 in 4 millisec
[ 1835.835792] alloc_cross_bitmap: preallocate 268435456 pg, nr_longs=4194304 in 4 millisec
[ 1835.845926] alloc_cross_bitmap: preallocate 268435456 pg, nr_longs=4194304 in 4 millisec
[ 1835.855962] alloc_cross_bitmap: preallocate 268435456 pg, nr_longs=4194304 in 0 millisec
[ 1835.866106] alloc_cross_bitmap: preallocate 268435456 pg, nr_longs=4194304 in 4 millisec
[ 1835.868799] free_cross_bitmap: releasing mem for inode with i_count 2
[ 1835.876700] free_cross_bitmap: releasing mem for inode with i_count 2
[ 1835.884583] free_cross_bitmap: releasing mem for inode with i_count 2
[ 1835.892516] free_cross_bitmap: releasing mem for inode with i_count 2
[ 1835.900872] free_cross_bitmap: releasing mem for inode with i_count 2
[ 1835.908745] free_cross_bitmap: releasing mem for inode with i_count 2
[ 1835.916636] free_cross_bitmap: releasing mem for inode with i_count 2
[ 1835.924505] free_cross_bitmap: releasing mem for inode with i_count 2
[ 1835.932443] free_cross_bitmap: releasing mem for inode with i_count 2
[ 1835.940367] free_cross_bitmap: releasing mem for inode with i_count 2
[ 1835.948958] free_cross_bitmap: releasing mem for inode with i_count 2
[ 1835.956815] free_cross_bitmap: releasing mem for inode with i_count 2
[ 1835.964704] free_cross_bitmap: releasing mem for inode with i_count 2
[ 1835.972597] free_cross_bitmap: releasing mem for inode with i_count 2
[ 1835.980533] free_cross_bitmap: releasing mem for inode with i_count 2
[ 1835.988409] free_cross_bitmap: releasing mem for inode with i_count 2
[ 1835.996832] free_cross_bitmap: releasing mem for inode with i_count 2
[ 1836.003797] free_cross_bitmap: releasing mem for inode with i_count 2
[ 1836.011851] free_cross_bitmap: releasing mem for inode with i_count 2
[ 1836.019861] free_cross_bitmap: releasing mem for inode with i_count 2
[ 1836.027801] free_cross_bitmap: releasing mem for inode with i_count 2
[ 1836.035773] free_cross_bitmap: releasing mem for inode with i_count 2
[ 1836.044067] free_cross_bitmap: releasing mem for inode with i_count 2
[ 1836.052040] free_cross_bitmap: releasing mem for inode with i_count 2
[ 1836.060076] free_cross_bitmap: releasing mem for inode with i_count 2
[ 1836.068089] free_cross_bitmap: releasing mem for inode with i_count 2
[ 1836.076110] free_cross_bitmap: releasing mem for inode with i_count 2
[ 1836.084185] free_cross_bitmap: releasing mem for inode with i_count 2
[ 1836.092672] free_cross_bitmap: releasing mem for inode with i_count 2
[ 1836.100682] free_cross_bitmap: releasing mem for inode with i_count 2
[ 1836.108777] free_cross_bitmap: releasing mem for inode with i_count 2
[ 1836.117223] free_cross_bitmap: releasing mem for inode with i_count 2
[ 1836.125482] free_cross_bitmap: releasing mem for inode with i_count 2
[ 1836.133514] free_cross_bitmap: releasing mem for inode with i_count 2
[ 1836.141928] free_cross_bitmap: releasing mem for inode with i_count 2
[ 1836.149961] free_cross_bitmap: releasing mem for inode with i_count 2
[ 1836.157986] free_cross_bitmap: releasing mem for inode with i_count 2
[ 1836.165993] free_cross_bitmap: releasing mem for inode with i_count 2
[ 1836.174127] free_cross_bitmap: releasing mem for inode with i_count 2
[ 1836.182173] free_cross_bitmap: releasing mem for inode with i_count 2
[ 1836.190507] free_cross_bitmap: releasing mem for inode with i_count 2
[ 1836.198509] free_cross_bitmap: releasing mem for inode with i_count 2
[ 1836.206499] free_cross_bitmap: releasing mem for inode with i_count 2
[ 1836.214481] free_cross_bitmap: releasing mem for inode with i_count 2
[ 1836.222488] free_cross_bitmap: releasing mem for inode with i_count 2
[ 1836.230497] free_cross_bitmap: releasing mem for inode with i_count 2
[ 1836.238863] free_cross_bitmap: releasing mem for inode with i_count 2
[ 1836.246954] free_cross_bitmap: releasing mem for inode with i_count 2
[ 1836.255036] free_cross_bitmap: releasing mem for inode with i_count 2
[ 1836.263365] free_cross_bitmap: releasing mem for inode with i_count 2
[ 1836.271463] free_cross_bitmap: releasing mem for inode with i_count 2
[ 1836.279962] free_cross_bitmap: releasing mem for inode with i_count 2
[ 1836.288556] free_cross_bitmap: releasing mem for inode with i_count 2
[ 1836.296609] free_cross_bitmap: releasing mem for inode with i_count 2
[ 1836.304633] free_cross_bitmap: releasing mem for inode with i_count 2
[ 1836.312645] free_cross_bitmap: releasing mem for inode with i_count 2
[ 1836.320588] free_cross_bitmap: releasing mem for inode with i_count 2
[ 1836.328578] free_cross_bitmap: releasing mem for inode with i_count 2
[ 1836.336912] free_cross_bitmap: releasing mem for inode with i_count 2
[ 1836.344845] free_cross_bitmap: releasing mem for inode with i_count 2
[ 1836.352806] free_cross_bitmap: releasing mem for inode with i_count 2
[ 1836.360883] free_cross_bitmap: releasing mem for inode with i_count 2
[ 1836.368832] free_cross_bitmap: releasing mem for inode with i_count 2
[ 1836.376872] free_cross_bitmap: releasing mem for inode with i_count 2
[ 1836.385217] free_cross_bitmap: releasing mem for inode with i_count 2
[ 1836.393217] free_cross_bitmap: releasing mem for inode with i_count 2
[ 1836.401203] free_cross_bitmap: releasing mem for inode with i_count 2
[ 1836.409190] free_cross_bitmap: releasing mem for inode with i_count 2
[ 1836.417189] free_cross_bitmap: releasing mem for inode with i_count 2
[ 1836.425216] free_cross_bitmap: releasing mem for inode with i_count 2
[ 1836.433657] free_cross_bitmap: releasing mem for inode with i_count 2
[ 1836.441620] free_cross_bitmap: releasing mem for inode with i_count 2
[ 1836.449644] free_cross_bitmap: releasing mem for inode with i_count 2
[ 1845.549158] alloc_cross_bitmap: preallocate 268435456 pg, nr_longs=4194304 in 4 millisec
[ 1845.559596] alloc_cross_bitmap: preallocate 268435456 pg, nr_longs=4194304 in 4 millisec
[ 1845.570018] alloc_cross_bitmap: preallocate 268435456 pg, nr_longs=4194304 in 4 millisec
[ 1845.580346] alloc_cross_bitmap: preallocate 268435456 pg, nr_longs=4194304 in 0 millisec
[ 1845.590287] alloc_cross_bitmap: preallocate 268435456 pg, nr_longs=4194304 in 4 millisec
[ 1845.600408] alloc_cross_bitmap: preallocate 268435456 pg, nr_longs=4194304 in 0 millisec
[ 1845.610696] alloc_cross_bitmap: preallocate 268435456 pg, nr_longs=4194304 in 4 millisec
[ 1845.620611] alloc_cross_bitmap: preallocate 268435456 pg, nr_longs=4194304 in 0 millisec
[ 1845.630722] alloc_cross_bitmap: preallocate 268435456 pg, nr_longs=4194304 in 4 millisec
[ 1845.640785] alloc_cross_bitmap: preallocate 268435456 pg, nr_longs=4194304 in 0 millisec
[ 1845.650877] alloc_cross_bitmap: preallocate 268435456 pg, nr_longs=4194304 in 4 millisec
[ 1845.660894] alloc_cross_bitmap: preallocate 268435456 pg, nr_longs=4194304 in 4 millisec
[ 1845.671105] alloc_cross_bitmap: preallocate 268435456 pg, nr_longs=4194304 in 4 millisec
[ 1845.681524] alloc_cross_bitmap: preallocate 268435456 pg, nr_longs=4194304 in 4 millisec
[ 1845.691912] alloc_cross_bitmap: preallocate 268435456 pg, nr_longs=4194304 in 4 millisec
[ 1845.702195] alloc_cross_bitmap: preallocate 268435456 pg, nr_longs=4194304 in 4 millisec
[ 1845.712327] alloc_cross_bitmap: preallocate 268435456 pg, nr_longs=4194304 in 0 millisec
[ 1845.722331] alloc_cross_bitmap: preallocate 268435456 pg, nr_longs=4194304 in 4 millisec
[ 1845.732565] alloc_cross_bitmap: preallocate 268435456 pg, nr_longs=4194304 in 0 millisec
[ 1845.742623] alloc_cross_bitmap: preallocate 268435456 pg, nr_longs=4194304 in 4 millisec
[ 1845.752776] alloc_cross_bitmap: preallocate 268435456 pg, nr_longs=4194304 in 0 millisec
[ 1845.762855] alloc_cross_bitmap: preallocate 268435456 pg, nr_longs=4194304 in 4 millisec
[ 1845.772876] alloc_cross_bitmap: preallocate 268435456 pg, nr_longs=4194304 in 4 millisec
[ 1845.775194] free_cross_bitmap: releasing mem for inode with i_count 2
[ 1845.783083] free_cross_bitmap: releasing mem for inode with i_count 2
[ 1845.790947] free_cross_bitmap: releasing mem for inode with i_count 2
[ 1845.799333] free_cross_bitmap: releasing mem for inode with i_count 2
[ 1845.807211] free_cross_bitmap: releasing mem for inode with i_count 2
[ 1845.815069] free_cross_bitmap: releasing mem for inode with i_count 2
[ 1845.822956] free_cross_bitmap: releasing mem for inode with i_count 2
[ 1845.830797] free_cross_bitmap: releasing mem for inode with i_count 2
[ 1845.838648] free_cross_bitmap: releasing mem for inode with i_count 2
[ 1845.846973] free_cross_bitmap: releasing mem for inode with i_count 2
[ 1845.855017] free_cross_bitmap: releasing mem for inode with i_count 2
[ 1845.863462] free_cross_bitmap: releasing mem for inode with i_count 2
[ 1845.872228] free_cross_bitmap: releasing mem for inode with i_count 2
[ 1845.880631] free_cross_bitmap: releasing mem for inode with i_count 2
[ 1845.888705] free_cross_bitmap: releasing mem for inode with i_count 2
[ 1845.897327] free_cross_bitmap: releasing mem for inode with i_count 2
[ 1845.905432] free_cross_bitmap: releasing mem for inode with i_count 2
[ 1845.913474] free_cross_bitmap: releasing mem for inode with i_count 2
[ 1845.921540] free_cross_bitmap: releasing mem for inode with i_count 2
[ 1845.929614] free_cross_bitmap: releasing mem for inode with i_count 2
[ 1845.937645] free_cross_bitmap: releasing mem for inode with i_count 2
[ 1845.946106] free_cross_bitmap: releasing mem for inode with i_count 2
[ 1845.954127] free_cross_bitmap: releasing mem for inode with i_count 2
[ 1845.962199] free_cross_bitmap: releasing mem for inode with i_count 2
[ 1845.970202] free_cross_bitmap: releasing mem for inode with i_count 2
[ 1845.978668] free_cross_bitmap: releasing mem for inode with i_count 2
[ 1845.987434] free_cross_bitmap: releasing mem for inode with i_count 2
[ 1845.996549] free_cross_bitmap: releasing mem for inode with i_count 2
[ 1846.005190] free_cross_bitmap: releasing mem for inode with i_count 2
[ 1846.013767] free_cross_bitmap: releasing mem for inode with i_count 2
[ 1846.022558] free_cross_bitmap: releasing mem for inode with i_count 2
[ 1846.030539] free_cross_bitmap: releasing mem for inode with i_count 2
[ 1846.038536] free_cross_bitmap: releasing mem for inode with i_count 2
[ 1846.046939] free_cross_bitmap: releasing mem for inode with i_count 2
[ 1846.055014] free_cross_bitmap: releasing mem for inode with i_count 2
[ 1846.063044] free_cross_bitmap: releasing mem for inode with i_count 2
[ 1846.071085] free_cross_bitmap: releasing mem for inode with i_count 2
[ 1846.079133] free_cross_bitmap: releasing mem for inode with i_count 2
[ 1846.426186] alloc_cross_bitmap: preallocate 268435456 pg, nr_longs=4194304 in 4 millisec
[ 1846.428591] free_cross_bitmap: releasing mem for inode with i_count 2
[ 1846.505775] write_proc: Value of write = 0
[ 1846.505797] __do_sys_start_cross_trace: PRINT_GLOBAL_STATS 
[ 1846.505798] Final GlobalReport: nr_pages_read:2632552226, nr_pages_hit:2506465501, nr_do_read_fault:535227, nr_pages_miss:53301286
[ 1846.505852] FinalTaskReport: db_bench:12587 - ra_orig_nr_pages:0, ra_final_nr_pages:0
                                        async_pages:940, final_async_pages:1940
                                        full_pfetches:0, less256_pfetches:0, partial_pfetches:0
                                        failed_pfetches:0, total_pfetches:0, os_pfetches:85
                                        nr_pages_read:1567, nr_pages_hit:812, nr_do_read_fault:171
[ 1846.511649] write_proc: Value of write = 0
[ 1846.511663] __do_sys_start_cross_trace: PRINT_GLOBAL_STATS 
[ 1846.511664] Final GlobalReport: nr_pages_read:2632552226, nr_pages_hit:2506465501, nr_do_read_fault:535231, nr_pages_miss:53301286
[ 1846.511707] FinalTaskReport: time:12578 - ra_orig_nr_pages:0, ra_final_nr_pages:0
                                        async_pages:0, final_async_pages:42
                                        full_pfetches:0, less256_pfetches:0, partial_pfetches:0
                                        failed_pfetches:0, total_pfetches:0, os_pfetches:2
                                        nr_pages_read:0, nr_pages_hit:0, nr_do_read_fault:19
