ENABLE_FILE_STATS in con
ENABLE_FILE_STATS in con
RocksDB:    version 6.20
Date:       Thu Aug 11 12:39:55 2022
CPU:        48 * AMD EPYC 7402P 24-Core Processor
CPUCache:   512 KB
Initializing RocksDB Options from the specified file
Initializing RocksDB Options from command-line flags
Keys:       1000 bytes each (+ 0 bytes user-defined timestamp)
Values:     4096 bytes each (2048 bytes after compression)
Entries:    2000000
Prefix:    0 bytes
Keys per prefix:    0
RawSize:    9719.8 MB (estimated)
FileSize:   5813.6 MB (estimated)
Write rate: 0 bytes/second
Read rate: 0 ops/second
Compression: Snappy
Compression sampling rate: 0
Memtablerep: skip_list
Perf Level: 1
------------------------------------------------
DB path: [/users/kannan11/ssd/sudarsun/prefetching/appbench/apps/rocksdb/DATA]
compact      : 405560937.000 micros/op 0 ops/sec;
DESTRUCTOR GETTING CALLED 
PRINT_GLOBAL_STATS in dest
	Command being timed: "./db_bench --db=/users/kannan11/ssd/sudarsun/prefetching/appbench/apps/rocksdb/DATA --value_size=4096 --wal_dir=/users/kannan11/ssd/sudarsun/prefetching/appbench/apps/rocksdb/DATA/WAL_LOG --sync=0 --key_size=1000 --write_buffer_size=67108864 --num=2000000 --benchmarks=compact --use_existing_db=1 --mmap_read=0 --threads=16"
	User time (seconds): 18.64
	System time (seconds): 8.30
	Percent of CPU this job got: 104%
	Elapsed (wall clock) time (h:mm:ss or m:ss): 0:25.85
	Average shared text size (kbytes): 0
	Average unshared data size (kbytes): 0
	Average stack size (kbytes): 0
	Average total size (kbytes): 0
	Maximum resident set size (kbytes): 312428
	Average resident set size (kbytes): 0
	Major (requiring I/O) page faults: 74
	Minor (reclaiming a frame) page faults: 1278468
	Voluntary context switches: 88133
	Involuntary context switches: 52
	Swaps: 0
	File system inputs: 8443584
	File system outputs: 10103992
	Socket messages sent: 0
	Socket messages received: 0
	Signals delivered: 0
	Page size (bytes): 4096
	Exit status: 0
DESTRUCTOR GETTING CALLED 
PRINT_GLOBAL_STATS in dest
[10554.879410] free_cross_bitmap: releasing mem for inode with i_count 2
[10554.888585] free_cross_bitmap: releasing mem for inode with i_count 2
[10554.899346] free_cross_bitmap: releasing mem for inode with i_count 2
[10554.910052] free_cross_bitmap: releasing mem for inode with i_count 2
[10554.920763] free_cross_bitmap: releasing mem for inode with i_count 2
[10554.931434] free_cross_bitmap: releasing mem for inode with i_count 2
[10554.941601] free_cross_bitmap: releasing mem for inode with i_count 2
[10554.950688] free_cross_bitmap: releasing mem for inode with i_count 2
[10554.961644] free_cross_bitmap: releasing mem for inode with i_count 2
[10554.972306] free_cross_bitmap: releasing mem for inode with i_count 2
[10554.982991] free_cross_bitmap: releasing mem for inode with i_count 2
[10554.990652] free_cross_bitmap: releasing mem for inode with i_count 2
[10555.005311] free_cross_bitmap: releasing mem for inode with i_count 2
[10555.016005] free_cross_bitmap: releasing mem for inode with i_count 2
[10555.026707] free_cross_bitmap: releasing mem for inode with i_count 2
[10555.037684] free_cross_bitmap: releasing mem for inode with i_count 2
[10555.048774] free_cross_bitmap: releasing mem for inode with i_count 2
[10555.060543] free_cross_bitmap: releasing mem for inode with i_count 2
[10555.073022] free_cross_bitmap: releasing mem for inode with i_count 2
[10555.080494] free_cross_bitmap: releasing mem for inode with i_count 2
[10555.095189] free_cross_bitmap: releasing mem for inode with i_count 2
[10555.105920] free_cross_bitmap: releasing mem for inode with i_count 2
[10555.116950] free_cross_bitmap: releasing mem for inode with i_count 2
[10555.128037] free_cross_bitmap: releasing mem for inode with i_count 2
[10555.139448] free_cross_bitmap: releasing mem for inode with i_count 2
[10555.150322] free_cross_bitmap: releasing mem for inode with i_count 2
[10555.161409] free_cross_bitmap: releasing mem for inode with i_count 2
[10555.173269] free_cross_bitmap: releasing mem for inode with i_count 2
[10555.184330] free_cross_bitmap: releasing mem for inode with i_count 2
[10555.195458] free_cross_bitmap: releasing mem for inode with i_count 2
[10555.207694] free_cross_bitmap: releasing mem for inode with i_count 2
[10555.217274] free_cross_bitmap: releasing mem for inode with i_count 2
[10555.228852] free_cross_bitmap: releasing mem for inode with i_count 2
[10555.240045] free_cross_bitmap: releasing mem for inode with i_count 2
[10555.251189] free_cross_bitmap: releasing mem for inode with i_count 2
[10555.262131] free_cross_bitmap: releasing mem for inode with i_count 2
[10555.270597] free_cross_bitmap: releasing mem for inode with i_count 2
[10555.282026] free_cross_bitmap: releasing mem for inode with i_count 2
[10555.290849] free_cross_bitmap: releasing mem for inode with i_count 2
[10555.300745] free_cross_bitmap: releasing mem for inode with i_count 2
[10555.311882] free_cross_bitmap: releasing mem for inode with i_count 2
[10555.322973] free_cross_bitmap: releasing mem for inode with i_count 2
[10555.334532] free_cross_bitmap: releasing mem for inode with i_count 2
[10555.345576] free_cross_bitmap: releasing mem for inode with i_count 2
[10555.356319] free_cross_bitmap: releasing mem for inode with i_count 2
[10555.367288] free_cross_bitmap: releasing mem for inode with i_count 2
[10555.375757] free_cross_bitmap: releasing mem for inode with i_count 2
[10555.386737] free_cross_bitmap: releasing mem for inode with i_count 2
[10555.397993] free_cross_bitmap: releasing mem for inode with i_count 2
[10555.409215] free_cross_bitmap: releasing mem for inode with i_count 2
[10555.419983] free_cross_bitmap: releasing mem for inode with i_count 2
[10555.430934] free_cross_bitmap: releasing mem for inode with i_count 2
[10555.441717] free_cross_bitmap: releasing mem for inode with i_count 2
[10555.453368] free_cross_bitmap: releasing mem for inode with i_count 2
[10555.465219] free_cross_bitmap: releasing mem for inode with i_count 2
[10555.476833] free_cross_bitmap: releasing mem for inode with i_count 2
[10555.488081] free_cross_bitmap: releasing mem for inode with i_count 2
[10555.498975] free_cross_bitmap: releasing mem for inode with i_count 2
[10555.510244] free_cross_bitmap: releasing mem for inode with i_count 2
[10555.521044] free_cross_bitmap: releasing mem for inode with i_count 2
[10555.532192] free_cross_bitmap: releasing mem for inode with i_count 2
[10555.542985] free_cross_bitmap: releasing mem for inode with i_count 2
[10555.554087] free_cross_bitmap: releasing mem for inode with i_count 2
[10555.564973] free_cross_bitmap: releasing mem for inode with i_count 2
[10555.576489] free_cross_bitmap: releasing mem for inode with i_count 2
[10555.587878] free_cross_bitmap: releasing mem for inode with i_count 2
[10555.595399] free_cross_bitmap: releasing mem for inode with i_count 2
[10555.603413] sh (8397): drop_caches: 3
[10555.632657] sh (8470): drop_caches: 3
[10560.657840] Enabled file stats for time:8477
[10560.658044] write_proc: Value of write = 0
[10560.663133] Enabled file stats for db_bench:8486
[10560.663311] write_proc: Value of write = 0
[10560.686633] alloc_cross_bitmap: preallocate 268435456 pg, nr_longs=4194304 in 12 millisec
[10560.687721] alloc_cross_bitmap: preallocate 268435456 pg, nr_longs=4194304 in 12 millisec
[10560.687833] alloc_cross_bitmap: preallocate 268435456 pg, nr_longs=4194304 in 12 millisec
[10560.688024] alloc_cross_bitmap: preallocate 268435456 pg, nr_longs=4194304 in 12 millisec
[10560.688107] alloc_cross_bitmap: preallocate 268435456 pg, nr_longs=4194304 in 12 millisec
[10560.688351] alloc_cross_bitmap: preallocate 268435456 pg, nr_longs=4194304 in 16 millisec
[10560.688369] alloc_cross_bitmap: preallocate 268435456 pg, nr_longs=4194304 in 16 millisec
[10560.688577] alloc_cross_bitmap: preallocate 268435456 pg, nr_longs=4194304 in 16 millisec
[10560.688710] alloc_cross_bitmap: preallocate 268435456 pg, nr_longs=4194304 in 16 millisec
[10560.688825] alloc_cross_bitmap: preallocate 268435456 pg, nr_longs=4194304 in 16 millisec
[10560.688892] alloc_cross_bitmap: preallocate 268435456 pg, nr_longs=4194304 in 16 millisec
[10560.688893] alloc_cross_bitmap: preallocate 268435456 pg, nr_longs=4194304 in 16 millisec
[10560.688902] alloc_cross_bitmap: preallocate 268435456 pg, nr_longs=4194304 in 16 millisec
[10560.688925] alloc_cross_bitmap: preallocate 268435456 pg, nr_longs=4194304 in 16 millisec
[10560.688936] alloc_cross_bitmap: preallocate 268435456 pg, nr_longs=4194304 in 16 millisec
[10560.688995] alloc_cross_bitmap: preallocate 268435456 pg, nr_longs=4194304 in 16 millisec
[10560.693607] alloc_cross_bitmap: preallocate 268435456 pg, nr_longs=4194304 in 4 millisec
[10560.695437] alloc_cross_bitmap: preallocate 268435456 pg, nr_longs=4194304 in 4 millisec
[10560.695560] alloc_cross_bitmap: preallocate 268435456 pg, nr_longs=4194304 in 4 millisec
[10560.695620] alloc_cross_bitmap: preallocate 268435456 pg, nr_longs=4194304 in 4 millisec
[10560.696927] alloc_cross_bitmap: preallocate 268435456 pg, nr_longs=4194304 in 8 millisec
[10560.697687] alloc_cross_bitmap: preallocate 268435456 pg, nr_longs=4194304 in 8 millisec
[10560.698280] alloc_cross_bitmap: preallocate 268435456 pg, nr_longs=4194304 in 4 millisec
[10560.698477] alloc_cross_bitmap: preallocate 268435456 pg, nr_longs=4194304 in 4 millisec
[10560.699704] alloc_cross_bitmap: preallocate 268435456 pg, nr_longs=4194304 in 4 millisec
[10560.700183] alloc_cross_bitmap: preallocate 268435456 pg, nr_longs=4194304 in 4 millisec
[10560.700551] alloc_cross_bitmap: preallocate 268435456 pg, nr_longs=4194304 in 8 millisec
[10560.702068] alloc_cross_bitmap: preallocate 268435456 pg, nr_longs=4194304 in 4 millisec
[10560.704150] alloc_cross_bitmap: preallocate 268435456 pg, nr_longs=4194304 in 4 millisec
[10560.704659] alloc_cross_bitmap: preallocate 268435456 pg, nr_longs=4194304 in 8 millisec
[10560.704760] alloc_cross_bitmap: preallocate 268435456 pg, nr_longs=4194304 in 8 millisec
[10560.704975] alloc_cross_bitmap: preallocate 268435456 pg, nr_longs=4194304 in 8 millisec
[10560.706816] alloc_cross_bitmap: preallocate 268435456 pg, nr_longs=4194304 in 8 millisec
[10560.707996] alloc_cross_bitmap: preallocate 268435456 pg, nr_longs=4194304 in 8 millisec
[10560.708886] alloc_cross_bitmap: preallocate 268435456 pg, nr_longs=4194304 in 12 millisec
[10560.710500] alloc_cross_bitmap: preallocate 268435456 pg, nr_longs=4194304 in 8 millisec
[10560.711123] alloc_cross_bitmap: preallocate 268435456 pg, nr_longs=4194304 in 8 millisec
[10560.711143] alloc_cross_bitmap: preallocate 268435456 pg, nr_longs=4194304 in 8 millisec
[10560.712707] alloc_cross_bitmap: preallocate 268435456 pg, nr_longs=4194304 in 12 millisec
[10560.712896] alloc_cross_bitmap: preallocate 268435456 pg, nr_longs=4194304 in 12 millisec
[10560.713283] alloc_cross_bitmap: preallocate 268435456 pg, nr_longs=4194304 in 12 millisec
[10560.713389] alloc_cross_bitmap: preallocate 268435456 pg, nr_longs=4194304 in 12 millisec
[10560.715691] alloc_cross_bitmap: preallocate 268435456 pg, nr_longs=4194304 in 8 millisec
[10560.716070] alloc_cross_bitmap: preallocate 268435456 pg, nr_longs=4194304 in 8 millisec
[10560.716149] alloc_cross_bitmap: preallocate 268435456 pg, nr_longs=4194304 in 8 millisec
[10560.716937] alloc_cross_bitmap: preallocate 268435456 pg, nr_longs=4194304 in 12 millisec
[10560.717347] alloc_cross_bitmap: preallocate 268435456 pg, nr_longs=4194304 in 12 millisec
[10560.717503] alloc_cross_bitmap: preallocate 268435456 pg, nr_longs=4194304 in 8 millisec
[10560.717514] alloc_cross_bitmap: preallocate 268435456 pg, nr_longs=4194304 in 8 millisec
[10560.718007] alloc_cross_bitmap: preallocate 268435456 pg, nr_longs=4194304 in 8 millisec
[10560.718015] alloc_cross_bitmap: preallocate 268435456 pg, nr_longs=4194304 in 8 millisec
[10560.766395] alloc_cross_bitmap: preallocate 268435456 pg, nr_longs=4194304 in 8 millisec
[10560.766406] alloc_cross_bitmap: preallocate 268435456 pg, nr_longs=4194304 in 8 millisec
[10560.766778] alloc_cross_bitmap: preallocate 268435456 pg, nr_longs=4194304 in 8 millisec
[10560.766800] alloc_cross_bitmap: preallocate 268435456 pg, nr_longs=4194304 in 8 millisec
[10560.767541] alloc_cross_bitmap: preallocate 268435456 pg, nr_longs=4194304 in 8 millisec
[10560.767584] alloc_cross_bitmap: preallocate 268435456 pg, nr_longs=4194304 in 8 millisec
[10560.767606] alloc_cross_bitmap: preallocate 268435456 pg, nr_longs=4194304 in 8 millisec
[10560.767607] alloc_cross_bitmap: preallocate 268435456 pg, nr_longs=4194304 in 8 millisec
[10560.768767] alloc_cross_bitmap: preallocate 268435456 pg, nr_longs=4194304 in 12 millisec
[10560.768804] alloc_cross_bitmap: preallocate 268435456 pg, nr_longs=4194304 in 12 millisec
[10560.768898] alloc_cross_bitmap: preallocate 268435456 pg, nr_longs=4194304 in 12 millisec
[10560.768898] alloc_cross_bitmap: preallocate 268435456 pg, nr_longs=4194304 in 12 millisec
[10560.779542] alloc_cross_bitmap: preallocate 268435456 pg, nr_longs=4194304 in 4 millisec
[10560.784862] alloc_cross_bitmap: preallocate 268435456 pg, nr_longs=4194304 in 4 millisec
[10560.837482] alloc_cross_bitmap: preallocate 268435456 pg, nr_longs=4194304 in 4 millisec
[10560.862914] alloc_cross_bitmap: preallocate 268435456 pg, nr_longs=4194304 in 4 millisec
[10574.109385] alloc_cross_bitmap: preallocate 268435456 pg, nr_longs=4194304 in 4 millisec
[10574.113139] alloc_cross_bitmap: preallocate 268435456 pg, nr_longs=4194304 in 4 millisec
[10574.117167] alloc_cross_bitmap: preallocate 268435456 pg, nr_longs=4194304 in 4 millisec
[10574.121037] alloc_cross_bitmap: preallocate 268435456 pg, nr_longs=4194304 in 4 millisec
[10574.125032] alloc_cross_bitmap: preallocate 268435456 pg, nr_longs=4194304 in 4 millisec
[10574.129107] alloc_cross_bitmap: preallocate 268435456 pg, nr_longs=4194304 in 4 millisec
[10574.134265] alloc_cross_bitmap: preallocate 268435456 pg, nr_longs=4194304 in 4 millisec
[10574.139297] alloc_cross_bitmap: preallocate 268435456 pg, nr_longs=4194304 in 4 millisec
[10574.144207] alloc_cross_bitmap: preallocate 268435456 pg, nr_longs=4194304 in 0 millisec
[10574.148326] alloc_cross_bitmap: preallocate 268435456 pg, nr_longs=4194304 in 4 millisec
[10574.152088] alloc_cross_bitmap: preallocate 268435456 pg, nr_longs=4194304 in 0 millisec
[10574.155800] alloc_cross_bitmap: preallocate 268435456 pg, nr_longs=4194304 in 0 millisec
[10574.159675] alloc_cross_bitmap: preallocate 268435456 pg, nr_longs=4194304 in 0 millisec
[10574.164259] alloc_cross_bitmap: preallocate 268435456 pg, nr_longs=4194304 in 0 millisec
[10574.169168] alloc_cross_bitmap: preallocate 268435456 pg, nr_longs=4194304 in 4 millisec
[10574.173991] alloc_cross_bitmap: preallocate 268435456 pg, nr_longs=4194304 in 4 millisec
[10574.179227] alloc_cross_bitmap: preallocate 268435456 pg, nr_longs=4194304 in 4 millisec
[10574.184204] alloc_cross_bitmap: preallocate 268435456 pg, nr_longs=4194304 in 0 millisec
[10574.188870] alloc_cross_bitmap: preallocate 268435456 pg, nr_longs=4194304 in 4 millisec
[10574.192752] alloc_cross_bitmap: preallocate 268435456 pg, nr_longs=4194304 in 4 millisec
[10574.196679] alloc_cross_bitmap: preallocate 268435456 pg, nr_longs=4194304 in 4 millisec
[10574.201020] alloc_cross_bitmap: preallocate 268435456 pg, nr_longs=4194304 in 4 millisec
[10574.205746] alloc_cross_bitmap: preallocate 268435456 pg, nr_longs=4194304 in 4 millisec
[10574.210599] alloc_cross_bitmap: preallocate 268435456 pg, nr_longs=4194304 in 4 millisec
[10574.216074] alloc_cross_bitmap: preallocate 268435456 pg, nr_longs=4194304 in 0 millisec
[10574.221082] alloc_cross_bitmap: preallocate 268435456 pg, nr_longs=4194304 in 4 millisec
[10574.225520] alloc_cross_bitmap: preallocate 268435456 pg, nr_longs=4194304 in 4 millisec
[10574.229215] alloc_cross_bitmap: preallocate 268435456 pg, nr_longs=4194304 in 4 millisec
[10574.233420] alloc_cross_bitmap: preallocate 268435456 pg, nr_longs=4194304 in 4 millisec
[10574.238288] alloc_cross_bitmap: preallocate 268435456 pg, nr_longs=4194304 in 4 millisec
[10574.243489] alloc_cross_bitmap: preallocate 268435456 pg, nr_longs=4194304 in 4 millisec
[10574.248695] alloc_cross_bitmap: preallocate 268435456 pg, nr_longs=4194304 in 4 millisec
[10574.254280] alloc_cross_bitmap: preallocate 268435456 pg, nr_longs=4194304 in 4 millisec
[10574.259012] alloc_cross_bitmap: preallocate 268435456 pg, nr_longs=4194304 in 4 millisec
[10574.263221] alloc_cross_bitmap: preallocate 268435456 pg, nr_longs=4194304 in 4 millisec
[10574.267142] alloc_cross_bitmap: preallocate 268435456 pg, nr_longs=4194304 in 4 millisec
[10574.270982] alloc_cross_bitmap: preallocate 268435456 pg, nr_longs=4194304 in 4 millisec
[10574.275740] alloc_cross_bitmap: preallocate 268435456 pg, nr_longs=4194304 in 0 millisec
[10574.280451] alloc_cross_bitmap: preallocate 268435456 pg, nr_longs=4194304 in 4 millisec
[10574.285517] alloc_cross_bitmap: preallocate 268435456 pg, nr_longs=4194304 in 4 millisec
[10574.288551] free_cross_bitmap: releasing mem for inode with i_count 2
[10574.297663] free_cross_bitmap: releasing mem for inode with i_count 2
[10574.304927] free_cross_bitmap: releasing mem for inode with i_count 2
[10574.311896] free_cross_bitmap: releasing mem for inode with i_count 2
[10574.318930] free_cross_bitmap: releasing mem for inode with i_count 2
[10574.326007] free_cross_bitmap: releasing mem for inode with i_count 2
[10574.333100] free_cross_bitmap: releasing mem for inode with i_count 2
[10574.340207] free_cross_bitmap: releasing mem for inode with i_count 2
[10574.347318] free_cross_bitmap: releasing mem for inode with i_count 2
[10574.354950] free_cross_bitmap: releasing mem for inode with i_count 2
[10574.361908] free_cross_bitmap: releasing mem for inode with i_count 2
[10574.368968] free_cross_bitmap: releasing mem for inode with i_count 2
[10574.375925] free_cross_bitmap: releasing mem for inode with i_count 2
[10574.382908] free_cross_bitmap: releasing mem for inode with i_count 2
[10574.389886] free_cross_bitmap: releasing mem for inode with i_count 2
[10574.396983] free_cross_bitmap: releasing mem for inode with i_count 2
[10574.403957] free_cross_bitmap: releasing mem for inode with i_count 2
[10574.411090] free_cross_bitmap: releasing mem for inode with i_count 2
[10574.418045] free_cross_bitmap: releasing mem for inode with i_count 2
[10574.424991] free_cross_bitmap: releasing mem for inode with i_count 2
[10574.432156] free_cross_bitmap: releasing mem for inode with i_count 2
[10574.439335] free_cross_bitmap: releasing mem for inode with i_count 2
[10574.446432] free_cross_bitmap: releasing mem for inode with i_count 2
[10574.454108] free_cross_bitmap: releasing mem for inode with i_count 2
[10574.461199] free_cross_bitmap: releasing mem for inode with i_count 2
[10574.468272] free_cross_bitmap: releasing mem for inode with i_count 2
[10574.475707] free_cross_bitmap: releasing mem for inode with i_count 2
[10574.482704] free_cross_bitmap: releasing mem for inode with i_count 2
[10574.489949] free_cross_bitmap: releasing mem for inode with i_count 2
[10574.497307] free_cross_bitmap: releasing mem for inode with i_count 2
[10574.504274] free_cross_bitmap: releasing mem for inode with i_count 2
[10574.511261] free_cross_bitmap: releasing mem for inode with i_count 2
[10574.518259] free_cross_bitmap: releasing mem for inode with i_count 2
[10574.525257] free_cross_bitmap: releasing mem for inode with i_count 2
[10574.532256] free_cross_bitmap: releasing mem for inode with i_count 2
[10574.540498] free_cross_bitmap: releasing mem for inode with i_count 2
[10574.547464] free_cross_bitmap: releasing mem for inode with i_count 2
[10574.554474] free_cross_bitmap: releasing mem for inode with i_count 2
[10574.561555] free_cross_bitmap: releasing mem for inode with i_count 2
[10574.568655] free_cross_bitmap: releasing mem for inode with i_count 2
[10574.575675] free_cross_bitmap: releasing mem for inode with i_count 2
[10574.583063] free_cross_bitmap: releasing mem for inode with i_count 2
[10574.590533] free_cross_bitmap: releasing mem for inode with i_count 2
[10574.597523] free_cross_bitmap: releasing mem for inode with i_count 2
[10585.766239] alloc_cross_bitmap: preallocate 268435456 pg, nr_longs=4194304 in 4 millisec
[10585.770160] alloc_cross_bitmap: preallocate 268435456 pg, nr_longs=4194304 in 4 millisec
[10585.774190] alloc_cross_bitmap: preallocate 268435456 pg, nr_longs=4194304 in 4 millisec
[10585.778072] alloc_cross_bitmap: preallocate 268435456 pg, nr_longs=4194304 in 4 millisec
[10585.781880] alloc_cross_bitmap: preallocate 268435456 pg, nr_longs=4194304 in 4 millisec
[10585.786266] alloc_cross_bitmap: preallocate 268435456 pg, nr_longs=4194304 in 4 millisec
[10585.790946] alloc_cross_bitmap: preallocate 268435456 pg, nr_longs=4194304 in 4 millisec
[10585.795931] alloc_cross_bitmap: preallocate 268435456 pg, nr_longs=4194304 in 0 millisec
[10585.799869] alloc_cross_bitmap: preallocate 268435456 pg, nr_longs=4194304 in 0 millisec
[10585.805324] alloc_cross_bitmap: preallocate 268435456 pg, nr_longs=4194304 in 4 millisec
[10585.809954] alloc_cross_bitmap: preallocate 268435456 pg, nr_longs=4194304 in 4 millisec
[10585.814042] alloc_cross_bitmap: preallocate 268435456 pg, nr_longs=4194304 in 4 millisec
[10585.817994] alloc_cross_bitmap: preallocate 268435456 pg, nr_longs=4194304 in 4 millisec
[10585.822582] alloc_cross_bitmap: preallocate 268435456 pg, nr_longs=4194304 in 4 millisec
[10585.827759] alloc_cross_bitmap: preallocate 268435456 pg, nr_longs=4194304 in 0 millisec
[10585.831605] alloc_cross_bitmap: preallocate 268435456 pg, nr_longs=4194304 in 0 millisec
[10585.837070] alloc_cross_bitmap: preallocate 268435456 pg, nr_longs=4194304 in 4 millisec
[10585.842063] alloc_cross_bitmap: preallocate 268435456 pg, nr_longs=4194304 in 4 millisec
[10585.846663] alloc_cross_bitmap: preallocate 268435456 pg, nr_longs=4194304 in 4 millisec
[10585.850424] alloc_cross_bitmap: preallocate 268435456 pg, nr_longs=4194304 in 4 millisec
[10585.854543] alloc_cross_bitmap: preallocate 268435456 pg, nr_longs=4194304 in 4 millisec
[10585.859492] alloc_cross_bitmap: preallocate 268435456 pg, nr_longs=4194304 in 0 millisec
[10585.864849] alloc_cross_bitmap: preallocate 268435456 pg, nr_longs=4194304 in 4 millisec
[10585.870091] alloc_cross_bitmap: preallocate 268435456 pg, nr_longs=4194304 in 4 millisec
[10585.875459] alloc_cross_bitmap: preallocate 268435456 pg, nr_longs=4194304 in 4 millisec
[10585.880202] alloc_cross_bitmap: preallocate 268435456 pg, nr_longs=4194304 in 0 millisec
[10585.884317] alloc_cross_bitmap: preallocate 268435456 pg, nr_longs=4194304 in 4 millisec
[10585.888064] alloc_cross_bitmap: preallocate 268435456 pg, nr_longs=4194304 in 0 millisec
[10585.892272] alloc_cross_bitmap: preallocate 268435456 pg, nr_longs=4194304 in 0 millisec
[10585.897462] alloc_cross_bitmap: preallocate 268435456 pg, nr_longs=4194304 in 4 millisec
[10585.902523] alloc_cross_bitmap: preallocate 268435456 pg, nr_longs=4194304 in 4 millisec
[10585.908027] alloc_cross_bitmap: preallocate 268435456 pg, nr_longs=4194304 in 0 millisec
[10585.913559] alloc_cross_bitmap: preallocate 268435456 pg, nr_longs=4194304 in 4 millisec
[10585.918777] alloc_cross_bitmap: preallocate 268435456 pg, nr_longs=4194304 in 4 millisec
[10585.922980] alloc_cross_bitmap: preallocate 268435456 pg, nr_longs=4194304 in 4 millisec
[10585.926696] alloc_cross_bitmap: preallocate 268435456 pg, nr_longs=4194304 in 4 millisec
[10585.928303] free_cross_bitmap: releasing mem for inode with i_count 2
[10585.935224] free_cross_bitmap: releasing mem for inode with i_count 2
[10585.942149] free_cross_bitmap: releasing mem for inode with i_count 2
[10585.949140] free_cross_bitmap: releasing mem for inode with i_count 2
[10585.956031] free_cross_bitmap: releasing mem for inode with i_count 2
[10585.962899] free_cross_bitmap: releasing mem for inode with i_count 2
[10585.969795] free_cross_bitmap: releasing mem for inode with i_count 2
[10585.976663] free_cross_bitmap: releasing mem for inode with i_count 2
[10585.983549] free_cross_bitmap: releasing mem for inode with i_count 2
[10585.990493] free_cross_bitmap: releasing mem for inode with i_count 2
[10585.997387] free_cross_bitmap: releasing mem for inode with i_count 2
[10586.004254] free_cross_bitmap: releasing mem for inode with i_count 2
[10586.011260] free_cross_bitmap: releasing mem for inode with i_count 2
[10586.018133] free_cross_bitmap: releasing mem for inode with i_count 2
[10586.025022] free_cross_bitmap: releasing mem for inode with i_count 2
[10586.032025] free_cross_bitmap: releasing mem for inode with i_count 2
[10586.039072] free_cross_bitmap: releasing mem for inode with i_count 2
[10586.046056] free_cross_bitmap: releasing mem for inode with i_count 2
[10586.053733] free_cross_bitmap: releasing mem for inode with i_count 2
[10586.060717] free_cross_bitmap: releasing mem for inode with i_count 2
[10586.067677] free_cross_bitmap: releasing mem for inode with i_count 2
[10586.075001] free_cross_bitmap: releasing mem for inode with i_count 2
[10586.081912] free_cross_bitmap: releasing mem for inode with i_count 2
[10586.088840] free_cross_bitmap: releasing mem for inode with i_count 2
[10586.095755] free_cross_bitmap: releasing mem for inode with i_count 2
[10586.102674] free_cross_bitmap: releasing mem for inode with i_count 2
[10586.109644] free_cross_bitmap: releasing mem for inode with i_count 2
[10586.116904] free_cross_bitmap: releasing mem for inode with i_count 2
[10586.123831] free_cross_bitmap: releasing mem for inode with i_count 2
[10586.130771] free_cross_bitmap: releasing mem for inode with i_count 2
[10586.137721] free_cross_bitmap: releasing mem for inode with i_count 2
[10586.144709] free_cross_bitmap: releasing mem for inode with i_count 2
[10586.151640] free_cross_bitmap: releasing mem for inode with i_count 2
[10586.158929] free_cross_bitmap: releasing mem for inode with i_count 2
[10586.165903] free_cross_bitmap: releasing mem for inode with i_count 2
[10586.172878] free_cross_bitmap: releasing mem for inode with i_count 2
[10586.179852] free_cross_bitmap: releasing mem for inode with i_count 2
[10586.186797] free_cross_bitmap: releasing mem for inode with i_count 2
[10586.500517] alloc_cross_bitmap: preallocate 268435456 pg, nr_longs=4194304 in 4 millisec
[10586.501479] free_cross_bitmap: releasing mem for inode with i_count 2
[10586.513507] write_proc: Value of write = 0
[10586.513525] __do_sys_start_cross_trace: PRINT_GLOBAL_STATS 
[10586.513527] Final GlobalReport: nr_pages_read:1469474834, nr_pages_hit:1413787771, nr_do_read_fault:447219, nr_pages_miss:23739156
[10586.513574] FinalTaskReport: db_bench:8486 - ra_orig_nr_pages:0, ra_final_nr_pages:0
                                        async_pages:904, final_async_pages:1451
                                        full_pfetches:0, less256_pfetches:0, partial_pfetches:0
                                        failed_pfetches:0, total_pfetches:0, os_pfetches:71
                                        nr_pages_read:818, nr_pages_hit:376, nr_do_read_fault:160
[10586.515608] write_proc: Value of write = 0
[10586.515625] __do_sys_start_cross_trace: PRINT_GLOBAL_STATS 
[10586.515626] Final GlobalReport: nr_pages_read:1469474834, nr_pages_hit:1413787771, nr_do_read_fault:447224, nr_pages_miss:23739156
[10586.515668] FinalTaskReport: time:8477 - ra_orig_nr_pages:0, ra_final_nr_pages:0
                                        async_pages:0, final_async_pages:25
                                        full_pfetches:0, less256_pfetches:0, partial_pfetches:0
                                        failed_pfetches:0, total_pfetches:0, os_pfetches:1
                                        nr_pages_read:0, nr_pages_hit:0, nr_do_read_fault:16
