Received signal 11 (Segmentation fault)
#0   /usr/lib/lib_Cross_Blind.so(_Z13prefetcher_thPv+0x20) [0x7f0978251250] Command terminated by signal 11
	Command being timed: "./db_bench --db=/users/kannan11/ssd/prefetching/appbench/apps/rocksdb/DATA --value_size=4096 --wal_dir=/users/kannan11/ssd/prefetching/appbench/apps/rocksdb/DATA/WAL_LOG --sync=0 --key_size=1000 --write_buffer_size=67108864 --num=20000000 --seed=1576170874 --benchmarks=readwhilescanning --use_existing_db=1 --mmap_read=0 --threads=32"
	User time (seconds): 0.01
	System time (seconds): 1.95
	Percent of CPU this job got: 1202%
	Elapsed (wall clock) time (h:mm:ss or m:ss): 0:00.16
	Average shared text size (kbytes): 0
	Average unshared data size (kbytes): 0
	Average stack size (kbytes): 0
	Average total size (kbytes): 0
	Maximum resident set size (kbytes): 38020
	Average resident set size (kbytes): 0
	Major (requiring I/O) page faults: 78
	Minor (reclaiming a frame) page faults: 8886
	Voluntary context switches: 787
	Involuntary context switches: 24
	Swaps: 0
	File system inputs: 541168
	File system outputs: 72
	Socket messages sent: 0
	Socket messages received: 0
	Signals delivered: 0
	Page size (bytes): 4096
	Exit status: 0
DESTRUCTOR GETTING CALLED 
PRINT_GLOBAL_LIB_STATS in dest
Total nr_ra = 0
Total nr_bytes_ra = 0
[45514.647421] sh (48793): drop_caches: 3
[45514.698405] sh (48798): drop_caches: 3
[45519.732366] write_proc_unbounded: Value of write = 0
[45519.732379] write_proc_2mb_limit: Value of write = 0
[45519.732384] write_proc_bitmap_shift: Value of write = 38
[45519.740075] write_proc_unbounded: Value of write = 0
[45519.740092] write_proc_2mb_limit: Value of write = 0
[45519.740097] write_proc_bitmap_shift: Value of write = 38
[45519.841338] write_proc_unbounded: Value of write = 0
[45519.841347] write_proc_2mb_limit: Value of write = 0
[45519.841352] write_proc_bitmap_shift: Value of write = 38
[45519.845766] write_proc_unbounded: Value of write = 0
[45519.845776] write_proc_2mb_limit: Value of write = 0
[45519.845781] write_proc_bitmap_shift: Value of write = 38
[45519.852496] traps: db_bench[48863] general protection fault ip:7f0978251250 sp:7f09699d3aa0 error:0 in lib_Cross_Blind.so[7f097824c000+a000]
[45519.898658] write_proc_unbounded: Value of write = 0
[45519.898669] write_proc_2mb_limit: Value of write = 0
