ENABLE_FILE_STATS in con
ENABLE_FILE_STATS in con
ENABLE_FILE_STATS in con
ENABLE_FILE_STATS in con
ENABLE_FILE_STATS in con
ENABLE_FILE_STATS in con
ENABLE_FILE_STATS in con
ENABLE_FILE_STATS in con
ENABLE_FILE_STATS in per_thread_ds
ENABLE_FILE_STATS in per_thread_ds
ENABLE_FILE_STATS in per_thread_ds
ENABLE_FILE_STATS in per_thread_ds
ENABLE_FILE_STATS in per_thread_ds
ENABLE_FILE_STATS in per_thread_ds
ERR:prefetcher_th, pg_diff==0
ERR:prefetcher_th, pg_diff==0
ENABLE_FILE_STATS in per_thread_ds
ERR:prefetcher_th, pg_diff==0
ERR:prefetcher_th, pg_diff==0
ERR:prefetcher_th, pg_diff==0
ERR:prefetcher_th, pg_diff==0
ENABLE_FILE_STATS in per_thread_ds
record_open: fd=8 filesize=214 is smaller than 5242880 bytes
record_open: fd=8 filesize=214 is smaller than 5242880 bytes
record_open: fd=8 filesize=214 is smaller than 5242880 bytes
record_open: fd=8 filesize=214 is smaller than 5242880 bytes
record_open: fd=8 filesize=214 is smaller than 5242880 bytes
record_open: fd=12 filesize=214 is smaller than 5242880 bytes
record_open: fd=10 filesize=214 is smaller than 5242880 bytes
record_open: fd=8 filesize=214 is smaller than 5242880 bytes
-------- Aggregate Performance --------
 READ Restart Perf: 3837.26 BW[MB/s] 3241326592 Bytes 0.805567 MaxTime[sec] 
Total nr_ra = 63
Total nr_bytes_ra = 264241152
DESTRUCTOR GETTING CALLED 
PRINT_GLOBAL_STATS in dest
PRINT_GLOBAL_LIB_STATS in dest
DESTRUCTOR GETTING CALLED 
PRINT_GLOBAL_STATS in dest
PRINT_GLOBAL_LIB_STATS in dest
Total nr_ra = 61
Total nr_bytes_ra = 255852544
DESTRUCTOR GETTING CALLED 
PRINT_GLOBAL_STATS in dest
Total nr_ra = 62
PRINT_GLOBAL_LIB_STATS in dest
Total nr_bytes_ra = 260046848
DESTRUCTOR GETTING CALLED 
PRINT_GLOBAL_STATS in dest
PRINT_GLOBAL_LIB_STATS in dest
Total nr_ra = 62
Total nr_bytes_ra = 260046848
DESTRUCTOR GETTING CALLED 
PRINT_GLOBAL_STATS in dest
PRINT_GLOBAL_LIB_STATS in dest
Total nr_ra = 62
Total nr_bytes_ra = 260046848
DESTRUCTOR GETTING CALLED 
PRINT_GLOBAL_STATS in dest
Total nr_ra = 62
PRINT_GLOBAL_LIB_STATS in dest
Total nr_bytes_ra = 260046848
Total nr_ra = 62
Total nr_bytes_ra = 260046848
Total nr_ra = 62
Total nr_bytes_ra = 260046848
DESTRUCTOR GETTING CALLED 
PRINT_GLOBAL_STATS in dest
PRINT_GLOBAL_LIB_STATS in dest
DESTRUCTOR GETTING CALLED 
PRINT_GLOBAL_STATS in dest
PRINT_GLOBAL_LIB_STATS in dest
[32683.634908] sh (14151): drop_caches: 3
[32683.700104] sh (14156): drop_caches: 3
[32683.742713] write_proc_unbounded: Value of write = 1
[32683.742717] write_proc_unbounded: Value of write = 1
[32683.742720] write_proc_unbounded: Value of write = 1
[32683.742728] write_proc_2mb_limit: Value of write = 1
[32683.742732] write_proc_2mb_limit: Value of write = 1
[32683.742734] write_proc_2mb_limit: Value of write = 1
[32683.742737] write_proc_bitmap_shift: Value of write = 37
[32683.742735] write_proc_unbounded: Value of write = 1
[32683.742742] write_proc_bitmap_shift: Value of write = 37
[32683.742751] write_proc_bitmap_shift: Value of write = 37
[32683.742751] write_proc_2mb_limit: Value of write = 1
[32683.742759] write_proc_bitmap_shift: Value of write = 37
[32683.742777] write_proc_unbounded: Value of write = 1
[32683.742788] write_proc_2mb_limit: Value of write = 1
[32683.742789] write_proc_unbounded: Value of write = 1
[32683.742794] write_proc_bitmap_shift: Value of write = 37
[32683.742806] write_proc_2mb_limit: Value of write = 1
[32683.742813] write_proc_bitmap_shift: Value of write = 37
[32683.742815] write_proc_unbounded: Value of write = 1
[32683.742831] write_proc_2mb_limit: Value of write = 1
[32683.742832] write_proc_unbounded: Value of write = 1
[32683.742837] write_proc_bitmap_shift: Value of write = 37
[32683.742844] write_proc_2mb_limit: Value of write = 1
[32683.742850] write_proc_bitmap_shift: Value of write = 37
[32684.603734] write_proc_unbounded: Value of write = 0
[32684.603748] write_proc_2mb_limit: Value of write = 0
[32684.603866] write_proc_unbounded: Value of write = 0
[32684.603875] write_proc_2mb_limit: Value of write = 0
[32684.603893] write_proc_unbounded: Value of write = 0
[32684.603900] write_proc_2mb_limit: Value of write = 0
[32684.603987] write_proc_unbounded: Value of write = 0
[32684.603994] write_proc_2mb_limit: Value of write = 0
[32684.604014] write_proc_unbounded: Value of write = 0
[32684.604020] write_proc_2mb_limit: Value of write = 0
[32684.604044] write_proc_unbounded: Value of write = 0
[32684.604050] write_proc_2mb_limit: Value of write = 0
[32684.604103] write_proc_unbounded: Value of write = 0
[32684.604109] write_proc_2mb_limit: Value of write = 0
[32684.604221] write_proc_unbounded: Value of write = 0
[32684.604225] write_proc_2mb_limit: Value of write = 0
