Received signal 11 (Segmentation fault)
#0   /usr/lib/lib_Cross_Blind.so(_Z13prefetcher_thPv+0x20) [0x7f27faba5250] Command terminated by signal 11
	Command being timed: "./db_bench --db=/users/kannan11/ssd/prefetching/appbench/apps/rocksdb/DATA --value_size=4096 --wal_dir=/users/kannan11/ssd/prefetching/appbench/apps/rocksdb/DATA/WAL_LOG --sync=0 --key_size=1000 --write_buffer_size=67108864 --num=0 --seed=1576170874 --benchmarks=multireadrandom --use_existing_db=1 --mmap_read=0 --threads=32"
	User time (seconds): 0.03
	System time (seconds): 0.74
	Percent of CPU this job got: 324%
	Elapsed (wall clock) time (h:mm:ss or m:ss): 0:00.24
	Average shared text size (kbytes): 0
	Average unshared data size (kbytes): 0
	Average stack size (kbytes): 0
	Average total size (kbytes): 0
	Maximum resident set size (kbytes): 41084
	Average resident set size (kbytes): 0
	Major (requiring I/O) page faults: 81
	Minor (reclaiming a frame) page faults: 9570
	Voluntary context switches: 557
	Involuntary context switches: 24
	Swaps: 0
	File system inputs: 589928
	File system outputs: 80
	Socket messages sent: 0
	Socket messages received: 0
	Signals delivered: 0
	Page size (bytes): 4096
	Exit status: 0
DESTRUCTOR GETTING CALLED 
PRINT_GLOBAL_LIB_STATS in dest
Total nr_ra = 0
Total nr_bytes_ra = 0
[33640.746983] sh (32600): drop_caches: 3
[33640.791775] sh (32605): drop_caches: 3
[33645.825746] write_proc_unbounded: Value of write = 0
[33645.825762] write_proc_2mb_limit: Value of write = 0
[33645.825767] write_proc_bitmap_shift: Value of write = 38
[33645.833539] write_proc_unbounded: Value of write = 0
[33645.833552] write_proc_2mb_limit: Value of write = 0
[33645.833558] write_proc_bitmap_shift: Value of write = 38
[33646.066739] traps: db_bench[32650] general protection fault ip:7f27faba5250 sp:7f27f728baa0 error:0 in lib_Cross_Blind.so[7f27faba0000+a000]
[33646.068947] write_proc_unbounded: Value of write = 0
[33646.068955] write_proc_2mb_limit: Value of write = 0
[33646.068959] write_proc_bitmap_shift: Value of write = 38
[33646.069726] write_proc_unbounded: Value of write = 0
[33646.069734] write_proc_2mb_limit: Value of write = 0
[33646.072924] write_proc_unbounded: Value of write = 0
[33646.072934] write_proc_2mb_limit: Value of write = 0
[33646.072938] write_proc_bitmap_shift: Value of write = 38
