ENABLE_FILE_STATS in con
ENABLE_FILE_STATS in con
ENABLE_FILE_STATS in con
ENABLE_FILE_STATS in con
ENABLE_FILE_STATS in con
ENABLE_FILE_STATS in con
ENABLE_FILE_STATS in con
ENABLE_FILE_STATS in con
ENABLE_FILE_STATS in con
ENABLE_FILE_STATS in con
ENABLE_FILE_STATS in con
ENABLE_FILE_STATS in con
ENABLE_FILE_STATS in con
ENABLE_FILE_STATS in con
ENABLE_FILE_STATS in con
ENABLE_FILE_STATS in con
ENABLE_FILE_STATS in per_thread_ds
ENABLE_FILE_STATS in per_thread_ds
ENABLE_FILE_STATS in per_thread_ds
ENABLE_FILE_STATS in per_thread_ds
ENABLE_FILE_STATS in per_thread_ds
ENABLE_FILE_STATS in per_thread_ds
ENABLE_FILE_STATS in per_thread_ds
ENABLE_FILE_STATS in per_thread_ds
ENABLE_FILE_STATS in per_thread_ds
ERR:prefetcher_th, pg_diff==0
ERR:prefetcher_th, pg_diff==0
ENABLE_FILE_STATS in per_thread_ds
ENABLE_FILE_STATS in per_thread_ds
ENABLE_FILE_STATS in per_thread_ds
readahead_info: failed fd:6 TID:14770 err:-1
ENABLE_FILE_STATS in per_thread_ds
readahead_info: failed fd:6 TID:14760 err:-1
readahead_info: failed fd:6 TID:14769 err:-1
readahead_info: failed fd:6 TID:14758 err:-1
readahead_info: failed fd:6 TID:14755 err:-1
ERR:prefetcher_th, pg_diff==0
ENABLE_FILE_STATS in per_thread_ds
ERR:prefetcher_th, pg_diff==0
ERR:prefetcher_th, pg_diff==0
ERR:prefetcher_th, pg_diff==0
ERR:prefetcher_th, pg_diff==0
ERR:prefetcher_th, pg_diff==0
ENABLE_FILE_STATS in per_thread_ds
ERR:prefetcher_th, pg_diff==0
ENABLE_FILE_STATS in per_thread_ds
record_open: fd=10 filesize=214 is smaller than 5242880 bytes
record_open: fd=8 filesize=214 is smaller than 5242880 bytes
record_open: fd=8 filesize=214 is smaller than 5242880 bytes
record_open: fd=8 filesize=214 is smaller than 5242880 bytes
record_open: fd=8 filesize=214 is smaller than 5242880 bytes
record_open: fd=8 filesize=214 is smaller than 5242880 bytes
record_open: fd=8 filesize=214 is smaller than 5242880 bytes
record_open: fd=8 filesize=214 is smaller than 5242880 bytes
record_open: fd=8 filesize=214 is smaller than 5242880 bytes
record_open: fd=8 filesize=214 is smaller than 5242880 bytes
record_open: fd=8 filesize=214 is smaller than 5242880 bytes
record_open: fd=8 filesize=214 is smaller than 5242880 bytes
record_open: fd=8 filesize=214 is smaller than 5242880 bytes
record_open: fd=8 filesize=214 is smaller than 5242880 bytes
record_open: fd=12 filesize=214 is smaller than 5242880 bytes
record_open: fd=8 filesize=214 is smaller than 5242880 bytes
-------- Aggregate Performance --------
 READ Restart Perf: 3831.43 BW[MB/s] 24722653184 Bytes 6.15367 MaxTime[sec] 
Total nr_ra = 61
Total nr_bytes_ra = 255852544
Total nr_ra = 62
Total nr_bytes_ra = 260046848
Total nr_ra = 62
Total nr_bytes_ra = 260046848
DESTRUCTOR GETTING CALLED 
PRINT_GLOBAL_STATS in dest
PRINT_GLOBAL_LIB_STATS in dest
DESTRUCTOR GETTING CALLED 
PRINT_GLOBAL_STATS in dest
PRINT_GLOBAL_LIB_STATS in dest
DESTRUCTOR GETTING CALLED 
PRINT_GLOBAL_STATS in dest
PRINT_GLOBAL_LIB_STATS in dest
DESTRUCTOR GETTING CALLED 
PRINT_GLOBAL_STATS in dest
PRINT_GLOBAL_LIB_STATS in dest
Total nr_ra = 62
Total nr_bytes_ra = 260046848
Total nr_ra = 207
Total nr_bytes_ra = 868220928
Total nr_ra = 61
Total nr_bytes_ra = 255852544
Total nr_ra = 61
Total nr_bytes_ra = 255852544
Total nr_ra = 62
Total nr_bytes_ra = 260046848
Total nr_ra = 62
Total nr_bytes_ra = 260046848
Total nr_ra = 61
Total nr_bytes_ra = 255852544
Total nr_ra = 62
Total nr_bytes_ra = 260046848
Total nr_ra = 62
Total nr_bytes_ra = 260046848
Total nr_ra = 62
Total nr_bytes_ra = 260046848
DESTRUCTOR GETTING CALLED 
PRINT_GLOBAL_STATS in dest
PRINT_GLOBAL_LIB_STATS in dest
DESTRUCTOR GETTING CALLED 
PRINT_GLOBAL_STATS in dest
PRINT_GLOBAL_LIB_STATS in dest
DESTRUCTOR GETTING CALLED 
PRINT_GLOBAL_STATS in dest
PRINT_GLOBAL_LIB_STATS in dest
DESTRUCTOR GETTING CALLED 
PRINT_GLOBAL_STATS in dest
PRINT_GLOBAL_LIB_STATS in dest
DESTRUCTOR GETTING CALLED 
PRINT_GLOBAL_STATS in dest
PRINT_GLOBAL_LIB_STATS in dest
DESTRUCTOR GETTING CALLED 
PRINT_GLOBAL_STATS in dest
PRINT_GLOBAL_LIB_STATS in dest
DESTRUCTOR GETTING CALLED 
PRINT_GLOBAL_STATS in dest
PRINT_GLOBAL_LIB_STATS in dest
DESTRUCTOR GETTING CALLED 
PRINT_GLOBAL_STATS in dest
PRINT_GLOBAL_LIB_STATS in dest
DESTRUCTOR GETTING CALLED 
PRINT_GLOBAL_STATS in dest
PRINT_GLOBAL_LIB_STATS in dest
DESTRUCTOR GETTING CALLED 
Total nr_ra = 62
Total nr_bytes_ra = 260046848
PRINT_GLOBAL_STATS in dest
PRINT_GLOBAL_LIB_STATS in dest
Total nr_ra = 61
Total nr_bytes_ra = 255852544
Total nr_ra = 61
Total nr_bytes_ra = 255852544
DESTRUCTOR GETTING CALLED 
PRINT_GLOBAL_STATS in dest
PRINT_GLOBAL_LIB_STATS in dest
DESTRUCTOR GETTING CALLED 
PRINT_GLOBAL_STATS in dest
PRINT_GLOBAL_LIB_STATS in dest
[33764.115255] sh (14726): drop_caches: 3
[33764.181905] sh (14731): drop_caches: 3
[33764.225831] write_proc_unbounded: Value of write = 0
[33764.225833] write_proc_unbounded: Value of write = 0
[33764.225845] write_proc_2mb_limit: Value of write = 0
[33764.225850] write_proc_2mb_limit: Value of write = 0
[33764.225855] write_proc_bitmap_shift: Value of write = 37
[33764.225857] write_proc_bitmap_shift: Value of write = 37
[33764.225857] write_proc_unbounded: Value of write = 0
[33764.225865] write_proc_2mb_limit: Value of write = 0
[33764.225871] write_proc_bitmap_shift: Value of write = 37
[33764.225873] write_proc_unbounded: Value of write = 0
[33764.225875] write_proc_unbounded: Value of write = 0
[33764.225879] write_proc_unbounded: Value of write = 0
[33764.225880] write_proc_unbounded: Value of write = 0
[33764.225885] write_proc_2mb_limit: Value of write = 0
[33764.225887] write_proc_unbounded: Value of write = 0
[33764.225890] write_proc_2mb_limit: Value of write = 0
[33764.225891] write_proc_2mb_limit: Value of write = 0
[33764.225895] write_proc_bitmap_shift: Value of write = 37
[33764.225896] write_proc_unbounded: Value of write = 0
[33764.225895] write_proc_unbounded: Value of write = 0
[33764.225898] write_proc_bitmap_shift: Value of write = 37
[33764.225898] write_proc_2mb_limit: Value of write = 0
[33764.225901] write_proc_bitmap_shift: Value of write = 37
[33764.225901] write_proc_unbounded: Value of write = 0
[33764.225907] write_proc_2mb_limit: Value of write = 0
[33764.225910] write_proc_2mb_limit: Value of write = 0
[33764.225911] write_proc_2mb_limit: Value of write = 0
[33764.225912] write_proc_bitmap_shift: Value of write = 37
[33764.225915] write_proc_2mb_limit: Value of write = 0
[33764.225917] write_proc_unbounded: Value of write = 0
[33764.225917] write_proc_bitmap_shift: Value of write = 37
[33764.225918] write_proc_bitmap_shift: Value of write = 37
[33764.225921] write_proc_bitmap_shift: Value of write = 37
[33764.225927] write_proc_2mb_limit: Value of write = 0
[33764.225929] write_proc_bitmap_shift: Value of write = 37
[33764.225932] write_proc_bitmap_shift: Value of write = 37
[33764.225936] write_proc_unbounded: Value of write = 0
[33764.225946] write_proc_2mb_limit: Value of write = 0
[33764.225951] write_proc_bitmap_shift: Value of write = 37
[33764.225959] write_proc_unbounded: Value of write = 0
[33764.225966] write_proc_2mb_limit: Value of write = 0
[33764.225970] write_proc_bitmap_shift: Value of write = 37
[33764.225985] write_proc_unbounded: Value of write = 0
[33764.225985] write_proc_unbounded: Value of write = 0
[33764.225998] write_proc_2mb_limit: Value of write = 0
[33764.225998] write_proc_2mb_limit: Value of write = 0
[33764.226003] write_proc_bitmap_shift: Value of write = 37
[33764.226003] write_proc_bitmap_shift: Value of write = 37
[33770.652895] write_proc_unbounded: Value of write = 0
[33770.652910] write_proc_2mb_limit: Value of write = 0
[33770.653046] write_proc_unbounded: Value of write = 0
[33770.653064] write_proc_2mb_limit: Value of write = 0
[33770.653114] write_proc_unbounded: Value of write = 0
[33770.653135] write_proc_2mb_limit: Value of write = 0
[33770.653175] write_proc_unbounded: Value of write = 0
[33770.653193] write_proc_2mb_limit: Value of write = 0
[33770.653294] write_proc_unbounded: Value of write = 0
[33770.653305] write_proc_unbounded: Value of write = 0
[33770.653315] write_proc_2mb_limit: Value of write = 0
[33770.653318] write_proc_2mb_limit: Value of write = 0
[33770.653361] write_proc_unbounded: Value of write = 0
[33770.653368] write_proc_2mb_limit: Value of write = 0
[33770.653388] write_proc_unbounded: Value of write = 0
[33770.653396] write_proc_2mb_limit: Value of write = 0
[33770.653444] write_proc_unbounded: Value of write = 0
[33770.653462] write_proc_2mb_limit: Value of write = 0
[33770.653459] write_proc_unbounded: Value of write = 0
[33770.653476] write_proc_2mb_limit: Value of write = 0
[33770.653492] write_proc_unbounded: Value of write = 0
[33770.653498] write_proc_unbounded: Value of write = 0
[33770.653501] write_proc_2mb_limit: Value of write = 0
[33770.653508] write_proc_2mb_limit: Value of write = 0
[33770.653891] write_proc_unbounded: Value of write = 0
[33770.653901] write_proc_2mb_limit: Value of write = 0
[33770.654285] write_proc_unbounded: Value of write = 0
[33770.654292] write_proc_2mb_limit: Value of write = 0
[33770.654385] write_proc_unbounded: Value of write = 0
[33770.654390] write_proc_2mb_limit: Value of write = 0
[33770.654519] write_proc_unbounded: Value of write = 0
[33770.654524] write_proc_2mb_limit: Value of write = 0
