Received signal 11 (Segmentation fault)
#0   /usr/lib/lib_Cross_Blind.so(_Z13prefetcher_thPv+0x20) [0x7f02d82ad250] Command terminated by signal 11
	Command being timed: "./db_bench --db=/users/kannan11/ssd/prefetching/appbench/apps/rocksdb/DATA --value_size=4096 --wal_dir=/users/kannan11/ssd/prefetching/appbench/apps/rocksdb/DATA/WAL_LOG --sync=0 --key_size=1000 --write_buffer_size=67108864 --num=20000000 --seed=1576170874 --benchmarks=readrandom --use_existing_db=1 --mmap_read=0 --threads=16"
	User time (seconds): 0.00
	System time (seconds): 0.12
	Percent of CPU this job got: 73%
	Elapsed (wall clock) time (h:mm:ss or m:ss): 0:00.16
	Average shared text size (kbytes): 0
	Average unshared data size (kbytes): 0
	Average stack size (kbytes): 0
	Average total size (kbytes): 0
	Maximum resident set size (kbytes): 40556
	Average resident set size (kbytes): 0
	Major (requiring I/O) page faults: 93
	Minor (reclaiming a frame) page faults: 9200
	Voluntary context switches: 639
	Involuntary context switches: 13
	Swaps: 0
	File system inputs: 561936
	File system outputs: 72
	Socket messages sent: 0
	Socket messages received: 0
	Signals delivered: 0
	Page size (bytes): 4096
	Exit status: 0
DESTRUCTOR GETTING CALLED 
PRINT_GLOBAL_LIB_STATS in dest
Total nr_ra = 0
Total nr_bytes_ra = 0
[ 5815.529946] sh (13664): drop_caches: 3
[ 5815.578328] sh (13669): drop_caches: 3
[ 5820.610929] write_proc_unbounded: Value of write = 0
[ 5820.610943] write_proc_2mb_limit: Value of write = 0
[ 5820.610948] write_proc_bitmap_shift: Value of write = 38
[ 5820.620350] write_proc_unbounded: Value of write = 0
[ 5820.620364] write_proc_2mb_limit: Value of write = 0
[ 5820.620370] write_proc_bitmap_shift: Value of write = 38
[ 5820.779425] traps: db_bench[13743] general protection fault ip:7f02d82ad250 sp:7f02c4b42aa0 error:0 in lib_Cross_Blind.so[7f02d82a8000+a000]
[ 5820.781481] write_proc_unbounded: Value of write = 0
[ 5820.781490] write_proc_2mb_limit: Value of write = 0
[ 5820.781495] write_proc_bitmap_shift: Value of write = 38
[ 5820.782689] write_proc_unbounded: Value of write = 0
[ 5820.782695] write_proc_2mb_limit: Value of write = 0
[ 5820.785474] write_proc_unbounded: Value of write = 0
[ 5820.785482] write_proc_2mb_limit: Value of write = 0
[ 5820.785486] write_proc_bitmap_shift: Value of write = 38
