Received signal 11 (Segmentation fault)
#0   /usr/lib/lib_Cross_Blind.so(_Z13prefetcher_thPv+0x20) [0x7ff92f984250] ??	??:0	DESTRUCTOR GETTING CALLED 	PRINT_GLOBAL_LIB_STATS in dest	Total nr_ra = 0	Total nr_bytes_ra = 0	
#1   /usr/lib/lib_Cross_Blind.so(+0x7ab9) [0x7ff92f986ab9] Command terminated by signal 11
	Command being timed: "./db_bench --db=/users/kannan11/ssd/prefetching/appbench/apps/rocksdb/DATA --value_size=4096 --wal_dir=/users/kannan11/ssd/prefetching/appbench/apps/rocksdb/DATA/WAL_LOG --sync=0 --key_size=1000 --write_buffer_size=67108864 --num=20000000 --seed=1576170874 --benchmarks=multireadrandom --use_existing_db=1 --mmap_read=0 --threads=16"
	User time (seconds): 0.01
	System time (seconds): 1.09
	Percent of CPU this job got: 431%
	Elapsed (wall clock) time (h:mm:ss or m:ss): 0:00.25
	Average shared text size (kbytes): 0
	Average unshared data size (kbytes): 0
	Average stack size (kbytes): 0
	Average total size (kbytes): 0
	Maximum resident set size (kbytes): 40508
	Average resident set size (kbytes): 0
	Major (requiring I/O) page faults: 93
	Minor (reclaiming a frame) page faults: 11743
	Voluntary context switches: 790
	Involuntary context switches: 49
	Swaps: 0
	File system inputs: 576048
	File system outputs: 72
	Socket messages sent: 0
	Socket messages received: 0
	Signals delivered: 0
	Page size (bytes): 4096
	Exit status: 0
DESTRUCTOR GETTING CALLED 
PRINT_GLOBAL_LIB_STATS in dest
Total nr_ra = 0
Total nr_bytes_ra = 0
[32015.028820] sh (27441): drop_caches: 3
[32015.076875] sh (27447): drop_caches: 3
[32020.112079] write_proc_unbounded: Value of write = 0
[32020.112094] write_proc_2mb_limit: Value of write = 0
[32020.112099] write_proc_bitmap_shift: Value of write = 38
[32020.119637] write_proc_unbounded: Value of write = 0
[32020.119652] write_proc_2mb_limit: Value of write = 0
[32020.119658] write_proc_bitmap_shift: Value of write = 38
[32020.249951] write_proc_unbounded: Value of write = 0
[32020.249965] write_proc_2mb_limit: Value of write = 0
[32020.249969] write_proc_bitmap_shift: Value of write = 38
[32020.253564] write_proc_unbounded: Value of write = 0
[32020.253573] write_proc_2mb_limit: Value of write = 0
[32020.253577] write_proc_bitmap_shift: Value of write = 38
[32020.356479] write_proc_unbounded: Value of write = 0
[32020.356485] write_proc_2mb_limit: Value of write = 0
[32020.367871] traps: db_bench[27518] general protection fault ip:7ff92f984250 sp:7ff91dc68aa0 error:0 in lib_Cross_Blind.so[7ff92f97f000+a000]
[32020.368453] write_proc_unbounded: Value of write = 0
[32020.368463] write_proc_2mb_limit: Value of write = 0
[32020.368468] write_proc_bitmap_shift: Value of write = 38
[32020.370594] write_proc_unbounded: Value of write = 0
[32020.370604] write_proc_2mb_limit: Value of write = 0
[32020.370608] write_proc_bitmap_shift: Value of write = 38
[32020.371447] write_proc_unbounded: Value of write = 0
[32020.371454] write_proc_2mb_limit: Value of write = 0
