ENABLE_FILE_STATS in con
ENABLE_FILE_STATS in con
RocksDB:    version 6.20
Date:       Thu Aug 11 17:54:23 2022
CPU:        48 * AMD EPYC 7402P 24-Core Processor
CPUCache:   512 KB
Initializing RocksDB Options from the specified file
Initializing RocksDB Options from command-line flags
Keys:       1000 bytes each (+ 0 bytes user-defined timestamp)
Values:     4096 bytes each (2048 bytes after compression)
Entries:    2000000
Prefix:    0 bytes
Keys per prefix:    0
RawSize:    9719.8 MB (estimated)
FileSize:   5813.6 MB (estimated)
Write rate: 0 bytes/second
Read rate: 0 ops/second
Compression: Snappy
Compression sampling rate: 0
Memtablerep: skip_list
Perf Level: 1
------------------------------------------------
DB path: [/users/kannan11/ssd/sudarsun/prefetching/appbench/apps/rocksdb/DATA]
compact      : 138534474.000 micros/op 0 ops/sec;
DESTRUCTOR GETTING CALLED 
PRINT_GLOBAL_STATS in dest
	Command being timed: "./db_bench --db=/users/kannan11/ssd/sudarsun/prefetching/appbench/apps/rocksdb/DATA --value_size=4096 --wal_dir=/users/kannan11/ssd/sudarsun/prefetching/appbench/apps/rocksdb/DATA/WAL_LOG --sync=0 --key_size=1000 --write_buffer_size=67108864 --num=2000000 --benchmarks=compact --use_existing_db=1 --mmap_read=0 --threads=4"
	User time (seconds): 25.83
	System time (seconds): 11.96
	Percent of CPU this job got: 102%
	Elapsed (wall clock) time (h:mm:ss or m:ss): 0:36.82
	Average shared text size (kbytes): 0
	Average unshared data size (kbytes): 0
	Average stack size (kbytes): 0
	Average total size (kbytes): 0
	Maximum resident set size (kbytes): 310628
	Average resident set size (kbytes): 0
	Major (requiring I/O) page faults: 75
	Minor (reclaiming a frame) page faults: 1813530
	Voluntary context switches: 111837
	Involuntary context switches: 64
	Swaps: 0
	File system inputs: 14692944
	File system outputs: 12499760
	Socket messages sent: 0
	Socket messages received: 0
	Signals delivered: 0
	Page size (bytes): 4096
	Exit status: 0
DESTRUCTOR GETTING CALLED 
PRINT_GLOBAL_STATS in dest
[ 2112.123816] free_cross_bitmap: releasing mem for inode with i_count 2
[ 2112.133963] free_cross_bitmap: releasing mem for inode with i_count 2
[ 2112.144679] free_cross_bitmap: releasing mem for inode with i_count 2
[ 2112.156025] free_cross_bitmap: releasing mem for inode with i_count 2
[ 2112.166537] free_cross_bitmap: releasing mem for inode with i_count 2
[ 2112.177052] free_cross_bitmap: releasing mem for inode with i_count 2
[ 2112.187487] free_cross_bitmap: releasing mem for inode with i_count 2
[ 2112.197972] free_cross_bitmap: releasing mem for inode with i_count 2
[ 2112.208613] free_cross_bitmap: releasing mem for inode with i_count 2
[ 2112.219747] free_cross_bitmap: releasing mem for inode with i_count 2
[ 2112.230278] free_cross_bitmap: releasing mem for inode with i_count 2
[ 2112.241193] free_cross_bitmap: releasing mem for inode with i_count 2
[ 2112.252482] free_cross_bitmap: releasing mem for inode with i_count 2
[ 2112.263321] free_cross_bitmap: releasing mem for inode with i_count 2
[ 2112.270242] free_cross_bitmap: releasing mem for inode with i_count 2
[ 2112.284736] free_cross_bitmap: releasing mem for inode with i_count 2
[ 2112.295809] free_cross_bitmap: releasing mem for inode with i_count 2
[ 2112.306307] free_cross_bitmap: releasing mem for inode with i_count 2
[ 2112.316630] free_cross_bitmap: releasing mem for inode with i_count 2
[ 2112.326977] free_cross_bitmap: releasing mem for inode with i_count 2
[ 2112.335008] free_cross_bitmap: releasing mem for inode with i_count 2
[ 2112.347432] free_cross_bitmap: releasing mem for inode with i_count 2
[ 2112.357798] free_cross_bitmap: releasing mem for inode with i_count 2
[ 2112.368197] free_cross_bitmap: releasing mem for inode with i_count 2
[ 2112.378535] free_cross_bitmap: releasing mem for inode with i_count 2
[ 2112.388878] free_cross_bitmap: releasing mem for inode with i_count 2
[ 2112.399126] free_cross_bitmap: releasing mem for inode with i_count 2
[ 2112.410452] free_cross_bitmap: releasing mem for inode with i_count 2
[ 2112.420953] free_cross_bitmap: releasing mem for inode with i_count 2
[ 2112.431386] free_cross_bitmap: releasing mem for inode with i_count 2
[ 2112.441791] free_cross_bitmap: releasing mem for inode with i_count 2
[ 2112.452462] free_cross_bitmap: releasing mem for inode with i_count 2
[ 2112.463012] free_cross_bitmap: releasing mem for inode with i_count 2
[ 2112.474172] free_cross_bitmap: releasing mem for inode with i_count 2
[ 2112.485000] free_cross_bitmap: releasing mem for inode with i_count 2
[ 2112.495460] free_cross_bitmap: releasing mem for inode with i_count 2
[ 2112.505974] free_cross_bitmap: releasing mem for inode with i_count 2
[ 2112.516397] free_cross_bitmap: releasing mem for inode with i_count 2
[ 2112.526774] free_cross_bitmap: releasing mem for inode with i_count 2
[ 2112.537713] free_cross_bitmap: releasing mem for inode with i_count 2
[ 2112.548361] free_cross_bitmap: releasing mem for inode with i_count 2
[ 2112.558721] free_cross_bitmap: releasing mem for inode with i_count 2
[ 2112.568053] free_cross_bitmap: releasing mem for inode with i_count 2
[ 2112.579142] free_cross_bitmap: releasing mem for inode with i_count 2
[ 2112.590197] free_cross_bitmap: releasing mem for inode with i_count 2
[ 2112.601099] free_cross_bitmap: releasing mem for inode with i_count 2
[ 2112.611481] free_cross_bitmap: releasing mem for inode with i_count 2
[ 2112.622239] free_cross_bitmap: releasing mem for inode with i_count 2
[ 2112.632913] free_cross_bitmap: releasing mem for inode with i_count 2
[ 2112.643406] free_cross_bitmap: releasing mem for inode with i_count 2
[ 2112.652527] free_cross_bitmap: releasing mem for inode with i_count 2
[ 2112.663818] free_cross_bitmap: releasing mem for inode with i_count 2
[ 2112.674701] free_cross_bitmap: releasing mem for inode with i_count 2
[ 2112.685472] free_cross_bitmap: releasing mem for inode with i_count 2
[ 2112.696365] free_cross_bitmap: releasing mem for inode with i_count 2
[ 2112.704764] free_cross_bitmap: releasing mem for inode with i_count 2
[ 2112.715973] free_cross_bitmap: releasing mem for inode with i_count 2
[ 2112.726757] free_cross_bitmap: releasing mem for inode with i_count 2
[ 2112.737229] free_cross_bitmap: releasing mem for inode with i_count 2
[ 2112.747852] free_cross_bitmap: releasing mem for inode with i_count 2
[ 2112.759468] free_cross_bitmap: releasing mem for inode with i_count 2
[ 2112.770028] free_cross_bitmap: releasing mem for inode with i_count 2
[ 2112.778402] free_cross_bitmap: releasing mem for inode with i_count 2
[ 2112.789357] free_cross_bitmap: releasing mem for inode with i_count 2
[ 2112.800004] free_cross_bitmap: releasing mem for inode with i_count 2
[ 2112.810769] free_cross_bitmap: releasing mem for inode with i_count 2
[ 2112.821256] free_cross_bitmap: releasing mem for inode with i_count 2
[ 2112.829370] free_cross_bitmap: releasing mem for inode with i_count 2
[ 2112.839966] free_cross_bitmap: releasing mem for inode with i_count 2
[ 2112.848797] free_cross_bitmap: releasing mem for inode with i_count 2
[ 2112.859889] free_cross_bitmap: releasing mem for inode with i_count 2
[ 2112.870785] free_cross_bitmap: releasing mem for inode with i_count 2
[ 2112.881688] free_cross_bitmap: releasing mem for inode with i_count 2
[ 2112.892363] free_cross_bitmap: releasing mem for inode with i_count 2
[ 2112.903262] free_cross_bitmap: releasing mem for inode with i_count 2
[ 2112.914460] free_cross_bitmap: releasing mem for inode with i_count 2
[ 2112.925110] free_cross_bitmap: releasing mem for inode with i_count 2
[ 2112.936014] free_cross_bitmap: releasing mem for inode with i_count 2
[ 2112.947375] free_cross_bitmap: releasing mem for inode with i_count 2
[ 2112.958696] free_cross_bitmap: releasing mem for inode with i_count 2
[ 2112.969565] free_cross_bitmap: releasing mem for inode with i_count 2
[ 2112.980625] free_cross_bitmap: releasing mem for inode with i_count 2
[ 2112.991412] free_cross_bitmap: releasing mem for inode with i_count 2
[ 2113.002330] free_cross_bitmap: releasing mem for inode with i_count 2
[ 2113.013628] free_cross_bitmap: releasing mem for inode with i_count 2
[ 2113.024566] free_cross_bitmap: releasing mem for inode with i_count 2
[ 2113.031795] free_cross_bitmap: releasing mem for inode with i_count 2
[ 2113.046353] free_cross_bitmap: releasing mem for inode with i_count 2
[ 2113.053370] free_cross_bitmap: releasing mem for inode with i_count 2
[ 2113.067883] free_cross_bitmap: releasing mem for inode with i_count 2
[ 2113.078463] free_cross_bitmap: releasing mem for inode with i_count 2
[ 2113.089492] free_cross_bitmap: releasing mem for inode with i_count 2
[ 2113.099695] free_cross_bitmap: releasing mem for inode with i_count 2
[ 2113.110533] free_cross_bitmap: releasing mem for inode with i_count 2
[ 2113.120841] free_cross_bitmap: releasing mem for inode with i_count 2
[ 2113.131206] free_cross_bitmap: releasing mem for inode with i_count 2
[ 2113.141495] free_cross_bitmap: releasing mem for inode with i_count 2
[ 2113.151757] free_cross_bitmap: releasing mem for inode with i_count 2
[ 2113.162319] free_cross_bitmap: releasing mem for inode with i_count 2
[ 2113.173191] free_cross_bitmap: releasing mem for inode with i_count 2
[ 2113.183644] free_cross_bitmap: releasing mem for inode with i_count 2
[ 2113.194072] free_cross_bitmap: releasing mem for inode with i_count 2
[ 2113.204471] free_cross_bitmap: releasing mem for inode with i_count 2
[ 2113.214868] free_cross_bitmap: releasing mem for inode with i_count 2
[ 2113.225961] free_cross_bitmap: releasing mem for inode with i_count 2
[ 2113.237027] free_cross_bitmap: releasing mem for inode with i_count 2
[ 2113.243894] free_cross_bitmap: releasing mem for inode with i_count 2
[ 2113.257425] free_cross_bitmap: releasing mem for inode with i_count 2
[ 2113.267685] free_cross_bitmap: releasing mem for inode with i_count 2
[ 2113.278025] free_cross_bitmap: releasing mem for inode with i_count 2
[ 2113.288501] free_cross_bitmap: releasing mem for inode with i_count 2
[ 2113.299662] free_cross_bitmap: releasing mem for inode with i_count 2
[ 2113.310080] free_cross_bitmap: releasing mem for inode with i_count 2
[ 2113.320418] free_cross_bitmap: releasing mem for inode with i_count 2
[ 2113.327506] free_cross_bitmap: releasing mem for inode with i_count 2
[ 2113.334692] sh (13317): drop_caches: 3
[ 2113.363753] sh (13437): drop_caches: 3
[ 2118.388077] Enabled file stats for time:13444
[ 2118.388290] write_proc: Value of write = 1
[ 2118.393682] Enabled file stats for db_bench:13453
[ 2118.393865] write_proc: Value of write = 1
[ 2118.417920] alloc_cross_bitmap: preallocate 268435456 pg, nr_longs=4194304 in 16 millisec
[ 2118.418667] alloc_cross_bitmap: preallocate 268435456 pg, nr_longs=4194304 in 16 millisec
[ 2118.418892] alloc_cross_bitmap: preallocate 268435456 pg, nr_longs=4194304 in 16 millisec
[ 2118.418941] alloc_cross_bitmap: preallocate 268435456 pg, nr_longs=4194304 in 16 millisec
[ 2118.419201] alloc_cross_bitmap: preallocate 268435456 pg, nr_longs=4194304 in 16 millisec
[ 2118.419298] alloc_cross_bitmap: preallocate 268435456 pg, nr_longs=4194304 in 16 millisec
[ 2118.419481] alloc_cross_bitmap: preallocate 268435456 pg, nr_longs=4194304 in 16 millisec
[ 2118.419695] alloc_cross_bitmap: preallocate 268435456 pg, nr_longs=4194304 in 16 millisec
[ 2118.420094] alloc_cross_bitmap: preallocate 268435456 pg, nr_longs=4194304 in 16 millisec
[ 2118.420292] alloc_cross_bitmap: preallocate 268435456 pg, nr_longs=4194304 in 16 millisec
[ 2118.420296] alloc_cross_bitmap: preallocate 268435456 pg, nr_longs=4194304 in 16 millisec
[ 2118.420319] alloc_cross_bitmap: preallocate 268435456 pg, nr_longs=4194304 in 16 millisec
[ 2118.420347] alloc_cross_bitmap: preallocate 268435456 pg, nr_longs=4194304 in 16 millisec
[ 2118.420352] alloc_cross_bitmap: preallocate 268435456 pg, nr_longs=4194304 in 16 millisec
[ 2118.420373] alloc_cross_bitmap: preallocate 268435456 pg, nr_longs=4194304 in 16 millisec
[ 2118.420432] alloc_cross_bitmap: preallocate 268435456 pg, nr_longs=4194304 in 16 millisec
[ 2118.424718] alloc_cross_bitmap: preallocate 268435456 pg, nr_longs=4194304 in 4 millisec
[ 2118.425389] alloc_cross_bitmap: preallocate 268435456 pg, nr_longs=4194304 in 4 millisec
[ 2118.427271] alloc_cross_bitmap: preallocate 268435456 pg, nr_longs=4194304 in 4 millisec
[ 2118.428145] alloc_cross_bitmap: preallocate 268435456 pg, nr_longs=4194304 in 8 millisec
[ 2118.428176] alloc_cross_bitmap: preallocate 268435456 pg, nr_longs=4194304 in 8 millisec
[ 2118.428180] alloc_cross_bitmap: preallocate 268435456 pg, nr_longs=4194304 in 8 millisec
[ 2118.428521] alloc_cross_bitmap: preallocate 268435456 pg, nr_longs=4194304 in 8 millisec
[ 2118.430331] alloc_cross_bitmap: preallocate 268435456 pg, nr_longs=4194304 in 4 millisec
[ 2118.430942] alloc_cross_bitmap: preallocate 268435456 pg, nr_longs=4194304 in 4 millisec
[ 2118.431532] alloc_cross_bitmap: preallocate 268435456 pg, nr_longs=4194304 in 4 millisec
[ 2118.432070] alloc_cross_bitmap: preallocate 268435456 pg, nr_longs=4194304 in 8 millisec
[ 2118.433384] alloc_cross_bitmap: preallocate 268435456 pg, nr_longs=4194304 in 8 millisec
[ 2118.433508] alloc_cross_bitmap: preallocate 268435456 pg, nr_longs=4194304 in 8 millisec
[ 2118.435762] alloc_cross_bitmap: preallocate 268435456 pg, nr_longs=4194304 in 4 millisec
[ 2118.435818] alloc_cross_bitmap: preallocate 268435456 pg, nr_longs=4194304 in 4 millisec
[ 2118.437493] alloc_cross_bitmap: preallocate 268435456 pg, nr_longs=4194304 in 8 millisec
[ 2118.439017] alloc_cross_bitmap: preallocate 268435456 pg, nr_longs=4194304 in 8 millisec
[ 2118.439663] alloc_cross_bitmap: preallocate 268435456 pg, nr_longs=4194304 in 8 millisec
[ 2118.439966] alloc_cross_bitmap: preallocate 268435456 pg, nr_longs=4194304 in 12 millisec
[ 2118.441910] alloc_cross_bitmap: preallocate 268435456 pg, nr_longs=4194304 in 12 millisec
[ 2118.442264] alloc_cross_bitmap: preallocate 268435456 pg, nr_longs=4194304 in 12 millisec
[ 2118.443425] alloc_cross_bitmap: preallocate 268435456 pg, nr_longs=4194304 in 12 millisec
[ 2118.443774] alloc_cross_bitmap: preallocate 268435456 pg, nr_longs=4194304 in 12 millisec
[ 2118.444783] alloc_cross_bitmap: preallocate 268435456 pg, nr_longs=4194304 in 12 millisec
[ 2118.445537] alloc_cross_bitmap: preallocate 268435456 pg, nr_longs=4194304 in 12 millisec
[ 2118.446026] alloc_cross_bitmap: preallocate 268435456 pg, nr_longs=4194304 in 12 millisec
[ 2118.446170] alloc_cross_bitmap: preallocate 268435456 pg, nr_longs=4194304 in 12 millisec
[ 2118.446328] alloc_cross_bitmap: preallocate 268435456 pg, nr_longs=4194304 in 8 millisec
[ 2118.447145] alloc_cross_bitmap: preallocate 268435456 pg, nr_longs=4194304 in 8 millisec
[ 2118.447918] alloc_cross_bitmap: preallocate 268435456 pg, nr_longs=4194304 in 8 millisec
[ 2118.448098] alloc_cross_bitmap: preallocate 268435456 pg, nr_longs=4194304 in 12 millisec
[ 2118.448457] alloc_cross_bitmap: preallocate 268435456 pg, nr_longs=4194304 in 16 millisec
[ 2118.448526] alloc_cross_bitmap: preallocate 268435456 pg, nr_longs=4194304 in 16 millisec
[ 2118.449475] alloc_cross_bitmap: preallocate 268435456 pg, nr_longs=4194304 in 8 millisec
[ 2118.490732] alloc_cross_bitmap: preallocate 268435456 pg, nr_longs=4194304 in 8 millisec
[ 2118.491579] alloc_cross_bitmap: preallocate 268435456 pg, nr_longs=4194304 in 8 millisec
[ 2118.491873] alloc_cross_bitmap: preallocate 268435456 pg, nr_longs=4194304 in 12 millisec
[ 2118.491997] alloc_cross_bitmap: preallocate 268435456 pg, nr_longs=4194304 in 12 millisec
[ 2118.492007] alloc_cross_bitmap: preallocate 268435456 pg, nr_longs=4194304 in 12 millisec
[ 2118.493026] alloc_cross_bitmap: preallocate 268435456 pg, nr_longs=4194304 in 12 millisec
[ 2118.493083] alloc_cross_bitmap: preallocate 268435456 pg, nr_longs=4194304 in 12 millisec
[ 2118.493145] alloc_cross_bitmap: preallocate 268435456 pg, nr_longs=4194304 in 8 millisec
[ 2118.493190] alloc_cross_bitmap: preallocate 268435456 pg, nr_longs=4194304 in 12 millisec
[ 2118.493458] alloc_cross_bitmap: preallocate 268435456 pg, nr_longs=4194304 in 12 millisec
[ 2118.493484] alloc_cross_bitmap: preallocate 268435456 pg, nr_longs=4194304 in 12 millisec
[ 2118.493755] alloc_cross_bitmap: preallocate 268435456 pg, nr_longs=4194304 in 12 millisec
[ 2118.493888] alloc_cross_bitmap: preallocate 268435456 pg, nr_longs=4194304 in 12 millisec
[ 2118.494783] alloc_cross_bitmap: preallocate 268435456 pg, nr_longs=4194304 in 8 millisec
[ 2118.630594] alloc_cross_bitmap: preallocate 268435456 pg, nr_longs=4194304 in 4 millisec
[ 2118.631075] alloc_cross_bitmap: preallocate 268435456 pg, nr_longs=4194304 in 4 millisec
[ 2118.633844] alloc_cross_bitmap: preallocate 268435456 pg, nr_longs=4194304 in 4 millisec
[ 2118.635049] alloc_cross_bitmap: preallocate 268435456 pg, nr_longs=4194304 in 4 millisec
[ 2118.635275] alloc_cross_bitmap: preallocate 268435456 pg, nr_longs=4194304 in 4 millisec
[ 2118.649137] alloc_cross_bitmap: preallocate 268435456 pg, nr_longs=4194304 in 4 millisec
[ 2118.652946] alloc_cross_bitmap: preallocate 268435456 pg, nr_longs=4194304 in 4 millisec
[ 2118.654257] alloc_cross_bitmap: preallocate 268435456 pg, nr_longs=4194304 in 4 millisec
[ 2118.667663] alloc_cross_bitmap: preallocate 268435456 pg, nr_longs=4194304 in 4 millisec
[ 2118.667889] alloc_cross_bitmap: preallocate 268435456 pg, nr_longs=4194304 in 8 millisec
[ 2118.668220] alloc_cross_bitmap: preallocate 268435456 pg, nr_longs=4194304 in 8 millisec
[ 2118.668342] alloc_cross_bitmap: preallocate 268435456 pg, nr_longs=4194304 in 8 millisec
[ 2118.676046] alloc_cross_bitmap: preallocate 268435456 pg, nr_longs=4194304 in 8 millisec
[ 2118.676105] alloc_cross_bitmap: preallocate 268435456 pg, nr_longs=4194304 in 8 millisec
[ 2118.703624] alloc_cross_bitmap: preallocate 268435456 pg, nr_longs=4194304 in 4 millisec
[ 2118.703674] alloc_cross_bitmap: preallocate 268435456 pg, nr_longs=4194304 in 4 millisec
[ 2118.879887] alloc_cross_bitmap: preallocate 268435456 pg, nr_longs=4194304 in 4 millisec
[ 2118.896610] alloc_cross_bitmap: preallocate 268435456 pg, nr_longs=4194304 in 4 millisec
[ 2118.898939] alloc_cross_bitmap: preallocate 268435456 pg, nr_longs=4194304 in 4 millisec
[ 2118.899151] alloc_cross_bitmap: preallocate 268435456 pg, nr_longs=4194304 in 4 millisec
[ 2118.901361] alloc_cross_bitmap: preallocate 268435456 pg, nr_longs=4194304 in 4 millisec
[ 2118.913337] alloc_cross_bitmap: preallocate 268435456 pg, nr_longs=4194304 in 4 millisec
[ 2118.918165] alloc_cross_bitmap: preallocate 268435456 pg, nr_longs=4194304 in 4 millisec
[ 2118.918175] alloc_cross_bitmap: preallocate 268435456 pg, nr_longs=4194304 in 4 millisec
[ 2118.931528] alloc_cross_bitmap: preallocate 268435456 pg, nr_longs=4194304 in 0 millisec
[ 2118.941227] alloc_cross_bitmap: preallocate 268435456 pg, nr_longs=4194304 in 4 millisec
[ 2118.950202] alloc_cross_bitmap: preallocate 268435456 pg, nr_longs=4194304 in 4 millisec
[ 2118.960971] alloc_cross_bitmap: preallocate 268435456 pg, nr_longs=4194304 in 4 millisec
[ 2118.982506] alloc_cross_bitmap: preallocate 268435456 pg, nr_longs=4194304 in 4 millisec
[ 2119.151569] alloc_cross_bitmap: preallocate 268435456 pg, nr_longs=4194304 in 0 millisec
[ 2119.340843] alloc_cross_bitmap: preallocate 268435456 pg, nr_longs=4194304 in 4 millisec
[ 2119.766761] alloc_cross_bitmap: preallocate 268435456 pg, nr_longs=4194304 in 4 millisec
[ 2120.031189] alloc_cross_bitmap: preallocate 268435456 pg, nr_longs=4194304 in 0 millisec
[ 2120.034326] alloc_cross_bitmap: preallocate 268435456 pg, nr_longs=4194304 in 4 millisec
[ 2120.079289] alloc_cross_bitmap: preallocate 268435456 pg, nr_longs=4194304 in 4 millisec
[ 2120.079360] alloc_cross_bitmap: preallocate 268435456 pg, nr_longs=4194304 in 4 millisec
[ 2120.108380] alloc_cross_bitmap: preallocate 268435456 pg, nr_longs=4194304 in 4 millisec
[ 2120.108479] alloc_cross_bitmap: preallocate 268435456 pg, nr_longs=4194304 in 4 millisec
[ 2120.108841] alloc_cross_bitmap: preallocate 268435456 pg, nr_longs=4194304 in 4 millisec
[ 2120.108950] alloc_cross_bitmap: preallocate 268435456 pg, nr_longs=4194304 in 4 millisec
[ 2120.121414] alloc_cross_bitmap: preallocate 268435456 pg, nr_longs=4194304 in 4 millisec
[ 2120.157399] alloc_cross_bitmap: preallocate 268435456 pg, nr_longs=4194304 in 4 millisec
[ 2120.165275] alloc_cross_bitmap: preallocate 268435456 pg, nr_longs=4194304 in 4 millisec
[ 2120.168783] alloc_cross_bitmap: preallocate 268435456 pg, nr_longs=4194304 in 4 millisec
[ 2120.177693] alloc_cross_bitmap: preallocate 268435456 pg, nr_longs=4194304 in 4 millisec
[ 2120.178959] alloc_cross_bitmap: preallocate 268435456 pg, nr_longs=4194304 in 0 millisec
[ 2120.187804] alloc_cross_bitmap: preallocate 268435456 pg, nr_longs=4194304 in 0 millisec
[ 2120.194273] alloc_cross_bitmap: preallocate 268435456 pg, nr_longs=4194304 in 4 millisec
[ 2120.227202] alloc_cross_bitmap: preallocate 268435456 pg, nr_longs=4194304 in 0 millisec
[ 2120.231271] alloc_cross_bitmap: preallocate 268435456 pg, nr_longs=4194304 in 0 millisec
[ 2120.433634] alloc_cross_bitmap: preallocate 268435456 pg, nr_longs=4194304 in 4 millisec
[ 2128.310272] alloc_cross_bitmap: preallocate 268435456 pg, nr_longs=4194304 in 4 millisec
[ 2128.313977] alloc_cross_bitmap: preallocate 268435456 pg, nr_longs=4194304 in 4 millisec
[ 2128.317566] alloc_cross_bitmap: preallocate 268435456 pg, nr_longs=4194304 in 4 millisec
[ 2128.321390] alloc_cross_bitmap: preallocate 268435456 pg, nr_longs=4194304 in 4 millisec
[ 2128.325279] alloc_cross_bitmap: preallocate 268435456 pg, nr_longs=4194304 in 4 millisec
[ 2128.329227] alloc_cross_bitmap: preallocate 268435456 pg, nr_longs=4194304 in 4 millisec
[ 2128.333370] alloc_cross_bitmap: preallocate 268435456 pg, nr_longs=4194304 in 4 millisec
[ 2128.338407] alloc_cross_bitmap: preallocate 268435456 pg, nr_longs=4194304 in 4 millisec
[ 2128.343253] alloc_cross_bitmap: preallocate 268435456 pg, nr_longs=4194304 in 0 millisec
[ 2128.348437] alloc_cross_bitmap: preallocate 268435456 pg, nr_longs=4194304 in 4 millisec
[ 2128.353516] alloc_cross_bitmap: preallocate 268435456 pg, nr_longs=4194304 in 4 millisec
[ 2128.358765] alloc_cross_bitmap: preallocate 268435456 pg, nr_longs=4194304 in 4 millisec
[ 2128.363909] alloc_cross_bitmap: preallocate 268435456 pg, nr_longs=4194304 in 4 millisec
[ 2128.368761] alloc_cross_bitmap: preallocate 268435456 pg, nr_longs=4194304 in 4 millisec
[ 2128.373106] alloc_cross_bitmap: preallocate 268435456 pg, nr_longs=4194304 in 4 millisec
[ 2128.378077] alloc_cross_bitmap: preallocate 268435456 pg, nr_longs=4194304 in 4 millisec
[ 2128.383066] alloc_cross_bitmap: preallocate 268435456 pg, nr_longs=4194304 in 0 millisec
[ 2128.388505] alloc_cross_bitmap: preallocate 268435456 pg, nr_longs=4194304 in 4 millisec
[ 2128.393747] alloc_cross_bitmap: preallocate 268435456 pg, nr_longs=4194304 in 4 millisec
[ 2128.399180] alloc_cross_bitmap: preallocate 268435456 pg, nr_longs=4194304 in 0 millisec
[ 2128.404219] alloc_cross_bitmap: preallocate 268435456 pg, nr_longs=4194304 in 4 millisec
[ 2128.408935] alloc_cross_bitmap: preallocate 268435456 pg, nr_longs=4194304 in 4 millisec
[ 2128.413341] alloc_cross_bitmap: preallocate 268435456 pg, nr_longs=4194304 in 4 millisec
[ 2128.418395] alloc_cross_bitmap: preallocate 268435456 pg, nr_longs=4194304 in 4 millisec
[ 2128.423736] alloc_cross_bitmap: preallocate 268435456 pg, nr_longs=4194304 in 0 millisec
[ 2128.427278] free_cross_bitmap: releasing mem for inode with i_count 2
[ 2128.436204] free_cross_bitmap: releasing mem for inode with i_count 2
[ 2128.443207] free_cross_bitmap: releasing mem for inode with i_count 2
[ 2128.450232] free_cross_bitmap: releasing mem for inode with i_count 2
[ 2128.457203] free_cross_bitmap: releasing mem for inode with i_count 2
[ 2128.464933] free_cross_bitmap: releasing mem for inode with i_count 2
[ 2128.472474] free_cross_bitmap: releasing mem for inode with i_count 2
[ 2128.479703] free_cross_bitmap: releasing mem for inode with i_count 2
[ 2128.486915] free_cross_bitmap: releasing mem for inode with i_count 2
[ 2128.493958] free_cross_bitmap: releasing mem for inode with i_count 2
[ 2128.501043] free_cross_bitmap: releasing mem for inode with i_count 2
[ 2128.508036] free_cross_bitmap: releasing mem for inode with i_count 2
[ 2128.515146] free_cross_bitmap: releasing mem for inode with i_count 2
[ 2128.522120] free_cross_bitmap: releasing mem for inode with i_count 2
[ 2128.529163] free_cross_bitmap: releasing mem for inode with i_count 2
[ 2128.536160] free_cross_bitmap: releasing mem for inode with i_count 2
[ 2128.543519] free_cross_bitmap: releasing mem for inode with i_count 2
[ 2128.550587] free_cross_bitmap: releasing mem for inode with i_count 2
[ 2128.558294] free_cross_bitmap: releasing mem for inode with i_count 2
[ 2128.565456] free_cross_bitmap: releasing mem for inode with i_count 2
[ 2128.572584] free_cross_bitmap: releasing mem for inode with i_count 2
[ 2128.580433] free_cross_bitmap: releasing mem for inode with i_count 2
[ 2128.587422] free_cross_bitmap: releasing mem for inode with i_count 2
[ 2128.594694] free_cross_bitmap: releasing mem for inode with i_count 2
[ 2128.602341] free_cross_bitmap: releasing mem for inode with i_count 2
[ 2128.609509] free_cross_bitmap: releasing mem for inode with i_count 2
[ 2128.617232] free_cross_bitmap: releasing mem for inode with i_count 2
[ 2128.624349] free_cross_bitmap: releasing mem for inode with i_count 2
[ 2142.393580] alloc_cross_bitmap: preallocate 268435456 pg, nr_longs=4194304 in 4 millisec
[ 2142.397291] alloc_cross_bitmap: preallocate 268435456 pg, nr_longs=4194304 in 4 millisec
[ 2142.400907] alloc_cross_bitmap: preallocate 268435456 pg, nr_longs=4194304 in 4 millisec
[ 2142.404566] alloc_cross_bitmap: preallocate 268435456 pg, nr_longs=4194304 in 4 millisec
[ 2142.408234] alloc_cross_bitmap: preallocate 268435456 pg, nr_longs=4194304 in 4 millisec
[ 2142.412149] alloc_cross_bitmap: preallocate 268435456 pg, nr_longs=4194304 in 4 millisec
[ 2142.417248] alloc_cross_bitmap: preallocate 268435456 pg, nr_longs=4194304 in 4 millisec
[ 2142.422290] alloc_cross_bitmap: preallocate 268435456 pg, nr_longs=4194304 in 4 millisec
[ 2142.427458] alloc_cross_bitmap: preallocate 268435456 pg, nr_longs=4194304 in 0 millisec
[ 2142.432018] alloc_cross_bitmap: preallocate 268435456 pg, nr_longs=4194304 in 0 millisec
[ 2142.437300] alloc_cross_bitmap: preallocate 268435456 pg, nr_longs=4194304 in 4 millisec
[ 2142.442142] alloc_cross_bitmap: preallocate 268435456 pg, nr_longs=4194304 in 4 millisec
[ 2142.446540] alloc_cross_bitmap: preallocate 268435456 pg, nr_longs=4194304 in 4 millisec
[ 2142.450846] alloc_cross_bitmap: preallocate 268435456 pg, nr_longs=4194304 in 4 millisec
[ 2142.455870] alloc_cross_bitmap: preallocate 268435456 pg, nr_longs=4194304 in 4 millisec
[ 2142.461411] alloc_cross_bitmap: preallocate 268435456 pg, nr_longs=4194304 in 4 millisec
[ 2142.466773] alloc_cross_bitmap: preallocate 268435456 pg, nr_longs=4194304 in 4 millisec
[ 2142.471530] alloc_cross_bitmap: preallocate 268435456 pg, nr_longs=4194304 in 0 millisec
[ 2142.476739] alloc_cross_bitmap: preallocate 268435456 pg, nr_longs=4194304 in 4 millisec
[ 2142.481336] alloc_cross_bitmap: preallocate 268435456 pg, nr_longs=4194304 in 4 millisec
[ 2142.485587] alloc_cross_bitmap: preallocate 268435456 pg, nr_longs=4194304 in 4 millisec
[ 2142.489472] alloc_cross_bitmap: preallocate 268435456 pg, nr_longs=4194304 in 4 millisec
[ 2142.494363] alloc_cross_bitmap: preallocate 268435456 pg, nr_longs=4194304 in 4 millisec
[ 2142.500028] alloc_cross_bitmap: preallocate 268435456 pg, nr_longs=4194304 in 4 millisec
[ 2142.504312] alloc_cross_bitmap: preallocate 268435456 pg, nr_longs=4194304 in 4 millisec
[ 2142.509365] alloc_cross_bitmap: preallocate 268435456 pg, nr_longs=4194304 in 4 millisec
[ 2142.514050] alloc_cross_bitmap: preallocate 268435456 pg, nr_longs=4194304 in 4 millisec
[ 2142.518328] alloc_cross_bitmap: preallocate 268435456 pg, nr_longs=4194304 in 4 millisec
[ 2142.522864] alloc_cross_bitmap: preallocate 268435456 pg, nr_longs=4194304 in 4 millisec
[ 2142.527097] alloc_cross_bitmap: preallocate 268435456 pg, nr_longs=4194304 in 0 millisec
[ 2142.532215] alloc_cross_bitmap: preallocate 268435456 pg, nr_longs=4194304 in 4 millisec
[ 2142.537710] alloc_cross_bitmap: preallocate 268435456 pg, nr_longs=4194304 in 4 millisec
[ 2142.543235] alloc_cross_bitmap: preallocate 268435456 pg, nr_longs=4194304 in 0 millisec
[ 2142.548330] alloc_cross_bitmap: preallocate 268435456 pg, nr_longs=4194304 in 4 millisec
[ 2142.552169] alloc_cross_bitmap: preallocate 268435456 pg, nr_longs=4194304 in 4 millisec
[ 2142.557200] alloc_cross_bitmap: preallocate 268435456 pg, nr_longs=4194304 in 4 millisec
[ 2142.561601] alloc_cross_bitmap: preallocate 268435456 pg, nr_longs=4194304 in 4 millisec
[ 2142.564220] free_cross_bitmap: releasing mem for inode with i_count 2
[ 2142.571177] free_cross_bitmap: releasing mem for inode with i_count 2
[ 2142.578121] free_cross_bitmap: releasing mem for inode with i_count 2
[ 2142.585035] free_cross_bitmap: releasing mem for inode with i_count 2
[ 2142.591967] free_cross_bitmap: releasing mem for inode with i_count 2
[ 2142.598832] free_cross_bitmap: releasing mem for inode with i_count 2
[ 2142.605846] free_cross_bitmap: releasing mem for inode with i_count 2
[ 2142.612717] free_cross_bitmap: releasing mem for inode with i_count 2
[ 2142.619599] free_cross_bitmap: releasing mem for inode with i_count 2
[ 2142.626563] free_cross_bitmap: releasing mem for inode with i_count 2
[ 2142.633457] free_cross_bitmap: releasing mem for inode with i_count 2
[ 2142.640550] free_cross_bitmap: releasing mem for inode with i_count 2
[ 2142.647592] free_cross_bitmap: releasing mem for inode with i_count 2
[ 2142.654668] free_cross_bitmap: releasing mem for inode with i_count 2
[ 2142.661817] free_cross_bitmap: releasing mem for inode with i_count 2
[ 2142.668787] free_cross_bitmap: releasing mem for inode with i_count 2
[ 2142.675848] free_cross_bitmap: releasing mem for inode with i_count 2
[ 2142.682945] free_cross_bitmap: releasing mem for inode with i_count 2
[ 2142.689994] free_cross_bitmap: releasing mem for inode with i_count 2
[ 2142.697089] free_cross_bitmap: releasing mem for inode with i_count 2
[ 2142.704109] free_cross_bitmap: releasing mem for inode with i_count 2
[ 2142.711129] free_cross_bitmap: releasing mem for inode with i_count 2
[ 2142.718160] free_cross_bitmap: releasing mem for inode with i_count 2
[ 2142.725139] free_cross_bitmap: releasing mem for inode with i_count 2
[ 2142.732591] free_cross_bitmap: releasing mem for inode with i_count 2
[ 2142.739564] free_cross_bitmap: releasing mem for inode with i_count 2
[ 2142.746647] free_cross_bitmap: releasing mem for inode with i_count 2
[ 2142.753612] free_cross_bitmap: releasing mem for inode with i_count 2
[ 2142.760870] free_cross_bitmap: releasing mem for inode with i_count 2
[ 2142.768349] free_cross_bitmap: releasing mem for inode with i_count 2
[ 2142.775799] free_cross_bitmap: releasing mem for inode with i_count 2
[ 2142.782770] free_cross_bitmap: releasing mem for inode with i_count 2
[ 2142.790008] free_cross_bitmap: releasing mem for inode with i_count 2
[ 2142.797108] free_cross_bitmap: releasing mem for inode with i_count 2
[ 2142.804068] free_cross_bitmap: releasing mem for inode with i_count 2
[ 2142.811111] free_cross_bitmap: releasing mem for inode with i_count 2
[ 2142.818528] free_cross_bitmap: releasing mem for inode with i_count 2
[ 2142.825591] free_cross_bitmap: releasing mem for inode with i_count 2
[ 2142.832533] free_cross_bitmap: releasing mem for inode with i_count 2
[ 2142.839633] free_cross_bitmap: releasing mem for inode with i_count 2
[ 2142.846685] free_cross_bitmap: releasing mem for inode with i_count 2
[ 2142.853730] free_cross_bitmap: releasing mem for inode with i_count 2
[ 2142.861185] free_cross_bitmap: releasing mem for inode with i_count 2
[ 2142.868175] free_cross_bitmap: releasing mem for inode with i_count 2
[ 2142.875233] free_cross_bitmap: releasing mem for inode with i_count 2
[ 2142.882245] free_cross_bitmap: releasing mem for inode with i_count 2
[ 2142.889276] free_cross_bitmap: releasing mem for inode with i_count 2
[ 2142.896619] free_cross_bitmap: releasing mem for inode with i_count 2
[ 2142.903944] free_cross_bitmap: releasing mem for inode with i_count 2
[ 2142.910867] free_cross_bitmap: releasing mem for inode with i_count 2
[ 2142.917889] free_cross_bitmap: releasing mem for inode with i_count 2
[ 2142.924889] free_cross_bitmap: releasing mem for inode with i_count 2
[ 2142.931866] free_cross_bitmap: releasing mem for inode with i_count 2
[ 2142.938812] free_cross_bitmap: releasing mem for inode with i_count 2
[ 2142.946271] free_cross_bitmap: releasing mem for inode with i_count 2
[ 2142.953235] free_cross_bitmap: releasing mem for inode with i_count 2
[ 2142.960162] free_cross_bitmap: releasing mem for inode with i_count 2
[ 2142.967094] free_cross_bitmap: releasing mem for inode with i_count 2
[ 2142.974013] free_cross_bitmap: releasing mem for inode with i_count 2
[ 2142.980926] free_cross_bitmap: releasing mem for inode with i_count 2
[ 2142.988197] free_cross_bitmap: releasing mem for inode with i_count 2
[ 2142.995154] free_cross_bitmap: releasing mem for inode with i_count 2
[ 2143.002085] free_cross_bitmap: releasing mem for inode with i_count 2
[ 2143.009025] free_cross_bitmap: releasing mem for inode with i_count 2
[ 2154.101084] alloc_cross_bitmap: preallocate 268435456 pg, nr_longs=4194304 in 4 millisec
[ 2154.104641] alloc_cross_bitmap: preallocate 268435456 pg, nr_longs=4194304 in 4 millisec
[ 2154.108224] alloc_cross_bitmap: preallocate 268435456 pg, nr_longs=4194304 in 4 millisec
[ 2154.111854] alloc_cross_bitmap: preallocate 268435456 pg, nr_longs=4194304 in 4 millisec
[ 2154.115418] alloc_cross_bitmap: preallocate 268435456 pg, nr_longs=4194304 in 0 millisec
[ 2154.118947] alloc_cross_bitmap: preallocate 268435456 pg, nr_longs=4194304 in 4 millisec
[ 2154.122656] alloc_cross_bitmap: preallocate 268435456 pg, nr_longs=4194304 in 4 millisec
[ 2154.126316] alloc_cross_bitmap: preallocate 268435456 pg, nr_longs=4194304 in 4 millisec
[ 2154.129951] alloc_cross_bitmap: preallocate 268435456 pg, nr_longs=4194304 in 4 millisec
[ 2154.133446] alloc_cross_bitmap: preallocate 268435456 pg, nr_longs=4194304 in 4 millisec
[ 2154.136917] alloc_cross_bitmap: preallocate 268435456 pg, nr_longs=4194304 in 4 millisec
[ 2154.140838] alloc_cross_bitmap: preallocate 268435456 pg, nr_longs=4194304 in 4 millisec
[ 2154.144535] alloc_cross_bitmap: preallocate 268435456 pg, nr_longs=4194304 in 4 millisec
[ 2154.148117] alloc_cross_bitmap: preallocate 268435456 pg, nr_longs=4194304 in 4 millisec
[ 2154.151992] alloc_cross_bitmap: preallocate 268435456 pg, nr_longs=4194304 in 4 millisec
[ 2154.157582] alloc_cross_bitmap: preallocate 268435456 pg, nr_longs=4194304 in 4 millisec
[ 2154.162390] alloc_cross_bitmap: preallocate 268435456 pg, nr_longs=4194304 in 4 millisec
[ 2154.167802] alloc_cross_bitmap: preallocate 268435456 pg, nr_longs=4194304 in 0 millisec
[ 2154.172724] alloc_cross_bitmap: preallocate 268435456 pg, nr_longs=4194304 in 4 millisec
[ 2154.177820] alloc_cross_bitmap: preallocate 268435456 pg, nr_longs=4194304 in 4 millisec
[ 2154.182815] alloc_cross_bitmap: preallocate 268435456 pg, nr_longs=4194304 in 4 millisec
[ 2154.186616] alloc_cross_bitmap: preallocate 268435456 pg, nr_longs=4194304 in 4 millisec
[ 2154.192236] alloc_cross_bitmap: preallocate 268435456 pg, nr_longs=4194304 in 4 millisec
[ 2154.197101] alloc_cross_bitmap: preallocate 268435456 pg, nr_longs=4194304 in 4 millisec
[ 2154.201600] alloc_cross_bitmap: preallocate 268435456 pg, nr_longs=4194304 in 4 millisec
[ 2154.206700] alloc_cross_bitmap: preallocate 268435456 pg, nr_longs=4194304 in 4 millisec
[ 2154.211747] alloc_cross_bitmap: preallocate 268435456 pg, nr_longs=4194304 in 0 millisec
[ 2154.217071] alloc_cross_bitmap: preallocate 268435456 pg, nr_longs=4194304 in 4 millisec
[ 2154.220902] alloc_cross_bitmap: preallocate 268435456 pg, nr_longs=4194304 in 4 millisec
[ 2154.224530] alloc_cross_bitmap: preallocate 268435456 pg, nr_longs=4194304 in 4 millisec
[ 2154.228335] alloc_cross_bitmap: preallocate 268435456 pg, nr_longs=4194304 in 4 millisec
[ 2154.232221] free_cross_bitmap: releasing mem for inode with i_count 2
[ 2154.239767] free_cross_bitmap: releasing mem for inode with i_count 2
[ 2154.246761] free_cross_bitmap: releasing mem for inode with i_count 2
[ 2154.253696] free_cross_bitmap: releasing mem for inode with i_count 2
[ 2154.260571] free_cross_bitmap: releasing mem for inode with i_count 2
[ 2154.267463] free_cross_bitmap: releasing mem for inode with i_count 2
[ 2154.274349] free_cross_bitmap: releasing mem for inode with i_count 2
[ 2154.281246] free_cross_bitmap: releasing mem for inode with i_count 2
[ 2154.288199] free_cross_bitmap: releasing mem for inode with i_count 2
[ 2154.295094] free_cross_bitmap: releasing mem for inode with i_count 2
[ 2154.302009] free_cross_bitmap: releasing mem for inode with i_count 2
[ 2154.308907] free_cross_bitmap: releasing mem for inode with i_count 2
[ 2154.315772] free_cross_bitmap: releasing mem for inode with i_count 2
[ 2154.322819] free_cross_bitmap: releasing mem for inode with i_count 2
[ 2154.329776] free_cross_bitmap: releasing mem for inode with i_count 2
[ 2154.336750] free_cross_bitmap: releasing mem for inode with i_count 2
[ 2154.343697] free_cross_bitmap: releasing mem for inode with i_count 2
[ 2154.350817] free_cross_bitmap: releasing mem for inode with i_count 2
[ 2154.357826] free_cross_bitmap: releasing mem for inode with i_count 2
[ 2154.364821] free_cross_bitmap: releasing mem for inode with i_count 2
[ 2154.372129] free_cross_bitmap: releasing mem for inode with i_count 2
[ 2154.379203] free_cross_bitmap: releasing mem for inode with i_count 2
[ 2154.386309] free_cross_bitmap: releasing mem for inode with i_count 2
[ 2154.393328] free_cross_bitmap: releasing mem for inode with i_count 2
[ 2154.400393] free_cross_bitmap: releasing mem for inode with i_count 2
[ 2154.407364] free_cross_bitmap: releasing mem for inode with i_count 2
[ 2154.415641] free_cross_bitmap: releasing mem for inode with i_count 2
[ 2154.423036] free_cross_bitmap: releasing mem for inode with i_count 2
[ 2154.429968] free_cross_bitmap: releasing mem for inode with i_count 2
[ 2154.437012] free_cross_bitmap: releasing mem for inode with i_count 2
[ 2154.444054] free_cross_bitmap: releasing mem for inode with i_count 2
[ 2154.451114] free_cross_bitmap: releasing mem for inode with i_count 2
[ 2154.458406] free_cross_bitmap: releasing mem for inode with i_count 2
[ 2154.465463] free_cross_bitmap: releasing mem for inode with i_count 2
[ 2154.472365] free_cross_bitmap: releasing mem for inode with i_count 2
[ 2154.479292] free_cross_bitmap: releasing mem for inode with i_count 2
[ 2154.486417] free_cross_bitmap: releasing mem for inode with i_count 2
[ 2154.493359] free_cross_bitmap: releasing mem for inode with i_count 2
[ 2154.500871] free_cross_bitmap: releasing mem for inode with i_count 2
[ 2154.507833] free_cross_bitmap: releasing mem for inode with i_count 2
[ 2154.514737] free_cross_bitmap: releasing mem for inode with i_count 2
[ 2154.521640] free_cross_bitmap: releasing mem for inode with i_count 2
[ 2154.528574] free_cross_bitmap: releasing mem for inode with i_count 2
[ 2154.535494] free_cross_bitmap: releasing mem for inode with i_count 2
[ 2154.543151] free_cross_bitmap: releasing mem for inode with i_count 2
[ 2154.550103] free_cross_bitmap: releasing mem for inode with i_count 2
[ 2154.557053] free_cross_bitmap: releasing mem for inode with i_count 2
[ 2155.181982] alloc_cross_bitmap: preallocate 268435456 pg, nr_longs=4194304 in 4 millisec
[ 2155.185502] alloc_cross_bitmap: preallocate 268435456 pg, nr_longs=4194304 in 4 millisec
[ 2155.187448] free_cross_bitmap: releasing mem for inode with i_count 2
[ 2155.196060] free_cross_bitmap: releasing mem for inode with i_count 2
[ 2155.207115] write_proc: Value of write = 0
[ 2155.207130] __do_sys_start_cross_trace: PRINT_GLOBAL_STATS 
[ 2155.207132] Final GlobalReport: nr_pages_read:1571906128, nr_pages_hit:1546328803, nr_do_read_fault:534235, nr_pages_miss:6766846
[ 2155.207178] FinalTaskReport: db_bench:13453 - ra_orig_nr_pages:0, ra_final_nr_pages:0
                                        async_pages:1025, final_async_pages:1804
                                        full_pfetches:0, less256_pfetches:0, partial_pfetches:0
                                        failed_pfetches:0, total_pfetches:0, os_pfetches:78
                                        nr_pages_read:1470, nr_pages_hit:804, nr_do_read_fault:161
[ 2155.210619] write_proc: Value of write = 0
[ 2155.210633] __do_sys_start_cross_trace: PRINT_GLOBAL_STATS 
[ 2155.210634] Final GlobalReport: nr_pages_read:1571906128, nr_pages_hit:1546328803, nr_do_read_fault:534240, nr_pages_miss:6766846
[ 2155.210670] FinalTaskReport: time:13444 - ra_orig_nr_pages:0, ra_final_nr_pages:0
                                        async_pages:0, final_async_pages:51
                                        full_pfetches:0, less256_pfetches:0, partial_pfetches:0
                                        failed_pfetches:0, total_pfetches:0, os_pfetches:3
                                        nr_pages_read:0, nr_pages_hit:0, nr_do_read_fault:19
