ENABLE_FILE_STATS in con
ENABLE_FILE_STATS in con
RocksDB:    version 6.20
Date:       Thu Aug 11 18:04:29 2022
CPU:        48 * AMD EPYC 7402P 24-Core Processor
CPUCache:   512 KB
Initializing RocksDB Options from the specified file
Initializing RocksDB Options from command-line flags
Keys:       1000 bytes each (+ 0 bytes user-defined timestamp)
Values:     4096 bytes each (2048 bytes after compression)
Entries:    2000000
Prefix:    0 bytes
Keys per prefix:    0
RawSize:    9719.8 MB (estimated)
FileSize:   5813.6 MB (estimated)
Write rate: 0 bytes/second
Read rate: 0 ops/second
Compression: Snappy
Compression sampling rate: 0
Memtablerep: skip_list
Perf Level: 1
------------------------------------------------
DB path: [/users/kannan11/ssd/sudarsun/prefetching/appbench/apps/rocksdb/DATA]
compact      : 143285730.000 micros/op 0 ops/sec;
DESTRUCTOR GETTING CALLED 
PRINT_GLOBAL_STATS in dest
	Command being timed: "./db_bench --db=/users/kannan11/ssd/sudarsun/prefetching/appbench/apps/rocksdb/DATA --value_size=4096 --wal_dir=/users/kannan11/ssd/sudarsun/prefetching/appbench/apps/rocksdb/DATA/WAL_LOG --sync=0 --key_size=1000 --write_buffer_size=67108864 --num=2000000 --benchmarks=compact --use_existing_db=1 --mmap_read=0 --threads=4"
	User time (seconds): 25.42
	System time (seconds): 11.61
	Percent of CPU this job got: 102%
	Elapsed (wall clock) time (h:mm:ss or m:ss): 0:36.22
	Average shared text size (kbytes): 0
	Average unshared data size (kbytes): 0
	Average stack size (kbytes): 0
	Average total size (kbytes): 0
	Maximum resident set size (kbytes): 5018720
	Average resident set size (kbytes): 0
	Major (requiring I/O) page faults: 76
	Minor (reclaiming a frame) page faults: 1772632
	Voluntary context switches: 115406
	Involuntary context switches: 75
	Swaps: 0
	File system inputs: 14566952
	File system outputs: 11733800
	Socket messages sent: 0
	Socket messages received: 0
	Signals delivered: 0
	Page size (bytes): 4096
	Exit status: 0
DESTRUCTOR GETTING CALLED 
PRINT_GLOBAL_STATS in dest
[ 2720.344106] free_cross_bitmap: releasing mem for inode with i_count 2
[ 2720.355694] free_cross_bitmap: releasing mem for inode with i_count 2
[ 2720.366877] free_cross_bitmap: releasing mem for inode with i_count 2
[ 2720.377880] free_cross_bitmap: releasing mem for inode with i_count 2
[ 2720.388633] free_cross_bitmap: releasing mem for inode with i_count 2
[ 2720.399528] free_cross_bitmap: releasing mem for inode with i_count 2
[ 2720.410858] free_cross_bitmap: releasing mem for inode with i_count 2
[ 2720.421734] free_cross_bitmap: releasing mem for inode with i_count 2
[ 2720.432390] free_cross_bitmap: releasing mem for inode with i_count 2
[ 2720.442905] free_cross_bitmap: releasing mem for inode with i_count 2
[ 2720.453449] free_cross_bitmap: releasing mem for inode with i_count 2
[ 2720.464140] free_cross_bitmap: releasing mem for inode with i_count 2
[ 2720.475389] free_cross_bitmap: releasing mem for inode with i_count 2
[ 2720.486037] free_cross_bitmap: releasing mem for inode with i_count 2
[ 2720.496715] free_cross_bitmap: releasing mem for inode with i_count 2
[ 2720.507351] free_cross_bitmap: releasing mem for inode with i_count 2
[ 2720.518227] free_cross_bitmap: releasing mem for inode with i_count 2
[ 2720.528833] free_cross_bitmap: releasing mem for inode with i_count 2
[ 2720.539942] free_cross_bitmap: releasing mem for inode with i_count 2
[ 2720.550718] free_cross_bitmap: releasing mem for inode with i_count 2
[ 2720.561499] free_cross_bitmap: releasing mem for inode with i_count 2
[ 2720.573047] free_cross_bitmap: releasing mem for inode with i_count 2
[ 2720.584125] free_cross_bitmap: releasing mem for inode with i_count 2
[ 2720.594847] free_cross_bitmap: releasing mem for inode with i_count 2
[ 2720.606007] free_cross_bitmap: releasing mem for inode with i_count 2
[ 2720.616747] free_cross_bitmap: releasing mem for inode with i_count 2
[ 2720.627454] free_cross_bitmap: releasing mem for inode with i_count 2
[ 2720.638072] free_cross_bitmap: releasing mem for inode with i_count 2
[ 2720.649066] free_cross_bitmap: releasing mem for inode with i_count 2
[ 2720.659849] free_cross_bitmap: releasing mem for inode with i_count 2
[ 2720.671157] free_cross_bitmap: releasing mem for inode with i_count 2
[ 2720.681914] free_cross_bitmap: releasing mem for inode with i_count 2
[ 2720.692605] free_cross_bitmap: releasing mem for inode with i_count 2
[ 2720.703265] free_cross_bitmap: releasing mem for inode with i_count 2
[ 2720.713893] free_cross_bitmap: releasing mem for inode with i_count 2
[ 2720.725128] free_cross_bitmap: releasing mem for inode with i_count 2
[ 2720.734050] free_cross_bitmap: releasing mem for inode with i_count 2
[ 2720.745086] free_cross_bitmap: releasing mem for inode with i_count 2
[ 2720.755842] free_cross_bitmap: releasing mem for inode with i_count 2
[ 2720.766613] free_cross_bitmap: releasing mem for inode with i_count 2
[ 2720.777357] free_cross_bitmap: releasing mem for inode with i_count 2
[ 2720.788045] free_cross_bitmap: releasing mem for inode with i_count 2
[ 2720.799393] free_cross_bitmap: releasing mem for inode with i_count 2
[ 2720.810179] free_cross_bitmap: releasing mem for inode with i_count 2
[ 2720.820883] free_cross_bitmap: releasing mem for inode with i_count 2
[ 2720.831226] free_cross_bitmap: releasing mem for inode with i_count 2
[ 2720.842038] free_cross_bitmap: releasing mem for inode with i_count 2
[ 2720.853064] free_cross_bitmap: releasing mem for inode with i_count 2
[ 2720.863150] free_cross_bitmap: releasing mem for inode with i_count 2
[ 2720.873904] free_cross_bitmap: releasing mem for inode with i_count 2
[ 2720.884658] free_cross_bitmap: releasing mem for inode with i_count 2
[ 2720.895363] free_cross_bitmap: releasing mem for inode with i_count 2
[ 2720.905445] free_cross_bitmap: releasing mem for inode with i_count 2
[ 2720.916377] free_cross_bitmap: releasing mem for inode with i_count 2
[ 2720.926399] free_cross_bitmap: releasing mem for inode with i_count 2
[ 2720.937413] free_cross_bitmap: releasing mem for inode with i_count 2
[ 2720.948709] free_cross_bitmap: releasing mem for inode with i_count 2
[ 2720.959916] free_cross_bitmap: releasing mem for inode with i_count 2
[ 2720.969770] free_cross_bitmap: releasing mem for inode with i_count 2
[ 2720.981186] free_cross_bitmap: releasing mem for inode with i_count 2
[ 2720.992454] free_cross_bitmap: releasing mem for inode with i_count 2
[ 2721.001060] free_cross_bitmap: releasing mem for inode with i_count 2
[ 2721.012855] free_cross_bitmap: releasing mem for inode with i_count 2
[ 2721.021364] free_cross_bitmap: releasing mem for inode with i_count 2
[ 2721.032373] free_cross_bitmap: releasing mem for inode with i_count 2
[ 2721.043507] free_cross_bitmap: releasing mem for inode with i_count 2
[ 2721.055105] free_cross_bitmap: releasing mem for inode with i_count 2
[ 2721.066085] free_cross_bitmap: releasing mem for inode with i_count 2
[ 2721.077148] free_cross_bitmap: releasing mem for inode with i_count 2
[ 2721.086723] free_cross_bitmap: releasing mem for inode with i_count 2
[ 2721.097475] free_cross_bitmap: releasing mem for inode with i_count 2
[ 2721.108129] free_cross_bitmap: releasing mem for inode with i_count 2
[ 2721.119358] free_cross_bitmap: releasing mem for inode with i_count 2
[ 2721.130531] free_cross_bitmap: releasing mem for inode with i_count 2
[ 2721.141616] free_cross_bitmap: releasing mem for inode with i_count 2
[ 2721.152528] free_cross_bitmap: releasing mem for inode with i_count 2
[ 2721.163254] free_cross_bitmap: releasing mem for inode with i_count 2
[ 2721.174433] free_cross_bitmap: releasing mem for inode with i_count 2
[ 2721.183362] free_cross_bitmap: releasing mem for inode with i_count 2
[ 2721.195111] free_cross_bitmap: releasing mem for inode with i_count 2
[ 2721.207267] free_cross_bitmap: releasing mem for inode with i_count 2
[ 2721.219381] free_cross_bitmap: releasing mem for inode with i_count 2
[ 2721.230395] free_cross_bitmap: releasing mem for inode with i_count 2
[ 2721.241738] free_cross_bitmap: releasing mem for inode with i_count 2
[ 2721.253698] free_cross_bitmap: releasing mem for inode with i_count 2
[ 2721.265016] free_cross_bitmap: releasing mem for inode with i_count 2
[ 2721.276804] free_cross_bitmap: releasing mem for inode with i_count 2
[ 2721.288125] free_cross_bitmap: releasing mem for inode with i_count 2
[ 2721.299421] free_cross_bitmap: releasing mem for inode with i_count 2
[ 2721.310436] free_cross_bitmap: releasing mem for inode with i_count 2
[ 2721.321920] free_cross_bitmap: releasing mem for inode with i_count 2
[ 2721.333021] free_cross_bitmap: releasing mem for inode with i_count 2
[ 2721.344067] free_cross_bitmap: releasing mem for inode with i_count 2
[ 2721.351068] free_cross_bitmap: releasing mem for inode with i_count 2
[ 2721.366261] free_cross_bitmap: releasing mem for inode with i_count 2
[ 2721.377486] free_cross_bitmap: releasing mem for inode with i_count 2
[ 2721.388933] free_cross_bitmap: releasing mem for inode with i_count 2
[ 2721.400021] free_cross_bitmap: releasing mem for inode with i_count 2
[ 2721.411223] free_cross_bitmap: releasing mem for inode with i_count 2
[ 2721.422399] free_cross_bitmap: releasing mem for inode with i_count 2
[ 2721.429295] free_cross_bitmap: releasing mem for inode with i_count 2
[ 2721.445237] free_cross_bitmap: releasing mem for inode with i_count 2
[ 2721.456457] free_cross_bitmap: releasing mem for inode with i_count 2
[ 2721.467276] free_cross_bitmap: releasing mem for inode with i_count 2
[ 2721.478170] free_cross_bitmap: releasing mem for inode with i_count 2
[ 2721.488984] free_cross_bitmap: releasing mem for inode with i_count 2
[ 2721.499897] free_cross_bitmap: releasing mem for inode with i_count 2
[ 2721.510711] free_cross_bitmap: releasing mem for inode with i_count 2
[ 2721.521937] free_cross_bitmap: releasing mem for inode with i_count 2
[ 2721.532738] free_cross_bitmap: releasing mem for inode with i_count 2
[ 2721.543563] free_cross_bitmap: releasing mem for inode with i_count 2
[ 2721.554456] free_cross_bitmap: releasing mem for inode with i_count 2
[ 2721.565322] free_cross_bitmap: releasing mem for inode with i_count 2
[ 2721.576230] free_cross_bitmap: releasing mem for inode with i_count 2
[ 2721.588155] free_cross_bitmap: releasing mem for inode with i_count 2
[ 2721.595473] free_cross_bitmap: releasing mem for inode with i_count 2
[ 2721.603233] sh (16986): drop_caches: 3
[ 2721.631902] sh (17107): drop_caches: 3
[ 2726.656277] Enabled file stats for time:17114
[ 2726.656499] write_proc: Value of write = 0
[ 2726.661682] Enabled file stats for db_bench:17123
[ 2726.661871] write_proc: Value of write = 0
[ 2726.710782] alloc_cross_bitmap: preallocate 268435456 pg, nr_longs=4194304 in 8 millisec
[ 2726.715271] alloc_cross_bitmap: preallocate 268435456 pg, nr_longs=4194304 in 12 millisec
[ 2726.715838] alloc_cross_bitmap: preallocate 268435456 pg, nr_longs=4194304 in 12 millisec
[ 2726.716179] alloc_cross_bitmap: preallocate 268435456 pg, nr_longs=4194304 in 16 millisec
[ 2726.717023] alloc_cross_bitmap: preallocate 268435456 pg, nr_longs=4194304 in 16 millisec
[ 2726.717046] alloc_cross_bitmap: preallocate 268435456 pg, nr_longs=4194304 in 16 millisec
[ 2726.717370] alloc_cross_bitmap: preallocate 268435456 pg, nr_longs=4194304 in 16 millisec
[ 2726.717661] alloc_cross_bitmap: preallocate 268435456 pg, nr_longs=4194304 in 16 millisec
[ 2726.718264] alloc_cross_bitmap: preallocate 268435456 pg, nr_longs=4194304 in 16 millisec
[ 2726.718365] alloc_cross_bitmap: preallocate 268435456 pg, nr_longs=4194304 in 16 millisec
[ 2726.719229] alloc_cross_bitmap: preallocate 268435456 pg, nr_longs=4194304 in 16 millisec
[ 2726.719571] alloc_cross_bitmap: preallocate 268435456 pg, nr_longs=4194304 in 16 millisec
[ 2726.719764] alloc_cross_bitmap: preallocate 268435456 pg, nr_longs=4194304 in 16 millisec
[ 2726.719811] alloc_cross_bitmap: preallocate 268435456 pg, nr_longs=4194304 in 16 millisec
[ 2726.719849] alloc_cross_bitmap: preallocate 268435456 pg, nr_longs=4194304 in 16 millisec
[ 2726.719964] alloc_cross_bitmap: preallocate 268435456 pg, nr_longs=4194304 in 20 millisec
[ 2726.733163] alloc_cross_bitmap: preallocate 268435456 pg, nr_longs=4194304 in 4 millisec
[ 2726.744403] alloc_cross_bitmap: preallocate 268435456 pg, nr_longs=4194304 in 4 millisec
[ 2726.746070] alloc_cross_bitmap: preallocate 268435456 pg, nr_longs=4194304 in 4 millisec
[ 2726.746363] alloc_cross_bitmap: preallocate 268435456 pg, nr_longs=4194304 in 4 millisec
[ 2726.747324] alloc_cross_bitmap: preallocate 268435456 pg, nr_longs=4194304 in 4 millisec
[ 2726.751035] alloc_cross_bitmap: preallocate 268435456 pg, nr_longs=4194304 in 4 millisec
[ 2726.752111] alloc_cross_bitmap: preallocate 268435456 pg, nr_longs=4194304 in 8 millisec
[ 2726.752191] alloc_cross_bitmap: preallocate 268435456 pg, nr_longs=4194304 in 8 millisec
[ 2726.754043] alloc_cross_bitmap: preallocate 268435456 pg, nr_longs=4194304 in 8 millisec
[ 2726.754353] alloc_cross_bitmap: preallocate 268435456 pg, nr_longs=4194304 in 8 millisec
[ 2726.756229] alloc_cross_bitmap: preallocate 268435456 pg, nr_longs=4194304 in 12 millisec
[ 2726.756476] alloc_cross_bitmap: preallocate 268435456 pg, nr_longs=4194304 in 12 millisec
[ 2726.756488] alloc_cross_bitmap: preallocate 268435456 pg, nr_longs=4194304 in 12 millisec
[ 2726.757311] alloc_cross_bitmap: preallocate 268435456 pg, nr_longs=4194304 in 12 millisec
[ 2726.757375] alloc_cross_bitmap: preallocate 268435456 pg, nr_longs=4194304 in 4 millisec
[ 2726.757404] alloc_cross_bitmap: preallocate 268435456 pg, nr_longs=4194304 in 12 millisec
[ 2726.757492] alloc_cross_bitmap: preallocate 268435456 pg, nr_longs=4194304 in 12 millisec
[ 2726.765814] alloc_cross_bitmap: preallocate 268435456 pg, nr_longs=4194304 in 4 millisec
[ 2726.769576] alloc_cross_bitmap: preallocate 268435456 pg, nr_longs=4194304 in 4 millisec
[ 2726.770052] alloc_cross_bitmap: preallocate 268435456 pg, nr_longs=4194304 in 4 millisec
[ 2726.772975] alloc_cross_bitmap: preallocate 268435456 pg, nr_longs=4194304 in 4 millisec
[ 2726.777953] alloc_cross_bitmap: preallocate 268435456 pg, nr_longs=4194304 in 4 millisec
[ 2726.780564] alloc_cross_bitmap: preallocate 268435456 pg, nr_longs=4194304 in 4 millisec
[ 2726.780634] alloc_cross_bitmap: preallocate 268435456 pg, nr_longs=4194304 in 4 millisec
[ 2726.782339] alloc_cross_bitmap: preallocate 268435456 pg, nr_longs=4194304 in 4 millisec
[ 2726.782961] alloc_cross_bitmap: preallocate 268435456 pg, nr_longs=4194304 in 4 millisec
[ 2726.787814] alloc_cross_bitmap: preallocate 268435456 pg, nr_longs=4194304 in 4 millisec
[ 2726.787817] alloc_cross_bitmap: preallocate 268435456 pg, nr_longs=4194304 in 4 millisec
[ 2726.787873] alloc_cross_bitmap: preallocate 268435456 pg, nr_longs=4194304 in 4 millisec
[ 2726.789403] alloc_cross_bitmap: preallocate 268435456 pg, nr_longs=4194304 in 8 millisec
[ 2726.789772] alloc_cross_bitmap: preallocate 268435456 pg, nr_longs=4194304 in 8 millisec
[ 2726.790099] alloc_cross_bitmap: preallocate 268435456 pg, nr_longs=4194304 in 8 millisec
[ 2726.792395] alloc_cross_bitmap: preallocate 268435456 pg, nr_longs=4194304 in 4 millisec
[ 2726.792690] alloc_cross_bitmap: preallocate 268435456 pg, nr_longs=4194304 in 4 millisec
[ 2726.794607] alloc_cross_bitmap: preallocate 268435456 pg, nr_longs=4194304 in 4 millisec
[ 2726.796551] alloc_cross_bitmap: preallocate 268435456 pg, nr_longs=4194304 in 4 millisec
[ 2726.797496] alloc_cross_bitmap: preallocate 268435456 pg, nr_longs=4194304 in 4 millisec
[ 2726.797546] alloc_cross_bitmap: preallocate 268435456 pg, nr_longs=4194304 in 4 millisec
[ 2726.841201] alloc_cross_bitmap: preallocate 268435456 pg, nr_longs=4194304 in 8 millisec
[ 2726.841677] alloc_cross_bitmap: preallocate 268435456 pg, nr_longs=4194304 in 8 millisec
[ 2726.843636] alloc_cross_bitmap: preallocate 268435456 pg, nr_longs=4194304 in 8 millisec
[ 2726.843810] alloc_cross_bitmap: preallocate 268435456 pg, nr_longs=4194304 in 8 millisec
[ 2726.843892] alloc_cross_bitmap: preallocate 268435456 pg, nr_longs=4194304 in 8 millisec
[ 2726.843979] alloc_cross_bitmap: preallocate 268435456 pg, nr_longs=4194304 in 12 millisec
[ 2726.844710] alloc_cross_bitmap: preallocate 268435456 pg, nr_longs=4194304 in 12 millisec
[ 2726.844729] alloc_cross_bitmap: preallocate 268435456 pg, nr_longs=4194304 in 12 millisec
[ 2726.845452] alloc_cross_bitmap: preallocate 268435456 pg, nr_longs=4194304 in 12 millisec
[ 2726.845831] alloc_cross_bitmap: preallocate 268435456 pg, nr_longs=4194304 in 12 millisec
[ 2726.846750] alloc_cross_bitmap: preallocate 268435456 pg, nr_longs=4194304 in 12 millisec
[ 2726.846761] alloc_cross_bitmap: preallocate 268435456 pg, nr_longs=4194304 in 12 millisec
[ 2726.846855] alloc_cross_bitmap: preallocate 268435456 pg, nr_longs=4194304 in 12 millisec
[ 2726.847506] alloc_cross_bitmap: preallocate 268435456 pg, nr_longs=4194304 in 12 millisec
[ 2726.847674] alloc_cross_bitmap: preallocate 268435456 pg, nr_longs=4194304 in 12 millisec
[ 2726.847685] alloc_cross_bitmap: preallocate 268435456 pg, nr_longs=4194304 in 12 millisec
[ 2726.868815] alloc_cross_bitmap: preallocate 268435456 pg, nr_longs=4194304 in 4 millisec
[ 2726.869547] alloc_cross_bitmap: preallocate 268435456 pg, nr_longs=4194304 in 4 millisec
[ 2726.874685] alloc_cross_bitmap: preallocate 268435456 pg, nr_longs=4194304 in 4 millisec
[ 2726.875677] alloc_cross_bitmap: preallocate 268435456 pg, nr_longs=4194304 in 4 millisec
[ 2726.876133] alloc_cross_bitmap: preallocate 268435456 pg, nr_longs=4194304 in 8 millisec
[ 2726.877117] alloc_cross_bitmap: preallocate 268435456 pg, nr_longs=4194304 in 8 millisec
[ 2726.879284] alloc_cross_bitmap: preallocate 268435456 pg, nr_longs=4194304 in 8 millisec
[ 2726.879364] alloc_cross_bitmap: preallocate 268435456 pg, nr_longs=4194304 in 8 millisec
[ 2726.880278] alloc_cross_bitmap: preallocate 268435456 pg, nr_longs=4194304 in 12 millisec
[ 2726.880590] alloc_cross_bitmap: preallocate 268435456 pg, nr_longs=4194304 in 12 millisec
[ 2726.881519] alloc_cross_bitmap: preallocate 268435456 pg, nr_longs=4194304 in 8 millisec
[ 2726.881596] alloc_cross_bitmap: preallocate 268435456 pg, nr_longs=4194304 in 8 millisec
[ 2726.882048] alloc_cross_bitmap: preallocate 268435456 pg, nr_longs=4194304 in 8 millisec
[ 2726.882159] alloc_cross_bitmap: preallocate 268435456 pg, nr_longs=4194304 in 8 millisec
[ 2726.882198] alloc_cross_bitmap: preallocate 268435456 pg, nr_longs=4194304 in 8 millisec
[ 2726.891140] alloc_cross_bitmap: preallocate 268435456 pg, nr_longs=4194304 in 4 millisec
[ 2726.891554] alloc_cross_bitmap: preallocate 268435456 pg, nr_longs=4194304 in 4 millisec
[ 2726.900519] alloc_cross_bitmap: preallocate 268435456 pg, nr_longs=4194304 in 4 millisec
[ 2726.902386] alloc_cross_bitmap: preallocate 268435456 pg, nr_longs=4194304 in 4 millisec
[ 2726.903255] alloc_cross_bitmap: preallocate 268435456 pg, nr_longs=4194304 in 4 millisec
[ 2726.904797] alloc_cross_bitmap: preallocate 268435456 pg, nr_longs=4194304 in 4 millisec
[ 2726.908300] alloc_cross_bitmap: preallocate 268435456 pg, nr_longs=4194304 in 4 millisec
[ 2726.910218] alloc_cross_bitmap: preallocate 268435456 pg, nr_longs=4194304 in 4 millisec
[ 2726.910940] alloc_cross_bitmap: preallocate 268435456 pg, nr_longs=4194304 in 4 millisec
[ 2726.912748] alloc_cross_bitmap: preallocate 268435456 pg, nr_longs=4194304 in 8 millisec
[ 2726.913146] alloc_cross_bitmap: preallocate 268435456 pg, nr_longs=4194304 in 8 millisec
[ 2726.913720] alloc_cross_bitmap: preallocate 268435456 pg, nr_longs=4194304 in 8 millisec
[ 2726.916168] alloc_cross_bitmap: preallocate 268435456 pg, nr_longs=4194304 in 12 millisec
[ 2726.916173] alloc_cross_bitmap: preallocate 268435456 pg, nr_longs=4194304 in 12 millisec
[ 2726.916302] alloc_cross_bitmap: preallocate 268435456 pg, nr_longs=4194304 in 12 millisec
[ 2726.917532] alloc_cross_bitmap: preallocate 268435456 pg, nr_longs=4194304 in 4 millisec
[ 2726.918555] alloc_cross_bitmap: preallocate 268435456 pg, nr_longs=4194304 in 4 millisec
[ 2726.918669] alloc_cross_bitmap: preallocate 268435456 pg, nr_longs=4194304 in 4 millisec
[ 2726.921983] alloc_cross_bitmap: preallocate 268435456 pg, nr_longs=4194304 in 4 millisec
[ 2726.925670] alloc_cross_bitmap: preallocate 268435456 pg, nr_longs=4194304 in 4 millisec
[ 2726.930930] alloc_cross_bitmap: preallocate 268435456 pg, nr_longs=4194304 in 4 millisec
[ 2726.934513] alloc_cross_bitmap: preallocate 268435456 pg, nr_longs=4194304 in 4 millisec
[ 2726.935326] alloc_cross_bitmap: preallocate 268435456 pg, nr_longs=4194304 in 4 millisec
[ 2726.936664] alloc_cross_bitmap: preallocate 268435456 pg, nr_longs=4194304 in 4 millisec
[ 2726.936792] alloc_cross_bitmap: preallocate 268435456 pg, nr_longs=4194304 in 8 millisec
[ 2726.936836] alloc_cross_bitmap: preallocate 268435456 pg, nr_longs=4194304 in 4 millisec
[ 2726.937603] alloc_cross_bitmap: preallocate 268435456 pg, nr_longs=4194304 in 4 millisec
[ 2726.937639] alloc_cross_bitmap: preallocate 268435456 pg, nr_longs=4194304 in 4 millisec
[ 2726.937813] alloc_cross_bitmap: preallocate 268435456 pg, nr_longs=4194304 in 4 millisec
[ 2726.957958] alloc_cross_bitmap: preallocate 268435456 pg, nr_longs=4194304 in 4 millisec
[ 2726.957969] alloc_cross_bitmap: preallocate 268435456 pg, nr_longs=4194304 in 4 millisec
[ 2733.754887] alloc_cross_bitmap: preallocate 268435456 pg, nr_longs=4194304 in 4 millisec
[ 2733.765305] alloc_cross_bitmap: preallocate 268435456 pg, nr_longs=4194304 in 4 millisec
[ 2733.775741] alloc_cross_bitmap: preallocate 268435456 pg, nr_longs=4194304 in 0 millisec
[ 2733.786183] alloc_cross_bitmap: preallocate 268435456 pg, nr_longs=4194304 in 4 millisec
[ 2733.796360] alloc_cross_bitmap: preallocate 268435456 pg, nr_longs=4194304 in 4 millisec
[ 2733.806709] alloc_cross_bitmap: preallocate 268435456 pg, nr_longs=4194304 in 4 millisec
[ 2733.816976] alloc_cross_bitmap: preallocate 268435456 pg, nr_longs=4194304 in 4 millisec
[ 2733.827228] alloc_cross_bitmap: preallocate 268435456 pg, nr_longs=4194304 in 0 millisec
[ 2733.837403] alloc_cross_bitmap: preallocate 268435456 pg, nr_longs=4194304 in 4 millisec
[ 2733.847751] alloc_cross_bitmap: preallocate 268435456 pg, nr_longs=4194304 in 0 millisec
[ 2733.858025] alloc_cross_bitmap: preallocate 268435456 pg, nr_longs=4194304 in 4 millisec
[ 2733.868457] alloc_cross_bitmap: preallocate 268435456 pg, nr_longs=4194304 in 4 millisec
[ 2733.878884] alloc_cross_bitmap: preallocate 268435456 pg, nr_longs=4194304 in 4 millisec
[ 2733.889182] alloc_cross_bitmap: preallocate 268435456 pg, nr_longs=4194304 in 4 millisec
[ 2733.899646] alloc_cross_bitmap: preallocate 268435456 pg, nr_longs=4194304 in 0 millisec
[ 2733.909772] alloc_cross_bitmap: preallocate 268435456 pg, nr_longs=4194304 in 4 millisec
[ 2733.920079] alloc_cross_bitmap: preallocate 268435456 pg, nr_longs=4194304 in 4 millisec
[ 2733.930316] alloc_cross_bitmap: preallocate 268435456 pg, nr_longs=4194304 in 4 millisec
[ 2733.940434] alloc_cross_bitmap: preallocate 268435456 pg, nr_longs=4194304 in 4 millisec
[ 2733.950609] alloc_cross_bitmap: preallocate 268435456 pg, nr_longs=4194304 in 4 millisec
[ 2733.960748] alloc_cross_bitmap: preallocate 268435456 pg, nr_longs=4194304 in 4 millisec
[ 2733.962972] free_cross_bitmap: releasing mem for inode with i_count 2
[ 2733.971066] free_cross_bitmap: releasing mem for inode with i_count 2
[ 2733.979044] free_cross_bitmap: releasing mem for inode with i_count 2
[ 2733.987023] free_cross_bitmap: releasing mem for inode with i_count 2
[ 2733.995556] free_cross_bitmap: releasing mem for inode with i_count 2
[ 2734.003685] free_cross_bitmap: releasing mem for inode with i_count 2
[ 2734.011788] free_cross_bitmap: releasing mem for inode with i_count 2
[ 2734.019760] free_cross_bitmap: releasing mem for inode with i_count 2
[ 2734.027717] free_cross_bitmap: releasing mem for inode with i_count 2
[ 2734.035647] free_cross_bitmap: releasing mem for inode with i_count 2
[ 2734.043976] free_cross_bitmap: releasing mem for inode with i_count 2
[ 2734.051971] free_cross_bitmap: releasing mem for inode with i_count 2
[ 2734.059973] free_cross_bitmap: releasing mem for inode with i_count 2
[ 2734.067926] free_cross_bitmap: releasing mem for inode with i_count 2
[ 2734.075905] free_cross_bitmap: releasing mem for inode with i_count 2
[ 2734.083858] free_cross_bitmap: releasing mem for inode with i_count 2
[ 2734.092463] free_cross_bitmap: releasing mem for inode with i_count 2
[ 2734.100830] free_cross_bitmap: releasing mem for inode with i_count 2
[ 2734.109144] free_cross_bitmap: releasing mem for inode with i_count 2
[ 2734.117319] free_cross_bitmap: releasing mem for inode with i_count 2
[ 2734.125499] free_cross_bitmap: releasing mem for inode with i_count 2
[ 2734.133680] free_cross_bitmap: releasing mem for inode with i_count 2
[ 2734.142103] free_cross_bitmap: releasing mem for inode with i_count 2
[ 2734.150461] free_cross_bitmap: releasing mem for inode with i_count 2
[ 2749.075827] alloc_cross_bitmap: preallocate 268435456 pg, nr_longs=4194304 in 0 millisec
[ 2749.086291] alloc_cross_bitmap: preallocate 268435456 pg, nr_longs=4194304 in 4 millisec
[ 2749.096704] alloc_cross_bitmap: preallocate 268435456 pg, nr_longs=4194304 in 4 millisec
[ 2749.107122] alloc_cross_bitmap: preallocate 268435456 pg, nr_longs=4194304 in 0 millisec
[ 2749.117384] alloc_cross_bitmap: preallocate 268435456 pg, nr_longs=4194304 in 4 millisec
[ 2749.127602] alloc_cross_bitmap: preallocate 268435456 pg, nr_longs=4194304 in 0 millisec
[ 2749.137777] alloc_cross_bitmap: preallocate 268435456 pg, nr_longs=4194304 in 4 millisec
[ 2749.147853] alloc_cross_bitmap: preallocate 268435456 pg, nr_longs=4194304 in 0 millisec
[ 2749.157989] alloc_cross_bitmap: preallocate 268435456 pg, nr_longs=4194304 in 4 millisec
[ 2749.168194] alloc_cross_bitmap: preallocate 268435456 pg, nr_longs=4194304 in 4 millisec
[ 2749.178384] alloc_cross_bitmap: preallocate 268435456 pg, nr_longs=4194304 in 4 millisec
[ 2749.188623] alloc_cross_bitmap: preallocate 268435456 pg, nr_longs=4194304 in 4 millisec
[ 2749.199045] alloc_cross_bitmap: preallocate 268435456 pg, nr_longs=4194304 in 4 millisec
[ 2749.209524] alloc_cross_bitmap: preallocate 268435456 pg, nr_longs=4194304 in 4 millisec
[ 2749.219803] alloc_cross_bitmap: preallocate 268435456 pg, nr_longs=4194304 in 0 millisec
[ 2749.230075] alloc_cross_bitmap: preallocate 268435456 pg, nr_longs=4194304 in 4 millisec
[ 2749.240232] alloc_cross_bitmap: preallocate 268435456 pg, nr_longs=4194304 in 4 millisec
[ 2749.250499] alloc_cross_bitmap: preallocate 268435456 pg, nr_longs=4194304 in 4 millisec
[ 2749.260616] alloc_cross_bitmap: preallocate 268435456 pg, nr_longs=4194304 in 4 millisec
[ 2749.270806] alloc_cross_bitmap: preallocate 268435456 pg, nr_longs=4194304 in 4 millisec
[ 2749.281134] alloc_cross_bitmap: preallocate 268435456 pg, nr_longs=4194304 in 4 millisec
[ 2749.291392] alloc_cross_bitmap: preallocate 268435456 pg, nr_longs=4194304 in 0 millisec
[ 2749.301721] alloc_cross_bitmap: preallocate 268435456 pg, nr_longs=4194304 in 4 millisec
[ 2749.311969] alloc_cross_bitmap: preallocate 268435456 pg, nr_longs=4194304 in 4 millisec
[ 2749.322336] alloc_cross_bitmap: preallocate 268435456 pg, nr_longs=4194304 in 4 millisec
[ 2749.332561] alloc_cross_bitmap: preallocate 268435456 pg, nr_longs=4194304 in 4 millisec
[ 2749.342754] alloc_cross_bitmap: preallocate 268435456 pg, nr_longs=4194304 in 4 millisec
[ 2749.353007] alloc_cross_bitmap: preallocate 268435456 pg, nr_longs=4194304 in 4 millisec
[ 2749.363339] alloc_cross_bitmap: preallocate 268435456 pg, nr_longs=4194304 in 0 millisec
[ 2749.373498] alloc_cross_bitmap: preallocate 268435456 pg, nr_longs=4194304 in 4 millisec
[ 2749.383729] alloc_cross_bitmap: preallocate 268435456 pg, nr_longs=4194304 in 0 millisec
[ 2749.393870] alloc_cross_bitmap: preallocate 268435456 pg, nr_longs=4194304 in 4 millisec
[ 2749.404170] alloc_cross_bitmap: preallocate 268435456 pg, nr_longs=4194304 in 4 millisec
[ 2749.414558] alloc_cross_bitmap: preallocate 268435456 pg, nr_longs=4194304 in 4 millisec
[ 2749.424915] alloc_cross_bitmap: preallocate 268435456 pg, nr_longs=4194304 in 4 millisec
[ 2749.435297] alloc_cross_bitmap: preallocate 268435456 pg, nr_longs=4194304 in 0 millisec
[ 2749.445474] alloc_cross_bitmap: preallocate 268435456 pg, nr_longs=4194304 in 4 millisec
[ 2749.448131] free_cross_bitmap: releasing mem for inode with i_count 2
[ 2749.455986] free_cross_bitmap: releasing mem for inode with i_count 2
[ 2749.463842] free_cross_bitmap: releasing mem for inode with i_count 2
[ 2749.471669] free_cross_bitmap: releasing mem for inode with i_count 2
[ 2749.479851] free_cross_bitmap: releasing mem for inode with i_count 2
[ 2749.487693] free_cross_bitmap: releasing mem for inode with i_count 2
[ 2749.495543] free_cross_bitmap: releasing mem for inode with i_count 2
[ 2749.503371] free_cross_bitmap: releasing mem for inode with i_count 2
[ 2749.511199] free_cross_bitmap: releasing mem for inode with i_count 2
[ 2749.519034] free_cross_bitmap: releasing mem for inode with i_count 2
[ 2749.527333] free_cross_bitmap: releasing mem for inode with i_count 2
[ 2749.535256] free_cross_bitmap: releasing mem for inode with i_count 2
[ 2749.543372] free_cross_bitmap: releasing mem for inode with i_count 2
[ 2749.551356] free_cross_bitmap: releasing mem for inode with i_count 2
[ 2749.559342] free_cross_bitmap: releasing mem for inode with i_count 2
[ 2749.567250] free_cross_bitmap: releasing mem for inode with i_count 2
[ 2749.575708] free_cross_bitmap: releasing mem for inode with i_count 2
[ 2749.583626] free_cross_bitmap: releasing mem for inode with i_count 2
[ 2749.591602] free_cross_bitmap: releasing mem for inode with i_count 2
[ 2749.599734] free_cross_bitmap: releasing mem for inode with i_count 2
[ 2749.607722] free_cross_bitmap: releasing mem for inode with i_count 2
[ 2749.615702] free_cross_bitmap: releasing mem for inode with i_count 2
[ 2749.624030] free_cross_bitmap: releasing mem for inode with i_count 2
[ 2749.631960] free_cross_bitmap: releasing mem for inode with i_count 2
[ 2749.639902] free_cross_bitmap: releasing mem for inode with i_count 2
[ 2749.647830] free_cross_bitmap: releasing mem for inode with i_count 2
[ 2749.655761] free_cross_bitmap: releasing mem for inode with i_count 2
[ 2749.663686] free_cross_bitmap: releasing mem for inode with i_count 2
[ 2749.672112] free_cross_bitmap: releasing mem for inode with i_count 2
[ 2749.680043] free_cross_bitmap: releasing mem for inode with i_count 2
[ 2749.688147] free_cross_bitmap: releasing mem for inode with i_count 2
[ 2749.696549] free_cross_bitmap: releasing mem for inode with i_count 2
[ 2749.704848] free_cross_bitmap: releasing mem for inode with i_count 2
[ 2749.712931] free_cross_bitmap: releasing mem for inode with i_count 2
[ 2749.721332] free_cross_bitmap: releasing mem for inode with i_count 2
[ 2749.729381] free_cross_bitmap: releasing mem for inode with i_count 2
[ 2749.737445] free_cross_bitmap: releasing mem for inode with i_count 2
[ 2749.745868] free_cross_bitmap: releasing mem for inode with i_count 2
[ 2749.754431] free_cross_bitmap: releasing mem for inode with i_count 2
[ 2749.762904] free_cross_bitmap: releasing mem for inode with i_count 2
[ 2749.771545] free_cross_bitmap: releasing mem for inode with i_count 2
[ 2749.779616] free_cross_bitmap: releasing mem for inode with i_count 2
[ 2749.787728] free_cross_bitmap: releasing mem for inode with i_count 2
[ 2749.796075] free_cross_bitmap: releasing mem for inode with i_count 2
[ 2749.804359] free_cross_bitmap: releasing mem for inode with i_count 2
[ 2749.812469] free_cross_bitmap: releasing mem for inode with i_count 2
[ 2749.820974] free_cross_bitmap: releasing mem for inode with i_count 2
[ 2749.829170] free_cross_bitmap: releasing mem for inode with i_count 2
[ 2749.837210] free_cross_bitmap: releasing mem for inode with i_count 2
[ 2749.845202] free_cross_bitmap: releasing mem for inode with i_count 2
[ 2749.853228] free_cross_bitmap: releasing mem for inode with i_count 2
[ 2749.861200] free_cross_bitmap: releasing mem for inode with i_count 2
[ 2749.869581] free_cross_bitmap: releasing mem for inode with i_count 2
[ 2749.877577] free_cross_bitmap: releasing mem for inode with i_count 2
[ 2749.885541] free_cross_bitmap: releasing mem for inode with i_count 2
[ 2749.893535] free_cross_bitmap: releasing mem for inode with i_count 2
[ 2749.901474] free_cross_bitmap: releasing mem for inode with i_count 2
[ 2749.909405] free_cross_bitmap: releasing mem for inode with i_count 2
[ 2749.917780] free_cross_bitmap: releasing mem for inode with i_count 2
[ 2749.925736] free_cross_bitmap: releasing mem for inode with i_count 2
[ 2749.933702] free_cross_bitmap: releasing mem for inode with i_count 2
[ 2749.941681] free_cross_bitmap: releasing mem for inode with i_count 2
[ 2749.949656] free_cross_bitmap: releasing mem for inode with i_count 2
[ 2749.957674] free_cross_bitmap: releasing mem for inode with i_count 2
[ 2761.765614] alloc_cross_bitmap: preallocate 268435456 pg, nr_longs=4194304 in 4 millisec
[ 2761.776108] alloc_cross_bitmap: preallocate 268435456 pg, nr_longs=4194304 in 4 millisec
[ 2761.786570] alloc_cross_bitmap: preallocate 268435456 pg, nr_longs=4194304 in 4 millisec
[ 2761.796791] alloc_cross_bitmap: preallocate 268435456 pg, nr_longs=4194304 in 4 millisec
[ 2761.806976] alloc_cross_bitmap: preallocate 268435456 pg, nr_longs=4194304 in 4 millisec
[ 2761.817184] alloc_cross_bitmap: preallocate 268435456 pg, nr_longs=4194304 in 4 millisec
[ 2761.827280] alloc_cross_bitmap: preallocate 268435456 pg, nr_longs=4194304 in 0 millisec
[ 2761.837199] alloc_cross_bitmap: preallocate 268435456 pg, nr_longs=4194304 in 4 millisec
[ 2761.847280] alloc_cross_bitmap: preallocate 268435456 pg, nr_longs=4194304 in 0 millisec
[ 2761.857343] alloc_cross_bitmap: preallocate 268435456 pg, nr_longs=4194304 in 4 millisec
[ 2761.867437] alloc_cross_bitmap: preallocate 268435456 pg, nr_longs=4194304 in 0 millisec
[ 2761.877661] alloc_cross_bitmap: preallocate 268435456 pg, nr_longs=4194304 in 4 millisec
[ 2761.888009] alloc_cross_bitmap: preallocate 268435456 pg, nr_longs=4194304 in 4 millisec
[ 2761.898293] alloc_cross_bitmap: preallocate 268435456 pg, nr_longs=4194304 in 4 millisec
[ 2761.908458] alloc_cross_bitmap: preallocate 268435456 pg, nr_longs=4194304 in 4 millisec
[ 2761.918624] alloc_cross_bitmap: preallocate 268435456 pg, nr_longs=4194304 in 4 millisec
[ 2761.928834] alloc_cross_bitmap: preallocate 268435456 pg, nr_longs=4194304 in 4 millisec
[ 2761.939043] alloc_cross_bitmap: preallocate 268435456 pg, nr_longs=4194304 in 0 millisec
[ 2761.949304] alloc_cross_bitmap: preallocate 268435456 pg, nr_longs=4194304 in 4 millisec
[ 2761.959448] alloc_cross_bitmap: preallocate 268435456 pg, nr_longs=4194304 in 0 millisec
[ 2761.969825] alloc_cross_bitmap: preallocate 268435456 pg, nr_longs=4194304 in 4 millisec
[ 2761.980155] alloc_cross_bitmap: preallocate 268435456 pg, nr_longs=4194304 in 4 millisec
[ 2761.990619] alloc_cross_bitmap: preallocate 268435456 pg, nr_longs=4194304 in 4 millisec
[ 2762.000993] alloc_cross_bitmap: preallocate 268435456 pg, nr_longs=4194304 in 4 millisec
[ 2762.011127] alloc_cross_bitmap: preallocate 268435456 pg, nr_longs=4194304 in 0 millisec
[ 2762.021299] alloc_cross_bitmap: preallocate 268435456 pg, nr_longs=4194304 in 4 millisec
[ 2762.031544] alloc_cross_bitmap: preallocate 268435456 pg, nr_longs=4194304 in 0 millisec
[ 2762.041945] alloc_cross_bitmap: preallocate 268435456 pg, nr_longs=4194304 in 4 millisec
[ 2762.052216] alloc_cross_bitmap: preallocate 268435456 pg, nr_longs=4194304 in 4 millisec
[ 2762.062750] alloc_cross_bitmap: preallocate 268435456 pg, nr_longs=4194304 in 4 millisec
[ 2762.073088] alloc_cross_bitmap: preallocate 268435456 pg, nr_longs=4194304 in 4 millisec
[ 2762.075699] free_cross_bitmap: releasing mem for inode with i_count 2
[ 2762.083565] free_cross_bitmap: releasing mem for inode with i_count 2
[ 2762.091433] free_cross_bitmap: releasing mem for inode with i_count 2
[ 2762.099377] free_cross_bitmap: releasing mem for inode with i_count 2
[ 2762.107233] free_cross_bitmap: releasing mem for inode with i_count 2
[ 2762.115127] free_cross_bitmap: releasing mem for inode with i_count 2
[ 2762.123515] free_cross_bitmap: releasing mem for inode with i_count 2
[ 2762.131353] free_cross_bitmap: releasing mem for inode with i_count 2
[ 2762.139187] free_cross_bitmap: releasing mem for inode with i_count 2
[ 2762.147024] free_cross_bitmap: releasing mem for inode with i_count 2
[ 2762.154886] free_cross_bitmap: releasing mem for inode with i_count 2
[ 2762.162842] free_cross_bitmap: releasing mem for inode with i_count 2
[ 2762.171267] free_cross_bitmap: releasing mem for inode with i_count 2
[ 2762.179245] free_cross_bitmap: releasing mem for inode with i_count 2
[ 2762.187210] free_cross_bitmap: releasing mem for inode with i_count 2
[ 2762.195202] free_cross_bitmap: releasing mem for inode with i_count 2
[ 2762.203274] free_cross_bitmap: releasing mem for inode with i_count 2
[ 2762.211323] free_cross_bitmap: releasing mem for inode with i_count 2
[ 2762.220011] free_cross_bitmap: releasing mem for inode with i_count 2
[ 2762.228019] free_cross_bitmap: releasing mem for inode with i_count 2
[ 2762.236097] free_cross_bitmap: releasing mem for inode with i_count 2
[ 2762.244156] free_cross_bitmap: releasing mem for inode with i_count 2
[ 2762.252210] free_cross_bitmap: releasing mem for inode with i_count 2
[ 2762.260226] free_cross_bitmap: releasing mem for inode with i_count 2
[ 2762.268833] free_cross_bitmap: releasing mem for inode with i_count 2
[ 2762.276808] free_cross_bitmap: releasing mem for inode with i_count 2
[ 2762.284804] free_cross_bitmap: releasing mem for inode with i_count 2
[ 2762.292765] free_cross_bitmap: releasing mem for inode with i_count 2
[ 2762.300782] free_cross_bitmap: releasing mem for inode with i_count 2
[ 2762.308885] free_cross_bitmap: releasing mem for inode with i_count 2
[ 2762.317581] free_cross_bitmap: releasing mem for inode with i_count 2
[ 2762.326618] free_cross_bitmap: releasing mem for inode with i_count 2
[ 2762.335285] free_cross_bitmap: releasing mem for inode with i_count 2
[ 2762.343841] free_cross_bitmap: releasing mem for inode with i_count 2
[ 2762.353315] free_cross_bitmap: releasing mem for inode with i_count 2
[ 2762.361638] free_cross_bitmap: releasing mem for inode with i_count 2
[ 2762.370219] free_cross_bitmap: releasing mem for inode with i_count 2
[ 2762.378260] free_cross_bitmap: releasing mem for inode with i_count 2
[ 2762.386288] free_cross_bitmap: releasing mem for inode with i_count 2
[ 2762.394337] free_cross_bitmap: releasing mem for inode with i_count 2
[ 2762.402363] free_cross_bitmap: releasing mem for inode with i_count 2
[ 2762.410346] free_cross_bitmap: releasing mem for inode with i_count 2
[ 2762.418736] free_cross_bitmap: releasing mem for inode with i_count 2
[ 2762.426708] free_cross_bitmap: releasing mem for inode with i_count 2
[ 2762.434723] free_cross_bitmap: releasing mem for inode with i_count 2
[ 2762.442764] free_cross_bitmap: releasing mem for inode with i_count 2
[ 2762.450868] free_cross_bitmap: releasing mem for inode with i_count 2
[ 2762.458895] free_cross_bitmap: releasing mem for inode with i_count 2
[ 2762.801016] alloc_cross_bitmap: preallocate 268435456 pg, nr_longs=4194304 in 4 millisec
[ 2762.803101] free_cross_bitmap: releasing mem for inode with i_count 2
[ 2762.879630] write_proc: Value of write = 0
[ 2762.879651] __do_sys_start_cross_trace: PRINT_GLOBAL_STATS 
[ 2762.879652] Final GlobalReport: nr_pages_read:2243279696, nr_pages_hit:2199733997, nr_do_read_fault:619296, nr_pages_miss:12014248
[ 2762.879705] FinalTaskReport: db_bench:17123 - ra_orig_nr_pages:0, ra_final_nr_pages:0
                                        async_pages:936, final_async_pages:1867
                                        full_pfetches:0, less256_pfetches:0, partial_pfetches:0
                                        failed_pfetches:0, total_pfetches:0, os_pfetches:80
                                        nr_pages_read:1436, nr_pages_hit:738, nr_do_read_fault:165
[ 2762.882812] write_proc: Value of write = 0
[ 2762.882827] __do_sys_start_cross_trace: PRINT_GLOBAL_STATS 
[ 2762.882828] Final GlobalReport: nr_pages_read:2243279696, nr_pages_hit:2199733997, nr_do_read_fault:619301, nr_pages_miss:12014248
[ 2762.882868] FinalTaskReport: time:17114 - ra_orig_nr_pages:0, ra_final_nr_pages:0
                                        async_pages:0, final_async_pages:51
                                        full_pfetches:0, less256_pfetches:0, partial_pfetches:0
                                        failed_pfetches:0, total_pfetches:0, os_pfetches:3
                                        nr_pages_read:0, nr_pages_hit:0, nr_do_read_fault:17
