ENABLE_FILE_STATS in con
ENABLE_FILE_STATS in con
RocksDB:    version 6.20
Date:       Thu Aug 11 17:35:08 2022
CPU:        48 * AMD EPYC 7402P 24-Core Processor
CPUCache:   512 KB
Initializing RocksDB Options from the specified file
Initializing RocksDB Options from command-line flags
Keys:       1000 bytes each (+ 0 bytes user-defined timestamp)
Values:     4096 bytes each (2048 bytes after compression)
Entries:    2000000
Prefix:    0 bytes
Keys per prefix:    0
RawSize:    9719.8 MB (estimated)
FileSize:   5813.6 MB (estimated)
Write rate: 0 bytes/second
Read rate: 0 ops/second
Compression: Snappy
Compression sampling rate: 0
Memtablerep: skip_list
Perf Level: 1
------------------------------------------------
DB path: [/users/kannan11/ssd/sudarsun/prefetching/appbench/apps/rocksdb/DATA]
compact      : 99906027.000 micros/op 0 ops/sec;
DESTRUCTOR GETTING CALLED 
PRINT_GLOBAL_STATS in dest
	Command being timed: "./db_bench --db=/users/kannan11/ssd/sudarsun/prefetching/appbench/apps/rocksdb/DATA --value_size=4096 --wal_dir=/users/kannan11/ssd/sudarsun/prefetching/appbench/apps/rocksdb/DATA/WAL_LOG --sync=0 --key_size=1000 --write_buffer_size=67108864 --num=2000000 --benchmarks=compact --use_existing_db=1 --mmap_read=0 --threads=4"
	User time (seconds): 18.35
	System time (seconds): 7.84
	Percent of CPU this job got: 102%
	Elapsed (wall clock) time (h:mm:ss or m:ss): 0:25.50
	Average shared text size (kbytes): 0
	Average unshared data size (kbytes): 0
	Average stack size (kbytes): 0
	Average total size (kbytes): 0
	Maximum resident set size (kbytes): 299020
	Average resident set size (kbytes): 0
	Major (requiring I/O) page faults: 72
	Minor (reclaiming a frame) page faults: 1264653
	Voluntary context switches: 94381
	Involuntary context switches: 50
	Swaps: 0
	File system inputs: 8429992
	File system outputs: 9996128
	Socket messages sent: 0
	Socket messages received: 0
	Signals delivered: 0
	Page size (bytes): 4096
	Exit status: 0
DESTRUCTOR GETTING CALLED 
PRINT_GLOBAL_STATS in dest
[  959.670267] free_cross_bitmap: releasing mem for inode with i_count 2
[  959.680839] free_cross_bitmap: releasing mem for inode with i_count 2
[  959.691436] free_cross_bitmap: releasing mem for inode with i_count 2
[  959.702033] free_cross_bitmap: releasing mem for inode with i_count 2
[  959.709879] free_cross_bitmap: releasing mem for inode with i_count 2
[  959.720451] free_cross_bitmap: releasing mem for inode with i_count 2
[  959.731419] free_cross_bitmap: releasing mem for inode with i_count 2
[  959.742103] free_cross_bitmap: releasing mem for inode with i_count 2
[  959.752650] free_cross_bitmap: releasing mem for inode with i_count 2
[  959.763261] free_cross_bitmap: releasing mem for inode with i_count 2
[  959.773903] free_cross_bitmap: releasing mem for inode with i_count 2
[  959.784502] free_cross_bitmap: releasing mem for inode with i_count 2
[  959.793959] free_cross_bitmap: releasing mem for inode with i_count 2
[  959.805035] free_cross_bitmap: releasing mem for inode with i_count 2
[  959.813254] free_cross_bitmap: releasing mem for inode with i_count 2
[  959.823820] free_cross_bitmap: releasing mem for inode with i_count 2
[  959.834527] free_cross_bitmap: releasing mem for inode with i_count 2
[  959.845123] free_cross_bitmap: releasing mem for inode with i_count 2
[  959.856264] free_cross_bitmap: releasing mem for inode with i_count 2
[  959.866991] free_cross_bitmap: releasing mem for inode with i_count 2
[  959.877645] free_cross_bitmap: releasing mem for inode with i_count 2
[  959.888335] free_cross_bitmap: releasing mem for inode with i_count 2
[  959.898940] free_cross_bitmap: releasing mem for inode with i_count 2
[  959.909513] free_cross_bitmap: releasing mem for inode with i_count 2
[  959.920493] free_cross_bitmap: releasing mem for inode with i_count 2
[  959.931340] free_cross_bitmap: releasing mem for inode with i_count 2
[  959.941679] free_cross_bitmap: releasing mem for inode with i_count 2
[  959.952343] free_cross_bitmap: releasing mem for inode with i_count 2
[  959.963838] free_cross_bitmap: releasing mem for inode with i_count 2
[  959.974394] free_cross_bitmap: releasing mem for inode with i_count 2
[  959.985671] free_cross_bitmap: releasing mem for inode with i_count 2
[  959.994201] free_cross_bitmap: releasing mem for inode with i_count 2
[  960.004800] free_cross_bitmap: releasing mem for inode with i_count 2
[  960.015731] free_cross_bitmap: releasing mem for inode with i_count 2
[  960.026625] free_cross_bitmap: releasing mem for inode with i_count 2
[  960.037821] free_cross_bitmap: releasing mem for inode with i_count 2
[  960.048236] free_cross_bitmap: releasing mem for inode with i_count 2
[  960.059244] free_cross_bitmap: releasing mem for inode with i_count 2
[  960.069870] free_cross_bitmap: releasing mem for inode with i_count 2
[  960.080448] free_cross_bitmap: releasing mem for inode with i_count 2
[  960.091069] free_cross_bitmap: releasing mem for inode with i_count 2
[  960.101908] free_cross_bitmap: releasing mem for inode with i_count 2
[  960.112900] free_cross_bitmap: releasing mem for inode with i_count 2
[  960.123810] free_cross_bitmap: releasing mem for inode with i_count 2
[  960.134424] free_cross_bitmap: releasing mem for inode with i_count 2
[  960.145126] free_cross_bitmap: releasing mem for inode with i_count 2
[  960.155831] free_cross_bitmap: releasing mem for inode with i_count 2
[  960.166548] free_cross_bitmap: releasing mem for inode with i_count 2
[  960.177676] free_cross_bitmap: releasing mem for inode with i_count 2
[  960.187720] free_cross_bitmap: releasing mem for inode with i_count 2
[  960.198364] free_cross_bitmap: releasing mem for inode with i_count 2
[  960.209542] free_cross_bitmap: releasing mem for inode with i_count 2
[  960.220857] free_cross_bitmap: releasing mem for inode with i_count 2
[  960.231850] free_cross_bitmap: releasing mem for inode with i_count 2
[  960.241679] free_cross_bitmap: releasing mem for inode with i_count 2
[  960.252261] free_cross_bitmap: releasing mem for inode with i_count 2
[  960.262878] free_cross_bitmap: releasing mem for inode with i_count 2
[  960.273539] free_cross_bitmap: releasing mem for inode with i_count 2
[  960.284220] free_cross_bitmap: releasing mem for inode with i_count 2
[  960.295016] free_cross_bitmap: releasing mem for inode with i_count 2
[  960.306391] free_cross_bitmap: releasing mem for inode with i_count 2
[  960.317247] free_cross_bitmap: releasing mem for inode with i_count 2
[  960.325410] free_cross_bitmap: releasing mem for inode with i_count 2
[  960.336572] free_cross_bitmap: releasing mem for inode with i_count 2
[  960.348707] free_cross_bitmap: releasing mem for inode with i_count 2
[  960.357094] free_cross_bitmap: releasing mem for inode with i_count 2
[  960.368840] free_cross_bitmap: releasing mem for inode with i_count 2
[  960.376121] free_cross_bitmap: releasing mem for inode with i_count 2
[  960.383923] sh (3438): drop_caches: 3
[  960.412526] sh (3514): drop_caches: 3
[  965.436176] Enabled file stats for time:3898
[  965.436377] write_proc: Value of write = 0
[  965.442424] Enabled file stats for db_bench:3907
[  965.442610] write_proc: Value of write = 0
[  965.461830] alloc_cross_bitmap: preallocate 268435456 pg, nr_longs=4194304 in 8 millisec
[  965.462501] alloc_cross_bitmap: preallocate 268435456 pg, nr_longs=4194304 in 8 millisec
[  965.463684] alloc_cross_bitmap: preallocate 268435456 pg, nr_longs=4194304 in 12 millisec
[  965.463945] alloc_cross_bitmap: preallocate 268435456 pg, nr_longs=4194304 in 12 millisec
[  965.464576] alloc_cross_bitmap: preallocate 268435456 pg, nr_longs=4194304 in 12 millisec
[  965.464635] alloc_cross_bitmap: preallocate 268435456 pg, nr_longs=4194304 in 12 millisec
[  965.465154] alloc_cross_bitmap: preallocate 268435456 pg, nr_longs=4194304 in 12 millisec
[  965.465324] alloc_cross_bitmap: preallocate 268435456 pg, nr_longs=4194304 in 12 millisec
[  965.465572] alloc_cross_bitmap: preallocate 268435456 pg, nr_longs=4194304 in 12 millisec
[  965.465616] alloc_cross_bitmap: preallocate 268435456 pg, nr_longs=4194304 in 12 millisec
[  965.465742] alloc_cross_bitmap: preallocate 268435456 pg, nr_longs=4194304 in 12 millisec
[  965.465836] alloc_cross_bitmap: preallocate 268435456 pg, nr_longs=4194304 in 12 millisec
[  965.465925] alloc_cross_bitmap: preallocate 268435456 pg, nr_longs=4194304 in 12 millisec
[  965.469013] alloc_cross_bitmap: preallocate 268435456 pg, nr_longs=4194304 in 4 millisec
[  965.469641] alloc_cross_bitmap: preallocate 268435456 pg, nr_longs=4194304 in 8 millisec
[  965.469673] alloc_cross_bitmap: preallocate 268435456 pg, nr_longs=4194304 in 8 millisec
[  965.470624] alloc_cross_bitmap: preallocate 268435456 pg, nr_longs=4194304 in 4 millisec
[  965.471460] alloc_cross_bitmap: preallocate 268435456 pg, nr_longs=4194304 in 0 millisec
[  965.472310] alloc_cross_bitmap: preallocate 268435456 pg, nr_longs=4194304 in 8 millisec
[  965.473242] alloc_cross_bitmap: preallocate 268435456 pg, nr_longs=4194304 in 8 millisec
[  965.474063] alloc_cross_bitmap: preallocate 268435456 pg, nr_longs=4194304 in 4 millisec
[  965.475062] alloc_cross_bitmap: preallocate 268435456 pg, nr_longs=4194304 in 4 millisec
[  965.475481] alloc_cross_bitmap: preallocate 268435456 pg, nr_longs=4194304 in 4 millisec
[  965.476118] alloc_cross_bitmap: preallocate 268435456 pg, nr_longs=4194304 in 8 millisec
[  965.476232] alloc_cross_bitmap: preallocate 268435456 pg, nr_longs=4194304 in 8 millisec
[  965.476355] alloc_cross_bitmap: preallocate 268435456 pg, nr_longs=4194304 in 8 millisec
[  965.477014] alloc_cross_bitmap: preallocate 268435456 pg, nr_longs=4194304 in 8 millisec
[  965.477706] alloc_cross_bitmap: preallocate 268435456 pg, nr_longs=4194304 in 4 millisec
[  965.481195] alloc_cross_bitmap: preallocate 268435456 pg, nr_longs=4194304 in 8 millisec
[  965.482191] alloc_cross_bitmap: preallocate 268435456 pg, nr_longs=4194304 in 8 millisec
[  965.484629] alloc_cross_bitmap: preallocate 268435456 pg, nr_longs=4194304 in 12 millisec
[  965.485400] alloc_cross_bitmap: preallocate 268435456 pg, nr_longs=4194304 in 12 millisec
[  965.485671] alloc_cross_bitmap: preallocate 268435456 pg, nr_longs=4194304 in 12 millisec
[  965.485783] alloc_cross_bitmap: preallocate 268435456 pg, nr_longs=4194304 in 12 millisec
[  965.486091] alloc_cross_bitmap: preallocate 268435456 pg, nr_longs=4194304 in 12 millisec
[  965.487142] alloc_cross_bitmap: preallocate 268435456 pg, nr_longs=4194304 in 12 millisec
[  965.488441] alloc_cross_bitmap: preallocate 268435456 pg, nr_longs=4194304 in 12 millisec
[  965.488542] alloc_cross_bitmap: preallocate 268435456 pg, nr_longs=4194304 in 12 millisec
[  965.488993] alloc_cross_bitmap: preallocate 268435456 pg, nr_longs=4194304 in 12 millisec
[  965.489056] alloc_cross_bitmap: preallocate 268435456 pg, nr_longs=4194304 in 12 millisec
[  965.489329] alloc_cross_bitmap: preallocate 268435456 pg, nr_longs=4194304 in 12 millisec
[  965.489470] alloc_cross_bitmap: preallocate 268435456 pg, nr_longs=4194304 in 12 millisec
[  965.489612] alloc_cross_bitmap: preallocate 268435456 pg, nr_longs=4194304 in 12 millisec
[  965.490337] alloc_cross_bitmap: preallocate 268435456 pg, nr_longs=4194304 in 8 millisec
[  965.491138] alloc_cross_bitmap: preallocate 268435456 pg, nr_longs=4194304 in 4 millisec
[  965.492473] alloc_cross_bitmap: preallocate 268435456 pg, nr_longs=4194304 in 8 millisec
[  965.494794] alloc_cross_bitmap: preallocate 268435456 pg, nr_longs=4194304 in 8 millisec
[  965.495269] alloc_cross_bitmap: preallocate 268435456 pg, nr_longs=4194304 in 4 millisec
[  965.495780] alloc_cross_bitmap: preallocate 268435456 pg, nr_longs=4194304 in 8 millisec
[  965.496025] alloc_cross_bitmap: preallocate 268435456 pg, nr_longs=4194304 in 8 millisec
[  965.496063] alloc_cross_bitmap: preallocate 268435456 pg, nr_longs=4194304 in 12 millisec
[  965.496083] alloc_cross_bitmap: preallocate 268435456 pg, nr_longs=4194304 in 12 millisec
[  965.535242] alloc_cross_bitmap: preallocate 268435456 pg, nr_longs=4194304 in 4 millisec
[  965.535731] alloc_cross_bitmap: preallocate 268435456 pg, nr_longs=4194304 in 8 millisec
[  965.535780] alloc_cross_bitmap: preallocate 268435456 pg, nr_longs=4194304 in 8 millisec
[  965.535864] alloc_cross_bitmap: preallocate 268435456 pg, nr_longs=4194304 in 8 millisec
[  965.536463] alloc_cross_bitmap: preallocate 268435456 pg, nr_longs=4194304 in 8 millisec
[  965.536481] alloc_cross_bitmap: preallocate 268435456 pg, nr_longs=4194304 in 8 millisec
[  965.536493] alloc_cross_bitmap: preallocate 268435456 pg, nr_longs=4194304 in 8 millisec
[  965.536516] alloc_cross_bitmap: preallocate 268435456 pg, nr_longs=4194304 in 8 millisec
[  965.536553] alloc_cross_bitmap: preallocate 268435456 pg, nr_longs=4194304 in 8 millisec
[  965.536562] alloc_cross_bitmap: preallocate 268435456 pg, nr_longs=4194304 in 8 millisec
[  965.542522] alloc_cross_bitmap: preallocate 268435456 pg, nr_longs=4194304 in 4 millisec
[  965.543543] alloc_cross_bitmap: preallocate 268435456 pg, nr_longs=4194304 in 8 millisec
[  965.544862] alloc_cross_bitmap: preallocate 268435456 pg, nr_longs=4194304 in 8 millisec
[  965.544875] alloc_cross_bitmap: preallocate 268435456 pg, nr_longs=4194304 in 8 millisec
[  965.605540] alloc_cross_bitmap: preallocate 268435456 pg, nr_longs=4194304 in 4 millisec
[  965.616991] alloc_cross_bitmap: preallocate 268435456 pg, nr_longs=4194304 in 4 millisec
[  976.665699] alloc_cross_bitmap: preallocate 268435456 pg, nr_longs=4194304 in 4 millisec
[  976.669328] alloc_cross_bitmap: preallocate 268435456 pg, nr_longs=4194304 in 4 millisec
[  976.673168] alloc_cross_bitmap: preallocate 268435456 pg, nr_longs=4194304 in 4 millisec
[  976.676992] alloc_cross_bitmap: preallocate 268435456 pg, nr_longs=4194304 in 4 millisec
[  976.680582] alloc_cross_bitmap: preallocate 268435456 pg, nr_longs=4194304 in 4 millisec
[  976.684774] alloc_cross_bitmap: preallocate 268435456 pg, nr_longs=4194304 in 4 millisec
[  976.689824] alloc_cross_bitmap: preallocate 268435456 pg, nr_longs=4194304 in 4 millisec
[  976.694616] alloc_cross_bitmap: preallocate 268435456 pg, nr_longs=4194304 in 4 millisec
[  976.699528] alloc_cross_bitmap: preallocate 268435456 pg, nr_longs=4194304 in 4 millisec
[  976.704204] alloc_cross_bitmap: preallocate 268435456 pg, nr_longs=4194304 in 4 millisec
[  976.708908] alloc_cross_bitmap: preallocate 268435456 pg, nr_longs=4194304 in 4 millisec
[  976.714219] alloc_cross_bitmap: preallocate 268435456 pg, nr_longs=4194304 in 4 millisec
[  976.719547] alloc_cross_bitmap: preallocate 268435456 pg, nr_longs=4194304 in 4 millisec
[  976.724254] alloc_cross_bitmap: preallocate 268435456 pg, nr_longs=4194304 in 4 millisec
[  976.728998] alloc_cross_bitmap: preallocate 268435456 pg, nr_longs=4194304 in 4 millisec
[  976.733685] alloc_cross_bitmap: preallocate 268435456 pg, nr_longs=4194304 in 4 millisec
[  976.738582] alloc_cross_bitmap: preallocate 268435456 pg, nr_longs=4194304 in 4 millisec
[  976.743792] alloc_cross_bitmap: preallocate 268435456 pg, nr_longs=4194304 in 4 millisec
[  976.748759] alloc_cross_bitmap: preallocate 268435456 pg, nr_longs=4194304 in 4 millisec
[  976.754135] alloc_cross_bitmap: preallocate 268435456 pg, nr_longs=4194304 in 4 millisec
[  976.759464] alloc_cross_bitmap: preallocate 268435456 pg, nr_longs=4194304 in 0 millisec
[  976.764218] alloc_cross_bitmap: preallocate 268435456 pg, nr_longs=4194304 in 4 millisec
[  976.768973] alloc_cross_bitmap: preallocate 268435456 pg, nr_longs=4194304 in 4 millisec
[  976.773672] alloc_cross_bitmap: preallocate 268435456 pg, nr_longs=4194304 in 4 millisec
[  976.778927] alloc_cross_bitmap: preallocate 268435456 pg, nr_longs=4194304 in 0 millisec
[  976.784233] alloc_cross_bitmap: preallocate 268435456 pg, nr_longs=4194304 in 4 millisec
[  976.789195] alloc_cross_bitmap: preallocate 268435456 pg, nr_longs=4194304 in 4 millisec
[  976.792961] alloc_cross_bitmap: preallocate 268435456 pg, nr_longs=4194304 in 4 millisec
[  976.798090] alloc_cross_bitmap: preallocate 268435456 pg, nr_longs=4194304 in 4 millisec
[  976.803299] alloc_cross_bitmap: preallocate 268435456 pg, nr_longs=4194304 in 0 millisec
[  976.808382] alloc_cross_bitmap: preallocate 268435456 pg, nr_longs=4194304 in 4 millisec
[  976.813371] alloc_cross_bitmap: preallocate 268435456 pg, nr_longs=4194304 in 4 millisec
[  976.818175] alloc_cross_bitmap: preallocate 268435456 pg, nr_longs=4194304 in 4 millisec
[  976.821126] free_cross_bitmap: releasing mem for inode with i_count 2
[  976.830124] free_cross_bitmap: releasing mem for inode with i_count 2
[  976.837422] free_cross_bitmap: releasing mem for inode with i_count 2
[  976.844415] free_cross_bitmap: releasing mem for inode with i_count 2
[  976.851455] free_cross_bitmap: releasing mem for inode with i_count 2
[  976.858383] free_cross_bitmap: releasing mem for inode with i_count 2
[  976.865561] free_cross_bitmap: releasing mem for inode with i_count 2
[  976.872607] free_cross_bitmap: releasing mem for inode with i_count 2
[  976.879649] free_cross_bitmap: releasing mem for inode with i_count 2
[  976.886784] free_cross_bitmap: releasing mem for inode with i_count 2
[  976.893806] free_cross_bitmap: releasing mem for inode with i_count 2
[  976.900756] free_cross_bitmap: releasing mem for inode with i_count 2
[  976.907816] free_cross_bitmap: releasing mem for inode with i_count 2
[  976.914756] free_cross_bitmap: releasing mem for inode with i_count 2
[  976.922519] free_cross_bitmap: releasing mem for inode with i_count 2
[  976.929528] free_cross_bitmap: releasing mem for inode with i_count 2
[  976.936553] free_cross_bitmap: releasing mem for inode with i_count 2
[  976.943967] free_cross_bitmap: releasing mem for inode with i_count 2
[  976.951235] free_cross_bitmap: releasing mem for inode with i_count 2
[  976.958633] free_cross_bitmap: releasing mem for inode with i_count 2
[  976.965638] free_cross_bitmap: releasing mem for inode with i_count 2
[  976.972671] free_cross_bitmap: releasing mem for inode with i_count 2
[  976.979680] free_cross_bitmap: releasing mem for inode with i_count 2
[  976.986592] free_cross_bitmap: releasing mem for inode with i_count 2
[  976.993983] free_cross_bitmap: releasing mem for inode with i_count 2
[  977.001579] free_cross_bitmap: releasing mem for inode with i_count 2
[  977.008531] free_cross_bitmap: releasing mem for inode with i_count 2
[  977.015474] free_cross_bitmap: releasing mem for inode with i_count 2
[  977.022433] free_cross_bitmap: releasing mem for inode with i_count 2
[  977.029448] free_cross_bitmap: releasing mem for inode with i_count 2
[  977.036840] free_cross_bitmap: releasing mem for inode with i_count 2
[  977.043757] free_cross_bitmap: releasing mem for inode with i_count 2
[  977.050706] free_cross_bitmap: releasing mem for inode with i_count 2
[  977.057662] free_cross_bitmap: releasing mem for inode with i_count 2
[  977.064646] free_cross_bitmap: releasing mem for inode with i_count 2
[  977.071618] free_cross_bitmap: releasing mem for inode with i_count 2
[  977.079053] free_cross_bitmap: releasing mem for inode with i_count 2
[  987.978148] alloc_cross_bitmap: preallocate 268435456 pg, nr_longs=4194304 in 4 millisec
[  987.981748] alloc_cross_bitmap: preallocate 268435456 pg, nr_longs=4194304 in 4 millisec
[  987.985272] alloc_cross_bitmap: preallocate 268435456 pg, nr_longs=4194304 in 4 millisec
[  987.989107] alloc_cross_bitmap: preallocate 268435456 pg, nr_longs=4194304 in 4 millisec
[  987.992784] alloc_cross_bitmap: preallocate 268435456 pg, nr_longs=4194304 in 4 millisec
[  987.996919] alloc_cross_bitmap: preallocate 268435456 pg, nr_longs=4194304 in 4 millisec
[  988.001247] alloc_cross_bitmap: preallocate 268435456 pg, nr_longs=4194304 in 4 millisec
[  988.006258] alloc_cross_bitmap: preallocate 268435456 pg, nr_longs=4194304 in 4 millisec
[  988.011477] alloc_cross_bitmap: preallocate 268435456 pg, nr_longs=4194304 in 0 millisec
[  988.016364] alloc_cross_bitmap: preallocate 268435456 pg, nr_longs=4194304 in 4 millisec
[  988.021418] alloc_cross_bitmap: preallocate 268435456 pg, nr_longs=4194304 in 4 millisec
[  988.026452] alloc_cross_bitmap: preallocate 268435456 pg, nr_longs=4194304 in 4 millisec
[  988.031339] alloc_cross_bitmap: preallocate 268435456 pg, nr_longs=4194304 in 0 millisec
[  988.036252] alloc_cross_bitmap: preallocate 268435456 pg, nr_longs=4194304 in 4 millisec
[  988.041070] alloc_cross_bitmap: preallocate 268435456 pg, nr_longs=4194304 in 4 millisec
[  988.046065] alloc_cross_bitmap: preallocate 268435456 pg, nr_longs=4194304 in 4 millisec
[  988.050933] alloc_cross_bitmap: preallocate 268435456 pg, nr_longs=4194304 in 0 millisec
[  988.055949] alloc_cross_bitmap: preallocate 268435456 pg, nr_longs=4194304 in 4 millisec
[  988.059753] alloc_cross_bitmap: preallocate 268435456 pg, nr_longs=4194304 in 4 millisec
[  988.063434] alloc_cross_bitmap: preallocate 268435456 pg, nr_longs=4194304 in 0 millisec
[  988.068868] alloc_cross_bitmap: preallocate 268435456 pg, nr_longs=4194304 in 4 millisec
[  988.073652] alloc_cross_bitmap: preallocate 268435456 pg, nr_longs=4194304 in 4 millisec
[  988.078249] alloc_cross_bitmap: preallocate 268435456 pg, nr_longs=4194304 in 4 millisec
[  988.083171] alloc_cross_bitmap: preallocate 268435456 pg, nr_longs=4194304 in 0 millisec
[  988.086964] alloc_cross_bitmap: preallocate 268435456 pg, nr_longs=4194304 in 0 millisec
[  988.090699] alloc_cross_bitmap: preallocate 268435456 pg, nr_longs=4194304 in 0 millisec
[  988.094387] alloc_cross_bitmap: preallocate 268435456 pg, nr_longs=4194304 in 4 millisec
[  988.098099] alloc_cross_bitmap: preallocate 268435456 pg, nr_longs=4194304 in 4 millisec
[  988.101791] alloc_cross_bitmap: preallocate 268435456 pg, nr_longs=4194304 in 4 millisec
[  988.105585] alloc_cross_bitmap: preallocate 268435456 pg, nr_longs=4194304 in 4 millisec
[  988.110643] alloc_cross_bitmap: preallocate 268435456 pg, nr_longs=4194304 in 4 millisec
[  988.115872] alloc_cross_bitmap: preallocate 268435456 pg, nr_longs=4194304 in 4 millisec
[  988.121410] alloc_cross_bitmap: preallocate 268435456 pg, nr_longs=4194304 in 4 millisec
[  988.126479] alloc_cross_bitmap: preallocate 268435456 pg, nr_longs=4194304 in 4 millisec
[  988.131686] alloc_cross_bitmap: preallocate 268435456 pg, nr_longs=4194304 in 4 millisec
[  988.134845] free_cross_bitmap: releasing mem for inode with i_count 2
[  988.141780] free_cross_bitmap: releasing mem for inode with i_count 2
[  988.148743] free_cross_bitmap: releasing mem for inode with i_count 2
[  988.155658] free_cross_bitmap: releasing mem for inode with i_count 2
[  988.162568] free_cross_bitmap: releasing mem for inode with i_count 2
[  988.169493] free_cross_bitmap: releasing mem for inode with i_count 2
[  988.176465] free_cross_bitmap: releasing mem for inode with i_count 2
[  988.183336] free_cross_bitmap: releasing mem for inode with i_count 2
[  988.190295] free_cross_bitmap: releasing mem for inode with i_count 2
[  988.197167] free_cross_bitmap: releasing mem for inode with i_count 2
[  988.204065] free_cross_bitmap: releasing mem for inode with i_count 2
[  988.210930] free_cross_bitmap: releasing mem for inode with i_count 2
[  988.217897] free_cross_bitmap: releasing mem for inode with i_count 2
[  988.224776] free_cross_bitmap: releasing mem for inode with i_count 2
[  988.231671] free_cross_bitmap: releasing mem for inode with i_count 2
[  988.238543] free_cross_bitmap: releasing mem for inode with i_count 2
[  988.245536] free_cross_bitmap: releasing mem for inode with i_count 2
[  988.252486] free_cross_bitmap: releasing mem for inode with i_count 2
[  988.259810] free_cross_bitmap: releasing mem for inode with i_count 2
[  988.266787] free_cross_bitmap: releasing mem for inode with i_count 2
[  988.273760] free_cross_bitmap: releasing mem for inode with i_count 2
[  988.280708] free_cross_bitmap: releasing mem for inode with i_count 2
[  988.287657] free_cross_bitmap: releasing mem for inode with i_count 2
[  988.294608] free_cross_bitmap: releasing mem for inode with i_count 2
[  988.301938] free_cross_bitmap: releasing mem for inode with i_count 2
[  988.308906] free_cross_bitmap: releasing mem for inode with i_count 2
[  988.315838] free_cross_bitmap: releasing mem for inode with i_count 2
[  988.322770] free_cross_bitmap: releasing mem for inode with i_count 2
[  988.329757] free_cross_bitmap: releasing mem for inode with i_count 2
[  988.336783] free_cross_bitmap: releasing mem for inode with i_count 2
[  988.344143] free_cross_bitmap: releasing mem for inode with i_count 2
[  988.351110] free_cross_bitmap: releasing mem for inode with i_count 2
[  988.358110] free_cross_bitmap: releasing mem for inode with i_count 2
[  988.365468] free_cross_bitmap: releasing mem for inode with i_count 2
[  988.372439] free_cross_bitmap: releasing mem for inode with i_count 2
[  988.379385] free_cross_bitmap: releasing mem for inode with i_count 2
[  988.386620] free_cross_bitmap: releasing mem for inode with i_count 2
[  988.393553] free_cross_bitmap: releasing mem for inode with i_count 2
[  990.847890] alloc_cross_bitmap: preallocate 268435456 pg, nr_longs=4194304 in 4 millisec
[  990.851314] alloc_cross_bitmap: preallocate 268435456 pg, nr_longs=4194304 in 0 millisec
[  990.854794] alloc_cross_bitmap: preallocate 268435456 pg, nr_longs=4194304 in 0 millisec
[  990.858280] alloc_cross_bitmap: preallocate 268435456 pg, nr_longs=4194304 in 4 millisec
[  990.861797] alloc_cross_bitmap: preallocate 268435456 pg, nr_longs=4194304 in 4 millisec
[  990.865374] alloc_cross_bitmap: preallocate 268435456 pg, nr_longs=4194304 in 4 millisec
[  990.868772] alloc_cross_bitmap: preallocate 268435456 pg, nr_longs=4194304 in 4 millisec
[  990.872416] alloc_cross_bitmap: preallocate 268435456 pg, nr_longs=4194304 in 4 millisec
[  990.875126] free_cross_bitmap: releasing mem for inode with i_count 2
[  990.884025] free_cross_bitmap: releasing mem for inode with i_count 2
[  990.891251] free_cross_bitmap: releasing mem for inode with i_count 2
[  990.898203] free_cross_bitmap: releasing mem for inode with i_count 2
[  990.905256] free_cross_bitmap: releasing mem for inode with i_count 2
[  990.912207] free_cross_bitmap: releasing mem for inode with i_count 2
[  990.919177] free_cross_bitmap: releasing mem for inode with i_count 2
[  990.926163] free_cross_bitmap: releasing mem for inode with i_count 2
[  990.935986] write_proc: Value of write = 0
[  990.936002] __do_sys_start_cross_trace: PRINT_GLOBAL_STATS 
[  990.936003] Final GlobalReport: nr_pages_read:186199957, nr_pages_hit:180532778, nr_do_read_fault:230184, nr_pages_miss:1661914
[  990.936043] FinalTaskReport: db_bench:3907 - ra_orig_nr_pages:0, ra_final_nr_pages:0
                                        async_pages:840, final_async_pages:1486
                                        full_pfetches:0, less256_pfetches:0, partial_pfetches:0
                                        failed_pfetches:0, total_pfetches:0, os_pfetches:69
                                        nr_pages_read:862, nr_pages_hit:410, nr_do_read_fault:158
[  990.939484] write_proc: Value of write = 0
[  990.939503] __do_sys_start_cross_trace: PRINT_GLOBAL_STATS 
[  990.939504] Final GlobalReport: nr_pages_read:186199957, nr_pages_hit:180532778, nr_do_read_fault:230189, nr_pages_miss:1661914
[  990.939556] FinalTaskReport: time:3898 - ra_orig_nr_pages:0, ra_final_nr_pages:0
                                        async_pages:0, final_async_pages:51
                                        full_pfetches:0, less256_pfetches:0, partial_pfetches:0
                                        failed_pfetches:0, total_pfetches:0, os_pfetches:3
                                        nr_pages_read:0, nr_pages_hit:0, nr_do_read_fault:19
