ENABLE_FILE_STATS in con
ENABLE_FILE_STATS in con
RocksDB:    version 6.20
Date:       Wed Aug 10 18:26:38 2022
CPU:        48 * AMD EPYC 7402P 24-Core Processor
CPUCache:   512 KB
Get returned an error: Corruption: bad entry in block
Received signal 6 (Aborted)
num reads to do 2000000
Get returned an error: Corruption: bad entry in block
Get returned an error: Corruption: bad entry in block
Command terminated by signal 6
	Command being timed: "./db_bench --db=/users/kannan11/ssd/sudarsun/prefetching/appbench/apps/rocksdb/DATA --value_size=4096 --wal_dir=/users/kannan11/ssd/sudarsun/prefetching/appbench/apps/rocksdb/DATA/WAL_LOG --sync=0 --key_size=1000 --write_buffer_size=67108864 --num=2000000 --benchmarks=readwhilescanning --use_existing_db=1 --mmap_read=0 --threads=8"
	User time (seconds): 0.24
	System time (seconds): 5.89
	Percent of CPU this job got: 869%
	Elapsed (wall clock) time (h:mm:ss or m:ss): 0:00.70
	Average shared text size (kbytes): 0
	Average unshared data size (kbytes): 0
	Average stack size (kbytes): 0
	Average total size (kbytes): 0
	Maximum resident set size (kbytes): 6205348
	Average resident set size (kbytes): 0
	Major (requiring I/O) page faults: 81
	Minor (reclaiming a frame) page faults: 1549722
	Voluntary context switches: 5072
	Involuntary context switches: 1
	Swaps: 0
	File system inputs: 131416
	File system outputs: 1792
	Socket messages sent: 0
	Socket messages received: 0
	Signals delivered: 0
	Page size (bytes): 4096
	Exit status: 0
DESTRUCTOR GETTING CALLED 
PRINT_GLOBAL_STATS in dest
[ 8875.935160] free_cross_bitmap: releasing mem for inode with i_count 2
[ 8875.947429] free_cross_bitmap: releasing mem for inode with i_count 2
[ 8875.960620] free_cross_bitmap: releasing mem for inode with i_count 2
[ 8875.973700] free_cross_bitmap: releasing mem for inode with i_count 2
[ 8875.982670] free_cross_bitmap: releasing mem for inode with i_count 2
[ 8875.996191] free_cross_bitmap: releasing mem for inode with i_count 2
[ 8876.009229] free_cross_bitmap: releasing mem for inode with i_count 2
[ 8876.017720] free_cross_bitmap: releasing mem for inode with i_count 2
[ 8876.030685] free_cross_bitmap: releasing mem for inode with i_count 2
[ 8876.040779] free_cross_bitmap: releasing mem for inode with i_count 2
[ 8876.053928] free_cross_bitmap: releasing mem for inode with i_count 2
[ 8876.064195] free_cross_bitmap: releasing mem for inode with i_count 2
[ 8876.072639] free_cross_bitmap: releasing mem for inode with i_count 2
[ 8876.082395] free_cross_bitmap: releasing mem for inode with i_count 2
[ 8876.092125] free_cross_bitmap: releasing mem for inode with i_count 2
[ 8876.101821] free_cross_bitmap: releasing mem for inode with i_count 2
[ 8876.115030] free_cross_bitmap: releasing mem for inode with i_count 2
[ 8876.125174] free_cross_bitmap: releasing mem for inode with i_count 2
[ 8876.134926] free_cross_bitmap: releasing mem for inode with i_count 2
[ 8876.144663] free_cross_bitmap: releasing mem for inode with i_count 2
[ 8876.154422] free_cross_bitmap: releasing mem for inode with i_count 2
[ 8876.168952] free_cross_bitmap: releasing mem for inode with i_count 2
[ 8876.179147] free_cross_bitmap: releasing mem for inode with i_count 2
[ 8876.188329] free_cross_bitmap: releasing mem for inode with i_count 2
[ 8876.198142] free_cross_bitmap: releasing mem for inode with i_count 2
[ 8876.207908] free_cross_bitmap: releasing mem for inode with i_count 2
[ 8876.217646] free_cross_bitmap: releasing mem for inode with i_count 2
[ 8876.230778] free_cross_bitmap: releasing mem for inode with i_count 2
[ 8876.240628] free_cross_bitmap: releasing mem for inode with i_count 2
[ 8876.250769] free_cross_bitmap: releasing mem for inode with i_count 2
[ 8876.260623] free_cross_bitmap: releasing mem for inode with i_count 2
[ 8876.273658] free_cross_bitmap: releasing mem for inode with i_count 2
[ 8876.283523] free_cross_bitmap: releasing mem for inode with i_count 2
[ 8876.293344] free_cross_bitmap: releasing mem for inode with i_count 2
[ 8876.303290] free_cross_bitmap: releasing mem for inode with i_count 2
[ 8876.314607] free_cross_bitmap: releasing mem for inode with i_count 2
[ 8876.324681] free_cross_bitmap: releasing mem for inode with i_count 2
[ 8876.338144] free_cross_bitmap: releasing mem for inode with i_count 2
[ 8876.346106] free_cross_bitmap: releasing mem for inode with i_count 2
[ 8876.364983] free_cross_bitmap: releasing mem for inode with i_count 2
[ 8876.384727] free_cross_bitmap: releasing mem for inode with i_count 2
[ 8876.398452] free_cross_bitmap: releasing mem for inode with i_count 2
[ 8876.410029] free_cross_bitmap: releasing mem for inode with i_count 2
[ 8876.422737] free_cross_bitmap: releasing mem for inode with i_count 2
[ 8876.443030] free_cross_bitmap: releasing mem for inode with i_count 2
[ 8876.456371] free_cross_bitmap: releasing mem for inode with i_count 2
[ 8876.469689] free_cross_bitmap: releasing mem for inode with i_count 2
[ 8876.482379] free_cross_bitmap: releasing mem for inode with i_count 2
[ 8876.501982] free_cross_bitmap: releasing mem for inode with i_count 2
[ 8876.515290] free_cross_bitmap: releasing mem for inode with i_count 2
[ 8876.528687] free_cross_bitmap: releasing mem for inode with i_count 2
[ 8876.538463] free_cross_bitmap: releasing mem for inode with i_count 2
[ 8876.551207] free_cross_bitmap: releasing mem for inode with i_count 2
[ 8876.567760] free_cross_bitmap: releasing mem for inode with i_count 2
[ 8876.580467] free_cross_bitmap: releasing mem for inode with i_count 2
[ 8876.598690] free_cross_bitmap: releasing mem for inode with i_count 2
[ 8876.617391] free_cross_bitmap: releasing mem for inode with i_count 2
[ 8876.630050] free_cross_bitmap: releasing mem for inode with i_count 2
[ 8876.642565] free_cross_bitmap: releasing mem for inode with i_count 2
[ 8876.655897] free_cross_bitmap: releasing mem for inode with i_count 2
[ 8876.665572] free_cross_bitmap: releasing mem for inode with i_count 2
[ 8876.678713] free_cross_bitmap: releasing mem for inode with i_count 2
[ 8876.691933] free_cross_bitmap: releasing mem for inode with i_count 2
[ 8876.704321] free_cross_bitmap: releasing mem for inode with i_count 2
[ 8876.726153] free_cross_bitmap: releasing mem for inode with i_count 2
[ 8876.735813] free_cross_bitmap: releasing mem for inode with i_count 2
[ 8876.748928] free_cross_bitmap: releasing mem for inode with i_count 2
[ 8876.762031] free_cross_bitmap: releasing mem for inode with i_count 2
[ 8876.771824] free_cross_bitmap: releasing mem for inode with i_count 2
[ 8876.785766] free_cross_bitmap: releasing mem for inode with i_count 2
[ 8876.807018] free_cross_bitmap: releasing mem for inode with i_count 2
[ 8876.828889] free_cross_bitmap: releasing mem for inode with i_count 2
[ 8876.856361] free_cross_bitmap: releasing mem for inode with i_count 2
[ 8876.878131] free_cross_bitmap: releasing mem for inode with i_count 2
[ 8876.898149] free_cross_bitmap: releasing mem for inode with i_count 2
[ 8876.915854] free_cross_bitmap: releasing mem for inode with i_count 2
[ 8877.086242] free_cross_bitmap: releasing mem for inode with i_count 2
[ 8877.099857] free_cross_bitmap: releasing mem for inode with i_count 2
[ 8877.108910] free_cross_bitmap: releasing mem for inode with i_count 2
[ 8877.122084] free_cross_bitmap: releasing mem for inode with i_count 2
[ 8877.135212] free_cross_bitmap: releasing mem for inode with i_count 2
[ 8877.147344] free_cross_bitmap: releasing mem for inode with i_count 2
[ 8877.160463] free_cross_bitmap: releasing mem for inode with i_count 2
[ 8877.174183] free_cross_bitmap: releasing mem for inode with i_count 2
[ 8877.184013] free_cross_bitmap: releasing mem for inode with i_count 2
[ 8877.205475] free_cross_bitmap: releasing mem for inode with i_count 2
[ 8877.216661] free_cross_bitmap: releasing mem for inode with i_count 2
[ 8877.240791] free_cross_bitmap: releasing mem for inode with i_count 2
[ 8877.262257] free_cross_bitmap: releasing mem for inode with i_count 2
[ 8877.288062] free_cross_bitmap: releasing mem for inode with i_count 2
[ 8877.309886] free_cross_bitmap: releasing mem for inode with i_count 2
[ 8877.331921] free_cross_bitmap: releasing mem for inode with i_count 2
[ 8877.512126] free_cross_bitmap: releasing mem for inode with i_count 2
[ 8877.531288] free_cross_bitmap: releasing mem for inode with i_count 2
[ 8877.552259] free_cross_bitmap: releasing mem for inode with i_count 2
[ 8877.562451] free_cross_bitmap: releasing mem for inode with i_count 2
[ 8877.590888] free_cross_bitmap: releasing mem for inode with i_count 2
[ 8877.619273] free_cross_bitmap: releasing mem for inode with i_count 2
[ 8877.640879] free_cross_bitmap: releasing mem for inode with i_count 2
[ 8877.662742] free_cross_bitmap: releasing mem for inode with i_count 2
[ 8877.683759] free_cross_bitmap: releasing mem for inode with i_count 2
[ 8877.873328] free_cross_bitmap: releasing mem for inode with i_count 2
[ 8877.892821] free_cross_bitmap: releasing mem for inode with i_count 2
[ 8877.907307] free_cross_bitmap: releasing mem for inode with i_count 2
[ 8877.926620] free_cross_bitmap: releasing mem for inode with i_count 2
[ 8877.974985] free_cross_bitmap: releasing mem for inode with i_count 2
[ 8877.996795] free_cross_bitmap: releasing mem for inode with i_count 2
[ 8878.018945] free_cross_bitmap: releasing mem for inode with i_count 2
[ 8878.048632] free_cross_bitmap: releasing mem for inode with i_count 2
[ 8878.245523] free_cross_bitmap: releasing mem for inode with i_count 2
[ 8878.259453] free_cross_bitmap: releasing mem for inode with i_count 2
[ 8878.275292] free_cross_bitmap: releasing mem for inode with i_count 2
[ 8878.285095] free_cross_bitmap: releasing mem for inode with i_count 2
[ 8878.306961] free_cross_bitmap: releasing mem for inode with i_count 2
[ 8878.561295] free_cross_bitmap: releasing mem for inode with i_count 2
[ 8878.883811] free_cross_bitmap: releasing mem for inode with i_count 2
[ 8879.288638] free_cross_bitmap: releasing mem for inode with i_count 2
[ 8881.722407] free_cross_bitmap: releasing mem for inode with i_count 2
[ 8881.735208] free_cross_bitmap: releasing mem for inode with i_count 2
[ 8881.748471] free_cross_bitmap: releasing mem for inode with i_count 2
[ 8881.761055] free_cross_bitmap: releasing mem for inode with i_count 2
[ 8881.773912] free_cross_bitmap: releasing mem for inode with i_count 2
[ 8881.786351] free_cross_bitmap: releasing mem for inode with i_count 2
[ 8881.799059] free_cross_bitmap: releasing mem for inode with i_count 2
[ 8881.811486] free_cross_bitmap: releasing mem for inode with i_count 2
[ 8881.824595] free_cross_bitmap: releasing mem for inode with i_count 2
[ 8881.837580] free_cross_bitmap: releasing mem for inode with i_count 2
[ 8881.849969] free_cross_bitmap: releasing mem for inode with i_count 2
[ 8881.862770] free_cross_bitmap: releasing mem for inode with i_count 2
[ 8881.875666] free_cross_bitmap: releasing mem for inode with i_count 2
[ 8881.888803] free_cross_bitmap: releasing mem for inode with i_count 2
[ 8881.902628] free_cross_bitmap: releasing mem for inode with i_count 2
[ 8881.915521] free_cross_bitmap: releasing mem for inode with i_count 2
[ 8881.928156] free_cross_bitmap: releasing mem for inode with i_count 2
[ 8881.941192] free_cross_bitmap: releasing mem for inode with i_count 2
[ 8881.953756] free_cross_bitmap: releasing mem for inode with i_count 2
[ 8881.966345] free_cross_bitmap: releasing mem for inode with i_count 2
[ 8881.979125] free_cross_bitmap: releasing mem for inode with i_count 2
[ 8881.991677] free_cross_bitmap: releasing mem for inode with i_count 2
[ 8882.004172] free_cross_bitmap: releasing mem for inode with i_count 2
[ 8882.016590] free_cross_bitmap: releasing mem for inode with i_count 2
[ 8882.029297] free_cross_bitmap: releasing mem for inode with i_count 2
[ 8882.042100] free_cross_bitmap: releasing mem for inode with i_count 2
[ 8882.054919] free_cross_bitmap: releasing mem for inode with i_count 2
[ 8882.067400] free_cross_bitmap: releasing mem for inode with i_count 2
[ 8882.079851] free_cross_bitmap: releasing mem for inode with i_count 2
[ 8882.092530] free_cross_bitmap: releasing mem for inode with i_count 2
[ 8882.105840] free_cross_bitmap: releasing mem for inode with i_count 2
[ 8882.118997] free_cross_bitmap: releasing mem for inode with i_count 2
[ 8882.132112] free_cross_bitmap: releasing mem for inode with i_count 2
[ 8882.144730] free_cross_bitmap: releasing mem for inode with i_count 2
[ 8882.157850] free_cross_bitmap: releasing mem for inode with i_count 2
[ 8882.170504] free_cross_bitmap: releasing mem for inode with i_count 2
[ 8882.183279] free_cross_bitmap: releasing mem for inode with i_count 2
[ 8882.196083] free_cross_bitmap: releasing mem for inode with i_count 2
[ 8882.209558] free_cross_bitmap: releasing mem for inode with i_count 2
[ 8882.222429] free_cross_bitmap: releasing mem for inode with i_count 2
[ 8882.235441] free_cross_bitmap: releasing mem for inode with i_count 2
[ 8882.248188] free_cross_bitmap: releasing mem for inode with i_count 2
[ 8882.261023] free_cross_bitmap: releasing mem for inode with i_count 2
[ 8882.273513] free_cross_bitmap: releasing mem for inode with i_count 2
[ 8882.287117] free_cross_bitmap: releasing mem for inode with i_count 2
[ 8882.300027] free_cross_bitmap: releasing mem for inode with i_count 2
[ 8882.312565] free_cross_bitmap: releasing mem for inode with i_count 2
[ 8882.325104] free_cross_bitmap: releasing mem for inode with i_count 2
[ 8882.337904] free_cross_bitmap: releasing mem for inode with i_count 2
[ 8882.350524] free_cross_bitmap: releasing mem for inode with i_count 2
[ 8882.363513] free_cross_bitmap: releasing mem for inode with i_count 2
[ 8882.376597] free_cross_bitmap: releasing mem for inode with i_count 2
[ 8882.389559] free_cross_bitmap: releasing mem for inode with i_count 2
[ 8882.403080] free_cross_bitmap: releasing mem for inode with i_count 2
[ 8882.416345] free_cross_bitmap: releasing mem for inode with i_count 2
[ 8882.429106] free_cross_bitmap: releasing mem for inode with i_count 2
[ 8882.442061] free_cross_bitmap: releasing mem for inode with i_count 2
[ 8882.454652] free_cross_bitmap: releasing mem for inode with i_count 2
[ 8882.467476] free_cross_bitmap: releasing mem for inode with i_count 2
[ 8882.480136] free_cross_bitmap: releasing mem for inode with i_count 2
[ 8882.493419] free_cross_bitmap: releasing mem for inode with i_count 2
[ 8882.506184] free_cross_bitmap: releasing mem for inode with i_count 2
[ 8882.519858] free_cross_bitmap: releasing mem for inode with i_count 2
[ 8882.532636] free_cross_bitmap: releasing mem for inode with i_count 2
[ 8882.545502] free_cross_bitmap: releasing mem for inode with i_count 2
[ 8882.558232] free_cross_bitmap: releasing mem for inode with i_count 2
[ 8882.570852] free_cross_bitmap: releasing mem for inode with i_count 2
[ 8882.577898] free_cross_bitmap: releasing mem for inode with i_count 2
[ 8882.591156] free_cross_bitmap: releasing mem for inode with i_count 2
[ 8882.604047] sh (45594): drop_caches: 3
[ 8882.637367] sh (45785): drop_caches: 3
[ 8887.664096] Enabled file stats for time:45792
[ 8887.664340] write_proc: Value of write = 0
[ 8887.669489] Enabled file stats for db_bench:45801
[ 8887.669672] write_proc: Value of write = 0
[ 8887.723602] alloc_cross_bitmap: preallocate 268435456 pg, nr_longs=4194304 in 12 millisec
[ 8887.724421] alloc_cross_bitmap: preallocate 268435456 pg, nr_longs=4194304 in 12 millisec
[ 8887.724506] alloc_cross_bitmap: preallocate 268435456 pg, nr_longs=4194304 in 12 millisec
[ 8887.724573] alloc_cross_bitmap: preallocate 268435456 pg, nr_longs=4194304 in 12 millisec
[ 8887.724585] alloc_cross_bitmap: preallocate 268435456 pg, nr_longs=4194304 in 12 millisec
[ 8887.724733] alloc_cross_bitmap: preallocate 268435456 pg, nr_longs=4194304 in 12 millisec
[ 8887.726166] alloc_cross_bitmap: preallocate 268435456 pg, nr_longs=4194304 in 12 millisec
[ 8887.726583] alloc_cross_bitmap: preallocate 268435456 pg, nr_longs=4194304 in 16 millisec
[ 8887.726629] alloc_cross_bitmap: preallocate 268435456 pg, nr_longs=4194304 in 16 millisec
[ 8887.726676] alloc_cross_bitmap: preallocate 268435456 pg, nr_longs=4194304 in 16 millisec
[ 8887.728002] alloc_cross_bitmap: preallocate 268435456 pg, nr_longs=4194304 in 16 millisec
[ 8887.729056] alloc_cross_bitmap: preallocate 268435456 pg, nr_longs=4194304 in 16 millisec
[ 8887.729123] alloc_cross_bitmap: preallocate 268435456 pg, nr_longs=4194304 in 16 millisec
[ 8887.729209] alloc_cross_bitmap: preallocate 268435456 pg, nr_longs=4194304 in 16 millisec
[ 8887.729249] alloc_cross_bitmap: preallocate 268435456 pg, nr_longs=4194304 in 16 millisec
[ 8887.729449] alloc_cross_bitmap: preallocate 268435456 pg, nr_longs=4194304 in 16 millisec
[ 8887.749817] alloc_cross_bitmap: preallocate 268435456 pg, nr_longs=4194304 in 4 millisec
[ 8887.751463] alloc_cross_bitmap: preallocate 268435456 pg, nr_longs=4194304 in 4 millisec
[ 8887.753287] alloc_cross_bitmap: preallocate 268435456 pg, nr_longs=4194304 in 4 millisec
[ 8887.754510] alloc_cross_bitmap: preallocate 268435456 pg, nr_longs=4194304 in 8 millisec
[ 8887.755575] alloc_cross_bitmap: preallocate 268435456 pg, nr_longs=4194304 in 8 millisec
[ 8887.755633] alloc_cross_bitmap: preallocate 268435456 pg, nr_longs=4194304 in 8 millisec
[ 8887.755705] alloc_cross_bitmap: preallocate 268435456 pg, nr_longs=4194304 in 4 millisec
[ 8887.756244] alloc_cross_bitmap: preallocate 268435456 pg, nr_longs=4194304 in 4 millisec
[ 8887.758866] alloc_cross_bitmap: preallocate 268435456 pg, nr_longs=4194304 in 8 millisec
[ 8887.761055] alloc_cross_bitmap: preallocate 268435456 pg, nr_longs=4194304 in 8 millisec
[ 8887.761135] alloc_cross_bitmap: preallocate 268435456 pg, nr_longs=4194304 in 8 millisec
[ 8887.761477] alloc_cross_bitmap: preallocate 268435456 pg, nr_longs=4194304 in 8 millisec
[ 8887.761558] alloc_cross_bitmap: preallocate 268435456 pg, nr_longs=4194304 in 8 millisec
[ 8887.774730] alloc_cross_bitmap: preallocate 268435456 pg, nr_longs=4194304 in 4 millisec
[ 8887.780282] alloc_cross_bitmap: preallocate 268435456 pg, nr_longs=4194304 in 4 millisec
[ 8887.782082] alloc_cross_bitmap: preallocate 268435456 pg, nr_longs=4194304 in 0 millisec
[ 8887.785268] alloc_cross_bitmap: preallocate 268435456 pg, nr_longs=4194304 in 4 millisec
[ 8887.787041] alloc_cross_bitmap: preallocate 268435456 pg, nr_longs=4194304 in 8 millisec
[ 8887.787758] alloc_cross_bitmap: preallocate 268435456 pg, nr_longs=4194304 in 8 millisec
[ 8887.787768] alloc_cross_bitmap: preallocate 268435456 pg, nr_longs=4194304 in 8 millisec
[ 8887.787914] alloc_cross_bitmap: preallocate 268435456 pg, nr_longs=4194304 in 4 millisec
[ 8887.790609] alloc_cross_bitmap: preallocate 268435456 pg, nr_longs=4194304 in 8 millisec
[ 8887.790646] alloc_cross_bitmap: preallocate 268435456 pg, nr_longs=4194304 in 8 millisec
[ 8887.792487] alloc_cross_bitmap: preallocate 268435456 pg, nr_longs=4194304 in 4 millisec
[ 8887.793709] alloc_cross_bitmap: preallocate 268435456 pg, nr_longs=4194304 in 4 millisec
[ 8887.796424] alloc_cross_bitmap: preallocate 268435456 pg, nr_longs=4194304 in 8 millisec
[ 8887.796450] alloc_cross_bitmap: preallocate 268435456 pg, nr_longs=4194304 in 8 millisec
[ 8887.796787] alloc_cross_bitmap: preallocate 268435456 pg, nr_longs=4194304 in 8 millisec
[ 8887.796804] alloc_cross_bitmap: preallocate 268435456 pg, nr_longs=4194304 in 8 millisec
[ 8887.800527] alloc_cross_bitmap: preallocate 268435456 pg, nr_longs=4194304 in 4 millisec
[ 8887.806673] alloc_cross_bitmap: preallocate 268435456 pg, nr_longs=4194304 in 4 millisec
[ 8887.808151] alloc_cross_bitmap: preallocate 268435456 pg, nr_longs=4194304 in 4 millisec
[ 8887.810541] alloc_cross_bitmap: preallocate 268435456 pg, nr_longs=4194304 in 4 millisec
[ 8887.813149] alloc_cross_bitmap: preallocate 268435456 pg, nr_longs=4194304 in 4 millisec
[ 8887.813940] alloc_cross_bitmap: preallocate 268435456 pg, nr_longs=4194304 in 0 millisec
[ 8887.814342] alloc_cross_bitmap: preallocate 268435456 pg, nr_longs=4194304 in 8 millisec
[ 8887.815551] alloc_cross_bitmap: preallocate 268435456 pg, nr_longs=4194304 in 4 millisec
[ 8887.815656] alloc_cross_bitmap: preallocate 268435456 pg, nr_longs=4194304 in 4 millisec
[ 8887.815803] alloc_cross_bitmap: preallocate 268435456 pg, nr_longs=4194304 in 4 millisec
[ 8887.865963] alloc_cross_bitmap: preallocate 268435456 pg, nr_longs=4194304 in 8 millisec
[ 8887.867157] alloc_cross_bitmap: preallocate 268435456 pg, nr_longs=4194304 in 8 millisec
[ 8887.867809] alloc_cross_bitmap: preallocate 268435456 pg, nr_longs=4194304 in 8 millisec
[ 8887.867960] alloc_cross_bitmap: preallocate 268435456 pg, nr_longs=4194304 in 8 millisec
[ 8887.868873] alloc_cross_bitmap: preallocate 268435456 pg, nr_longs=4194304 in 8 millisec
[ 8887.869060] alloc_cross_bitmap: preallocate 268435456 pg, nr_longs=4194304 in 8 millisec
[ 8887.870483] alloc_cross_bitmap: preallocate 268435456 pg, nr_longs=4194304 in 12 millisec
[ 8887.870847] alloc_cross_bitmap: preallocate 268435456 pg, nr_longs=4194304 in 12 millisec
[ 8887.871012] alloc_cross_bitmap: preallocate 268435456 pg, nr_longs=4194304 in 12 millisec
[ 8887.871024] alloc_cross_bitmap: preallocate 268435456 pg, nr_longs=4194304 in 12 millisec
[ 8887.871179] alloc_cross_bitmap: preallocate 268435456 pg, nr_longs=4194304 in 12 millisec
[ 8887.871207] alloc_cross_bitmap: preallocate 268435456 pg, nr_longs=4194304 in 12 millisec
[ 8887.871230] alloc_cross_bitmap: preallocate 268435456 pg, nr_longs=4194304 in 12 millisec
[ 8887.871254] alloc_cross_bitmap: preallocate 268435456 pg, nr_longs=4194304 in 12 millisec
[ 8887.890786] alloc_cross_bitmap: preallocate 268435456 pg, nr_longs=4194304 in 4 millisec
[ 8887.896011] alloc_cross_bitmap: preallocate 268435456 pg, nr_longs=4194304 in 4 millisec
[ 8887.896240] alloc_cross_bitmap: preallocate 268435456 pg, nr_longs=4194304 in 4 millisec
[ 8887.897105] alloc_cross_bitmap: preallocate 268435456 pg, nr_longs=4194304 in 4 millisec
[ 8887.898287] alloc_cross_bitmap: preallocate 268435456 pg, nr_longs=4194304 in 4 millisec
[ 8887.903234] alloc_cross_bitmap: preallocate 268435456 pg, nr_longs=4194304 in 8 millisec
[ 8887.903772] alloc_cross_bitmap: preallocate 268435456 pg, nr_longs=4194304 in 8 millisec
[ 8887.904155] alloc_cross_bitmap: preallocate 268435456 pg, nr_longs=4194304 in 8 millisec
[ 8887.905750] alloc_cross_bitmap: preallocate 268435456 pg, nr_longs=4194304 in 8 millisec
[ 8887.907389] alloc_cross_bitmap: preallocate 268435456 pg, nr_longs=4194304 in 12 millisec
[ 8887.908069] alloc_cross_bitmap: preallocate 268435456 pg, nr_longs=4194304 in 12 millisec
[ 8887.908173] alloc_cross_bitmap: preallocate 268435456 pg, nr_longs=4194304 in 12 millisec
[ 8887.908221] alloc_cross_bitmap: preallocate 268435456 pg, nr_longs=4194304 in 12 millisec
[ 8887.908480] alloc_cross_bitmap: preallocate 268435456 pg, nr_longs=4194304 in 12 millisec
[ 8887.913990] alloc_cross_bitmap: preallocate 268435456 pg, nr_longs=4194304 in 0 millisec
[ 8887.921322] alloc_cross_bitmap: preallocate 268435456 pg, nr_longs=4194304 in 4 millisec
[ 8887.921625] alloc_cross_bitmap: preallocate 268435456 pg, nr_longs=4194304 in 4 millisec
[ 8887.922943] alloc_cross_bitmap: preallocate 268435456 pg, nr_longs=4194304 in 4 millisec
[ 8887.923753] alloc_cross_bitmap: preallocate 268435456 pg, nr_longs=4194304 in 4 millisec
[ 8887.925370] alloc_cross_bitmap: preallocate 268435456 pg, nr_longs=4194304 in 4 millisec
[ 8887.926016] alloc_cross_bitmap: preallocate 268435456 pg, nr_longs=4194304 in 4 millisec
[ 8887.931135] alloc_cross_bitmap: preallocate 268435456 pg, nr_longs=4194304 in 4 millisec
[ 8887.932369] alloc_cross_bitmap: preallocate 268435456 pg, nr_longs=4194304 in 4 millisec
[ 8887.933320] alloc_cross_bitmap: preallocate 268435456 pg, nr_longs=4194304 in 4 millisec
[ 8887.937105] alloc_cross_bitmap: preallocate 268435456 pg, nr_longs=4194304 in 4 millisec
[ 8887.941706] alloc_cross_bitmap: preallocate 268435456 pg, nr_longs=4194304 in 8 millisec
[ 8887.941826] alloc_cross_bitmap: preallocate 268435456 pg, nr_longs=4194304 in 8 millisec
[ 8887.942215] alloc_cross_bitmap: preallocate 268435456 pg, nr_longs=4194304 in 8 millisec
[ 8887.942245] alloc_cross_bitmap: preallocate 268435456 pg, nr_longs=4194304 in 8 millisec
[ 8887.942356] alloc_cross_bitmap: preallocate 268435456 pg, nr_longs=4194304 in 4 millisec
[ 8887.950136] alloc_cross_bitmap: preallocate 268435456 pg, nr_longs=4194304 in 4 millisec
[ 8887.950639] alloc_cross_bitmap: preallocate 268435456 pg, nr_longs=4194304 in 8 millisec
[ 8887.952329] alloc_cross_bitmap: preallocate 268435456 pg, nr_longs=4194304 in 4 millisec
[ 8887.953231] alloc_cross_bitmap: preallocate 268435456 pg, nr_longs=4194304 in 4 millisec
[ 8887.954819] alloc_cross_bitmap: preallocate 268435456 pg, nr_longs=4194304 in 4 millisec
[ 8887.956010] alloc_cross_bitmap: preallocate 268435456 pg, nr_longs=4194304 in 4 millisec
[ 8887.957845] alloc_cross_bitmap: preallocate 268435456 pg, nr_longs=4194304 in 4 millisec
[ 8887.958545] alloc_cross_bitmap: preallocate 268435456 pg, nr_longs=4194304 in 4 millisec
[ 8887.958819] alloc_cross_bitmap: preallocate 268435456 pg, nr_longs=4194304 in 4 millisec
[ 8887.959706] alloc_cross_bitmap: preallocate 268435456 pg, nr_longs=4194304 in 4 millisec
[ 8887.963825] alloc_cross_bitmap: preallocate 268435456 pg, nr_longs=4194304 in 4 millisec
[ 8887.965381] alloc_cross_bitmap: preallocate 268435456 pg, nr_longs=4194304 in 4 millisec
[ 8887.968248] alloc_cross_bitmap: preallocate 268435456 pg, nr_longs=4194304 in 8 millisec
[ 8887.968561] alloc_cross_bitmap: preallocate 268435456 pg, nr_longs=4194304 in 8 millisec
[ 8887.969038] alloc_cross_bitmap: preallocate 268435456 pg, nr_longs=4194304 in 8 millisec
[ 8887.969192] alloc_cross_bitmap: preallocate 268435456 pg, nr_longs=4194304 in 8 millisec
[ 8888.014624] alloc_cross_bitmap: preallocate 268435456 pg, nr_longs=4194304 in 4 millisec
[ 8888.019267] alloc_cross_bitmap: preallocate 268435456 pg, nr_longs=4194304 in 8 millisec
[ 8888.019654] alloc_cross_bitmap: preallocate 268435456 pg, nr_longs=4194304 in 8 millisec
[ 8888.019996] alloc_cross_bitmap: preallocate 268435456 pg, nr_longs=4194304 in 8 millisec
[ 8888.021017] alloc_cross_bitmap: preallocate 268435456 pg, nr_longs=4194304 in 8 millisec
[ 8888.021191] alloc_cross_bitmap: preallocate 268435456 pg, nr_longs=4194304 in 8 millisec
[ 8888.023392] alloc_cross_bitmap: preallocate 268435456 pg, nr_longs=4194304 in 12 millisec
[ 8888.023396] alloc_cross_bitmap: preallocate 268435456 pg, nr_longs=4194304 in 12 millisec
[ 8888.023407] alloc_cross_bitmap: preallocate 268435456 pg, nr_longs=4194304 in 12 millisec
[ 8888.023428] alloc_cross_bitmap: preallocate 268435456 pg, nr_longs=4194304 in 12 millisec
[ 8888.023478] alloc_cross_bitmap: preallocate 268435456 pg, nr_longs=4194304 in 12 millisec
[ 8888.023497] alloc_cross_bitmap: preallocate 268435456 pg, nr_longs=4194304 in 12 millisec
[ 8888.024427] alloc_cross_bitmap: preallocate 268435456 pg, nr_longs=4194304 in 12 millisec
[ 8888.024830] alloc_cross_bitmap: preallocate 268435456 pg, nr_longs=4194304 in 12 millisec
[ 8888.024909] alloc_cross_bitmap: preallocate 268435456 pg, nr_longs=4194304 in 12 millisec
[ 8888.034810] alloc_cross_bitmap: preallocate 268435456 pg, nr_longs=4194304 in 4 millisec
[ 8888.047513] alloc_cross_bitmap: preallocate 268435456 pg, nr_longs=4194304 in 4 millisec
[ 8888.048066] alloc_cross_bitmap: preallocate 268435456 pg, nr_longs=4194304 in 4 millisec
[ 8888.048501] alloc_cross_bitmap: preallocate 268435456 pg, nr_longs=4194304 in 4 millisec
[ 8888.050154] alloc_cross_bitmap: preallocate 268435456 pg, nr_longs=4194304 in 4 millisec
[ 8888.050977] alloc_cross_bitmap: preallocate 268435456 pg, nr_longs=4194304 in 4 millisec
[ 8888.058424] alloc_cross_bitmap: preallocate 268435456 pg, nr_longs=4194304 in 12 millisec
[ 8888.059012] alloc_cross_bitmap: preallocate 268435456 pg, nr_longs=4194304 in 12 millisec
[ 8888.059901] alloc_cross_bitmap: preallocate 268435456 pg, nr_longs=4194304 in 8 millisec
[ 8888.059987] alloc_cross_bitmap: preallocate 268435456 pg, nr_longs=4194304 in 12 millisec
[ 8888.060123] alloc_cross_bitmap: preallocate 268435456 pg, nr_longs=4194304 in 12 millisec
[ 8888.060943] alloc_cross_bitmap: preallocate 268435456 pg, nr_longs=4194304 in 4 millisec
[ 8888.061953] alloc_cross_bitmap: preallocate 268435456 pg, nr_longs=4194304 in 12 millisec
[ 8888.062023] alloc_cross_bitmap: preallocate 268435456 pg, nr_longs=4194304 in 12 millisec
[ 8888.062881] alloc_cross_bitmap: preallocate 268435456 pg, nr_longs=4194304 in 12 millisec
[ 8888.062969] alloc_cross_bitmap: preallocate 268435456 pg, nr_longs=4194304 in 12 millisec
[ 8888.063002] alloc_cross_bitmap: preallocate 268435456 pg, nr_longs=4194304 in 12 millisec
[ 8888.070182] alloc_cross_bitmap: preallocate 268435456 pg, nr_longs=4194304 in 4 millisec
[ 8888.070306] alloc_cross_bitmap: preallocate 268435456 pg, nr_longs=4194304 in 8 millisec
[ 8888.070941] alloc_cross_bitmap: preallocate 268435456 pg, nr_longs=4194304 in 4 millisec
[ 8888.072562] alloc_cross_bitmap: preallocate 268435456 pg, nr_longs=4194304 in 4 millisec
[ 8888.073795] alloc_cross_bitmap: preallocate 268435456 pg, nr_longs=4194304 in 4 millisec
[ 8888.087123] alloc_cross_bitmap: preallocate 268435456 pg, nr_longs=4194304 in 4 millisec
[ 8888.092657] alloc_cross_bitmap: preallocate 268435456 pg, nr_longs=4194304 in 8 millisec
[ 8888.092963] alloc_cross_bitmap: preallocate 268435456 pg, nr_longs=4194304 in 8 millisec
[ 8888.092967] alloc_cross_bitmap: preallocate 268435456 pg, nr_longs=4194304 in 4 millisec
[ 8888.093147] alloc_cross_bitmap: preallocate 268435456 pg, nr_longs=4194304 in 8 millisec
[ 8888.095080] alloc_cross_bitmap: preallocate 268435456 pg, nr_longs=4194304 in 12 millisec
[ 8888.097669] alloc_cross_bitmap: preallocate 268435456 pg, nr_longs=4194304 in 4 millisec
[ 8888.097863] alloc_cross_bitmap: preallocate 268435456 pg, nr_longs=4194304 in 4 millisec
[ 8888.098011] alloc_cross_bitmap: preallocate 268435456 pg, nr_longs=4194304 in 8 millisec
[ 8888.098151] alloc_cross_bitmap: preallocate 268435456 pg, nr_longs=4194304 in 8 millisec
[ 8888.098447] alloc_cross_bitmap: preallocate 268435456 pg, nr_longs=4194304 in 8 millisec
[ 8888.098745] alloc_cross_bitmap: preallocate 268435456 pg, nr_longs=4194304 in 8 millisec
[ 8888.099191] alloc_cross_bitmap: preallocate 268435456 pg, nr_longs=4194304 in 12 millisec
[ 8888.099298] alloc_cross_bitmap: preallocate 268435456 pg, nr_longs=4194304 in 12 millisec
[ 8888.099336] alloc_cross_bitmap: preallocate 268435456 pg, nr_longs=4194304 in 12 millisec
[ 8888.099673] alloc_cross_bitmap: preallocate 268435456 pg, nr_longs=4194304 in 4 millisec
[ 8888.108497] alloc_cross_bitmap: preallocate 268435456 pg, nr_longs=4194304 in 4 millisec
[ 8888.117353] alloc_cross_bitmap: preallocate 268435456 pg, nr_longs=4194304 in 4 millisec
[ 8888.119011] alloc_cross_bitmap: preallocate 268435456 pg, nr_longs=4194304 in 8 millisec
[ 8888.119095] alloc_cross_bitmap: preallocate 268435456 pg, nr_longs=4194304 in 8 millisec
[ 8888.122685] alloc_cross_bitmap: preallocate 268435456 pg, nr_longs=4194304 in 4 millisec
[ 8888.124428] alloc_cross_bitmap: preallocate 268435456 pg, nr_longs=4194304 in 4 millisec
[ 8888.126132] alloc_cross_bitmap: preallocate 268435456 pg, nr_longs=4194304 in 4 millisec
[ 8888.126380] alloc_cross_bitmap: preallocate 268435456 pg, nr_longs=4194304 in 8 millisec
[ 8888.126942] alloc_cross_bitmap: preallocate 268435456 pg, nr_longs=4194304 in 8 millisec
[ 8888.127517] alloc_cross_bitmap: preallocate 268435456 pg, nr_longs=4194304 in 4 millisec
[ 8888.130801] alloc_cross_bitmap: preallocate 268435456 pg, nr_longs=4194304 in 4 millisec
[ 8888.131356] alloc_cross_bitmap: preallocate 268435456 pg, nr_longs=4194304 in 8 millisec
[ 8888.131554] alloc_cross_bitmap: preallocate 268435456 pg, nr_longs=4194304 in 8 millisec
[ 8888.131581] alloc_cross_bitmap: preallocate 268435456 pg, nr_longs=4194304 in 8 millisec
[ 8888.132003] alloc_cross_bitmap: preallocate 268435456 pg, nr_longs=4194304 in 4 millisec
[ 8888.135190] alloc_cross_bitmap: preallocate 268435456 pg, nr_longs=4194304 in 4 millisec
[ 8888.135217] alloc_cross_bitmap: preallocate 268435456 pg, nr_longs=4194304 in 4 millisec
[ 8888.139858] alloc_cross_bitmap: preallocate 268435456 pg, nr_longs=4194304 in 4 millisec
[ 8888.179391] FinalTaskReport: db_bench:45801 - ra_orig_nr_pages:0, ra_final_nr_pages:0
                                        async_pages:1848, final_async_pages:2766
                                        full_pfetches:0, less256_pfetches:0, partial_pfetches:0
                                        failed_pfetches:0, total_pfetches:0, os_pfetches:118
                                        nr_pages_read:2746, nr_pages_hit:1721, nr_do_read_fault:173
[ 8888.371909] write_proc: Value of write = 0
[ 8888.371924] __do_sys_start_cross_trace: PRINT_GLOBAL_STATS 
[ 8888.371925] Final GlobalReport: nr_pages_read:13201358458, nr_pages_hit:12915804246, nr_do_read_fault:6890284, nr_pages_miss:103874257
[ 8888.371968] FinalTaskReport: time:45792 - ra_orig_nr_pages:0, ra_final_nr_pages:0
                                        async_pages:0, final_async_pages:25
                                        full_pfetches:0, less256_pfetches:0, partial_pfetches:0
                                        failed_pfetches:0, total_pfetches:0, os_pfetches:1
                                        nr_pages_read:0, nr_pages_hit:0, nr_do_read_fault:17
