ENABLE_FILE_STATS in con
ENABLE_FILE_STATS in con
RocksDB:    version 6.20
Date:       Wed Aug 10 18:27:23 2022
CPU:        48 * AMD EPYC 7402P 24-Core Processor
CPUCache:   512 KB
Get returned an error: Corruption: bad entry in block
Received signal 6 (Aborted)
num reads to do 2000000
Get returned an error: Corruption: bad entry in block
Get returned an error: Corruption: bad entry in block
Get returned an error: Corruption: bad entry in block
Get returned an error: Corruption: bad entry in block
Command terminated by signal 6
	Command being timed: "./db_bench --db=/users/kannan11/ssd/sudarsun/prefetching/appbench/apps/rocksdb/DATA --value_size=4096 --wal_dir=/users/kannan11/ssd/sudarsun/prefetching/appbench/apps/rocksdb/DATA/WAL_LOG --sync=0 --key_size=1000 --write_buffer_size=67108864 --num=2000000 --benchmarks=readwhilescanning --use_existing_db=1 --mmap_read=0 --threads=8"
	User time (seconds): 0.26
	System time (seconds): 6.05
	Percent of CPU this job got: 901%
	Elapsed (wall clock) time (h:mm:ss or m:ss): 0:00.70
	Average shared text size (kbytes): 0
	Average unshared data size (kbytes): 0
	Average stack size (kbytes): 0
	Average total size (kbytes): 0
	Maximum resident set size (kbytes): 6206808
	Average resident set size (kbytes): 0
	Major (requiring I/O) page faults: 80
	Minor (reclaiming a frame) page faults: 1550223
	Voluntary context switches: 4149
	Involuntary context switches: 9
	Swaps: 0
	File system inputs: 126680
	File system outputs: 1656
	Socket messages sent: 0
	Socket messages received: 0
	Signals delivered: 0
	Page size (bytes): 4096
	Exit status: 0
DESTRUCTOR GETTING CALLED 
PRINT_GLOBAL_STATS in dest
[ 8926.702594] free_cross_bitmap: releasing mem for inode with i_count 2
[ 8926.709816] free_cross_bitmap: releasing mem for inode with i_count 2
[ 8926.717016] free_cross_bitmap: releasing mem for inode with i_count 2
[ 8926.723975] free_cross_bitmap: releasing mem for inode with i_count 2
[ 8926.730929] free_cross_bitmap: releasing mem for inode with i_count 2
[ 8926.738234] free_cross_bitmap: releasing mem for inode with i_count 2
[ 8926.745192] free_cross_bitmap: releasing mem for inode with i_count 2
[ 8926.752150] free_cross_bitmap: releasing mem for inode with i_count 2
[ 8926.759084] free_cross_bitmap: releasing mem for inode with i_count 2
[ 8926.766044] free_cross_bitmap: releasing mem for inode with i_count 2
[ 8926.772955] free_cross_bitmap: releasing mem for inode with i_count 2
[ 8926.780302] free_cross_bitmap: releasing mem for inode with i_count 2
[ 8926.787246] free_cross_bitmap: releasing mem for inode with i_count 2
[ 8926.794468] free_cross_bitmap: releasing mem for inode with i_count 2
[ 8926.801442] free_cross_bitmap: releasing mem for inode with i_count 2
[ 8926.808590] free_cross_bitmap: releasing mem for inode with i_count 2
[ 8926.815617] free_cross_bitmap: releasing mem for inode with i_count 2
[ 8926.823111] free_cross_bitmap: releasing mem for inode with i_count 2
[ 8926.830065] free_cross_bitmap: releasing mem for inode with i_count 2
[ 8926.837038] free_cross_bitmap: releasing mem for inode with i_count 2
[ 8926.844165] free_cross_bitmap: releasing mem for inode with i_count 2
[ 8926.851354] free_cross_bitmap: releasing mem for inode with i_count 2
[ 8926.858356] free_cross_bitmap: releasing mem for inode with i_count 2
[ 8926.865794] free_cross_bitmap: releasing mem for inode with i_count 2
[ 8926.872787] free_cross_bitmap: releasing mem for inode with i_count 2
[ 8926.879694] free_cross_bitmap: releasing mem for inode with i_count 2
[ 8926.886737] free_cross_bitmap: releasing mem for inode with i_count 2
[ 8926.893802] free_cross_bitmap: releasing mem for inode with i_count 2
[ 8926.900810] free_cross_bitmap: releasing mem for inode with i_count 2
[ 8926.908009] free_cross_bitmap: releasing mem for inode with i_count 2
[ 8926.915132] free_cross_bitmap: releasing mem for inode with i_count 2
[ 8926.922290] free_cross_bitmap: releasing mem for inode with i_count 2
[ 8926.929497] free_cross_bitmap: releasing mem for inode with i_count 2
[ 8926.936472] free_cross_bitmap: releasing mem for inode with i_count 2
[ 8926.943585] free_cross_bitmap: releasing mem for inode with i_count 2
[ 8926.951215] free_cross_bitmap: releasing mem for inode with i_count 2
[ 8926.958334] free_cross_bitmap: releasing mem for inode with i_count 2
[ 8926.965286] free_cross_bitmap: releasing mem for inode with i_count 2
[ 8926.972426] free_cross_bitmap: releasing mem for inode with i_count 2
[ 8926.979381] free_cross_bitmap: releasing mem for inode with i_count 2
[ 8926.986351] free_cross_bitmap: releasing mem for inode with i_count 2
[ 8926.993710] free_cross_bitmap: releasing mem for inode with i_count 2
[ 8927.000695] free_cross_bitmap: releasing mem for inode with i_count 2
[ 8927.007644] free_cross_bitmap: releasing mem for inode with i_count 2
[ 8927.014622] free_cross_bitmap: releasing mem for inode with i_count 2
[ 8927.021595] free_cross_bitmap: releasing mem for inode with i_count 2
[ 8927.028533] free_cross_bitmap: releasing mem for inode with i_count 2
[ 8927.035816] free_cross_bitmap: releasing mem for inode with i_count 2
[ 8927.042815] free_cross_bitmap: releasing mem for inode with i_count 2
[ 8927.049777] free_cross_bitmap: releasing mem for inode with i_count 2
[ 8927.056767] free_cross_bitmap: releasing mem for inode with i_count 2
[ 8927.063735] free_cross_bitmap: releasing mem for inode with i_count 2
[ 8927.070717] free_cross_bitmap: releasing mem for inode with i_count 2
[ 8927.078301] free_cross_bitmap: releasing mem for inode with i_count 2
[ 8927.085212] free_cross_bitmap: releasing mem for inode with i_count 2
[ 8927.092215] free_cross_bitmap: releasing mem for inode with i_count 2
[ 8927.099200] free_cross_bitmap: releasing mem for inode with i_count 2
[ 8927.106202] free_cross_bitmap: releasing mem for inode with i_count 2
[ 8927.113221] free_cross_bitmap: releasing mem for inode with i_count 2
[ 8927.120480] free_cross_bitmap: releasing mem for inode with i_count 2
[ 8927.127452] free_cross_bitmap: releasing mem for inode with i_count 2
[ 8927.134438] free_cross_bitmap: releasing mem for inode with i_count 2
[ 8927.141377] free_cross_bitmap: releasing mem for inode with i_count 2
[ 8927.148367] free_cross_bitmap: releasing mem for inode with i_count 2
[ 8927.155307] free_cross_bitmap: releasing mem for inode with i_count 2
[ 8927.162605] free_cross_bitmap: releasing mem for inode with i_count 2
[ 8927.169564] free_cross_bitmap: releasing mem for inode with i_count 2
[ 8927.176470] free_cross_bitmap: releasing mem for inode with i_count 2
[ 8927.183442] free_cross_bitmap: releasing mem for inode with i_count 2
[ 8927.190361] free_cross_bitmap: releasing mem for inode with i_count 2
[ 8927.197311] free_cross_bitmap: releasing mem for inode with i_count 2
[ 8927.204570] free_cross_bitmap: releasing mem for inode with i_count 2
[ 8927.211496] free_cross_bitmap: releasing mem for inode with i_count 2
[ 8927.218445] free_cross_bitmap: releasing mem for inode with i_count 2
[ 8927.225341] free_cross_bitmap: releasing mem for inode with i_count 2
[ 8927.232254] free_cross_bitmap: releasing mem for inode with i_count 2
[ 8927.239190] free_cross_bitmap: releasing mem for inode with i_count 2
[ 8927.246533] free_cross_bitmap: releasing mem for inode with i_count 2
[ 8927.253492] free_cross_bitmap: releasing mem for inode with i_count 2
[ 8927.260451] free_cross_bitmap: releasing mem for inode with i_count 2
[ 8927.267416] free_cross_bitmap: releasing mem for inode with i_count 2
[ 8927.274349] free_cross_bitmap: releasing mem for inode with i_count 2
[ 8927.281273] free_cross_bitmap: releasing mem for inode with i_count 2
[ 8927.288666] free_cross_bitmap: releasing mem for inode with i_count 2
[ 8927.295610] free_cross_bitmap: releasing mem for inode with i_count 2
[ 8927.302569] free_cross_bitmap: releasing mem for inode with i_count 2
[ 8927.309458] free_cross_bitmap: releasing mem for inode with i_count 2
[ 8927.316424] free_cross_bitmap: releasing mem for inode with i_count 2
[ 8927.323388] free_cross_bitmap: releasing mem for inode with i_count 2
[ 8927.330644] free_cross_bitmap: releasing mem for inode with i_count 2
[ 8927.337618] free_cross_bitmap: releasing mem for inode with i_count 2
[ 8927.344544] free_cross_bitmap: releasing mem for inode with i_count 2
[ 8927.351483] free_cross_bitmap: releasing mem for inode with i_count 2
[ 8927.358447] free_cross_bitmap: releasing mem for inode with i_count 2
[ 8927.365404] free_cross_bitmap: releasing mem for inode with i_count 2
[ 8927.372927] free_cross_bitmap: releasing mem for inode with i_count 2
[ 8927.379908] free_cross_bitmap: releasing mem for inode with i_count 2
[ 8927.386858] free_cross_bitmap: releasing mem for inode with i_count 2
[ 8927.393784] free_cross_bitmap: releasing mem for inode with i_count 2
[ 8927.400723] free_cross_bitmap: releasing mem for inode with i_count 2
[ 8927.407727] free_cross_bitmap: releasing mem for inode with i_count 2
[ 8927.415025] free_cross_bitmap: releasing mem for inode with i_count 2
[ 8927.421925] free_cross_bitmap: releasing mem for inode with i_count 2
[ 8927.428910] free_cross_bitmap: releasing mem for inode with i_count 2
[ 8927.435882] free_cross_bitmap: releasing mem for inode with i_count 2
[ 8927.442891] free_cross_bitmap: releasing mem for inode with i_count 2
[ 8927.449881] free_cross_bitmap: releasing mem for inode with i_count 2
[ 8927.457185] free_cross_bitmap: releasing mem for inode with i_count 2
[ 8927.464170] free_cross_bitmap: releasing mem for inode with i_count 2
[ 8927.471095] free_cross_bitmap: releasing mem for inode with i_count 2
[ 8927.478064] free_cross_bitmap: releasing mem for inode with i_count 2
[ 8927.485039] free_cross_bitmap: releasing mem for inode with i_count 2
[ 8927.491992] free_cross_bitmap: releasing mem for inode with i_count 2
[ 8927.499305] free_cross_bitmap: releasing mem for inode with i_count 2
[ 8927.506200] free_cross_bitmap: releasing mem for inode with i_count 2
[ 8927.513153] free_cross_bitmap: releasing mem for inode with i_count 2
[ 8927.520030] free_cross_bitmap: releasing mem for inode with i_count 2
[ 8927.527087] free_cross_bitmap: releasing mem for inode with i_count 2
[ 8927.534039] free_cross_bitmap: releasing mem for inode with i_count 2
[ 8927.541336] free_cross_bitmap: releasing mem for inode with i_count 2
[ 8927.548301] free_cross_bitmap: releasing mem for inode with i_count 2
[ 8927.555248] free_cross_bitmap: releasing mem for inode with i_count 2
[ 8927.562166] free_cross_bitmap: releasing mem for inode with i_count 2
[ 8927.569088] free_cross_bitmap: releasing mem for inode with i_count 2
[ 8927.576036] free_cross_bitmap: releasing mem for inode with i_count 2
[ 8927.583313] free_cross_bitmap: releasing mem for inode with i_count 2
[ 8927.590251] free_cross_bitmap: releasing mem for inode with i_count 2
[ 8927.597178] free_cross_bitmap: releasing mem for inode with i_count 2
[ 8927.604129] free_cross_bitmap: releasing mem for inode with i_count 2
[ 8927.611063] free_cross_bitmap: releasing mem for inode with i_count 2
[ 8927.617973] free_cross_bitmap: releasing mem for inode with i_count 2
[ 8927.625272] free_cross_bitmap: releasing mem for inode with i_count 2
[ 8927.632214] free_cross_bitmap: releasing mem for inode with i_count 2
[ 8927.639138] free_cross_bitmap: releasing mem for inode with i_count 2
[ 8927.646093] free_cross_bitmap: releasing mem for inode with i_count 2
[ 8927.653006] free_cross_bitmap: releasing mem for inode with i_count 2
[ 8927.659957] free_cross_bitmap: releasing mem for inode with i_count 2
[ 8927.667304] free_cross_bitmap: releasing mem for inode with i_count 2
[ 8927.674250] free_cross_bitmap: releasing mem for inode with i_count 2
[ 8927.681196] free_cross_bitmap: releasing mem for inode with i_count 2
[ 8927.688121] free_cross_bitmap: releasing mem for inode with i_count 2
[ 8927.695063] free_cross_bitmap: releasing mem for inode with i_count 2
[ 8927.702002] free_cross_bitmap: releasing mem for inode with i_count 2
[ 8927.709505] free_cross_bitmap: releasing mem for inode with i_count 2
[ 8927.716437] free_cross_bitmap: releasing mem for inode with i_count 2
[ 8927.723333] free_cross_bitmap: releasing mem for inode with i_count 2
[ 8927.730249] free_cross_bitmap: releasing mem for inode with i_count 2
[ 8927.737143] free_cross_bitmap: releasing mem for inode with i_count 2
[ 8927.744062] free_cross_bitmap: releasing mem for inode with i_count 2
[ 8927.751451] free_cross_bitmap: releasing mem for inode with i_count 2
[ 8927.758379] free_cross_bitmap: releasing mem for inode with i_count 2
[ 8927.765316] free_cross_bitmap: releasing mem for inode with i_count 2
[ 8927.772227] free_cross_bitmap: releasing mem for inode with i_count 2
[ 8927.779117] free_cross_bitmap: releasing mem for inode with i_count 2
[ 8927.786057] free_cross_bitmap: releasing mem for inode with i_count 2
[ 8927.793562] free_cross_bitmap: releasing mem for inode with i_count 2
[ 8927.800487] free_cross_bitmap: releasing mem for inode with i_count 2
[ 8927.807385] free_cross_bitmap: releasing mem for inode with i_count 2
[ 8927.814312] free_cross_bitmap: releasing mem for inode with i_count 2
[ 8927.821264] free_cross_bitmap: releasing mem for inode with i_count 2
[ 8927.828166] free_cross_bitmap: releasing mem for inode with i_count 2
[ 8927.835631] free_cross_bitmap: releasing mem for inode with i_count 2
[ 8927.842550] free_cross_bitmap: releasing mem for inode with i_count 2
[ 8927.849444] free_cross_bitmap: releasing mem for inode with i_count 2
[ 8927.856398] free_cross_bitmap: releasing mem for inode with i_count 2
[ 8927.863315] free_cross_bitmap: releasing mem for inode with i_count 2
[ 8927.870237] free_cross_bitmap: releasing mem for inode with i_count 2
[ 8927.877632] free_cross_bitmap: releasing mem for inode with i_count 2
[ 8927.884529] free_cross_bitmap: releasing mem for inode with i_count 2
[ 8927.891432] free_cross_bitmap: releasing mem for inode with i_count 2
[ 8927.898356] free_cross_bitmap: releasing mem for inode with i_count 2
[ 8927.905231] free_cross_bitmap: releasing mem for inode with i_count 2
[ 8927.912141] free_cross_bitmap: releasing mem for inode with i_count 2
[ 8927.919463] free_cross_bitmap: releasing mem for inode with i_count 2
[ 8927.926405] free_cross_bitmap: releasing mem for inode with i_count 2
[ 8927.933323] free_cross_bitmap: releasing mem for inode with i_count 2
[ 8927.940212] free_cross_bitmap: releasing mem for inode with i_count 2
[ 8927.947128] free_cross_bitmap: releasing mem for inode with i_count 2
[ 8927.954057] free_cross_bitmap: releasing mem for inode with i_count 2
[ 8927.961341] free_cross_bitmap: releasing mem for inode with i_count 2
[ 8927.968243] free_cross_bitmap: releasing mem for inode with i_count 2
[ 8927.975141] free_cross_bitmap: releasing mem for inode with i_count 2
[ 8927.982044] free_cross_bitmap: releasing mem for inode with i_count 2
[ 8927.988925] free_cross_bitmap: releasing mem for inode with i_count 2
[ 8927.995859] free_cross_bitmap: releasing mem for inode with i_count 2
[ 8928.004923] free_cross_bitmap: releasing mem for inode with i_count 2
[ 8928.012124] sh (47066): drop_caches: 3
[ 8928.043105] sh (47257): drop_caches: 3
[ 8933.067465] Enabled file stats for time:47264
[ 8933.067656] write_proc: Value of write = 0
[ 8933.072504] Enabled file stats for db_bench:47273
[ 8933.072694] write_proc: Value of write = 0
[ 8933.126564] alloc_cross_bitmap: preallocate 268435456 pg, nr_longs=4194304 in 16 millisec
[ 8933.127591] alloc_cross_bitmap: preallocate 268435456 pg, nr_longs=4194304 in 16 millisec
[ 8933.128451] alloc_cross_bitmap: preallocate 268435456 pg, nr_longs=4194304 in 16 millisec
[ 8933.128496] alloc_cross_bitmap: preallocate 268435456 pg, nr_longs=4194304 in 16 millisec
[ 8933.128532] alloc_cross_bitmap: preallocate 268435456 pg, nr_longs=4194304 in 16 millisec
[ 8933.128837] alloc_cross_bitmap: preallocate 268435456 pg, nr_longs=4194304 in 16 millisec
[ 8933.129097] alloc_cross_bitmap: preallocate 268435456 pg, nr_longs=4194304 in 16 millisec
[ 8933.129293] alloc_cross_bitmap: preallocate 268435456 pg, nr_longs=4194304 in 16 millisec
[ 8933.129388] alloc_cross_bitmap: preallocate 268435456 pg, nr_longs=4194304 in 16 millisec
[ 8933.129427] alloc_cross_bitmap: preallocate 268435456 pg, nr_longs=4194304 in 16 millisec
[ 8933.129496] alloc_cross_bitmap: preallocate 268435456 pg, nr_longs=4194304 in 16 millisec
[ 8933.129895] alloc_cross_bitmap: preallocate 268435456 pg, nr_longs=4194304 in 16 millisec
[ 8933.129924] alloc_cross_bitmap: preallocate 268435456 pg, nr_longs=4194304 in 16 millisec
[ 8933.131378] alloc_cross_bitmap: preallocate 268435456 pg, nr_longs=4194304 in 20 millisec
[ 8933.131399] alloc_cross_bitmap: preallocate 268435456 pg, nr_longs=4194304 in 20 millisec
[ 8933.131493] alloc_cross_bitmap: preallocate 268435456 pg, nr_longs=4194304 in 20 millisec
[ 8933.155719] alloc_cross_bitmap: preallocate 268435456 pg, nr_longs=4194304 in 4 millisec
[ 8933.156380] alloc_cross_bitmap: preallocate 268435456 pg, nr_longs=4194304 in 4 millisec
[ 8933.160341] alloc_cross_bitmap: preallocate 268435456 pg, nr_longs=4194304 in 4 millisec
[ 8933.162159] alloc_cross_bitmap: preallocate 268435456 pg, nr_longs=4194304 in 4 millisec
[ 8933.163213] alloc_cross_bitmap: preallocate 268435456 pg, nr_longs=4194304 in 8 millisec
[ 8933.164386] alloc_cross_bitmap: preallocate 268435456 pg, nr_longs=4194304 in 8 millisec
[ 8933.164862] alloc_cross_bitmap: preallocate 268435456 pg, nr_longs=4194304 in 8 millisec
[ 8933.165869] alloc_cross_bitmap: preallocate 268435456 pg, nr_longs=4194304 in 8 millisec
[ 8933.165919] alloc_cross_bitmap: preallocate 268435456 pg, nr_longs=4194304 in 8 millisec
[ 8933.166229] alloc_cross_bitmap: preallocate 268435456 pg, nr_longs=4194304 in 8 millisec
[ 8933.166240] alloc_cross_bitmap: preallocate 268435456 pg, nr_longs=4194304 in 8 millisec
[ 8933.168472] alloc_cross_bitmap: preallocate 268435456 pg, nr_longs=4194304 in 12 millisec
[ 8933.168481] alloc_cross_bitmap: preallocate 268435456 pg, nr_longs=4194304 in 12 millisec
[ 8933.168500] alloc_cross_bitmap: preallocate 268435456 pg, nr_longs=4194304 in 12 millisec
[ 8933.176304] alloc_cross_bitmap: preallocate 268435456 pg, nr_longs=4194304 in 4 millisec
[ 8933.177179] alloc_cross_bitmap: preallocate 268435456 pg, nr_longs=4194304 in 4 millisec
[ 8933.183674] alloc_cross_bitmap: preallocate 268435456 pg, nr_longs=4194304 in 4 millisec
[ 8933.190032] alloc_cross_bitmap: preallocate 268435456 pg, nr_longs=4194304 in 0 millisec
[ 8933.192990] alloc_cross_bitmap: preallocate 268435456 pg, nr_longs=4194304 in 4 millisec
[ 8933.194241] alloc_cross_bitmap: preallocate 268435456 pg, nr_longs=4194304 in 0 millisec
[ 8933.196909] alloc_cross_bitmap: preallocate 268435456 pg, nr_longs=4194304 in 4 millisec
[ 8933.197509] alloc_cross_bitmap: preallocate 268435456 pg, nr_longs=4194304 in 4 millisec
[ 8933.197983] alloc_cross_bitmap: preallocate 268435456 pg, nr_longs=4194304 in 4 millisec
[ 8933.198550] alloc_cross_bitmap: preallocate 268435456 pg, nr_longs=4194304 in 8 millisec
[ 8933.201659] alloc_cross_bitmap: preallocate 268435456 pg, nr_longs=4194304 in 8 millisec
[ 8933.202199] alloc_cross_bitmap: preallocate 268435456 pg, nr_longs=4194304 in 4 millisec
[ 8933.202308] alloc_cross_bitmap: preallocate 268435456 pg, nr_longs=4194304 in 8 millisec
[ 8933.204396] alloc_cross_bitmap: preallocate 268435456 pg, nr_longs=4194304 in 4 millisec
[ 8933.205340] alloc_cross_bitmap: preallocate 268435456 pg, nr_longs=4194304 in 4 millisec
[ 8933.205626] alloc_cross_bitmap: preallocate 268435456 pg, nr_longs=4194304 in 4 millisec
[ 8933.209180] alloc_cross_bitmap: preallocate 268435456 pg, nr_longs=4194304 in 4 millisec
[ 8933.209217] alloc_cross_bitmap: preallocate 268435456 pg, nr_longs=4194304 in 4 millisec
[ 8933.212128] alloc_cross_bitmap: preallocate 268435456 pg, nr_longs=4194304 in 4 millisec
[ 8933.213306] alloc_cross_bitmap: preallocate 268435456 pg, nr_longs=4194304 in 4 millisec
[ 8933.216049] alloc_cross_bitmap: preallocate 268435456 pg, nr_longs=4194304 in 4 millisec
[ 8933.216288] alloc_cross_bitmap: preallocate 268435456 pg, nr_longs=4194304 in 4 millisec
[ 8933.216410] alloc_cross_bitmap: preallocate 268435456 pg, nr_longs=4194304 in 4 millisec
[ 8933.264321] alloc_cross_bitmap: preallocate 268435456 pg, nr_longs=4194304 in 8 millisec
[ 8933.265325] alloc_cross_bitmap: preallocate 268435456 pg, nr_longs=4194304 in 8 millisec
[ 8933.265354] alloc_cross_bitmap: preallocate 268435456 pg, nr_longs=4194304 in 8 millisec
[ 8933.266128] alloc_cross_bitmap: preallocate 268435456 pg, nr_longs=4194304 in 8 millisec
[ 8933.266870] alloc_cross_bitmap: preallocate 268435456 pg, nr_longs=4194304 in 12 millisec
[ 8933.266938] alloc_cross_bitmap: preallocate 268435456 pg, nr_longs=4194304 in 12 millisec
[ 8933.267183] alloc_cross_bitmap: preallocate 268435456 pg, nr_longs=4194304 in 12 millisec
[ 8933.268327] alloc_cross_bitmap: preallocate 268435456 pg, nr_longs=4194304 in 12 millisec
[ 8933.268336] alloc_cross_bitmap: preallocate 268435456 pg, nr_longs=4194304 in 12 millisec
[ 8933.268344] alloc_cross_bitmap: preallocate 268435456 pg, nr_longs=4194304 in 12 millisec
[ 8933.268369] alloc_cross_bitmap: preallocate 268435456 pg, nr_longs=4194304 in 12 millisec
[ 8933.268395] alloc_cross_bitmap: preallocate 268435456 pg, nr_longs=4194304 in 12 millisec
[ 8933.268396] alloc_cross_bitmap: preallocate 268435456 pg, nr_longs=4194304 in 12 millisec
[ 8933.268399] alloc_cross_bitmap: preallocate 268435456 pg, nr_longs=4194304 in 12 millisec
[ 8933.268413] alloc_cross_bitmap: preallocate 268435456 pg, nr_longs=4194304 in 12 millisec
[ 8933.292374] alloc_cross_bitmap: preallocate 268435456 pg, nr_longs=4194304 in 4 millisec
[ 8933.294584] alloc_cross_bitmap: preallocate 268435456 pg, nr_longs=4194304 in 8 millisec
[ 8933.296638] alloc_cross_bitmap: preallocate 268435456 pg, nr_longs=4194304 in 4 millisec
[ 8933.296978] alloc_cross_bitmap: preallocate 268435456 pg, nr_longs=4194304 in 4 millisec
[ 8933.297740] alloc_cross_bitmap: preallocate 268435456 pg, nr_longs=4194304 in 4 millisec
[ 8933.298093] alloc_cross_bitmap: preallocate 268435456 pg, nr_longs=4194304 in 4 millisec
[ 8933.299933] alloc_cross_bitmap: preallocate 268435456 pg, nr_longs=4194304 in 8 millisec
[ 8933.299978] alloc_cross_bitmap: preallocate 268435456 pg, nr_longs=4194304 in 8 millisec
[ 8933.301801] alloc_cross_bitmap: preallocate 268435456 pg, nr_longs=4194304 in 4 millisec
[ 8933.303723] alloc_cross_bitmap: preallocate 268435456 pg, nr_longs=4194304 in 8 millisec
[ 8933.303934] alloc_cross_bitmap: preallocate 268435456 pg, nr_longs=4194304 in 8 millisec
[ 8933.304039] alloc_cross_bitmap: preallocate 268435456 pg, nr_longs=4194304 in 8 millisec
[ 8933.305106] alloc_cross_bitmap: preallocate 268435456 pg, nr_longs=4194304 in 8 millisec
[ 8933.305147] alloc_cross_bitmap: preallocate 268435456 pg, nr_longs=4194304 in 8 millisec
[ 8933.305164] alloc_cross_bitmap: preallocate 268435456 pg, nr_longs=4194304 in 8 millisec
[ 8933.305191] alloc_cross_bitmap: preallocate 268435456 pg, nr_longs=4194304 in 8 millisec
[ 8933.315697] alloc_cross_bitmap: preallocate 268435456 pg, nr_longs=4194304 in 4 millisec
[ 8933.318965] alloc_cross_bitmap: preallocate 268435456 pg, nr_longs=4194304 in 4 millisec
[ 8933.322562] alloc_cross_bitmap: preallocate 268435456 pg, nr_longs=4194304 in 8 millisec
[ 8933.323082] alloc_cross_bitmap: preallocate 268435456 pg, nr_longs=4194304 in 8 millisec
[ 8933.324446] alloc_cross_bitmap: preallocate 268435456 pg, nr_longs=4194304 in 4 millisec
[ 8933.328007] alloc_cross_bitmap: preallocate 268435456 pg, nr_longs=4194304 in 4 millisec
[ 8933.328483] alloc_cross_bitmap: preallocate 268435456 pg, nr_longs=4194304 in 4 millisec
[ 8933.330086] alloc_cross_bitmap: preallocate 268435456 pg, nr_longs=4194304 in 4 millisec
[ 8933.334019] alloc_cross_bitmap: preallocate 268435456 pg, nr_longs=4194304 in 4 millisec
[ 8933.334242] alloc_cross_bitmap: preallocate 268435456 pg, nr_longs=4194304 in 4 millisec
[ 8933.335302] alloc_cross_bitmap: preallocate 268435456 pg, nr_longs=4194304 in 8 millisec
[ 8933.338201] alloc_cross_bitmap: preallocate 268435456 pg, nr_longs=4194304 in 4 millisec
[ 8933.338525] alloc_cross_bitmap: preallocate 268435456 pg, nr_longs=4194304 in 8 millisec
[ 8933.338686] alloc_cross_bitmap: preallocate 268435456 pg, nr_longs=4194304 in 8 millisec
[ 8933.338765] alloc_cross_bitmap: preallocate 268435456 pg, nr_longs=4194304 in 8 millisec
[ 8933.341732] alloc_cross_bitmap: preallocate 268435456 pg, nr_longs=4194304 in 4 millisec
[ 8933.346850] alloc_cross_bitmap: preallocate 268435456 pg, nr_longs=4194304 in 8 millisec
[ 8933.346933] alloc_cross_bitmap: preallocate 268435456 pg, nr_longs=4194304 in 8 millisec
[ 8933.348798] alloc_cross_bitmap: preallocate 268435456 pg, nr_longs=4194304 in 4 millisec
[ 8933.353621] alloc_cross_bitmap: preallocate 268435456 pg, nr_longs=4194304 in 4 millisec
[ 8933.354367] alloc_cross_bitmap: preallocate 268435456 pg, nr_longs=4194304 in 4 millisec
[ 8933.355484] alloc_cross_bitmap: preallocate 268435456 pg, nr_longs=4194304 in 4 millisec
[ 8933.361686] alloc_cross_bitmap: preallocate 268435456 pg, nr_longs=4194304 in 4 millisec
[ 8933.361893] alloc_cross_bitmap: preallocate 268435456 pg, nr_longs=4194304 in 4 millisec
[ 8933.362967] alloc_cross_bitmap: preallocate 268435456 pg, nr_longs=4194304 in 8 millisec
[ 8933.363334] alloc_cross_bitmap: preallocate 268435456 pg, nr_longs=4194304 in 8 millisec
[ 8933.363696] alloc_cross_bitmap: preallocate 268435456 pg, nr_longs=4194304 in 4 millisec
[ 8933.364276] alloc_cross_bitmap: preallocate 268435456 pg, nr_longs=4194304 in 4 millisec
[ 8933.365317] alloc_cross_bitmap: preallocate 268435456 pg, nr_longs=4194304 in 4 millisec
[ 8933.365351] alloc_cross_bitmap: preallocate 268435456 pg, nr_longs=4194304 in 4 millisec
[ 8933.419302] alloc_cross_bitmap: preallocate 268435456 pg, nr_longs=4194304 in 8 millisec
[ 8933.421977] alloc_cross_bitmap: preallocate 268435456 pg, nr_longs=4194304 in 8 millisec
[ 8933.422239] alloc_cross_bitmap: preallocate 268435456 pg, nr_longs=4194304 in 8 millisec
[ 8933.422991] alloc_cross_bitmap: preallocate 268435456 pg, nr_longs=4194304 in 12 millisec
[ 8933.422997] alloc_cross_bitmap: preallocate 268435456 pg, nr_longs=4194304 in 12 millisec
[ 8933.423025] alloc_cross_bitmap: preallocate 268435456 pg, nr_longs=4194304 in 12 millisec
[ 8933.423103] alloc_cross_bitmap: preallocate 268435456 pg, nr_longs=4194304 in 12 millisec
[ 8933.423334] alloc_cross_bitmap: preallocate 268435456 pg, nr_longs=4194304 in 12 millisec
[ 8933.423461] alloc_cross_bitmap: preallocate 268435456 pg, nr_longs=4194304 in 12 millisec
[ 8933.423544] alloc_cross_bitmap: preallocate 268435456 pg, nr_longs=4194304 in 12 millisec
[ 8933.423689] alloc_cross_bitmap: preallocate 268435456 pg, nr_longs=4194304 in 12 millisec
[ 8933.424169] alloc_cross_bitmap: preallocate 268435456 pg, nr_longs=4194304 in 12 millisec
[ 8933.424208] alloc_cross_bitmap: preallocate 268435456 pg, nr_longs=4194304 in 12 millisec
[ 8933.424213] alloc_cross_bitmap: preallocate 268435456 pg, nr_longs=4194304 in 12 millisec
[ 8933.424235] alloc_cross_bitmap: preallocate 268435456 pg, nr_longs=4194304 in 12 millisec
[ 8933.446964] alloc_cross_bitmap: preallocate 268435456 pg, nr_longs=4194304 in 4 millisec
[ 8933.451770] alloc_cross_bitmap: preallocate 268435456 pg, nr_longs=4194304 in 4 millisec
[ 8933.453655] alloc_cross_bitmap: preallocate 268435456 pg, nr_longs=4194304 in 4 millisec
[ 8933.458328] alloc_cross_bitmap: preallocate 268435456 pg, nr_longs=4194304 in 8 millisec
[ 8933.458839] alloc_cross_bitmap: preallocate 268435456 pg, nr_longs=4194304 in 8 millisec
[ 8933.459285] alloc_cross_bitmap: preallocate 268435456 pg, nr_longs=4194304 in 8 millisec
[ 8933.461455] alloc_cross_bitmap: preallocate 268435456 pg, nr_longs=4194304 in 8 millisec
[ 8933.461485] alloc_cross_bitmap: preallocate 268435456 pg, nr_longs=4194304 in 8 millisec
[ 8933.461520] alloc_cross_bitmap: preallocate 268435456 pg, nr_longs=4194304 in 8 millisec
[ 8933.461588] alloc_cross_bitmap: preallocate 268435456 pg, nr_longs=4194304 in 8 millisec
[ 8933.462131] alloc_cross_bitmap: preallocate 268435456 pg, nr_longs=4194304 in 8 millisec
[ 8933.462143] alloc_cross_bitmap: preallocate 268435456 pg, nr_longs=4194304 in 8 millisec
[ 8933.462500] alloc_cross_bitmap: preallocate 268435456 pg, nr_longs=4194304 in 12 millisec
[ 8933.462536] alloc_cross_bitmap: preallocate 268435456 pg, nr_longs=4194304 in 12 millisec
[ 8933.462633] alloc_cross_bitmap: preallocate 268435456 pg, nr_longs=4194304 in 12 millisec
[ 8933.462649] alloc_cross_bitmap: preallocate 268435456 pg, nr_longs=4194304 in 12 millisec
[ 8933.468244] alloc_cross_bitmap: preallocate 268435456 pg, nr_longs=4194304 in 4 millisec
[ 8933.476559] alloc_cross_bitmap: preallocate 268435456 pg, nr_longs=4194304 in 4 millisec
[ 8933.479738] alloc_cross_bitmap: preallocate 268435456 pg, nr_longs=4194304 in 4 millisec
[ 8933.487668] alloc_cross_bitmap: preallocate 268435456 pg, nr_longs=4194304 in 4 millisec
[ 8933.488400] alloc_cross_bitmap: preallocate 268435456 pg, nr_longs=4194304 in 4 millisec
[ 8933.489471] alloc_cross_bitmap: preallocate 268435456 pg, nr_longs=4194304 in 4 millisec
[ 8933.495653] alloc_cross_bitmap: preallocate 268435456 pg, nr_longs=4194304 in 8 millisec
[ 8933.498912] alloc_cross_bitmap: preallocate 268435456 pg, nr_longs=4194304 in 12 millisec
[ 8933.499013] alloc_cross_bitmap: preallocate 268435456 pg, nr_longs=4194304 in 8 millisec
[ 8933.499025] alloc_cross_bitmap: preallocate 268435456 pg, nr_longs=4194304 in 12 millisec
[ 8933.499046] alloc_cross_bitmap: preallocate 268435456 pg, nr_longs=4194304 in 12 millisec
[ 8933.499171] alloc_cross_bitmap: preallocate 268435456 pg, nr_longs=4194304 in 12 millisec
[ 8933.499364] alloc_cross_bitmap: preallocate 268435456 pg, nr_longs=4194304 in 12 millisec
[ 8933.499481] alloc_cross_bitmap: preallocate 268435456 pg, nr_longs=4194304 in 12 millisec
[ 8933.499572] alloc_cross_bitmap: preallocate 268435456 pg, nr_longs=4194304 in 12 millisec
[ 8933.499674] alloc_cross_bitmap: preallocate 268435456 pg, nr_longs=4194304 in 12 millisec
[ 8933.499679] alloc_cross_bitmap: preallocate 268435456 pg, nr_longs=4194304 in 12 millisec
[ 8933.502391] alloc_cross_bitmap: preallocate 268435456 pg, nr_longs=4194304 in 4 millisec
[ 8933.503363] alloc_cross_bitmap: preallocate 268435456 pg, nr_longs=4194304 in 4 millisec
[ 8933.509575] alloc_cross_bitmap: preallocate 268435456 pg, nr_longs=4194304 in 4 millisec
[ 8933.510723] alloc_cross_bitmap: preallocate 268435456 pg, nr_longs=4194304 in 4 millisec
[ 8933.511865] alloc_cross_bitmap: preallocate 268435456 pg, nr_longs=4194304 in 4 millisec
[ 8933.529530] alloc_cross_bitmap: preallocate 268435456 pg, nr_longs=4194304 in 8 millisec
[ 8933.529664] alloc_cross_bitmap: preallocate 268435456 pg, nr_longs=4194304 in 4 millisec
[ 8933.530185] alloc_cross_bitmap: preallocate 268435456 pg, nr_longs=4194304 in 8 millisec
[ 8933.530240] alloc_cross_bitmap: preallocate 268435456 pg, nr_longs=4194304 in 4 millisec
[ 8933.530395] alloc_cross_bitmap: preallocate 268435456 pg, nr_longs=4194304 in 12 millisec
[ 8933.530827] alloc_cross_bitmap: preallocate 268435456 pg, nr_longs=4194304 in 8 millisec
[ 8933.531286] alloc_cross_bitmap: preallocate 268435456 pg, nr_longs=4194304 in 8 millisec
[ 8933.531817] alloc_cross_bitmap: preallocate 268435456 pg, nr_longs=4194304 in 8 millisec
[ 8933.531852] alloc_cross_bitmap: preallocate 268435456 pg, nr_longs=4194304 in 8 millisec
[ 8933.534113] alloc_cross_bitmap: preallocate 268435456 pg, nr_longs=4194304 in 4 millisec
[ 8933.534372] alloc_cross_bitmap: preallocate 268435456 pg, nr_longs=4194304 in 8 millisec
[ 8933.534502] alloc_cross_bitmap: preallocate 268435456 pg, nr_longs=4194304 in 8 millisec
[ 8933.535517] alloc_cross_bitmap: preallocate 268435456 pg, nr_longs=4194304 in 8 millisec
[ 8933.547359] alloc_cross_bitmap: preallocate 268435456 pg, nr_longs=4194304 in 4 millisec
[ 8933.548834] alloc_cross_bitmap: preallocate 268435456 pg, nr_longs=4194304 in 4 millisec
[ 8933.550955] alloc_cross_bitmap: preallocate 268435456 pg, nr_longs=4194304 in 8 millisec
[ 8933.551281] alloc_cross_bitmap: preallocate 268435456 pg, nr_longs=4194304 in 8 millisec
[ 8933.551636] alloc_cross_bitmap: preallocate 268435456 pg, nr_longs=4194304 in 8 millisec
[ 8933.551746] alloc_cross_bitmap: preallocate 268435456 pg, nr_longs=4194304 in 8 millisec
[ 8933.579658] FinalTaskReport: db_bench:47273 - ra_orig_nr_pages:0, ra_final_nr_pages:0
                                        async_pages:1032, final_async_pages:2207
                                        full_pfetches:0, less256_pfetches:0, partial_pfetches:0
                                        failed_pfetches:0, total_pfetches:0, os_pfetches:94
                                        nr_pages_read:2100, nr_pages_hit:1099, nr_do_read_fault:167
[ 8933.770395] write_proc: Value of write = 0
[ 8933.770409] __do_sys_start_cross_trace: PRINT_GLOBAL_STATS 
[ 8933.770410] Final GlobalReport: nr_pages_read:13201529138, nr_pages_hit:12915898467, nr_do_read_fault:6902749, nr_pages_miss:103874646
[ 8933.770450] FinalTaskReport: time:47264 - ra_orig_nr_pages:0, ra_final_nr_pages:0
                                        async_pages:0, final_async_pages:25
                                        full_pfetches:0, less256_pfetches:0, partial_pfetches:0
                                        failed_pfetches:0, total_pfetches:0, os_pfetches:1
                                        nr_pages_read:0, nr_pages_hit:0, nr_do_read_fault:18
